[Appium] Welcome to Appium v1.8.1
[Appium] Non-default server args:
[Appium]   port: 54601
[Appium]   loglevel: info
[Appium]   chromeDriverPort: 54602
[Appium]   tmpDir: /var/folders/ts/p6rxgpw53_d96xw60slkng7m0000gn/T//Katalon/Appium/Temp1562578997139
[Appium] Appium REST http interface listener started on 0.0.0.0:54601
[HTTP] --> GET /wd/hub/status
[HTTP] {}
[HTTP] <-- GET /wd/hub/status 200 24 ms - 83
[HTTP] 
[HTTP] --> POST /wd/hub/session
[HTTP] {"desiredCapabilities":{"app":"/Users/ustore/Downloads/Development.apk","autoGrantPermissions":true,"automationName":"uiautomator2","deviceName":"emulator-5554 (Android SDK built for x86 - Android 9)","fullReset":true,"newCommandTimeout":1800,"noReset":false,"platform":"ANDROID","platformName":"Android","udid":"emulator-5554"},"capabilities":{"desiredCapabilities":{"app":"/Users/ustore/Downloads/Development.apk","autoGrantPermissions":true,"automationName":"uiautomator2","deviceName":"emulator-5554 (Android SDK built for x86 - Android 9)","fullReset":true,"newCommandTimeout":1800,"noReset":false,"platform":"ANDROID","platformName":"Android","udid":"emulator-5554"},"firstMatch":[{"platformName":"android"}]}}
[Appium] Could not parse W3C capabilities: 'deviceName' can't be blank. Falling back to JSONWP protocol.
[Appium] The following capabilities were provided in the JSONWP desired capabilities that are missing in W3C capabilities: ["app","autoGrantPermissions","automationName","deviceName","fullReset","newCommandTimeout","noReset","platform","platformName","udid"]. Falling back to JSONWP protocol.
[Appium] Creating new AndroidUiautomator2Driver (v1.12.0) session
[Appium] Capabilities:
[Appium]   app: /Users/ustore/Downloads/Development.apk
[Appium]   autoGrantPermissions: true
[Appium]   automationName: uiautomator2
[Appium]   deviceName: emulator-5554 (Android SDK built for x86 - Android 9)
[Appium]   fullReset: true
[Appium]   newCommandTimeout: 1800
[Appium]   noReset: false
[Appium]   platform: ANDROID
[Appium]   platformName: Android
[Appium]   udid: emulator-5554
[BaseDriver] The following capabilities were provided, but are not recognized by appium: platform.
[BaseDriver] Session created with session id: fde78a5f-145c-40e0-b958-2b049e02b57e
[BaseDriver] Using local app '/Users/ustore/Downloads/Development.apk'
[AndroidDriver] Java version is: 1.8.0_181
[ADB] Checking whether adb is present
[ADB] Found 1 'build-tools' folders under '/Users/ustore/.katalon/tools/android_sdk' (newest first):
[ADB]     /Users/ustore/.katalon/tools/android_sdk/build-tools/28.0.3
[ADB] Using adb from /Users/ustore/.katalon/tools/android_sdk/platform-tools/adb
[AndroidDriver] Retrieving device list
[AndroidDriver] Using device: emulator-5554
[ADB] Using the alternative activity name detection method because of: Could not find apkanalyzer in /Users/ustore/.katalon/tools/android_sdk/platform-tools/apkanalyzer,/Users/ustore/.katalon/tools/android_sdk/emulator/apkanalyzer,/Users/ustore/.katalon/tools/android_sdk/tools/apkanalyzer,/Users/ustore/.katalon/tools/android_sdk/tools/bin/apkanalyzer,/Users/ustore/.katalon/tools/android_sdk/build-tools/28.0.3/apkanalyzer. Do you have the Android SDK installed at '/Users/ustore/.katalon/tools/android_sdk'?
[ADB] Checking whether aapt is present
[ADB] Using aapt from /Users/ustore/.katalon/tools/android_sdk/build-tools/28.0.3/aapt
[ADB] Extracting package and launch activity from manifest
[ADB] Package name: 'id.co.fundtastic.client'
[ADB] Main activity name: 'id.co.fundtastic.client.splash.presentation.SplashActivity'
[ADB] Getting device platform version
[ADB] Using apksigner from /Users/ustore/.katalon/tools/android_sdk/build-tools/28.0.3/apksigner
[ADB] Cannot read version codes of '/usr/local/lib/node_modules/appium/node_modules/appium-uiautomator2-server/apks/appium-uiautomator2-server-debug-androidTest.apk' and/or 'io.appium.uiautomator2.server.test'
[ADB] Cannot read version names of '/usr/local/lib/node_modules/appium/node_modules/appium-uiautomator2-server/apks/appium-uiautomator2-server-debug-androidTest.apk' and/or 'io.appium.uiautomator2.server.test'. Assuming correct app version is already installed
[AndroidDriver] setDeviceLanguageCountry requires language or country.
[AndroidDriver] Got language: 'null' and country: 'null'
[ADB] Successfully extracted 194 strings from '/Users/ustore/Downloads/Development.apk' resources for '(default)' configuration
[ADB] id.co.fundtastic.client was not uninstalled, because it was not present on the device
[UiAutomator2] Starting uiautomator2 server 1.12.0
[UiAutomator2] Using UIAutomator2 server from '/usr/local/lib/node_modules/appium/node_modules/appium-uiautomator2-server/apks/appium-uiautomator2-server-v1.12.0.apk' and test from '/usr/local/lib/node_modules/appium/node_modules/appium-uiautomator2-server/apks/appium-uiautomator2-server-debug-androidTest.apk'
[UiAutomator2] Running command: 'adb -s emulator-5554 shell am instrument -w io.appium.uiautomator2.server.test/android.support.test.runner.AndroidJUnitRunner'
[UiAutomator2] Waiting up to 20000ms for UiAutomator2 to be online...
[AndroidDriver] Screen already unlocked, doing nothing
[UiAutomator2] UiAutomator2 did not start the activity we were waiting for, 'id.co.fundtastic.client/id.co.fundtastic.client.splash.presentation.SplashActivity'. Starting it ourselves
[Appium] New AndroidUiautomator2Driver session created successfully, session fde78a5f-145c-40e0-b958-2b049e02b57e added to master session list
[HTTP] <-- POST /wd/hub/session 200 22210 ms - 1167
[HTTP] 
[HTTP] --> GET /wd/hub/status
[HTTP] {}
[HTTP] <-- GET /wd/hub/status 200 34 ms - 55
[HTTP] 
[HTTP] --> POST /wd/hub/session/fde78a5f-145c-40e0-b958-2b049e02b57e/timeouts
[HTTP] {"type":"implicit","ms":30000}
[HTTP] <-- POST /wd/hub/session/fde78a5f-145c-40e0-b958-2b049e02b57e/timeouts 400 32 ms - 4196
[HTTP] 
[HTTP] --> GET /wd/hub/session/fde78a5f-145c-40e0-b958-2b049e02b57e/window/current/size
[HTTP] {}
[W3C] Driver proxy active, passing request on via HTTP proxy
[JSONWP Proxy] Replacing sessionId 7a865823-e809-4d75-a866-0995ad2ebb64 with fde78a5f-145c-40e0-b958-2b049e02b57e
[HTTP] <-- GET /wd/hub/session/fde78a5f-145c-40e0-b958-2b049e02b57e/window/current/size 200 69 ms - 100
[HTTP] 
[HTTP] --> POST /wd/hub/session/fde78a5f-145c-40e0-b958-2b049e02b57e/elements
[HTTP] {"using":"-android uiautomator","value":"new UiSelector().className(\"android.widget.TextView\").text(\"Mulailah berinvestasi untuk meraih mimpimu\").instance(0)"}
[HTTP] <-- POST /wd/hub/session/fde78a5f-145c-40e0-b958-2b049e02b57e/elements 200 133 ms - 74
[HTTP] 
[HTTP] --> POST /wd/hub/session/fde78a5f-145c-40e0-b958-2b049e02b57e/elements
[HTTP] {"using":"-android uiautomator","value":"new UiSelector().className(\"android.widget.TextView\").text(\"Mulailah berinvestasi untuk meraih mimpimu\").instance(0)"}
[HTTP] <-- POST /wd/hub/session/fde78a5f-145c-40e0-b958-2b049e02b57e/elements 200 218 ms - 74
[HTTP] 
[HTTP] --> POST /wd/hub/session/fde78a5f-145c-40e0-b958-2b049e02b57e/elements
[HTTP] {"using":"-android uiautomator","value":"new UiSelector().className(\"android.widget.TextView\").text(\"Mulailah berinvestasi untuk meraih mimpimu\").instance(0)"}
[HTTP] <-- POST /wd/hub/session/fde78a5f-145c-40e0-b958-2b049e02b57e/elements 200 121 ms - 74
[HTTP] 
[HTTP] --> POST /wd/hub/session/fde78a5f-145c-40e0-b958-2b049e02b57e/elements
[HTTP] {"using":"-android uiautomator","value":"new UiSelector().className(\"android.widget.TextView\").text(\"Mulailah berinvestasi untuk meraih mimpimu\").instance(0)"}
[HTTP] <-- POST /wd/hub/session/fde78a5f-145c-40e0-b958-2b049e02b57e/elements 200 178 ms - 74
[HTTP] 
[HTTP] --> POST /wd/hub/session/fde78a5f-145c-40e0-b958-2b049e02b57e/elements
[HTTP] {"using":"-android uiautomator","value":"new UiSelector().className(\"android.widget.TextView\").text(\"Mulailah berinvestasi untuk meraih mimpimu\").instance(0)"}
[HTTP] <-- POST /wd/hub/session/fde78a5f-145c-40e0-b958-2b049e02b57e/elements 200 2265 ms - 74
[HTTP] 
[HTTP] --> POST /wd/hub/session/fde78a5f-145c-40e0-b958-2b049e02b57e/elements
[HTTP] {"using":"-android uiautomator","value":"new UiSelector().className(\"android.widget.TextView\").text(\"Mulailah berinvestasi untuk meraih mimpimu\").instance(0)"}
[HTTP] <-- POST /wd/hub/session/fde78a5f-145c-40e0-b958-2b049e02b57e/elements 200 1565 ms - 74
[HTTP] 
[HTTP] --> POST /wd/hub/session/fde78a5f-145c-40e0-b958-2b049e02b57e/elements
[HTTP] {"using":"-android uiautomator","value":"new UiSelector().className(\"android.widget.TextView\").text(\"Mulailah berinvestasi untuk meraih mimpimu\").instance(0)"}
[HTTP] <-- POST /wd/hub/session/fde78a5f-145c-40e0-b958-2b049e02b57e/elements 200 2335 ms - 124
[HTTP] 
[HTTP] --> GET /wd/hub/session/fde78a5f-145c-40e0-b958-2b049e02b57e
[HTTP] {}
[HTTP] <-- GET /wd/hub/session/fde78a5f-145c-40e0-b958-2b049e02b57e 200 201 ms - 1167
[HTTP] 
[HTTP] --> GET /wd/hub/session/fde78a5f-145c-40e0-b958-2b049e02b57e
[HTTP] {}
[HTTP] <-- GET /wd/hub/session/fde78a5f-145c-40e0-b958-2b049e02b57e 200 75 ms - 1167
[HTTP] 
[HTTP] --> GET /wd/hub/session/fde78a5f-145c-40e0-b958-2b049e02b57e
[HTTP] {}
[HTTP] <-- GET /wd/hub/session/fde78a5f-145c-40e0-b958-2b049e02b57e 200 46 ms - 1167
[HTTP] 
[HTTP] --> GET /wd/hub/session/fde78a5f-145c-40e0-b958-2b049e02b57e
[HTTP] {}
[HTTP] <-- GET /wd/hub/session/fde78a5f-145c-40e0-b958-2b049e02b57e 200 24 ms - 1167
[HTTP] 
[HTTP] --> GET /wd/hub/session/fde78a5f-145c-40e0-b958-2b049e02b57e/element/0062e580-0a32-431b-96ff-45032d63563e/location
[HTTP] {}
[W3C] Driver proxy active, passing request on via HTTP proxy
[JSONWP Proxy] Replacing sessionId 7a865823-e809-4d75-a866-0995ad2ebb64 with fde78a5f-145c-40e0-b958-2b049e02b57e
[HTTP] <-- GET /wd/hub/session/fde78a5f-145c-40e0-b958-2b049e02b57e/element/0062e580-0a32-431b-96ff-45032d63563e/location 200 660 ms - 88
[HTTP] 
[HTTP] --> GET /wd/hub/session/fde78a5f-145c-40e0-b958-2b049e02b57e/element/0062e580-0a32-431b-96ff-45032d63563e/text
[HTTP] {}
[W3C] Driver proxy active, passing request on via HTTP proxy
[JSONWP Proxy] Replacing sessionId 7a865823-e809-4d75-a866-0995ad2ebb64 with fde78a5f-145c-40e0-b958-2b049e02b57e
[HTTP] <-- GET /wd/hub/session/fde78a5f-145c-40e0-b958-2b049e02b57e/element/0062e580-0a32-431b-96ff-45032d63563e/text 200 730 ms - 116
[HTTP] 
[HTTP] --> GET /wd/hub/session/fde78a5f-145c-40e0-b958-2b049e02b57e/window/current/size
[HTTP] {}
[W3C] Driver proxy active, passing request on via HTTP proxy
[JSONWP Proxy] Replacing sessionId 7a865823-e809-4d75-a866-0995ad2ebb64 with fde78a5f-145c-40e0-b958-2b049e02b57e
[HTTP] <-- GET /wd/hub/session/fde78a5f-145c-40e0-b958-2b049e02b57e/window/current/size 200 52 ms - 100
[HTTP] 
[HTTP] --> POST /wd/hub/session/fde78a5f-145c-40e0-b958-2b049e02b57e/elements
[HTTP] {"using":"-android uiautomator","value":"new UiSelector().className(\"android.widget.ImageView\").resourceId(\"id.co.fundtastic.client:id/checklist\").instance(6)"}
[HTTP] <-- POST /wd/hub/session/fde78a5f-145c-40e0-b958-2b049e02b57e/elements 200 296 ms - 124
[HTTP] 
[HTTP] --> GET /wd/hub/session/fde78a5f-145c-40e0-b958-2b049e02b57e
[HTTP] {}
[HTTP] <-- GET /wd/hub/session/fde78a5f-145c-40e0-b958-2b049e02b57e 200 72 ms - 1167
[HTTP] 
[HTTP] --> GET /wd/hub/session/fde78a5f-145c-40e0-b958-2b049e02b57e
[HTTP] {}
[HTTP] <-- GET /wd/hub/session/fde78a5f-145c-40e0-b958-2b049e02b57e 200 46 ms - 1167
[HTTP] 
[HTTP] --> GET /wd/hub/session/fde78a5f-145c-40e0-b958-2b049e02b57e
[HTTP] {}
[HTTP] <-- GET /wd/hub/session/fde78a5f-145c-40e0-b958-2b049e02b57e 200 33 ms - 1167
[HTTP] 
[HTTP] --> GET /wd/hub/session/fde78a5f-145c-40e0-b958-2b049e02b57e
[HTTP] {}
[HTTP] <-- GET /wd/hub/session/fde78a5f-145c-40e0-b958-2b049e02b57e 200 26 ms - 1167
[HTTP] 
[HTTP] --> GET /wd/hub/session/fde78a5f-145c-40e0-b958-2b049e02b57e/element/3d8ea86f-9cdb-4f7f-88c9-aa32249134e7/location
[HTTP] {}
[W3C] Driver proxy active, passing request on via HTTP proxy
[JSONWP Proxy] Replacing sessionId 7a865823-e809-4d75-a866-0995ad2ebb64 with fde78a5f-145c-40e0-b958-2b049e02b57e
[HTTP] <-- GET /wd/hub/session/fde78a5f-145c-40e0-b958-2b049e02b57e/element/3d8ea86f-9cdb-4f7f-88c9-aa32249134e7/location 200 1112 ms - 90
[HTTP] 
[HTTP] --> POST /wd/hub/session/fde78a5f-145c-40e0-b958-2b049e02b57e/touch/perform
[HTTP] {"actions":[{"action":"tap","options":{"element":"3d8ea86f-9cdb-4f7f-88c9-aa32249134e7","x":1,"y":1}}]}
[UiAutomator2] calling get location: 3d8ea86f-9cdb-4f7f-88c9-aa32249134e7
[HTTP] <-- POST /wd/hub/session/fde78a5f-145c-40e0-b958-2b049e02b57e/touch/perform 200 851 ms - 76
[HTTP] 
[HTTP] --> GET /wd/hub/session/fde78a5f-145c-40e0-b958-2b049e02b57e/window/current/size
[HTTP] {}
[W3C] Driver proxy active, passing request on via HTTP proxy
[JSONWP Proxy] Replacing sessionId 7a865823-e809-4d75-a866-0995ad2ebb64 with fde78a5f-145c-40e0-b958-2b049e02b57e
[HTTP] <-- GET /wd/hub/session/fde78a5f-145c-40e0-b958-2b049e02b57e/window/current/size 200 42 ms - 100
[HTTP] 
[HTTP] --> POST /wd/hub/session/fde78a5f-145c-40e0-b958-2b049e02b57e/elements
[HTTP] {"using":"-android uiautomator","value":"new UiSelector().className(\"android.widget.LinearLayout\").instance(4)"}
[HTTP] <-- POST /wd/hub/session/fde78a5f-145c-40e0-b958-2b049e02b57e/elements 200 65 ms - 124
[HTTP] 
[HTTP] --> GET /wd/hub/session/fde78a5f-145c-40e0-b958-2b049e02b57e
[HTTP] {}
[HTTP] <-- GET /wd/hub/session/fde78a5f-145c-40e0-b958-2b049e02b57e 200 20 ms - 1167
[HTTP] 
[HTTP] --> GET /wd/hub/session/fde78a5f-145c-40e0-b958-2b049e02b57e
[HTTP] {}
[HTTP] <-- GET /wd/hub/session/fde78a5f-145c-40e0-b958-2b049e02b57e 200 24 ms - 1167
[HTTP] 
[HTTP] --> GET /wd/hub/session/fde78a5f-145c-40e0-b958-2b049e02b57e
[HTTP] {}
[HTTP] <-- GET /wd/hub/session/fde78a5f-145c-40e0-b958-2b049e02b57e 200 21 ms - 1167
[HTTP] 
[HTTP] --> GET /wd/hub/session/fde78a5f-145c-40e0-b958-2b049e02b57e
[HTTP] {}
[HTTP] <-- GET /wd/hub/session/fde78a5f-145c-40e0-b958-2b049e02b57e 200 17 ms - 1167
[HTTP] 
[HTTP] --> GET /wd/hub/session/fde78a5f-145c-40e0-b958-2b049e02b57e/element/5d3c5755-0b00-41a8-883e-9c492bee4a7b/location
[HTTP] {}
[W3C] Driver proxy active, passing request on via HTTP proxy
[JSONWP Proxy] Replacing sessionId 7a865823-e809-4d75-a866-0995ad2ebb64 with fde78a5f-145c-40e0-b958-2b049e02b57e
[HTTP] <-- GET /wd/hub/session/fde78a5f-145c-40e0-b958-2b049e02b57e/element/5d3c5755-0b00-41a8-883e-9c492bee4a7b/location 200 33 ms - 87
[HTTP] 
[HTTP] --> POST /wd/hub/session/fde78a5f-145c-40e0-b958-2b049e02b57e/touch/perform
[HTTP] {"actions":[{"action":"tap","options":{"element":"5d3c5755-0b00-41a8-883e-9c492bee4a7b","x":1,"y":1}}]}
[UiAutomator2] calling get location: 5d3c5755-0b00-41a8-883e-9c492bee4a7b
[HTTP] <-- POST /wd/hub/session/fde78a5f-145c-40e0-b958-2b049e02b57e/touch/perform 200 803 ms - 76
[HTTP] 
[HTTP] --> GET /wd/hub/session/fde78a5f-145c-40e0-b958-2b049e02b57e/context
[HTTP] {}
[HTTP] <-- GET /wd/hub/session/fde78a5f-145c-40e0-b958-2b049e02b57e/context 200 3 ms - 84
[HTTP] 
[HTTP] --> GET /wd/hub/session/fde78a5f-145c-40e0-b958-2b049e02b57e/contexts
[HTTP] {}
[HTTP] <-- GET /wd/hub/session/fde78a5f-145c-40e0-b958-2b049e02b57e/contexts 200 62 ms - 127
[HTTP] 
[HTTP] --> POST /wd/hub/session/fde78a5f-145c-40e0-b958-2b049e02b57e/context
[HTTP] {"name":"NATIVE_APP"}
[HTTP] <-- POST /wd/hub/session/fde78a5f-145c-40e0-b958-2b049e02b57e/context 200 114 ms - 76
[HTTP] 
[HTTP] --> POST /wd/hub/session/fde78a5f-145c-40e0-b958-2b049e02b57e/touch/perform
[HTTP] {"actions":[{"action":"press","options":{"x":800,"y":1000}},{"action":"wait","options":{"ms":500}},{"action":"moveTo","options":{"x":10,"y":800}}]}
[HTTP] <-- POST /wd/hub/session/fde78a5f-145c-40e0-b958-2b049e02b57e/touch/perform 200 2083 ms - 76
[HTTP] 
[HTTP] --> POST /wd/hub/session/fde78a5f-145c-40e0-b958-2b049e02b57e/context
[HTTP] {"name":"NATIVE_APP"}
[HTTP] <-- POST /wd/hub/session/fde78a5f-145c-40e0-b958-2b049e02b57e/context 200 35 ms - 76
[HTTP] 
[HTTP] --> GET /wd/hub/session/fde78a5f-145c-40e0-b958-2b049e02b57e/window/current/size
[HTTP] {}
[W3C] Driver proxy active, passing request on via HTTP proxy
[JSONWP Proxy] Replacing sessionId 7a865823-e809-4d75-a866-0995ad2ebb64 with fde78a5f-145c-40e0-b958-2b049e02b57e
[HTTP] <-- GET /wd/hub/session/fde78a5f-145c-40e0-b958-2b049e02b57e/window/current/size 200 22 ms - 100
[HTTP] 
[HTTP] --> POST /wd/hub/session/fde78a5f-145c-40e0-b958-2b049e02b57e/elements
[HTTP] {"using":"-android uiautomator","value":"new UiSelector().className(\"android.widget.LinearLayout\").instance(4)"}
[HTTP] <-- POST /wd/hub/session/fde78a5f-145c-40e0-b958-2b049e02b57e/elements 200 71 ms - 124
[HTTP] 
[HTTP] --> GET /wd/hub/session/fde78a5f-145c-40e0-b958-2b049e02b57e
[HTTP] {}
[HTTP] <-- GET /wd/hub/session/fde78a5f-145c-40e0-b958-2b049e02b57e 200 31 ms - 1284
[HTTP] 
[HTTP] --> GET /wd/hub/session/fde78a5f-145c-40e0-b958-2b049e02b57e
[HTTP] {}
[HTTP] <-- GET /wd/hub/session/fde78a5f-145c-40e0-b958-2b049e02b57e 200 19 ms - 1284
[HTTP] 
[HTTP] --> GET /wd/hub/session/fde78a5f-145c-40e0-b958-2b049e02b57e
[HTTP] {}
[HTTP] <-- GET /wd/hub/session/fde78a5f-145c-40e0-b958-2b049e02b57e 200 20 ms - 1284
[HTTP] 
[HTTP] --> GET /wd/hub/session/fde78a5f-145c-40e0-b958-2b049e02b57e
[HTTP] {}
[HTTP] <-- GET /wd/hub/session/fde78a5f-145c-40e0-b958-2b049e02b57e 200 21 ms - 1284
[HTTP] 
[HTTP] --> GET /wd/hub/session/fde78a5f-145c-40e0-b958-2b049e02b57e/element/02af9be5-b83d-4074-8b6c-65cda2533dd4/location
[HTTP] {}
[W3C] Driver proxy active, passing request on via HTTP proxy
[JSONWP Proxy] Replacing sessionId 7a865823-e809-4d75-a866-0995ad2ebb64 with fde78a5f-145c-40e0-b958-2b049e02b57e
[HTTP] <-- GET /wd/hub/session/fde78a5f-145c-40e0-b958-2b049e02b57e/element/02af9be5-b83d-4074-8b6c-65cda2533dd4/location 200 34 ms - 87
[HTTP] 
[HTTP] --> POST /wd/hub/session/fde78a5f-145c-40e0-b958-2b049e02b57e/touch/perform
[HTTP] {"actions":[{"action":"tap","options":{"element":"02af9be5-b83d-4074-8b6c-65cda2533dd4","x":1,"y":1}}]}
[UiAutomator2] calling get location: 02af9be5-b83d-4074-8b6c-65cda2533dd4
[HTTP] <-- POST /wd/hub/session/fde78a5f-145c-40e0-b958-2b049e02b57e/touch/perform 200 1145 ms - 76
[HTTP] 
[HTTP] --> GET /wd/hub/session/fde78a5f-145c-40e0-b958-2b049e02b57e/context
[HTTP] {}
[HTTP] <-- GET /wd/hub/session/fde78a5f-145c-40e0-b958-2b049e02b57e/context 200 3 ms - 84
[HTTP] 
[HTTP] --> GET /wd/hub/session/fde78a5f-145c-40e0-b958-2b049e02b57e/contexts
[HTTP] {}
[HTTP] <-- GET /wd/hub/session/fde78a5f-145c-40e0-b958-2b049e02b57e/contexts 200 37 ms - 127
[HTTP] 
[HTTP] --> POST /wd/hub/session/fde78a5f-145c-40e0-b958-2b049e02b57e/context
[HTTP] {"name":"NATIVE_APP"}
[HTTP] <-- POST /wd/hub/session/fde78a5f-145c-40e0-b958-2b049e02b57e/context 200 38 ms - 76
[HTTP] 
[HTTP] --> POST /wd/hub/session/fde78a5f-145c-40e0-b958-2b049e02b57e/touch/perform
[HTTP] {"actions":[{"action":"press","options":{"x":800,"y":1000}},{"action":"wait","options":{"ms":500}},{"action":"moveTo","options":{"x":10,"y":800}}]}
[HTTP] <-- POST /wd/hub/session/fde78a5f-145c-40e0-b958-2b049e02b57e/touch/perform 200 2076 ms - 76
[HTTP] 
[HTTP] --> POST /wd/hub/session/fde78a5f-145c-40e0-b958-2b049e02b57e/context
[HTTP] {"name":"NATIVE_APP"}
[HTTP] <-- POST /wd/hub/session/fde78a5f-145c-40e0-b958-2b049e02b57e/context 200 38 ms - 76
[HTTP] 
[HTTP] --> GET /wd/hub/session/fde78a5f-145c-40e0-b958-2b049e02b57e/window/current/size
[HTTP] {}
[W3C] Driver proxy active, passing request on via HTTP proxy
[JSONWP Proxy] Replacing sessionId 7a865823-e809-4d75-a866-0995ad2ebb64 with fde78a5f-145c-40e0-b958-2b049e02b57e
[HTTP] <-- GET /wd/hub/session/fde78a5f-145c-40e0-b958-2b049e02b57e/window/current/size 200 20 ms - 100
[HTTP] 
[HTTP] --> POST /wd/hub/session/fde78a5f-145c-40e0-b958-2b049e02b57e/elements
[HTTP] {"using":"-android uiautomator","value":"new UiSelector().className(\"android.widget.LinearLayout\").instance(4)"}
[HTTP] <-- POST /wd/hub/session/fde78a5f-145c-40e0-b958-2b049e02b57e/elements 200 150 ms - 124
[HTTP] 
[HTTP] --> GET /wd/hub/session/fde78a5f-145c-40e0-b958-2b049e02b57e
[HTTP] {}
[HTTP] <-- GET /wd/hub/session/fde78a5f-145c-40e0-b958-2b049e02b57e 200 30 ms - 1284
[HTTP] 
[HTTP] --> GET /wd/hub/session/fde78a5f-145c-40e0-b958-2b049e02b57e
[HTTP] {}
[HTTP] <-- GET /wd/hub/session/fde78a5f-145c-40e0-b958-2b049e02b57e 200 22 ms - 1284
[HTTP] 
[HTTP] --> GET /wd/hub/session/fde78a5f-145c-40e0-b958-2b049e02b57e
[HTTP] {}
[HTTP] <-- GET /wd/hub/session/fde78a5f-145c-40e0-b958-2b049e02b57e 200 19 ms - 1284
[HTTP] 
[HTTP] --> GET /wd/hub/session/fde78a5f-145c-40e0-b958-2b049e02b57e
[HTTP] {}
[HTTP] <-- GET /wd/hub/session/fde78a5f-145c-40e0-b958-2b049e02b57e 200 20 ms - 1284
[HTTP] 
[HTTP] --> GET /wd/hub/session/fde78a5f-145c-40e0-b958-2b049e02b57e/element/89cb41a1-7c98-4979-b315-0211f349ea82/location
[HTTP] {}
[W3C] Driver proxy active, passing request on via HTTP proxy
[JSONWP Proxy] Replacing sessionId 7a865823-e809-4d75-a866-0995ad2ebb64 with fde78a5f-145c-40e0-b958-2b049e02b57e
[HTTP] <-- GET /wd/hub/session/fde78a5f-145c-40e0-b958-2b049e02b57e/element/89cb41a1-7c98-4979-b315-0211f349ea82/location 200 30 ms - 87
[HTTP] 
[HTTP] --> POST /wd/hub/session/fde78a5f-145c-40e0-b958-2b049e02b57e/touch/perform
[HTTP] {"actions":[{"action":"tap","options":{"element":"89cb41a1-7c98-4979-b315-0211f349ea82","x":1,"y":1}}]}
[UiAutomator2] calling get location: 89cb41a1-7c98-4979-b315-0211f349ea82
[HTTP] <-- POST /wd/hub/session/fde78a5f-145c-40e0-b958-2b049e02b57e/touch/perform 200 1142 ms - 76
[HTTP] 
[HTTP] --> GET /wd/hub/session/fde78a5f-145c-40e0-b958-2b049e02b57e/context
[HTTP] {}
[HTTP] <-- GET /wd/hub/session/fde78a5f-145c-40e0-b958-2b049e02b57e/context 200 3 ms - 84
[HTTP] 
[HTTP] --> GET /wd/hub/session/fde78a5f-145c-40e0-b958-2b049e02b57e/contexts
[HTTP] {}
[HTTP] <-- GET /wd/hub/session/fde78a5f-145c-40e0-b958-2b049e02b57e/contexts 200 44 ms - 127
[HTTP] 
[HTTP] --> POST /wd/hub/session/fde78a5f-145c-40e0-b958-2b049e02b57e/context
[HTTP] {"name":"NATIVE_APP"}
[HTTP] <-- POST /wd/hub/session/fde78a5f-145c-40e0-b958-2b049e02b57e/context 200 39 ms - 76
[HTTP] 
[HTTP] --> POST /wd/hub/session/fde78a5f-145c-40e0-b958-2b049e02b57e/touch/perform
[HTTP] {"actions":[{"action":"press","options":{"x":800,"y":1000}},{"action":"wait","options":{"ms":500}},{"action":"moveTo","options":{"x":10,"y":800}}]}
[HTTP] <-- POST /wd/hub/session/fde78a5f-145c-40e0-b958-2b049e02b57e/touch/perform 200 2075 ms - 76
[HTTP] 
[HTTP] --> POST /wd/hub/session/fde78a5f-145c-40e0-b958-2b049e02b57e/context
[HTTP] {"name":"NATIVE_APP"}
[HTTP] <-- POST /wd/hub/session/fde78a5f-145c-40e0-b958-2b049e02b57e/context 200 93 ms - 76
[HTTP] 
[HTTP] --> GET /wd/hub/session/fde78a5f-145c-40e0-b958-2b049e02b57e/window/current/size
[HTTP] {}
[W3C] Driver proxy active, passing request on via HTTP proxy
[JSONWP Proxy] Replacing sessionId 7a865823-e809-4d75-a866-0995ad2ebb64 with fde78a5f-145c-40e0-b958-2b049e02b57e
[HTTP] <-- GET /wd/hub/session/fde78a5f-145c-40e0-b958-2b049e02b57e/window/current/size 200 88 ms - 100
[HTTP] 
[HTTP] --> POST /wd/hub/session/fde78a5f-145c-40e0-b958-2b049e02b57e/elements
[HTTP] {"using":"-android uiautomator","value":"new UiSelector().className(\"android.widget.LinearLayout\").instance(4)"}
[HTTP] <-- POST /wd/hub/session/fde78a5f-145c-40e0-b958-2b049e02b57e/elements 200 166 ms - 124
[HTTP] 
[HTTP] --> GET /wd/hub/session/fde78a5f-145c-40e0-b958-2b049e02b57e
[HTTP] {}
[HTTP] <-- GET /wd/hub/session/fde78a5f-145c-40e0-b958-2b049e02b57e 200 101 ms - 1167
[HTTP] 
[HTTP] --> GET /wd/hub/session/fde78a5f-145c-40e0-b958-2b049e02b57e
[HTTP] {}
[HTTP] <-- GET /wd/hub/session/fde78a5f-145c-40e0-b958-2b049e02b57e 200 106 ms - 1167
[HTTP] 
[HTTP] --> GET /wd/hub/session/fde78a5f-145c-40e0-b958-2b049e02b57e
[HTTP] {}
[HTTP] <-- GET /wd/hub/session/fde78a5f-145c-40e0-b958-2b049e02b57e 200 79 ms - 1167
[HTTP] 
[HTTP] --> GET /wd/hub/session/fde78a5f-145c-40e0-b958-2b049e02b57e
[HTTP] {}
[HTTP] <-- GET /wd/hub/session/fde78a5f-145c-40e0-b958-2b049e02b57e 200 70 ms - 1167
[HTTP] 
[HTTP] --> GET /wd/hub/session/fde78a5f-145c-40e0-b958-2b049e02b57e/element/a5173cba-c083-4201-9d06-b3136840737d/location
[HTTP] {}
[W3C] Driver proxy active, passing request on via HTTP proxy
[JSONWP Proxy] Replacing sessionId 7a865823-e809-4d75-a866-0995ad2ebb64 with fde78a5f-145c-40e0-b958-2b049e02b57e
[HTTP] <-- GET /wd/hub/session/fde78a5f-145c-40e0-b958-2b049e02b57e/element/a5173cba-c083-4201-9d06-b3136840737d/location 200 90 ms - 88
[HTTP] 
[HTTP] --> POST /wd/hub/session/fde78a5f-145c-40e0-b958-2b049e02b57e/touch/perform
[HTTP] {"actions":[{"action":"tap","options":{"element":"a5173cba-c083-4201-9d06-b3136840737d","x":1,"y":1}}]}
[UiAutomator2] calling get location: a5173cba-c083-4201-9d06-b3136840737d
[HTTP] <-- POST /wd/hub/session/fde78a5f-145c-40e0-b958-2b049e02b57e/touch/perform 200 3415 ms - 76
[HTTP] 
[HTTP] --> GET /wd/hub/session/fde78a5f-145c-40e0-b958-2b049e02b57e/context
[HTTP] {}
[HTTP] <-- GET /wd/hub/session/fde78a5f-145c-40e0-b958-2b049e02b57e/context 200 4 ms - 84
[HTTP] 
[HTTP] --> GET /wd/hub/session/fde78a5f-145c-40e0-b958-2b049e02b57e/contexts
[HTTP] {}
[HTTP] <-- GET /wd/hub/session/fde78a5f-145c-40e0-b958-2b049e02b57e/contexts 200 47 ms - 127
[HTTP] 
[HTTP] --> POST /wd/hub/session/fde78a5f-145c-40e0-b958-2b049e02b57e/context
[HTTP] {"name":"NATIVE_APP"}
[HTTP] <-- POST /wd/hub/session/fde78a5f-145c-40e0-b958-2b049e02b57e/context 200 41 ms - 76
[HTTP] 
[HTTP] --> POST /wd/hub/session/fde78a5f-145c-40e0-b958-2b049e02b57e/touch/perform
[HTTP] {"actions":[{"action":"press","options":{"x":800,"y":1000}},{"action":"wait","options":{"ms":500}},{"action":"moveTo","options":{"x":10,"y":800}}]}
[HTTP] <-- POST /wd/hub/session/fde78a5f-145c-40e0-b958-2b049e02b57e/touch/perform 200 2131 ms - 76
[HTTP] 
[HTTP] --> POST /wd/hub/session/fde78a5f-145c-40e0-b958-2b049e02b57e/context
[HTTP] {"name":"NATIVE_APP"}
[HTTP] <-- POST /wd/hub/session/fde78a5f-145c-40e0-b958-2b049e02b57e/context 200 151 ms - 76
[HTTP] 
[HTTP] --> GET /wd/hub/session/fde78a5f-145c-40e0-b958-2b049e02b57e/window/current/size
[HTTP] {}
[W3C] Driver proxy active, passing request on via HTTP proxy
[JSONWP Proxy] Replacing sessionId 7a865823-e809-4d75-a866-0995ad2ebb64 with fde78a5f-145c-40e0-b958-2b049e02b57e
[HTTP] <-- GET /wd/hub/session/fde78a5f-145c-40e0-b958-2b049e02b57e/window/current/size 200 75 ms - 100
[HTTP] 
[HTTP] --> POST /wd/hub/session/fde78a5f-145c-40e0-b958-2b049e02b57e/elements
[HTTP] {"using":"-android uiautomator","value":"new UiSelector().className(\"android.widget.EditText\").text(\"No Handphone\").resourceId(\"id.co.fundtastic.client:id/et_phone\").instance(0)"}
[HTTP] <-- POST /wd/hub/session/fde78a5f-145c-40e0-b958-2b049e02b57e/elements 200 276 ms - 124
[HTTP] 
[HTTP] --> GET /wd/hub/session/fde78a5f-145c-40e0-b958-2b049e02b57e
[HTTP] {}
[HTTP] <-- GET /wd/hub/session/fde78a5f-145c-40e0-b958-2b049e02b57e 200 33 ms - 1167
[HTTP] 
[HTTP] --> GET /wd/hub/session/fde78a5f-145c-40e0-b958-2b049e02b57e
[HTTP] {}
[HTTP] <-- GET /wd/hub/session/fde78a5f-145c-40e0-b958-2b049e02b57e 200 57 ms - 1167
[HTTP] 
[HTTP] --> GET /wd/hub/session/fde78a5f-145c-40e0-b958-2b049e02b57e
[HTTP] {}
[HTTP] <-- GET /wd/hub/session/fde78a5f-145c-40e0-b958-2b049e02b57e 200 102 ms - 1167
[HTTP] 
[HTTP] --> GET /wd/hub/session/fde78a5f-145c-40e0-b958-2b049e02b57e
[HTTP] {}
[HTTP] <-- GET /wd/hub/session/fde78a5f-145c-40e0-b958-2b049e02b57e 200 80 ms - 1167
[HTTP] 
[HTTP] --> GET /wd/hub/session/fde78a5f-145c-40e0-b958-2b049e02b57e/element/c6db5581-1270-4d99-a960-f954048db7f3/location
[HTTP] {}
[W3C] Driver proxy active, passing request on via HTTP proxy
[JSONWP Proxy] Replacing sessionId 7a865823-e809-4d75-a866-0995ad2ebb64 with fde78a5f-145c-40e0-b958-2b049e02b57e
[HTTP] <-- GET /wd/hub/session/fde78a5f-145c-40e0-b958-2b049e02b57e/element/c6db5581-1270-4d99-a960-f954048db7f3/location 200 161 ms - 88
[HTTP] 
[HTTP] --> POST /wd/hub/session/fde78a5f-145c-40e0-b958-2b049e02b57e/element/c6db5581-1270-4d99-a960-f954048db7f3/clear
[HTTP] {"id":"c6db5581-1270-4d99-a960-f954048db7f3"}
[HTTP] <-- POST /wd/hub/session/fde78a5f-145c-40e0-b958-2b049e02b57e/element/c6db5581-1270-4d99-a960-f954048db7f3/clear 200 187 ms - 89
[HTTP] 
[HTTP] --> POST /wd/hub/session/fde78a5f-145c-40e0-b958-2b049e02b57e/element/c6db5581-1270-4d99-a960-f954048db7f3/value
[HTTP] {"id":"c6db5581-1270-4d99-a960-f954048db7f3","value":["081215161452"]}
[HTTP] <-- POST /wd/hub/session/fde78a5f-145c-40e0-b958-2b049e02b57e/element/c6db5581-1270-4d99-a960-f954048db7f3/value 200 1195 ms - 74
[HTTP] 
[HTTP] --> GET /wd/hub/session/fde78a5f-145c-40e0-b958-2b049e02b57e/window/current/size
[HTTP] {}
[W3C] Driver proxy active, passing request on via HTTP proxy
[JSONWP Proxy] Replacing sessionId 7a865823-e809-4d75-a866-0995ad2ebb64 with fde78a5f-145c-40e0-b958-2b049e02b57e
[HTTP] <-- GET /wd/hub/session/fde78a5f-145c-40e0-b958-2b049e02b57e/window/current/size 200 25 ms - 100
[HTTP] 
[HTTP] --> POST /wd/hub/session/fde78a5f-145c-40e0-b958-2b049e02b57e/elements
[HTTP] {"using":"-android uiautomator","value":"new UiSelector().className(\"android.widget.Button\").text(\"MASUK\").resourceId(\"id.co.fundtastic.client:id/btnLogin\").instance(0)"}
[HTTP] <-- POST /wd/hub/session/fde78a5f-145c-40e0-b958-2b049e02b57e/elements 200 469 ms - 124
[HTTP] 
[HTTP] --> GET /wd/hub/session/fde78a5f-145c-40e0-b958-2b049e02b57e
[HTTP] {}
[HTTP] <-- GET /wd/hub/session/fde78a5f-145c-40e0-b958-2b049e02b57e 200 20 ms - 1167
[HTTP] 
[HTTP] --> GET /wd/hub/session/fde78a5f-145c-40e0-b958-2b049e02b57e
[HTTP] {}
[HTTP] <-- GET /wd/hub/session/fde78a5f-145c-40e0-b958-2b049e02b57e 200 17 ms - 1167
[HTTP] 
[HTTP] --> GET /wd/hub/session/fde78a5f-145c-40e0-b958-2b049e02b57e
[HTTP] {}
[HTTP] <-- GET /wd/hub/session/fde78a5f-145c-40e0-b958-2b049e02b57e 200 13 ms - 1167
[HTTP] 
[HTTP] --> GET /wd/hub/session/fde78a5f-145c-40e0-b958-2b049e02b57e
[HTTP] {}
[HTTP] <-- GET /wd/hub/session/fde78a5f-145c-40e0-b958-2b049e02b57e 200 19 ms - 1167
[HTTP] 
[HTTP] --> GET /wd/hub/session/fde78a5f-145c-40e0-b958-2b049e02b57e/element/68847158-77d1-46d6-a2b4-605be2744b94/location
[HTTP] {}
[W3C] Driver proxy active, passing request on via HTTP proxy
[JSONWP Proxy] Replacing sessionId 7a865823-e809-4d75-a866-0995ad2ebb64 with fde78a5f-145c-40e0-b958-2b049e02b57e
[HTTP] <-- GET /wd/hub/session/fde78a5f-145c-40e0-b958-2b049e02b57e/element/68847158-77d1-46d6-a2b4-605be2744b94/location 200 30 ms - 88
[HTTP] 
[HTTP] --> POST /wd/hub/session/fde78a5f-145c-40e0-b958-2b049e02b57e/touch/perform
[HTTP] {"actions":[{"action":"tap","options":{"element":"68847158-77d1-46d6-a2b4-605be2744b94","x":1,"y":1}}]}
[UiAutomator2] calling get location: 68847158-77d1-46d6-a2b4-605be2744b94
[HTTP] <-- POST /wd/hub/session/fde78a5f-145c-40e0-b958-2b049e02b57e/touch/perform 200 832 ms - 76
[HTTP] 
[HTTP] --> GET /wd/hub/session/fde78a5f-145c-40e0-b958-2b049e02b57e/window/current/size
[HTTP] {}
[W3C] Driver proxy active, passing request on via HTTP proxy
[JSONWP Proxy] Replacing sessionId 7a865823-e809-4d75-a866-0995ad2ebb64 with fde78a5f-145c-40e0-b958-2b049e02b57e
[HTTP] <-- GET /wd/hub/session/fde78a5f-145c-40e0-b958-2b049e02b57e/window/current/size 200 20 ms - 100
[HTTP] 
[HTTP] --> POST /wd/hub/session/fde78a5f-145c-40e0-b958-2b049e02b57e/elements
[HTTP] {"using":"-android uiautomator","value":"new UiSelector().className(\"android.widget.TextView\").text(\"Verifikasi Nomor HP\").instance(0)"}
[HTTP] <-- POST /wd/hub/session/fde78a5f-145c-40e0-b958-2b049e02b57e/elements 200 320 ms - 124
[HTTP] 
[HTTP] --> GET /wd/hub/session/fde78a5f-145c-40e0-b958-2b049e02b57e
[HTTP] {}
[HTTP] <-- GET /wd/hub/session/fde78a5f-145c-40e0-b958-2b049e02b57e 200 15 ms - 1167
[HTTP] 
[HTTP] --> GET /wd/hub/session/fde78a5f-145c-40e0-b958-2b049e02b57e
[HTTP] {}
[HTTP] <-- GET /wd/hub/session/fde78a5f-145c-40e0-b958-2b049e02b57e 200 14 ms - 1167
[HTTP] 
[HTTP] --> GET /wd/hub/session/fde78a5f-145c-40e0-b958-2b049e02b57e
[HTTP] {}
[HTTP] <-- GET /wd/hub/session/fde78a5f-145c-40e0-b958-2b049e02b57e 200 19 ms - 1167
[HTTP] 
[HTTP] --> GET /wd/hub/session/fde78a5f-145c-40e0-b958-2b049e02b57e
[HTTP] {}
[HTTP] <-- GET /wd/hub/session/fde78a5f-145c-40e0-b958-2b049e02b57e 200 24 ms - 1167
[HTTP] 
[HTTP] --> GET /wd/hub/session/fde78a5f-145c-40e0-b958-2b049e02b57e/element/ee267b4b-1bcc-4358-b61d-aa91109f254a/location
[HTTP] {}
[W3C] Driver proxy active, passing request on via HTTP proxy
[JSONWP Proxy] Replacing sessionId 7a865823-e809-4d75-a866-0995ad2ebb64 with fde78a5f-145c-40e0-b958-2b049e02b57e
[HTTP] <-- GET /wd/hub/session/fde78a5f-145c-40e0-b958-2b049e02b57e/element/ee267b4b-1bcc-4358-b61d-aa91109f254a/location 200 23 ms - 89
[HTTP] 
[HTTP] --> GET /wd/hub/session/fde78a5f-145c-40e0-b958-2b049e02b57e/element/ee267b4b-1bcc-4358-b61d-aa91109f254a/text
[HTTP] {}
[W3C] Driver proxy active, passing request on via HTTP proxy
[JSONWP Proxy] Replacing sessionId 7a865823-e809-4d75-a866-0995ad2ebb64 with fde78a5f-145c-40e0-b958-2b049e02b57e
[HTTP] <-- GET /wd/hub/session/fde78a5f-145c-40e0-b958-2b049e02b57e/element/ee267b4b-1bcc-4358-b61d-aa91109f254a/text 200 27 ms - 93
[HTTP] 
[HTTP] --> GET /wd/hub/session/fde78a5f-145c-40e0-b958-2b049e02b57e/window/current/size
[HTTP] {}
[W3C] Driver proxy active, passing request on via HTTP proxy
[JSONWP Proxy] Replacing sessionId 7a865823-e809-4d75-a866-0995ad2ebb64 with fde78a5f-145c-40e0-b958-2b049e02b57e
[HTTP] <-- GET /wd/hub/session/fde78a5f-145c-40e0-b958-2b049e02b57e/window/current/size 200 18 ms - 100
[HTTP] 
[HTTP] --> POST /wd/hub/session/fde78a5f-145c-40e0-b958-2b049e02b57e/elements
[HTTP] {"using":"-android uiautomator","value":"new UiSelector().className(\"android.widget.EditText\").resourceId(\"id.co.fundtastic.client:id/et_otp\").instance(0)"}
[HTTP] <-- POST /wd/hub/session/fde78a5f-145c-40e0-b958-2b049e02b57e/elements 200 481 ms - 124
[HTTP] 
[HTTP] --> GET /wd/hub/session/fde78a5f-145c-40e0-b958-2b049e02b57e
[HTTP] {}
[HTTP] <-- GET /wd/hub/session/fde78a5f-145c-40e0-b958-2b049e02b57e 200 11 ms - 1167
[HTTP] 
[HTTP] --> GET /wd/hub/session/fde78a5f-145c-40e0-b958-2b049e02b57e
[HTTP] {}
[HTTP] <-- GET /wd/hub/session/fde78a5f-145c-40e0-b958-2b049e02b57e 200 10 ms - 1167
[HTTP] 
[HTTP] --> GET /wd/hub/session/fde78a5f-145c-40e0-b958-2b049e02b57e
[HTTP] {}
[HTTP] <-- GET /wd/hub/session/fde78a5f-145c-40e0-b958-2b049e02b57e 200 16 ms - 1167
[HTTP] 
[HTTP] --> GET /wd/hub/session/fde78a5f-145c-40e0-b958-2b049e02b57e
[HTTP] {}
[HTTP] <-- GET /wd/hub/session/fde78a5f-145c-40e0-b958-2b049e02b57e 200 17 ms - 1167
[HTTP] 
[HTTP] --> GET /wd/hub/session/fde78a5f-145c-40e0-b958-2b049e02b57e/element/d83031f3-aae9-49a3-93b3-ead5f9c4cba9/location
[HTTP] {}
[W3C] Driver proxy active, passing request on via HTTP proxy
[JSONWP Proxy] Replacing sessionId 7a865823-e809-4d75-a866-0995ad2ebb64 with fde78a5f-145c-40e0-b958-2b049e02b57e
[HTTP] <-- GET /wd/hub/session/fde78a5f-145c-40e0-b958-2b049e02b57e/element/d83031f3-aae9-49a3-93b3-ead5f9c4cba9/location 200 23 ms - 89
[HTTP] 
[HTTP] --> POST /wd/hub/session/fde78a5f-145c-40e0-b958-2b049e02b57e/touch/perform
[HTTP] {"actions":[{"action":"tap","options":{"element":"d83031f3-aae9-49a3-93b3-ead5f9c4cba9","x":1,"y":1}}]}
[UiAutomator2] calling get location: d83031f3-aae9-49a3-93b3-ead5f9c4cba9
[HTTP] <-- POST /wd/hub/session/fde78a5f-145c-40e0-b958-2b049e02b57e/touch/perform 200 874 ms - 76
[HTTP] 
[HTTP] --> GET /wd/hub/session/fde78a5f-145c-40e0-b958-2b049e02b57e/window/current/size
[HTTP] {}
[W3C] Driver proxy active, passing request on via HTTP proxy
[JSONWP Proxy] Replacing sessionId 7a865823-e809-4d75-a866-0995ad2ebb64 with fde78a5f-145c-40e0-b958-2b049e02b57e
[HTTP] <-- GET /wd/hub/session/fde78a5f-145c-40e0-b958-2b049e02b57e/window/current/size 200 19 ms - 100
[HTTP] 
[HTTP] --> POST /wd/hub/session/fde78a5f-145c-40e0-b958-2b049e02b57e/elements
[HTTP] {"using":"-android uiautomator","value":"new UiSelector().className(\"android.widget.EditText\").resourceId(\"id.co.fundtastic.client:id/et_otp\").instance(0)"}
[HTTP] <-- POST /wd/hub/session/fde78a5f-145c-40e0-b958-2b049e02b57e/elements 200 42 ms - 124
[HTTP] 
[HTTP] --> GET /wd/hub/session/fde78a5f-145c-40e0-b958-2b049e02b57e
[HTTP] {}
[HTTP] <-- GET /wd/hub/session/fde78a5f-145c-40e0-b958-2b049e02b57e 200 14 ms - 1167
[HTTP] 
[HTTP] --> GET /wd/hub/session/fde78a5f-145c-40e0-b958-2b049e02b57e
[HTTP] {}
[HTTP] <-- GET /wd/hub/session/fde78a5f-145c-40e0-b958-2b049e02b57e 200 23 ms - 1167
[HTTP] 
[HTTP] --> GET /wd/hub/session/fde78a5f-145c-40e0-b958-2b049e02b57e
[HTTP] {}
[HTTP] <-- GET /wd/hub/session/fde78a5f-145c-40e0-b958-2b049e02b57e 200 16 ms - 1167
[HTTP] 
[HTTP] --> GET /wd/hub/session/fde78a5f-145c-40e0-b958-2b049e02b57e
[HTTP] {}
[HTTP] <-- GET /wd/hub/session/fde78a5f-145c-40e0-b958-2b049e02b57e 200 19 ms - 1167
[HTTP] 
[HTTP] --> GET /wd/hub/session/fde78a5f-145c-40e0-b958-2b049e02b57e/element/1fdc873d-58c0-48b9-835c-eff6018cfae9/location
[HTTP] {}
[W3C] Driver proxy active, passing request on via HTTP proxy
[JSONWP Proxy] Replacing sessionId 7a865823-e809-4d75-a866-0995ad2ebb64 with fde78a5f-145c-40e0-b958-2b049e02b57e
[HTTP] <-- GET /wd/hub/session/fde78a5f-145c-40e0-b958-2b049e02b57e/element/1fdc873d-58c0-48b9-835c-eff6018cfae9/location 200 50 ms - 89
[HTTP] 
[HTTP] --> POST /wd/hub/session/fde78a5f-145c-40e0-b958-2b049e02b57e/element/1fdc873d-58c0-48b9-835c-eff6018cfae9/clear
[HTTP] {"id":"1fdc873d-58c0-48b9-835c-eff6018cfae9"}
[HTTP] <-- POST /wd/hub/session/fde78a5f-145c-40e0-b958-2b049e02b57e/element/1fdc873d-58c0-48b9-835c-eff6018cfae9/clear 200 44 ms - 89
[HTTP] 
[HTTP] --> POST /wd/hub/session/fde78a5f-145c-40e0-b958-2b049e02b57e/element/1fdc873d-58c0-48b9-835c-eff6018cfae9/value
[HTTP] {"id":"1fdc873d-58c0-48b9-835c-eff6018cfae9","value":["8888"]}
[HTTP] <-- POST /wd/hub/session/fde78a5f-145c-40e0-b958-2b049e02b57e/element/1fdc873d-58c0-48b9-835c-eff6018cfae9/value 200 763 ms - 74
[HTTP] 
[HTTP] --> GET /wd/hub/session/fde78a5f-145c-40e0-b958-2b049e02b57e/window/current/size
[HTTP] {}
[W3C] Driver proxy active, passing request on via HTTP proxy
[JSONWP Proxy] Replacing sessionId 7a865823-e809-4d75-a866-0995ad2ebb64 with fde78a5f-145c-40e0-b958-2b049e02b57e
[HTTP] <-- GET /wd/hub/session/fde78a5f-145c-40e0-b958-2b049e02b57e/window/current/size 200 33 ms - 100
[HTTP] 
[HTTP] --> POST /wd/hub/session/fde78a5f-145c-40e0-b958-2b049e02b57e/elements
[HTTP] {"using":"-android uiautomator","value":"new UiSelector().className(\"android.widget.Button\").text(\"Verifikasi Sekarang\").resourceId(\"id.co.fundtastic.client:id/btnVerified\").instance(0)"}
[HTTP] <-- POST /wd/hub/session/fde78a5f-145c-40e0-b958-2b049e02b57e/elements 200 887 ms - 124
[HTTP] 
[HTTP] --> GET /wd/hub/session/fde78a5f-145c-40e0-b958-2b049e02b57e
[HTTP] {}
[HTTP] <-- GET /wd/hub/session/fde78a5f-145c-40e0-b958-2b049e02b57e 200 12 ms - 1167
[HTTP] 
[HTTP] --> GET /wd/hub/session/fde78a5f-145c-40e0-b958-2b049e02b57e
[HTTP] {}
[HTTP] <-- GET /wd/hub/session/fde78a5f-145c-40e0-b958-2b049e02b57e 200 14 ms - 1167
[HTTP] 
[HTTP] --> GET /wd/hub/session/fde78a5f-145c-40e0-b958-2b049e02b57e
[HTTP] {}
[HTTP] <-- GET /wd/hub/session/fde78a5f-145c-40e0-b958-2b049e02b57e 200 14 ms - 1167
[HTTP] 
[HTTP] --> GET /wd/hub/session/fde78a5f-145c-40e0-b958-2b049e02b57e
[HTTP] {}
[HTTP] <-- GET /wd/hub/session/fde78a5f-145c-40e0-b958-2b049e02b57e 200 11 ms - 1167
[HTTP] 
[HTTP] --> GET /wd/hub/session/fde78a5f-145c-40e0-b958-2b049e02b57e/element/14e31477-1ecd-4bdb-8635-44e700ef74bb/location
[HTTP] {}
[W3C] Driver proxy active, passing request on via HTTP proxy
[JSONWP Proxy] Replacing sessionId 7a865823-e809-4d75-a866-0995ad2ebb64 with fde78a5f-145c-40e0-b958-2b049e02b57e
[HTTP] <-- GET /wd/hub/session/fde78a5f-145c-40e0-b958-2b049e02b57e/element/14e31477-1ecd-4bdb-8635-44e700ef74bb/location 200 58 ms - 88
[HTTP] 
[HTTP] --> POST /wd/hub/session/fde78a5f-145c-40e0-b958-2b049e02b57e/touch/perform
[HTTP] {"actions":[{"action":"tap","options":{"element":"14e31477-1ecd-4bdb-8635-44e700ef74bb","x":1,"y":1}}]}
[UiAutomator2] calling get location: 14e31477-1ecd-4bdb-8635-44e700ef74bb
[HTTP] <-- POST /wd/hub/session/fde78a5f-145c-40e0-b958-2b049e02b57e/touch/perform 200 1035 ms - 76
[HTTP] 
[HTTP] --> GET /wd/hub/session/fde78a5f-145c-40e0-b958-2b049e02b57e/window/current/size
[HTTP] {}
[W3C] Driver proxy active, passing request on via HTTP proxy
[JSONWP Proxy] Replacing sessionId 7a865823-e809-4d75-a866-0995ad2ebb64 with fde78a5f-145c-40e0-b958-2b049e02b57e
[HTTP] <-- GET /wd/hub/session/fde78a5f-145c-40e0-b958-2b049e02b57e/window/current/size 200 37 ms - 100
[HTTP] 
[HTTP] --> POST /wd/hub/session/fde78a5f-145c-40e0-b958-2b049e02b57e/elements
[HTTP] {"using":"-android uiautomator","value":"new UiSelector().className(\"android.widget.FrameLayout\").resourceId(\"id.co.fundtastic.client:id/navigation_portofolio\").instance(11)"}
[HTTP] <-- POST /wd/hub/session/fde78a5f-145c-40e0-b958-2b049e02b57e/elements 200 464 ms - 124
[HTTP] 
[HTTP] --> GET /wd/hub/session/fde78a5f-145c-40e0-b958-2b049e02b57e
[HTTP] {}
[HTTP] <-- GET /wd/hub/session/fde78a5f-145c-40e0-b958-2b049e02b57e 200 18 ms - 1167
[HTTP] 
[HTTP] --> GET /wd/hub/session/fde78a5f-145c-40e0-b958-2b049e02b57e
[HTTP] {}
[HTTP] <-- GET /wd/hub/session/fde78a5f-145c-40e0-b958-2b049e02b57e 200 17 ms - 1167
[HTTP] 
[HTTP] --> GET /wd/hub/session/fde78a5f-145c-40e0-b958-2b049e02b57e
[HTTP] {}
[HTTP] <-- GET /wd/hub/session/fde78a5f-145c-40e0-b958-2b049e02b57e 200 28 ms - 1167
[HTTP] 
[HTTP] --> GET /wd/hub/session/fde78a5f-145c-40e0-b958-2b049e02b57e
[HTTP] {}
[HTTP] <-- GET /wd/hub/session/fde78a5f-145c-40e0-b958-2b049e02b57e 200 16 ms - 1167
[HTTP] 
[HTTP] --> GET /wd/hub/session/fde78a5f-145c-40e0-b958-2b049e02b57e/element/0321c38f-bf32-44c0-828a-24ba7841200b/location
[HTTP] {}
[W3C] Driver proxy active, passing request on via HTTP proxy
[JSONWP Proxy] Replacing sessionId 7a865823-e809-4d75-a866-0995ad2ebb64 with fde78a5f-145c-40e0-b958-2b049e02b57e
[HTTP] <-- GET /wd/hub/session/fde78a5f-145c-40e0-b958-2b049e02b57e/element/0321c38f-bf32-44c0-828a-24ba7841200b/location 200 56 ms - 90
[HTTP] 
[HTTP] --> POST /wd/hub/session/fde78a5f-145c-40e0-b958-2b049e02b57e/touch/perform
[HTTP] {"actions":[{"action":"tap","options":{"element":"0321c38f-bf32-44c0-828a-24ba7841200b","x":1,"y":1}}]}
[UiAutomator2] calling get location: 0321c38f-bf32-44c0-828a-24ba7841200b
[HTTP] <-- POST /wd/hub/session/fde78a5f-145c-40e0-b958-2b049e02b57e/touch/perform 200 1847 ms - 76
[HTTP] 
[HTTP] --> GET /wd/hub/session/fde78a5f-145c-40e0-b958-2b049e02b57e/window/current/size
[HTTP] {}
[W3C] Driver proxy active, passing request on via HTTP proxy
[JSONWP Proxy] Replacing sessionId 7a865823-e809-4d75-a866-0995ad2ebb64 with fde78a5f-145c-40e0-b958-2b049e02b57e
[HTTP] <-- GET /wd/hub/session/fde78a5f-145c-40e0-b958-2b049e02b57e/window/current/size 200 50 ms - 100
[HTTP] 
[HTTP] --> POST /wd/hub/session/fde78a5f-145c-40e0-b958-2b049e02b57e/elements
[HTTP] {"using":"-android uiautomator","value":"new UiSelector().className(\"android.widget.TextView\").text(\"PORTOFOLIO\").instance(1)"}
[HTTP] <-- POST /wd/hub/session/fde78a5f-145c-40e0-b958-2b049e02b57e/elements 200 199 ms - 74
[HTTP] 
[HTTP] --> POST /wd/hub/session/fde78a5f-145c-40e0-b958-2b049e02b57e/elements
[HTTP] {"using":"-android uiautomator","value":"new UiSelector().className(\"android.widget.TextView\").text(\"PORTOFOLIO\").instance(1)"}
[HTTP] <-- POST /wd/hub/session/fde78a5f-145c-40e0-b958-2b049e02b57e/elements 200 204 ms - 74
[HTTP] 
[HTTP] --> POST /wd/hub/session/fde78a5f-145c-40e0-b958-2b049e02b57e/elements
[HTTP] {"using":"-android uiautomator","value":"new UiSelector().className(\"android.widget.TextView\").text(\"PORTOFOLIO\").instance(1)"}
[HTTP] <-- POST /wd/hub/session/fde78a5f-145c-40e0-b958-2b049e02b57e/elements 200 75 ms - 74
[HTTP] 
[HTTP] --> POST /wd/hub/session/fde78a5f-145c-40e0-b958-2b049e02b57e/elements
[HTTP] {"using":"-android uiautomator","value":"new UiSelector().className(\"android.widget.TextView\").text(\"PORTOFOLIO\").instance(1)"}
[HTTP] <-- POST /wd/hub/session/fde78a5f-145c-40e0-b958-2b049e02b57e/elements 200 98 ms - 74
[HTTP] 
[HTTP] --> POST /wd/hub/session/fde78a5f-145c-40e0-b958-2b049e02b57e/elements
[HTTP] {"using":"-android uiautomator","value":"new UiSelector().className(\"android.widget.TextView\").text(\"PORTOFOLIO\").instance(1)"}
[HTTP] <-- POST /wd/hub/session/fde78a5f-145c-40e0-b958-2b049e02b57e/elements 200 93 ms - 74
[HTTP] 
[HTTP] --> POST /wd/hub/session/fde78a5f-145c-40e0-b958-2b049e02b57e/elements
[HTTP] {"using":"-android uiautomator","value":"new UiSelector().className(\"android.widget.TextView\").text(\"PORTOFOLIO\").instance(1)"}
[HTTP] <-- POST /wd/hub/session/fde78a5f-145c-40e0-b958-2b049e02b57e/elements 200 159 ms - 74
[HTTP] 
[HTTP] --> POST /wd/hub/session/fde78a5f-145c-40e0-b958-2b049e02b57e/elements
[HTTP] {"using":"-android uiautomator","value":"new UiSelector().className(\"android.widget.TextView\").text(\"PORTOFOLIO\").instance(1)"}
[HTTP] <-- POST /wd/hub/session/fde78a5f-145c-40e0-b958-2b049e02b57e/elements 200 113 ms - 74
[HTTP] 
[HTTP] --> POST /wd/hub/session/fde78a5f-145c-40e0-b958-2b049e02b57e/elements
[HTTP] {"using":"-android uiautomator","value":"new UiSelector().className(\"android.widget.TextView\").text(\"PORTOFOLIO\").instance(1)"}
[HTTP] <-- POST /wd/hub/session/fde78a5f-145c-40e0-b958-2b049e02b57e/elements 200 68 ms - 74
[HTTP] 
[HTTP] --> POST /wd/hub/session/fde78a5f-145c-40e0-b958-2b049e02b57e/elements
[HTTP] {"using":"-android uiautomator","value":"new UiSelector().className(\"android.widget.TextView\").text(\"PORTOFOLIO\").instance(1)"}
[HTTP] <-- POST /wd/hub/session/fde78a5f-145c-40e0-b958-2b049e02b57e/elements 200 142 ms - 74
[HTTP] 
[HTTP] --> POST /wd/hub/session/fde78a5f-145c-40e0-b958-2b049e02b57e/elements
[HTTP] {"using":"-android uiautomator","value":"new UiSelector().className(\"android.widget.TextView\").text(\"PORTOFOLIO\").instance(1)"}
[HTTP] <-- POST /wd/hub/session/fde78a5f-145c-40e0-b958-2b049e02b57e/elements 200 103 ms - 74
[HTTP] 
[HTTP] --> POST /wd/hub/session/fde78a5f-145c-40e0-b958-2b049e02b57e/elements
[HTTP] {"using":"-android uiautomator","value":"new UiSelector().className(\"android.widget.TextView\").text(\"PORTOFOLIO\").instance(1)"}
[HTTP] <-- POST /wd/hub/session/fde78a5f-145c-40e0-b958-2b049e02b57e/elements 200 81 ms - 74
[HTTP] 
[HTTP] --> POST /wd/hub/session/fde78a5f-145c-40e0-b958-2b049e02b57e/elements
[HTTP] {"using":"-android uiautomator","value":"new UiSelector().className(\"android.widget.TextView\").text(\"PORTOFOLIO\").instance(1)"}
[HTTP] <-- POST /wd/hub/session/fde78a5f-145c-40e0-b958-2b049e02b57e/elements 200 160 ms - 74
[HTTP] 
[HTTP] --> POST /wd/hub/session/fde78a5f-145c-40e0-b958-2b049e02b57e/elements
[HTTP] {"using":"-android uiautomator","value":"new UiSelector().className(\"android.widget.TextView\").text(\"PORTOFOLIO\").instance(1)"}
[HTTP] <-- POST /wd/hub/session/fde78a5f-145c-40e0-b958-2b049e02b57e/elements 200 119 ms - 74
[HTTP] 
[HTTP] --> POST /wd/hub/session/fde78a5f-145c-40e0-b958-2b049e02b57e/elements
[HTTP] {"using":"-android uiautomator","value":"new UiSelector().className(\"android.widget.TextView\").text(\"PORTOFOLIO\").instance(1)"}
[HTTP] <-- POST /wd/hub/session/fde78a5f-145c-40e0-b958-2b049e02b57e/elements 200 136 ms - 74
[HTTP] 
[HTTP] --> POST /wd/hub/session/fde78a5f-145c-40e0-b958-2b049e02b57e/elements
[HTTP] {"using":"-android uiautomator","value":"new UiSelector().className(\"android.widget.TextView\").text(\"PORTOFOLIO\").instance(1)"}
[HTTP] <-- POST /wd/hub/session/fde78a5f-145c-40e0-b958-2b049e02b57e/elements 200 1881 ms - 74
[HTTP] 
[HTTP] --> GET /wd/hub/session/fde78a5f-145c-40e0-b958-2b049e02b57e/context
[HTTP] {}
[HTTP] <-- GET /wd/hub/session/fde78a5f-145c-40e0-b958-2b049e02b57e/context 200 2 ms - 84
[HTTP] 
[HTTP] --> GET /wd/hub/session/fde78a5f-145c-40e0-b958-2b049e02b57e/contexts
[HTTP] {}
[HTTP] <-- GET /wd/hub/session/fde78a5f-145c-40e0-b958-2b049e02b57e/contexts 200 78 ms - 127
[HTTP] 
[HTTP] --> POST /wd/hub/session/fde78a5f-145c-40e0-b958-2b049e02b57e/context
[HTTP] {"name":"NATIVE_APP"}
[HTTP] <-- POST /wd/hub/session/fde78a5f-145c-40e0-b958-2b049e02b57e/context 200 79 ms - 76
[HTTP] 
[HTTP] --> GET /wd/hub/session/fde78a5f-145c-40e0-b958-2b049e02b57e/screenshot
[HTTP] {}
[HTTP] <-- GET /wd/hub/session/fde78a5f-145c-40e0-b958-2b049e02b57e/screenshot 200 1662 ms - 635524
[HTTP] 
[HTTP] --> POST /wd/hub/session/fde78a5f-145c-40e0-b958-2b049e02b57e/context
[HTTP] {"name":"NATIVE_APP"}
[HTTP] <-- POST /wd/hub/session/fde78a5f-145c-40e0-b958-2b049e02b57e/context 200 63 ms - 76
[HTTP] 
[HTTP] --> GET /wd/hub/session/fde78a5f-145c-40e0-b958-2b049e02b57e/context
[HTTP] {}
[HTTP] <-- GET /wd/hub/session/fde78a5f-145c-40e0-b958-2b049e02b57e/context 200 3 ms - 84
[HTTP] 
[HTTP] --> GET /wd/hub/session/fde78a5f-145c-40e0-b958-2b049e02b57e/contexts
[HTTP] {}
[HTTP] <-- GET /wd/hub/session/fde78a5f-145c-40e0-b958-2b049e02b57e/contexts 200 56 ms - 127
[HTTP] 
[HTTP] --> POST /wd/hub/session/fde78a5f-145c-40e0-b958-2b049e02b57e/context
[HTTP] {"name":"NATIVE_APP"}
[HTTP] <-- POST /wd/hub/session/fde78a5f-145c-40e0-b958-2b049e02b57e/context 200 87 ms - 76
[HTTP] 
[HTTP] --> GET /wd/hub/session/fde78a5f-145c-40e0-b958-2b049e02b57e/screenshot
[HTTP] {}
[HTTP] <-- GET /wd/hub/session/fde78a5f-145c-40e0-b958-2b049e02b57e/screenshot 200 1198 ms - 635524
[HTTP] 
[HTTP] --> POST /wd/hub/session/fde78a5f-145c-40e0-b958-2b049e02b57e/context
[HTTP] {"name":"NATIVE_APP"}
[HTTP] <-- POST /wd/hub/session/fde78a5f-145c-40e0-b958-2b049e02b57e/context 200 31 ms - 76
[HTTP] 
[HTTP] --> DELETE /wd/hub/session/fde78a5f-145c-40e0-b958-2b049e02b57e
[HTTP] {}
[Appium] Removing session fde78a5f-145c-40e0-b958-2b049e02b57e from our master session list
[ADB] id.co.fundtastic.client was successfully uninstalled
[HTTP] <-- DELETE /wd/hub/session/fde78a5f-145c-40e0-b958-2b049e02b57e 200 1883 ms - 76
[HTTP] 
