[Appium] Welcome to Appium v1.8.1
[Appium] Non-default server args:
[Appium]   port: 57660
[Appium]   loglevel: info
[Appium]   chromeDriverPort: 57661
[Appium]   tmpDir: /var/folders/ts/p6rxgpw53_d96xw60slkng7m0000gn/T//Katalon/Appium/Temp1562310820311
[Appium] Appium REST http interface listener started on 0.0.0.0:57660
[HTTP] --> GET /wd/hub/status
[HTTP] {}
[HTTP] <-- GET /wd/hub/status 200 23 ms - 83
[HTTP] 
[HTTP] --> POST /wd/hub/session
[HTTP] {"desiredCapabilities":{"app":"/Users/ustore/Downloads/Development.apk","autoGrantPermissions":true,"automationName":"uiautomator2","deviceName":"emulator-5554 (Android SDK built for x86 - Android 9)","fullReset":true,"newCommandTimeout":1800,"noReset":false,"platform":"ANDROID","platformName":"Android","udid":"emulator-5554"},"capabilities":{"desiredCapabilities":{"app":"/Users/ustore/Downloads/Development.apk","autoGrantPermissions":true,"automationName":"uiautomator2","deviceName":"emulator-5554 (Android SDK built for x86 - Android 9)","fullReset":true,"newCommandTimeout":1800,"noReset":false,"platform":"ANDROID","platformName":"Android","udid":"emulator-5554"},"firstMatch":[{"platformName":"android"}]}}
[Appium] Could not parse W3C capabilities: 'deviceName' can't be blank. Falling back to JSONWP protocol.
[Appium] The following capabilities were provided in the JSONWP desired capabilities that are missing in W3C capabilities: ["app","autoGrantPermissions","automationName","deviceName","fullReset","newCommandTimeout","noReset","platform","platformName","udid"]. Falling back to JSONWP protocol.
[Appium] Creating new AndroidUiautomator2Driver (v1.12.0) session
[Appium] Capabilities:
[Appium]   app: /Users/ustore/Downloads/Development.apk
[Appium]   autoGrantPermissions: true
[Appium]   automationName: uiautomator2
[Appium]   deviceName: emulator-5554 (Android SDK built for x86 - Android 9)
[Appium]   fullReset: true
[Appium]   newCommandTimeout: 1800
[Appium]   noReset: false
[Appium]   platform: ANDROID
[Appium]   platformName: Android
[Appium]   udid: emulator-5554
[BaseDriver] The following capabilities were provided, but are not recognized by appium: platform.
[BaseDriver] Session created with session id: 718dd270-f23f-4af4-844a-ea0102314e29
[BaseDriver] Using local app '/Users/ustore/Downloads/Development.apk'
[AndroidDriver] Java version is: 1.8.0_181
[ADB] Checking whether adb is present
[ADB] Found 1 'build-tools' folders under '/Users/ustore/.katalon/tools/android_sdk' (newest first):
[ADB]     /Users/ustore/.katalon/tools/android_sdk/build-tools/28.0.3
[ADB] Using adb from /Users/ustore/.katalon/tools/android_sdk/platform-tools/adb
[AndroidDriver] Retrieving device list
[AndroidDriver] Using device: emulator-5554
[ADB] Using the alternative activity name detection method because of: Could not find apkanalyzer in /Users/ustore/.katalon/tools/android_sdk/platform-tools/apkanalyzer,/Users/ustore/.katalon/tools/android_sdk/emulator/apkanalyzer,/Users/ustore/.katalon/tools/android_sdk/tools/apkanalyzer,/Users/ustore/.katalon/tools/android_sdk/tools/bin/apkanalyzer,/Users/ustore/.katalon/tools/android_sdk/build-tools/28.0.3/apkanalyzer. Do you have the Android SDK installed at '/Users/ustore/.katalon/tools/android_sdk'?
[ADB] Checking whether aapt is present
[ADB] Using aapt from /Users/ustore/.katalon/tools/android_sdk/build-tools/28.0.3/aapt
[ADB] Extracting package and launch activity from manifest
[ADB] Package name: 'id.co.fundtastic.client'
[ADB] Main activity name: 'id.co.fundtastic.client.splash.presentation.SplashActivity'
[ADB] Getting device platform version
[ADB] Using apksigner from /Users/ustore/.katalon/tools/android_sdk/build-tools/28.0.3/apksigner
[ADB] Cannot read version codes of '/usr/local/lib/node_modules/appium/node_modules/appium-uiautomator2-server/apks/appium-uiautomator2-server-debug-androidTest.apk' and/or 'io.appium.uiautomator2.server.test'
[ADB] Cannot read version names of '/usr/local/lib/node_modules/appium/node_modules/appium-uiautomator2-server/apks/appium-uiautomator2-server-debug-androidTest.apk' and/or 'io.appium.uiautomator2.server.test'. Assuming correct app version is already installed
[AndroidDriver] setDeviceLanguageCountry requires language or country.
[AndroidDriver] Got language: 'null' and country: 'null'
[ADB] Successfully extracted 194 strings from '/Users/ustore/Downloads/Development.apk' resources for '(default)' configuration
[ADB] id.co.fundtastic.client was not uninstalled, because it was not present on the device
[UiAutomator2] Starting uiautomator2 server 1.12.0
[UiAutomator2] Using UIAutomator2 server from '/usr/local/lib/node_modules/appium/node_modules/appium-uiautomator2-server/apks/appium-uiautomator2-server-v1.12.0.apk' and test from '/usr/local/lib/node_modules/appium/node_modules/appium-uiautomator2-server/apks/appium-uiautomator2-server-debug-androidTest.apk'
[UiAutomator2] Running command: 'adb -s emulator-5554 shell am instrument -w io.appium.uiautomator2.server.test/android.support.test.runner.AndroidJUnitRunner'
[UiAutomator2] Waiting up to 20000ms for UiAutomator2 to be online...
[AndroidDriver] Screen already unlocked, doing nothing
[UiAutomator2] UiAutomator2 did not start the activity we were waiting for, 'id.co.fundtastic.client/id.co.fundtastic.client.splash.presentation.SplashActivity'. Starting it ourselves
[Appium] New AndroidUiautomator2Driver session created successfully, session 718dd270-f23f-4af4-844a-ea0102314e29 added to master session list
[HTTP] <-- POST /wd/hub/session 200 12112 ms - 1167
[HTTP] 
[HTTP] --> GET /wd/hub/status
[HTTP] {}
[HTTP] <-- GET /wd/hub/status 200 37 ms - 55
[HTTP] 
[HTTP] --> POST /wd/hub/session/718dd270-f23f-4af4-844a-ea0102314e29/timeouts
[HTTP] {"type":"implicit","ms":30000}
[HTTP] <-- POST /wd/hub/session/718dd270-f23f-4af4-844a-ea0102314e29/timeouts 400 24 ms - 4196
[HTTP] 
[HTTP] --> GET /wd/hub/session/718dd270-f23f-4af4-844a-ea0102314e29/window/current/size
[HTTP] {}
[W3C] Driver proxy active, passing request on via HTTP proxy
[JSONWP Proxy] Replacing sessionId 595abe11-f930-4b53-b5c6-fc39c3ac446e with 718dd270-f23f-4af4-844a-ea0102314e29
[HTTP] <-- GET /wd/hub/session/718dd270-f23f-4af4-844a-ea0102314e29/window/current/size 200 74 ms - 100
[HTTP] 
[HTTP] --> POST /wd/hub/session/718dd270-f23f-4af4-844a-ea0102314e29/elements
[HTTP] {"using":"-android uiautomator","value":"new UiSelector().className(\"android.widget.TextView\").text(\"Mulailah berinvestasi untuk meraih mimpimu\").instance(0)"}
[HTTP] <-- POST /wd/hub/session/718dd270-f23f-4af4-844a-ea0102314e29/elements 200 155 ms - 74
[HTTP] 
[HTTP] --> POST /wd/hub/session/718dd270-f23f-4af4-844a-ea0102314e29/elements
[HTTP] {"using":"-android uiautomator","value":"new UiSelector().className(\"android.widget.TextView\").text(\"Mulailah berinvestasi untuk meraih mimpimu\").instance(0)"}
[HTTP] <-- POST /wd/hub/session/718dd270-f23f-4af4-844a-ea0102314e29/elements 200 59 ms - 74
[HTTP] 
[HTTP] --> POST /wd/hub/session/718dd270-f23f-4af4-844a-ea0102314e29/elements
[HTTP] {"using":"-android uiautomator","value":"new UiSelector().className(\"android.widget.TextView\").text(\"Mulailah berinvestasi untuk meraih mimpimu\").instance(0)"}
[HTTP] <-- POST /wd/hub/session/718dd270-f23f-4af4-844a-ea0102314e29/elements 200 66 ms - 74
[HTTP] 
[HTTP] --> POST /wd/hub/session/718dd270-f23f-4af4-844a-ea0102314e29/elements
[HTTP] {"using":"-android uiautomator","value":"new UiSelector().className(\"android.widget.TextView\").text(\"Mulailah berinvestasi untuk meraih mimpimu\").instance(0)"}
[HTTP] <-- POST /wd/hub/session/718dd270-f23f-4af4-844a-ea0102314e29/elements 200 52 ms - 74
[HTTP] 
[HTTP] --> POST /wd/hub/session/718dd270-f23f-4af4-844a-ea0102314e29/elements
[HTTP] {"using":"-android uiautomator","value":"new UiSelector().className(\"android.widget.TextView\").text(\"Mulailah berinvestasi untuk meraih mimpimu\").instance(0)"}
[HTTP] <-- POST /wd/hub/session/718dd270-f23f-4af4-844a-ea0102314e29/elements 200 42 ms - 74
[HTTP] 
[HTTP] --> POST /wd/hub/session/718dd270-f23f-4af4-844a-ea0102314e29/elements
[HTTP] {"using":"-android uiautomator","value":"new UiSelector().className(\"android.widget.TextView\").text(\"Mulailah berinvestasi untuk meraih mimpimu\").instance(0)"}
[HTTP] <-- POST /wd/hub/session/718dd270-f23f-4af4-844a-ea0102314e29/elements 200 47 ms - 74
[HTTP] 
[HTTP] --> POST /wd/hub/session/718dd270-f23f-4af4-844a-ea0102314e29/elements
[HTTP] {"using":"-android uiautomator","value":"new UiSelector().className(\"android.widget.TextView\").text(\"Mulailah berinvestasi untuk meraih mimpimu\").instance(0)"}
[HTTP] <-- POST /wd/hub/session/718dd270-f23f-4af4-844a-ea0102314e29/elements 200 38 ms - 74
[HTTP] 
[HTTP] --> POST /wd/hub/session/718dd270-f23f-4af4-844a-ea0102314e29/elements
[HTTP] {"using":"-android uiautomator","value":"new UiSelector().className(\"android.widget.TextView\").text(\"Mulailah berinvestasi untuk meraih mimpimu\").instance(0)"}
[HTTP] <-- POST /wd/hub/session/718dd270-f23f-4af4-844a-ea0102314e29/elements 200 44 ms - 74
[HTTP] 
[HTTP] --> POST /wd/hub/session/718dd270-f23f-4af4-844a-ea0102314e29/elements
[HTTP] {"using":"-android uiautomator","value":"new UiSelector().className(\"android.widget.TextView\").text(\"Mulailah berinvestasi untuk meraih mimpimu\").instance(0)"}
[HTTP] <-- POST /wd/hub/session/718dd270-f23f-4af4-844a-ea0102314e29/elements 200 44 ms - 74
[HTTP] 
[HTTP] --> POST /wd/hub/session/718dd270-f23f-4af4-844a-ea0102314e29/elements
[HTTP] {"using":"-android uiautomator","value":"new UiSelector().className(\"android.widget.TextView\").text(\"Mulailah berinvestasi untuk meraih mimpimu\").instance(0)"}
[HTTP] <-- POST /wd/hub/session/718dd270-f23f-4af4-844a-ea0102314e29/elements 200 33 ms - 74
[HTTP] 
[HTTP] --> POST /wd/hub/session/718dd270-f23f-4af4-844a-ea0102314e29/elements
[HTTP] {"using":"-android uiautomator","value":"new UiSelector().className(\"android.widget.TextView\").text(\"Mulailah berinvestasi untuk meraih mimpimu\").instance(0)"}
[HTTP] <-- POST /wd/hub/session/718dd270-f23f-4af4-844a-ea0102314e29/elements 200 40 ms - 74
[HTTP] 
[HTTP] --> POST /wd/hub/session/718dd270-f23f-4af4-844a-ea0102314e29/elements
[HTTP] {"using":"-android uiautomator","value":"new UiSelector().className(\"android.widget.TextView\").text(\"Mulailah berinvestasi untuk meraih mimpimu\").instance(0)"}
[HTTP] <-- POST /wd/hub/session/718dd270-f23f-4af4-844a-ea0102314e29/elements 200 31 ms - 74
[HTTP] 
[HTTP] --> POST /wd/hub/session/718dd270-f23f-4af4-844a-ea0102314e29/elements
[HTTP] {"using":"-android uiautomator","value":"new UiSelector().className(\"android.widget.TextView\").text(\"Mulailah berinvestasi untuk meraih mimpimu\").instance(0)"}
[HTTP] <-- POST /wd/hub/session/718dd270-f23f-4af4-844a-ea0102314e29/elements 200 33 ms - 74
[HTTP] 
[HTTP] --> POST /wd/hub/session/718dd270-f23f-4af4-844a-ea0102314e29/elements
[HTTP] {"using":"-android uiautomator","value":"new UiSelector().className(\"android.widget.TextView\").text(\"Mulailah berinvestasi untuk meraih mimpimu\").instance(0)"}
[HTTP] <-- POST /wd/hub/session/718dd270-f23f-4af4-844a-ea0102314e29/elements 200 55 ms - 74
[HTTP] 
[HTTP] --> POST /wd/hub/session/718dd270-f23f-4af4-844a-ea0102314e29/elements
[HTTP] {"using":"-android uiautomator","value":"new UiSelector().className(\"android.widget.TextView\").text(\"Mulailah berinvestasi untuk meraih mimpimu\").instance(0)"}
[HTTP] <-- POST /wd/hub/session/718dd270-f23f-4af4-844a-ea0102314e29/elements 200 42 ms - 74
[HTTP] 
[HTTP] --> POST /wd/hub/session/718dd270-f23f-4af4-844a-ea0102314e29/elements
[HTTP] {"using":"-android uiautomator","value":"new UiSelector().className(\"android.widget.TextView\").text(\"Mulailah berinvestasi untuk meraih mimpimu\").instance(0)"}
[HTTP] <-- POST /wd/hub/session/718dd270-f23f-4af4-844a-ea0102314e29/elements 200 26 ms - 74
[HTTP] 
[HTTP] --> POST /wd/hub/session/718dd270-f23f-4af4-844a-ea0102314e29/elements
[HTTP] {"using":"-android uiautomator","value":"new UiSelector().className(\"android.widget.TextView\").text(\"Mulailah berinvestasi untuk meraih mimpimu\").instance(0)"}
[HTTP] <-- POST /wd/hub/session/718dd270-f23f-4af4-844a-ea0102314e29/elements 200 51 ms - 74
[HTTP] 
[HTTP] --> POST /wd/hub/session/718dd270-f23f-4af4-844a-ea0102314e29/elements
[HTTP] {"using":"-android uiautomator","value":"new UiSelector().className(\"android.widget.TextView\").text(\"Mulailah berinvestasi untuk meraih mimpimu\").instance(0)"}
[HTTP] <-- POST /wd/hub/session/718dd270-f23f-4af4-844a-ea0102314e29/elements 200 30 ms - 74
[HTTP] 
[HTTP] --> POST /wd/hub/session/718dd270-f23f-4af4-844a-ea0102314e29/elements
[HTTP] {"using":"-android uiautomator","value":"new UiSelector().className(\"android.widget.TextView\").text(\"Mulailah berinvestasi untuk meraih mimpimu\").instance(0)"}
[HTTP] <-- POST /wd/hub/session/718dd270-f23f-4af4-844a-ea0102314e29/elements 200 31 ms - 74
[HTTP] 
[HTTP] --> POST /wd/hub/session/718dd270-f23f-4af4-844a-ea0102314e29/elements
[HTTP] {"using":"-android uiautomator","value":"new UiSelector().className(\"android.widget.TextView\").text(\"Mulailah berinvestasi untuk meraih mimpimu\").instance(0)"}
[HTTP] <-- POST /wd/hub/session/718dd270-f23f-4af4-844a-ea0102314e29/elements 200 97 ms - 74
[HTTP] 
[HTTP] --> POST /wd/hub/session/718dd270-f23f-4af4-844a-ea0102314e29/elements
[HTTP] {"using":"-android uiautomator","value":"new UiSelector().className(\"android.widget.TextView\").text(\"Mulailah berinvestasi untuk meraih mimpimu\").instance(0)"}
[HTTP] <-- POST /wd/hub/session/718dd270-f23f-4af4-844a-ea0102314e29/elements 200 316 ms - 74
[HTTP] 
[HTTP] --> POST /wd/hub/session/718dd270-f23f-4af4-844a-ea0102314e29/elements
[HTTP] {"using":"-android uiautomator","value":"new UiSelector().className(\"android.widget.TextView\").text(\"Mulailah berinvestasi untuk meraih mimpimu\").instance(0)"}
[HTTP] <-- POST /wd/hub/session/718dd270-f23f-4af4-844a-ea0102314e29/elements 200 663 ms - 74
[HTTP] 
[HTTP] --> POST /wd/hub/session/718dd270-f23f-4af4-844a-ea0102314e29/elements
[HTTP] {"using":"-android uiautomator","value":"new UiSelector().className(\"android.widget.TextView\").text(\"Mulailah berinvestasi untuk meraih mimpimu\").instance(0)"}
[HTTP] <-- POST /wd/hub/session/718dd270-f23f-4af4-844a-ea0102314e29/elements 200 1378 ms - 124
[HTTP] 
[HTTP] --> GET /wd/hub/session/718dd270-f23f-4af4-844a-ea0102314e29
[HTTP] {}
[HTTP] <-- GET /wd/hub/session/718dd270-f23f-4af4-844a-ea0102314e29 200 30 ms - 1167
[HTTP] 
[HTTP] --> GET /wd/hub/session/718dd270-f23f-4af4-844a-ea0102314e29
[HTTP] {}
[HTTP] <-- GET /wd/hub/session/718dd270-f23f-4af4-844a-ea0102314e29 200 43 ms - 1167
[HTTP] 
[HTTP] --> GET /wd/hub/session/718dd270-f23f-4af4-844a-ea0102314e29
[HTTP] {}
[HTTP] <-- GET /wd/hub/session/718dd270-f23f-4af4-844a-ea0102314e29 200 73 ms - 1167
[HTTP] 
[HTTP] --> GET /wd/hub/session/718dd270-f23f-4af4-844a-ea0102314e29
[HTTP] {}
[HTTP] <-- GET /wd/hub/session/718dd270-f23f-4af4-844a-ea0102314e29 200 81 ms - 1167
[HTTP] 
[HTTP] --> GET /wd/hub/session/718dd270-f23f-4af4-844a-ea0102314e29/element/2720d20e-5847-4baf-8d5b-671a9b5a7af2/location
[HTTP] {}
[W3C] Driver proxy active, passing request on via HTTP proxy
[JSONWP Proxy] Replacing sessionId 595abe11-f930-4b53-b5c6-fc39c3ac446e with 718dd270-f23f-4af4-844a-ea0102314e29
[HTTP] <-- GET /wd/hub/session/718dd270-f23f-4af4-844a-ea0102314e29/element/2720d20e-5847-4baf-8d5b-671a9b5a7af2/location 200 572 ms - 88
[HTTP] 
[HTTP] --> GET /wd/hub/session/718dd270-f23f-4af4-844a-ea0102314e29/element/2720d20e-5847-4baf-8d5b-671a9b5a7af2/text
[HTTP] {}
[W3C] Driver proxy active, passing request on via HTTP proxy
[JSONWP Proxy] Replacing sessionId 595abe11-f930-4b53-b5c6-fc39c3ac446e with 718dd270-f23f-4af4-844a-ea0102314e29
[HTTP] <-- GET /wd/hub/session/718dd270-f23f-4af4-844a-ea0102314e29/element/2720d20e-5847-4baf-8d5b-671a9b5a7af2/text 200 659 ms - 116
[HTTP] 
[HTTP] --> GET /wd/hub/session/718dd270-f23f-4af4-844a-ea0102314e29/window/current/size
[HTTP] {}
[W3C] Driver proxy active, passing request on via HTTP proxy
[JSONWP Proxy] Replacing sessionId 595abe11-f930-4b53-b5c6-fc39c3ac446e with 718dd270-f23f-4af4-844a-ea0102314e29
[HTTP] <-- GET /wd/hub/session/718dd270-f23f-4af4-844a-ea0102314e29/window/current/size 200 62 ms - 100
[HTTP] 
[HTTP] --> POST /wd/hub/session/718dd270-f23f-4af4-844a-ea0102314e29/elements
[HTTP] {"using":"-android uiautomator","value":"new UiSelector().className(\"android.widget.ImageView\").resourceId(\"id.co.fundtastic.client:id/checklist\").instance(6)"}
[HTTP] <-- POST /wd/hub/session/718dd270-f23f-4af4-844a-ea0102314e29/elements 200 976 ms - 124
[HTTP] 
[HTTP] --> GET /wd/hub/session/718dd270-f23f-4af4-844a-ea0102314e29
[HTTP] {}
[HTTP] <-- GET /wd/hub/session/718dd270-f23f-4af4-844a-ea0102314e29 200 17 ms - 1167
[HTTP] 
[HTTP] --> GET /wd/hub/session/718dd270-f23f-4af4-844a-ea0102314e29
[HTTP] {}
[HTTP] <-- GET /wd/hub/session/718dd270-f23f-4af4-844a-ea0102314e29 200 18 ms - 1167
[HTTP] 
[HTTP] --> GET /wd/hub/session/718dd270-f23f-4af4-844a-ea0102314e29
[HTTP] {}
[HTTP] <-- GET /wd/hub/session/718dd270-f23f-4af4-844a-ea0102314e29 200 28 ms - 1167
[HTTP] 
[HTTP] --> GET /wd/hub/session/718dd270-f23f-4af4-844a-ea0102314e29
[HTTP] {}
[HTTP] <-- GET /wd/hub/session/718dd270-f23f-4af4-844a-ea0102314e29 200 16 ms - 1167
[HTTP] 
[HTTP] --> GET /wd/hub/session/718dd270-f23f-4af4-844a-ea0102314e29/element/496ae100-a632-495a-aa8d-d78d61798c0f/location
[HTTP] {}
[W3C] Driver proxy active, passing request on via HTTP proxy
[JSONWP Proxy] Replacing sessionId 595abe11-f930-4b53-b5c6-fc39c3ac446e with 718dd270-f23f-4af4-844a-ea0102314e29
[HTTP] <-- GET /wd/hub/session/718dd270-f23f-4af4-844a-ea0102314e29/element/496ae100-a632-495a-aa8d-d78d61798c0f/location 200 37 ms - 90
[HTTP] 
[HTTP] --> POST /wd/hub/session/718dd270-f23f-4af4-844a-ea0102314e29/touch/perform
[HTTP] {"actions":[{"action":"tap","options":{"element":"496ae100-a632-495a-aa8d-d78d61798c0f","x":1,"y":1}}]}
[UiAutomator2] calling get location: 496ae100-a632-495a-aa8d-d78d61798c0f
[HTTP] <-- POST /wd/hub/session/718dd270-f23f-4af4-844a-ea0102314e29/touch/perform 200 807 ms - 76
[HTTP] 
[HTTP] --> GET /wd/hub/session/718dd270-f23f-4af4-844a-ea0102314e29/window/current/size
[HTTP] {}
[W3C] Driver proxy active, passing request on via HTTP proxy
[JSONWP Proxy] Replacing sessionId 595abe11-f930-4b53-b5c6-fc39c3ac446e with 718dd270-f23f-4af4-844a-ea0102314e29
[HTTP] <-- GET /wd/hub/session/718dd270-f23f-4af4-844a-ea0102314e29/window/current/size 200 20 ms - 100
[HTTP] 
[HTTP] --> POST /wd/hub/session/718dd270-f23f-4af4-844a-ea0102314e29/elements
[HTTP] {"using":"-android uiautomator","value":"new UiSelector().className(\"android.widget.LinearLayout\").instance(4)"}
[HTTP] <-- POST /wd/hub/session/718dd270-f23f-4af4-844a-ea0102314e29/elements 200 60 ms - 124
[HTTP] 
[HTTP] --> GET /wd/hub/session/718dd270-f23f-4af4-844a-ea0102314e29
[HTTP] {}
[HTTP] <-- GET /wd/hub/session/718dd270-f23f-4af4-844a-ea0102314e29 200 14 ms - 1167
[HTTP] 
[HTTP] --> GET /wd/hub/session/718dd270-f23f-4af4-844a-ea0102314e29
[HTTP] {}
[HTTP] <-- GET /wd/hub/session/718dd270-f23f-4af4-844a-ea0102314e29 200 15 ms - 1167
[HTTP] 
[HTTP] --> GET /wd/hub/session/718dd270-f23f-4af4-844a-ea0102314e29
[HTTP] {}
[HTTP] <-- GET /wd/hub/session/718dd270-f23f-4af4-844a-ea0102314e29 200 12 ms - 1167
[HTTP] 
[HTTP] --> GET /wd/hub/session/718dd270-f23f-4af4-844a-ea0102314e29
[HTTP] {}
[HTTP] <-- GET /wd/hub/session/718dd270-f23f-4af4-844a-ea0102314e29 200 13 ms - 1167
[HTTP] 
[HTTP] --> GET /wd/hub/session/718dd270-f23f-4af4-844a-ea0102314e29/element/b8c8fc41-c2ef-411c-9fd7-f60135b0bbb0/location
[HTTP] {}
[W3C] Driver proxy active, passing request on via HTTP proxy
[JSONWP Proxy] Replacing sessionId 595abe11-f930-4b53-b5c6-fc39c3ac446e with 718dd270-f23f-4af4-844a-ea0102314e29
[HTTP] <-- GET /wd/hub/session/718dd270-f23f-4af4-844a-ea0102314e29/element/b8c8fc41-c2ef-411c-9fd7-f60135b0bbb0/location 200 37 ms - 87
[HTTP] 
[HTTP] --> POST /wd/hub/session/718dd270-f23f-4af4-844a-ea0102314e29/touch/perform
[HTTP] {"actions":[{"action":"tap","options":{"element":"b8c8fc41-c2ef-411c-9fd7-f60135b0bbb0","x":1,"y":1}}]}
[UiAutomator2] calling get location: b8c8fc41-c2ef-411c-9fd7-f60135b0bbb0
[HTTP] <-- POST /wd/hub/session/718dd270-f23f-4af4-844a-ea0102314e29/touch/perform 200 780 ms - 76
[HTTP] 
[HTTP] --> GET /wd/hub/session/718dd270-f23f-4af4-844a-ea0102314e29/context
[HTTP] {}
[HTTP] <-- GET /wd/hub/session/718dd270-f23f-4af4-844a-ea0102314e29/context 200 3 ms - 84
[HTTP] 
[HTTP] --> GET /wd/hub/session/718dd270-f23f-4af4-844a-ea0102314e29/contexts
[HTTP] {}
[HTTP] <-- GET /wd/hub/session/718dd270-f23f-4af4-844a-ea0102314e29/contexts 200 136 ms - 127
[HTTP] 
[HTTP] --> POST /wd/hub/session/718dd270-f23f-4af4-844a-ea0102314e29/context
[HTTP] {"name":"NATIVE_APP"}
[HTTP] <-- POST /wd/hub/session/718dd270-f23f-4af4-844a-ea0102314e29/context 200 62 ms - 76
[HTTP] 
[HTTP] --> POST /wd/hub/session/718dd270-f23f-4af4-844a-ea0102314e29/touch/perform
[HTTP] {"actions":[{"action":"press","options":{"x":800,"y":1000}},{"action":"wait","options":{"ms":500}},{"action":"moveTo","options":{"x":10,"y":800}}]}
[HTTP] <-- POST /wd/hub/session/718dd270-f23f-4af4-844a-ea0102314e29/touch/perform 200 2074 ms - 76
[HTTP] 
[HTTP] --> POST /wd/hub/session/718dd270-f23f-4af4-844a-ea0102314e29/context
[HTTP] {"name":"NATIVE_APP"}
[HTTP] <-- POST /wd/hub/session/718dd270-f23f-4af4-844a-ea0102314e29/context 200 36 ms - 76
[HTTP] 
[HTTP] --> GET /wd/hub/session/718dd270-f23f-4af4-844a-ea0102314e29/window/current/size
[HTTP] {}
[W3C] Driver proxy active, passing request on via HTTP proxy
[JSONWP Proxy] Replacing sessionId 595abe11-f930-4b53-b5c6-fc39c3ac446e with 718dd270-f23f-4af4-844a-ea0102314e29
[HTTP] <-- GET /wd/hub/session/718dd270-f23f-4af4-844a-ea0102314e29/window/current/size 200 18 ms - 100
[HTTP] 
[HTTP] --> POST /wd/hub/session/718dd270-f23f-4af4-844a-ea0102314e29/elements
[HTTP] {"using":"-android uiautomator","value":"new UiSelector().className(\"android.widget.LinearLayout\").instance(4)"}
[HTTP] <-- POST /wd/hub/session/718dd270-f23f-4af4-844a-ea0102314e29/elements 200 111 ms - 124
[HTTP] 
[HTTP] --> GET /wd/hub/session/718dd270-f23f-4af4-844a-ea0102314e29
[HTTP] {}
[HTTP] <-- GET /wd/hub/session/718dd270-f23f-4af4-844a-ea0102314e29 200 15 ms - 1284
[HTTP] 
[HTTP] --> GET /wd/hub/session/718dd270-f23f-4af4-844a-ea0102314e29
[HTTP] {}
[HTTP] <-- GET /wd/hub/session/718dd270-f23f-4af4-844a-ea0102314e29 200 15 ms - 1284
[HTTP] 
[HTTP] --> GET /wd/hub/session/718dd270-f23f-4af4-844a-ea0102314e29
[HTTP] {}
[HTTP] <-- GET /wd/hub/session/718dd270-f23f-4af4-844a-ea0102314e29 200 22 ms - 1284
[HTTP] 
[HTTP] --> GET /wd/hub/session/718dd270-f23f-4af4-844a-ea0102314e29
[HTTP] {}
[HTTP] <-- GET /wd/hub/session/718dd270-f23f-4af4-844a-ea0102314e29 200 14 ms - 1284
[HTTP] 
[HTTP] --> GET /wd/hub/session/718dd270-f23f-4af4-844a-ea0102314e29/element/8cfd175c-e794-4e4d-b6cc-798a212db6af/location
[HTTP] {}
[W3C] Driver proxy active, passing request on via HTTP proxy
[JSONWP Proxy] Replacing sessionId 595abe11-f930-4b53-b5c6-fc39c3ac446e with 718dd270-f23f-4af4-844a-ea0102314e29
[HTTP] <-- GET /wd/hub/session/718dd270-f23f-4af4-844a-ea0102314e29/element/8cfd175c-e794-4e4d-b6cc-798a212db6af/location 200 25 ms - 87
[HTTP] 
[HTTP] --> POST /wd/hub/session/718dd270-f23f-4af4-844a-ea0102314e29/touch/perform
[HTTP] {"actions":[{"action":"tap","options":{"element":"8cfd175c-e794-4e4d-b6cc-798a212db6af","x":1,"y":1}}]}
[UiAutomator2] calling get location: 8cfd175c-e794-4e4d-b6cc-798a212db6af
[HTTP] <-- POST /wd/hub/session/718dd270-f23f-4af4-844a-ea0102314e29/touch/perform 200 1101 ms - 76
[HTTP] 
[HTTP] --> GET /wd/hub/session/718dd270-f23f-4af4-844a-ea0102314e29/context
[HTTP] {}
[HTTP] <-- GET /wd/hub/session/718dd270-f23f-4af4-844a-ea0102314e29/context 200 3 ms - 84
[HTTP] 
[HTTP] --> GET /wd/hub/session/718dd270-f23f-4af4-844a-ea0102314e29/contexts
[HTTP] {}
[HTTP] <-- GET /wd/hub/session/718dd270-f23f-4af4-844a-ea0102314e29/contexts 200 45 ms - 127
[HTTP] 
[HTTP] --> POST /wd/hub/session/718dd270-f23f-4af4-844a-ea0102314e29/context
[HTTP] {"name":"NATIVE_APP"}
[HTTP] <-- POST /wd/hub/session/718dd270-f23f-4af4-844a-ea0102314e29/context 200 42 ms - 76
[HTTP] 
[HTTP] --> POST /wd/hub/session/718dd270-f23f-4af4-844a-ea0102314e29/touch/perform
[HTTP] {"actions":[{"action":"press","options":{"x":800,"y":1000}},{"action":"wait","options":{"ms":500}},{"action":"moveTo","options":{"x":10,"y":800}}]}
[HTTP] <-- POST /wd/hub/session/718dd270-f23f-4af4-844a-ea0102314e29/touch/perform 200 2058 ms - 76
[HTTP] 
[HTTP] --> POST /wd/hub/session/718dd270-f23f-4af4-844a-ea0102314e29/context
[HTTP] {"name":"NATIVE_APP"}
[HTTP] <-- POST /wd/hub/session/718dd270-f23f-4af4-844a-ea0102314e29/context 200 32 ms - 76
[HTTP] 
[HTTP] --> GET /wd/hub/session/718dd270-f23f-4af4-844a-ea0102314e29/window/current/size
[HTTP] {}
[W3C] Driver proxy active, passing request on via HTTP proxy
[JSONWP Proxy] Replacing sessionId 595abe11-f930-4b53-b5c6-fc39c3ac446e with 718dd270-f23f-4af4-844a-ea0102314e29
[HTTP] <-- GET /wd/hub/session/718dd270-f23f-4af4-844a-ea0102314e29/window/current/size 200 20 ms - 100
[HTTP] 
[HTTP] --> POST /wd/hub/session/718dd270-f23f-4af4-844a-ea0102314e29/elements
[HTTP] {"using":"-android uiautomator","value":"new UiSelector().className(\"android.widget.LinearLayout\").instance(4)"}
[HTTP] <-- POST /wd/hub/session/718dd270-f23f-4af4-844a-ea0102314e29/elements 200 119 ms - 124
[HTTP] 
[HTTP] --> GET /wd/hub/session/718dd270-f23f-4af4-844a-ea0102314e29
[HTTP] {}
[HTTP] <-- GET /wd/hub/session/718dd270-f23f-4af4-844a-ea0102314e29 200 14 ms - 1284
[HTTP] 
[HTTP] --> GET /wd/hub/session/718dd270-f23f-4af4-844a-ea0102314e29
[HTTP] {}
[HTTP] <-- GET /wd/hub/session/718dd270-f23f-4af4-844a-ea0102314e29 200 14 ms - 1284
[HTTP] 
[HTTP] --> GET /wd/hub/session/718dd270-f23f-4af4-844a-ea0102314e29
[HTTP] {}
[HTTP] <-- GET /wd/hub/session/718dd270-f23f-4af4-844a-ea0102314e29 200 16 ms - 1284
[HTTP] 
[HTTP] --> GET /wd/hub/session/718dd270-f23f-4af4-844a-ea0102314e29
[HTTP] {}
[HTTP] <-- GET /wd/hub/session/718dd270-f23f-4af4-844a-ea0102314e29 200 16 ms - 1284
[HTTP] 
[HTTP] --> GET /wd/hub/session/718dd270-f23f-4af4-844a-ea0102314e29/element/162a5396-8b80-453a-a4f0-065b8ef293fd/location
[HTTP] {}
[W3C] Driver proxy active, passing request on via HTTP proxy
[JSONWP Proxy] Replacing sessionId 595abe11-f930-4b53-b5c6-fc39c3ac446e with 718dd270-f23f-4af4-844a-ea0102314e29
[HTTP] <-- GET /wd/hub/session/718dd270-f23f-4af4-844a-ea0102314e29/element/162a5396-8b80-453a-a4f0-065b8ef293fd/location 200 28 ms - 87
[HTTP] 
[HTTP] --> POST /wd/hub/session/718dd270-f23f-4af4-844a-ea0102314e29/touch/perform
[HTTP] {"actions":[{"action":"tap","options":{"element":"162a5396-8b80-453a-a4f0-065b8ef293fd","x":1,"y":1}}]}
[UiAutomator2] calling get location: 162a5396-8b80-453a-a4f0-065b8ef293fd
[HTTP] <-- POST /wd/hub/session/718dd270-f23f-4af4-844a-ea0102314e29/touch/perform 200 1107 ms - 76
[HTTP] 
[HTTP] --> GET /wd/hub/session/718dd270-f23f-4af4-844a-ea0102314e29/context
[HTTP] {}
[HTTP] <-- GET /wd/hub/session/718dd270-f23f-4af4-844a-ea0102314e29/context 200 2 ms - 84
[HTTP] 
[HTTP] --> GET /wd/hub/session/718dd270-f23f-4af4-844a-ea0102314e29/contexts
[HTTP] {}
[HTTP] <-- GET /wd/hub/session/718dd270-f23f-4af4-844a-ea0102314e29/contexts 200 32 ms - 127
[HTTP] 
[HTTP] --> POST /wd/hub/session/718dd270-f23f-4af4-844a-ea0102314e29/context
[HTTP] {"name":"NATIVE_APP"}
[HTTP] <-- POST /wd/hub/session/718dd270-f23f-4af4-844a-ea0102314e29/context 200 40 ms - 76
[HTTP] 
[HTTP] --> POST /wd/hub/session/718dd270-f23f-4af4-844a-ea0102314e29/touch/perform
[HTTP] {"actions":[{"action":"press","options":{"x":800,"y":1000}},{"action":"wait","options":{"ms":500}},{"action":"moveTo","options":{"x":10,"y":800}}]}
[HTTP] <-- POST /wd/hub/session/718dd270-f23f-4af4-844a-ea0102314e29/touch/perform 200 2074 ms - 76
[HTTP] 
[HTTP] --> POST /wd/hub/session/718dd270-f23f-4af4-844a-ea0102314e29/context
[HTTP] {"name":"NATIVE_APP"}
[HTTP] <-- POST /wd/hub/session/718dd270-f23f-4af4-844a-ea0102314e29/context 200 101 ms - 76
[HTTP] 
[HTTP] --> GET /wd/hub/session/718dd270-f23f-4af4-844a-ea0102314e29/window/current/size
[HTTP] {}
[W3C] Driver proxy active, passing request on via HTTP proxy
[JSONWP Proxy] Replacing sessionId 595abe11-f930-4b53-b5c6-fc39c3ac446e with 718dd270-f23f-4af4-844a-ea0102314e29
[HTTP] <-- GET /wd/hub/session/718dd270-f23f-4af4-844a-ea0102314e29/window/current/size 200 32 ms - 100
[HTTP] 
[HTTP] --> POST /wd/hub/session/718dd270-f23f-4af4-844a-ea0102314e29/elements
[HTTP] {"using":"-android uiautomator","value":"new UiSelector().className(\"android.widget.LinearLayout\").instance(4)"}
[HTTP] <-- POST /wd/hub/session/718dd270-f23f-4af4-844a-ea0102314e29/elements 200 102 ms - 124
[HTTP] 
[HTTP] --> GET /wd/hub/session/718dd270-f23f-4af4-844a-ea0102314e29
[HTTP] {}
[HTTP] <-- GET /wd/hub/session/718dd270-f23f-4af4-844a-ea0102314e29 200 35 ms - 1167
[HTTP] 
[HTTP] --> GET /wd/hub/session/718dd270-f23f-4af4-844a-ea0102314e29
[HTTP] {}
[HTTP] <-- GET /wd/hub/session/718dd270-f23f-4af4-844a-ea0102314e29 200 39 ms - 1167
[HTTP] 
[HTTP] --> GET /wd/hub/session/718dd270-f23f-4af4-844a-ea0102314e29
[HTTP] {}
[HTTP] <-- GET /wd/hub/session/718dd270-f23f-4af4-844a-ea0102314e29 200 32 ms - 1167
[HTTP] 
[HTTP] --> GET /wd/hub/session/718dd270-f23f-4af4-844a-ea0102314e29
[HTTP] {}
[HTTP] <-- GET /wd/hub/session/718dd270-f23f-4af4-844a-ea0102314e29 200 30 ms - 1167
[HTTP] 
[HTTP] --> GET /wd/hub/session/718dd270-f23f-4af4-844a-ea0102314e29/element/d54af4ae-6727-40c4-90e5-f99bfd97cb64/location
[HTTP] {}
[W3C] Driver proxy active, passing request on via HTTP proxy
[JSONWP Proxy] Replacing sessionId 595abe11-f930-4b53-b5c6-fc39c3ac446e with 718dd270-f23f-4af4-844a-ea0102314e29
[HTTP] <-- GET /wd/hub/session/718dd270-f23f-4af4-844a-ea0102314e29/element/d54af4ae-6727-40c4-90e5-f99bfd97cb64/location 200 64 ms - 88
[HTTP] 
[HTTP] --> POST /wd/hub/session/718dd270-f23f-4af4-844a-ea0102314e29/touch/perform
[HTTP] {"actions":[{"action":"tap","options":{"element":"d54af4ae-6727-40c4-90e5-f99bfd97cb64","x":1,"y":1}}]}
[UiAutomator2] calling get location: d54af4ae-6727-40c4-90e5-f99bfd97cb64
[HTTP] <-- POST /wd/hub/session/718dd270-f23f-4af4-844a-ea0102314e29/touch/perform 200 3226 ms - 76
[HTTP] 
[HTTP] --> GET /wd/hub/session/718dd270-f23f-4af4-844a-ea0102314e29/context
[HTTP] {}
[HTTP] <-- GET /wd/hub/session/718dd270-f23f-4af4-844a-ea0102314e29/context 200 2 ms - 84
[HTTP] 
[HTTP] --> GET /wd/hub/session/718dd270-f23f-4af4-844a-ea0102314e29/contexts
[HTTP] {}
[HTTP] <-- GET /wd/hub/session/718dd270-f23f-4af4-844a-ea0102314e29/contexts 200 42 ms - 127
[HTTP] 
[HTTP] --> POST /wd/hub/session/718dd270-f23f-4af4-844a-ea0102314e29/context
[HTTP] {"name":"NATIVE_APP"}
[HTTP] <-- POST /wd/hub/session/718dd270-f23f-4af4-844a-ea0102314e29/context 200 29 ms - 76
[HTTP] 
[HTTP] --> POST /wd/hub/session/718dd270-f23f-4af4-844a-ea0102314e29/touch/perform
[HTTP] {"actions":[{"action":"press","options":{"x":800,"y":1000}},{"action":"wait","options":{"ms":500}},{"action":"moveTo","options":{"x":10,"y":800}}]}
[HTTP] <-- POST /wd/hub/session/718dd270-f23f-4af4-844a-ea0102314e29/touch/perform 200 2060 ms - 76
[HTTP] 
[HTTP] --> POST /wd/hub/session/718dd270-f23f-4af4-844a-ea0102314e29/context
[HTTP] {"name":"NATIVE_APP"}
[HTTP] <-- POST /wd/hub/session/718dd270-f23f-4af4-844a-ea0102314e29/context 200 75 ms - 76
[HTTP] 
[HTTP] --> GET /wd/hub/session/718dd270-f23f-4af4-844a-ea0102314e29/window/current/size
[HTTP] {}
[W3C] Driver proxy active, passing request on via HTTP proxy
[JSONWP Proxy] Replacing sessionId 595abe11-f930-4b53-b5c6-fc39c3ac446e with 718dd270-f23f-4af4-844a-ea0102314e29
[HTTP] <-- GET /wd/hub/session/718dd270-f23f-4af4-844a-ea0102314e29/window/current/size 200 44 ms - 100
[HTTP] 
[HTTP] --> POST /wd/hub/session/718dd270-f23f-4af4-844a-ea0102314e29/elements
[HTTP] {"using":"-android uiautomator","value":"new UiSelector().className(\"android.widget.EditText\").text(\"No Handphone\").resourceId(\"id.co.fundtastic.client:id/et_phone\").instance(0)"}
[HTTP] <-- POST /wd/hub/session/718dd270-f23f-4af4-844a-ea0102314e29/elements 200 125 ms - 124
[HTTP] 
[HTTP] --> GET /wd/hub/session/718dd270-f23f-4af4-844a-ea0102314e29
[HTTP] {}
[HTTP] <-- GET /wd/hub/session/718dd270-f23f-4af4-844a-ea0102314e29 200 41 ms - 1167
[HTTP] 
[HTTP] --> GET /wd/hub/session/718dd270-f23f-4af4-844a-ea0102314e29
[HTTP] {}
[HTTP] <-- GET /wd/hub/session/718dd270-f23f-4af4-844a-ea0102314e29 200 35 ms - 1167
[HTTP] 
[HTTP] --> GET /wd/hub/session/718dd270-f23f-4af4-844a-ea0102314e29
[HTTP] {}
[HTTP] <-- GET /wd/hub/session/718dd270-f23f-4af4-844a-ea0102314e29 200 48 ms - 1167
[HTTP] 
[HTTP] --> GET /wd/hub/session/718dd270-f23f-4af4-844a-ea0102314e29
[HTTP] {}
[HTTP] <-- GET /wd/hub/session/718dd270-f23f-4af4-844a-ea0102314e29 200 32 ms - 1167
[HTTP] 
[HTTP] --> GET /wd/hub/session/718dd270-f23f-4af4-844a-ea0102314e29/element/c6e83b1c-649f-48ba-8ff7-ea75cba0cf4f/location
[HTTP] {}
[W3C] Driver proxy active, passing request on via HTTP proxy
[JSONWP Proxy] Replacing sessionId 595abe11-f930-4b53-b5c6-fc39c3ac446e with 718dd270-f23f-4af4-844a-ea0102314e29
[HTTP] <-- GET /wd/hub/session/718dd270-f23f-4af4-844a-ea0102314e29/element/c6e83b1c-649f-48ba-8ff7-ea75cba0cf4f/location 200 82 ms - 88
[HTTP] 
[HTTP] --> POST /wd/hub/session/718dd270-f23f-4af4-844a-ea0102314e29/element/c6e83b1c-649f-48ba-8ff7-ea75cba0cf4f/clear
[HTTP] {"id":"c6e83b1c-649f-48ba-8ff7-ea75cba0cf4f"}
[HTTP] <-- POST /wd/hub/session/718dd270-f23f-4af4-844a-ea0102314e29/element/c6e83b1c-649f-48ba-8ff7-ea75cba0cf4f/clear 200 96 ms - 89
[HTTP] 
[HTTP] --> POST /wd/hub/session/718dd270-f23f-4af4-844a-ea0102314e29/element/c6e83b1c-649f-48ba-8ff7-ea75cba0cf4f/value
[HTTP] {"id":"c6e83b1c-649f-48ba-8ff7-ea75cba0cf4f","value":["081215161452"]}
[HTTP] <-- POST /wd/hub/session/718dd270-f23f-4af4-844a-ea0102314e29/element/c6e83b1c-649f-48ba-8ff7-ea75cba0cf4f/value 200 1209 ms - 74
[HTTP] 
[HTTP] --> GET /wd/hub/session/718dd270-f23f-4af4-844a-ea0102314e29/window/current/size
[HTTP] {}
[W3C] Driver proxy active, passing request on via HTTP proxy
[JSONWP Proxy] Replacing sessionId 595abe11-f930-4b53-b5c6-fc39c3ac446e with 718dd270-f23f-4af4-844a-ea0102314e29
[HTTP] <-- GET /wd/hub/session/718dd270-f23f-4af4-844a-ea0102314e29/window/current/size 200 19 ms - 100
[HTTP] 
[HTTP] --> POST /wd/hub/session/718dd270-f23f-4af4-844a-ea0102314e29/elements
[HTTP] {"using":"-android uiautomator","value":"new UiSelector().className(\"android.widget.Button\").text(\"MASUK\").resourceId(\"id.co.fundtastic.client:id/btnLogin\").instance(0)"}
[HTTP] <-- POST /wd/hub/session/718dd270-f23f-4af4-844a-ea0102314e29/elements 200 459 ms - 124
[HTTP] 
[HTTP] --> GET /wd/hub/session/718dd270-f23f-4af4-844a-ea0102314e29
[HTTP] {}
[HTTP] <-- GET /wd/hub/session/718dd270-f23f-4af4-844a-ea0102314e29 200 12 ms - 1167
[HTTP] 
[HTTP] --> GET /wd/hub/session/718dd270-f23f-4af4-844a-ea0102314e29
[HTTP] {}
[HTTP] <-- GET /wd/hub/session/718dd270-f23f-4af4-844a-ea0102314e29 200 12 ms - 1167
[HTTP] 
[HTTP] --> GET /wd/hub/session/718dd270-f23f-4af4-844a-ea0102314e29
[HTTP] {}
[HTTP] <-- GET /wd/hub/session/718dd270-f23f-4af4-844a-ea0102314e29 200 12 ms - 1167
[HTTP] 
[HTTP] --> GET /wd/hub/session/718dd270-f23f-4af4-844a-ea0102314e29
[HTTP] {}
[HTTP] <-- GET /wd/hub/session/718dd270-f23f-4af4-844a-ea0102314e29 200 12 ms - 1167
[HTTP] 
[HTTP] --> GET /wd/hub/session/718dd270-f23f-4af4-844a-ea0102314e29/element/4a2acdb8-7925-404c-b64b-20be547a0960/location
[HTTP] {}
[W3C] Driver proxy active, passing request on via HTTP proxy
[JSONWP Proxy] Replacing sessionId 595abe11-f930-4b53-b5c6-fc39c3ac446e with 718dd270-f23f-4af4-844a-ea0102314e29
[HTTP] <-- GET /wd/hub/session/718dd270-f23f-4af4-844a-ea0102314e29/element/4a2acdb8-7925-404c-b64b-20be547a0960/location 200 27 ms - 88
[HTTP] 
[HTTP] --> POST /wd/hub/session/718dd270-f23f-4af4-844a-ea0102314e29/touch/perform
[HTTP] {"actions":[{"action":"tap","options":{"element":"4a2acdb8-7925-404c-b64b-20be547a0960","x":1,"y":1}}]}
[UiAutomator2] calling get location: 4a2acdb8-7925-404c-b64b-20be547a0960
[HTTP] <-- POST /wd/hub/session/718dd270-f23f-4af4-844a-ea0102314e29/touch/perform 200 795 ms - 76
[HTTP] 
[HTTP] --> GET /wd/hub/session/718dd270-f23f-4af4-844a-ea0102314e29/window/current/size
[HTTP] {}
[W3C] Driver proxy active, passing request on via HTTP proxy
[JSONWP Proxy] Replacing sessionId 595abe11-f930-4b53-b5c6-fc39c3ac446e with 718dd270-f23f-4af4-844a-ea0102314e29
[HTTP] <-- GET /wd/hub/session/718dd270-f23f-4af4-844a-ea0102314e29/window/current/size 200 21 ms - 100
[HTTP] 
[HTTP] --> POST /wd/hub/session/718dd270-f23f-4af4-844a-ea0102314e29/elements
[HTTP] {"using":"-android uiautomator","value":"new UiSelector().className(\"android.widget.TextView\").text(\"Verifikasi Nomor HP\").instance(0)"}
[HTTP] <-- POST /wd/hub/session/718dd270-f23f-4af4-844a-ea0102314e29/elements 200 240 ms - 124
[HTTP] 
[HTTP] --> GET /wd/hub/session/718dd270-f23f-4af4-844a-ea0102314e29
[HTTP] {}
[HTTP] <-- GET /wd/hub/session/718dd270-f23f-4af4-844a-ea0102314e29 200 11 ms - 1167
[HTTP] 
[HTTP] --> GET /wd/hub/session/718dd270-f23f-4af4-844a-ea0102314e29
[HTTP] {}
[HTTP] <-- GET /wd/hub/session/718dd270-f23f-4af4-844a-ea0102314e29 200 14 ms - 1167
[HTTP] 
[HTTP] --> GET /wd/hub/session/718dd270-f23f-4af4-844a-ea0102314e29
[HTTP] {}
[HTTP] <-- GET /wd/hub/session/718dd270-f23f-4af4-844a-ea0102314e29 200 11 ms - 1167
[HTTP] 
[HTTP] --> GET /wd/hub/session/718dd270-f23f-4af4-844a-ea0102314e29
[HTTP] {}
[HTTP] <-- GET /wd/hub/session/718dd270-f23f-4af4-844a-ea0102314e29 200 21 ms - 1167
[HTTP] 
[HTTP] --> GET /wd/hub/session/718dd270-f23f-4af4-844a-ea0102314e29/element/c0d9d8ca-7994-41a6-bd8a-0a0a5bde4c84/location
[HTTP] {}
[W3C] Driver proxy active, passing request on via HTTP proxy
[JSONWP Proxy] Replacing sessionId 595abe11-f930-4b53-b5c6-fc39c3ac446e with 718dd270-f23f-4af4-844a-ea0102314e29
[HTTP] <-- GET /wd/hub/session/718dd270-f23f-4af4-844a-ea0102314e29/element/c0d9d8ca-7994-41a6-bd8a-0a0a5bde4c84/location 200 18 ms - 89
[HTTP] 
[HTTP] --> GET /wd/hub/session/718dd270-f23f-4af4-844a-ea0102314e29/element/c0d9d8ca-7994-41a6-bd8a-0a0a5bde4c84/text
[HTTP] {}
[W3C] Driver proxy active, passing request on via HTTP proxy
[JSONWP Proxy] Replacing sessionId 595abe11-f930-4b53-b5c6-fc39c3ac446e with 718dd270-f23f-4af4-844a-ea0102314e29
[HTTP] <-- GET /wd/hub/session/718dd270-f23f-4af4-844a-ea0102314e29/element/c0d9d8ca-7994-41a6-bd8a-0a0a5bde4c84/text 200 20 ms - 93
[HTTP] 
[HTTP] --> GET /wd/hub/session/718dd270-f23f-4af4-844a-ea0102314e29/window/current/size
[HTTP] {}
[W3C] Driver proxy active, passing request on via HTTP proxy
[JSONWP Proxy] Replacing sessionId 595abe11-f930-4b53-b5c6-fc39c3ac446e with 718dd270-f23f-4af4-844a-ea0102314e29
[HTTP] <-- GET /wd/hub/session/718dd270-f23f-4af4-844a-ea0102314e29/window/current/size 200 15 ms - 100
[HTTP] 
[HTTP] --> POST /wd/hub/session/718dd270-f23f-4af4-844a-ea0102314e29/elements
[HTTP] {"using":"-android uiautomator","value":"new UiSelector().className(\"android.widget.EditText\").resourceId(\"id.co.fundtastic.client:id/et_otp\").instance(0)"}
[HTTP] <-- POST /wd/hub/session/718dd270-f23f-4af4-844a-ea0102314e29/elements 200 34 ms - 124
[HTTP] 
[HTTP] --> GET /wd/hub/session/718dd270-f23f-4af4-844a-ea0102314e29
[HTTP] {}
[HTTP] <-- GET /wd/hub/session/718dd270-f23f-4af4-844a-ea0102314e29 200 23 ms - 1167
[HTTP] 
[HTTP] --> GET /wd/hub/session/718dd270-f23f-4af4-844a-ea0102314e29
[HTTP] {}
[HTTP] <-- GET /wd/hub/session/718dd270-f23f-4af4-844a-ea0102314e29 200 22 ms - 1167
[HTTP] 
[HTTP] --> GET /wd/hub/session/718dd270-f23f-4af4-844a-ea0102314e29
[HTTP] {}
[HTTP] <-- GET /wd/hub/session/718dd270-f23f-4af4-844a-ea0102314e29 200 18 ms - 1167
[HTTP] 
[HTTP] --> GET /wd/hub/session/718dd270-f23f-4af4-844a-ea0102314e29
[HTTP] {}
[HTTP] <-- GET /wd/hub/session/718dd270-f23f-4af4-844a-ea0102314e29 200 14 ms - 1167
[HTTP] 
[HTTP] --> GET /wd/hub/session/718dd270-f23f-4af4-844a-ea0102314e29/element/e351a469-1fac-41f4-880f-778262d9bbe1/location
[HTTP] {}
[W3C] Driver proxy active, passing request on via HTTP proxy
[JSONWP Proxy] Replacing sessionId 595abe11-f930-4b53-b5c6-fc39c3ac446e with 718dd270-f23f-4af4-844a-ea0102314e29
[HTTP] <-- GET /wd/hub/session/718dd270-f23f-4af4-844a-ea0102314e29/element/e351a469-1fac-41f4-880f-778262d9bbe1/location 200 448 ms - 89
[HTTP] 
[HTTP] --> POST /wd/hub/session/718dd270-f23f-4af4-844a-ea0102314e29/touch/perform
[HTTP] {"actions":[{"action":"tap","options":{"element":"e351a469-1fac-41f4-880f-778262d9bbe1","x":1,"y":1}}]}
[UiAutomator2] calling get location: e351a469-1fac-41f4-880f-778262d9bbe1
[HTTP] <-- POST /wd/hub/session/718dd270-f23f-4af4-844a-ea0102314e29/touch/perform 200 987 ms - 76
[HTTP] 
[HTTP] --> GET /wd/hub/session/718dd270-f23f-4af4-844a-ea0102314e29/window/current/size
[HTTP] {}
[W3C] Driver proxy active, passing request on via HTTP proxy
[JSONWP Proxy] Replacing sessionId 595abe11-f930-4b53-b5c6-fc39c3ac446e with 718dd270-f23f-4af4-844a-ea0102314e29
[HTTP] <-- GET /wd/hub/session/718dd270-f23f-4af4-844a-ea0102314e29/window/current/size 200 13 ms - 100
[HTTP] 
[HTTP] --> POST /wd/hub/session/718dd270-f23f-4af4-844a-ea0102314e29/elements
[HTTP] {"using":"-android uiautomator","value":"new UiSelector().className(\"android.widget.EditText\").resourceId(\"id.co.fundtastic.client:id/et_otp\").instance(0)"}
[HTTP] <-- POST /wd/hub/session/718dd270-f23f-4af4-844a-ea0102314e29/elements 200 34 ms - 124
[HTTP] 
[HTTP] --> GET /wd/hub/session/718dd270-f23f-4af4-844a-ea0102314e29
[HTTP] {}
[HTTP] <-- GET /wd/hub/session/718dd270-f23f-4af4-844a-ea0102314e29 200 13 ms - 1167
[HTTP] 
[HTTP] --> GET /wd/hub/session/718dd270-f23f-4af4-844a-ea0102314e29
[HTTP] {}
[HTTP] <-- GET /wd/hub/session/718dd270-f23f-4af4-844a-ea0102314e29 200 18 ms - 1167
[HTTP] 
[HTTP] --> GET /wd/hub/session/718dd270-f23f-4af4-844a-ea0102314e29
[HTTP] {}
[HTTP] <-- GET /wd/hub/session/718dd270-f23f-4af4-844a-ea0102314e29 200 13 ms - 1167
[HTTP] 
[HTTP] --> GET /wd/hub/session/718dd270-f23f-4af4-844a-ea0102314e29
[HTTP] {}
[HTTP] <-- GET /wd/hub/session/718dd270-f23f-4af4-844a-ea0102314e29 200 15 ms - 1167
[HTTP] 
[HTTP] --> GET /wd/hub/session/718dd270-f23f-4af4-844a-ea0102314e29/element/cba4d47e-0ff2-4e45-a35d-0ef925c22e3e/location
[HTTP] {}
[W3C] Driver proxy active, passing request on via HTTP proxy
[JSONWP Proxy] Replacing sessionId 595abe11-f930-4b53-b5c6-fc39c3ac446e with 718dd270-f23f-4af4-844a-ea0102314e29
[HTTP] <-- GET /wd/hub/session/718dd270-f23f-4af4-844a-ea0102314e29/element/cba4d47e-0ff2-4e45-a35d-0ef925c22e3e/location 200 27 ms - 89
[HTTP] 
[HTTP] --> POST /wd/hub/session/718dd270-f23f-4af4-844a-ea0102314e29/element/cba4d47e-0ff2-4e45-a35d-0ef925c22e3e/clear
[HTTP] {"id":"cba4d47e-0ff2-4e45-a35d-0ef925c22e3e"}
[HTTP] <-- POST /wd/hub/session/718dd270-f23f-4af4-844a-ea0102314e29/element/cba4d47e-0ff2-4e45-a35d-0ef925c22e3e/clear 200 32 ms - 89
[HTTP] 
[HTTP] --> POST /wd/hub/session/718dd270-f23f-4af4-844a-ea0102314e29/element/cba4d47e-0ff2-4e45-a35d-0ef925c22e3e/value
[HTTP] {"id":"cba4d47e-0ff2-4e45-a35d-0ef925c22e3e","value":["8888"]}
[HTTP] <-- POST /wd/hub/session/718dd270-f23f-4af4-844a-ea0102314e29/element/cba4d47e-0ff2-4e45-a35d-0ef925c22e3e/value 200 841 ms - 74
[HTTP] 
[HTTP] --> GET /wd/hub/session/718dd270-f23f-4af4-844a-ea0102314e29/window/current/size
[HTTP] {}
[W3C] Driver proxy active, passing request on via HTTP proxy
[JSONWP Proxy] Replacing sessionId 595abe11-f930-4b53-b5c6-fc39c3ac446e with 718dd270-f23f-4af4-844a-ea0102314e29
[HTTP] <-- GET /wd/hub/session/718dd270-f23f-4af4-844a-ea0102314e29/window/current/size 200 40 ms - 100
[HTTP] 
[HTTP] --> POST /wd/hub/session/718dd270-f23f-4af4-844a-ea0102314e29/elements
[HTTP] {"using":"-android uiautomator","value":"new UiSelector().className(\"android.widget.Button\").text(\"Verifikasi Sekarang\").resourceId(\"id.co.fundtastic.client:id/btnVerified\").instance(0)"}
[HTTP] <-- POST /wd/hub/session/718dd270-f23f-4af4-844a-ea0102314e29/elements 200 881 ms - 124
[HTTP] 
[HTTP] --> GET /wd/hub/session/718dd270-f23f-4af4-844a-ea0102314e29
[HTTP] {}
[HTTP] <-- GET /wd/hub/session/718dd270-f23f-4af4-844a-ea0102314e29 200 15 ms - 1167
[HTTP] 
[HTTP] --> GET /wd/hub/session/718dd270-f23f-4af4-844a-ea0102314e29
[HTTP] {}
[HTTP] <-- GET /wd/hub/session/718dd270-f23f-4af4-844a-ea0102314e29 200 14 ms - 1167
[HTTP] 
[HTTP] --> GET /wd/hub/session/718dd270-f23f-4af4-844a-ea0102314e29
[HTTP] {}
[HTTP] <-- GET /wd/hub/session/718dd270-f23f-4af4-844a-ea0102314e29 200 12 ms - 1167
[HTTP] 
[HTTP] --> GET /wd/hub/session/718dd270-f23f-4af4-844a-ea0102314e29
[HTTP] {}
[HTTP] <-- GET /wd/hub/session/718dd270-f23f-4af4-844a-ea0102314e29 200 23 ms - 1167
[HTTP] 
[HTTP] --> GET /wd/hub/session/718dd270-f23f-4af4-844a-ea0102314e29/element/c0b3475f-7af3-446b-af16-12e4d071e3a7/location
[HTTP] {}
[W3C] Driver proxy active, passing request on via HTTP proxy
[JSONWP Proxy] Replacing sessionId 595abe11-f930-4b53-b5c6-fc39c3ac446e with 718dd270-f23f-4af4-844a-ea0102314e29
[HTTP] <-- GET /wd/hub/session/718dd270-f23f-4af4-844a-ea0102314e29/element/c0b3475f-7af3-446b-af16-12e4d071e3a7/location 200 37 ms - 88
[HTTP] 
[HTTP] --> POST /wd/hub/session/718dd270-f23f-4af4-844a-ea0102314e29/touch/perform
[HTTP] {"actions":[{"action":"tap","options":{"element":"c0b3475f-7af3-446b-af16-12e4d071e3a7","x":1,"y":1}}]}
[UiAutomator2] calling get location: c0b3475f-7af3-446b-af16-12e4d071e3a7
[HTTP] <-- POST /wd/hub/session/718dd270-f23f-4af4-844a-ea0102314e29/touch/perform 200 956 ms - 76
[HTTP] 
[HTTP] --> GET /wd/hub/session/718dd270-f23f-4af4-844a-ea0102314e29/window/current/size
[HTTP] {}
[W3C] Driver proxy active, passing request on via HTTP proxy
[JSONWP Proxy] Replacing sessionId 595abe11-f930-4b53-b5c6-fc39c3ac446e with 718dd270-f23f-4af4-844a-ea0102314e29
[HTTP] <-- GET /wd/hub/session/718dd270-f23f-4af4-844a-ea0102314e29/window/current/size 200 21 ms - 100
[HTTP] 
[HTTP] --> POST /wd/hub/session/718dd270-f23f-4af4-844a-ea0102314e29/elements
[HTTP] {"using":"-android uiautomator","value":"new UiSelector().className(\"android.widget.ImageView\").instance(3)"}
[HTTP] <-- POST /wd/hub/session/718dd270-f23f-4af4-844a-ea0102314e29/elements 200 1935 ms - 124
[HTTP] 
[HTTP] --> GET /wd/hub/session/718dd270-f23f-4af4-844a-ea0102314e29
[HTTP] {}
[HTTP] <-- GET /wd/hub/session/718dd270-f23f-4af4-844a-ea0102314e29 200 15 ms - 1167
[HTTP] 
[HTTP] --> GET /wd/hub/session/718dd270-f23f-4af4-844a-ea0102314e29
[HTTP] {}
[HTTP] <-- GET /wd/hub/session/718dd270-f23f-4af4-844a-ea0102314e29 200 12 ms - 1167
[HTTP] 
[HTTP] --> GET /wd/hub/session/718dd270-f23f-4af4-844a-ea0102314e29
[HTTP] {}
[HTTP] <-- GET /wd/hub/session/718dd270-f23f-4af4-844a-ea0102314e29 200 13 ms - 1167
[HTTP] 
[HTTP] --> GET /wd/hub/session/718dd270-f23f-4af4-844a-ea0102314e29
[HTTP] {}
[HTTP] <-- GET /wd/hub/session/718dd270-f23f-4af4-844a-ea0102314e29 200 19 ms - 1167
[HTTP] 
[HTTP] --> GET /wd/hub/session/718dd270-f23f-4af4-844a-ea0102314e29/element/99ee4a90-c9d0-44b6-be49-c9697674220c/location
[HTTP] {}
[W3C] Driver proxy active, passing request on via HTTP proxy
[JSONWP Proxy] Replacing sessionId 595abe11-f930-4b53-b5c6-fc39c3ac446e with 718dd270-f23f-4af4-844a-ea0102314e29
[HTTP] <-- GET /wd/hub/session/718dd270-f23f-4af4-844a-ea0102314e29/element/99ee4a90-c9d0-44b6-be49-c9697674220c/location 200 31 ms - 88
[HTTP] 
[HTTP] --> POST /wd/hub/session/718dd270-f23f-4af4-844a-ea0102314e29/touch/perform
[HTTP] {"actions":[{"action":"tap","options":{"element":"99ee4a90-c9d0-44b6-be49-c9697674220c","x":1,"y":1}}]}
[UiAutomator2] calling get location: 99ee4a90-c9d0-44b6-be49-c9697674220c
[HTTP] <-- POST /wd/hub/session/718dd270-f23f-4af4-844a-ea0102314e29/touch/perform 200 2853 ms - 76
[HTTP] 
[HTTP] --> GET /wd/hub/session/718dd270-f23f-4af4-844a-ea0102314e29/window/current/size
[HTTP] {}
[W3C] Driver proxy active, passing request on via HTTP proxy
[JSONWP Proxy] Replacing sessionId 595abe11-f930-4b53-b5c6-fc39c3ac446e with 718dd270-f23f-4af4-844a-ea0102314e29
[HTTP] <-- GET /wd/hub/session/718dd270-f23f-4af4-844a-ea0102314e29/window/current/size 200 14 ms - 100
[HTTP] 
[HTTP] --> POST /wd/hub/session/718dd270-f23f-4af4-844a-ea0102314e29/elements
[HTTP] {"using":"-android uiautomator","value":"new UiSelector().className(\"android.widget.LinearLayout\").instance(6)"}
[HTTP] <-- POST /wd/hub/session/718dd270-f23f-4af4-844a-ea0102314e29/elements 200 45 ms - 124
[HTTP] 
[HTTP] --> GET /wd/hub/session/718dd270-f23f-4af4-844a-ea0102314e29
[HTTP] {}
[HTTP] <-- GET /wd/hub/session/718dd270-f23f-4af4-844a-ea0102314e29 200 12 ms - 1167
[HTTP] 
[HTTP] --> GET /wd/hub/session/718dd270-f23f-4af4-844a-ea0102314e29
[HTTP] {}
[HTTP] <-- GET /wd/hub/session/718dd270-f23f-4af4-844a-ea0102314e29 200 14 ms - 1167
[HTTP] 
[HTTP] --> GET /wd/hub/session/718dd270-f23f-4af4-844a-ea0102314e29
[HTTP] {}
[HTTP] <-- GET /wd/hub/session/718dd270-f23f-4af4-844a-ea0102314e29 200 18 ms - 1167
[HTTP] 
[HTTP] --> GET /wd/hub/session/718dd270-f23f-4af4-844a-ea0102314e29
[HTTP] {}
[HTTP] <-- GET /wd/hub/session/718dd270-f23f-4af4-844a-ea0102314e29 200 13 ms - 1167
[HTTP] 
[HTTP] --> GET /wd/hub/session/718dd270-f23f-4af4-844a-ea0102314e29/element/835a8181-f202-487c-b070-80864f3f813e/location
[HTTP] {}
[W3C] Driver proxy active, passing request on via HTTP proxy
[JSONWP Proxy] Replacing sessionId 595abe11-f930-4b53-b5c6-fc39c3ac446e with 718dd270-f23f-4af4-844a-ea0102314e29
[HTTP] <-- GET /wd/hub/session/718dd270-f23f-4af4-844a-ea0102314e29/element/835a8181-f202-487c-b070-80864f3f813e/location 200 22 ms - 88
[HTTP] 
[HTTP] --> POST /wd/hub/session/718dd270-f23f-4af4-844a-ea0102314e29/touch/perform
[HTTP] {"actions":[{"action":"tap","options":{"element":"835a8181-f202-487c-b070-80864f3f813e","x":1,"y":1}}]}
[UiAutomator2] calling get location: 835a8181-f202-487c-b070-80864f3f813e
[HTTP] <-- POST /wd/hub/session/718dd270-f23f-4af4-844a-ea0102314e29/touch/perform 200 1914 ms - 76
[HTTP] 
[HTTP] --> GET /wd/hub/session/718dd270-f23f-4af4-844a-ea0102314e29/window/current/size
[HTTP] {}
[W3C] Driver proxy active, passing request on via HTTP proxy
[JSONWP Proxy] Replacing sessionId 595abe11-f930-4b53-b5c6-fc39c3ac446e with 718dd270-f23f-4af4-844a-ea0102314e29
[HTTP] <-- GET /wd/hub/session/718dd270-f23f-4af4-844a-ea0102314e29/window/current/size 200 17 ms - 100
[HTTP] 
[HTTP] --> POST /wd/hub/session/718dd270-f23f-4af4-844a-ea0102314e29/elements
[HTTP] {"using":"-android uiautomator","value":"new UiSelector().className(\"android.widget.ImageView\").resourceId(\"id.co.fundtastic.client:id/btnAddToChart\").instance(6)"}
[HTTP] <-- POST /wd/hub/session/718dd270-f23f-4af4-844a-ea0102314e29/elements 200 44 ms - 124
[HTTP] 
[HTTP] --> GET /wd/hub/session/718dd270-f23f-4af4-844a-ea0102314e29
[HTTP] {}
[HTTP] <-- GET /wd/hub/session/718dd270-f23f-4af4-844a-ea0102314e29 200 11 ms - 1167
[HTTP] 
[HTTP] --> GET /wd/hub/session/718dd270-f23f-4af4-844a-ea0102314e29
[HTTP] {}
[HTTP] <-- GET /wd/hub/session/718dd270-f23f-4af4-844a-ea0102314e29 200 12 ms - 1167
[HTTP] 
[HTTP] --> GET /wd/hub/session/718dd270-f23f-4af4-844a-ea0102314e29
[HTTP] {}
[HTTP] <-- GET /wd/hub/session/718dd270-f23f-4af4-844a-ea0102314e29 200 21 ms - 1167
[HTTP] 
[HTTP] --> GET /wd/hub/session/718dd270-f23f-4af4-844a-ea0102314e29
[HTTP] {}
[HTTP] <-- GET /wd/hub/session/718dd270-f23f-4af4-844a-ea0102314e29 200 15 ms - 1167
[HTTP] 
[HTTP] --> GET /wd/hub/session/718dd270-f23f-4af4-844a-ea0102314e29/element/647a9888-b05c-418b-87ef-ff986c2502f6/location
[HTTP] {}
[W3C] Driver proxy active, passing request on via HTTP proxy
[JSONWP Proxy] Replacing sessionId 595abe11-f930-4b53-b5c6-fc39c3ac446e with 718dd270-f23f-4af4-844a-ea0102314e29
[HTTP] <-- GET /wd/hub/session/718dd270-f23f-4af4-844a-ea0102314e29/element/647a9888-b05c-418b-87ef-ff986c2502f6/location 200 19 ms - 88
[HTTP] 
[HTTP] --> POST /wd/hub/session/718dd270-f23f-4af4-844a-ea0102314e29/touch/perform
[HTTP] {"actions":[{"action":"tap","options":{"element":"647a9888-b05c-418b-87ef-ff986c2502f6","x":1,"y":1}}]}
[UiAutomator2] calling get location: 647a9888-b05c-418b-87ef-ff986c2502f6
[HTTP] <-- POST /wd/hub/session/718dd270-f23f-4af4-844a-ea0102314e29/touch/perform 200 3147 ms - 76
[HTTP] 
[HTTP] --> GET /wd/hub/session/718dd270-f23f-4af4-844a-ea0102314e29/window/current/size
[HTTP] {}
[W3C] Driver proxy active, passing request on via HTTP proxy
[JSONWP Proxy] Replacing sessionId 595abe11-f930-4b53-b5c6-fc39c3ac446e with 718dd270-f23f-4af4-844a-ea0102314e29
[HTTP] <-- GET /wd/hub/session/718dd270-f23f-4af4-844a-ea0102314e29/window/current/size 200 22 ms - 100
[HTTP] 
[HTTP] --> POST /wd/hub/session/718dd270-f23f-4af4-844a-ea0102314e29/elements
[HTTP] {"using":"-android uiautomator","value":"new UiSelector().className(\"android.widget.Button\").text(\"Lanjutkan\").resourceId(\"id.co.fundtastic.client:id/btnNext\").instance(0)"}
[HTTP] <-- POST /wd/hub/session/718dd270-f23f-4af4-844a-ea0102314e29/elements 200 27 ms - 124
[HTTP] 
[HTTP] --> GET /wd/hub/session/718dd270-f23f-4af4-844a-ea0102314e29
[HTTP] {}
[HTTP] <-- GET /wd/hub/session/718dd270-f23f-4af4-844a-ea0102314e29 200 18 ms - 1167
[HTTP] 
[HTTP] --> GET /wd/hub/session/718dd270-f23f-4af4-844a-ea0102314e29
[HTTP] {}
[HTTP] <-- GET /wd/hub/session/718dd270-f23f-4af4-844a-ea0102314e29 200 11 ms - 1167
[HTTP] 
[HTTP] --> GET /wd/hub/session/718dd270-f23f-4af4-844a-ea0102314e29
[HTTP] {}
[HTTP] <-- GET /wd/hub/session/718dd270-f23f-4af4-844a-ea0102314e29 200 15 ms - 1167
[HTTP] 
[HTTP] --> GET /wd/hub/session/718dd270-f23f-4af4-844a-ea0102314e29
[HTTP] {}
[HTTP] <-- GET /wd/hub/session/718dd270-f23f-4af4-844a-ea0102314e29 200 13 ms - 1167
[HTTP] 
[HTTP] --> GET /wd/hub/session/718dd270-f23f-4af4-844a-ea0102314e29/element/55267d02-1051-4939-9dd8-0801abf1b39f/location
[HTTP] {}
[W3C] Driver proxy active, passing request on via HTTP proxy
[JSONWP Proxy] Replacing sessionId 595abe11-f930-4b53-b5c6-fc39c3ac446e with 718dd270-f23f-4af4-844a-ea0102314e29
[HTTP] <-- GET /wd/hub/session/718dd270-f23f-4af4-844a-ea0102314e29/element/55267d02-1051-4939-9dd8-0801abf1b39f/location 200 21 ms - 89
[HTTP] 
[HTTP] --> POST /wd/hub/session/718dd270-f23f-4af4-844a-ea0102314e29/touch/perform
[HTTP] {"actions":[{"action":"tap","options":{"element":"55267d02-1051-4939-9dd8-0801abf1b39f","x":1,"y":1}}]}
[UiAutomator2] calling get location: 55267d02-1051-4939-9dd8-0801abf1b39f
[HTTP] <-- POST /wd/hub/session/718dd270-f23f-4af4-844a-ea0102314e29/touch/perform 200 3146 ms - 76
[HTTP] 
[HTTP] --> GET /wd/hub/session/718dd270-f23f-4af4-844a-ea0102314e29/window/current/size
[HTTP] {}
[W3C] Driver proxy active, passing request on via HTTP proxy
[JSONWP Proxy] Replacing sessionId 595abe11-f930-4b53-b5c6-fc39c3ac446e with 718dd270-f23f-4af4-844a-ea0102314e29
[HTTP] <-- GET /wd/hub/session/718dd270-f23f-4af4-844a-ea0102314e29/window/current/size 200 14 ms - 100
[HTTP] 
[HTTP] --> POST /wd/hub/session/718dd270-f23f-4af4-844a-ea0102314e29/elements
[HTTP] {"using":"-android uiautomator","value":"new UiSelector().className(\"android.widget.CheckBox\").text(\"Saya telah memahami dan menyetujui isi dari Ketentuan, Prospektus dan Fund Sheet produk ini\").resourceId(\"id.co.fundtastic.client:id/tncCheck\").instance(0)"}
[HTTP] <-- POST /wd/hub/session/718dd270-f23f-4af4-844a-ea0102314e29/elements 200 25 ms - 124
[HTTP] 
[HTTP] --> GET /wd/hub/session/718dd270-f23f-4af4-844a-ea0102314e29
[HTTP] {}
[HTTP] <-- GET /wd/hub/session/718dd270-f23f-4af4-844a-ea0102314e29 200 14 ms - 1167
[HTTP] 
[HTTP] --> GET /wd/hub/session/718dd270-f23f-4af4-844a-ea0102314e29
[HTTP] {}
[HTTP] <-- GET /wd/hub/session/718dd270-f23f-4af4-844a-ea0102314e29 200 13 ms - 1167
[HTTP] 
[HTTP] --> GET /wd/hub/session/718dd270-f23f-4af4-844a-ea0102314e29
[HTTP] {}
[HTTP] <-- GET /wd/hub/session/718dd270-f23f-4af4-844a-ea0102314e29 200 12 ms - 1167
[HTTP] 
[HTTP] --> GET /wd/hub/session/718dd270-f23f-4af4-844a-ea0102314e29
[HTTP] {}
[HTTP] <-- GET /wd/hub/session/718dd270-f23f-4af4-844a-ea0102314e29 200 13 ms - 1167
[HTTP] 
[HTTP] --> GET /wd/hub/session/718dd270-f23f-4af4-844a-ea0102314e29/element/37b03c96-d3ec-403b-aea0-41d517224626/location
[HTTP] {}
[W3C] Driver proxy active, passing request on via HTTP proxy
[JSONWP Proxy] Replacing sessionId 595abe11-f930-4b53-b5c6-fc39c3ac446e with 718dd270-f23f-4af4-844a-ea0102314e29
[HTTP] <-- GET /wd/hub/session/718dd270-f23f-4af4-844a-ea0102314e29/element/37b03c96-d3ec-403b-aea0-41d517224626/location 200 16 ms - 88
[HTTP] 
[HTTP] --> POST /wd/hub/session/718dd270-f23f-4af4-844a-ea0102314e29/touch/perform
[HTTP] {"actions":[{"action":"tap","options":{"element":"37b03c96-d3ec-403b-aea0-41d517224626","x":1,"y":1}}]}
[UiAutomator2] calling get location: 37b03c96-d3ec-403b-aea0-41d517224626
[HTTP] <-- POST /wd/hub/session/718dd270-f23f-4af4-844a-ea0102314e29/touch/perform 200 676 ms - 76
[HTTP] 
[HTTP] --> GET /wd/hub/session/718dd270-f23f-4af4-844a-ea0102314e29/window/current/size
[HTTP] {}
[W3C] Driver proxy active, passing request on via HTTP proxy
[JSONWP Proxy] Replacing sessionId 595abe11-f930-4b53-b5c6-fc39c3ac446e with 718dd270-f23f-4af4-844a-ea0102314e29
[HTTP] <-- GET /wd/hub/session/718dd270-f23f-4af4-844a-ea0102314e29/window/current/size 200 35 ms - 100
[HTTP] 
[HTTP] --> POST /wd/hub/session/718dd270-f23f-4af4-844a-ea0102314e29/elements
[HTTP] {"using":"-android uiautomator","value":"new UiSelector().className(\"android.widget.Button\").text(\"Lanjutkan\").resourceId(\"id.co.fundtastic.client:id/btnNext\").instance(0)"}
[HTTP] <-- POST /wd/hub/session/718dd270-f23f-4af4-844a-ea0102314e29/elements 200 50 ms - 124
[HTTP] 
[HTTP] --> GET /wd/hub/session/718dd270-f23f-4af4-844a-ea0102314e29
[HTTP] {}
[HTTP] <-- GET /wd/hub/session/718dd270-f23f-4af4-844a-ea0102314e29 200 19 ms - 1167
[HTTP] 
[HTTP] --> GET /wd/hub/session/718dd270-f23f-4af4-844a-ea0102314e29
[HTTP] {}
[HTTP] <-- GET /wd/hub/session/718dd270-f23f-4af4-844a-ea0102314e29 200 18 ms - 1167
[HTTP] 
[HTTP] --> GET /wd/hub/session/718dd270-f23f-4af4-844a-ea0102314e29
[HTTP] {}
[HTTP] <-- GET /wd/hub/session/718dd270-f23f-4af4-844a-ea0102314e29 200 14 ms - 1167
[HTTP] 
[HTTP] --> GET /wd/hub/session/718dd270-f23f-4af4-844a-ea0102314e29
[HTTP] {}
[HTTP] <-- GET /wd/hub/session/718dd270-f23f-4af4-844a-ea0102314e29 200 15 ms - 1167
[HTTP] 
[HTTP] --> GET /wd/hub/session/718dd270-f23f-4af4-844a-ea0102314e29/element/cbd55c64-6cc0-43ff-9f8e-9c460a1f0490/location
[HTTP] {}
[W3C] Driver proxy active, passing request on via HTTP proxy
[JSONWP Proxy] Replacing sessionId 595abe11-f930-4b53-b5c6-fc39c3ac446e with 718dd270-f23f-4af4-844a-ea0102314e29
[HTTP] <-- GET /wd/hub/session/718dd270-f23f-4af4-844a-ea0102314e29/element/cbd55c64-6cc0-43ff-9f8e-9c460a1f0490/location 200 23 ms - 89
[HTTP] 
[HTTP] --> POST /wd/hub/session/718dd270-f23f-4af4-844a-ea0102314e29/touch/perform
[HTTP] {"actions":[{"action":"tap","options":{"element":"cbd55c64-6cc0-43ff-9f8e-9c460a1f0490","x":1,"y":1}}]}
[UiAutomator2] calling get location: cbd55c64-6cc0-43ff-9f8e-9c460a1f0490
[HTTP] <-- POST /wd/hub/session/718dd270-f23f-4af4-844a-ea0102314e29/touch/perform 200 3166 ms - 76
[HTTP] 
[HTTP] --> GET /wd/hub/session/718dd270-f23f-4af4-844a-ea0102314e29/window/current/size
[HTTP] {}
[W3C] Driver proxy active, passing request on via HTTP proxy
[JSONWP Proxy] Replacing sessionId 595abe11-f930-4b53-b5c6-fc39c3ac446e with 718dd270-f23f-4af4-844a-ea0102314e29
[HTTP] <-- GET /wd/hub/session/718dd270-f23f-4af4-844a-ea0102314e29/window/current/size 200 18 ms - 100
[HTTP] 
[HTTP] --> POST /wd/hub/session/718dd270-f23f-4af4-844a-ea0102314e29/elements
[HTTP] {"using":"-android uiautomator","value":"new UiSelector().className(\"com.google.android.material.chip.Chip\").text(\"Rp 100.000\").resourceId(\"id.co.fundtastic.client:id/chip100\").instance(0)"}
[HTTP] <-- POST /wd/hub/session/718dd270-f23f-4af4-844a-ea0102314e29/elements 200 35 ms - 124
[HTTP] 
[HTTP] --> GET /wd/hub/session/718dd270-f23f-4af4-844a-ea0102314e29
[HTTP] {}
[HTTP] <-- GET /wd/hub/session/718dd270-f23f-4af4-844a-ea0102314e29 200 12 ms - 1167
[HTTP] 
[HTTP] --> GET /wd/hub/session/718dd270-f23f-4af4-844a-ea0102314e29
[HTTP] {}
[HTTP] <-- GET /wd/hub/session/718dd270-f23f-4af4-844a-ea0102314e29 200 18 ms - 1167
[HTTP] 
[HTTP] --> GET /wd/hub/session/718dd270-f23f-4af4-844a-ea0102314e29
[HTTP] {}
[HTTP] <-- GET /wd/hub/session/718dd270-f23f-4af4-844a-ea0102314e29 200 19 ms - 1167
[HTTP] 
[HTTP] --> GET /wd/hub/session/718dd270-f23f-4af4-844a-ea0102314e29
[HTTP] {}
[HTTP] <-- GET /wd/hub/session/718dd270-f23f-4af4-844a-ea0102314e29 200 13 ms - 1167
[HTTP] 
[HTTP] --> GET /wd/hub/session/718dd270-f23f-4af4-844a-ea0102314e29/element/b5833579-2fe2-449f-a323-f1230f3c8c5e/location
[HTTP] {}
[W3C] Driver proxy active, passing request on via HTTP proxy
[JSONWP Proxy] Replacing sessionId 595abe11-f930-4b53-b5c6-fc39c3ac446e with 718dd270-f23f-4af4-844a-ea0102314e29
[HTTP] <-- GET /wd/hub/session/718dd270-f23f-4af4-844a-ea0102314e29/element/b5833579-2fe2-449f-a323-f1230f3c8c5e/location 200 21 ms - 89
[HTTP] 
[HTTP] --> POST /wd/hub/session/718dd270-f23f-4af4-844a-ea0102314e29/touch/perform
[HTTP] {"actions":[{"action":"tap","options":{"element":"b5833579-2fe2-449f-a323-f1230f3c8c5e","x":1,"y":1}}]}
[UiAutomator2] calling get location: b5833579-2fe2-449f-a323-f1230f3c8c5e
[HTTP] <-- POST /wd/hub/session/718dd270-f23f-4af4-844a-ea0102314e29/touch/perform 200 673 ms - 76
[HTTP] 
[HTTP] --> GET /wd/hub/session/718dd270-f23f-4af4-844a-ea0102314e29/window/current/size
[HTTP] {}
[W3C] Driver proxy active, passing request on via HTTP proxy
[JSONWP Proxy] Replacing sessionId 595abe11-f930-4b53-b5c6-fc39c3ac446e with 718dd270-f23f-4af4-844a-ea0102314e29
[HTTP] <-- GET /wd/hub/session/718dd270-f23f-4af4-844a-ea0102314e29/window/current/size 200 14 ms - 100
[HTTP] 
[HTTP] --> POST /wd/hub/session/718dd270-f23f-4af4-844a-ea0102314e29/elements
[HTTP] {"using":"-android uiautomator","value":"new UiSelector().className(\"android.widget.Button\").text(\"Tambah ke Keranjang\").resourceId(\"id.co.fundtastic.client:id/btnBuyNow\").instance(0)"}
[HTTP] <-- POST /wd/hub/session/718dd270-f23f-4af4-844a-ea0102314e29/elements 200 50 ms - 124
[HTTP] 
[HTTP] --> GET /wd/hub/session/718dd270-f23f-4af4-844a-ea0102314e29
[HTTP] {}
[HTTP] <-- GET /wd/hub/session/718dd270-f23f-4af4-844a-ea0102314e29 200 17 ms - 1167
[HTTP] 
[HTTP] --> GET /wd/hub/session/718dd270-f23f-4af4-844a-ea0102314e29
[HTTP] {}
[HTTP] <-- GET /wd/hub/session/718dd270-f23f-4af4-844a-ea0102314e29 200 14 ms - 1167
[HTTP] 
[HTTP] --> GET /wd/hub/session/718dd270-f23f-4af4-844a-ea0102314e29
[HTTP] {}
[HTTP] <-- GET /wd/hub/session/718dd270-f23f-4af4-844a-ea0102314e29 200 14 ms - 1167
[HTTP] 
[HTTP] --> GET /wd/hub/session/718dd270-f23f-4af4-844a-ea0102314e29
[HTTP] {}
[HTTP] <-- GET /wd/hub/session/718dd270-f23f-4af4-844a-ea0102314e29 200 11 ms - 1167
[HTTP] 
[HTTP] --> GET /wd/hub/session/718dd270-f23f-4af4-844a-ea0102314e29/element/44ffdf31-4701-48d9-894c-bc4cd4bb62ef/location
[HTTP] {}
[W3C] Driver proxy active, passing request on via HTTP proxy
[JSONWP Proxy] Replacing sessionId 595abe11-f930-4b53-b5c6-fc39c3ac446e with 718dd270-f23f-4af4-844a-ea0102314e29
[HTTP] <-- GET /wd/hub/session/718dd270-f23f-4af4-844a-ea0102314e29/element/44ffdf31-4701-48d9-894c-bc4cd4bb62ef/location 200 28 ms - 89
[HTTP] 
[HTTP] --> POST /wd/hub/session/718dd270-f23f-4af4-844a-ea0102314e29/touch/perform
[HTTP] {"actions":[{"action":"tap","options":{"element":"44ffdf31-4701-48d9-894c-bc4cd4bb62ef","x":1,"y":1}}]}
[UiAutomator2] calling get location: 44ffdf31-4701-48d9-894c-bc4cd4bb62ef
[HTTP] <-- POST /wd/hub/session/718dd270-f23f-4af4-844a-ea0102314e29/touch/perform 200 1643 ms - 76
[HTTP] 
[HTTP] --> DELETE /wd/hub/session/718dd270-f23f-4af4-844a-ea0102314e29
[HTTP] {}
[Appium] Removing session 718dd270-f23f-4af4-844a-ea0102314e29 from our master session list
[ADB] id.co.fundtastic.client was successfully uninstalled
[HTTP] <-- DELETE /wd/hub/session/718dd270-f23f-4af4-844a-ea0102314e29 200 1575 ms - 76
[HTTP] 
