[Appium] Welcome to Appium v1.8.1
[Appium] Non-default server args:
[Appium]   port: 55237
[Appium]   loglevel: info
[Appium]   chromeDriverPort: 55238
[Appium]   tmpDir: /var/folders/bv/w05xlz0n7wj_gdr6vr8jz5lw0000gn/T//Katalon/Appium/Temp1566188975611
[Appium] Appium REST http interface listener started on 0.0.0.0:55237
[HTTP] --> GET /wd/hub/status
[HTTP] {}
[HTTP] <-- GET /wd/hub/status 200 17 ms - 83
[HTTP] 
[HTTP] --> POST /wd/hub/session
[HTTP] {"desiredCapabilities":{"app":"/Users/fundtastic/Downloads/mobile-debug (dev).apk","autoGrantPermissions":true,"automationName":"uiautomator2","deviceName":"emulator-5554 (Android SDK built for x86 - Android 9)","fullReset":true,"newCommandTimeout":1800,"noReset":false,"platform":"ANDROID","platformName":"Android","udid":"emulator-5554"},"capabilities":{"desiredCapabilities":{"app":"/Users/fundtastic/Downloads/mobile-debug (dev).apk","autoGrantPermissions":true,"automationName":"uiautomator2","deviceName":"emulator-5554 (Android SDK built for x86 - Android 9)","fullReset":true,"newCommandTimeout":1800,"noReset":false,"platform":"ANDROID","platformName":"Android","udid":"emulator-5554"},"firstMatch":[{"platformName":"android"}]}}
[Appium] Could not parse W3C capabilities: 'deviceName' can't be blank. Falling back to JSONWP protocol.
[Appium] The following capabilities were provided in the JSONWP desired capabilities that are missing in W3C capabilities: ["app","autoGrantPermissions","automationName","deviceName","fullReset","newCommandTimeout","noReset","platform","platformName","udid"]. Falling back to JSONWP protocol.
[Appium] Creating new AndroidUiautomator2Driver (v1.12.0) session
[Appium] Capabilities:
[Appium]   app: /Users/fundtastic/Downloads/mobile-debug (dev).apk
[Appium]   autoGrantPermissions: true
[Appium]   automationName: uiautomator2
[Appium]   deviceName: emulator-5554 (Android SDK built for x86 - Android 9)
[Appium]   fullReset: true
[Appium]   newCommandTimeout: 1800
[Appium]   noReset: false
[Appium]   platform: ANDROID
[Appium]   platformName: Android
[Appium]   udid: emulator-5554
[BaseDriver] The following capabilities were provided, but are not recognized by appium: platform.
[BaseDriver] Session created with session id: 34868720-5385-4224-8b7b-3ab3a90f0153
[BaseDriver] Using local app '/Users/fundtastic/Downloads/mobile-debug (dev).apk'
[AndroidDriver] Java version is: 1.8.0_181
[ADB] Checking whether adb is present
[ADB] Found 1 'build-tools' folders under '/Users/fundtastic/.katalon/tools/android_sdk' (newest first):
[ADB]     /Users/fundtastic/.katalon/tools/android_sdk/build-tools/28.0.3
[ADB] Using adb from /Users/fundtastic/.katalon/tools/android_sdk/platform-tools/adb
[AndroidDriver] Retrieving device list
[AndroidDriver] Using device: emulator-5554
[ADB] Using the alternative activity name detection method because of: Could not find apkanalyzer in /Users/fundtastic/.katalon/tools/android_sdk/platform-tools/apkanalyzer,/Users/fundtastic/.katalon/tools/android_sdk/emulator/apkanalyzer,/Users/fundtastic/.katalon/tools/android_sdk/tools/apkanalyzer,/Users/fundtastic/.katalon/tools/android_sdk/tools/bin/apkanalyzer,/Users/fundtastic/.katalon/tools/android_sdk/build-tools/28.0.3/apkanalyzer. Do you have the Android SDK installed at '/Users/fundtastic/.katalon/tools/android_sdk'?
[ADB] Checking whether aapt is present
[ADB] Using aapt from /Users/fundtastic/.katalon/tools/android_sdk/build-tools/28.0.3/aapt
[ADB] Extracting package and launch activity from manifest
[ADB] Package name: 'id.co.fundtastic.client'
[ADB] Main activity name: 'id.co.fundtastic.client.splash.presentation.SplashActivity'
[ADB] Getting device platform version
[ADB] Using apksigner from /Users/fundtastic/.katalon/tools/android_sdk/build-tools/28.0.3/apksigner
[ADB] Cannot read version codes of '/usr/local/lib/node_modules/appium/node_modules/appium-uiautomator2-server/apks/appium-uiautomator2-server-debug-androidTest.apk' and/or 'io.appium.uiautomator2.server.test'
[ADB] Cannot read version names of '/usr/local/lib/node_modules/appium/node_modules/appium-uiautomator2-server/apks/appium-uiautomator2-server-debug-androidTest.apk' and/or 'io.appium.uiautomator2.server.test'. Assuming correct app version is already installed
[AndroidDriver] setDeviceLanguageCountry requires language or country.
[AndroidDriver] Got language: 'null' and country: 'null'
[ADB] Successfully extracted 263 strings from '/Users/fundtastic/Downloads/mobile-debug (dev).apk' resources for '(default)' configuration
[ADB] id.co.fundtastic.client was not uninstalled, because it was not present on the device
[UiAutomator2] Starting uiautomator2 server 1.12.0
[UiAutomator2] Using UIAutomator2 server from '/usr/local/lib/node_modules/appium/node_modules/appium-uiautomator2-server/apks/appium-uiautomator2-server-v1.12.0.apk' and test from '/usr/local/lib/node_modules/appium/node_modules/appium-uiautomator2-server/apks/appium-uiautomator2-server-debug-androidTest.apk'
[UiAutomator2] Running command: 'adb -s emulator-5554 shell am instrument -w io.appium.uiautomator2.server.test/android.support.test.runner.AndroidJUnitRunner'
[UiAutomator2] Waiting up to 20000ms for UiAutomator2 to be online...
[AndroidDriver] Screen already unlocked, doing nothing
[UiAutomator2] UiAutomator2 did not start the activity we were waiting for, 'id.co.fundtastic.client/id.co.fundtastic.client.splash.presentation.SplashActivity'. Starting it ourselves
[Appium] New AndroidUiautomator2Driver session created successfully, session 34868720-5385-4224-8b7b-3ab3a90f0153 added to master session list
[HTTP] <-- POST /wd/hub/session 200 9805 ms - 1189
[HTTP] 
[HTTP] --> GET /wd/hub/status
[HTTP] {}
[HTTP] <-- GET /wd/hub/status 200 12 ms - 55
[HTTP] 
[HTTP] --> POST /wd/hub/session/34868720-5385-4224-8b7b-3ab3a90f0153/timeouts
[HTTP] {"type":"implicit","ms":30000}
[HTTP] <-- POST /wd/hub/session/34868720-5385-4224-8b7b-3ab3a90f0153/timeouts 400 12 ms - 4196
[HTTP] 
[HTTP] --> GET /wd/hub/session/34868720-5385-4224-8b7b-3ab3a90f0153/window/current/size
[HTTP] {}
[W3C] Driver proxy active, passing request on via HTTP proxy
[JSONWP Proxy] Replacing sessionId 0f1e09d1-8301-40a6-b1ba-ca99a92a4644 with 34868720-5385-4224-8b7b-3ab3a90f0153
[HTTP] <-- GET /wd/hub/session/34868720-5385-4224-8b7b-3ab3a90f0153/window/current/size 200 45 ms - 100
[HTTP] 
[HTTP] --> POST /wd/hub/session/34868720-5385-4224-8b7b-3ab3a90f0153/elements
[HTTP] {"using":"-android uiautomator","value":"new UiSelector().className(\"android.widget.TextView\").text(\"Mulailah berinvestasi untuk meraih mimpimu\").instance(0)"}
[HTTP] <-- POST /wd/hub/session/34868720-5385-4224-8b7b-3ab3a90f0153/elements 200 1089 ms - 74
[HTTP] 
[HTTP] --> POST /wd/hub/session/34868720-5385-4224-8b7b-3ab3a90f0153/elements
[HTTP] {"using":"-android uiautomator","value":"new UiSelector().className(\"android.widget.TextView\").text(\"Mulailah berinvestasi untuk meraih mimpimu\").instance(0)"}
[HTTP] <-- POST /wd/hub/session/34868720-5385-4224-8b7b-3ab3a90f0153/elements 200 20 ms - 74
[HTTP] 
[HTTP] --> POST /wd/hub/session/34868720-5385-4224-8b7b-3ab3a90f0153/elements
[HTTP] {"using":"-android uiautomator","value":"new UiSelector().className(\"android.widget.TextView\").text(\"Mulailah berinvestasi untuk meraih mimpimu\").instance(0)"}
[HTTP] <-- POST /wd/hub/session/34868720-5385-4224-8b7b-3ab3a90f0153/elements 200 21 ms - 74
[HTTP] 
[HTTP] --> POST /wd/hub/session/34868720-5385-4224-8b7b-3ab3a90f0153/elements
[HTTP] {"using":"-android uiautomator","value":"new UiSelector().className(\"android.widget.TextView\").text(\"Mulailah berinvestasi untuk meraih mimpimu\").instance(0)"}
[HTTP] <-- POST /wd/hub/session/34868720-5385-4224-8b7b-3ab3a90f0153/elements 200 18 ms - 74
[HTTP] 
[HTTP] --> POST /wd/hub/session/34868720-5385-4224-8b7b-3ab3a90f0153/elements
[HTTP] {"using":"-android uiautomator","value":"new UiSelector().className(\"android.widget.TextView\").text(\"Mulailah berinvestasi untuk meraih mimpimu\").instance(0)"}
[HTTP] <-- POST /wd/hub/session/34868720-5385-4224-8b7b-3ab3a90f0153/elements 200 19 ms - 74
[HTTP] 
[HTTP] --> POST /wd/hub/session/34868720-5385-4224-8b7b-3ab3a90f0153/elements
[HTTP] {"using":"-android uiautomator","value":"new UiSelector().className(\"android.widget.TextView\").text(\"Mulailah berinvestasi untuk meraih mimpimu\").instance(0)"}
[HTTP] <-- POST /wd/hub/session/34868720-5385-4224-8b7b-3ab3a90f0153/elements 200 19 ms - 74
[HTTP] 
[HTTP] --> POST /wd/hub/session/34868720-5385-4224-8b7b-3ab3a90f0153/elements
[HTTP] {"using":"-android uiautomator","value":"new UiSelector().className(\"android.widget.TextView\").text(\"Mulailah berinvestasi untuk meraih mimpimu\").instance(0)"}
[HTTP] <-- POST /wd/hub/session/34868720-5385-4224-8b7b-3ab3a90f0153/elements 200 18 ms - 74
[HTTP] 
[HTTP] --> POST /wd/hub/session/34868720-5385-4224-8b7b-3ab3a90f0153/elements
[HTTP] {"using":"-android uiautomator","value":"new UiSelector().className(\"android.widget.TextView\").text(\"Mulailah berinvestasi untuk meraih mimpimu\").instance(0)"}
[HTTP] <-- POST /wd/hub/session/34868720-5385-4224-8b7b-3ab3a90f0153/elements 200 20 ms - 74
[HTTP] 
[HTTP] --> POST /wd/hub/session/34868720-5385-4224-8b7b-3ab3a90f0153/elements
[HTTP] {"using":"-android uiautomator","value":"new UiSelector().className(\"android.widget.TextView\").text(\"Mulailah berinvestasi untuk meraih mimpimu\").instance(0)"}
[HTTP] <-- POST /wd/hub/session/34868720-5385-4224-8b7b-3ab3a90f0153/elements 200 17 ms - 74
[HTTP] 
[HTTP] --> POST /wd/hub/session/34868720-5385-4224-8b7b-3ab3a90f0153/elements
[HTTP] {"using":"-android uiautomator","value":"new UiSelector().className(\"android.widget.TextView\").text(\"Mulailah berinvestasi untuk meraih mimpimu\").instance(0)"}
[HTTP] <-- POST /wd/hub/session/34868720-5385-4224-8b7b-3ab3a90f0153/elements 200 16 ms - 74
[HTTP] 
[HTTP] --> POST /wd/hub/session/34868720-5385-4224-8b7b-3ab3a90f0153/elements
[HTTP] {"using":"-android uiautomator","value":"new UiSelector().className(\"android.widget.TextView\").text(\"Mulailah berinvestasi untuk meraih mimpimu\").instance(0)"}
[HTTP] <-- POST /wd/hub/session/34868720-5385-4224-8b7b-3ab3a90f0153/elements 200 18 ms - 74
[HTTP] 
[HTTP] --> POST /wd/hub/session/34868720-5385-4224-8b7b-3ab3a90f0153/elements
[HTTP] {"using":"-android uiautomator","value":"new UiSelector().className(\"android.widget.TextView\").text(\"Mulailah berinvestasi untuk meraih mimpimu\").instance(0)"}
[HTTP] <-- POST /wd/hub/session/34868720-5385-4224-8b7b-3ab3a90f0153/elements 200 29 ms - 74
[HTTP] 
[HTTP] --> POST /wd/hub/session/34868720-5385-4224-8b7b-3ab3a90f0153/elements
[HTTP] {"using":"-android uiautomator","value":"new UiSelector().className(\"android.widget.TextView\").text(\"Mulailah berinvestasi untuk meraih mimpimu\").instance(0)"}
[HTTP] <-- POST /wd/hub/session/34868720-5385-4224-8b7b-3ab3a90f0153/elements 200 21 ms - 74
[HTTP] 
[HTTP] --> POST /wd/hub/session/34868720-5385-4224-8b7b-3ab3a90f0153/elements
[HTTP] {"using":"-android uiautomator","value":"new UiSelector().className(\"android.widget.TextView\").text(\"Mulailah berinvestasi untuk meraih mimpimu\").instance(0)"}
[HTTP] <-- POST /wd/hub/session/34868720-5385-4224-8b7b-3ab3a90f0153/elements 200 19 ms - 74
[HTTP] 
[HTTP] --> POST /wd/hub/session/34868720-5385-4224-8b7b-3ab3a90f0153/elements
[HTTP] {"using":"-android uiautomator","value":"new UiSelector().className(\"android.widget.TextView\").text(\"Mulailah berinvestasi untuk meraih mimpimu\").instance(0)"}
[HTTP] <-- POST /wd/hub/session/34868720-5385-4224-8b7b-3ab3a90f0153/elements 200 19 ms - 74
[HTTP] 
[HTTP] --> POST /wd/hub/session/34868720-5385-4224-8b7b-3ab3a90f0153/elements
[HTTP] {"using":"-android uiautomator","value":"new UiSelector().className(\"android.widget.TextView\").text(\"Mulailah berinvestasi untuk meraih mimpimu\").instance(0)"}
[HTTP] <-- POST /wd/hub/session/34868720-5385-4224-8b7b-3ab3a90f0153/elements 200 17 ms - 74
[HTTP] 
[HTTP] --> POST /wd/hub/session/34868720-5385-4224-8b7b-3ab3a90f0153/elements
[HTTP] {"using":"-android uiautomator","value":"new UiSelector().className(\"android.widget.TextView\").text(\"Mulailah berinvestasi untuk meraih mimpimu\").instance(0)"}
[HTTP] <-- POST /wd/hub/session/34868720-5385-4224-8b7b-3ab3a90f0153/elements 200 17 ms - 74
[HTTP] 
[HTTP] --> POST /wd/hub/session/34868720-5385-4224-8b7b-3ab3a90f0153/elements
[HTTP] {"using":"-android uiautomator","value":"new UiSelector().className(\"android.widget.TextView\").text(\"Mulailah berinvestasi untuk meraih mimpimu\").instance(0)"}
[HTTP] <-- POST /wd/hub/session/34868720-5385-4224-8b7b-3ab3a90f0153/elements 200 17 ms - 74
[HTTP] 
[HTTP] --> POST /wd/hub/session/34868720-5385-4224-8b7b-3ab3a90f0153/elements
[HTTP] {"using":"-android uiautomator","value":"new UiSelector().className(\"android.widget.TextView\").text(\"Mulailah berinvestasi untuk meraih mimpimu\").instance(0)"}
[HTTP] <-- POST /wd/hub/session/34868720-5385-4224-8b7b-3ab3a90f0153/elements 200 20 ms - 74
[HTTP] 
[HTTP] --> POST /wd/hub/session/34868720-5385-4224-8b7b-3ab3a90f0153/elements
[HTTP] {"using":"-android uiautomator","value":"new UiSelector().className(\"android.widget.TextView\").text(\"Mulailah berinvestasi untuk meraih mimpimu\").instance(0)"}
[HTTP] <-- POST /wd/hub/session/34868720-5385-4224-8b7b-3ab3a90f0153/elements 200 19 ms - 74
[HTTP] 
[HTTP] --> POST /wd/hub/session/34868720-5385-4224-8b7b-3ab3a90f0153/elements
[HTTP] {"using":"-android uiautomator","value":"new UiSelector().className(\"android.widget.TextView\").text(\"Mulailah berinvestasi untuk meraih mimpimu\").instance(0)"}
[HTTP] <-- POST /wd/hub/session/34868720-5385-4224-8b7b-3ab3a90f0153/elements 200 15 ms - 74
[HTTP] 
[HTTP] --> POST /wd/hub/session/34868720-5385-4224-8b7b-3ab3a90f0153/elements
[HTTP] {"using":"-android uiautomator","value":"new UiSelector().className(\"android.widget.TextView\").text(\"Mulailah berinvestasi untuk meraih mimpimu\").instance(0)"}
[HTTP] <-- POST /wd/hub/session/34868720-5385-4224-8b7b-3ab3a90f0153/elements 200 22 ms - 74
[HTTP] 
[HTTP] --> POST /wd/hub/session/34868720-5385-4224-8b7b-3ab3a90f0153/elements
[HTTP] {"using":"-android uiautomator","value":"new UiSelector().className(\"android.widget.TextView\").text(\"Mulailah berinvestasi untuk meraih mimpimu\").instance(0)"}
[HTTP] <-- POST /wd/hub/session/34868720-5385-4224-8b7b-3ab3a90f0153/elements 200 25 ms - 74
[HTTP] 
[HTTP] --> POST /wd/hub/session/34868720-5385-4224-8b7b-3ab3a90f0153/elements
[HTTP] {"using":"-android uiautomator","value":"new UiSelector().className(\"android.widget.TextView\").text(\"Mulailah berinvestasi untuk meraih mimpimu\").instance(0)"}
[HTTP] <-- POST /wd/hub/session/34868720-5385-4224-8b7b-3ab3a90f0153/elements 200 17 ms - 74
[HTTP] 
[HTTP] --> POST /wd/hub/session/34868720-5385-4224-8b7b-3ab3a90f0153/elements
[HTTP] {"using":"-android uiautomator","value":"new UiSelector().className(\"android.widget.TextView\").text(\"Mulailah berinvestasi untuk meraih mimpimu\").instance(0)"}
[HTTP] <-- POST /wd/hub/session/34868720-5385-4224-8b7b-3ab3a90f0153/elements 200 17 ms - 74
[HTTP] 
[HTTP] --> POST /wd/hub/session/34868720-5385-4224-8b7b-3ab3a90f0153/elements
[HTTP] {"using":"-android uiautomator","value":"new UiSelector().className(\"android.widget.TextView\").text(\"Mulailah berinvestasi untuk meraih mimpimu\").instance(0)"}
[HTTP] <-- POST /wd/hub/session/34868720-5385-4224-8b7b-3ab3a90f0153/elements 200 16 ms - 74
[HTTP] 
[HTTP] --> POST /wd/hub/session/34868720-5385-4224-8b7b-3ab3a90f0153/elements
[HTTP] {"using":"-android uiautomator","value":"new UiSelector().className(\"android.widget.TextView\").text(\"Mulailah berinvestasi untuk meraih mimpimu\").instance(0)"}
[HTTP] <-- POST /wd/hub/session/34868720-5385-4224-8b7b-3ab3a90f0153/elements 200 17 ms - 74
[HTTP] 
[HTTP] --> POST /wd/hub/session/34868720-5385-4224-8b7b-3ab3a90f0153/elements
[HTTP] {"using":"-android uiautomator","value":"new UiSelector().className(\"android.widget.TextView\").text(\"Mulailah berinvestasi untuk meraih mimpimu\").instance(0)"}
[HTTP] <-- POST /wd/hub/session/34868720-5385-4224-8b7b-3ab3a90f0153/elements 200 23 ms - 74
[HTTP] 
[HTTP] --> POST /wd/hub/session/34868720-5385-4224-8b7b-3ab3a90f0153/elements
[HTTP] {"using":"-android uiautomator","value":"new UiSelector().className(\"android.widget.TextView\").text(\"Mulailah berinvestasi untuk meraih mimpimu\").instance(0)"}
[HTTP] <-- POST /wd/hub/session/34868720-5385-4224-8b7b-3ab3a90f0153/elements 200 25 ms - 74
[HTTP] 
[HTTP] --> POST /wd/hub/session/34868720-5385-4224-8b7b-3ab3a90f0153/elements
[HTTP] {"using":"-android uiautomator","value":"new UiSelector().className(\"android.widget.TextView\").text(\"Mulailah berinvestasi untuk meraih mimpimu\").instance(0)"}
[HTTP] <-- POST /wd/hub/session/34868720-5385-4224-8b7b-3ab3a90f0153/elements 200 19 ms - 74
[HTTP] 
[HTTP] --> POST /wd/hub/session/34868720-5385-4224-8b7b-3ab3a90f0153/elements
[HTTP] {"using":"-android uiautomator","value":"new UiSelector().className(\"android.widget.TextView\").text(\"Mulailah berinvestasi untuk meraih mimpimu\").instance(0)"}
[HTTP] <-- POST /wd/hub/session/34868720-5385-4224-8b7b-3ab3a90f0153/elements 200 19 ms - 74
[HTTP] 
[HTTP] --> POST /wd/hub/session/34868720-5385-4224-8b7b-3ab3a90f0153/elements
[HTTP] {"using":"-android uiautomator","value":"new UiSelector().className(\"android.widget.TextView\").text(\"Mulailah berinvestasi untuk meraih mimpimu\").instance(0)"}
[HTTP] <-- POST /wd/hub/session/34868720-5385-4224-8b7b-3ab3a90f0153/elements 200 17 ms - 74
[HTTP] 
[HTTP] --> POST /wd/hub/session/34868720-5385-4224-8b7b-3ab3a90f0153/elements
[HTTP] {"using":"-android uiautomator","value":"new UiSelector().className(\"android.widget.TextView\").text(\"Mulailah berinvestasi untuk meraih mimpimu\").instance(0)"}
[HTTP] <-- POST /wd/hub/session/34868720-5385-4224-8b7b-3ab3a90f0153/elements 200 15 ms - 74
[HTTP] 
[HTTP] --> POST /wd/hub/session/34868720-5385-4224-8b7b-3ab3a90f0153/elements
[HTTP] {"using":"-android uiautomator","value":"new UiSelector().className(\"android.widget.TextView\").text(\"Mulailah berinvestasi untuk meraih mimpimu\").instance(0)"}
[HTTP] <-- POST /wd/hub/session/34868720-5385-4224-8b7b-3ab3a90f0153/elements 200 16 ms - 74
[HTTP] 
[HTTP] --> POST /wd/hub/session/34868720-5385-4224-8b7b-3ab3a90f0153/elements
[HTTP] {"using":"-android uiautomator","value":"new UiSelector().className(\"android.widget.TextView\").text(\"Mulailah berinvestasi untuk meraih mimpimu\").instance(0)"}
[HTTP] <-- POST /wd/hub/session/34868720-5385-4224-8b7b-3ab3a90f0153/elements 200 14 ms - 74
[HTTP] 
[HTTP] --> POST /wd/hub/session/34868720-5385-4224-8b7b-3ab3a90f0153/elements
[HTTP] {"using":"-android uiautomator","value":"new UiSelector().className(\"android.widget.TextView\").text(\"Mulailah berinvestasi untuk meraih mimpimu\").instance(0)"}
[HTTP] <-- POST /wd/hub/session/34868720-5385-4224-8b7b-3ab3a90f0153/elements 200 17 ms - 74
[HTTP] 
[HTTP] --> POST /wd/hub/session/34868720-5385-4224-8b7b-3ab3a90f0153/elements
[HTTP] {"using":"-android uiautomator","value":"new UiSelector().className(\"android.widget.TextView\").text(\"Mulailah berinvestasi untuk meraih mimpimu\").instance(0)"}
[HTTP] <-- POST /wd/hub/session/34868720-5385-4224-8b7b-3ab3a90f0153/elements 200 23 ms - 74
[HTTP] 
[HTTP] --> POST /wd/hub/session/34868720-5385-4224-8b7b-3ab3a90f0153/elements
[HTTP] {"using":"-android uiautomator","value":"new UiSelector().className(\"android.widget.TextView\").text(\"Mulailah berinvestasi untuk meraih mimpimu\").instance(0)"}
[HTTP] <-- POST /wd/hub/session/34868720-5385-4224-8b7b-3ab3a90f0153/elements 200 22 ms - 74
[HTTP] 
[HTTP] --> POST /wd/hub/session/34868720-5385-4224-8b7b-3ab3a90f0153/elements
[HTTP] {"using":"-android uiautomator","value":"new UiSelector().className(\"android.widget.TextView\").text(\"Mulailah berinvestasi untuk meraih mimpimu\").instance(0)"}
[HTTP] <-- POST /wd/hub/session/34868720-5385-4224-8b7b-3ab3a90f0153/elements 200 19 ms - 74
[HTTP] 
[HTTP] --> POST /wd/hub/session/34868720-5385-4224-8b7b-3ab3a90f0153/elements
[HTTP] {"using":"-android uiautomator","value":"new UiSelector().className(\"android.widget.TextView\").text(\"Mulailah berinvestasi untuk meraih mimpimu\").instance(0)"}
[HTTP] <-- POST /wd/hub/session/34868720-5385-4224-8b7b-3ab3a90f0153/elements 200 17 ms - 74
[HTTP] 
[HTTP] --> POST /wd/hub/session/34868720-5385-4224-8b7b-3ab3a90f0153/elements
[HTTP] {"using":"-android uiautomator","value":"new UiSelector().className(\"android.widget.TextView\").text(\"Mulailah berinvestasi untuk meraih mimpimu\").instance(0)"}
[HTTP] <-- POST /wd/hub/session/34868720-5385-4224-8b7b-3ab3a90f0153/elements 200 17 ms - 74
[HTTP] 
[HTTP] --> POST /wd/hub/session/34868720-5385-4224-8b7b-3ab3a90f0153/elements
[HTTP] {"using":"-android uiautomator","value":"new UiSelector().className(\"android.widget.TextView\").text(\"Mulailah berinvestasi untuk meraih mimpimu\").instance(0)"}
[HTTP] <-- POST /wd/hub/session/34868720-5385-4224-8b7b-3ab3a90f0153/elements 200 21 ms - 74
[HTTP] 
[HTTP] --> POST /wd/hub/session/34868720-5385-4224-8b7b-3ab3a90f0153/elements
[HTTP] {"using":"-android uiautomator","value":"new UiSelector().className(\"android.widget.TextView\").text(\"Mulailah berinvestasi untuk meraih mimpimu\").instance(0)"}
[HTTP] <-- POST /wd/hub/session/34868720-5385-4224-8b7b-3ab3a90f0153/elements 200 18 ms - 74
[HTTP] 
[HTTP] --> POST /wd/hub/session/34868720-5385-4224-8b7b-3ab3a90f0153/elements
[HTTP] {"using":"-android uiautomator","value":"new UiSelector().className(\"android.widget.TextView\").text(\"Mulailah berinvestasi untuk meraih mimpimu\").instance(0)"}
[HTTP] <-- POST /wd/hub/session/34868720-5385-4224-8b7b-3ab3a90f0153/elements 200 16 ms - 74
[HTTP] 
[HTTP] --> POST /wd/hub/session/34868720-5385-4224-8b7b-3ab3a90f0153/elements
[HTTP] {"using":"-android uiautomator","value":"new UiSelector().className(\"android.widget.TextView\").text(\"Mulailah berinvestasi untuk meraih mimpimu\").instance(0)"}
[HTTP] <-- POST /wd/hub/session/34868720-5385-4224-8b7b-3ab3a90f0153/elements 200 22 ms - 74
[HTTP] 
[HTTP] --> POST /wd/hub/session/34868720-5385-4224-8b7b-3ab3a90f0153/elements
[HTTP] {"using":"-android uiautomator","value":"new UiSelector().className(\"android.widget.TextView\").text(\"Mulailah berinvestasi untuk meraih mimpimu\").instance(0)"}
[HTTP] <-- POST /wd/hub/session/34868720-5385-4224-8b7b-3ab3a90f0153/elements 200 22 ms - 74
[HTTP] 
[HTTP] --> POST /wd/hub/session/34868720-5385-4224-8b7b-3ab3a90f0153/elements
[HTTP] {"using":"-android uiautomator","value":"new UiSelector().className(\"android.widget.TextView\").text(\"Mulailah berinvestasi untuk meraih mimpimu\").instance(0)"}
[HTTP] <-- POST /wd/hub/session/34868720-5385-4224-8b7b-3ab3a90f0153/elements 200 1622 ms - 124
[HTTP] 
[HTTP] --> GET /wd/hub/session/34868720-5385-4224-8b7b-3ab3a90f0153
[HTTP] {}
[HTTP] <-- GET /wd/hub/session/34868720-5385-4224-8b7b-3ab3a90f0153 200 13 ms - 1189
[HTTP] 
[HTTP] --> GET /wd/hub/session/34868720-5385-4224-8b7b-3ab3a90f0153
[HTTP] {}
[HTTP] <-- GET /wd/hub/session/34868720-5385-4224-8b7b-3ab3a90f0153 200 13 ms - 1189
[HTTP] 
[HTTP] --> GET /wd/hub/session/34868720-5385-4224-8b7b-3ab3a90f0153
[HTTP] {}
[HTTP] <-- GET /wd/hub/session/34868720-5385-4224-8b7b-3ab3a90f0153 200 15 ms - 1189
[HTTP] 
[HTTP] --> GET /wd/hub/session/34868720-5385-4224-8b7b-3ab3a90f0153
[HTTP] {}
[HTTP] <-- GET /wd/hub/session/34868720-5385-4224-8b7b-3ab3a90f0153 200 12 ms - 1189
[HTTP] 
[HTTP] --> GET /wd/hub/session/34868720-5385-4224-8b7b-3ab3a90f0153/element/3fb19639-65a5-4914-b66d-eaf47402dc85/location
[HTTP] {}
[W3C] Driver proxy active, passing request on via HTTP proxy
[JSONWP Proxy] Replacing sessionId 0f1e09d1-8301-40a6-b1ba-ca99a92a4644 with 34868720-5385-4224-8b7b-3ab3a90f0153
[HTTP] <-- GET /wd/hub/session/34868720-5385-4224-8b7b-3ab3a90f0153/element/3fb19639-65a5-4914-b66d-eaf47402dc85/location 200 41 ms - 88
[HTTP] 
[HTTP] --> GET /wd/hub/session/34868720-5385-4224-8b7b-3ab3a90f0153/element/3fb19639-65a5-4914-b66d-eaf47402dc85/text
[HTTP] {}
[W3C] Driver proxy active, passing request on via HTTP proxy
[JSONWP Proxy] Replacing sessionId 0f1e09d1-8301-40a6-b1ba-ca99a92a4644 with 34868720-5385-4224-8b7b-3ab3a90f0153
[HTTP] <-- GET /wd/hub/session/34868720-5385-4224-8b7b-3ab3a90f0153/element/3fb19639-65a5-4914-b66d-eaf47402dc85/text 200 51 ms - 116
[HTTP] 
[HTTP] --> GET /wd/hub/session/34868720-5385-4224-8b7b-3ab3a90f0153/window/current/size
[HTTP] {}
[W3C] Driver proxy active, passing request on via HTTP proxy
[JSONWP Proxy] Replacing sessionId 0f1e09d1-8301-40a6-b1ba-ca99a92a4644 with 34868720-5385-4224-8b7b-3ab3a90f0153
[HTTP] <-- GET /wd/hub/session/34868720-5385-4224-8b7b-3ab3a90f0153/window/current/size 200 30 ms - 100
[HTTP] 
[HTTP] --> POST /wd/hub/session/34868720-5385-4224-8b7b-3ab3a90f0153/elements
[HTTP] {"using":"-android uiautomator","value":"new UiSelector().className(\"android.widget.ImageView\").resourceId(\"id.co.fundtastic.client:id/checklist\").instance(6)"}
[HTTP] <-- POST /wd/hub/session/34868720-5385-4224-8b7b-3ab3a90f0153/elements 200 74 ms - 124
[HTTP] 
[HTTP] --> GET /wd/hub/session/34868720-5385-4224-8b7b-3ab3a90f0153
[HTTP] {}
[HTTP] <-- GET /wd/hub/session/34868720-5385-4224-8b7b-3ab3a90f0153 200 9 ms - 1189
[HTTP] 
[HTTP] --> GET /wd/hub/session/34868720-5385-4224-8b7b-3ab3a90f0153
[HTTP] {}
[HTTP] <-- GET /wd/hub/session/34868720-5385-4224-8b7b-3ab3a90f0153 200 9 ms - 1189
[HTTP] 
[HTTP] --> GET /wd/hub/session/34868720-5385-4224-8b7b-3ab3a90f0153
[HTTP] {}
[HTTP] <-- GET /wd/hub/session/34868720-5385-4224-8b7b-3ab3a90f0153 200 13 ms - 1189
[HTTP] 
[HTTP] --> GET /wd/hub/session/34868720-5385-4224-8b7b-3ab3a90f0153
[HTTP] {}
[HTTP] <-- GET /wd/hub/session/34868720-5385-4224-8b7b-3ab3a90f0153 200 13 ms - 1189
[HTTP] 
[HTTP] --> GET /wd/hub/session/34868720-5385-4224-8b7b-3ab3a90f0153/element/c537e823-c3d9-41f8-8b00-b0da9801eb5c/location
[HTTP] {}
[W3C] Driver proxy active, passing request on via HTTP proxy
[JSONWP Proxy] Replacing sessionId 0f1e09d1-8301-40a6-b1ba-ca99a92a4644 with 34868720-5385-4224-8b7b-3ab3a90f0153
[HTTP] <-- GET /wd/hub/session/34868720-5385-4224-8b7b-3ab3a90f0153/element/c537e823-c3d9-41f8-8b00-b0da9801eb5c/location 200 22 ms - 90
[HTTP] 
[HTTP] --> POST /wd/hub/session/34868720-5385-4224-8b7b-3ab3a90f0153/touch/perform
[HTTP] {"actions":[{"action":"tap","options":{"element":"c537e823-c3d9-41f8-8b00-b0da9801eb5c","x":1,"y":1}}]}
[UiAutomator2] calling get location: c537e823-c3d9-41f8-8b00-b0da9801eb5c
[HTTP] <-- POST /wd/hub/session/34868720-5385-4224-8b7b-3ab3a90f0153/touch/perform 200 1178 ms - 76
[HTTP] 
[HTTP] --> GET /wd/hub/session/34868720-5385-4224-8b7b-3ab3a90f0153/window/current/size
[HTTP] {}
[W3C] Driver proxy active, passing request on via HTTP proxy
[JSONWP Proxy] Replacing sessionId 0f1e09d1-8301-40a6-b1ba-ca99a92a4644 with 34868720-5385-4224-8b7b-3ab3a90f0153
[HTTP] <-- GET /wd/hub/session/34868720-5385-4224-8b7b-3ab3a90f0153/window/current/size 200 14 ms - 100
[HTTP] 
[HTTP] --> POST /wd/hub/session/34868720-5385-4224-8b7b-3ab3a90f0153/elements
[HTTP] {"using":"-android uiautomator","value":"new UiSelector().className(\"android.widget.LinearLayout\").instance(4)"}
[HTTP] <-- POST /wd/hub/session/34868720-5385-4224-8b7b-3ab3a90f0153/elements 200 806 ms - 124
[HTTP] 
[HTTP] --> GET /wd/hub/session/34868720-5385-4224-8b7b-3ab3a90f0153
[HTTP] {}
[HTTP] <-- GET /wd/hub/session/34868720-5385-4224-8b7b-3ab3a90f0153 200 10 ms - 1189
[HTTP] 
[HTTP] --> GET /wd/hub/session/34868720-5385-4224-8b7b-3ab3a90f0153
[HTTP] {}
[HTTP] <-- GET /wd/hub/session/34868720-5385-4224-8b7b-3ab3a90f0153 200 9 ms - 1189
[HTTP] 
[HTTP] --> GET /wd/hub/session/34868720-5385-4224-8b7b-3ab3a90f0153
[HTTP] {}
[HTTP] <-- GET /wd/hub/session/34868720-5385-4224-8b7b-3ab3a90f0153 200 11 ms - 1189
[HTTP] 
[HTTP] --> GET /wd/hub/session/34868720-5385-4224-8b7b-3ab3a90f0153
[HTTP] {}
[HTTP] <-- GET /wd/hub/session/34868720-5385-4224-8b7b-3ab3a90f0153 200 10 ms - 1189
[HTTP] 
[HTTP] --> GET /wd/hub/session/34868720-5385-4224-8b7b-3ab3a90f0153/element/39c3d74c-ca7e-4d68-a778-812792778d77/location
[HTTP] {}
[W3C] Driver proxy active, passing request on via HTTP proxy
[JSONWP Proxy] Replacing sessionId 0f1e09d1-8301-40a6-b1ba-ca99a92a4644 with 34868720-5385-4224-8b7b-3ab3a90f0153
[HTTP] <-- GET /wd/hub/session/34868720-5385-4224-8b7b-3ab3a90f0153/element/39c3d74c-ca7e-4d68-a778-812792778d77/location 200 19 ms - 88
[HTTP] 
[HTTP] --> POST /wd/hub/session/34868720-5385-4224-8b7b-3ab3a90f0153/touch/perform
[HTTP] {"actions":[{"action":"tap","options":{"element":"39c3d74c-ca7e-4d68-a778-812792778d77","x":1,"y":1}}]}
[UiAutomator2] calling get location: 39c3d74c-ca7e-4d68-a778-812792778d77
[HTTP] <-- POST /wd/hub/session/34868720-5385-4224-8b7b-3ab3a90f0153/touch/perform 200 771 ms - 76
[HTTP] 
[HTTP] --> GET /wd/hub/session/34868720-5385-4224-8b7b-3ab3a90f0153/context
[HTTP] {}
[HTTP] <-- GET /wd/hub/session/34868720-5385-4224-8b7b-3ab3a90f0153/context 200 3 ms - 84
[HTTP] 
[HTTP] --> GET /wd/hub/session/34868720-5385-4224-8b7b-3ab3a90f0153/contexts
[HTTP] {}
[HTTP] <-- GET /wd/hub/session/34868720-5385-4224-8b7b-3ab3a90f0153/contexts 200 27 ms - 127
[HTTP] 
[HTTP] --> POST /wd/hub/session/34868720-5385-4224-8b7b-3ab3a90f0153/context
[HTTP] {"name":"NATIVE_APP"}
[HTTP] <-- POST /wd/hub/session/34868720-5385-4224-8b7b-3ab3a90f0153/context 200 24 ms - 76
[HTTP] 
[HTTP] --> POST /wd/hub/session/34868720-5385-4224-8b7b-3ab3a90f0153/touch/perform
[HTTP] {"actions":[{"action":"press","options":{"x":800,"y":1000}},{"action":"wait","options":{"ms":500}},{"action":"moveTo","options":{"x":10,"y":800}}]}
[HTTP] <-- POST /wd/hub/session/34868720-5385-4224-8b7b-3ab3a90f0153/touch/perform 200 2051 ms - 76
[HTTP] 
[HTTP] --> POST /wd/hub/session/34868720-5385-4224-8b7b-3ab3a90f0153/context
[HTTP] {"name":"NATIVE_APP"}
[HTTP] <-- POST /wd/hub/session/34868720-5385-4224-8b7b-3ab3a90f0153/context 200 24 ms - 76
[HTTP] 
[HTTP] --> GET /wd/hub/session/34868720-5385-4224-8b7b-3ab3a90f0153/window/current/size
[HTTP] {}
[W3C] Driver proxy active, passing request on via HTTP proxy
[JSONWP Proxy] Replacing sessionId 0f1e09d1-8301-40a6-b1ba-ca99a92a4644 with 34868720-5385-4224-8b7b-3ab3a90f0153
[HTTP] <-- GET /wd/hub/session/34868720-5385-4224-8b7b-3ab3a90f0153/window/current/size 200 16 ms - 100
[HTTP] 
[HTTP] --> POST /wd/hub/session/34868720-5385-4224-8b7b-3ab3a90f0153/elements
[HTTP] {"using":"-android uiautomator","value":"new UiSelector().className(\"android.widget.LinearLayout\").instance(4)"}
[HTTP] <-- POST /wd/hub/session/34868720-5385-4224-8b7b-3ab3a90f0153/elements 200 121 ms - 124
[HTTP] 
[HTTP] --> GET /wd/hub/session/34868720-5385-4224-8b7b-3ab3a90f0153
[HTTP] {}
[HTTP] <-- GET /wd/hub/session/34868720-5385-4224-8b7b-3ab3a90f0153 200 10 ms - 1306
[HTTP] 
[HTTP] --> GET /wd/hub/session/34868720-5385-4224-8b7b-3ab3a90f0153
[HTTP] {}
[HTTP] <-- GET /wd/hub/session/34868720-5385-4224-8b7b-3ab3a90f0153 200 11 ms - 1306
[HTTP] 
[HTTP] --> GET /wd/hub/session/34868720-5385-4224-8b7b-3ab3a90f0153
[HTTP] {}
[HTTP] <-- GET /wd/hub/session/34868720-5385-4224-8b7b-3ab3a90f0153 200 11 ms - 1306
[HTTP] 
[HTTP] --> GET /wd/hub/session/34868720-5385-4224-8b7b-3ab3a90f0153
[HTTP] {}
[HTTP] <-- GET /wd/hub/session/34868720-5385-4224-8b7b-3ab3a90f0153 200 9 ms - 1306
[HTTP] 
[HTTP] --> GET /wd/hub/session/34868720-5385-4224-8b7b-3ab3a90f0153/element/dbf1f10a-cf9c-4e5b-83de-b831bade449b/location
[HTTP] {}
[W3C] Driver proxy active, passing request on via HTTP proxy
[JSONWP Proxy] Replacing sessionId 0f1e09d1-8301-40a6-b1ba-ca99a92a4644 with 34868720-5385-4224-8b7b-3ab3a90f0153
[HTTP] <-- GET /wd/hub/session/34868720-5385-4224-8b7b-3ab3a90f0153/element/dbf1f10a-cf9c-4e5b-83de-b831bade449b/location 200 19 ms - 87
[HTTP] 
[HTTP] --> POST /wd/hub/session/34868720-5385-4224-8b7b-3ab3a90f0153/touch/perform
[HTTP] {"actions":[{"action":"tap","options":{"element":"dbf1f10a-cf9c-4e5b-83de-b831bade449b","x":1,"y":1}}]}
[UiAutomator2] calling get location: dbf1f10a-cf9c-4e5b-83de-b831bade449b
[HTTP] <-- POST /wd/hub/session/34868720-5385-4224-8b7b-3ab3a90f0153/touch/perform 200 1092 ms - 76
[HTTP] 
[HTTP] --> GET /wd/hub/session/34868720-5385-4224-8b7b-3ab3a90f0153/context
[HTTP] {}
[HTTP] <-- GET /wd/hub/session/34868720-5385-4224-8b7b-3ab3a90f0153/context 200 3 ms - 84
[HTTP] 
[HTTP] --> GET /wd/hub/session/34868720-5385-4224-8b7b-3ab3a90f0153/contexts
[HTTP] {}
[HTTP] <-- GET /wd/hub/session/34868720-5385-4224-8b7b-3ab3a90f0153/contexts 200 40 ms - 127
[HTTP] 
[HTTP] --> POST /wd/hub/session/34868720-5385-4224-8b7b-3ab3a90f0153/context
[HTTP] {"name":"NATIVE_APP"}
[HTTP] <-- POST /wd/hub/session/34868720-5385-4224-8b7b-3ab3a90f0153/context 200 34 ms - 76
[HTTP] 
[HTTP] --> POST /wd/hub/session/34868720-5385-4224-8b7b-3ab3a90f0153/touch/perform
[HTTP] {"actions":[{"action":"press","options":{"x":800,"y":1000}},{"action":"wait","options":{"ms":500}},{"action":"moveTo","options":{"x":10,"y":800}}]}
[HTTP] <-- POST /wd/hub/session/34868720-5385-4224-8b7b-3ab3a90f0153/touch/perform 200 2067 ms - 76
[HTTP] 
[HTTP] --> POST /wd/hub/session/34868720-5385-4224-8b7b-3ab3a90f0153/context
[HTTP] {"name":"NATIVE_APP"}
[HTTP] <-- POST /wd/hub/session/34868720-5385-4224-8b7b-3ab3a90f0153/context 200 26 ms - 76
[HTTP] 
[HTTP] --> GET /wd/hub/session/34868720-5385-4224-8b7b-3ab3a90f0153/window/current/size
[HTTP] {}
[W3C] Driver proxy active, passing request on via HTTP proxy
[JSONWP Proxy] Replacing sessionId 0f1e09d1-8301-40a6-b1ba-ca99a92a4644 with 34868720-5385-4224-8b7b-3ab3a90f0153
[HTTP] <-- GET /wd/hub/session/34868720-5385-4224-8b7b-3ab3a90f0153/window/current/size 200 15 ms - 100
[HTTP] 
[HTTP] --> POST /wd/hub/session/34868720-5385-4224-8b7b-3ab3a90f0153/elements
[HTTP] {"using":"-android uiautomator","value":"new UiSelector().className(\"android.widget.LinearLayout\").instance(4)"}
[HTTP] <-- POST /wd/hub/session/34868720-5385-4224-8b7b-3ab3a90f0153/elements 200 530 ms - 124
[HTTP] 
[HTTP] --> GET /wd/hub/session/34868720-5385-4224-8b7b-3ab3a90f0153
[HTTP] {}
[HTTP] <-- GET /wd/hub/session/34868720-5385-4224-8b7b-3ab3a90f0153 200 12 ms - 1306
[HTTP] 
[HTTP] --> GET /wd/hub/session/34868720-5385-4224-8b7b-3ab3a90f0153
[HTTP] {}
[HTTP] <-- GET /wd/hub/session/34868720-5385-4224-8b7b-3ab3a90f0153 200 12 ms - 1306
[HTTP] 
[HTTP] --> GET /wd/hub/session/34868720-5385-4224-8b7b-3ab3a90f0153
[HTTP] {}
[HTTP] <-- GET /wd/hub/session/34868720-5385-4224-8b7b-3ab3a90f0153 200 11 ms - 1306
[HTTP] 
[HTTP] --> GET /wd/hub/session/34868720-5385-4224-8b7b-3ab3a90f0153
[HTTP] {}
[HTTP] <-- GET /wd/hub/session/34868720-5385-4224-8b7b-3ab3a90f0153 200 10 ms - 1306
[HTTP] 
[HTTP] --> GET /wd/hub/session/34868720-5385-4224-8b7b-3ab3a90f0153/element/e6f07a41-417c-4290-824b-a3aa4aa2fba2/location
[HTTP] {}
[W3C] Driver proxy active, passing request on via HTTP proxy
[JSONWP Proxy] Replacing sessionId 0f1e09d1-8301-40a6-b1ba-ca99a92a4644 with 34868720-5385-4224-8b7b-3ab3a90f0153
[HTTP] <-- GET /wd/hub/session/34868720-5385-4224-8b7b-3ab3a90f0153/element/e6f07a41-417c-4290-824b-a3aa4aa2fba2/location 200 16 ms - 87
[HTTP] 
[HTTP] --> POST /wd/hub/session/34868720-5385-4224-8b7b-3ab3a90f0153/touch/perform
[HTTP] {"actions":[{"action":"tap","options":{"element":"e6f07a41-417c-4290-824b-a3aa4aa2fba2","x":1,"y":1}}]}
[UiAutomator2] calling get location: e6f07a41-417c-4290-824b-a3aa4aa2fba2
[HTTP] <-- POST /wd/hub/session/34868720-5385-4224-8b7b-3ab3a90f0153/touch/perform 200 1072 ms - 76
[HTTP] 
[HTTP] --> GET /wd/hub/session/34868720-5385-4224-8b7b-3ab3a90f0153/context
[HTTP] {}
[HTTP] <-- GET /wd/hub/session/34868720-5385-4224-8b7b-3ab3a90f0153/context 200 2 ms - 84
[HTTP] 
[HTTP] --> GET /wd/hub/session/34868720-5385-4224-8b7b-3ab3a90f0153/contexts
[HTTP] {}
[HTTP] <-- GET /wd/hub/session/34868720-5385-4224-8b7b-3ab3a90f0153/contexts 200 24 ms - 127
[HTTP] 
[HTTP] --> POST /wd/hub/session/34868720-5385-4224-8b7b-3ab3a90f0153/context
[HTTP] {"name":"NATIVE_APP"}
[HTTP] <-- POST /wd/hub/session/34868720-5385-4224-8b7b-3ab3a90f0153/context 200 26 ms - 76
[HTTP] 
[HTTP] --> POST /wd/hub/session/34868720-5385-4224-8b7b-3ab3a90f0153/touch/perform
[HTTP] {"actions":[{"action":"press","options":{"x":800,"y":1000}},{"action":"wait","options":{"ms":500}},{"action":"moveTo","options":{"x":10,"y":800}}]}
[HTTP] <-- POST /wd/hub/session/34868720-5385-4224-8b7b-3ab3a90f0153/touch/perform 200 2040 ms - 76
[HTTP] 
[HTTP] --> POST /wd/hub/session/34868720-5385-4224-8b7b-3ab3a90f0153/context
[HTTP] {"name":"NATIVE_APP"}
[HTTP] <-- POST /wd/hub/session/34868720-5385-4224-8b7b-3ab3a90f0153/context 200 30 ms - 76
[HTTP] 
[HTTP] --> GET /wd/hub/session/34868720-5385-4224-8b7b-3ab3a90f0153/window/current/size
[HTTP] {}
[W3C] Driver proxy active, passing request on via HTTP proxy
[JSONWP Proxy] Replacing sessionId 0f1e09d1-8301-40a6-b1ba-ca99a92a4644 with 34868720-5385-4224-8b7b-3ab3a90f0153
[HTTP] <-- GET /wd/hub/session/34868720-5385-4224-8b7b-3ab3a90f0153/window/current/size 200 17 ms - 100
[HTTP] 
[HTTP] --> POST /wd/hub/session/34868720-5385-4224-8b7b-3ab3a90f0153/elements
[HTTP] {"using":"-android uiautomator","value":"new UiSelector().className(\"android.widget.LinearLayout\").instance(4)"}
[HTTP] <-- POST /wd/hub/session/34868720-5385-4224-8b7b-3ab3a90f0153/elements 200 35 ms - 124
[HTTP] 
[HTTP] --> GET /wd/hub/session/34868720-5385-4224-8b7b-3ab3a90f0153
[HTTP] {}
[HTTP] <-- GET /wd/hub/session/34868720-5385-4224-8b7b-3ab3a90f0153 200 10 ms - 1189
[HTTP] 
[HTTP] --> GET /wd/hub/session/34868720-5385-4224-8b7b-3ab3a90f0153
[HTTP] {}
[HTTP] <-- GET /wd/hub/session/34868720-5385-4224-8b7b-3ab3a90f0153 200 13 ms - 1189
[HTTP] 
[HTTP] --> GET /wd/hub/session/34868720-5385-4224-8b7b-3ab3a90f0153
[HTTP] {}
[HTTP] <-- GET /wd/hub/session/34868720-5385-4224-8b7b-3ab3a90f0153 200 14 ms - 1189
[HTTP] 
[HTTP] --> GET /wd/hub/session/34868720-5385-4224-8b7b-3ab3a90f0153
[HTTP] {}
[HTTP] <-- GET /wd/hub/session/34868720-5385-4224-8b7b-3ab3a90f0153 200 12 ms - 1189
[HTTP] 
[HTTP] --> GET /wd/hub/session/34868720-5385-4224-8b7b-3ab3a90f0153/element/2f9c626c-db78-47db-8c75-eb32a7e51093/location
[HTTP] {}
[W3C] Driver proxy active, passing request on via HTTP proxy
[JSONWP Proxy] Replacing sessionId 0f1e09d1-8301-40a6-b1ba-ca99a92a4644 with 34868720-5385-4224-8b7b-3ab3a90f0153
[HTTP] <-- GET /wd/hub/session/34868720-5385-4224-8b7b-3ab3a90f0153/element/2f9c626c-db78-47db-8c75-eb32a7e51093/location 200 19 ms - 88
[HTTP] 
[HTTP] --> POST /wd/hub/session/34868720-5385-4224-8b7b-3ab3a90f0153/touch/perform
[HTTP] {"actions":[{"action":"tap","options":{"element":"2f9c626c-db78-47db-8c75-eb32a7e51093","x":1,"y":1}}]}
[UiAutomator2] calling get location: 2f9c626c-db78-47db-8c75-eb32a7e51093
[HTTP] <-- POST /wd/hub/session/34868720-5385-4224-8b7b-3ab3a90f0153/touch/perform 200 783 ms - 76
[HTTP] 
[HTTP] --> GET /wd/hub/session/34868720-5385-4224-8b7b-3ab3a90f0153/context
[HTTP] {}
[HTTP] <-- GET /wd/hub/session/34868720-5385-4224-8b7b-3ab3a90f0153/context 200 2 ms - 84
[HTTP] 
[HTTP] --> GET /wd/hub/session/34868720-5385-4224-8b7b-3ab3a90f0153/contexts
[HTTP] {}
[HTTP] <-- GET /wd/hub/session/34868720-5385-4224-8b7b-3ab3a90f0153/contexts 200 23 ms - 127
[HTTP] 
[HTTP] --> POST /wd/hub/session/34868720-5385-4224-8b7b-3ab3a90f0153/context
[HTTP] {"name":"NATIVE_APP"}
[HTTP] <-- POST /wd/hub/session/34868720-5385-4224-8b7b-3ab3a90f0153/context 200 26 ms - 76
[HTTP] 
[HTTP] --> POST /wd/hub/session/34868720-5385-4224-8b7b-3ab3a90f0153/touch/perform
[HTTP] {"actions":[{"action":"press","options":{"x":800,"y":1000}},{"action":"wait","options":{"ms":500}},{"action":"moveTo","options":{"x":10,"y":800}}]}
[HTTP] <-- POST /wd/hub/session/34868720-5385-4224-8b7b-3ab3a90f0153/touch/perform 200 2056 ms - 76
[HTTP] 
[HTTP] --> POST /wd/hub/session/34868720-5385-4224-8b7b-3ab3a90f0153/context
[HTTP] {"name":"NATIVE_APP"}
[HTTP] <-- POST /wd/hub/session/34868720-5385-4224-8b7b-3ab3a90f0153/context 200 26 ms - 76
[HTTP] 
[HTTP] --> GET /wd/hub/session/34868720-5385-4224-8b7b-3ab3a90f0153/window/current/size
[HTTP] {}
[W3C] Driver proxy active, passing request on via HTTP proxy
[JSONWP Proxy] Replacing sessionId 0f1e09d1-8301-40a6-b1ba-ca99a92a4644 with 34868720-5385-4224-8b7b-3ab3a90f0153
[HTTP] <-- GET /wd/hub/session/34868720-5385-4224-8b7b-3ab3a90f0153/window/current/size 200 17 ms - 100
[HTTP] 
[HTTP] --> POST /wd/hub/session/34868720-5385-4224-8b7b-3ab3a90f0153/elements
[HTTP] {"using":"-android uiautomator","value":"new UiSelector().className(\"android.widget.EditText\").text(\"No Handphone\").resourceId(\"id.co.fundtastic.client:id/et_phone\").instance(0)"}
[HTTP] <-- POST /wd/hub/session/34868720-5385-4224-8b7b-3ab3a90f0153/elements 200 38 ms - 124
[HTTP] 
[HTTP] --> GET /wd/hub/session/34868720-5385-4224-8b7b-3ab3a90f0153
[HTTP] {}
[HTTP] <-- GET /wd/hub/session/34868720-5385-4224-8b7b-3ab3a90f0153 200 11 ms - 1189
[HTTP] 
[HTTP] --> GET /wd/hub/session/34868720-5385-4224-8b7b-3ab3a90f0153
[HTTP] {}
[HTTP] <-- GET /wd/hub/session/34868720-5385-4224-8b7b-3ab3a90f0153 200 14 ms - 1189
[HTTP] 
[HTTP] --> GET /wd/hub/session/34868720-5385-4224-8b7b-3ab3a90f0153
[HTTP] {}
[HTTP] <-- GET /wd/hub/session/34868720-5385-4224-8b7b-3ab3a90f0153 200 11 ms - 1189
[HTTP] 
[HTTP] --> GET /wd/hub/session/34868720-5385-4224-8b7b-3ab3a90f0153
[HTTP] {}
[HTTP] <-- GET /wd/hub/session/34868720-5385-4224-8b7b-3ab3a90f0153 200 12 ms - 1189
[HTTP] 
[HTTP] --> GET /wd/hub/session/34868720-5385-4224-8b7b-3ab3a90f0153/element/6f3c2612-235f-493f-8c24-33284920f075/location
[HTTP] {}
[W3C] Driver proxy active, passing request on via HTTP proxy
[JSONWP Proxy] Replacing sessionId 0f1e09d1-8301-40a6-b1ba-ca99a92a4644 with 34868720-5385-4224-8b7b-3ab3a90f0153
[HTTP] <-- GET /wd/hub/session/34868720-5385-4224-8b7b-3ab3a90f0153/element/6f3c2612-235f-493f-8c24-33284920f075/location 200 19 ms - 88
[HTTP] 
[HTTP] --> POST /wd/hub/session/34868720-5385-4224-8b7b-3ab3a90f0153/element/6f3c2612-235f-493f-8c24-33284920f075/clear
[HTTP] {"id":"6f3c2612-235f-493f-8c24-33284920f075"}
[HTTP] <-- POST /wd/hub/session/34868720-5385-4224-8b7b-3ab3a90f0153/element/6f3c2612-235f-493f-8c24-33284920f075/clear 200 40 ms - 89
[HTTP] 
[HTTP] --> POST /wd/hub/session/34868720-5385-4224-8b7b-3ab3a90f0153/element/6f3c2612-235f-493f-8c24-33284920f075/value
[HTTP] {"id":"6f3c2612-235f-493f-8c24-33284920f075","value":["08777111777"]}
[HTTP] <-- POST /wd/hub/session/34868720-5385-4224-8b7b-3ab3a90f0153/element/6f3c2612-235f-493f-8c24-33284920f075/value 200 1078 ms - 74
[HTTP] 
[HTTP] --> GET /wd/hub/session/34868720-5385-4224-8b7b-3ab3a90f0153/window/current/size
[HTTP] {}
[W3C] Driver proxy active, passing request on via HTTP proxy
[JSONWP Proxy] Replacing sessionId 0f1e09d1-8301-40a6-b1ba-ca99a92a4644 with 34868720-5385-4224-8b7b-3ab3a90f0153
[HTTP] <-- GET /wd/hub/session/34868720-5385-4224-8b7b-3ab3a90f0153/window/current/size 200 15 ms - 100
[HTTP] 
[HTTP] --> POST /wd/hub/session/34868720-5385-4224-8b7b-3ab3a90f0153/elements
[HTTP] {"using":"-android uiautomator","value":"new UiSelector().className(\"android.widget.Button\").text(\"MASUK\").resourceId(\"id.co.fundtastic.client:id/btnLogin\").instance(0)"}
[HTTP] <-- POST /wd/hub/session/34868720-5385-4224-8b7b-3ab3a90f0153/elements 200 489 ms - 124
[HTTP] 
[HTTP] --> GET /wd/hub/session/34868720-5385-4224-8b7b-3ab3a90f0153
[HTTP] {}
[HTTP] <-- GET /wd/hub/session/34868720-5385-4224-8b7b-3ab3a90f0153 200 10 ms - 1189
[HTTP] 
[HTTP] --> GET /wd/hub/session/34868720-5385-4224-8b7b-3ab3a90f0153
[HTTP] {}
[HTTP] <-- GET /wd/hub/session/34868720-5385-4224-8b7b-3ab3a90f0153 200 9 ms - 1189
[HTTP] 
[HTTP] --> GET /wd/hub/session/34868720-5385-4224-8b7b-3ab3a90f0153
[HTTP] {}
[HTTP] <-- GET /wd/hub/session/34868720-5385-4224-8b7b-3ab3a90f0153 200 9 ms - 1189
[HTTP] 
[HTTP] --> GET /wd/hub/session/34868720-5385-4224-8b7b-3ab3a90f0153
[HTTP] {}
[HTTP] <-- GET /wd/hub/session/34868720-5385-4224-8b7b-3ab3a90f0153 200 9 ms - 1189
[HTTP] 
[HTTP] --> GET /wd/hub/session/34868720-5385-4224-8b7b-3ab3a90f0153/element/295b920d-398b-4721-990d-18744953b41a/location
[HTTP] {}
[W3C] Driver proxy active, passing request on via HTTP proxy
[JSONWP Proxy] Replacing sessionId 0f1e09d1-8301-40a6-b1ba-ca99a92a4644 with 34868720-5385-4224-8b7b-3ab3a90f0153
[HTTP] <-- GET /wd/hub/session/34868720-5385-4224-8b7b-3ab3a90f0153/element/295b920d-398b-4721-990d-18744953b41a/location 200 15 ms - 88
[HTTP] 
[HTTP] --> POST /wd/hub/session/34868720-5385-4224-8b7b-3ab3a90f0153/touch/perform
[HTTP] {"actions":[{"action":"tap","options":{"element":"295b920d-398b-4721-990d-18744953b41a","x":1,"y":1}}]}
[UiAutomator2] calling get location: 295b920d-398b-4721-990d-18744953b41a
[HTTP] <-- POST /wd/hub/session/34868720-5385-4224-8b7b-3ab3a90f0153/touch/perform 200 770 ms - 76
[HTTP] 
[HTTP] --> GET /wd/hub/session/34868720-5385-4224-8b7b-3ab3a90f0153/window/current/size
[HTTP] {}
[W3C] Driver proxy active, passing request on via HTTP proxy
[JSONWP Proxy] Replacing sessionId 0f1e09d1-8301-40a6-b1ba-ca99a92a4644 with 34868720-5385-4224-8b7b-3ab3a90f0153
[HTTP] <-- GET /wd/hub/session/34868720-5385-4224-8b7b-3ab3a90f0153/window/current/size 200 15 ms - 100
[HTTP] 
[HTTP] --> POST /wd/hub/session/34868720-5385-4224-8b7b-3ab3a90f0153/elements
[HTTP] {"using":"-android uiautomator","value":"new UiSelector().className(\"android.widget.TextView\").text(\"Verifikasi Nomor HP\").instance(0)"}
[HTTP] <-- POST /wd/hub/session/34868720-5385-4224-8b7b-3ab3a90f0153/elements 200 20 ms - 124
[HTTP] 
[HTTP] --> GET /wd/hub/session/34868720-5385-4224-8b7b-3ab3a90f0153
[HTTP] {}
[HTTP] <-- GET /wd/hub/session/34868720-5385-4224-8b7b-3ab3a90f0153 200 9 ms - 1189
[HTTP] 
[HTTP] --> GET /wd/hub/session/34868720-5385-4224-8b7b-3ab3a90f0153
[HTTP] {}
[HTTP] <-- GET /wd/hub/session/34868720-5385-4224-8b7b-3ab3a90f0153 200 7 ms - 1189
[HTTP] 
[HTTP] --> GET /wd/hub/session/34868720-5385-4224-8b7b-3ab3a90f0153
[HTTP] {}
[HTTP] <-- GET /wd/hub/session/34868720-5385-4224-8b7b-3ab3a90f0153 200 8 ms - 1189
[HTTP] 
[HTTP] --> GET /wd/hub/session/34868720-5385-4224-8b7b-3ab3a90f0153
[HTTP] {}
[HTTP] <-- GET /wd/hub/session/34868720-5385-4224-8b7b-3ab3a90f0153 200 9 ms - 1189
[HTTP] 
[HTTP] --> GET /wd/hub/session/34868720-5385-4224-8b7b-3ab3a90f0153/element/4841d8ef-d33d-4160-90dd-57f54b252539/location
[HTTP] {}
[W3C] Driver proxy active, passing request on via HTTP proxy
[JSONWP Proxy] Replacing sessionId 0f1e09d1-8301-40a6-b1ba-ca99a92a4644 with 34868720-5385-4224-8b7b-3ab3a90f0153
[HTTP] <-- GET /wd/hub/session/34868720-5385-4224-8b7b-3ab3a90f0153/element/4841d8ef-d33d-4160-90dd-57f54b252539/location 200 15 ms - 89
[HTTP] 
[HTTP] --> GET /wd/hub/session/34868720-5385-4224-8b7b-3ab3a90f0153/element/4841d8ef-d33d-4160-90dd-57f54b252539/text
[HTTP] {}
[W3C] Driver proxy active, passing request on via HTTP proxy
[JSONWP Proxy] Replacing sessionId 0f1e09d1-8301-40a6-b1ba-ca99a92a4644 with 34868720-5385-4224-8b7b-3ab3a90f0153
[HTTP] <-- GET /wd/hub/session/34868720-5385-4224-8b7b-3ab3a90f0153/element/4841d8ef-d33d-4160-90dd-57f54b252539/text 200 15 ms - 93
[HTTP] 
[HTTP] --> GET /wd/hub/session/34868720-5385-4224-8b7b-3ab3a90f0153/window/current/size
[HTTP] {}
[W3C] Driver proxy active, passing request on via HTTP proxy
[JSONWP Proxy] Replacing sessionId 0f1e09d1-8301-40a6-b1ba-ca99a92a4644 with 34868720-5385-4224-8b7b-3ab3a90f0153
[HTTP] <-- GET /wd/hub/session/34868720-5385-4224-8b7b-3ab3a90f0153/window/current/size 200 12 ms - 100
[HTTP] 
[HTTP] --> POST /wd/hub/session/34868720-5385-4224-8b7b-3ab3a90f0153/elements
[HTTP] {"using":"-android uiautomator","value":"new UiSelector().className(\"android.widget.EditText\").resourceId(\"id.co.fundtastic.client:id/et_otp\").instance(0)"}
[HTTP] <-- POST /wd/hub/session/34868720-5385-4224-8b7b-3ab3a90f0153/elements 200 22 ms - 124
[HTTP] 
[HTTP] --> GET /wd/hub/session/34868720-5385-4224-8b7b-3ab3a90f0153
[HTTP] {}
[HTTP] <-- GET /wd/hub/session/34868720-5385-4224-8b7b-3ab3a90f0153 200 8 ms - 1189
[HTTP] 
[HTTP] --> GET /wd/hub/session/34868720-5385-4224-8b7b-3ab3a90f0153
[HTTP] {}
[HTTP] <-- GET /wd/hub/session/34868720-5385-4224-8b7b-3ab3a90f0153 200 10 ms - 1189
[HTTP] 
[HTTP] --> GET /wd/hub/session/34868720-5385-4224-8b7b-3ab3a90f0153
[HTTP] {}
[HTTP] <-- GET /wd/hub/session/34868720-5385-4224-8b7b-3ab3a90f0153 200 9 ms - 1189
[HTTP] 
[HTTP] --> GET /wd/hub/session/34868720-5385-4224-8b7b-3ab3a90f0153
[HTTP] {}
[HTTP] <-- GET /wd/hub/session/34868720-5385-4224-8b7b-3ab3a90f0153 200 11 ms - 1189
[HTTP] 
[HTTP] --> GET /wd/hub/session/34868720-5385-4224-8b7b-3ab3a90f0153/element/17a1c548-77a0-48cd-ab9d-c7050f4b63a3/location
[HTTP] {}
[W3C] Driver proxy active, passing request on via HTTP proxy
[JSONWP Proxy] Replacing sessionId 0f1e09d1-8301-40a6-b1ba-ca99a92a4644 with 34868720-5385-4224-8b7b-3ab3a90f0153
[HTTP] <-- GET /wd/hub/session/34868720-5385-4224-8b7b-3ab3a90f0153/element/17a1c548-77a0-48cd-ab9d-c7050f4b63a3/location 200 15 ms - 89
[HTTP] 
[HTTP] --> POST /wd/hub/session/34868720-5385-4224-8b7b-3ab3a90f0153/touch/perform
[HTTP] {"actions":[{"action":"tap","options":{"element":"17a1c548-77a0-48cd-ab9d-c7050f4b63a3","x":1,"y":1}}]}
[UiAutomator2] calling get location: 17a1c548-77a0-48cd-ab9d-c7050f4b63a3
[HTTP] <-- POST /wd/hub/session/34868720-5385-4224-8b7b-3ab3a90f0153/touch/perform 200 640 ms - 76
[HTTP] 
[HTTP] --> GET /wd/hub/session/34868720-5385-4224-8b7b-3ab3a90f0153/window/current/size
[HTTP] {}
[W3C] Driver proxy active, passing request on via HTTP proxy
[JSONWP Proxy] Replacing sessionId 0f1e09d1-8301-40a6-b1ba-ca99a92a4644 with 34868720-5385-4224-8b7b-3ab3a90f0153
[HTTP] <-- GET /wd/hub/session/34868720-5385-4224-8b7b-3ab3a90f0153/window/current/size 200 11 ms - 100
[HTTP] 
[HTTP] --> POST /wd/hub/session/34868720-5385-4224-8b7b-3ab3a90f0153/elements
[HTTP] {"using":"-android uiautomator","value":"new UiSelector().className(\"android.widget.EditText\").resourceId(\"id.co.fundtastic.client:id/et_otp\").instance(0)"}
[HTTP] <-- POST /wd/hub/session/34868720-5385-4224-8b7b-3ab3a90f0153/elements 200 23 ms - 124
[HTTP] 
[HTTP] --> GET /wd/hub/session/34868720-5385-4224-8b7b-3ab3a90f0153
[HTTP] {}
[HTTP] <-- GET /wd/hub/session/34868720-5385-4224-8b7b-3ab3a90f0153 200 10 ms - 1189
[HTTP] 
[HTTP] --> GET /wd/hub/session/34868720-5385-4224-8b7b-3ab3a90f0153
[HTTP] {}
[HTTP] <-- GET /wd/hub/session/34868720-5385-4224-8b7b-3ab3a90f0153 200 9 ms - 1189
[HTTP] 
[HTTP] --> GET /wd/hub/session/34868720-5385-4224-8b7b-3ab3a90f0153
[HTTP] {}
[HTTP] <-- GET /wd/hub/session/34868720-5385-4224-8b7b-3ab3a90f0153 200 9 ms - 1189
[HTTP] 
[HTTP] --> GET /wd/hub/session/34868720-5385-4224-8b7b-3ab3a90f0153
[HTTP] {}
[HTTP] <-- GET /wd/hub/session/34868720-5385-4224-8b7b-3ab3a90f0153 200 9 ms - 1189
[HTTP] 
[HTTP] --> GET /wd/hub/session/34868720-5385-4224-8b7b-3ab3a90f0153/element/b63b7d10-4fd8-462a-a8a9-2f3c30830254/location
[HTTP] {}
[W3C] Driver proxy active, passing request on via HTTP proxy
[JSONWP Proxy] Replacing sessionId 0f1e09d1-8301-40a6-b1ba-ca99a92a4644 with 34868720-5385-4224-8b7b-3ab3a90f0153
[HTTP] <-- GET /wd/hub/session/34868720-5385-4224-8b7b-3ab3a90f0153/element/b63b7d10-4fd8-462a-a8a9-2f3c30830254/location 200 16 ms - 89
[HTTP] 
[HTTP] --> POST /wd/hub/session/34868720-5385-4224-8b7b-3ab3a90f0153/element/b63b7d10-4fd8-462a-a8a9-2f3c30830254/clear
[HTTP] {"id":"b63b7d10-4fd8-462a-a8a9-2f3c30830254"}
[HTTP] <-- POST /wd/hub/session/34868720-5385-4224-8b7b-3ab3a90f0153/element/b63b7d10-4fd8-462a-a8a9-2f3c30830254/clear 200 17 ms - 89
[HTTP] 
[HTTP] --> POST /wd/hub/session/34868720-5385-4224-8b7b-3ab3a90f0153/element/b63b7d10-4fd8-462a-a8a9-2f3c30830254/value
[HTTP] {"id":"b63b7d10-4fd8-462a-a8a9-2f3c30830254","value":["8888"]}
[HTTP] <-- POST /wd/hub/session/34868720-5385-4224-8b7b-3ab3a90f0153/element/b63b7d10-4fd8-462a-a8a9-2f3c30830254/value 200 885 ms - 74
[HTTP] 
[HTTP] --> GET /wd/hub/session/34868720-5385-4224-8b7b-3ab3a90f0153/window/current/size
[HTTP] {}
[W3C] Driver proxy active, passing request on via HTTP proxy
[JSONWP Proxy] Replacing sessionId 0f1e09d1-8301-40a6-b1ba-ca99a92a4644 with 34868720-5385-4224-8b7b-3ab3a90f0153
[HTTP] <-- GET /wd/hub/session/34868720-5385-4224-8b7b-3ab3a90f0153/window/current/size 200 13 ms - 100
[HTTP] 
[HTTP] --> POST /wd/hub/session/34868720-5385-4224-8b7b-3ab3a90f0153/elements
[HTTP] {"using":"-android uiautomator","value":"new UiSelector().className(\"android.widget.Button\").text(\"VERIFIKASI SEKARANG\").resourceId(\"id.co.fundtastic.client:id/btnVerified\").instance(0)"}
[HTTP] <-- POST /wd/hub/session/34868720-5385-4224-8b7b-3ab3a90f0153/elements 200 29 ms - 124
[HTTP] 
[HTTP] --> GET /wd/hub/session/34868720-5385-4224-8b7b-3ab3a90f0153
[HTTP] {}
[HTTP] <-- GET /wd/hub/session/34868720-5385-4224-8b7b-3ab3a90f0153 200 10 ms - 1189
[HTTP] 
[HTTP] --> GET /wd/hub/session/34868720-5385-4224-8b7b-3ab3a90f0153
[HTTP] {}
[HTTP] <-- GET /wd/hub/session/34868720-5385-4224-8b7b-3ab3a90f0153 200 9 ms - 1189
[HTTP] 
[HTTP] --> GET /wd/hub/session/34868720-5385-4224-8b7b-3ab3a90f0153
[HTTP] {}
[HTTP] <-- GET /wd/hub/session/34868720-5385-4224-8b7b-3ab3a90f0153 200 8 ms - 1189
[HTTP] 
[HTTP] --> GET /wd/hub/session/34868720-5385-4224-8b7b-3ab3a90f0153
[HTTP] {}
[HTTP] <-- GET /wd/hub/session/34868720-5385-4224-8b7b-3ab3a90f0153 200 9 ms - 1189
[HTTP] 
[HTTP] --> GET /wd/hub/session/34868720-5385-4224-8b7b-3ab3a90f0153/element/c718d229-6655-4cf2-a5cb-d5cc35e9d345/location
[HTTP] {}
[W3C] Driver proxy active, passing request on via HTTP proxy
[JSONWP Proxy] Replacing sessionId 0f1e09d1-8301-40a6-b1ba-ca99a92a4644 with 34868720-5385-4224-8b7b-3ab3a90f0153
[HTTP] <-- GET /wd/hub/session/34868720-5385-4224-8b7b-3ab3a90f0153/element/c718d229-6655-4cf2-a5cb-d5cc35e9d345/location 200 17 ms - 88
[HTTP] 
[HTTP] --> POST /wd/hub/session/34868720-5385-4224-8b7b-3ab3a90f0153/touch/perform
[HTTP] {"actions":[{"action":"tap","options":{"element":"c718d229-6655-4cf2-a5cb-d5cc35e9d345","x":1,"y":1}}]}
[UiAutomator2] calling get location: c718d229-6655-4cf2-a5cb-d5cc35e9d345
[HTTP] <-- POST /wd/hub/session/34868720-5385-4224-8b7b-3ab3a90f0153/touch/perform 200 870 ms - 76
[HTTP] 
[HTTP] --> DELETE /wd/hub/session/34868720-5385-4224-8b7b-3ab3a90f0153
[HTTP] {}
[Appium] Removing session 34868720-5385-4224-8b7b-3ab3a90f0153 from our master session list
[ADB] id.co.fundtastic.client was successfully uninstalled
[HTTP] <-- DELETE /wd/hub/session/34868720-5385-4224-8b7b-3ab3a90f0153 200 607 ms - 76
[HTTP] 
