[Appium] Welcome to Appium v1.8.1
[Appium] Non-default server args:
[Appium]   port: 64445
[Appium]   loglevel: info
[Appium]   chromeDriverPort: 64446
[Appium]   tmpDir: /var/folders/ts/p6rxgpw53_d96xw60slkng7m0000gn/T//Katalon/Appium/Temp1563955361776
[Appium] Appium REST http interface listener started on 0.0.0.0:64445
[HTTP] --> GET /wd/hub/status
[HTTP] {}
[HTTP] <-- GET /wd/hub/status 200 25 ms - 83
[HTTP] 
[HTTP] --> POST /wd/hub/session
[HTTP] {"desiredCapabilities":{"app":"/Users/ustore/Downloads/mobile-debug.apk","autoGrantPermissions":true,"automationName":"uiautomator2","deviceName":"emulator-5554 (Android SDK built for x86 - Android 8.1.0)","fullReset":true,"newCommandTimeout":1800,"noReset":false,"platform":"ANDROID","platformName":"Android","udid":"emulator-5554"},"capabilities":{"desiredCapabilities":{"app":"/Users/ustore/Downloads/mobile-debug.apk","autoGrantPermissions":true,"automationName":"uiautomator2","deviceName":"emulator-5554 (Android SDK built for x86 - Android 8.1.0)","fullReset":true,"newCommandTimeout":1800,"noReset":false,"platform":"ANDROID","platformName":"Android","udid":"emulator-5554"},"firstMatch":[{"platformName":"android"}]}}
[Appium] Could not parse W3C capabilities: 'deviceName' can't be blank. Falling back to JSONWP protocol.
[Appium] The following capabilities were provided in the JSONWP desired capabilities that are missing in W3C capabilities: ["app","autoGrantPermissions","automationName","deviceName","fullReset","newCommandTimeout","noReset","platform","platformName","udid"]. Falling back to JSONWP protocol.
[Appium] Creating new AndroidUiautomator2Driver (v1.12.0) session
[Appium] Capabilities:
[Appium]   app: /Users/ustore/Downloads/mobile-debug.apk
[Appium]   autoGrantPermissions: true
[Appium]   automationName: uiautomator2
[Appium]   deviceName: emulator-5554 (Android SDK built for x86 - Android 8.1.0)
[Appium]   fullReset: true
[Appium]   newCommandTimeout: 1800
[Appium]   noReset: false
[Appium]   platform: ANDROID
[Appium]   platformName: Android
[Appium]   udid: emulator-5554
[BaseDriver] The following capabilities were provided, but are not recognized by appium: platform.
[BaseDriver] Session created with session id: 45cfffe1-3d94-445f-bc61-8281745a916d
[BaseDriver] Using local app '/Users/ustore/Downloads/mobile-debug.apk'
[AndroidDriver] Java version is: 1.8.0_181
[ADB] Checking whether adb is present
[ADB] Found 1 'build-tools' folders under '/Users/ustore/.katalon/tools/android_sdk' (newest first):
[ADB]     /Users/ustore/.katalon/tools/android_sdk/build-tools/28.0.3
[ADB] Using adb from /Users/ustore/.katalon/tools/android_sdk/platform-tools/adb
[AndroidDriver] Retrieving device list
[AndroidDriver] Using device: emulator-5554
[ADB] Using the alternative activity name detection method because of: Could not find apkanalyzer in /Users/ustore/.katalon/tools/android_sdk/platform-tools/apkanalyzer,/Users/ustore/.katalon/tools/android_sdk/emulator/apkanalyzer,/Users/ustore/.katalon/tools/android_sdk/tools/apkanalyzer,/Users/ustore/.katalon/tools/android_sdk/tools/bin/apkanalyzer,/Users/ustore/.katalon/tools/android_sdk/build-tools/28.0.3/apkanalyzer. Do you have the Android SDK installed at '/Users/ustore/.katalon/tools/android_sdk'?
[ADB] Checking whether aapt is present
[ADB] Using aapt from /Users/ustore/.katalon/tools/android_sdk/build-tools/28.0.3/aapt
[ADB] Extracting package and launch activity from manifest
[ADB] Package name: 'id.co.fundtastic.client'
[ADB] Main activity name: 'id.co.fundtastic.client.splash.presentation.SplashActivity'
[ADB] Getting device platform version
[ADB] Using apksigner from /Users/ustore/.katalon/tools/android_sdk/build-tools/28.0.3/apksigner
[ADB] Cannot read version codes of '/usr/local/lib/node_modules/appium/node_modules/appium-uiautomator2-server/apks/appium-uiautomator2-server-debug-androidTest.apk' and/or 'io.appium.uiautomator2.server.test'
[ADB] Cannot read version names of '/usr/local/lib/node_modules/appium/node_modules/appium-uiautomator2-server/apks/appium-uiautomator2-server-debug-androidTest.apk' and/or 'io.appium.uiautomator2.server.test'. Assuming correct app version is already installed
[AndroidDriver] setDeviceLanguageCountry requires language or country.
[AndroidDriver] Got language: 'null' and country: 'null'
[ADB] Successfully extracted 253 strings from '/Users/ustore/Downloads/mobile-debug.apk' resources for '(default)' configuration
[ADB] id.co.fundtastic.client was not uninstalled, because it was not present on the device
[UiAutomator2] Starting uiautomator2 server 1.12.0
[UiAutomator2] Using UIAutomator2 server from '/usr/local/lib/node_modules/appium/node_modules/appium-uiautomator2-server/apks/appium-uiautomator2-server-v1.12.0.apk' and test from '/usr/local/lib/node_modules/appium/node_modules/appium-uiautomator2-server/apks/appium-uiautomator2-server-debug-androidTest.apk'
[UiAutomator2] Running command: 'adb -s emulator-5554 shell am instrument -w io.appium.uiautomator2.server.test/android.support.test.runner.AndroidJUnitRunner'
[UiAutomator2] Waiting up to 20000ms for UiAutomator2 to be online...
[AndroidDriver] Screen already unlocked, doing nothing
[UiAutomator2] UiAutomator2 did not start the activity we were waiting for, 'id.co.fundtastic.client/id.co.fundtastic.client.splash.presentation.SplashActivity'. Starting it ourselves
[Appium] New AndroidUiautomator2Driver session created successfully, session 45cfffe1-3d94-445f-bc61-8281745a916d added to master session list
[HTTP] <-- POST /wd/hub/session 200 22199 ms - 1177
[HTTP] 
[HTTP] --> GET /wd/hub/status
[HTTP] {}
[HTTP] <-- GET /wd/hub/status 200 41 ms - 55
[HTTP] 
[HTTP] --> POST /wd/hub/session/45cfffe1-3d94-445f-bc61-8281745a916d/timeouts
[HTTP] {"type":"implicit","ms":30000}
[HTTP] <-- POST /wd/hub/session/45cfffe1-3d94-445f-bc61-8281745a916d/timeouts 400 27 ms - 4196
[HTTP] 
[HTTP] --> GET /wd/hub/session/45cfffe1-3d94-445f-bc61-8281745a916d/window/current/size
[HTTP] {}
[W3C] Driver proxy active, passing request on via HTTP proxy
[JSONWP Proxy] Replacing sessionId 19d5170d-8189-4b9c-9478-56324bb4d5ac with 45cfffe1-3d94-445f-bc61-8281745a916d
[HTTP] <-- GET /wd/hub/session/45cfffe1-3d94-445f-bc61-8281745a916d/window/current/size 200 94 ms - 100
[HTTP] 
[HTTP] --> POST /wd/hub/session/45cfffe1-3d94-445f-bc61-8281745a916d/elements
[HTTP] {"using":"-android uiautomator","value":"new UiSelector().className(\"android.widget.TextView\").text(\"Mulailah berinvestasi untuk meraih mimpimu\").instance(0)"}
[HTTP] <-- POST /wd/hub/session/45cfffe1-3d94-445f-bc61-8281745a916d/elements 200 161 ms - 74
[HTTP] 
[HTTP] --> POST /wd/hub/session/45cfffe1-3d94-445f-bc61-8281745a916d/elements
[HTTP] {"using":"-android uiautomator","value":"new UiSelector().className(\"android.widget.TextView\").text(\"Mulailah berinvestasi untuk meraih mimpimu\").instance(0)"}
[HTTP] <-- POST /wd/hub/session/45cfffe1-3d94-445f-bc61-8281745a916d/elements 200 43 ms - 74
[HTTP] 
[HTTP] --> POST /wd/hub/session/45cfffe1-3d94-445f-bc61-8281745a916d/elements
[HTTP] {"using":"-android uiautomator","value":"new UiSelector().className(\"android.widget.TextView\").text(\"Mulailah berinvestasi untuk meraih mimpimu\").instance(0)"}
[HTTP] <-- POST /wd/hub/session/45cfffe1-3d94-445f-bc61-8281745a916d/elements 200 69 ms - 74
[HTTP] 
[HTTP] --> POST /wd/hub/session/45cfffe1-3d94-445f-bc61-8281745a916d/elements
[HTTP] {"using":"-android uiautomator","value":"new UiSelector().className(\"android.widget.TextView\").text(\"Mulailah berinvestasi untuk meraih mimpimu\").instance(0)"}
[HTTP] <-- POST /wd/hub/session/45cfffe1-3d94-445f-bc61-8281745a916d/elements 200 43 ms - 74
[HTTP] 
[HTTP] --> POST /wd/hub/session/45cfffe1-3d94-445f-bc61-8281745a916d/elements
[HTTP] {"using":"-android uiautomator","value":"new UiSelector().className(\"android.widget.TextView\").text(\"Mulailah berinvestasi untuk meraih mimpimu\").instance(0)"}
[HTTP] <-- POST /wd/hub/session/45cfffe1-3d94-445f-bc61-8281745a916d/elements 200 73 ms - 74
[HTTP] 
[HTTP] --> POST /wd/hub/session/45cfffe1-3d94-445f-bc61-8281745a916d/elements
[HTTP] {"using":"-android uiautomator","value":"new UiSelector().className(\"android.widget.TextView\").text(\"Mulailah berinvestasi untuk meraih mimpimu\").instance(0)"}
[HTTP] <-- POST /wd/hub/session/45cfffe1-3d94-445f-bc61-8281745a916d/elements 200 60 ms - 74
[HTTP] 
[HTTP] --> POST /wd/hub/session/45cfffe1-3d94-445f-bc61-8281745a916d/elements
[HTTP] {"using":"-android uiautomator","value":"new UiSelector().className(\"android.widget.TextView\").text(\"Mulailah berinvestasi untuk meraih mimpimu\").instance(0)"}
[HTTP] <-- POST /wd/hub/session/45cfffe1-3d94-445f-bc61-8281745a916d/elements 200 43 ms - 74
[HTTP] 
[HTTP] --> POST /wd/hub/session/45cfffe1-3d94-445f-bc61-8281745a916d/elements
[HTTP] {"using":"-android uiautomator","value":"new UiSelector().className(\"android.widget.TextView\").text(\"Mulailah berinvestasi untuk meraih mimpimu\").instance(0)"}
[HTTP] <-- POST /wd/hub/session/45cfffe1-3d94-445f-bc61-8281745a916d/elements 200 64 ms - 74
[HTTP] 
[HTTP] --> POST /wd/hub/session/45cfffe1-3d94-445f-bc61-8281745a916d/elements
[HTTP] {"using":"-android uiautomator","value":"new UiSelector().className(\"android.widget.TextView\").text(\"Mulailah berinvestasi untuk meraih mimpimu\").instance(0)"}
[HTTP] <-- POST /wd/hub/session/45cfffe1-3d94-445f-bc61-8281745a916d/elements 200 59 ms - 74
[HTTP] 
[HTTP] --> POST /wd/hub/session/45cfffe1-3d94-445f-bc61-8281745a916d/elements
[HTTP] {"using":"-android uiautomator","value":"new UiSelector().className(\"android.widget.TextView\").text(\"Mulailah berinvestasi untuk meraih mimpimu\").instance(0)"}
[HTTP] <-- POST /wd/hub/session/45cfffe1-3d94-445f-bc61-8281745a916d/elements 200 46 ms - 74
[HTTP] 
[HTTP] --> POST /wd/hub/session/45cfffe1-3d94-445f-bc61-8281745a916d/elements
[HTTP] {"using":"-android uiautomator","value":"new UiSelector().className(\"android.widget.TextView\").text(\"Mulailah berinvestasi untuk meraih mimpimu\").instance(0)"}
[HTTP] <-- POST /wd/hub/session/45cfffe1-3d94-445f-bc61-8281745a916d/elements 200 53 ms - 74
[HTTP] 
[HTTP] --> POST /wd/hub/session/45cfffe1-3d94-445f-bc61-8281745a916d/elements
[HTTP] {"using":"-android uiautomator","value":"new UiSelector().className(\"android.widget.TextView\").text(\"Mulailah berinvestasi untuk meraih mimpimu\").instance(0)"}
[HTTP] <-- POST /wd/hub/session/45cfffe1-3d94-445f-bc61-8281745a916d/elements 200 50 ms - 74
[HTTP] 
[HTTP] --> POST /wd/hub/session/45cfffe1-3d94-445f-bc61-8281745a916d/elements
[HTTP] {"using":"-android uiautomator","value":"new UiSelector().className(\"android.widget.TextView\").text(\"Mulailah berinvestasi untuk meraih mimpimu\").instance(0)"}
[HTTP] <-- POST /wd/hub/session/45cfffe1-3d94-445f-bc61-8281745a916d/elements 200 1128 ms - 74
[HTTP] 
[HTTP] --> POST /wd/hub/session/45cfffe1-3d94-445f-bc61-8281745a916d/elements
[HTTP] {"using":"-android uiautomator","value":"new UiSelector().className(\"android.widget.TextView\").text(\"Mulailah berinvestasi untuk meraih mimpimu\").instance(0)"}
[HTTP] <-- POST /wd/hub/session/45cfffe1-3d94-445f-bc61-8281745a916d/elements 200 1296 ms - 74
[HTTP] 
[HTTP] --> POST /wd/hub/session/45cfffe1-3d94-445f-bc61-8281745a916d/elements
[HTTP] {"using":"-android uiautomator","value":"new UiSelector().className(\"android.widget.TextView\").text(\"Mulailah berinvestasi untuk meraih mimpimu\").instance(0)"}
[HTTP] <-- POST /wd/hub/session/45cfffe1-3d94-445f-bc61-8281745a916d/elements 200 2020 ms - 124
[HTTP] 
[HTTP] --> GET /wd/hub/session/45cfffe1-3d94-445f-bc61-8281745a916d
[HTTP] {}
[HTTP] <-- GET /wd/hub/session/45cfffe1-3d94-445f-bc61-8281745a916d 200 28 ms - 1177
[HTTP] 
[HTTP] --> GET /wd/hub/session/45cfffe1-3d94-445f-bc61-8281745a916d
[HTTP] {}
[HTTP] <-- GET /wd/hub/session/45cfffe1-3d94-445f-bc61-8281745a916d 200 25 ms - 1177
[HTTP] 
[HTTP] --> GET /wd/hub/session/45cfffe1-3d94-445f-bc61-8281745a916d
[HTTP] {}
[HTTP] <-- GET /wd/hub/session/45cfffe1-3d94-445f-bc61-8281745a916d 200 22 ms - 1177
[HTTP] 
[HTTP] --> GET /wd/hub/session/45cfffe1-3d94-445f-bc61-8281745a916d
[HTTP] {}
[HTTP] <-- GET /wd/hub/session/45cfffe1-3d94-445f-bc61-8281745a916d 200 22 ms - 1177
[HTTP] 
[HTTP] --> GET /wd/hub/session/45cfffe1-3d94-445f-bc61-8281745a916d/element/af9908cc-7209-4c95-8388-72d0d0c85c46/location
[HTTP] {}
[W3C] Driver proxy active, passing request on via HTTP proxy
[JSONWP Proxy] Replacing sessionId 19d5170d-8189-4b9c-9478-56324bb4d5ac with 45cfffe1-3d94-445f-bc61-8281745a916d
[HTTP] <-- GET /wd/hub/session/45cfffe1-3d94-445f-bc61-8281745a916d/element/af9908cc-7209-4c95-8388-72d0d0c85c46/location 200 65 ms - 88
[HTTP] 
[HTTP] --> GET /wd/hub/session/45cfffe1-3d94-445f-bc61-8281745a916d/element/af9908cc-7209-4c95-8388-72d0d0c85c46/text
[HTTP] {}
[W3C] Driver proxy active, passing request on via HTTP proxy
[JSONWP Proxy] Replacing sessionId 19d5170d-8189-4b9c-9478-56324bb4d5ac with 45cfffe1-3d94-445f-bc61-8281745a916d
[HTTP] <-- GET /wd/hub/session/45cfffe1-3d94-445f-bc61-8281745a916d/element/af9908cc-7209-4c95-8388-72d0d0c85c46/text 200 57 ms - 116
[HTTP] 
[HTTP] --> GET /wd/hub/session/45cfffe1-3d94-445f-bc61-8281745a916d/window/current/size
[HTTP] {}
[W3C] Driver proxy active, passing request on via HTTP proxy
[JSONWP Proxy] Replacing sessionId 19d5170d-8189-4b9c-9478-56324bb4d5ac with 45cfffe1-3d94-445f-bc61-8281745a916d
[HTTP] <-- GET /wd/hub/session/45cfffe1-3d94-445f-bc61-8281745a916d/window/current/size 200 37 ms - 100
[HTTP] 
[HTTP] --> POST /wd/hub/session/45cfffe1-3d94-445f-bc61-8281745a916d/elements
[HTTP] {"using":"-android uiautomator","value":"new UiSelector().className(\"android.widget.ImageView\").resourceId(\"id.co.fundtastic.client:id/checklist\").instance(6)"}
[HTTP] <-- POST /wd/hub/session/45cfffe1-3d94-445f-bc61-8281745a916d/elements 200 78 ms - 124
[HTTP] 
[HTTP] --> GET /wd/hub/session/45cfffe1-3d94-445f-bc61-8281745a916d
[HTTP] {}
[HTTP] <-- GET /wd/hub/session/45cfffe1-3d94-445f-bc61-8281745a916d 200 37 ms - 1177
[HTTP] 
[HTTP] --> GET /wd/hub/session/45cfffe1-3d94-445f-bc61-8281745a916d
[HTTP] {}
[HTTP] <-- GET /wd/hub/session/45cfffe1-3d94-445f-bc61-8281745a916d 200 67 ms - 1177
[HTTP] 
[HTTP] --> GET /wd/hub/session/45cfffe1-3d94-445f-bc61-8281745a916d
[HTTP] {}
[HTTP] <-- GET /wd/hub/session/45cfffe1-3d94-445f-bc61-8281745a916d 200 18 ms - 1177
[HTTP] 
[HTTP] --> GET /wd/hub/session/45cfffe1-3d94-445f-bc61-8281745a916d
[HTTP] {}
[HTTP] <-- GET /wd/hub/session/45cfffe1-3d94-445f-bc61-8281745a916d 200 42 ms - 1177
[HTTP] 
[HTTP] --> GET /wd/hub/session/45cfffe1-3d94-445f-bc61-8281745a916d/element/ecf7e8af-4c22-4a98-9195-bffddec30328/location
[HTTP] {}
[W3C] Driver proxy active, passing request on via HTTP proxy
[JSONWP Proxy] Replacing sessionId 19d5170d-8189-4b9c-9478-56324bb4d5ac with 45cfffe1-3d94-445f-bc61-8281745a916d
[HTTP] <-- GET /wd/hub/session/45cfffe1-3d94-445f-bc61-8281745a916d/element/ecf7e8af-4c22-4a98-9195-bffddec30328/location 200 37 ms - 90
[HTTP] 
[HTTP] --> POST /wd/hub/session/45cfffe1-3d94-445f-bc61-8281745a916d/touch/perform
[HTTP] {"actions":[{"action":"tap","options":{"element":"ecf7e8af-4c22-4a98-9195-bffddec30328","x":1,"y":1}}]}
[UiAutomator2] calling get location: ecf7e8af-4c22-4a98-9195-bffddec30328
[HTTP] <-- POST /wd/hub/session/45cfffe1-3d94-445f-bc61-8281745a916d/touch/perform 200 1567 ms - 76
[HTTP] 
[HTTP] --> GET /wd/hub/session/45cfffe1-3d94-445f-bc61-8281745a916d/window/current/size
[HTTP] {}
[W3C] Driver proxy active, passing request on via HTTP proxy
[JSONWP Proxy] Replacing sessionId 19d5170d-8189-4b9c-9478-56324bb4d5ac with 45cfffe1-3d94-445f-bc61-8281745a916d
[HTTP] <-- GET /wd/hub/session/45cfffe1-3d94-445f-bc61-8281745a916d/window/current/size 200 22 ms - 100
[HTTP] 
[HTTP] --> POST /wd/hub/session/45cfffe1-3d94-445f-bc61-8281745a916d/elements
[HTTP] {"using":"-android uiautomator","value":"new UiSelector().className(\"android.widget.LinearLayout\").instance(4)"}
[HTTP] <-- POST /wd/hub/session/45cfffe1-3d94-445f-bc61-8281745a916d/elements 200 49 ms - 124
[HTTP] 
[HTTP] --> GET /wd/hub/session/45cfffe1-3d94-445f-bc61-8281745a916d
[HTTP] {}
[HTTP] <-- GET /wd/hub/session/45cfffe1-3d94-445f-bc61-8281745a916d 200 16 ms - 1177
[HTTP] 
[HTTP] --> GET /wd/hub/session/45cfffe1-3d94-445f-bc61-8281745a916d
[HTTP] {}
[HTTP] <-- GET /wd/hub/session/45cfffe1-3d94-445f-bc61-8281745a916d 200 13 ms - 1177
[HTTP] 
[HTTP] --> GET /wd/hub/session/45cfffe1-3d94-445f-bc61-8281745a916d
[HTTP] {}
[HTTP] <-- GET /wd/hub/session/45cfffe1-3d94-445f-bc61-8281745a916d 200 19 ms - 1177
[HTTP] 
[HTTP] --> GET /wd/hub/session/45cfffe1-3d94-445f-bc61-8281745a916d
[HTTP] {}
[HTTP] <-- GET /wd/hub/session/45cfffe1-3d94-445f-bc61-8281745a916d 200 16 ms - 1177
[HTTP] 
[HTTP] --> GET /wd/hub/session/45cfffe1-3d94-445f-bc61-8281745a916d/element/75becd5b-d12a-40e2-a270-2eaf87d3a789/location
[HTTP] {}
[W3C] Driver proxy active, passing request on via HTTP proxy
[JSONWP Proxy] Replacing sessionId 19d5170d-8189-4b9c-9478-56324bb4d5ac with 45cfffe1-3d94-445f-bc61-8281745a916d
[HTTP] <-- GET /wd/hub/session/45cfffe1-3d94-445f-bc61-8281745a916d/element/75becd5b-d12a-40e2-a270-2eaf87d3a789/location 200 24 ms - 88
[HTTP] 
[HTTP] --> POST /wd/hub/session/45cfffe1-3d94-445f-bc61-8281745a916d/touch/perform
[HTTP] {"actions":[{"action":"tap","options":{"element":"75becd5b-d12a-40e2-a270-2eaf87d3a789","x":1,"y":1}}]}
[UiAutomator2] calling get location: 75becd5b-d12a-40e2-a270-2eaf87d3a789
[HTTP] <-- POST /wd/hub/session/45cfffe1-3d94-445f-bc61-8281745a916d/touch/perform 200 816 ms - 76
[HTTP] 
[HTTP] --> GET /wd/hub/session/45cfffe1-3d94-445f-bc61-8281745a916d/context
[HTTP] {}
[HTTP] <-- GET /wd/hub/session/45cfffe1-3d94-445f-bc61-8281745a916d/context 200 3 ms - 84
[HTTP] 
[HTTP] --> GET /wd/hub/session/45cfffe1-3d94-445f-bc61-8281745a916d/contexts
[HTTP] {}
[HTTP] <-- GET /wd/hub/session/45cfffe1-3d94-445f-bc61-8281745a916d/contexts 200 37 ms - 127
[HTTP] 
[HTTP] --> POST /wd/hub/session/45cfffe1-3d94-445f-bc61-8281745a916d/context
[HTTP] {"name":"NATIVE_APP"}
[HTTP] <-- POST /wd/hub/session/45cfffe1-3d94-445f-bc61-8281745a916d/context 200 44 ms - 76
[HTTP] 
[HTTP] --> POST /wd/hub/session/45cfffe1-3d94-445f-bc61-8281745a916d/touch/perform
[HTTP] {"actions":[{"action":"press","options":{"x":800,"y":1000}},{"action":"wait","options":{"ms":500}},{"action":"moveTo","options":{"x":10,"y":800}}]}
[HTTP] <-- POST /wd/hub/session/45cfffe1-3d94-445f-bc61-8281745a916d/touch/perform 200 2072 ms - 76
[HTTP] 
[HTTP] --> POST /wd/hub/session/45cfffe1-3d94-445f-bc61-8281745a916d/context
[HTTP] {"name":"NATIVE_APP"}
[HTTP] <-- POST /wd/hub/session/45cfffe1-3d94-445f-bc61-8281745a916d/context 200 55 ms - 76
[HTTP] 
[HTTP] --> GET /wd/hub/session/45cfffe1-3d94-445f-bc61-8281745a916d/window/current/size
[HTTP] {}
[W3C] Driver proxy active, passing request on via HTTP proxy
[JSONWP Proxy] Replacing sessionId 19d5170d-8189-4b9c-9478-56324bb4d5ac with 45cfffe1-3d94-445f-bc61-8281745a916d
[HTTP] <-- GET /wd/hub/session/45cfffe1-3d94-445f-bc61-8281745a916d/window/current/size 200 15 ms - 100
[HTTP] 
[HTTP] --> POST /wd/hub/session/45cfffe1-3d94-445f-bc61-8281745a916d/elements
[HTTP] {"using":"-android uiautomator","value":"new UiSelector().className(\"android.widget.LinearLayout\").instance(4)"}
[HTTP] <-- POST /wd/hub/session/45cfffe1-3d94-445f-bc61-8281745a916d/elements 200 48 ms - 124
[HTTP] 
[HTTP] --> GET /wd/hub/session/45cfffe1-3d94-445f-bc61-8281745a916d
[HTTP] {}
[HTTP] <-- GET /wd/hub/session/45cfffe1-3d94-445f-bc61-8281745a916d 200 18 ms - 1294
[HTTP] 
[HTTP] --> GET /wd/hub/session/45cfffe1-3d94-445f-bc61-8281745a916d
[HTTP] {}
[HTTP] <-- GET /wd/hub/session/45cfffe1-3d94-445f-bc61-8281745a916d 200 14 ms - 1294
[HTTP] 
[HTTP] --> GET /wd/hub/session/45cfffe1-3d94-445f-bc61-8281745a916d
[HTTP] {}
[HTTP] <-- GET /wd/hub/session/45cfffe1-3d94-445f-bc61-8281745a916d 200 17 ms - 1294
[HTTP] 
[HTTP] --> GET /wd/hub/session/45cfffe1-3d94-445f-bc61-8281745a916d
[HTTP] {}
[HTTP] <-- GET /wd/hub/session/45cfffe1-3d94-445f-bc61-8281745a916d 200 14 ms - 1294
[HTTP] 
[HTTP] --> GET /wd/hub/session/45cfffe1-3d94-445f-bc61-8281745a916d/element/f1347fdf-0970-4254-941c-88d9610e8983/location
[HTTP] {}
[W3C] Driver proxy active, passing request on via HTTP proxy
[JSONWP Proxy] Replacing sessionId 19d5170d-8189-4b9c-9478-56324bb4d5ac with 45cfffe1-3d94-445f-bc61-8281745a916d
[HTTP] <-- GET /wd/hub/session/45cfffe1-3d94-445f-bc61-8281745a916d/element/f1347fdf-0970-4254-941c-88d9610e8983/location 200 33 ms - 87
[HTTP] 
[HTTP] --> POST /wd/hub/session/45cfffe1-3d94-445f-bc61-8281745a916d/touch/perform
[HTTP] {"actions":[{"action":"tap","options":{"element":"f1347fdf-0970-4254-941c-88d9610e8983","x":1,"y":1}}]}
[UiAutomator2] calling get location: f1347fdf-0970-4254-941c-88d9610e8983
[HTTP] <-- POST /wd/hub/session/45cfffe1-3d94-445f-bc61-8281745a916d/touch/perform 200 1067 ms - 76
[HTTP] 
[HTTP] --> GET /wd/hub/session/45cfffe1-3d94-445f-bc61-8281745a916d/context
[HTTP] {}
[HTTP] <-- GET /wd/hub/session/45cfffe1-3d94-445f-bc61-8281745a916d/context 200 3 ms - 84
[HTTP] 
[HTTP] --> GET /wd/hub/session/45cfffe1-3d94-445f-bc61-8281745a916d/contexts
[HTTP] {}
[HTTP] <-- GET /wd/hub/session/45cfffe1-3d94-445f-bc61-8281745a916d/contexts 200 36 ms - 127
[HTTP] 
[HTTP] --> POST /wd/hub/session/45cfffe1-3d94-445f-bc61-8281745a916d/context
[HTTP] {"name":"NATIVE_APP"}
[HTTP] <-- POST /wd/hub/session/45cfffe1-3d94-445f-bc61-8281745a916d/context 200 29 ms - 76
[HTTP] 
[HTTP] --> POST /wd/hub/session/45cfffe1-3d94-445f-bc61-8281745a916d/touch/perform
[HTTP] {"actions":[{"action":"press","options":{"x":800,"y":1000}},{"action":"wait","options":{"ms":500}},{"action":"moveTo","options":{"x":10,"y":800}}]}
[HTTP] <-- POST /wd/hub/session/45cfffe1-3d94-445f-bc61-8281745a916d/touch/perform 200 2069 ms - 76
[HTTP] 
[HTTP] --> POST /wd/hub/session/45cfffe1-3d94-445f-bc61-8281745a916d/context
[HTTP] {"name":"NATIVE_APP"}
[HTTP] <-- POST /wd/hub/session/45cfffe1-3d94-445f-bc61-8281745a916d/context 200 48 ms - 76
[HTTP] 
[HTTP] --> GET /wd/hub/session/45cfffe1-3d94-445f-bc61-8281745a916d/window/current/size
[HTTP] {}
[W3C] Driver proxy active, passing request on via HTTP proxy
[JSONWP Proxy] Replacing sessionId 19d5170d-8189-4b9c-9478-56324bb4d5ac with 45cfffe1-3d94-445f-bc61-8281745a916d
[HTTP] <-- GET /wd/hub/session/45cfffe1-3d94-445f-bc61-8281745a916d/window/current/size 200 20 ms - 100
[HTTP] 
[HTTP] --> POST /wd/hub/session/45cfffe1-3d94-445f-bc61-8281745a916d/elements
[HTTP] {"using":"-android uiautomator","value":"new UiSelector().className(\"android.widget.LinearLayout\").instance(4)"}
[HTTP] <-- POST /wd/hub/session/45cfffe1-3d94-445f-bc61-8281745a916d/elements 200 32 ms - 124
[HTTP] 
[HTTP] --> GET /wd/hub/session/45cfffe1-3d94-445f-bc61-8281745a916d
[HTTP] {}
[HTTP] <-- GET /wd/hub/session/45cfffe1-3d94-445f-bc61-8281745a916d 200 15 ms - 1294
[HTTP] 
[HTTP] --> GET /wd/hub/session/45cfffe1-3d94-445f-bc61-8281745a916d
[HTTP] {}
[HTTP] <-- GET /wd/hub/session/45cfffe1-3d94-445f-bc61-8281745a916d 200 24 ms - 1294
[HTTP] 
[HTTP] --> GET /wd/hub/session/45cfffe1-3d94-445f-bc61-8281745a916d
[HTTP] {}
[HTTP] <-- GET /wd/hub/session/45cfffe1-3d94-445f-bc61-8281745a916d 200 24 ms - 1294
[HTTP] 
[HTTP] --> GET /wd/hub/session/45cfffe1-3d94-445f-bc61-8281745a916d
[HTTP] {}
[HTTP] <-- GET /wd/hub/session/45cfffe1-3d94-445f-bc61-8281745a916d 200 29 ms - 1294
[HTTP] 
[HTTP] --> GET /wd/hub/session/45cfffe1-3d94-445f-bc61-8281745a916d/element/48403937-f0c0-4c4a-9737-83b9e7639834/location
[HTTP] {}
[W3C] Driver proxy active, passing request on via HTTP proxy
[JSONWP Proxy] Replacing sessionId 19d5170d-8189-4b9c-9478-56324bb4d5ac with 45cfffe1-3d94-445f-bc61-8281745a916d
[HTTP] <-- GET /wd/hub/session/45cfffe1-3d94-445f-bc61-8281745a916d/element/48403937-f0c0-4c4a-9737-83b9e7639834/location 200 23 ms - 87
[HTTP] 
[HTTP] --> POST /wd/hub/session/45cfffe1-3d94-445f-bc61-8281745a916d/touch/perform
[HTTP] {"actions":[{"action":"tap","options":{"element":"48403937-f0c0-4c4a-9737-83b9e7639834","x":1,"y":1}}]}
[UiAutomator2] calling get location: 48403937-f0c0-4c4a-9737-83b9e7639834
[HTTP] <-- POST /wd/hub/session/45cfffe1-3d94-445f-bc61-8281745a916d/touch/perform 200 1063 ms - 76
[HTTP] 
[HTTP] --> GET /wd/hub/session/45cfffe1-3d94-445f-bc61-8281745a916d/context
[HTTP] {}
[HTTP] <-- GET /wd/hub/session/45cfffe1-3d94-445f-bc61-8281745a916d/context 200 3 ms - 84
[HTTP] 
[HTTP] --> GET /wd/hub/session/45cfffe1-3d94-445f-bc61-8281745a916d/contexts
[HTTP] {}
[HTTP] <-- GET /wd/hub/session/45cfffe1-3d94-445f-bc61-8281745a916d/contexts 200 25 ms - 127
[HTTP] 
[HTTP] --> POST /wd/hub/session/45cfffe1-3d94-445f-bc61-8281745a916d/context
[HTTP] {"name":"NATIVE_APP"}
[HTTP] <-- POST /wd/hub/session/45cfffe1-3d94-445f-bc61-8281745a916d/context 200 26 ms - 76
[HTTP] 
[HTTP] --> POST /wd/hub/session/45cfffe1-3d94-445f-bc61-8281745a916d/touch/perform
[HTTP] {"actions":[{"action":"press","options":{"x":800,"y":1000}},{"action":"wait","options":{"ms":500}},{"action":"moveTo","options":{"x":10,"y":800}}]}
[HTTP] <-- POST /wd/hub/session/45cfffe1-3d94-445f-bc61-8281745a916d/touch/perform 200 2061 ms - 76
[HTTP] 
[HTTP] --> POST /wd/hub/session/45cfffe1-3d94-445f-bc61-8281745a916d/context
[HTTP] {"name":"NATIVE_APP"}
[HTTP] <-- POST /wd/hub/session/45cfffe1-3d94-445f-bc61-8281745a916d/context 200 100 ms - 76
[HTTP] 
[HTTP] --> GET /wd/hub/session/45cfffe1-3d94-445f-bc61-8281745a916d/window/current/size
[HTTP] {}
[W3C] Driver proxy active, passing request on via HTTP proxy
[JSONWP Proxy] Replacing sessionId 19d5170d-8189-4b9c-9478-56324bb4d5ac with 45cfffe1-3d94-445f-bc61-8281745a916d
[HTTP] <-- GET /wd/hub/session/45cfffe1-3d94-445f-bc61-8281745a916d/window/current/size 200 29 ms - 100
[HTTP] 
[HTTP] --> POST /wd/hub/session/45cfffe1-3d94-445f-bc61-8281745a916d/elements
[HTTP] {"using":"-android uiautomator","value":"new UiSelector().className(\"android.widget.LinearLayout\").instance(4)"}
[HTTP] <-- POST /wd/hub/session/45cfffe1-3d94-445f-bc61-8281745a916d/elements 200 185 ms - 124
[HTTP] 
[HTTP] --> GET /wd/hub/session/45cfffe1-3d94-445f-bc61-8281745a916d
[HTTP] {}
[HTTP] <-- GET /wd/hub/session/45cfffe1-3d94-445f-bc61-8281745a916d 200 80 ms - 1177
[HTTP] 
[HTTP] --> GET /wd/hub/session/45cfffe1-3d94-445f-bc61-8281745a916d
[HTTP] {}
[HTTP] <-- GET /wd/hub/session/45cfffe1-3d94-445f-bc61-8281745a916d 200 35 ms - 1177
[HTTP] 
[HTTP] --> GET /wd/hub/session/45cfffe1-3d94-445f-bc61-8281745a916d
[HTTP] {}
[HTTP] <-- GET /wd/hub/session/45cfffe1-3d94-445f-bc61-8281745a916d 200 31 ms - 1177
[HTTP] 
[HTTP] --> GET /wd/hub/session/45cfffe1-3d94-445f-bc61-8281745a916d
[HTTP] {}
[HTTP] <-- GET /wd/hub/session/45cfffe1-3d94-445f-bc61-8281745a916d 200 63 ms - 1177
[HTTP] 
[HTTP] --> GET /wd/hub/session/45cfffe1-3d94-445f-bc61-8281745a916d/element/5d40a348-3a92-4de2-a3f3-423d998b00cb/location
[HTTP] {}
[W3C] Driver proxy active, passing request on via HTTP proxy
[JSONWP Proxy] Replacing sessionId 19d5170d-8189-4b9c-9478-56324bb4d5ac with 45cfffe1-3d94-445f-bc61-8281745a916d
[HTTP] <-- GET /wd/hub/session/45cfffe1-3d94-445f-bc61-8281745a916d/element/5d40a348-3a92-4de2-a3f3-423d998b00cb/location 200 110 ms - 88
[HTTP] 
[HTTP] --> POST /wd/hub/session/45cfffe1-3d94-445f-bc61-8281745a916d/touch/perform
[HTTP] {"actions":[{"action":"tap","options":{"element":"5d40a348-3a92-4de2-a3f3-423d998b00cb","x":1,"y":1}}]}
[UiAutomator2] calling get location: 5d40a348-3a92-4de2-a3f3-423d998b00cb
[HTTP] <-- POST /wd/hub/session/45cfffe1-3d94-445f-bc61-8281745a916d/touch/perform 200 1502 ms - 76
[HTTP] 
[HTTP] --> GET /wd/hub/session/45cfffe1-3d94-445f-bc61-8281745a916d/context
[HTTP] {}
[HTTP] <-- GET /wd/hub/session/45cfffe1-3d94-445f-bc61-8281745a916d/context 200 2 ms - 84
[HTTP] 
[HTTP] --> GET /wd/hub/session/45cfffe1-3d94-445f-bc61-8281745a916d/contexts
[HTTP] {}
[HTTP] <-- GET /wd/hub/session/45cfffe1-3d94-445f-bc61-8281745a916d/contexts 200 44 ms - 127
[HTTP] 
[HTTP] --> POST /wd/hub/session/45cfffe1-3d94-445f-bc61-8281745a916d/context
[HTTP] {"name":"NATIVE_APP"}
[HTTP] <-- POST /wd/hub/session/45cfffe1-3d94-445f-bc61-8281745a916d/context 200 48 ms - 76
[HTTP] 
[HTTP] --> POST /wd/hub/session/45cfffe1-3d94-445f-bc61-8281745a916d/touch/perform
[HTTP] {"actions":[{"action":"press","options":{"x":800,"y":1000}},{"action":"wait","options":{"ms":500}},{"action":"moveTo","options":{"x":10,"y":800}}]}
[HTTP] <-- POST /wd/hub/session/45cfffe1-3d94-445f-bc61-8281745a916d/touch/perform 200 2064 ms - 76
[HTTP] 
[HTTP] --> POST /wd/hub/session/45cfffe1-3d94-445f-bc61-8281745a916d/context
[HTTP] {"name":"NATIVE_APP"}
[HTTP] <-- POST /wd/hub/session/45cfffe1-3d94-445f-bc61-8281745a916d/context 200 97 ms - 76
[HTTP] 
[HTTP] --> GET /wd/hub/session/45cfffe1-3d94-445f-bc61-8281745a916d/window/current/size
[HTTP] {}
[W3C] Driver proxy active, passing request on via HTTP proxy
[JSONWP Proxy] Replacing sessionId 19d5170d-8189-4b9c-9478-56324bb4d5ac with 45cfffe1-3d94-445f-bc61-8281745a916d
[HTTP] <-- GET /wd/hub/session/45cfffe1-3d94-445f-bc61-8281745a916d/window/current/size 200 95 ms - 100
[HTTP] 
[HTTP] --> POST /wd/hub/session/45cfffe1-3d94-445f-bc61-8281745a916d/elements
[HTTP] {"using":"-android uiautomator","value":"new UiSelector().className(\"android.widget.EditText\").text(\"No Handphone\").resourceId(\"id.co.fundtastic.client:id/et_phone\").instance(0)"}
[HTTP] <-- POST /wd/hub/session/45cfffe1-3d94-445f-bc61-8281745a916d/elements 200 244 ms - 124
[HTTP] 
[HTTP] --> GET /wd/hub/session/45cfffe1-3d94-445f-bc61-8281745a916d
[HTTP] {}
[HTTP] <-- GET /wd/hub/session/45cfffe1-3d94-445f-bc61-8281745a916d 200 40 ms - 1177
[HTTP] 
[HTTP] --> GET /wd/hub/session/45cfffe1-3d94-445f-bc61-8281745a916d
[HTTP] {}
[HTTP] <-- GET /wd/hub/session/45cfffe1-3d94-445f-bc61-8281745a916d 200 17 ms - 1177
[HTTP] 
[HTTP] --> GET /wd/hub/session/45cfffe1-3d94-445f-bc61-8281745a916d
[HTTP] {}
[HTTP] <-- GET /wd/hub/session/45cfffe1-3d94-445f-bc61-8281745a916d 200 36 ms - 1177
[HTTP] 
[HTTP] --> GET /wd/hub/session/45cfffe1-3d94-445f-bc61-8281745a916d
[HTTP] {}
[HTTP] <-- GET /wd/hub/session/45cfffe1-3d94-445f-bc61-8281745a916d 200 56 ms - 1177
[HTTP] 
[HTTP] --> GET /wd/hub/session/45cfffe1-3d94-445f-bc61-8281745a916d/element/85e50efa-cab8-4156-8ae8-0293e1926391/location
[HTTP] {}
[W3C] Driver proxy active, passing request on via HTTP proxy
[JSONWP Proxy] Replacing sessionId 19d5170d-8189-4b9c-9478-56324bb4d5ac with 45cfffe1-3d94-445f-bc61-8281745a916d
[HTTP] <-- GET /wd/hub/session/45cfffe1-3d94-445f-bc61-8281745a916d/element/85e50efa-cab8-4156-8ae8-0293e1926391/location 200 112 ms - 88
[HTTP] 
[HTTP] --> POST /wd/hub/session/45cfffe1-3d94-445f-bc61-8281745a916d/element/85e50efa-cab8-4156-8ae8-0293e1926391/clear
[HTTP] {"id":"85e50efa-cab8-4156-8ae8-0293e1926391"}
[HTTP] <-- POST /wd/hub/session/45cfffe1-3d94-445f-bc61-8281745a916d/element/85e50efa-cab8-4156-8ae8-0293e1926391/clear 200 165 ms - 89
[HTTP] 
[HTTP] --> POST /wd/hub/session/45cfffe1-3d94-445f-bc61-8281745a916d/element/85e50efa-cab8-4156-8ae8-0293e1926391/value
[HTTP] {"id":"85e50efa-cab8-4156-8ae8-0293e1926391","value":["081265699666"]}
[HTTP] <-- POST /wd/hub/session/45cfffe1-3d94-445f-bc61-8281745a916d/element/85e50efa-cab8-4156-8ae8-0293e1926391/value 200 1188 ms - 74
[HTTP] 
[HTTP] --> GET /wd/hub/session/45cfffe1-3d94-445f-bc61-8281745a916d/window/current/size
[HTTP] {}
[W3C] Driver proxy active, passing request on via HTTP proxy
[JSONWP Proxy] Replacing sessionId 19d5170d-8189-4b9c-9478-56324bb4d5ac with 45cfffe1-3d94-445f-bc61-8281745a916d
[HTTP] <-- GET /wd/hub/session/45cfffe1-3d94-445f-bc61-8281745a916d/window/current/size 200 42 ms - 100
[HTTP] 
[HTTP] --> POST /wd/hub/session/45cfffe1-3d94-445f-bc61-8281745a916d/elements
[HTTP] {"using":"-android uiautomator","value":"new UiSelector().className(\"android.widget.Button\").text(\"MASUK\").resourceId(\"id.co.fundtastic.client:id/btnLogin\").instance(0)"}
[HTTP] <-- POST /wd/hub/session/45cfffe1-3d94-445f-bc61-8281745a916d/elements 200 488 ms - 124
[HTTP] 
[HTTP] --> GET /wd/hub/session/45cfffe1-3d94-445f-bc61-8281745a916d
[HTTP] {}
[HTTP] <-- GET /wd/hub/session/45cfffe1-3d94-445f-bc61-8281745a916d 200 13 ms - 1177
[HTTP] 
[HTTP] --> GET /wd/hub/session/45cfffe1-3d94-445f-bc61-8281745a916d
[HTTP] {}
[HTTP] <-- GET /wd/hub/session/45cfffe1-3d94-445f-bc61-8281745a916d 200 12 ms - 1177
[HTTP] 
[HTTP] --> GET /wd/hub/session/45cfffe1-3d94-445f-bc61-8281745a916d
[HTTP] {}
[HTTP] <-- GET /wd/hub/session/45cfffe1-3d94-445f-bc61-8281745a916d 200 19 ms - 1177
[HTTP] 
[HTTP] --> GET /wd/hub/session/45cfffe1-3d94-445f-bc61-8281745a916d
[HTTP] {}
[HTTP] <-- GET /wd/hub/session/45cfffe1-3d94-445f-bc61-8281745a916d 200 13 ms - 1177
[HTTP] 
[HTTP] --> GET /wd/hub/session/45cfffe1-3d94-445f-bc61-8281745a916d/element/390ead2d-a7cf-45d9-b792-e989cb6241ec/location
[HTTP] {}
[W3C] Driver proxy active, passing request on via HTTP proxy
[JSONWP Proxy] Replacing sessionId 19d5170d-8189-4b9c-9478-56324bb4d5ac with 45cfffe1-3d94-445f-bc61-8281745a916d
[HTTP] <-- GET /wd/hub/session/45cfffe1-3d94-445f-bc61-8281745a916d/element/390ead2d-a7cf-45d9-b792-e989cb6241ec/location 200 19 ms - 88
[HTTP] 
[HTTP] --> POST /wd/hub/session/45cfffe1-3d94-445f-bc61-8281745a916d/touch/perform
[HTTP] {"actions":[{"action":"tap","options":{"element":"390ead2d-a7cf-45d9-b792-e989cb6241ec","x":1,"y":1}}]}
[UiAutomator2] calling get location: 390ead2d-a7cf-45d9-b792-e989cb6241ec
[HTTP] <-- POST /wd/hub/session/45cfffe1-3d94-445f-bc61-8281745a916d/touch/perform 200 845 ms - 76
[HTTP] 
[HTTP] --> GET /wd/hub/session/45cfffe1-3d94-445f-bc61-8281745a916d/window/current/size
[HTTP] {}
[W3C] Driver proxy active, passing request on via HTTP proxy
[HTTP] <-- GET /wd/hub/session/45cfffe1-3d94-445f-bc61-8281745a916d/window/current/size 500 55 ms - 1285
[HTTP] 
[HTTP] --> GET /wd/hub/session/45cfffe1-3d94-445f-bc61-8281745a916d/context
[HTTP] {}
[HTTP] <-- GET /wd/hub/session/45cfffe1-3d94-445f-bc61-8281745a916d/context 200 2 ms - 84
[HTTP] 
[HTTP] --> GET /wd/hub/session/45cfffe1-3d94-445f-bc61-8281745a916d/contexts
[HTTP] {}
[HTTP] <-- GET /wd/hub/session/45cfffe1-3d94-445f-bc61-8281745a916d/contexts 200 77 ms - 86
[HTTP] 
[HTTP] --> POST /wd/hub/session/45cfffe1-3d94-445f-bc61-8281745a916d/context
[HTTP] {"name":"NATIVE_APP"}
[HTTP] <-- POST /wd/hub/session/45cfffe1-3d94-445f-bc61-8281745a916d/context 200 114 ms - 76
[HTTP] 
[HTTP] --> GET /wd/hub/session/45cfffe1-3d94-445f-bc61-8281745a916d/screenshot
[HTTP] {}
[HTTP] <-- GET /wd/hub/session/45cfffe1-3d94-445f-bc61-8281745a916d/screenshot 500 10 ms - 251
[HTTP] 
[HTTP] --> POST /wd/hub/session/45cfffe1-3d94-445f-bc61-8281745a916d/context
[HTTP] {"name":"NATIVE_APP"}
[HTTP] <-- POST /wd/hub/session/45cfffe1-3d94-445f-bc61-8281745a916d/context 200 49 ms - 76
[HTTP] 
[HTTP] --> GET /wd/hub/session/45cfffe1-3d94-445f-bc61-8281745a916d/window/current/size
[HTTP] {}
[W3C] Driver proxy active, passing request on via HTTP proxy
[HTTP] <-- GET /wd/hub/session/45cfffe1-3d94-445f-bc61-8281745a916d/window/current/size 500 10 ms - 1285
[HTTP] 
[HTTP] --> GET /wd/hub/session/45cfffe1-3d94-445f-bc61-8281745a916d/context
[HTTP] {}
[HTTP] <-- GET /wd/hub/session/45cfffe1-3d94-445f-bc61-8281745a916d/context 200 2 ms - 84
[HTTP] 
[HTTP] --> GET /wd/hub/session/45cfffe1-3d94-445f-bc61-8281745a916d/contexts
[HTTP] {}
[HTTP] <-- GET /wd/hub/session/45cfffe1-3d94-445f-bc61-8281745a916d/contexts 200 34 ms - 86
[HTTP] 
[HTTP] --> POST /wd/hub/session/45cfffe1-3d94-445f-bc61-8281745a916d/context
[HTTP] {"name":"NATIVE_APP"}
[HTTP] <-- POST /wd/hub/session/45cfffe1-3d94-445f-bc61-8281745a916d/context 200 33 ms - 76
[HTTP] 
[HTTP] --> GET /wd/hub/session/45cfffe1-3d94-445f-bc61-8281745a916d/screenshot
[HTTP] {}
[HTTP] <-- GET /wd/hub/session/45cfffe1-3d94-445f-bc61-8281745a916d/screenshot 500 8 ms - 251
[HTTP] 
[HTTP] --> POST /wd/hub/session/45cfffe1-3d94-445f-bc61-8281745a916d/context
[HTTP] {"name":"NATIVE_APP"}
[HTTP] <-- POST /wd/hub/session/45cfffe1-3d94-445f-bc61-8281745a916d/context 200 33 ms - 76
[HTTP] 
[HTTP] --> GET /wd/hub/session/45cfffe1-3d94-445f-bc61-8281745a916d/window/current/size
[HTTP] {}
[W3C] Driver proxy active, passing request on via HTTP proxy
[HTTP] <-- GET /wd/hub/session/45cfffe1-3d94-445f-bc61-8281745a916d/window/current/size 500 8 ms - 1285
[HTTP] 
[HTTP] --> GET /wd/hub/session/45cfffe1-3d94-445f-bc61-8281745a916d/context
[HTTP] {}
[HTTP] <-- GET /wd/hub/session/45cfffe1-3d94-445f-bc61-8281745a916d/context 200 1 ms - 84
[HTTP] 
[HTTP] --> GET /wd/hub/session/45cfffe1-3d94-445f-bc61-8281745a916d/contexts
[HTTP] {}
[HTTP] <-- GET /wd/hub/session/45cfffe1-3d94-445f-bc61-8281745a916d/contexts 200 34 ms - 86
[HTTP] 
[HTTP] --> POST /wd/hub/session/45cfffe1-3d94-445f-bc61-8281745a916d/context
[HTTP] {"name":"NATIVE_APP"}
[HTTP] <-- POST /wd/hub/session/45cfffe1-3d94-445f-bc61-8281745a916d/context 200 37 ms - 76
[HTTP] 
[HTTP] --> GET /wd/hub/session/45cfffe1-3d94-445f-bc61-8281745a916d/screenshot
[HTTP] {}
[HTTP] <-- GET /wd/hub/session/45cfffe1-3d94-445f-bc61-8281745a916d/screenshot 500 9 ms - 251
[HTTP] 
[HTTP] --> POST /wd/hub/session/45cfffe1-3d94-445f-bc61-8281745a916d/context
[HTTP] {"name":"NATIVE_APP"}
[HTTP] <-- POST /wd/hub/session/45cfffe1-3d94-445f-bc61-8281745a916d/context 200 40 ms - 76
[HTTP] 
[HTTP] --> DELETE /wd/hub/session/45cfffe1-3d94-445f-bc61-8281745a916d
[HTTP] {}
[Appium] Removing session 45cfffe1-3d94-445f-bc61-8281745a916d from our master session list
[UiAutomator2] Did not get confirmation UiAutomator2 deleteSession worked; Error was: ProxyRequestError: Could not proxy command to remote server. Original error: Error: read ECONNRESET
[ADB] id.co.fundtastic.client was not uninstalled, because it was not present on the device
[HTTP] <-- DELETE /wd/hub/session/45cfffe1-3d94-445f-bc61-8281745a916d 200 559 ms - 76
[HTTP] 
