[Appium] Welcome to Appium v1.8.1
[Appium] Non-default server args:
[Appium]   port: 58091
[Appium]   loglevel: info
[Appium]   chromeDriverPort: 58093
[Appium]   tmpDir: /var/folders/ts/p6rxgpw53_d96xw60slkng7m0000gn/T//Katalon/Appium/Temp1562652976879
[Appium] Appium REST http interface listener started on 0.0.0.0:58091
[HTTP] --> GET /wd/hub/status
[HTTP] {}
[HTTP] <-- GET /wd/hub/status 200 25 ms - 83
[HTTP] 
[HTTP] --> POST /wd/hub/session
[HTTP] {"desiredCapabilities":{"app":"/Users/ustore/Downloads/Development.apk","autoGrantPermissions":true,"automationName":"uiautomator2","deviceName":"emulator-5554 (Android SDK built for x86 - Android 9)","fullReset":true,"newCommandTimeout":1800,"noReset":false,"platform":"ANDROID","platformName":"Android","udid":"emulator-5554"},"capabilities":{"desiredCapabilities":{"app":"/Users/ustore/Downloads/Development.apk","autoGrantPermissions":true,"automationName":"uiautomator2","deviceName":"emulator-5554 (Android SDK built for x86 - Android 9)","fullReset":true,"newCommandTimeout":1800,"noReset":false,"platform":"ANDROID","platformName":"Android","udid":"emulator-5554"},"firstMatch":[{"platformName":"android"}]}}
[Appium] Could not parse W3C capabilities: 'deviceName' can't be blank. Falling back to JSONWP protocol.
[Appium] The following capabilities were provided in the JSONWP desired capabilities that are missing in W3C capabilities: ["app","autoGrantPermissions","automationName","deviceName","fullReset","newCommandTimeout","noReset","platform","platformName","udid"]. Falling back to JSONWP protocol.
[Appium] Creating new AndroidUiautomator2Driver (v1.12.0) session
[Appium] Capabilities:
[Appium]   app: /Users/ustore/Downloads/Development.apk
[Appium]   autoGrantPermissions: true
[Appium]   automationName: uiautomator2
[Appium]   deviceName: emulator-5554 (Android SDK built for x86 - Android 9)
[Appium]   fullReset: true
[Appium]   newCommandTimeout: 1800
[Appium]   noReset: false
[Appium]   platform: ANDROID
[Appium]   platformName: Android
[Appium]   udid: emulator-5554
[BaseDriver] The following capabilities were provided, but are not recognized by appium: platform.
[BaseDriver] Session created with session id: c7254311-5f36-49c9-b52c-8a6ff883bd4c
[BaseDriver] Using local app '/Users/ustore/Downloads/Development.apk'
[AndroidDriver] Java version is: 1.8.0_181
[ADB] Checking whether adb is present
[ADB] Found 1 'build-tools' folders under '/Users/ustore/.katalon/tools/android_sdk' (newest first):
[ADB]     /Users/ustore/.katalon/tools/android_sdk/build-tools/28.0.3
[ADB] Using adb from /Users/ustore/.katalon/tools/android_sdk/platform-tools/adb
[AndroidDriver] Retrieving device list
[AndroidDriver] Using device: emulator-5554
[ADB] Using the alternative activity name detection method because of: Could not find apkanalyzer in /Users/ustore/.katalon/tools/android_sdk/platform-tools/apkanalyzer,/Users/ustore/.katalon/tools/android_sdk/emulator/apkanalyzer,/Users/ustore/.katalon/tools/android_sdk/tools/apkanalyzer,/Users/ustore/.katalon/tools/android_sdk/tools/bin/apkanalyzer,/Users/ustore/.katalon/tools/android_sdk/build-tools/28.0.3/apkanalyzer. Do you have the Android SDK installed at '/Users/ustore/.katalon/tools/android_sdk'?
[ADB] Checking whether aapt is present
[ADB] Using aapt from /Users/ustore/.katalon/tools/android_sdk/build-tools/28.0.3/aapt
[ADB] Extracting package and launch activity from manifest
[ADB] Package name: 'id.co.fundtastic.client'
[ADB] Main activity name: 'id.co.fundtastic.client.splash.presentation.SplashActivity'
[ADB] Getting device platform version
[ADB] Using apksigner from /Users/ustore/.katalon/tools/android_sdk/build-tools/28.0.3/apksigner
[ADB] Cannot read version codes of '/usr/local/lib/node_modules/appium/node_modules/appium-uiautomator2-server/apks/appium-uiautomator2-server-debug-androidTest.apk' and/or 'io.appium.uiautomator2.server.test'
[ADB] Cannot read version names of '/usr/local/lib/node_modules/appium/node_modules/appium-uiautomator2-server/apks/appium-uiautomator2-server-debug-androidTest.apk' and/or 'io.appium.uiautomator2.server.test'. Assuming correct app version is already installed
[AndroidDriver] setDeviceLanguageCountry requires language or country.
[AndroidDriver] Got language: 'null' and country: 'null'
[ADB] Successfully extracted 194 strings from '/Users/ustore/Downloads/Development.apk' resources for '(default)' configuration
[ADB] id.co.fundtastic.client was not uninstalled, because it was not present on the device
[UiAutomator2] Starting uiautomator2 server 1.12.0
[UiAutomator2] Using UIAutomator2 server from '/usr/local/lib/node_modules/appium/node_modules/appium-uiautomator2-server/apks/appium-uiautomator2-server-v1.12.0.apk' and test from '/usr/local/lib/node_modules/appium/node_modules/appium-uiautomator2-server/apks/appium-uiautomator2-server-debug-androidTest.apk'
[UiAutomator2] Running command: 'adb -s emulator-5554 shell am instrument -w io.appium.uiautomator2.server.test/android.support.test.runner.AndroidJUnitRunner'
[UiAutomator2] Waiting up to 20000ms for UiAutomator2 to be online...
[AndroidDriver] Screen already unlocked, doing nothing
[UiAutomator2] UiAutomator2 did not start the activity we were waiting for, 'id.co.fundtastic.client/id.co.fundtastic.client.splash.presentation.SplashActivity'. Starting it ourselves
[Appium] New AndroidUiautomator2Driver session created successfully, session c7254311-5f36-49c9-b52c-8a6ff883bd4c added to master session list
[HTTP] <-- POST /wd/hub/session 200 14752 ms - 1167
[HTTP] 
[HTTP] --> GET /wd/hub/status
[HTTP] {}
[HTTP] <-- GET /wd/hub/status 200 33 ms - 55
[HTTP] 
[HTTP] --> POST /wd/hub/session/c7254311-5f36-49c9-b52c-8a6ff883bd4c/timeouts
[HTTP] {"type":"implicit","ms":30000}
[HTTP] <-- POST /wd/hub/session/c7254311-5f36-49c9-b52c-8a6ff883bd4c/timeouts 400 28 ms - 4196
[HTTP] 
[HTTP] --> GET /wd/hub/session/c7254311-5f36-49c9-b52c-8a6ff883bd4c/window/current/size
[HTTP] {}
[W3C] Driver proxy active, passing request on via HTTP proxy
[JSONWP Proxy] Replacing sessionId 30d38023-94f4-4ff6-881a-d470fcf30427 with c7254311-5f36-49c9-b52c-8a6ff883bd4c
[HTTP] <-- GET /wd/hub/session/c7254311-5f36-49c9-b52c-8a6ff883bd4c/window/current/size 200 63 ms - 100
[HTTP] 
[HTTP] --> POST /wd/hub/session/c7254311-5f36-49c9-b52c-8a6ff883bd4c/elements
[HTTP] {"using":"-android uiautomator","value":"new UiSelector().className(\"android.widget.TextView\").text(\"Mulailah berinvestasi untuk meraih mimpimu\").instance(0)"}
[HTTP] <-- POST /wd/hub/session/c7254311-5f36-49c9-b52c-8a6ff883bd4c/elements 200 74 ms - 74
[HTTP] 
[HTTP] --> POST /wd/hub/session/c7254311-5f36-49c9-b52c-8a6ff883bd4c/elements
[HTTP] {"using":"-android uiautomator","value":"new UiSelector().className(\"android.widget.TextView\").text(\"Mulailah berinvestasi untuk meraih mimpimu\").instance(0)"}
[HTTP] <-- POST /wd/hub/session/c7254311-5f36-49c9-b52c-8a6ff883bd4c/elements 200 50 ms - 74
[HTTP] 
[HTTP] --> POST /wd/hub/session/c7254311-5f36-49c9-b52c-8a6ff883bd4c/elements
[HTTP] {"using":"-android uiautomator","value":"new UiSelector().className(\"android.widget.TextView\").text(\"Mulailah berinvestasi untuk meraih mimpimu\").instance(0)"}
[HTTP] <-- POST /wd/hub/session/c7254311-5f36-49c9-b52c-8a6ff883bd4c/elements 200 105 ms - 74
[HTTP] 
[HTTP] --> POST /wd/hub/session/c7254311-5f36-49c9-b52c-8a6ff883bd4c/elements
[HTTP] {"using":"-android uiautomator","value":"new UiSelector().className(\"android.widget.TextView\").text(\"Mulailah berinvestasi untuk meraih mimpimu\").instance(0)"}
[HTTP] <-- POST /wd/hub/session/c7254311-5f36-49c9-b52c-8a6ff883bd4c/elements 200 53 ms - 74
[HTTP] 
[HTTP] --> POST /wd/hub/session/c7254311-5f36-49c9-b52c-8a6ff883bd4c/elements
[HTTP] {"using":"-android uiautomator","value":"new UiSelector().className(\"android.widget.TextView\").text(\"Mulailah berinvestasi untuk meraih mimpimu\").instance(0)"}
[HTTP] <-- POST /wd/hub/session/c7254311-5f36-49c9-b52c-8a6ff883bd4c/elements 200 63 ms - 74
[HTTP] 
[HTTP] --> POST /wd/hub/session/c7254311-5f36-49c9-b52c-8a6ff883bd4c/elements
[HTTP] {"using":"-android uiautomator","value":"new UiSelector().className(\"android.widget.TextView\").text(\"Mulailah berinvestasi untuk meraih mimpimu\").instance(0)"}
[HTTP] <-- POST /wd/hub/session/c7254311-5f36-49c9-b52c-8a6ff883bd4c/elements 200 59 ms - 74
[HTTP] 
[HTTP] --> POST /wd/hub/session/c7254311-5f36-49c9-b52c-8a6ff883bd4c/elements
[HTTP] {"using":"-android uiautomator","value":"new UiSelector().className(\"android.widget.TextView\").text(\"Mulailah berinvestasi untuk meraih mimpimu\").instance(0)"}
[HTTP] <-- POST /wd/hub/session/c7254311-5f36-49c9-b52c-8a6ff883bd4c/elements 200 37 ms - 74
[HTTP] 
[HTTP] --> POST /wd/hub/session/c7254311-5f36-49c9-b52c-8a6ff883bd4c/elements
[HTTP] {"using":"-android uiautomator","value":"new UiSelector().className(\"android.widget.TextView\").text(\"Mulailah berinvestasi untuk meraih mimpimu\").instance(0)"}
[HTTP] <-- POST /wd/hub/session/c7254311-5f36-49c9-b52c-8a6ff883bd4c/elements 200 31 ms - 74
[HTTP] 
[HTTP] --> POST /wd/hub/session/c7254311-5f36-49c9-b52c-8a6ff883bd4c/elements
[HTTP] {"using":"-android uiautomator","value":"new UiSelector().className(\"android.widget.TextView\").text(\"Mulailah berinvestasi untuk meraih mimpimu\").instance(0)"}
[HTTP] <-- POST /wd/hub/session/c7254311-5f36-49c9-b52c-8a6ff883bd4c/elements 200 36 ms - 74
[HTTP] 
[HTTP] --> POST /wd/hub/session/c7254311-5f36-49c9-b52c-8a6ff883bd4c/elements
[HTTP] {"using":"-android uiautomator","value":"new UiSelector().className(\"android.widget.TextView\").text(\"Mulailah berinvestasi untuk meraih mimpimu\").instance(0)"}
[HTTP] <-- POST /wd/hub/session/c7254311-5f36-49c9-b52c-8a6ff883bd4c/elements 200 43 ms - 74
[HTTP] 
[HTTP] --> POST /wd/hub/session/c7254311-5f36-49c9-b52c-8a6ff883bd4c/elements
[HTTP] {"using":"-android uiautomator","value":"new UiSelector().className(\"android.widget.TextView\").text(\"Mulailah berinvestasi untuk meraih mimpimu\").instance(0)"}
[HTTP] <-- POST /wd/hub/session/c7254311-5f36-49c9-b52c-8a6ff883bd4c/elements 200 110 ms - 74
[HTTP] 
[HTTP] --> POST /wd/hub/session/c7254311-5f36-49c9-b52c-8a6ff883bd4c/elements
[HTTP] {"using":"-android uiautomator","value":"new UiSelector().className(\"android.widget.TextView\").text(\"Mulailah berinvestasi untuk meraih mimpimu\").instance(0)"}
[HTTP] <-- POST /wd/hub/session/c7254311-5f36-49c9-b52c-8a6ff883bd4c/elements 200 462 ms - 74
[HTTP] 
[HTTP] --> POST /wd/hub/session/c7254311-5f36-49c9-b52c-8a6ff883bd4c/elements
[HTTP] {"using":"-android uiautomator","value":"new UiSelector().className(\"android.widget.TextView\").text(\"Mulailah berinvestasi untuk meraih mimpimu\").instance(0)"}
[HTTP] <-- POST /wd/hub/session/c7254311-5f36-49c9-b52c-8a6ff883bd4c/elements 200 860 ms - 74
[HTTP] 
[HTTP] --> POST /wd/hub/session/c7254311-5f36-49c9-b52c-8a6ff883bd4c/elements
[HTTP] {"using":"-android uiautomator","value":"new UiSelector().className(\"android.widget.TextView\").text(\"Mulailah berinvestasi untuk meraih mimpimu\").instance(0)"}
[HTTP] <-- POST /wd/hub/session/c7254311-5f36-49c9-b52c-8a6ff883bd4c/elements 200 3060 ms - 124
[HTTP] 
[HTTP] --> GET /wd/hub/session/c7254311-5f36-49c9-b52c-8a6ff883bd4c
[HTTP] {}
[HTTP] <-- GET /wd/hub/session/c7254311-5f36-49c9-b52c-8a6ff883bd4c 200 18 ms - 1167
[HTTP] 
[HTTP] --> GET /wd/hub/session/c7254311-5f36-49c9-b52c-8a6ff883bd4c
[HTTP] {}
[HTTP] <-- GET /wd/hub/session/c7254311-5f36-49c9-b52c-8a6ff883bd4c 200 27 ms - 1167
[HTTP] 
[HTTP] --> GET /wd/hub/session/c7254311-5f36-49c9-b52c-8a6ff883bd4c
[HTTP] {}
[HTTP] <-- GET /wd/hub/session/c7254311-5f36-49c9-b52c-8a6ff883bd4c 200 20 ms - 1167
[HTTP] 
[HTTP] --> GET /wd/hub/session/c7254311-5f36-49c9-b52c-8a6ff883bd4c
[HTTP] {}
[HTTP] <-- GET /wd/hub/session/c7254311-5f36-49c9-b52c-8a6ff883bd4c 200 15 ms - 1167
[HTTP] 
[HTTP] --> GET /wd/hub/session/c7254311-5f36-49c9-b52c-8a6ff883bd4c/element/54427d72-8620-405c-addf-7821423d0472/location
[HTTP] {}
[W3C] Driver proxy active, passing request on via HTTP proxy
[JSONWP Proxy] Replacing sessionId 30d38023-94f4-4ff6-881a-d470fcf30427 with c7254311-5f36-49c9-b52c-8a6ff883bd4c
[HTTP] <-- GET /wd/hub/session/c7254311-5f36-49c9-b52c-8a6ff883bd4c/element/54427d72-8620-405c-addf-7821423d0472/location 200 48 ms - 88
[HTTP] 
[HTTP] --> GET /wd/hub/session/c7254311-5f36-49c9-b52c-8a6ff883bd4c/element/54427d72-8620-405c-addf-7821423d0472/text
[HTTP] {}
[W3C] Driver proxy active, passing request on via HTTP proxy
[JSONWP Proxy] Replacing sessionId 30d38023-94f4-4ff6-881a-d470fcf30427 with c7254311-5f36-49c9-b52c-8a6ff883bd4c
[HTTP] <-- GET /wd/hub/session/c7254311-5f36-49c9-b52c-8a6ff883bd4c/element/54427d72-8620-405c-addf-7821423d0472/text 200 75 ms - 116
[HTTP] 
[HTTP] --> GET /wd/hub/session/c7254311-5f36-49c9-b52c-8a6ff883bd4c/window/current/size
[HTTP] {}
[W3C] Driver proxy active, passing request on via HTTP proxy
[JSONWP Proxy] Replacing sessionId 30d38023-94f4-4ff6-881a-d470fcf30427 with c7254311-5f36-49c9-b52c-8a6ff883bd4c
[HTTP] <-- GET /wd/hub/session/c7254311-5f36-49c9-b52c-8a6ff883bd4c/window/current/size 200 37 ms - 100
[HTTP] 
[HTTP] --> POST /wd/hub/session/c7254311-5f36-49c9-b52c-8a6ff883bd4c/elements
[HTTP] {"using":"-android uiautomator","value":"new UiSelector().className(\"android.widget.ImageView\").resourceId(\"id.co.fundtastic.client:id/checklist\").instance(6)"}
[HTTP] <-- POST /wd/hub/session/c7254311-5f36-49c9-b52c-8a6ff883bd4c/elements 200 113 ms - 124
[HTTP] 
[HTTP] --> GET /wd/hub/session/c7254311-5f36-49c9-b52c-8a6ff883bd4c
[HTTP] {}
[HTTP] <-- GET /wd/hub/session/c7254311-5f36-49c9-b52c-8a6ff883bd4c 200 28 ms - 1167
[HTTP] 
[HTTP] --> GET /wd/hub/session/c7254311-5f36-49c9-b52c-8a6ff883bd4c
[HTTP] {}
[HTTP] <-- GET /wd/hub/session/c7254311-5f36-49c9-b52c-8a6ff883bd4c 200 16 ms - 1167
[HTTP] 
[HTTP] --> GET /wd/hub/session/c7254311-5f36-49c9-b52c-8a6ff883bd4c
[HTTP] {}
[HTTP] <-- GET /wd/hub/session/c7254311-5f36-49c9-b52c-8a6ff883bd4c 200 18 ms - 1167
[HTTP] 
[HTTP] --> GET /wd/hub/session/c7254311-5f36-49c9-b52c-8a6ff883bd4c
[HTTP] {}
[HTTP] <-- GET /wd/hub/session/c7254311-5f36-49c9-b52c-8a6ff883bd4c 200 19 ms - 1167
[HTTP] 
[HTTP] --> GET /wd/hub/session/c7254311-5f36-49c9-b52c-8a6ff883bd4c/element/c83d44e1-17e6-4822-9e4d-53f43f72e5a5/location
[HTTP] {}
[W3C] Driver proxy active, passing request on via HTTP proxy
[JSONWP Proxy] Replacing sessionId 30d38023-94f4-4ff6-881a-d470fcf30427 with c7254311-5f36-49c9-b52c-8a6ff883bd4c
[HTTP] <-- GET /wd/hub/session/c7254311-5f36-49c9-b52c-8a6ff883bd4c/element/c83d44e1-17e6-4822-9e4d-53f43f72e5a5/location 200 58 ms - 90
[HTTP] 
[HTTP] --> POST /wd/hub/session/c7254311-5f36-49c9-b52c-8a6ff883bd4c/touch/perform
[HTTP] {"actions":[{"action":"tap","options":{"element":"c83d44e1-17e6-4822-9e4d-53f43f72e5a5","x":1,"y":1}}]}
[UiAutomator2] calling get location: c83d44e1-17e6-4822-9e4d-53f43f72e5a5
[HTTP] <-- POST /wd/hub/session/c7254311-5f36-49c9-b52c-8a6ff883bd4c/touch/perform 200 815 ms - 76
[HTTP] 
[HTTP] --> GET /wd/hub/session/c7254311-5f36-49c9-b52c-8a6ff883bd4c/window/current/size
[HTTP] {}
[W3C] Driver proxy active, passing request on via HTTP proxy
[JSONWP Proxy] Replacing sessionId 30d38023-94f4-4ff6-881a-d470fcf30427 with c7254311-5f36-49c9-b52c-8a6ff883bd4c
[HTTP] <-- GET /wd/hub/session/c7254311-5f36-49c9-b52c-8a6ff883bd4c/window/current/size 200 23 ms - 100
[HTTP] 
[HTTP] --> POST /wd/hub/session/c7254311-5f36-49c9-b52c-8a6ff883bd4c/elements
[HTTP] {"using":"-android uiautomator","value":"new UiSelector().className(\"android.widget.LinearLayout\").instance(4)"}
[HTTP] <-- POST /wd/hub/session/c7254311-5f36-49c9-b52c-8a6ff883bd4c/elements 200 110 ms - 124
[HTTP] 
[HTTP] --> GET /wd/hub/session/c7254311-5f36-49c9-b52c-8a6ff883bd4c
[HTTP] {}
[HTTP] <-- GET /wd/hub/session/c7254311-5f36-49c9-b52c-8a6ff883bd4c 200 21 ms - 1167
[HTTP] 
[HTTP] --> GET /wd/hub/session/c7254311-5f36-49c9-b52c-8a6ff883bd4c
[HTTP] {}
[HTTP] <-- GET /wd/hub/session/c7254311-5f36-49c9-b52c-8a6ff883bd4c 200 36 ms - 1167
[HTTP] 
[HTTP] --> GET /wd/hub/session/c7254311-5f36-49c9-b52c-8a6ff883bd4c
[HTTP] {}
[HTTP] <-- GET /wd/hub/session/c7254311-5f36-49c9-b52c-8a6ff883bd4c 200 31 ms - 1167
[HTTP] 
[HTTP] --> GET /wd/hub/session/c7254311-5f36-49c9-b52c-8a6ff883bd4c
[HTTP] {}
[HTTP] <-- GET /wd/hub/session/c7254311-5f36-49c9-b52c-8a6ff883bd4c 200 35 ms - 1167
[HTTP] 
[HTTP] --> GET /wd/hub/session/c7254311-5f36-49c9-b52c-8a6ff883bd4c/element/cd44eeb7-5bf4-45a3-925e-5e4e065c20e2/location
[HTTP] {}
[W3C] Driver proxy active, passing request on via HTTP proxy
[JSONWP Proxy] Replacing sessionId 30d38023-94f4-4ff6-881a-d470fcf30427 with c7254311-5f36-49c9-b52c-8a6ff883bd4c
[HTTP] <-- GET /wd/hub/session/c7254311-5f36-49c9-b52c-8a6ff883bd4c/element/cd44eeb7-5bf4-45a3-925e-5e4e065c20e2/location 200 55 ms - 87
[HTTP] 
[HTTP] --> POST /wd/hub/session/c7254311-5f36-49c9-b52c-8a6ff883bd4c/touch/perform
[HTTP] {"actions":[{"action":"tap","options":{"element":"cd44eeb7-5bf4-45a3-925e-5e4e065c20e2","x":1,"y":1}}]}
[UiAutomator2] calling get location: cd44eeb7-5bf4-45a3-925e-5e4e065c20e2
[HTTP] <-- POST /wd/hub/session/c7254311-5f36-49c9-b52c-8a6ff883bd4c/touch/perform 200 864 ms - 76
[HTTP] 
[HTTP] --> GET /wd/hub/session/c7254311-5f36-49c9-b52c-8a6ff883bd4c/context
[HTTP] {}
[HTTP] <-- GET /wd/hub/session/c7254311-5f36-49c9-b52c-8a6ff883bd4c/context 200 7 ms - 84
[HTTP] 
[HTTP] --> GET /wd/hub/session/c7254311-5f36-49c9-b52c-8a6ff883bd4c/contexts
[HTTP] {}
[HTTP] <-- GET /wd/hub/session/c7254311-5f36-49c9-b52c-8a6ff883bd4c/contexts 200 81 ms - 127
[HTTP] 
[HTTP] --> POST /wd/hub/session/c7254311-5f36-49c9-b52c-8a6ff883bd4c/context
[HTTP] {"name":"NATIVE_APP"}
[HTTP] <-- POST /wd/hub/session/c7254311-5f36-49c9-b52c-8a6ff883bd4c/context 200 112 ms - 76
[HTTP] 
[HTTP] --> POST /wd/hub/session/c7254311-5f36-49c9-b52c-8a6ff883bd4c/touch/perform
[HTTP] {"actions":[{"action":"press","options":{"x":800,"y":1000}},{"action":"wait","options":{"ms":500}},{"action":"moveTo","options":{"x":10,"y":800}}]}
[HTTP] <-- POST /wd/hub/session/c7254311-5f36-49c9-b52c-8a6ff883bd4c/touch/perform 200 2158 ms - 76
[HTTP] 
[HTTP] --> POST /wd/hub/session/c7254311-5f36-49c9-b52c-8a6ff883bd4c/context
[HTTP] {"name":"NATIVE_APP"}
[HTTP] <-- POST /wd/hub/session/c7254311-5f36-49c9-b52c-8a6ff883bd4c/context 200 54 ms - 76
[HTTP] 
[HTTP] --> GET /wd/hub/session/c7254311-5f36-49c9-b52c-8a6ff883bd4c/window/current/size
[HTTP] {}
[W3C] Driver proxy active, passing request on via HTTP proxy
[JSONWP Proxy] Replacing sessionId 30d38023-94f4-4ff6-881a-d470fcf30427 with c7254311-5f36-49c9-b52c-8a6ff883bd4c
[HTTP] <-- GET /wd/hub/session/c7254311-5f36-49c9-b52c-8a6ff883bd4c/window/current/size 200 26 ms - 100
[HTTP] 
[HTTP] --> POST /wd/hub/session/c7254311-5f36-49c9-b52c-8a6ff883bd4c/elements
[HTTP] {"using":"-android uiautomator","value":"new UiSelector().className(\"android.widget.LinearLayout\").instance(4)"}
[HTTP] <-- POST /wd/hub/session/c7254311-5f36-49c9-b52c-8a6ff883bd4c/elements 200 426 ms - 124
[HTTP] 
[HTTP] --> GET /wd/hub/session/c7254311-5f36-49c9-b52c-8a6ff883bd4c
[HTTP] {}
[HTTP] <-- GET /wd/hub/session/c7254311-5f36-49c9-b52c-8a6ff883bd4c 200 20 ms - 1284
[HTTP] 
[HTTP] --> GET /wd/hub/session/c7254311-5f36-49c9-b52c-8a6ff883bd4c
[HTTP] {}
[HTTP] <-- GET /wd/hub/session/c7254311-5f36-49c9-b52c-8a6ff883bd4c 200 31 ms - 1284
[HTTP] 
[HTTP] --> GET /wd/hub/session/c7254311-5f36-49c9-b52c-8a6ff883bd4c
[HTTP] {}
[HTTP] <-- GET /wd/hub/session/c7254311-5f36-49c9-b52c-8a6ff883bd4c 200 47 ms - 1284
[HTTP] 
[HTTP] --> GET /wd/hub/session/c7254311-5f36-49c9-b52c-8a6ff883bd4c
[HTTP] {}
[HTTP] <-- GET /wd/hub/session/c7254311-5f36-49c9-b52c-8a6ff883bd4c 200 45 ms - 1284
[HTTP] 
[HTTP] --> GET /wd/hub/session/c7254311-5f36-49c9-b52c-8a6ff883bd4c/element/35298f41-c2cc-45fe-8d5b-c70f57b5df27/location
[HTTP] {}
[W3C] Driver proxy active, passing request on via HTTP proxy
[JSONWP Proxy] Replacing sessionId 30d38023-94f4-4ff6-881a-d470fcf30427 with c7254311-5f36-49c9-b52c-8a6ff883bd4c
[HTTP] <-- GET /wd/hub/session/c7254311-5f36-49c9-b52c-8a6ff883bd4c/element/35298f41-c2cc-45fe-8d5b-c70f57b5df27/location 200 26 ms - 87
[HTTP] 
[HTTP] --> POST /wd/hub/session/c7254311-5f36-49c9-b52c-8a6ff883bd4c/touch/perform
[HTTP] {"actions":[{"action":"tap","options":{"element":"35298f41-c2cc-45fe-8d5b-c70f57b5df27","x":1,"y":1}}]}
[UiAutomator2] calling get location: 35298f41-c2cc-45fe-8d5b-c70f57b5df27
[HTTP] <-- POST /wd/hub/session/c7254311-5f36-49c9-b52c-8a6ff883bd4c/touch/perform 200 1075 ms - 76
[HTTP] 
[HTTP] --> GET /wd/hub/session/c7254311-5f36-49c9-b52c-8a6ff883bd4c/context
[HTTP] {}
[HTTP] <-- GET /wd/hub/session/c7254311-5f36-49c9-b52c-8a6ff883bd4c/context 200 2 ms - 84
[HTTP] 
[HTTP] --> GET /wd/hub/session/c7254311-5f36-49c9-b52c-8a6ff883bd4c/contexts
[HTTP] {}
[HTTP] <-- GET /wd/hub/session/c7254311-5f36-49c9-b52c-8a6ff883bd4c/contexts 200 38 ms - 127
[HTTP] 
[HTTP] --> POST /wd/hub/session/c7254311-5f36-49c9-b52c-8a6ff883bd4c/context
[HTTP] {"name":"NATIVE_APP"}
[HTTP] <-- POST /wd/hub/session/c7254311-5f36-49c9-b52c-8a6ff883bd4c/context 200 37 ms - 76
[HTTP] 
[HTTP] --> POST /wd/hub/session/c7254311-5f36-49c9-b52c-8a6ff883bd4c/touch/perform
[HTTP] {"actions":[{"action":"press","options":{"x":800,"y":1000}},{"action":"wait","options":{"ms":500}},{"action":"moveTo","options":{"x":10,"y":800}}]}
[HTTP] <-- POST /wd/hub/session/c7254311-5f36-49c9-b52c-8a6ff883bd4c/touch/perform 200 2063 ms - 76
[HTTP] 
[HTTP] --> POST /wd/hub/session/c7254311-5f36-49c9-b52c-8a6ff883bd4c/context
[HTTP] {"name":"NATIVE_APP"}
[HTTP] <-- POST /wd/hub/session/c7254311-5f36-49c9-b52c-8a6ff883bd4c/context 200 32 ms - 76
[HTTP] 
[HTTP] --> GET /wd/hub/session/c7254311-5f36-49c9-b52c-8a6ff883bd4c/window/current/size
[HTTP] {}
[W3C] Driver proxy active, passing request on via HTTP proxy
[JSONWP Proxy] Replacing sessionId 30d38023-94f4-4ff6-881a-d470fcf30427 with c7254311-5f36-49c9-b52c-8a6ff883bd4c
[HTTP] <-- GET /wd/hub/session/c7254311-5f36-49c9-b52c-8a6ff883bd4c/window/current/size 200 21 ms - 100
[HTTP] 
[HTTP] --> POST /wd/hub/session/c7254311-5f36-49c9-b52c-8a6ff883bd4c/elements
[HTTP] {"using":"-android uiautomator","value":"new UiSelector().className(\"android.widget.LinearLayout\").instance(4)"}
[HTTP] <-- POST /wd/hub/session/c7254311-5f36-49c9-b52c-8a6ff883bd4c/elements 200 133 ms - 124
[HTTP] 
[HTTP] --> GET /wd/hub/session/c7254311-5f36-49c9-b52c-8a6ff883bd4c
[HTTP] {}
[HTTP] <-- GET /wd/hub/session/c7254311-5f36-49c9-b52c-8a6ff883bd4c 200 22 ms - 1284
[HTTP] 
[HTTP] --> GET /wd/hub/session/c7254311-5f36-49c9-b52c-8a6ff883bd4c
[HTTP] {}
[HTTP] <-- GET /wd/hub/session/c7254311-5f36-49c9-b52c-8a6ff883bd4c 200 19 ms - 1284
[HTTP] 
[HTTP] --> GET /wd/hub/session/c7254311-5f36-49c9-b52c-8a6ff883bd4c
[HTTP] {}
[HTTP] <-- GET /wd/hub/session/c7254311-5f36-49c9-b52c-8a6ff883bd4c 200 20 ms - 1284
[HTTP] 
[HTTP] --> GET /wd/hub/session/c7254311-5f36-49c9-b52c-8a6ff883bd4c
[HTTP] {}
[HTTP] <-- GET /wd/hub/session/c7254311-5f36-49c9-b52c-8a6ff883bd4c 200 16 ms - 1284
[HTTP] 
[HTTP] --> GET /wd/hub/session/c7254311-5f36-49c9-b52c-8a6ff883bd4c/element/d5af7f6e-4135-4ea9-92dc-7a69023366d7/location
[HTTP] {}
[W3C] Driver proxy active, passing request on via HTTP proxy
[JSONWP Proxy] Replacing sessionId 30d38023-94f4-4ff6-881a-d470fcf30427 with c7254311-5f36-49c9-b52c-8a6ff883bd4c
[HTTP] <-- GET /wd/hub/session/c7254311-5f36-49c9-b52c-8a6ff883bd4c/element/d5af7f6e-4135-4ea9-92dc-7a69023366d7/location 200 24 ms - 87
[HTTP] 
[HTTP] --> POST /wd/hub/session/c7254311-5f36-49c9-b52c-8a6ff883bd4c/touch/perform
[HTTP] {"actions":[{"action":"tap","options":{"element":"d5af7f6e-4135-4ea9-92dc-7a69023366d7","x":1,"y":1}}]}
[UiAutomator2] calling get location: d5af7f6e-4135-4ea9-92dc-7a69023366d7
[HTTP] <-- POST /wd/hub/session/c7254311-5f36-49c9-b52c-8a6ff883bd4c/touch/perform 200 1093 ms - 76
[HTTP] 
[HTTP] --> GET /wd/hub/session/c7254311-5f36-49c9-b52c-8a6ff883bd4c/context
[HTTP] {}
[HTTP] <-- GET /wd/hub/session/c7254311-5f36-49c9-b52c-8a6ff883bd4c/context 200 3 ms - 84
[HTTP] 
[HTTP] --> GET /wd/hub/session/c7254311-5f36-49c9-b52c-8a6ff883bd4c/contexts
[HTTP] {}
[HTTP] <-- GET /wd/hub/session/c7254311-5f36-49c9-b52c-8a6ff883bd4c/contexts 200 39 ms - 127
[HTTP] 
[HTTP] --> POST /wd/hub/session/c7254311-5f36-49c9-b52c-8a6ff883bd4c/context
[HTTP] {"name":"NATIVE_APP"}
[HTTP] <-- POST /wd/hub/session/c7254311-5f36-49c9-b52c-8a6ff883bd4c/context 200 37 ms - 76
[HTTP] 
[HTTP] --> POST /wd/hub/session/c7254311-5f36-49c9-b52c-8a6ff883bd4c/touch/perform
[HTTP] {"actions":[{"action":"press","options":{"x":800,"y":1000}},{"action":"wait","options":{"ms":500}},{"action":"moveTo","options":{"x":10,"y":800}}]}
[HTTP] <-- POST /wd/hub/session/c7254311-5f36-49c9-b52c-8a6ff883bd4c/touch/perform 200 2072 ms - 76
[HTTP] 
[HTTP] --> POST /wd/hub/session/c7254311-5f36-49c9-b52c-8a6ff883bd4c/context
[HTTP] {"name":"NATIVE_APP"}
[HTTP] <-- POST /wd/hub/session/c7254311-5f36-49c9-b52c-8a6ff883bd4c/context 200 91 ms - 76
[HTTP] 
[HTTP] --> GET /wd/hub/session/c7254311-5f36-49c9-b52c-8a6ff883bd4c/window/current/size
[HTTP] {}
[W3C] Driver proxy active, passing request on via HTTP proxy
[JSONWP Proxy] Replacing sessionId 30d38023-94f4-4ff6-881a-d470fcf30427 with c7254311-5f36-49c9-b52c-8a6ff883bd4c
[HTTP] <-- GET /wd/hub/session/c7254311-5f36-49c9-b52c-8a6ff883bd4c/window/current/size 200 83 ms - 100
[HTTP] 
[HTTP] --> POST /wd/hub/session/c7254311-5f36-49c9-b52c-8a6ff883bd4c/elements
[HTTP] {"using":"-android uiautomator","value":"new UiSelector().className(\"android.widget.LinearLayout\").instance(4)"}
[HTTP] <-- POST /wd/hub/session/c7254311-5f36-49c9-b52c-8a6ff883bd4c/elements 200 190 ms - 124
[HTTP] 
[HTTP] --> GET /wd/hub/session/c7254311-5f36-49c9-b52c-8a6ff883bd4c
[HTTP] {}
[HTTP] <-- GET /wd/hub/session/c7254311-5f36-49c9-b52c-8a6ff883bd4c 200 45 ms - 1167
[HTTP] 
[HTTP] --> GET /wd/hub/session/c7254311-5f36-49c9-b52c-8a6ff883bd4c
[HTTP] {}
[HTTP] <-- GET /wd/hub/session/c7254311-5f36-49c9-b52c-8a6ff883bd4c 200 128 ms - 1167
[HTTP] 
[HTTP] --> GET /wd/hub/session/c7254311-5f36-49c9-b52c-8a6ff883bd4c
[HTTP] {}
[HTTP] <-- GET /wd/hub/session/c7254311-5f36-49c9-b52c-8a6ff883bd4c 200 36 ms - 1167
[HTTP] 
[HTTP] --> GET /wd/hub/session/c7254311-5f36-49c9-b52c-8a6ff883bd4c
[HTTP] {}
[HTTP] <-- GET /wd/hub/session/c7254311-5f36-49c9-b52c-8a6ff883bd4c 200 31 ms - 1167
[HTTP] 
[HTTP] --> GET /wd/hub/session/c7254311-5f36-49c9-b52c-8a6ff883bd4c/element/e037430c-3e82-4966-a66f-67872817f676/location
[HTTP] {}
[W3C] Driver proxy active, passing request on via HTTP proxy
[JSONWP Proxy] Replacing sessionId 30d38023-94f4-4ff6-881a-d470fcf30427 with c7254311-5f36-49c9-b52c-8a6ff883bd4c
[HTTP] <-- GET /wd/hub/session/c7254311-5f36-49c9-b52c-8a6ff883bd4c/element/e037430c-3e82-4966-a66f-67872817f676/location 200 48 ms - 88
[HTTP] 
[HTTP] --> POST /wd/hub/session/c7254311-5f36-49c9-b52c-8a6ff883bd4c/touch/perform
[HTTP] {"actions":[{"action":"tap","options":{"element":"e037430c-3e82-4966-a66f-67872817f676","x":1,"y":1}}]}
[UiAutomator2] calling get location: e037430c-3e82-4966-a66f-67872817f676
[HTTP] <-- POST /wd/hub/session/c7254311-5f36-49c9-b52c-8a6ff883bd4c/touch/perform 200 3199 ms - 76
[HTTP] 
[HTTP] --> GET /wd/hub/session/c7254311-5f36-49c9-b52c-8a6ff883bd4c/context
[HTTP] {}
[HTTP] <-- GET /wd/hub/session/c7254311-5f36-49c9-b52c-8a6ff883bd4c/context 200 2 ms - 84
[HTTP] 
[HTTP] --> GET /wd/hub/session/c7254311-5f36-49c9-b52c-8a6ff883bd4c/contexts
[HTTP] {}
[HTTP] <-- GET /wd/hub/session/c7254311-5f36-49c9-b52c-8a6ff883bd4c/contexts 200 43 ms - 127
[HTTP] 
[HTTP] --> POST /wd/hub/session/c7254311-5f36-49c9-b52c-8a6ff883bd4c/context
[HTTP] {"name":"NATIVE_APP"}
[HTTP] <-- POST /wd/hub/session/c7254311-5f36-49c9-b52c-8a6ff883bd4c/context 200 37 ms - 76
[HTTP] 
[HTTP] --> POST /wd/hub/session/c7254311-5f36-49c9-b52c-8a6ff883bd4c/touch/perform
[HTTP] {"actions":[{"action":"press","options":{"x":800,"y":1000}},{"action":"wait","options":{"ms":500}},{"action":"moveTo","options":{"x":10,"y":800}}]}
[HTTP] <-- POST /wd/hub/session/c7254311-5f36-49c9-b52c-8a6ff883bd4c/touch/perform 200 2073 ms - 76
[HTTP] 
[HTTP] --> POST /wd/hub/session/c7254311-5f36-49c9-b52c-8a6ff883bd4c/context
[HTTP] {"name":"NATIVE_APP"}
[HTTP] <-- POST /wd/hub/session/c7254311-5f36-49c9-b52c-8a6ff883bd4c/context 200 51 ms - 76
[HTTP] 
[HTTP] --> GET /wd/hub/session/c7254311-5f36-49c9-b52c-8a6ff883bd4c/window/current/size
[HTTP] {}
[W3C] Driver proxy active, passing request on via HTTP proxy
[JSONWP Proxy] Replacing sessionId 30d38023-94f4-4ff6-881a-d470fcf30427 with c7254311-5f36-49c9-b52c-8a6ff883bd4c
[HTTP] <-- GET /wd/hub/session/c7254311-5f36-49c9-b52c-8a6ff883bd4c/window/current/size 200 28 ms - 100
[HTTP] 
[HTTP] --> POST /wd/hub/session/c7254311-5f36-49c9-b52c-8a6ff883bd4c/elements
[HTTP] {"using":"-android uiautomator","value":"new UiSelector().className(\"android.widget.EditText\").text(\"No Handphone\").resourceId(\"id.co.fundtastic.client:id/et_phone\").instance(0)"}
[HTTP] <-- POST /wd/hub/session/c7254311-5f36-49c9-b52c-8a6ff883bd4c/elements 200 512 ms - 124
[HTTP] 
[HTTP] --> GET /wd/hub/session/c7254311-5f36-49c9-b52c-8a6ff883bd4c
[HTTP] {}
[HTTP] <-- GET /wd/hub/session/c7254311-5f36-49c9-b52c-8a6ff883bd4c 200 167 ms - 1167
[HTTP] 
[HTTP] --> GET /wd/hub/session/c7254311-5f36-49c9-b52c-8a6ff883bd4c
[HTTP] {}
[HTTP] <-- GET /wd/hub/session/c7254311-5f36-49c9-b52c-8a6ff883bd4c 200 71 ms - 1167
[HTTP] 
[HTTP] --> GET /wd/hub/session/c7254311-5f36-49c9-b52c-8a6ff883bd4c
[HTTP] {}
[HTTP] <-- GET /wd/hub/session/c7254311-5f36-49c9-b52c-8a6ff883bd4c 200 24 ms - 1167
[HTTP] 
[HTTP] --> GET /wd/hub/session/c7254311-5f36-49c9-b52c-8a6ff883bd4c
[HTTP] {}
[HTTP] <-- GET /wd/hub/session/c7254311-5f36-49c9-b52c-8a6ff883bd4c 200 54 ms - 1167
[HTTP] 
[HTTP] --> GET /wd/hub/session/c7254311-5f36-49c9-b52c-8a6ff883bd4c/element/27351770-44ce-4351-9afc-2ed6187e57a4/location
[HTTP] {}
[W3C] Driver proxy active, passing request on via HTTP proxy
[JSONWP Proxy] Replacing sessionId 30d38023-94f4-4ff6-881a-d470fcf30427 with c7254311-5f36-49c9-b52c-8a6ff883bd4c
[HTTP] <-- GET /wd/hub/session/c7254311-5f36-49c9-b52c-8a6ff883bd4c/element/27351770-44ce-4351-9afc-2ed6187e57a4/location 200 85 ms - 88
[HTTP] 
[HTTP] --> POST /wd/hub/session/c7254311-5f36-49c9-b52c-8a6ff883bd4c/element/27351770-44ce-4351-9afc-2ed6187e57a4/clear
[HTTP] {"id":"27351770-44ce-4351-9afc-2ed6187e57a4"}
[HTTP] <-- POST /wd/hub/session/c7254311-5f36-49c9-b52c-8a6ff883bd4c/element/27351770-44ce-4351-9afc-2ed6187e57a4/clear 200 95 ms - 89
[HTTP] 
[HTTP] --> POST /wd/hub/session/c7254311-5f36-49c9-b52c-8a6ff883bd4c/element/27351770-44ce-4351-9afc-2ed6187e57a4/value
[HTTP] {"id":"27351770-44ce-4351-9afc-2ed6187e57a4","value":["081215161452"]}
[HTTP] <-- POST /wd/hub/session/c7254311-5f36-49c9-b52c-8a6ff883bd4c/element/27351770-44ce-4351-9afc-2ed6187e57a4/value 200 1078 ms - 74
[HTTP] 
[HTTP] --> GET /wd/hub/session/c7254311-5f36-49c9-b52c-8a6ff883bd4c/window/current/size
[HTTP] {}
[W3C] Driver proxy active, passing request on via HTTP proxy
[JSONWP Proxy] Replacing sessionId 30d38023-94f4-4ff6-881a-d470fcf30427 with c7254311-5f36-49c9-b52c-8a6ff883bd4c
[HTTP] <-- GET /wd/hub/session/c7254311-5f36-49c9-b52c-8a6ff883bd4c/window/current/size 200 26 ms - 100
[HTTP] 
[HTTP] --> POST /wd/hub/session/c7254311-5f36-49c9-b52c-8a6ff883bd4c/elements
[HTTP] {"using":"-android uiautomator","value":"new UiSelector().className(\"android.widget.Button\").text(\"MASUK\").resourceId(\"id.co.fundtastic.client:id/btnLogin\").instance(0)"}
[HTTP] <-- POST /wd/hub/session/c7254311-5f36-49c9-b52c-8a6ff883bd4c/elements 200 463 ms - 124
[HTTP] 
[HTTP] --> GET /wd/hub/session/c7254311-5f36-49c9-b52c-8a6ff883bd4c
[HTTP] {}
[HTTP] <-- GET /wd/hub/session/c7254311-5f36-49c9-b52c-8a6ff883bd4c 200 13 ms - 1167
[HTTP] 
[HTTP] --> GET /wd/hub/session/c7254311-5f36-49c9-b52c-8a6ff883bd4c
[HTTP] {}
[HTTP] <-- GET /wd/hub/session/c7254311-5f36-49c9-b52c-8a6ff883bd4c 200 12 ms - 1167
[HTTP] 
[HTTP] --> GET /wd/hub/session/c7254311-5f36-49c9-b52c-8a6ff883bd4c
[HTTP] {}
[HTTP] <-- GET /wd/hub/session/c7254311-5f36-49c9-b52c-8a6ff883bd4c 200 11 ms - 1167
[HTTP] 
[HTTP] --> GET /wd/hub/session/c7254311-5f36-49c9-b52c-8a6ff883bd4c
[HTTP] {}
[HTTP] <-- GET /wd/hub/session/c7254311-5f36-49c9-b52c-8a6ff883bd4c 200 15 ms - 1167
[HTTP] 
[HTTP] --> GET /wd/hub/session/c7254311-5f36-49c9-b52c-8a6ff883bd4c/element/7fcaf811-1d96-45ac-98e0-18c450785395/location
[HTTP] {}
[W3C] Driver proxy active, passing request on via HTTP proxy
[JSONWP Proxy] Replacing sessionId 30d38023-94f4-4ff6-881a-d470fcf30427 with c7254311-5f36-49c9-b52c-8a6ff883bd4c
[HTTP] <-- GET /wd/hub/session/c7254311-5f36-49c9-b52c-8a6ff883bd4c/element/7fcaf811-1d96-45ac-98e0-18c450785395/location 200 21 ms - 88
[HTTP] 
[HTTP] --> POST /wd/hub/session/c7254311-5f36-49c9-b52c-8a6ff883bd4c/touch/perform
[HTTP] {"actions":[{"action":"tap","options":{"element":"7fcaf811-1d96-45ac-98e0-18c450785395","x":1,"y":1}}]}
[UiAutomator2] calling get location: 7fcaf811-1d96-45ac-98e0-18c450785395
[HTTP] <-- POST /wd/hub/session/c7254311-5f36-49c9-b52c-8a6ff883bd4c/touch/perform 200 805 ms - 76
[HTTP] 
[HTTP] --> GET /wd/hub/session/c7254311-5f36-49c9-b52c-8a6ff883bd4c/window/current/size
[HTTP] {}
[W3C] Driver proxy active, passing request on via HTTP proxy
[JSONWP Proxy] Replacing sessionId 30d38023-94f4-4ff6-881a-d470fcf30427 with c7254311-5f36-49c9-b52c-8a6ff883bd4c
[HTTP] <-- GET /wd/hub/session/c7254311-5f36-49c9-b52c-8a6ff883bd4c/window/current/size 200 27 ms - 100
[HTTP] 
[HTTP] --> POST /wd/hub/session/c7254311-5f36-49c9-b52c-8a6ff883bd4c/elements
[HTTP] {"using":"-android uiautomator","value":"new UiSelector().className(\"android.widget.TextView\").text(\"Verifikasi Nomor HP\").instance(0)"}
[HTTP] <-- POST /wd/hub/session/c7254311-5f36-49c9-b52c-8a6ff883bd4c/elements 200 298 ms - 124
[HTTP] 
[HTTP] --> GET /wd/hub/session/c7254311-5f36-49c9-b52c-8a6ff883bd4c
[HTTP] {}
[HTTP] <-- GET /wd/hub/session/c7254311-5f36-49c9-b52c-8a6ff883bd4c 200 24 ms - 1167
[HTTP] 
[HTTP] --> GET /wd/hub/session/c7254311-5f36-49c9-b52c-8a6ff883bd4c
[HTTP] {}
[HTTP] <-- GET /wd/hub/session/c7254311-5f36-49c9-b52c-8a6ff883bd4c 200 20 ms - 1167
[HTTP] 
[HTTP] --> GET /wd/hub/session/c7254311-5f36-49c9-b52c-8a6ff883bd4c
[HTTP] {}
[HTTP] <-- GET /wd/hub/session/c7254311-5f36-49c9-b52c-8a6ff883bd4c 200 21 ms - 1167
[HTTP] 
[HTTP] --> GET /wd/hub/session/c7254311-5f36-49c9-b52c-8a6ff883bd4c
[HTTP] {}
[HTTP] <-- GET /wd/hub/session/c7254311-5f36-49c9-b52c-8a6ff883bd4c 200 14 ms - 1167
[HTTP] 
[HTTP] --> GET /wd/hub/session/c7254311-5f36-49c9-b52c-8a6ff883bd4c/element/7ee58079-8929-4420-95bd-52a798284a42/location
[HTTP] {}
[W3C] Driver proxy active, passing request on via HTTP proxy
[JSONWP Proxy] Replacing sessionId 30d38023-94f4-4ff6-881a-d470fcf30427 with c7254311-5f36-49c9-b52c-8a6ff883bd4c
[HTTP] <-- GET /wd/hub/session/c7254311-5f36-49c9-b52c-8a6ff883bd4c/element/7ee58079-8929-4420-95bd-52a798284a42/location 200 21 ms - 89
[HTTP] 
[HTTP] --> GET /wd/hub/session/c7254311-5f36-49c9-b52c-8a6ff883bd4c/element/7ee58079-8929-4420-95bd-52a798284a42/text
[HTTP] {}
[W3C] Driver proxy active, passing request on via HTTP proxy
[JSONWP Proxy] Replacing sessionId 30d38023-94f4-4ff6-881a-d470fcf30427 with c7254311-5f36-49c9-b52c-8a6ff883bd4c
[HTTP] <-- GET /wd/hub/session/c7254311-5f36-49c9-b52c-8a6ff883bd4c/element/7ee58079-8929-4420-95bd-52a798284a42/text 200 23 ms - 93
[HTTP] 
[HTTP] --> GET /wd/hub/session/c7254311-5f36-49c9-b52c-8a6ff883bd4c/window/current/size
[HTTP] {}
[W3C] Driver proxy active, passing request on via HTTP proxy
[JSONWP Proxy] Replacing sessionId 30d38023-94f4-4ff6-881a-d470fcf30427 with c7254311-5f36-49c9-b52c-8a6ff883bd4c
[HTTP] <-- GET /wd/hub/session/c7254311-5f36-49c9-b52c-8a6ff883bd4c/window/current/size 200 20 ms - 100
[HTTP] 
[HTTP] --> POST /wd/hub/session/c7254311-5f36-49c9-b52c-8a6ff883bd4c/elements
[HTTP] {"using":"-android uiautomator","value":"new UiSelector().className(\"android.widget.EditText\").resourceId(\"id.co.fundtastic.client:id/et_otp\").instance(0)"}
[HTTP] <-- POST /wd/hub/session/c7254311-5f36-49c9-b52c-8a6ff883bd4c/elements 200 439 ms - 124
[HTTP] 
[HTTP] --> GET /wd/hub/session/c7254311-5f36-49c9-b52c-8a6ff883bd4c
[HTTP] {}
[HTTP] <-- GET /wd/hub/session/c7254311-5f36-49c9-b52c-8a6ff883bd4c 200 12 ms - 1167
[HTTP] 
[HTTP] --> GET /wd/hub/session/c7254311-5f36-49c9-b52c-8a6ff883bd4c
[HTTP] {}
[HTTP] <-- GET /wd/hub/session/c7254311-5f36-49c9-b52c-8a6ff883bd4c 200 11 ms - 1167
[HTTP] 
[HTTP] --> GET /wd/hub/session/c7254311-5f36-49c9-b52c-8a6ff883bd4c
[HTTP] {}
[HTTP] <-- GET /wd/hub/session/c7254311-5f36-49c9-b52c-8a6ff883bd4c 200 12 ms - 1167
[HTTP] 
[HTTP] --> GET /wd/hub/session/c7254311-5f36-49c9-b52c-8a6ff883bd4c
[HTTP] {}
[HTTP] <-- GET /wd/hub/session/c7254311-5f36-49c9-b52c-8a6ff883bd4c 200 14 ms - 1167
[HTTP] 
[HTTP] --> GET /wd/hub/session/c7254311-5f36-49c9-b52c-8a6ff883bd4c/element/e64c2a6c-0e8b-4fda-9a8f-5be8e8c20e33/location
[HTTP] {}
[W3C] Driver proxy active, passing request on via HTTP proxy
[JSONWP Proxy] Replacing sessionId 30d38023-94f4-4ff6-881a-d470fcf30427 with c7254311-5f36-49c9-b52c-8a6ff883bd4c
[HTTP] <-- GET /wd/hub/session/c7254311-5f36-49c9-b52c-8a6ff883bd4c/element/e64c2a6c-0e8b-4fda-9a8f-5be8e8c20e33/location 200 22 ms - 89
[HTTP] 
[HTTP] --> POST /wd/hub/session/c7254311-5f36-49c9-b52c-8a6ff883bd4c/touch/perform
[HTTP] {"actions":[{"action":"tap","options":{"element":"e64c2a6c-0e8b-4fda-9a8f-5be8e8c20e33","x":1,"y":1}}]}
[UiAutomator2] calling get location: e64c2a6c-0e8b-4fda-9a8f-5be8e8c20e33
[HTTP] <-- POST /wd/hub/session/c7254311-5f36-49c9-b52c-8a6ff883bd4c/touch/perform 200 884 ms - 76
[HTTP] 
[HTTP] --> GET /wd/hub/session/c7254311-5f36-49c9-b52c-8a6ff883bd4c/window/current/size
[HTTP] {}
[W3C] Driver proxy active, passing request on via HTTP proxy
[JSONWP Proxy] Replacing sessionId 30d38023-94f4-4ff6-881a-d470fcf30427 with c7254311-5f36-49c9-b52c-8a6ff883bd4c
[HTTP] <-- GET /wd/hub/session/c7254311-5f36-49c9-b52c-8a6ff883bd4c/window/current/size 200 26 ms - 100
[HTTP] 
[HTTP] --> POST /wd/hub/session/c7254311-5f36-49c9-b52c-8a6ff883bd4c/elements
[HTTP] {"using":"-android uiautomator","value":"new UiSelector().className(\"android.widget.EditText\").resourceId(\"id.co.fundtastic.client:id/et_otp\").instance(0)"}
[HTTP] <-- POST /wd/hub/session/c7254311-5f36-49c9-b52c-8a6ff883bd4c/elements 200 48 ms - 124
[HTTP] 
[HTTP] --> GET /wd/hub/session/c7254311-5f36-49c9-b52c-8a6ff883bd4c
[HTTP] {}
[HTTP] <-- GET /wd/hub/session/c7254311-5f36-49c9-b52c-8a6ff883bd4c 200 15 ms - 1167
[HTTP] 
[HTTP] --> GET /wd/hub/session/c7254311-5f36-49c9-b52c-8a6ff883bd4c
[HTTP] {}
[HTTP] <-- GET /wd/hub/session/c7254311-5f36-49c9-b52c-8a6ff883bd4c 200 17 ms - 1167
[HTTP] 
[HTTP] --> GET /wd/hub/session/c7254311-5f36-49c9-b52c-8a6ff883bd4c
[HTTP] {}
[HTTP] <-- GET /wd/hub/session/c7254311-5f36-49c9-b52c-8a6ff883bd4c 200 13 ms - 1167
[HTTP] 
[HTTP] --> GET /wd/hub/session/c7254311-5f36-49c9-b52c-8a6ff883bd4c
[HTTP] {}
[HTTP] <-- GET /wd/hub/session/c7254311-5f36-49c9-b52c-8a6ff883bd4c 200 14 ms - 1167
[HTTP] 
[HTTP] --> GET /wd/hub/session/c7254311-5f36-49c9-b52c-8a6ff883bd4c/element/c9c76e99-cbf8-49ed-a52b-72eb25476bff/location
[HTTP] {}
[W3C] Driver proxy active, passing request on via HTTP proxy
[JSONWP Proxy] Replacing sessionId 30d38023-94f4-4ff6-881a-d470fcf30427 with c7254311-5f36-49c9-b52c-8a6ff883bd4c
[HTTP] <-- GET /wd/hub/session/c7254311-5f36-49c9-b52c-8a6ff883bd4c/element/c9c76e99-cbf8-49ed-a52b-72eb25476bff/location 200 36 ms - 89
[HTTP] 
[HTTP] --> POST /wd/hub/session/c7254311-5f36-49c9-b52c-8a6ff883bd4c/element/c9c76e99-cbf8-49ed-a52b-72eb25476bff/clear
[HTTP] {"id":"c9c76e99-cbf8-49ed-a52b-72eb25476bff"}
[HTTP] <-- POST /wd/hub/session/c7254311-5f36-49c9-b52c-8a6ff883bd4c/element/c9c76e99-cbf8-49ed-a52b-72eb25476bff/clear 200 49 ms - 89
[HTTP] 
[HTTP] --> POST /wd/hub/session/c7254311-5f36-49c9-b52c-8a6ff883bd4c/element/c9c76e99-cbf8-49ed-a52b-72eb25476bff/value
[HTTP] {"id":"c9c76e99-cbf8-49ed-a52b-72eb25476bff","value":["8888"]}
[HTTP] <-- POST /wd/hub/session/c7254311-5f36-49c9-b52c-8a6ff883bd4c/element/c9c76e99-cbf8-49ed-a52b-72eb25476bff/value 200 769 ms - 74
[HTTP] 
[HTTP] --> GET /wd/hub/session/c7254311-5f36-49c9-b52c-8a6ff883bd4c/window/current/size
[HTTP] {}
[W3C] Driver proxy active, passing request on via HTTP proxy
[JSONWP Proxy] Replacing sessionId 30d38023-94f4-4ff6-881a-d470fcf30427 with c7254311-5f36-49c9-b52c-8a6ff883bd4c
[HTTP] <-- GET /wd/hub/session/c7254311-5f36-49c9-b52c-8a6ff883bd4c/window/current/size 200 76 ms - 100
[HTTP] 
[HTTP] --> POST /wd/hub/session/c7254311-5f36-49c9-b52c-8a6ff883bd4c/elements
[HTTP] {"using":"-android uiautomator","value":"new UiSelector().className(\"android.widget.Button\").text(\"Verifikasi Sekarang\").resourceId(\"id.co.fundtastic.client:id/btnVerified\").instance(0)"}
[HTTP] <-- POST /wd/hub/session/c7254311-5f36-49c9-b52c-8a6ff883bd4c/elements 200 848 ms - 124
[HTTP] 
[HTTP] --> GET /wd/hub/session/c7254311-5f36-49c9-b52c-8a6ff883bd4c
[HTTP] {}
[HTTP] <-- GET /wd/hub/session/c7254311-5f36-49c9-b52c-8a6ff883bd4c 200 10 ms - 1167
[HTTP] 
[HTTP] --> GET /wd/hub/session/c7254311-5f36-49c9-b52c-8a6ff883bd4c
[HTTP] {}
[HTTP] <-- GET /wd/hub/session/c7254311-5f36-49c9-b52c-8a6ff883bd4c 200 19 ms - 1167
[HTTP] 
[HTTP] --> GET /wd/hub/session/c7254311-5f36-49c9-b52c-8a6ff883bd4c
[HTTP] {}
[HTTP] <-- GET /wd/hub/session/c7254311-5f36-49c9-b52c-8a6ff883bd4c 200 14 ms - 1167
[HTTP] 
[HTTP] --> GET /wd/hub/session/c7254311-5f36-49c9-b52c-8a6ff883bd4c
[HTTP] {}
[HTTP] <-- GET /wd/hub/session/c7254311-5f36-49c9-b52c-8a6ff883bd4c 200 20 ms - 1167
[HTTP] 
[HTTP] --> GET /wd/hub/session/c7254311-5f36-49c9-b52c-8a6ff883bd4c/element/abce307f-f4f0-4398-9b6b-c9bd701ee7a5/location
[HTTP] {}
[W3C] Driver proxy active, passing request on via HTTP proxy
[JSONWP Proxy] Replacing sessionId 30d38023-94f4-4ff6-881a-d470fcf30427 with c7254311-5f36-49c9-b52c-8a6ff883bd4c
[HTTP] <-- GET /wd/hub/session/c7254311-5f36-49c9-b52c-8a6ff883bd4c/element/abce307f-f4f0-4398-9b6b-c9bd701ee7a5/location 200 24 ms - 88
[HTTP] 
[HTTP] --> POST /wd/hub/session/c7254311-5f36-49c9-b52c-8a6ff883bd4c/touch/perform
[HTTP] {"actions":[{"action":"tap","options":{"element":"abce307f-f4f0-4398-9b6b-c9bd701ee7a5","x":1,"y":1}}]}
[UiAutomator2] calling get location: abce307f-f4f0-4398-9b6b-c9bd701ee7a5
[HTTP] <-- POST /wd/hub/session/c7254311-5f36-49c9-b52c-8a6ff883bd4c/touch/perform 200 926 ms - 76
[HTTP] 
[HTTP] --> GET /wd/hub/session/c7254311-5f36-49c9-b52c-8a6ff883bd4c/window/current/size
[HTTP] {}
[W3C] Driver proxy active, passing request on via HTTP proxy
[JSONWP Proxy] Replacing sessionId 30d38023-94f4-4ff6-881a-d470fcf30427 with c7254311-5f36-49c9-b52c-8a6ff883bd4c
[HTTP] <-- GET /wd/hub/session/c7254311-5f36-49c9-b52c-8a6ff883bd4c/window/current/size 200 40 ms - 100
[HTTP] 
[HTTP] --> POST /wd/hub/session/c7254311-5f36-49c9-b52c-8a6ff883bd4c/elements
[HTTP] {"using":"-android uiautomator","value":"new UiSelector().className(\"android.widget.TextView\").text(\"Portofolio\").resourceId(\"id.co.fundtastic.client:id/smallLabel\").instance(11)"}
[HTTP] <-- POST /wd/hub/session/c7254311-5f36-49c9-b52c-8a6ff883bd4c/elements 200 81 ms - 124
[HTTP] 
[HTTP] --> GET /wd/hub/session/c7254311-5f36-49c9-b52c-8a6ff883bd4c
[HTTP] {}
[HTTP] <-- GET /wd/hub/session/c7254311-5f36-49c9-b52c-8a6ff883bd4c 200 20 ms - 1167
[HTTP] 
[HTTP] --> GET /wd/hub/session/c7254311-5f36-49c9-b52c-8a6ff883bd4c
[HTTP] {}
[HTTP] <-- GET /wd/hub/session/c7254311-5f36-49c9-b52c-8a6ff883bd4c 200 14 ms - 1167
[HTTP] 
[HTTP] --> GET /wd/hub/session/c7254311-5f36-49c9-b52c-8a6ff883bd4c
[HTTP] {}
[HTTP] <-- GET /wd/hub/session/c7254311-5f36-49c9-b52c-8a6ff883bd4c 200 15 ms - 1167
[HTTP] 
[HTTP] --> GET /wd/hub/session/c7254311-5f36-49c9-b52c-8a6ff883bd4c
[HTTP] {}
[HTTP] <-- GET /wd/hub/session/c7254311-5f36-49c9-b52c-8a6ff883bd4c 200 16 ms - 1167
[HTTP] 
[HTTP] --> GET /wd/hub/session/c7254311-5f36-49c9-b52c-8a6ff883bd4c/element/a0ed857c-7c6f-4870-97d5-5d65c4308d2b/location
[HTTP] {}
[W3C] Driver proxy active, passing request on via HTTP proxy
[JSONWP Proxy] Replacing sessionId 30d38023-94f4-4ff6-881a-d470fcf30427 with c7254311-5f36-49c9-b52c-8a6ff883bd4c
[HTTP] <-- GET /wd/hub/session/c7254311-5f36-49c9-b52c-8a6ff883bd4c/element/a0ed857c-7c6f-4870-97d5-5d65c4308d2b/location 200 34 ms - 90
[HTTP] 
[HTTP] --> POST /wd/hub/session/c7254311-5f36-49c9-b52c-8a6ff883bd4c/touch/perform
[HTTP] {"actions":[{"action":"tap","options":{"element":"a0ed857c-7c6f-4870-97d5-5d65c4308d2b","x":1,"y":1}}]}
[UiAutomator2] calling get location: a0ed857c-7c6f-4870-97d5-5d65c4308d2b
[HTTP] <-- POST /wd/hub/session/c7254311-5f36-49c9-b52c-8a6ff883bd4c/touch/perform 200 2281 ms - 76
[HTTP] 
[HTTP] --> GET /wd/hub/session/c7254311-5f36-49c9-b52c-8a6ff883bd4c/window/current/size
[HTTP] {}
[W3C] Driver proxy active, passing request on via HTTP proxy
[JSONWP Proxy] Replacing sessionId 30d38023-94f4-4ff6-881a-d470fcf30427 with c7254311-5f36-49c9-b52c-8a6ff883bd4c
[HTTP] <-- GET /wd/hub/session/c7254311-5f36-49c9-b52c-8a6ff883bd4c/window/current/size 200 22 ms - 100
[HTTP] 
[HTTP] --> POST /wd/hub/session/c7254311-5f36-49c9-b52c-8a6ff883bd4c/elements
[HTTP] {"using":"-android uiautomator","value":"new UiSelector().className(\"android.widget.FrameLayout\").instance(6)"}
[HTTP] <-- POST /wd/hub/session/c7254311-5f36-49c9-b52c-8a6ff883bd4c/elements 200 98 ms - 124
[HTTP] 
[HTTP] --> GET /wd/hub/session/c7254311-5f36-49c9-b52c-8a6ff883bd4c
[HTTP] {}
[HTTP] <-- GET /wd/hub/session/c7254311-5f36-49c9-b52c-8a6ff883bd4c 200 16 ms - 1167
[HTTP] 
[HTTP] --> GET /wd/hub/session/c7254311-5f36-49c9-b52c-8a6ff883bd4c
[HTTP] {}
[HTTP] <-- GET /wd/hub/session/c7254311-5f36-49c9-b52c-8a6ff883bd4c 200 18 ms - 1167
[HTTP] 
[HTTP] --> GET /wd/hub/session/c7254311-5f36-49c9-b52c-8a6ff883bd4c
[HTTP] {}
[HTTP] <-- GET /wd/hub/session/c7254311-5f36-49c9-b52c-8a6ff883bd4c 200 15 ms - 1167
[HTTP] 
[HTTP] --> GET /wd/hub/session/c7254311-5f36-49c9-b52c-8a6ff883bd4c
[HTTP] {}
[HTTP] <-- GET /wd/hub/session/c7254311-5f36-49c9-b52c-8a6ff883bd4c 200 28 ms - 1167
[HTTP] 
[HTTP] --> GET /wd/hub/session/c7254311-5f36-49c9-b52c-8a6ff883bd4c/element/812916d1-6ed9-4b27-8e02-7d0a5b224de3/location
[HTTP] {}
[W3C] Driver proxy active, passing request on via HTTP proxy
[JSONWP Proxy] Replacing sessionId 30d38023-94f4-4ff6-881a-d470fcf30427 with c7254311-5f36-49c9-b52c-8a6ff883bd4c
[HTTP] <-- GET /wd/hub/session/c7254311-5f36-49c9-b52c-8a6ff883bd4c/element/812916d1-6ed9-4b27-8e02-7d0a5b224de3/location 200 32 ms - 87
[HTTP] 
[HTTP] --> POST /wd/hub/session/c7254311-5f36-49c9-b52c-8a6ff883bd4c/touch/perform
[HTTP] {"actions":[{"action":"tap","options":{"element":"812916d1-6ed9-4b27-8e02-7d0a5b224de3","x":1,"y":1}}]}
[UiAutomator2] calling get location: 812916d1-6ed9-4b27-8e02-7d0a5b224de3
[HTTP] <-- POST /wd/hub/session/c7254311-5f36-49c9-b52c-8a6ff883bd4c/touch/perform 200 1054 ms - 76
[HTTP] 
[HTTP] --> GET /wd/hub/session/c7254311-5f36-49c9-b52c-8a6ff883bd4c/window/current/size
[HTTP] {}
[W3C] Driver proxy active, passing request on via HTTP proxy
[JSONWP Proxy] Replacing sessionId 30d38023-94f4-4ff6-881a-d470fcf30427 with c7254311-5f36-49c9-b52c-8a6ff883bd4c
[HTTP] <-- GET /wd/hub/session/c7254311-5f36-49c9-b52c-8a6ff883bd4c/window/current/size 200 32 ms - 100
[HTTP] 
[HTTP] --> POST /wd/hub/session/c7254311-5f36-49c9-b52c-8a6ff883bd4c/elements
[HTTP] {"using":"-android uiautomator","value":"new UiSelector().className(\"android.widget.TextView\").text(\"TOP UP\").resourceId(\"id.co.fundtastic.client:id/topUp\").instance(10)"}
[HTTP] <-- POST /wd/hub/session/c7254311-5f36-49c9-b52c-8a6ff883bd4c/elements 200 68 ms - 124
[HTTP] 
[HTTP] --> GET /wd/hub/session/c7254311-5f36-49c9-b52c-8a6ff883bd4c
[HTTP] {}
[HTTP] <-- GET /wd/hub/session/c7254311-5f36-49c9-b52c-8a6ff883bd4c 200 15 ms - 1167
[HTTP] 
[HTTP] --> GET /wd/hub/session/c7254311-5f36-49c9-b52c-8a6ff883bd4c
[HTTP] {}
[HTTP] <-- GET /wd/hub/session/c7254311-5f36-49c9-b52c-8a6ff883bd4c 200 13 ms - 1167
[HTTP] 
[HTTP] --> GET /wd/hub/session/c7254311-5f36-49c9-b52c-8a6ff883bd4c
[HTTP] {}
[HTTP] <-- GET /wd/hub/session/c7254311-5f36-49c9-b52c-8a6ff883bd4c 200 23 ms - 1167
[HTTP] 
[HTTP] --> GET /wd/hub/session/c7254311-5f36-49c9-b52c-8a6ff883bd4c
[HTTP] {}
[HTTP] <-- GET /wd/hub/session/c7254311-5f36-49c9-b52c-8a6ff883bd4c 200 15 ms - 1167
[HTTP] 
[HTTP] --> GET /wd/hub/session/c7254311-5f36-49c9-b52c-8a6ff883bd4c/element/940058fc-64b9-4b28-aca9-1d679dfd47fc/location
[HTTP] {}
[W3C] Driver proxy active, passing request on via HTTP proxy
[JSONWP Proxy] Replacing sessionId 30d38023-94f4-4ff6-881a-d470fcf30427 with c7254311-5f36-49c9-b52c-8a6ff883bd4c
[HTTP] <-- GET /wd/hub/session/c7254311-5f36-49c9-b52c-8a6ff883bd4c/element/940058fc-64b9-4b28-aca9-1d679dfd47fc/location 200 26 ms - 90
[HTTP] 
[HTTP] --> POST /wd/hub/session/c7254311-5f36-49c9-b52c-8a6ff883bd4c/touch/perform
[HTTP] {"actions":[{"action":"tap","options":{"element":"940058fc-64b9-4b28-aca9-1d679dfd47fc","x":1,"y":1}}]}
[UiAutomator2] calling get location: 940058fc-64b9-4b28-aca9-1d679dfd47fc
[HTTP] <-- POST /wd/hub/session/c7254311-5f36-49c9-b52c-8a6ff883bd4c/touch/perform 200 3162 ms - 76
[HTTP] 
[HTTP] --> GET /wd/hub/session/c7254311-5f36-49c9-b52c-8a6ff883bd4c/window/current/size
[HTTP] {}
[W3C] Driver proxy active, passing request on via HTTP proxy
[JSONWP Proxy] Replacing sessionId 30d38023-94f4-4ff6-881a-d470fcf30427 with c7254311-5f36-49c9-b52c-8a6ff883bd4c
[HTTP] <-- GET /wd/hub/session/c7254311-5f36-49c9-b52c-8a6ff883bd4c/window/current/size 200 31 ms - 100
[HTTP] 
[HTTP] --> POST /wd/hub/session/c7254311-5f36-49c9-b52c-8a6ff883bd4c/elements
[HTTP] {"using":"-android uiautomator","value":"new UiSelector().className(\"android.widget.CheckBox\").text(\"Saya telah memahami dan menyetujui isi dari Ketentuan, Prospektus dan Fund Sheet produk ini\").resourceId(\"id.co.fundtastic.client:id/tncCheck\").instance(0)"}
[HTTP] <-- POST /wd/hub/session/c7254311-5f36-49c9-b52c-8a6ff883bd4c/elements 200 64 ms - 124
[HTTP] 
[HTTP] --> GET /wd/hub/session/c7254311-5f36-49c9-b52c-8a6ff883bd4c
[HTTP] {}
[HTTP] <-- GET /wd/hub/session/c7254311-5f36-49c9-b52c-8a6ff883bd4c 200 29 ms - 1167
[HTTP] 
[HTTP] --> GET /wd/hub/session/c7254311-5f36-49c9-b52c-8a6ff883bd4c
[HTTP] {}
[HTTP] <-- GET /wd/hub/session/c7254311-5f36-49c9-b52c-8a6ff883bd4c 200 20 ms - 1167
[HTTP] 
[HTTP] --> GET /wd/hub/session/c7254311-5f36-49c9-b52c-8a6ff883bd4c
[HTTP] {}
[HTTP] <-- GET /wd/hub/session/c7254311-5f36-49c9-b52c-8a6ff883bd4c 200 25 ms - 1167
[HTTP] 
[HTTP] --> GET /wd/hub/session/c7254311-5f36-49c9-b52c-8a6ff883bd4c
[HTTP] {}
[HTTP] <-- GET /wd/hub/session/c7254311-5f36-49c9-b52c-8a6ff883bd4c 200 27 ms - 1167
[HTTP] 
[HTTP] --> GET /wd/hub/session/c7254311-5f36-49c9-b52c-8a6ff883bd4c/element/857e13b8-a66e-454b-9967-8ae6db7c3b23/location
[HTTP] {}
[W3C] Driver proxy active, passing request on via HTTP proxy
[JSONWP Proxy] Replacing sessionId 30d38023-94f4-4ff6-881a-d470fcf30427 with c7254311-5f36-49c9-b52c-8a6ff883bd4c
[HTTP] <-- GET /wd/hub/session/c7254311-5f36-49c9-b52c-8a6ff883bd4c/element/857e13b8-a66e-454b-9967-8ae6db7c3b23/location 200 57 ms - 88
[HTTP] 
[HTTP] --> POST /wd/hub/session/c7254311-5f36-49c9-b52c-8a6ff883bd4c/touch/perform
[HTTP] {"actions":[{"action":"tap","options":{"element":"857e13b8-a66e-454b-9967-8ae6db7c3b23","x":1,"y":1}}]}
[UiAutomator2] calling get location: 857e13b8-a66e-454b-9967-8ae6db7c3b23
[HTTP] <-- POST /wd/hub/session/c7254311-5f36-49c9-b52c-8a6ff883bd4c/touch/perform 200 704 ms - 76
[HTTP] 
[HTTP] --> DELETE /wd/hub/session/c7254311-5f36-49c9-b52c-8a6ff883bd4c
[HTTP] {}
[Appium] Removing session c7254311-5f36-49c9-b52c-8a6ff883bd4c from our master session list
[ADB] id.co.fundtastic.client was successfully uninstalled
[HTTP] <-- DELETE /wd/hub/session/c7254311-5f36-49c9-b52c-8a6ff883bd4c 200 1794 ms - 76
[HTTP] 
