[Appium] Welcome to Appium v1.8.1
[Appium] Non-default server args:
[Appium]   port: 50814
[Appium]   loglevel: info
[Appium]   chromeDriverPort: 50815
[Appium]   tmpDir: /var/folders/ts/p6rxgpw53_d96xw60slkng7m0000gn/T//Katalon/Appium/Temp1562829989992
[Appium] Appium REST http interface listener started on 0.0.0.0:50814
[HTTP] --> GET /wd/hub/status
[HTTP] {}
[HTTP] <-- GET /wd/hub/status 200 29 ms - 83
[HTTP] 
[HTTP] --> POST /wd/hub/session
[HTTP] {"desiredCapabilities":{"app":"/Users/ustore/Downloads/Development.apk","autoGrantPermissions":true,"automationName":"uiautomator2","deviceName":"emulator-5554 (Android SDK built for x86 - Android 9)","fullReset":true,"newCommandTimeout":1800,"noReset":false,"platform":"ANDROID","platformName":"Android","udid":"emulator-5554"},"capabilities":{"desiredCapabilities":{"app":"/Users/ustore/Downloads/Development.apk","autoGrantPermissions":true,"automationName":"uiautomator2","deviceName":"emulator-5554 (Android SDK built for x86 - Android 9)","fullReset":true,"newCommandTimeout":1800,"noReset":false,"platform":"ANDROID","platformName":"Android","udid":"emulator-5554"},"firstMatch":[{"platformName":"android"}]}}
[Appium] Could not parse W3C capabilities: 'deviceName' can't be blank. Falling back to JSONWP protocol.
[Appium] The following capabilities were provided in the JSONWP desired capabilities that are missing in W3C capabilities: ["app","autoGrantPermissions","automationName","deviceName","fullReset","newCommandTimeout","noReset","platform","platformName","udid"]. Falling back to JSONWP protocol.
[Appium] Creating new AndroidUiautomator2Driver (v1.12.0) session
[Appium] Capabilities:
[Appium]   app: /Users/ustore/Downloads/Development.apk
[Appium]   autoGrantPermissions: true
[Appium]   automationName: uiautomator2
[Appium]   deviceName: emulator-5554 (Android SDK built for x86 - Android 9)
[Appium]   fullReset: true
[Appium]   newCommandTimeout: 1800
[Appium]   noReset: false
[Appium]   platform: ANDROID
[Appium]   platformName: Android
[Appium]   udid: emulator-5554
[BaseDriver] The following capabilities were provided, but are not recognized by appium: platform.
[BaseDriver] Session created with session id: 1aa2745c-69ca-4535-b329-6d0ee7cccd74
[BaseDriver] Using local app '/Users/ustore/Downloads/Development.apk'
[AndroidDriver] Java version is: 1.8.0_181
[ADB] Checking whether adb is present
[ADB] Found 1 'build-tools' folders under '/Users/ustore/.katalon/tools/android_sdk' (newest first):
[ADB]     /Users/ustore/.katalon/tools/android_sdk/build-tools/28.0.3
[ADB] Using adb from /Users/ustore/.katalon/tools/android_sdk/platform-tools/adb
[AndroidDriver] Retrieving device list
[AndroidDriver] Using device: emulator-5554
[ADB] Using the alternative activity name detection method because of: Could not find apkanalyzer in /Users/ustore/.katalon/tools/android_sdk/platform-tools/apkanalyzer,/Users/ustore/.katalon/tools/android_sdk/emulator/apkanalyzer,/Users/ustore/.katalon/tools/android_sdk/tools/apkanalyzer,/Users/ustore/.katalon/tools/android_sdk/tools/bin/apkanalyzer,/Users/ustore/.katalon/tools/android_sdk/build-tools/28.0.3/apkanalyzer. Do you have the Android SDK installed at '/Users/ustore/.katalon/tools/android_sdk'?
[ADB] Checking whether aapt is present
[ADB] Using aapt from /Users/ustore/.katalon/tools/android_sdk/build-tools/28.0.3/aapt
[ADB] Extracting package and launch activity from manifest
[ADB] Package name: 'id.co.fundtastic.client'
[ADB] Main activity name: 'id.co.fundtastic.client.splash.presentation.SplashActivity'
[ADB] Getting device platform version
[ADB] Using apksigner from /Users/ustore/.katalon/tools/android_sdk/build-tools/28.0.3/apksigner
[ADB] Cannot read version codes of '/usr/local/lib/node_modules/appium/node_modules/appium-uiautomator2-server/apks/appium-uiautomator2-server-debug-androidTest.apk' and/or 'io.appium.uiautomator2.server.test'
[ADB] Cannot read version names of '/usr/local/lib/node_modules/appium/node_modules/appium-uiautomator2-server/apks/appium-uiautomator2-server-debug-androidTest.apk' and/or 'io.appium.uiautomator2.server.test'. Assuming correct app version is already installed
[AndroidDriver] setDeviceLanguageCountry requires language or country.
[AndroidDriver] Got language: 'null' and country: 'null'
[ADB] Successfully extracted 194 strings from '/Users/ustore/Downloads/Development.apk' resources for '(default)' configuration
[ADB] id.co.fundtastic.client was not uninstalled, because it was not present on the device
[UiAutomator2] Starting uiautomator2 server 1.12.0
[UiAutomator2] Using UIAutomator2 server from '/usr/local/lib/node_modules/appium/node_modules/appium-uiautomator2-server/apks/appium-uiautomator2-server-v1.12.0.apk' and test from '/usr/local/lib/node_modules/appium/node_modules/appium-uiautomator2-server/apks/appium-uiautomator2-server-debug-androidTest.apk'
[UiAutomator2] Running command: 'adb -s emulator-5554 shell am instrument -w io.appium.uiautomator2.server.test/android.support.test.runner.AndroidJUnitRunner'
[UiAutomator2] Waiting up to 20000ms for UiAutomator2 to be online...
[AndroidDriver] Screen already unlocked, doing nothing
[UiAutomator2] UiAutomator2 did not start the activity we were waiting for, 'id.co.fundtastic.client/id.co.fundtastic.client.splash.presentation.SplashActivity'. Starting it ourselves
[Appium] New AndroidUiautomator2Driver session created successfully, session 1aa2745c-69ca-4535-b329-6d0ee7cccd74 added to master session list
[HTTP] <-- POST /wd/hub/session 200 12438 ms - 1167
[HTTP] 
[HTTP] --> GET /wd/hub/status
[HTTP] {}
[HTTP] <-- GET /wd/hub/status 200 41 ms - 55
[HTTP] 
[HTTP] --> POST /wd/hub/session/1aa2745c-69ca-4535-b329-6d0ee7cccd74/timeouts
[HTTP] {"type":"implicit","ms":30000}
[HTTP] <-- POST /wd/hub/session/1aa2745c-69ca-4535-b329-6d0ee7cccd74/timeouts 400 41 ms - 4196
[HTTP] 
[HTTP] --> GET /wd/hub/session/1aa2745c-69ca-4535-b329-6d0ee7cccd74/window/current/size
[HTTP] {}
[W3C] Driver proxy active, passing request on via HTTP proxy
[JSONWP Proxy] Replacing sessionId cbcc611e-2268-4dfc-af6a-9145c46f7da7 with 1aa2745c-69ca-4535-b329-6d0ee7cccd74
[HTTP] <-- GET /wd/hub/session/1aa2745c-69ca-4535-b329-6d0ee7cccd74/window/current/size 200 74 ms - 100
[HTTP] 
[HTTP] --> POST /wd/hub/session/1aa2745c-69ca-4535-b329-6d0ee7cccd74/elements
[HTTP] {"using":"-android uiautomator","value":"new UiSelector().className(\"android.widget.TextView\").text(\"Mulailah berinvestasi untuk meraih mimpimu\").instance(0)"}
[HTTP] <-- POST /wd/hub/session/1aa2745c-69ca-4535-b329-6d0ee7cccd74/elements 200 195 ms - 74
[HTTP] 
[HTTP] --> POST /wd/hub/session/1aa2745c-69ca-4535-b329-6d0ee7cccd74/elements
[HTTP] {"using":"-android uiautomator","value":"new UiSelector().className(\"android.widget.TextView\").text(\"Mulailah berinvestasi untuk meraih mimpimu\").instance(0)"}
[HTTP] <-- POST /wd/hub/session/1aa2745c-69ca-4535-b329-6d0ee7cccd74/elements 200 46 ms - 74
[HTTP] 
[HTTP] --> POST /wd/hub/session/1aa2745c-69ca-4535-b329-6d0ee7cccd74/elements
[HTTP] {"using":"-android uiautomator","value":"new UiSelector().className(\"android.widget.TextView\").text(\"Mulailah berinvestasi untuk meraih mimpimu\").instance(0)"}
[HTTP] <-- POST /wd/hub/session/1aa2745c-69ca-4535-b329-6d0ee7cccd74/elements 200 46 ms - 74
[HTTP] 
[HTTP] --> POST /wd/hub/session/1aa2745c-69ca-4535-b329-6d0ee7cccd74/elements
[HTTP] {"using":"-android uiautomator","value":"new UiSelector().className(\"android.widget.TextView\").text(\"Mulailah berinvestasi untuk meraih mimpimu\").instance(0)"}
[HTTP] <-- POST /wd/hub/session/1aa2745c-69ca-4535-b329-6d0ee7cccd74/elements 200 50 ms - 74
[HTTP] 
[HTTP] --> POST /wd/hub/session/1aa2745c-69ca-4535-b329-6d0ee7cccd74/elements
[HTTP] {"using":"-android uiautomator","value":"new UiSelector().className(\"android.widget.TextView\").text(\"Mulailah berinvestasi untuk meraih mimpimu\").instance(0)"}
[HTTP] <-- POST /wd/hub/session/1aa2745c-69ca-4535-b329-6d0ee7cccd74/elements 200 45 ms - 74
[HTTP] 
[HTTP] --> POST /wd/hub/session/1aa2745c-69ca-4535-b329-6d0ee7cccd74/elements
[HTTP] {"using":"-android uiautomator","value":"new UiSelector().className(\"android.widget.TextView\").text(\"Mulailah berinvestasi untuk meraih mimpimu\").instance(0)"}
[HTTP] <-- POST /wd/hub/session/1aa2745c-69ca-4535-b329-6d0ee7cccd74/elements 200 37 ms - 74
[HTTP] 
[HTTP] --> POST /wd/hub/session/1aa2745c-69ca-4535-b329-6d0ee7cccd74/elements
[HTTP] {"using":"-android uiautomator","value":"new UiSelector().className(\"android.widget.TextView\").text(\"Mulailah berinvestasi untuk meraih mimpimu\").instance(0)"}
[HTTP] <-- POST /wd/hub/session/1aa2745c-69ca-4535-b329-6d0ee7cccd74/elements 200 30 ms - 74
[HTTP] 
[HTTP] --> POST /wd/hub/session/1aa2745c-69ca-4535-b329-6d0ee7cccd74/elements
[HTTP] {"using":"-android uiautomator","value":"new UiSelector().className(\"android.widget.TextView\").text(\"Mulailah berinvestasi untuk meraih mimpimu\").instance(0)"}
[HTTP] <-- POST /wd/hub/session/1aa2745c-69ca-4535-b329-6d0ee7cccd74/elements 200 63 ms - 74
[HTTP] 
[HTTP] --> POST /wd/hub/session/1aa2745c-69ca-4535-b329-6d0ee7cccd74/elements
[HTTP] {"using":"-android uiautomator","value":"new UiSelector().className(\"android.widget.TextView\").text(\"Mulailah berinvestasi untuk meraih mimpimu\").instance(0)"}
[HTTP] <-- POST /wd/hub/session/1aa2745c-69ca-4535-b329-6d0ee7cccd74/elements 200 35 ms - 74
[HTTP] 
[HTTP] --> POST /wd/hub/session/1aa2745c-69ca-4535-b329-6d0ee7cccd74/elements
[HTTP] {"using":"-android uiautomator","value":"new UiSelector().className(\"android.widget.TextView\").text(\"Mulailah berinvestasi untuk meraih mimpimu\").instance(0)"}
[HTTP] <-- POST /wd/hub/session/1aa2745c-69ca-4535-b329-6d0ee7cccd74/elements 200 42 ms - 74
[HTTP] 
[HTTP] --> POST /wd/hub/session/1aa2745c-69ca-4535-b329-6d0ee7cccd74/elements
[HTTP] {"using":"-android uiautomator","value":"new UiSelector().className(\"android.widget.TextView\").text(\"Mulailah berinvestasi untuk meraih mimpimu\").instance(0)"}
[HTTP] <-- POST /wd/hub/session/1aa2745c-69ca-4535-b329-6d0ee7cccd74/elements 200 41 ms - 74
[HTTP] 
[HTTP] --> POST /wd/hub/session/1aa2745c-69ca-4535-b329-6d0ee7cccd74/elements
[HTTP] {"using":"-android uiautomator","value":"new UiSelector().className(\"android.widget.TextView\").text(\"Mulailah berinvestasi untuk meraih mimpimu\").instance(0)"}
[HTTP] <-- POST /wd/hub/session/1aa2745c-69ca-4535-b329-6d0ee7cccd74/elements 200 33 ms - 74
[HTTP] 
[HTTP] --> POST /wd/hub/session/1aa2745c-69ca-4535-b329-6d0ee7cccd74/elements
[HTTP] {"using":"-android uiautomator","value":"new UiSelector().className(\"android.widget.TextView\").text(\"Mulailah berinvestasi untuk meraih mimpimu\").instance(0)"}
[HTTP] <-- POST /wd/hub/session/1aa2745c-69ca-4535-b329-6d0ee7cccd74/elements 200 38 ms - 74
[HTTP] 
[HTTP] --> POST /wd/hub/session/1aa2745c-69ca-4535-b329-6d0ee7cccd74/elements
[HTTP] {"using":"-android uiautomator","value":"new UiSelector().className(\"android.widget.TextView\").text(\"Mulailah berinvestasi untuk meraih mimpimu\").instance(0)"}
[HTTP] <-- POST /wd/hub/session/1aa2745c-69ca-4535-b329-6d0ee7cccd74/elements 200 116 ms - 74
[HTTP] 
[HTTP] --> POST /wd/hub/session/1aa2745c-69ca-4535-b329-6d0ee7cccd74/elements
[HTTP] {"using":"-android uiautomator","value":"new UiSelector().className(\"android.widget.TextView\").text(\"Mulailah berinvestasi untuk meraih mimpimu\").instance(0)"}
[HTTP] <-- POST /wd/hub/session/1aa2745c-69ca-4535-b329-6d0ee7cccd74/elements 200 335 ms - 74
[HTTP] 
[HTTP] --> POST /wd/hub/session/1aa2745c-69ca-4535-b329-6d0ee7cccd74/elements
[HTTP] {"using":"-android uiautomator","value":"new UiSelector().className(\"android.widget.TextView\").text(\"Mulailah berinvestasi untuk meraih mimpimu\").instance(0)"}
[HTTP] <-- POST /wd/hub/session/1aa2745c-69ca-4535-b329-6d0ee7cccd74/elements 200 738 ms - 74
[HTTP] 
[HTTP] --> POST /wd/hub/session/1aa2745c-69ca-4535-b329-6d0ee7cccd74/elements
[HTTP] {"using":"-android uiautomator","value":"new UiSelector().className(\"android.widget.TextView\").text(\"Mulailah berinvestasi untuk meraih mimpimu\").instance(0)"}
[HTTP] <-- POST /wd/hub/session/1aa2745c-69ca-4535-b329-6d0ee7cccd74/elements 200 2316 ms - 124
[HTTP] 
[HTTP] --> GET /wd/hub/session/1aa2745c-69ca-4535-b329-6d0ee7cccd74
[HTTP] {}
[HTTP] <-- GET /wd/hub/session/1aa2745c-69ca-4535-b329-6d0ee7cccd74 200 32 ms - 1167
[HTTP] 
[HTTP] --> GET /wd/hub/session/1aa2745c-69ca-4535-b329-6d0ee7cccd74
[HTTP] {}
[HTTP] <-- GET /wd/hub/session/1aa2745c-69ca-4535-b329-6d0ee7cccd74 200 49 ms - 1167
[HTTP] 
[HTTP] --> GET /wd/hub/session/1aa2745c-69ca-4535-b329-6d0ee7cccd74
[HTTP] {}
[HTTP] <-- GET /wd/hub/session/1aa2745c-69ca-4535-b329-6d0ee7cccd74 200 32 ms - 1167
[HTTP] 
[HTTP] --> GET /wd/hub/session/1aa2745c-69ca-4535-b329-6d0ee7cccd74
[HTTP] {}
[HTTP] <-- GET /wd/hub/session/1aa2745c-69ca-4535-b329-6d0ee7cccd74 200 24 ms - 1167
[HTTP] 
[HTTP] --> GET /wd/hub/session/1aa2745c-69ca-4535-b329-6d0ee7cccd74/element/1f66b199-8e70-40d0-aaac-71310528dcd3/location
[HTTP] {}
[W3C] Driver proxy active, passing request on via HTTP proxy
[JSONWP Proxy] Replacing sessionId cbcc611e-2268-4dfc-af6a-9145c46f7da7 with 1aa2745c-69ca-4535-b329-6d0ee7cccd74
[HTTP] <-- GET /wd/hub/session/1aa2745c-69ca-4535-b329-6d0ee7cccd74/element/1f66b199-8e70-40d0-aaac-71310528dcd3/location 200 573 ms - 88
[HTTP] 
[HTTP] --> GET /wd/hub/session/1aa2745c-69ca-4535-b329-6d0ee7cccd74/element/1f66b199-8e70-40d0-aaac-71310528dcd3/text
[HTTP] {}
[W3C] Driver proxy active, passing request on via HTTP proxy
[JSONWP Proxy] Replacing sessionId cbcc611e-2268-4dfc-af6a-9145c46f7da7 with 1aa2745c-69ca-4535-b329-6d0ee7cccd74
[HTTP] <-- GET /wd/hub/session/1aa2745c-69ca-4535-b329-6d0ee7cccd74/element/1f66b199-8e70-40d0-aaac-71310528dcd3/text 200 72 ms - 116
[HTTP] 
[HTTP] --> GET /wd/hub/session/1aa2745c-69ca-4535-b329-6d0ee7cccd74/window/current/size
[HTTP] {}
[W3C] Driver proxy active, passing request on via HTTP proxy
[JSONWP Proxy] Replacing sessionId cbcc611e-2268-4dfc-af6a-9145c46f7da7 with 1aa2745c-69ca-4535-b329-6d0ee7cccd74
[HTTP] <-- GET /wd/hub/session/1aa2745c-69ca-4535-b329-6d0ee7cccd74/window/current/size 200 67 ms - 100
[HTTP] 
[HTTP] --> POST /wd/hub/session/1aa2745c-69ca-4535-b329-6d0ee7cccd74/elements
[HTTP] {"using":"-android uiautomator","value":"new UiSelector().className(\"android.widget.ImageView\").resourceId(\"id.co.fundtastic.client:id/checklist\").instance(6)"}
[HTTP] <-- POST /wd/hub/session/1aa2745c-69ca-4535-b329-6d0ee7cccd74/elements 200 103 ms - 124
[HTTP] 
[HTTP] --> GET /wd/hub/session/1aa2745c-69ca-4535-b329-6d0ee7cccd74
[HTTP] {}
[HTTP] <-- GET /wd/hub/session/1aa2745c-69ca-4535-b329-6d0ee7cccd74 200 18 ms - 1167
[HTTP] 
[HTTP] --> GET /wd/hub/session/1aa2745c-69ca-4535-b329-6d0ee7cccd74
[HTTP] {}
[HTTP] <-- GET /wd/hub/session/1aa2745c-69ca-4535-b329-6d0ee7cccd74 200 20 ms - 1167
[HTTP] 
[HTTP] --> GET /wd/hub/session/1aa2745c-69ca-4535-b329-6d0ee7cccd74
[HTTP] {}
[HTTP] <-- GET /wd/hub/session/1aa2745c-69ca-4535-b329-6d0ee7cccd74 200 26 ms - 1167
[HTTP] 
[HTTP] --> GET /wd/hub/session/1aa2745c-69ca-4535-b329-6d0ee7cccd74
[HTTP] {}
[HTTP] <-- GET /wd/hub/session/1aa2745c-69ca-4535-b329-6d0ee7cccd74 200 25 ms - 1167
[HTTP] 
[HTTP] --> GET /wd/hub/session/1aa2745c-69ca-4535-b329-6d0ee7cccd74/element/161cc5e7-35df-466d-9544-51485fadfb67/location
[HTTP] {}
[W3C] Driver proxy active, passing request on via HTTP proxy
[JSONWP Proxy] Replacing sessionId cbcc611e-2268-4dfc-af6a-9145c46f7da7 with 1aa2745c-69ca-4535-b329-6d0ee7cccd74
[HTTP] <-- GET /wd/hub/session/1aa2745c-69ca-4535-b329-6d0ee7cccd74/element/161cc5e7-35df-466d-9544-51485fadfb67/location 200 45 ms - 90
[HTTP] 
[HTTP] --> POST /wd/hub/session/1aa2745c-69ca-4535-b329-6d0ee7cccd74/touch/perform
[HTTP] {"actions":[{"action":"tap","options":{"element":"161cc5e7-35df-466d-9544-51485fadfb67","x":1,"y":1}}]}
[UiAutomator2] calling get location: 161cc5e7-35df-466d-9544-51485fadfb67
[HTTP] <-- POST /wd/hub/session/1aa2745c-69ca-4535-b329-6d0ee7cccd74/touch/perform 200 842 ms - 76
[HTTP] 
[HTTP] --> GET /wd/hub/session/1aa2745c-69ca-4535-b329-6d0ee7cccd74/window/current/size
[HTTP] {}
[W3C] Driver proxy active, passing request on via HTTP proxy
[JSONWP Proxy] Replacing sessionId cbcc611e-2268-4dfc-af6a-9145c46f7da7 with 1aa2745c-69ca-4535-b329-6d0ee7cccd74
[HTTP] <-- GET /wd/hub/session/1aa2745c-69ca-4535-b329-6d0ee7cccd74/window/current/size 200 19 ms - 100
[HTTP] 
[HTTP] --> POST /wd/hub/session/1aa2745c-69ca-4535-b329-6d0ee7cccd74/elements
[HTTP] {"using":"-android uiautomator","value":"new UiSelector().className(\"android.widget.LinearLayout\").instance(4)"}
[HTTP] <-- POST /wd/hub/session/1aa2745c-69ca-4535-b329-6d0ee7cccd74/elements 200 65 ms - 124
[HTTP] 
[HTTP] --> GET /wd/hub/session/1aa2745c-69ca-4535-b329-6d0ee7cccd74
[HTTP] {}
[HTTP] <-- GET /wd/hub/session/1aa2745c-69ca-4535-b329-6d0ee7cccd74 200 29 ms - 1167
[HTTP] 
[HTTP] --> GET /wd/hub/session/1aa2745c-69ca-4535-b329-6d0ee7cccd74
[HTTP] {}
[HTTP] <-- GET /wd/hub/session/1aa2745c-69ca-4535-b329-6d0ee7cccd74 200 14 ms - 1167
[HTTP] 
[HTTP] --> GET /wd/hub/session/1aa2745c-69ca-4535-b329-6d0ee7cccd74
[HTTP] {}
[HTTP] <-- GET /wd/hub/session/1aa2745c-69ca-4535-b329-6d0ee7cccd74 200 16 ms - 1167
[HTTP] 
[HTTP] --> GET /wd/hub/session/1aa2745c-69ca-4535-b329-6d0ee7cccd74
[HTTP] {}
[HTTP] <-- GET /wd/hub/session/1aa2745c-69ca-4535-b329-6d0ee7cccd74 200 23 ms - 1167
[HTTP] 
[HTTP] --> GET /wd/hub/session/1aa2745c-69ca-4535-b329-6d0ee7cccd74/element/b780b138-73a6-457e-942e-f21c9eca6daf/location
[HTTP] {}
[W3C] Driver proxy active, passing request on via HTTP proxy
[JSONWP Proxy] Replacing sessionId cbcc611e-2268-4dfc-af6a-9145c46f7da7 with 1aa2745c-69ca-4535-b329-6d0ee7cccd74
[HTTP] <-- GET /wd/hub/session/1aa2745c-69ca-4535-b329-6d0ee7cccd74/element/b780b138-73a6-457e-942e-f21c9eca6daf/location 200 32 ms - 87
[HTTP] 
[HTTP] --> POST /wd/hub/session/1aa2745c-69ca-4535-b329-6d0ee7cccd74/touch/perform
[HTTP] {"actions":[{"action":"tap","options":{"element":"b780b138-73a6-457e-942e-f21c9eca6daf","x":1,"y":1}}]}
[UiAutomator2] calling get location: b780b138-73a6-457e-942e-f21c9eca6daf
[HTTP] <-- POST /wd/hub/session/1aa2745c-69ca-4535-b329-6d0ee7cccd74/touch/perform 200 802 ms - 76
[HTTP] 
[HTTP] --> GET /wd/hub/session/1aa2745c-69ca-4535-b329-6d0ee7cccd74/context
[HTTP] {}
[HTTP] <-- GET /wd/hub/session/1aa2745c-69ca-4535-b329-6d0ee7cccd74/context 200 3 ms - 84
[HTTP] 
[HTTP] --> GET /wd/hub/session/1aa2745c-69ca-4535-b329-6d0ee7cccd74/contexts
[HTTP] {}
[HTTP] <-- GET /wd/hub/session/1aa2745c-69ca-4535-b329-6d0ee7cccd74/contexts 200 127 ms - 164
[HTTP] 
[HTTP] --> POST /wd/hub/session/1aa2745c-69ca-4535-b329-6d0ee7cccd74/context
[HTTP] {"name":"NATIVE_APP"}
[HTTP] <-- POST /wd/hub/session/1aa2745c-69ca-4535-b329-6d0ee7cccd74/context 200 91 ms - 76
[HTTP] 
[HTTP] --> POST /wd/hub/session/1aa2745c-69ca-4535-b329-6d0ee7cccd74/touch/perform
[HTTP] {"actions":[{"action":"press","options":{"x":800,"y":1000}},{"action":"wait","options":{"ms":500}},{"action":"moveTo","options":{"x":10,"y":800}}]}
[HTTP] <-- POST /wd/hub/session/1aa2745c-69ca-4535-b329-6d0ee7cccd74/touch/perform 200 2065 ms - 76
[HTTP] 
[HTTP] --> POST /wd/hub/session/1aa2745c-69ca-4535-b329-6d0ee7cccd74/context
[HTTP] {"name":"NATIVE_APP"}
[HTTP] <-- POST /wd/hub/session/1aa2745c-69ca-4535-b329-6d0ee7cccd74/context 200 100 ms - 76
[HTTP] 
[HTTP] --> GET /wd/hub/session/1aa2745c-69ca-4535-b329-6d0ee7cccd74/window/current/size
[HTTP] {}
[W3C] Driver proxy active, passing request on via HTTP proxy
[JSONWP Proxy] Replacing sessionId cbcc611e-2268-4dfc-af6a-9145c46f7da7 with 1aa2745c-69ca-4535-b329-6d0ee7cccd74
[HTTP] <-- GET /wd/hub/session/1aa2745c-69ca-4535-b329-6d0ee7cccd74/window/current/size 200 27 ms - 100
[HTTP] 
[HTTP] --> POST /wd/hub/session/1aa2745c-69ca-4535-b329-6d0ee7cccd74/elements
[HTTP] {"using":"-android uiautomator","value":"new UiSelector().className(\"android.widget.LinearLayout\").instance(4)"}
[HTTP] <-- POST /wd/hub/session/1aa2745c-69ca-4535-b329-6d0ee7cccd74/elements 200 68 ms - 124
[HTTP] 
[HTTP] --> GET /wd/hub/session/1aa2745c-69ca-4535-b329-6d0ee7cccd74
[HTTP] {}
[HTTP] <-- GET /wd/hub/session/1aa2745c-69ca-4535-b329-6d0ee7cccd74 200 24 ms - 1284
[HTTP] 
[HTTP] --> GET /wd/hub/session/1aa2745c-69ca-4535-b329-6d0ee7cccd74
[HTTP] {}
[HTTP] <-- GET /wd/hub/session/1aa2745c-69ca-4535-b329-6d0ee7cccd74 200 15 ms - 1284
[HTTP] 
[HTTP] --> GET /wd/hub/session/1aa2745c-69ca-4535-b329-6d0ee7cccd74
[HTTP] {}
[HTTP] <-- GET /wd/hub/session/1aa2745c-69ca-4535-b329-6d0ee7cccd74 200 13 ms - 1284
[HTTP] 
[HTTP] --> GET /wd/hub/session/1aa2745c-69ca-4535-b329-6d0ee7cccd74
[HTTP] {}
[HTTP] <-- GET /wd/hub/session/1aa2745c-69ca-4535-b329-6d0ee7cccd74 200 13 ms - 1284
[HTTP] 
[HTTP] --> GET /wd/hub/session/1aa2745c-69ca-4535-b329-6d0ee7cccd74/element/21360d0b-53c9-4316-bc27-541fd1cc29d1/location
[HTTP] {}
[W3C] Driver proxy active, passing request on via HTTP proxy
[JSONWP Proxy] Replacing sessionId cbcc611e-2268-4dfc-af6a-9145c46f7da7 with 1aa2745c-69ca-4535-b329-6d0ee7cccd74
[HTTP] <-- GET /wd/hub/session/1aa2745c-69ca-4535-b329-6d0ee7cccd74/element/21360d0b-53c9-4316-bc27-541fd1cc29d1/location 200 25 ms - 87
[HTTP] 
[HTTP] --> POST /wd/hub/session/1aa2745c-69ca-4535-b329-6d0ee7cccd74/touch/perform
[HTTP] {"actions":[{"action":"tap","options":{"element":"21360d0b-53c9-4316-bc27-541fd1cc29d1","x":1,"y":1}}]}
[UiAutomator2] calling get location: 21360d0b-53c9-4316-bc27-541fd1cc29d1
[HTTP] <-- POST /wd/hub/session/1aa2745c-69ca-4535-b329-6d0ee7cccd74/touch/perform 200 1101 ms - 76
[HTTP] 
[HTTP] --> GET /wd/hub/session/1aa2745c-69ca-4535-b329-6d0ee7cccd74/context
[HTTP] {}
[HTTP] <-- GET /wd/hub/session/1aa2745c-69ca-4535-b329-6d0ee7cccd74/context 200 4 ms - 84
[HTTP] 
[HTTP] --> GET /wd/hub/session/1aa2745c-69ca-4535-b329-6d0ee7cccd74/contexts
[HTTP] {}
[HTTP] <-- GET /wd/hub/session/1aa2745c-69ca-4535-b329-6d0ee7cccd74/contexts 200 86 ms - 164
[HTTP] 
[HTTP] --> POST /wd/hub/session/1aa2745c-69ca-4535-b329-6d0ee7cccd74/context
[HTTP] {"name":"NATIVE_APP"}
[HTTP] <-- POST /wd/hub/session/1aa2745c-69ca-4535-b329-6d0ee7cccd74/context 200 86 ms - 76
[HTTP] 
[HTTP] --> POST /wd/hub/session/1aa2745c-69ca-4535-b329-6d0ee7cccd74/touch/perform
[HTTP] {"actions":[{"action":"press","options":{"x":800,"y":1000}},{"action":"wait","options":{"ms":500}},{"action":"moveTo","options":{"x":10,"y":800}}]}
[HTTP] <-- POST /wd/hub/session/1aa2745c-69ca-4535-b329-6d0ee7cccd74/touch/perform 200 2066 ms - 76
[HTTP] 
[HTTP] --> POST /wd/hub/session/1aa2745c-69ca-4535-b329-6d0ee7cccd74/context
[HTTP] {"name":"NATIVE_APP"}
[HTTP] <-- POST /wd/hub/session/1aa2745c-69ca-4535-b329-6d0ee7cccd74/context 200 97 ms - 76
[HTTP] 
[HTTP] --> GET /wd/hub/session/1aa2745c-69ca-4535-b329-6d0ee7cccd74/window/current/size
[HTTP] {}
[W3C] Driver proxy active, passing request on via HTTP proxy
[JSONWP Proxy] Replacing sessionId cbcc611e-2268-4dfc-af6a-9145c46f7da7 with 1aa2745c-69ca-4535-b329-6d0ee7cccd74
[HTTP] <-- GET /wd/hub/session/1aa2745c-69ca-4535-b329-6d0ee7cccd74/window/current/size 200 16 ms - 100
[HTTP] 
[HTTP] --> POST /wd/hub/session/1aa2745c-69ca-4535-b329-6d0ee7cccd74/elements
[HTTP] {"using":"-android uiautomator","value":"new UiSelector().className(\"android.widget.LinearLayout\").instance(4)"}
[HTTP] <-- POST /wd/hub/session/1aa2745c-69ca-4535-b329-6d0ee7cccd74/elements 200 93 ms - 124
[HTTP] 
[HTTP] --> GET /wd/hub/session/1aa2745c-69ca-4535-b329-6d0ee7cccd74
[HTTP] {}
[HTTP] <-- GET /wd/hub/session/1aa2745c-69ca-4535-b329-6d0ee7cccd74 200 19 ms - 1284
[HTTP] 
[HTTP] --> GET /wd/hub/session/1aa2745c-69ca-4535-b329-6d0ee7cccd74
[HTTP] {}
[HTTP] <-- GET /wd/hub/session/1aa2745c-69ca-4535-b329-6d0ee7cccd74 200 14 ms - 1284
[HTTP] 
[HTTP] --> GET /wd/hub/session/1aa2745c-69ca-4535-b329-6d0ee7cccd74
[HTTP] {}
[HTTP] <-- GET /wd/hub/session/1aa2745c-69ca-4535-b329-6d0ee7cccd74 200 19 ms - 1284
[HTTP] 
[HTTP] --> GET /wd/hub/session/1aa2745c-69ca-4535-b329-6d0ee7cccd74
[HTTP] {}
[HTTP] <-- GET /wd/hub/session/1aa2745c-69ca-4535-b329-6d0ee7cccd74 200 18 ms - 1284
[HTTP] 
[HTTP] --> GET /wd/hub/session/1aa2745c-69ca-4535-b329-6d0ee7cccd74/element/2078b2c3-ad7b-49f5-b880-8d5183e003bc/location
[HTTP] {}
[W3C] Driver proxy active, passing request on via HTTP proxy
[JSONWP Proxy] Replacing sessionId cbcc611e-2268-4dfc-af6a-9145c46f7da7 with 1aa2745c-69ca-4535-b329-6d0ee7cccd74
[HTTP] <-- GET /wd/hub/session/1aa2745c-69ca-4535-b329-6d0ee7cccd74/element/2078b2c3-ad7b-49f5-b880-8d5183e003bc/location 200 26 ms - 87
[HTTP] 
[HTTP] --> POST /wd/hub/session/1aa2745c-69ca-4535-b329-6d0ee7cccd74/touch/perform
[HTTP] {"actions":[{"action":"tap","options":{"element":"2078b2c3-ad7b-49f5-b880-8d5183e003bc","x":1,"y":1}}]}
[UiAutomator2] calling get location: 2078b2c3-ad7b-49f5-b880-8d5183e003bc
[HTTP] <-- POST /wd/hub/session/1aa2745c-69ca-4535-b329-6d0ee7cccd74/touch/perform 200 1068 ms - 76
[HTTP] 
[HTTP] --> GET /wd/hub/session/1aa2745c-69ca-4535-b329-6d0ee7cccd74/context
[HTTP] {}
[HTTP] <-- GET /wd/hub/session/1aa2745c-69ca-4535-b329-6d0ee7cccd74/context 200 2 ms - 84
[HTTP] 
[HTTP] --> GET /wd/hub/session/1aa2745c-69ca-4535-b329-6d0ee7cccd74/contexts
[HTTP] {}
[HTTP] <-- GET /wd/hub/session/1aa2745c-69ca-4535-b329-6d0ee7cccd74/contexts 200 93 ms - 164
[HTTP] 
[HTTP] --> POST /wd/hub/session/1aa2745c-69ca-4535-b329-6d0ee7cccd74/context
[HTTP] {"name":"NATIVE_APP"}
[HTTP] <-- POST /wd/hub/session/1aa2745c-69ca-4535-b329-6d0ee7cccd74/context 200 101 ms - 76
[HTTP] 
[HTTP] --> POST /wd/hub/session/1aa2745c-69ca-4535-b329-6d0ee7cccd74/touch/perform
[HTTP] {"actions":[{"action":"press","options":{"x":800,"y":1000}},{"action":"wait","options":{"ms":500}},{"action":"moveTo","options":{"x":10,"y":800}}]}
[HTTP] <-- POST /wd/hub/session/1aa2745c-69ca-4535-b329-6d0ee7cccd74/touch/perform 200 2054 ms - 76
[HTTP] 
[HTTP] --> POST /wd/hub/session/1aa2745c-69ca-4535-b329-6d0ee7cccd74/context
[HTTP] {"name":"NATIVE_APP"}
[HTTP] <-- POST /wd/hub/session/1aa2745c-69ca-4535-b329-6d0ee7cccd74/context 200 299 ms - 76
[HTTP] 
[HTTP] --> GET /wd/hub/session/1aa2745c-69ca-4535-b329-6d0ee7cccd74/window/current/size
[HTTP] {}
[W3C] Driver proxy active, passing request on via HTTP proxy
[JSONWP Proxy] Replacing sessionId cbcc611e-2268-4dfc-af6a-9145c46f7da7 with 1aa2745c-69ca-4535-b329-6d0ee7cccd74
[HTTP] <-- GET /wd/hub/session/1aa2745c-69ca-4535-b329-6d0ee7cccd74/window/current/size 200 40 ms - 100
[HTTP] 
[HTTP] --> POST /wd/hub/session/1aa2745c-69ca-4535-b329-6d0ee7cccd74/elements
[HTTP] {"using":"-android uiautomator","value":"new UiSelector().className(\"android.widget.LinearLayout\").instance(4)"}
[HTTP] <-- POST /wd/hub/session/1aa2745c-69ca-4535-b329-6d0ee7cccd74/elements 200 172 ms - 124
[HTTP] 
[HTTP] --> GET /wd/hub/session/1aa2745c-69ca-4535-b329-6d0ee7cccd74
[HTTP] {}
[HTTP] <-- GET /wd/hub/session/1aa2745c-69ca-4535-b329-6d0ee7cccd74 200 30 ms - 1167
[HTTP] 
[HTTP] --> GET /wd/hub/session/1aa2745c-69ca-4535-b329-6d0ee7cccd74
[HTTP] {}
[HTTP] <-- GET /wd/hub/session/1aa2745c-69ca-4535-b329-6d0ee7cccd74 200 33 ms - 1167
[HTTP] 
[HTTP] --> GET /wd/hub/session/1aa2745c-69ca-4535-b329-6d0ee7cccd74
[HTTP] {}
[HTTP] <-- GET /wd/hub/session/1aa2745c-69ca-4535-b329-6d0ee7cccd74 200 31 ms - 1167
[HTTP] 
[HTTP] --> GET /wd/hub/session/1aa2745c-69ca-4535-b329-6d0ee7cccd74
[HTTP] {}
[HTTP] <-- GET /wd/hub/session/1aa2745c-69ca-4535-b329-6d0ee7cccd74 200 37 ms - 1167
[HTTP] 
[HTTP] --> GET /wd/hub/session/1aa2745c-69ca-4535-b329-6d0ee7cccd74/element/5817e0d0-7135-429b-be79-71e4658f78a1/location
[HTTP] {}
[W3C] Driver proxy active, passing request on via HTTP proxy
[JSONWP Proxy] Replacing sessionId cbcc611e-2268-4dfc-af6a-9145c46f7da7 with 1aa2745c-69ca-4535-b329-6d0ee7cccd74
[HTTP] <-- GET /wd/hub/session/1aa2745c-69ca-4535-b329-6d0ee7cccd74/element/5817e0d0-7135-429b-be79-71e4658f78a1/location 200 109 ms - 88
[HTTP] 
[HTTP] --> POST /wd/hub/session/1aa2745c-69ca-4535-b329-6d0ee7cccd74/touch/perform
[HTTP] {"actions":[{"action":"tap","options":{"element":"5817e0d0-7135-429b-be79-71e4658f78a1","x":1,"y":1}}]}
[UiAutomator2] calling get location: 5817e0d0-7135-429b-be79-71e4658f78a1
[HTTP] <-- POST /wd/hub/session/1aa2745c-69ca-4535-b329-6d0ee7cccd74/touch/perform 200 3328 ms - 76
[HTTP] 
[HTTP] --> GET /wd/hub/session/1aa2745c-69ca-4535-b329-6d0ee7cccd74/context
[HTTP] {}
[HTTP] <-- GET /wd/hub/session/1aa2745c-69ca-4535-b329-6d0ee7cccd74/context 200 2 ms - 84
[HTTP] 
[HTTP] --> GET /wd/hub/session/1aa2745c-69ca-4535-b329-6d0ee7cccd74/contexts
[HTTP] {}
[HTTP] <-- GET /wd/hub/session/1aa2745c-69ca-4535-b329-6d0ee7cccd74/contexts 200 121 ms - 164
[HTTP] 
[HTTP] --> POST /wd/hub/session/1aa2745c-69ca-4535-b329-6d0ee7cccd74/context
[HTTP] {"name":"NATIVE_APP"}
[HTTP] <-- POST /wd/hub/session/1aa2745c-69ca-4535-b329-6d0ee7cccd74/context 200 96 ms - 76
[HTTP] 
[HTTP] --> POST /wd/hub/session/1aa2745c-69ca-4535-b329-6d0ee7cccd74/touch/perform
[HTTP] {"actions":[{"action":"press","options":{"x":800,"y":1000}},{"action":"wait","options":{"ms":500}},{"action":"moveTo","options":{"x":10,"y":800}}]}
[HTTP] <-- POST /wd/hub/session/1aa2745c-69ca-4535-b329-6d0ee7cccd74/touch/perform 200 2062 ms - 76
[HTTP] 
[HTTP] --> POST /wd/hub/session/1aa2745c-69ca-4535-b329-6d0ee7cccd74/context
[HTTP] {"name":"NATIVE_APP"}
[HTTP] <-- POST /wd/hub/session/1aa2745c-69ca-4535-b329-6d0ee7cccd74/context 200 314 ms - 76
[HTTP] 
[HTTP] --> GET /wd/hub/session/1aa2745c-69ca-4535-b329-6d0ee7cccd74/window/current/size
[HTTP] {}
[W3C] Driver proxy active, passing request on via HTTP proxy
[JSONWP Proxy] Replacing sessionId cbcc611e-2268-4dfc-af6a-9145c46f7da7 with 1aa2745c-69ca-4535-b329-6d0ee7cccd74
[HTTP] <-- GET /wd/hub/session/1aa2745c-69ca-4535-b329-6d0ee7cccd74/window/current/size 200 56 ms - 100
[HTTP] 
[HTTP] --> POST /wd/hub/session/1aa2745c-69ca-4535-b329-6d0ee7cccd74/elements
[HTTP] {"using":"-android uiautomator","value":"new UiSelector().className(\"android.widget.EditText\").text(\"No Handphone\").resourceId(\"id.co.fundtastic.client:id/et_phone\").instance(0)"}
[HTTP] <-- POST /wd/hub/session/1aa2745c-69ca-4535-b329-6d0ee7cccd74/elements 200 166 ms - 124
[HTTP] 
[HTTP] --> GET /wd/hub/session/1aa2745c-69ca-4535-b329-6d0ee7cccd74
[HTTP] {}
[HTTP] <-- GET /wd/hub/session/1aa2745c-69ca-4535-b329-6d0ee7cccd74 200 40 ms - 1167
[HTTP] 
[HTTP] --> GET /wd/hub/session/1aa2745c-69ca-4535-b329-6d0ee7cccd74
[HTTP] {}
[HTTP] <-- GET /wd/hub/session/1aa2745c-69ca-4535-b329-6d0ee7cccd74 200 28 ms - 1167
[HTTP] 
[HTTP] --> GET /wd/hub/session/1aa2745c-69ca-4535-b329-6d0ee7cccd74
[HTTP] {}
[HTTP] <-- GET /wd/hub/session/1aa2745c-69ca-4535-b329-6d0ee7cccd74 200 39 ms - 1167
[HTTP] 
[HTTP] --> GET /wd/hub/session/1aa2745c-69ca-4535-b329-6d0ee7cccd74
[HTTP] {}
[HTTP] <-- GET /wd/hub/session/1aa2745c-69ca-4535-b329-6d0ee7cccd74 200 51 ms - 1167
[HTTP] 
[HTTP] --> GET /wd/hub/session/1aa2745c-69ca-4535-b329-6d0ee7cccd74/element/83cc1b04-cce4-4c1f-ab38-dddf7d14137d/location
[HTTP] {}
[W3C] Driver proxy active, passing request on via HTTP proxy
[JSONWP Proxy] Replacing sessionId cbcc611e-2268-4dfc-af6a-9145c46f7da7 with 1aa2745c-69ca-4535-b329-6d0ee7cccd74
[HTTP] <-- GET /wd/hub/session/1aa2745c-69ca-4535-b329-6d0ee7cccd74/element/83cc1b04-cce4-4c1f-ab38-dddf7d14137d/location 200 40 ms - 88
[HTTP] 
[HTTP] --> POST /wd/hub/session/1aa2745c-69ca-4535-b329-6d0ee7cccd74/element/83cc1b04-cce4-4c1f-ab38-dddf7d14137d/clear
[HTTP] {"id":"83cc1b04-cce4-4c1f-ab38-dddf7d14137d"}
[HTTP] <-- POST /wd/hub/session/1aa2745c-69ca-4535-b329-6d0ee7cccd74/element/83cc1b04-cce4-4c1f-ab38-dddf7d14137d/clear 200 141 ms - 89
[HTTP] 
[HTTP] --> POST /wd/hub/session/1aa2745c-69ca-4535-b329-6d0ee7cccd74/element/83cc1b04-cce4-4c1f-ab38-dddf7d14137d/value
[HTTP] {"id":"83cc1b04-cce4-4c1f-ab38-dddf7d14137d","value":["081215161452"]}
[HTTP] <-- POST /wd/hub/session/1aa2745c-69ca-4535-b329-6d0ee7cccd74/element/83cc1b04-cce4-4c1f-ab38-dddf7d14137d/value 200 1078 ms - 74
[HTTP] 
[HTTP] --> GET /wd/hub/session/1aa2745c-69ca-4535-b329-6d0ee7cccd74/window/current/size
[HTTP] {}
[W3C] Driver proxy active, passing request on via HTTP proxy
[JSONWP Proxy] Replacing sessionId cbcc611e-2268-4dfc-af6a-9145c46f7da7 with 1aa2745c-69ca-4535-b329-6d0ee7cccd74
[HTTP] <-- GET /wd/hub/session/1aa2745c-69ca-4535-b329-6d0ee7cccd74/window/current/size 200 16 ms - 100
[HTTP] 
[HTTP] --> POST /wd/hub/session/1aa2745c-69ca-4535-b329-6d0ee7cccd74/elements
[HTTP] {"using":"-android uiautomator","value":"new UiSelector().className(\"android.widget.Button\").text(\"MASUK\").resourceId(\"id.co.fundtastic.client:id/btnLogin\").instance(0)"}
[HTTP] <-- POST /wd/hub/session/1aa2745c-69ca-4535-b329-6d0ee7cccd74/elements 200 463 ms - 124
[HTTP] 
[HTTP] --> GET /wd/hub/session/1aa2745c-69ca-4535-b329-6d0ee7cccd74
[HTTP] {}
[HTTP] <-- GET /wd/hub/session/1aa2745c-69ca-4535-b329-6d0ee7cccd74 200 12 ms - 1167
[HTTP] 
[HTTP] --> GET /wd/hub/session/1aa2745c-69ca-4535-b329-6d0ee7cccd74
[HTTP] {}
[HTTP] <-- GET /wd/hub/session/1aa2745c-69ca-4535-b329-6d0ee7cccd74 200 12 ms - 1167
[HTTP] 
[HTTP] --> GET /wd/hub/session/1aa2745c-69ca-4535-b329-6d0ee7cccd74
[HTTP] {}
[HTTP] <-- GET /wd/hub/session/1aa2745c-69ca-4535-b329-6d0ee7cccd74 200 16 ms - 1167
[HTTP] 
[HTTP] --> GET /wd/hub/session/1aa2745c-69ca-4535-b329-6d0ee7cccd74
[HTTP] {}
[HTTP] <-- GET /wd/hub/session/1aa2745c-69ca-4535-b329-6d0ee7cccd74 200 13 ms - 1167
[HTTP] 
[HTTP] --> GET /wd/hub/session/1aa2745c-69ca-4535-b329-6d0ee7cccd74/element/2308ae65-541a-4993-b9ea-3db2de900579/location
[HTTP] {}
[W3C] Driver proxy active, passing request on via HTTP proxy
[JSONWP Proxy] Replacing sessionId cbcc611e-2268-4dfc-af6a-9145c46f7da7 with 1aa2745c-69ca-4535-b329-6d0ee7cccd74
[HTTP] <-- GET /wd/hub/session/1aa2745c-69ca-4535-b329-6d0ee7cccd74/element/2308ae65-541a-4993-b9ea-3db2de900579/location 200 24 ms - 88
[HTTP] 
[HTTP] --> POST /wd/hub/session/1aa2745c-69ca-4535-b329-6d0ee7cccd74/touch/perform
[HTTP] {"actions":[{"action":"tap","options":{"element":"2308ae65-541a-4993-b9ea-3db2de900579","x":1,"y":1}}]}
[UiAutomator2] calling get location: 2308ae65-541a-4993-b9ea-3db2de900579
[HTTP] <-- POST /wd/hub/session/1aa2745c-69ca-4535-b329-6d0ee7cccd74/touch/perform 200 794 ms - 76
[HTTP] 
[HTTP] --> GET /wd/hub/session/1aa2745c-69ca-4535-b329-6d0ee7cccd74/window/current/size
[HTTP] {}
[W3C] Driver proxy active, passing request on via HTTP proxy
[JSONWP Proxy] Replacing sessionId cbcc611e-2268-4dfc-af6a-9145c46f7da7 with 1aa2745c-69ca-4535-b329-6d0ee7cccd74
[HTTP] <-- GET /wd/hub/session/1aa2745c-69ca-4535-b329-6d0ee7cccd74/window/current/size 200 15 ms - 100
[HTTP] 
[HTTP] --> POST /wd/hub/session/1aa2745c-69ca-4535-b329-6d0ee7cccd74/elements
[HTTP] {"using":"-android uiautomator","value":"new UiSelector().className(\"android.widget.TextView\").text(\"Verifikasi Nomor HP\").instance(0)"}
[HTTP] <-- POST /wd/hub/session/1aa2745c-69ca-4535-b329-6d0ee7cccd74/elements 200 26 ms - 124
[HTTP] 
[HTTP] --> GET /wd/hub/session/1aa2745c-69ca-4535-b329-6d0ee7cccd74
[HTTP] {}
[HTTP] <-- GET /wd/hub/session/1aa2745c-69ca-4535-b329-6d0ee7cccd74 200 18 ms - 1167
[HTTP] 
[HTTP] --> GET /wd/hub/session/1aa2745c-69ca-4535-b329-6d0ee7cccd74
[HTTP] {}
[HTTP] <-- GET /wd/hub/session/1aa2745c-69ca-4535-b329-6d0ee7cccd74 200 14 ms - 1167
[HTTP] 
[HTTP] --> GET /wd/hub/session/1aa2745c-69ca-4535-b329-6d0ee7cccd74
[HTTP] {}
[HTTP] <-- GET /wd/hub/session/1aa2745c-69ca-4535-b329-6d0ee7cccd74 200 12 ms - 1167
[HTTP] 
[HTTP] --> GET /wd/hub/session/1aa2745c-69ca-4535-b329-6d0ee7cccd74
[HTTP] {}
[HTTP] <-- GET /wd/hub/session/1aa2745c-69ca-4535-b329-6d0ee7cccd74 200 12 ms - 1167
[HTTP] 
[HTTP] --> GET /wd/hub/session/1aa2745c-69ca-4535-b329-6d0ee7cccd74/element/52c4a7dd-c77a-440a-8fad-63c179c10a67/location
[HTTP] {}
[W3C] Driver proxy active, passing request on via HTTP proxy
[JSONWP Proxy] Replacing sessionId cbcc611e-2268-4dfc-af6a-9145c46f7da7 with 1aa2745c-69ca-4535-b329-6d0ee7cccd74
[HTTP] <-- GET /wd/hub/session/1aa2745c-69ca-4535-b329-6d0ee7cccd74/element/52c4a7dd-c77a-440a-8fad-63c179c10a67/location 200 33 ms - 89
[HTTP] 
[HTTP] --> GET /wd/hub/session/1aa2745c-69ca-4535-b329-6d0ee7cccd74/element/52c4a7dd-c77a-440a-8fad-63c179c10a67/text
[HTTP] {}
[W3C] Driver proxy active, passing request on via HTTP proxy
[JSONWP Proxy] Replacing sessionId cbcc611e-2268-4dfc-af6a-9145c46f7da7 with 1aa2745c-69ca-4535-b329-6d0ee7cccd74
[HTTP] <-- GET /wd/hub/session/1aa2745c-69ca-4535-b329-6d0ee7cccd74/element/52c4a7dd-c77a-440a-8fad-63c179c10a67/text 200 59 ms - 93
[HTTP] 
[HTTP] --> GET /wd/hub/session/1aa2745c-69ca-4535-b329-6d0ee7cccd74/window/current/size
[HTTP] {}
[W3C] Driver proxy active, passing request on via HTTP proxy
[JSONWP Proxy] Replacing sessionId cbcc611e-2268-4dfc-af6a-9145c46f7da7 with 1aa2745c-69ca-4535-b329-6d0ee7cccd74
[HTTP] <-- GET /wd/hub/session/1aa2745c-69ca-4535-b329-6d0ee7cccd74/window/current/size 200 12 ms - 100
[HTTP] 
[HTTP] --> POST /wd/hub/session/1aa2745c-69ca-4535-b329-6d0ee7cccd74/elements
[HTTP] {"using":"-android uiautomator","value":"new UiSelector().className(\"android.widget.EditText\").resourceId(\"id.co.fundtastic.client:id/et_otp\").instance(0)"}
[HTTP] <-- POST /wd/hub/session/1aa2745c-69ca-4535-b329-6d0ee7cccd74/elements 200 225 ms - 124
[HTTP] 
[HTTP] --> GET /wd/hub/session/1aa2745c-69ca-4535-b329-6d0ee7cccd74
[HTTP] {}
[HTTP] <-- GET /wd/hub/session/1aa2745c-69ca-4535-b329-6d0ee7cccd74 200 16 ms - 1167
[HTTP] 
[HTTP] --> GET /wd/hub/session/1aa2745c-69ca-4535-b329-6d0ee7cccd74
[HTTP] {}
[HTTP] <-- GET /wd/hub/session/1aa2745c-69ca-4535-b329-6d0ee7cccd74 200 17 ms - 1167
[HTTP] 
[HTTP] --> GET /wd/hub/session/1aa2745c-69ca-4535-b329-6d0ee7cccd74
[HTTP] {}
[HTTP] <-- GET /wd/hub/session/1aa2745c-69ca-4535-b329-6d0ee7cccd74 200 13 ms - 1167
[HTTP] 
[HTTP] --> GET /wd/hub/session/1aa2745c-69ca-4535-b329-6d0ee7cccd74
[HTTP] {}
[HTTP] <-- GET /wd/hub/session/1aa2745c-69ca-4535-b329-6d0ee7cccd74 200 14 ms - 1167
[HTTP] 
[HTTP] --> GET /wd/hub/session/1aa2745c-69ca-4535-b329-6d0ee7cccd74/element/5d7e8f33-27f0-4c6f-a828-3c2e233bfd79/location
[HTTP] {}
[W3C] Driver proxy active, passing request on via HTTP proxy
[JSONWP Proxy] Replacing sessionId cbcc611e-2268-4dfc-af6a-9145c46f7da7 with 1aa2745c-69ca-4535-b329-6d0ee7cccd74
[HTTP] <-- GET /wd/hub/session/1aa2745c-69ca-4535-b329-6d0ee7cccd74/element/5d7e8f33-27f0-4c6f-a828-3c2e233bfd79/location 200 26 ms - 89
[HTTP] 
[HTTP] --> POST /wd/hub/session/1aa2745c-69ca-4535-b329-6d0ee7cccd74/touch/perform
[HTTP] {"actions":[{"action":"tap","options":{"element":"5d7e8f33-27f0-4c6f-a828-3c2e233bfd79","x":1,"y":1}}]}
[UiAutomator2] calling get location: 5d7e8f33-27f0-4c6f-a828-3c2e233bfd79
[HTTP] <-- POST /wd/hub/session/1aa2745c-69ca-4535-b329-6d0ee7cccd74/touch/perform 200 851 ms - 76
[HTTP] 
[HTTP] --> GET /wd/hub/session/1aa2745c-69ca-4535-b329-6d0ee7cccd74/window/current/size
[HTTP] {}
[W3C] Driver proxy active, passing request on via HTTP proxy
[JSONWP Proxy] Replacing sessionId cbcc611e-2268-4dfc-af6a-9145c46f7da7 with 1aa2745c-69ca-4535-b329-6d0ee7cccd74
[HTTP] <-- GET /wd/hub/session/1aa2745c-69ca-4535-b329-6d0ee7cccd74/window/current/size 200 19 ms - 100
[HTTP] 
[HTTP] --> POST /wd/hub/session/1aa2745c-69ca-4535-b329-6d0ee7cccd74/elements
[HTTP] {"using":"-android uiautomator","value":"new UiSelector().className(\"android.widget.EditText\").resourceId(\"id.co.fundtastic.client:id/et_otp\").instance(0)"}
[HTTP] <-- POST /wd/hub/session/1aa2745c-69ca-4535-b329-6d0ee7cccd74/elements 200 35 ms - 124
[HTTP] 
[HTTP] --> GET /wd/hub/session/1aa2745c-69ca-4535-b329-6d0ee7cccd74
[HTTP] {}
[HTTP] <-- GET /wd/hub/session/1aa2745c-69ca-4535-b329-6d0ee7cccd74 200 13 ms - 1167
[HTTP] 
[HTTP] --> GET /wd/hub/session/1aa2745c-69ca-4535-b329-6d0ee7cccd74
[HTTP] {}
[HTTP] <-- GET /wd/hub/session/1aa2745c-69ca-4535-b329-6d0ee7cccd74 200 12 ms - 1167
[HTTP] 
[HTTP] --> GET /wd/hub/session/1aa2745c-69ca-4535-b329-6d0ee7cccd74
[HTTP] {}
[HTTP] <-- GET /wd/hub/session/1aa2745c-69ca-4535-b329-6d0ee7cccd74 200 13 ms - 1167
[HTTP] 
[HTTP] --> GET /wd/hub/session/1aa2745c-69ca-4535-b329-6d0ee7cccd74
[HTTP] {}
[HTTP] <-- GET /wd/hub/session/1aa2745c-69ca-4535-b329-6d0ee7cccd74 200 16 ms - 1167
[HTTP] 
[HTTP] --> GET /wd/hub/session/1aa2745c-69ca-4535-b329-6d0ee7cccd74/element/a0b2b121-ccdd-4284-afd3-5c252689d348/location
[HTTP] {}
[W3C] Driver proxy active, passing request on via HTTP proxy
[JSONWP Proxy] Replacing sessionId cbcc611e-2268-4dfc-af6a-9145c46f7da7 with 1aa2745c-69ca-4535-b329-6d0ee7cccd74
[HTTP] <-- GET /wd/hub/session/1aa2745c-69ca-4535-b329-6d0ee7cccd74/element/a0b2b121-ccdd-4284-afd3-5c252689d348/location 200 39 ms - 89
[HTTP] 
[HTTP] --> POST /wd/hub/session/1aa2745c-69ca-4535-b329-6d0ee7cccd74/element/a0b2b121-ccdd-4284-afd3-5c252689d348/clear
[HTTP] {"id":"a0b2b121-ccdd-4284-afd3-5c252689d348"}
[HTTP] <-- POST /wd/hub/session/1aa2745c-69ca-4535-b329-6d0ee7cccd74/element/a0b2b121-ccdd-4284-afd3-5c252689d348/clear 200 63 ms - 89
[HTTP] 
[HTTP] --> POST /wd/hub/session/1aa2745c-69ca-4535-b329-6d0ee7cccd74/element/a0b2b121-ccdd-4284-afd3-5c252689d348/value
[HTTP] {"id":"a0b2b121-ccdd-4284-afd3-5c252689d348","value":["8888"]}
[HTTP] <-- POST /wd/hub/session/1aa2745c-69ca-4535-b329-6d0ee7cccd74/element/a0b2b121-ccdd-4284-afd3-5c252689d348/value 200 791 ms - 74
[HTTP] 
[HTTP] --> GET /wd/hub/session/1aa2745c-69ca-4535-b329-6d0ee7cccd74/window/current/size
[HTTP] {}
[W3C] Driver proxy active, passing request on via HTTP proxy
[JSONWP Proxy] Replacing sessionId cbcc611e-2268-4dfc-af6a-9145c46f7da7 with 1aa2745c-69ca-4535-b329-6d0ee7cccd74
[HTTP] <-- GET /wd/hub/session/1aa2745c-69ca-4535-b329-6d0ee7cccd74/window/current/size 200 43 ms - 100
[HTTP] 
[HTTP] --> POST /wd/hub/session/1aa2745c-69ca-4535-b329-6d0ee7cccd74/elements
[HTTP] {"using":"-android uiautomator","value":"new UiSelector().className(\"android.widget.Button\").text(\"Verifikasi Sekarang\").resourceId(\"id.co.fundtastic.client:id/btnVerified\").instance(0)"}
[HTTP] <-- POST /wd/hub/session/1aa2745c-69ca-4535-b329-6d0ee7cccd74/elements 200 889 ms - 124
[HTTP] 
[HTTP] --> GET /wd/hub/session/1aa2745c-69ca-4535-b329-6d0ee7cccd74
[HTTP] {}
[HTTP] <-- GET /wd/hub/session/1aa2745c-69ca-4535-b329-6d0ee7cccd74 200 12 ms - 1167
[HTTP] 
[HTTP] --> GET /wd/hub/session/1aa2745c-69ca-4535-b329-6d0ee7cccd74
[HTTP] {}
[HTTP] <-- GET /wd/hub/session/1aa2745c-69ca-4535-b329-6d0ee7cccd74 200 15 ms - 1167
[HTTP] 
[HTTP] --> GET /wd/hub/session/1aa2745c-69ca-4535-b329-6d0ee7cccd74
[HTTP] {}
[HTTP] <-- GET /wd/hub/session/1aa2745c-69ca-4535-b329-6d0ee7cccd74 200 19 ms - 1167
[HTTP] 
[HTTP] --> GET /wd/hub/session/1aa2745c-69ca-4535-b329-6d0ee7cccd74
[HTTP] {}
[HTTP] <-- GET /wd/hub/session/1aa2745c-69ca-4535-b329-6d0ee7cccd74 200 24 ms - 1167
[HTTP] 
[HTTP] --> GET /wd/hub/session/1aa2745c-69ca-4535-b329-6d0ee7cccd74/element/5eca342e-cf53-476f-945f-6b8af0d5c948/location
[HTTP] {}
[W3C] Driver proxy active, passing request on via HTTP proxy
[JSONWP Proxy] Replacing sessionId cbcc611e-2268-4dfc-af6a-9145c46f7da7 with 1aa2745c-69ca-4535-b329-6d0ee7cccd74
[HTTP] <-- GET /wd/hub/session/1aa2745c-69ca-4535-b329-6d0ee7cccd74/element/5eca342e-cf53-476f-945f-6b8af0d5c948/location 200 20 ms - 88
[HTTP] 
[HTTP] --> POST /wd/hub/session/1aa2745c-69ca-4535-b329-6d0ee7cccd74/touch/perform
[HTTP] {"actions":[{"action":"tap","options":{"element":"5eca342e-cf53-476f-945f-6b8af0d5c948","x":1,"y":1}}]}
[UiAutomator2] calling get location: 5eca342e-cf53-476f-945f-6b8af0d5c948
[HTTP] <-- POST /wd/hub/session/1aa2745c-69ca-4535-b329-6d0ee7cccd74/touch/perform 200 964 ms - 76
[HTTP] 
[HTTP] --> GET /wd/hub/session/1aa2745c-69ca-4535-b329-6d0ee7cccd74/window/current/size
[HTTP] {}
[W3C] Driver proxy active, passing request on via HTTP proxy
[JSONWP Proxy] Replacing sessionId cbcc611e-2268-4dfc-af6a-9145c46f7da7 with 1aa2745c-69ca-4535-b329-6d0ee7cccd74
[HTTP] <-- GET /wd/hub/session/1aa2745c-69ca-4535-b329-6d0ee7cccd74/window/current/size 200 17 ms - 100
[HTTP] 
[HTTP] --> POST /wd/hub/session/1aa2745c-69ca-4535-b329-6d0ee7cccd74/elements
[HTTP] {"using":"-android uiautomator","value":"new UiSelector().className(\"android.widget.ImageView\").instance(9)"}
[HTTP] <-- POST /wd/hub/session/1aa2745c-69ca-4535-b329-6d0ee7cccd74/elements 200 49 ms - 124
[HTTP] 
[HTTP] --> GET /wd/hub/session/1aa2745c-69ca-4535-b329-6d0ee7cccd74
[HTTP] {}
[HTTP] <-- GET /wd/hub/session/1aa2745c-69ca-4535-b329-6d0ee7cccd74 200 12 ms - 1167
[HTTP] 
[HTTP] --> GET /wd/hub/session/1aa2745c-69ca-4535-b329-6d0ee7cccd74
[HTTP] {}
[HTTP] <-- GET /wd/hub/session/1aa2745c-69ca-4535-b329-6d0ee7cccd74 200 16 ms - 1167
[HTTP] 
[HTTP] --> GET /wd/hub/session/1aa2745c-69ca-4535-b329-6d0ee7cccd74
[HTTP] {}
[HTTP] <-- GET /wd/hub/session/1aa2745c-69ca-4535-b329-6d0ee7cccd74 200 19 ms - 1167
[HTTP] 
[HTTP] --> GET /wd/hub/session/1aa2745c-69ca-4535-b329-6d0ee7cccd74
[HTTP] {}
[HTTP] <-- GET /wd/hub/session/1aa2745c-69ca-4535-b329-6d0ee7cccd74 200 22 ms - 1167
[HTTP] 
[HTTP] --> GET /wd/hub/session/1aa2745c-69ca-4535-b329-6d0ee7cccd74/element/af8a0eff-e69c-4bf4-9ce5-827c61d3e3ae/location
[HTTP] {}
[W3C] Driver proxy active, passing request on via HTTP proxy
[JSONWP Proxy] Replacing sessionId cbcc611e-2268-4dfc-af6a-9145c46f7da7 with 1aa2745c-69ca-4535-b329-6d0ee7cccd74
[HTTP] <-- GET /wd/hub/session/1aa2745c-69ca-4535-b329-6d0ee7cccd74/element/af8a0eff-e69c-4bf4-9ce5-827c61d3e3ae/location 200 25 ms - 90
[HTTP] 
[HTTP] --> POST /wd/hub/session/1aa2745c-69ca-4535-b329-6d0ee7cccd74/touch/perform
[HTTP] {"actions":[{"action":"tap","options":{"element":"af8a0eff-e69c-4bf4-9ce5-827c61d3e3ae","x":1,"y":1}}]}
[UiAutomator2] calling get location: af8a0eff-e69c-4bf4-9ce5-827c61d3e3ae
[HTTP] <-- POST /wd/hub/session/1aa2745c-69ca-4535-b329-6d0ee7cccd74/touch/perform 200 3161 ms - 76
[HTTP] 
[HTTP] --> GET /wd/hub/session/1aa2745c-69ca-4535-b329-6d0ee7cccd74/context
[HTTP] {}
[HTTP] <-- GET /wd/hub/session/1aa2745c-69ca-4535-b329-6d0ee7cccd74/context 200 2 ms - 84
[HTTP] 
[HTTP] --> GET /wd/hub/session/1aa2745c-69ca-4535-b329-6d0ee7cccd74/contexts
[HTTP] {}
[HTTP] <-- GET /wd/hub/session/1aa2745c-69ca-4535-b329-6d0ee7cccd74/contexts 200 91 ms - 164
[HTTP] 
[HTTP] --> POST /wd/hub/session/1aa2745c-69ca-4535-b329-6d0ee7cccd74/context
[HTTP] {"name":"NATIVE_APP"}
[HTTP] <-- POST /wd/hub/session/1aa2745c-69ca-4535-b329-6d0ee7cccd74/context 200 94 ms - 76
[HTTP] 
[HTTP] --> POST /wd/hub/session/1aa2745c-69ca-4535-b329-6d0ee7cccd74/touch/perform
[HTTP] {"actions":[{"action":"press","options":{"x":586,"y":1176}},{"action":"wait","options":{"ms":500}},{"action":"moveTo","options":{"x":582,"y":543}}]}
[HTTP] <-- POST /wd/hub/session/1aa2745c-69ca-4535-b329-6d0ee7cccd74/touch/perform 200 2055 ms - 76
[HTTP] 
[HTTP] --> POST /wd/hub/session/1aa2745c-69ca-4535-b329-6d0ee7cccd74/context
[HTTP] {"name":"NATIVE_APP"}
[HTTP] <-- POST /wd/hub/session/1aa2745c-69ca-4535-b329-6d0ee7cccd74/context 200 84 ms - 76
[HTTP] 
[HTTP] --> DELETE /wd/hub/session/1aa2745c-69ca-4535-b329-6d0ee7cccd74
[HTTP] {}
[Appium] Removing session 1aa2745c-69ca-4535-b329-6d0ee7cccd74 from our master session list
[ADB] id.co.fundtastic.client was successfully uninstalled
[HTTP] <-- DELETE /wd/hub/session/1aa2745c-69ca-4535-b329-6d0ee7cccd74 200 1424 ms - 76
[HTTP] 
