[Appium] Welcome to Appium v1.8.1
[Appium] Non-default server args:
[Appium]   port: 65449
[Appium]   loglevel: info
[Appium]   chromeDriverPort: 65450
[Appium]   tmpDir: /var/folders/ts/p6rxgpw53_d96xw60slkng7m0000gn/T//Katalon/Appium/Temp1562576172344
[Appium] Appium REST http interface listener started on 0.0.0.0:65449
[HTTP] --> GET /wd/hub/status
[HTTP] {}
[HTTP] <-- GET /wd/hub/status 200 32 ms - 83
[HTTP] 
[HTTP] --> POST /wd/hub/session
[HTTP] {"desiredCapabilities":{"app":"/Users/ustore/Downloads/Development.apk","autoGrantPermissions":true,"automationName":"uiautomator2","deviceName":"emulator-5554 (Android SDK built for x86 - Android 9)","fullReset":true,"newCommandTimeout":1800,"noReset":false,"platform":"ANDROID","platformName":"Android","udid":"emulator-5554"},"capabilities":{"desiredCapabilities":{"app":"/Users/ustore/Downloads/Development.apk","autoGrantPermissions":true,"automationName":"uiautomator2","deviceName":"emulator-5554 (Android SDK built for x86 - Android 9)","fullReset":true,"newCommandTimeout":1800,"noReset":false,"platform":"ANDROID","platformName":"Android","udid":"emulator-5554"},"firstMatch":[{"platformName":"android"}]}}
[Appium] Could not parse W3C capabilities: 'deviceName' can't be blank. Falling back to JSONWP protocol.
[Appium] The following capabilities were provided in the JSONWP desired capabilities that are missing in W3C capabilities: ["app","autoGrantPermissions","automationName","deviceName","fullReset","newCommandTimeout","noReset","platform","platformName","udid"]. Falling back to JSONWP protocol.
[Appium] Creating new AndroidUiautomator2Driver (v1.12.0) session
[Appium] Capabilities:
[Appium]   app: /Users/ustore/Downloads/Development.apk
[Appium]   autoGrantPermissions: true
[Appium]   automationName: uiautomator2
[Appium]   deviceName: emulator-5554 (Android SDK built for x86 - Android 9)
[Appium]   fullReset: true
[Appium]   newCommandTimeout: 1800
[Appium]   noReset: false
[Appium]   platform: ANDROID
[Appium]   platformName: Android
[Appium]   udid: emulator-5554
[BaseDriver] The following capabilities were provided, but are not recognized by appium: platform.
[BaseDriver] Session created with session id: 2a508d1c-d1f8-4bf3-88ed-8820f8d120c2
[BaseDriver] Using local app '/Users/ustore/Downloads/Development.apk'
[AndroidDriver] Java version is: 1.8.0_181
[ADB] Checking whether adb is present
[ADB] Found 1 'build-tools' folders under '/Users/ustore/.katalon/tools/android_sdk' (newest first):
[ADB]     /Users/ustore/.katalon/tools/android_sdk/build-tools/28.0.3
[ADB] Using adb from /Users/ustore/.katalon/tools/android_sdk/platform-tools/adb
[AndroidDriver] Retrieving device list
[AndroidDriver] Using device: emulator-5554
[ADB] Using the alternative activity name detection method because of: Could not find apkanalyzer in /Users/ustore/.katalon/tools/android_sdk/platform-tools/apkanalyzer,/Users/ustore/.katalon/tools/android_sdk/emulator/apkanalyzer,/Users/ustore/.katalon/tools/android_sdk/tools/apkanalyzer,/Users/ustore/.katalon/tools/android_sdk/tools/bin/apkanalyzer,/Users/ustore/.katalon/tools/android_sdk/build-tools/28.0.3/apkanalyzer. Do you have the Android SDK installed at '/Users/ustore/.katalon/tools/android_sdk'?
[ADB] Checking whether aapt is present
[ADB] Using aapt from /Users/ustore/.katalon/tools/android_sdk/build-tools/28.0.3/aapt
[ADB] Extracting package and launch activity from manifest
[ADB] Package name: 'id.co.fundtastic.client'
[ADB] Main activity name: 'id.co.fundtastic.client.splash.presentation.SplashActivity'
[ADB] Getting device platform version
[ADB] Using apksigner from /Users/ustore/.katalon/tools/android_sdk/build-tools/28.0.3/apksigner
[ADB] Cannot read version codes of '/usr/local/lib/node_modules/appium/node_modules/appium-uiautomator2-server/apks/appium-uiautomator2-server-debug-androidTest.apk' and/or 'io.appium.uiautomator2.server.test'
[ADB] Cannot read version names of '/usr/local/lib/node_modules/appium/node_modules/appium-uiautomator2-server/apks/appium-uiautomator2-server-debug-androidTest.apk' and/or 'io.appium.uiautomator2.server.test'. Assuming correct app version is already installed
[AndroidDriver] setDeviceLanguageCountry requires language or country.
[AndroidDriver] Got language: 'null' and country: 'null'
[ADB] Successfully extracted 194 strings from '/Users/ustore/Downloads/Development.apk' resources for '(default)' configuration
[ADB] id.co.fundtastic.client was not uninstalled, because it was not present on the device
[UiAutomator2] Starting uiautomator2 server 1.12.0
[UiAutomator2] Using UIAutomator2 server from '/usr/local/lib/node_modules/appium/node_modules/appium-uiautomator2-server/apks/appium-uiautomator2-server-v1.12.0.apk' and test from '/usr/local/lib/node_modules/appium/node_modules/appium-uiautomator2-server/apks/appium-uiautomator2-server-debug-androidTest.apk'
[UiAutomator2] Running command: 'adb -s emulator-5554 shell am instrument -w io.appium.uiautomator2.server.test/android.support.test.runner.AndroidJUnitRunner'
[UiAutomator2] Waiting up to 20000ms for UiAutomator2 to be online...
[AndroidDriver] Screen already unlocked, doing nothing
[UiAutomator2] UiAutomator2 did not start the activity we were waiting for, 'id.co.fundtastic.client/id.co.fundtastic.client.splash.presentation.SplashActivity'. Starting it ourselves
[Appium] New AndroidUiautomator2Driver session created successfully, session 2a508d1c-d1f8-4bf3-88ed-8820f8d120c2 added to master session list
[HTTP] <-- POST /wd/hub/session 200 17688 ms - 1167
[HTTP] 
[HTTP] --> GET /wd/hub/status
[HTTP] {}
[HTTP] <-- GET /wd/hub/status 200 35 ms - 55
[HTTP] 
[HTTP] --> POST /wd/hub/session/2a508d1c-d1f8-4bf3-88ed-8820f8d120c2/timeouts
[HTTP] {"type":"implicit","ms":30000}
[HTTP] <-- POST /wd/hub/session/2a508d1c-d1f8-4bf3-88ed-8820f8d120c2/timeouts 400 30 ms - 4196
[HTTP] 
[HTTP] --> GET /wd/hub/session/2a508d1c-d1f8-4bf3-88ed-8820f8d120c2/window/current/size
[HTTP] {}
[W3C] Driver proxy active, passing request on via HTTP proxy
[JSONWP Proxy] Replacing sessionId ac02373f-5b3d-4ca5-8d70-9064a4bd70a3 with 2a508d1c-d1f8-4bf3-88ed-8820f8d120c2
[HTTP] <-- GET /wd/hub/session/2a508d1c-d1f8-4bf3-88ed-8820f8d120c2/window/current/size 200 123 ms - 100
[HTTP] 
[HTTP] --> POST /wd/hub/session/2a508d1c-d1f8-4bf3-88ed-8820f8d120c2/elements
[HTTP] {"using":"-android uiautomator","value":"new UiSelector().className(\"android.widget.TextView\").text(\"Mulailah berinvestasi untuk meraih mimpimu\").instance(0)"}
[HTTP] <-- POST /wd/hub/session/2a508d1c-d1f8-4bf3-88ed-8820f8d120c2/elements 200 98 ms - 74
[HTTP] 
[HTTP] --> POST /wd/hub/session/2a508d1c-d1f8-4bf3-88ed-8820f8d120c2/elements
[HTTP] {"using":"-android uiautomator","value":"new UiSelector().className(\"android.widget.TextView\").text(\"Mulailah berinvestasi untuk meraih mimpimu\").instance(0)"}
[HTTP] <-- POST /wd/hub/session/2a508d1c-d1f8-4bf3-88ed-8820f8d120c2/elements 200 53 ms - 74
[HTTP] 
[HTTP] --> POST /wd/hub/session/2a508d1c-d1f8-4bf3-88ed-8820f8d120c2/elements
[HTTP] {"using":"-android uiautomator","value":"new UiSelector().className(\"android.widget.TextView\").text(\"Mulailah berinvestasi untuk meraih mimpimu\").instance(0)"}
[HTTP] <-- POST /wd/hub/session/2a508d1c-d1f8-4bf3-88ed-8820f8d120c2/elements 200 56 ms - 74
[HTTP] 
[HTTP] --> POST /wd/hub/session/2a508d1c-d1f8-4bf3-88ed-8820f8d120c2/elements
[HTTP] {"using":"-android uiautomator","value":"new UiSelector().className(\"android.widget.TextView\").text(\"Mulailah berinvestasi untuk meraih mimpimu\").instance(0)"}
[HTTP] <-- POST /wd/hub/session/2a508d1c-d1f8-4bf3-88ed-8820f8d120c2/elements 200 134 ms - 74
[HTTP] 
[HTTP] --> POST /wd/hub/session/2a508d1c-d1f8-4bf3-88ed-8820f8d120c2/elements
[HTTP] {"using":"-android uiautomator","value":"new UiSelector().className(\"android.widget.TextView\").text(\"Mulailah berinvestasi untuk meraih mimpimu\").instance(0)"}
[HTTP] <-- POST /wd/hub/session/2a508d1c-d1f8-4bf3-88ed-8820f8d120c2/elements 200 691 ms - 74
[HTTP] 
[HTTP] --> POST /wd/hub/session/2a508d1c-d1f8-4bf3-88ed-8820f8d120c2/elements
[HTTP] {"using":"-android uiautomator","value":"new UiSelector().className(\"android.widget.TextView\").text(\"Mulailah berinvestasi untuk meraih mimpimu\").instance(0)"}
[HTTP] <-- POST /wd/hub/session/2a508d1c-d1f8-4bf3-88ed-8820f8d120c2/elements 200 1065 ms - 74
[HTTP] 
[HTTP] --> POST /wd/hub/session/2a508d1c-d1f8-4bf3-88ed-8820f8d120c2/elements
[HTTP] {"using":"-android uiautomator","value":"new UiSelector().className(\"android.widget.TextView\").text(\"Mulailah berinvestasi untuk meraih mimpimu\").instance(0)"}
[HTTP] <-- POST /wd/hub/session/2a508d1c-d1f8-4bf3-88ed-8820f8d120c2/elements 200 2075 ms - 124
[HTTP] 
[HTTP] --> GET /wd/hub/session/2a508d1c-d1f8-4bf3-88ed-8820f8d120c2
[HTTP] {}
[HTTP] <-- GET /wd/hub/session/2a508d1c-d1f8-4bf3-88ed-8820f8d120c2 200 55 ms - 1167
[HTTP] 
[HTTP] --> GET /wd/hub/session/2a508d1c-d1f8-4bf3-88ed-8820f8d120c2
[HTTP] {}
[HTTP] <-- GET /wd/hub/session/2a508d1c-d1f8-4bf3-88ed-8820f8d120c2 200 67 ms - 1167
[HTTP] 
[HTTP] --> GET /wd/hub/session/2a508d1c-d1f8-4bf3-88ed-8820f8d120c2
[HTTP] {}
[HTTP] <-- GET /wd/hub/session/2a508d1c-d1f8-4bf3-88ed-8820f8d120c2 200 48 ms - 1167
[HTTP] 
[HTTP] --> GET /wd/hub/session/2a508d1c-d1f8-4bf3-88ed-8820f8d120c2
[HTTP] {}
[HTTP] <-- GET /wd/hub/session/2a508d1c-d1f8-4bf3-88ed-8820f8d120c2 200 34 ms - 1167
[HTTP] 
[HTTP] --> GET /wd/hub/session/2a508d1c-d1f8-4bf3-88ed-8820f8d120c2/element/c21c6e89-e40e-4ea7-a0d6-687d9a01ae49/location
[HTTP] {}
[W3C] Driver proxy active, passing request on via HTTP proxy
[JSONWP Proxy] Replacing sessionId ac02373f-5b3d-4ca5-8d70-9064a4bd70a3 with 2a508d1c-d1f8-4bf3-88ed-8820f8d120c2
[HTTP] <-- GET /wd/hub/session/2a508d1c-d1f8-4bf3-88ed-8820f8d120c2/element/c21c6e89-e40e-4ea7-a0d6-687d9a01ae49/location 200 528 ms - 88
[HTTP] 
[HTTP] --> GET /wd/hub/session/2a508d1c-d1f8-4bf3-88ed-8820f8d120c2/element/c21c6e89-e40e-4ea7-a0d6-687d9a01ae49/text
[HTTP] {}
[W3C] Driver proxy active, passing request on via HTTP proxy
[JSONWP Proxy] Replacing sessionId ac02373f-5b3d-4ca5-8d70-9064a4bd70a3 with 2a508d1c-d1f8-4bf3-88ed-8820f8d120c2
[HTTP] <-- GET /wd/hub/session/2a508d1c-d1f8-4bf3-88ed-8820f8d120c2/element/c21c6e89-e40e-4ea7-a0d6-687d9a01ae49/text 200 1406 ms - 116
[HTTP] 
[HTTP] --> GET /wd/hub/session/2a508d1c-d1f8-4bf3-88ed-8820f8d120c2/window/current/size
[HTTP] {}
[W3C] Driver proxy active, passing request on via HTTP proxy
[JSONWP Proxy] Replacing sessionId ac02373f-5b3d-4ca5-8d70-9064a4bd70a3 with 2a508d1c-d1f8-4bf3-88ed-8820f8d120c2
[HTTP] <-- GET /wd/hub/session/2a508d1c-d1f8-4bf3-88ed-8820f8d120c2/window/current/size 200 53 ms - 100
[HTTP] 
[HTTP] --> POST /wd/hub/session/2a508d1c-d1f8-4bf3-88ed-8820f8d120c2/elements
[HTTP] {"using":"-android uiautomator","value":"new UiSelector().className(\"android.widget.ImageView\").resourceId(\"id.co.fundtastic.client:id/checklist\").instance(6)"}
[HTTP] <-- POST /wd/hub/session/2a508d1c-d1f8-4bf3-88ed-8820f8d120c2/elements 200 214 ms - 124
[HTTP] 
[HTTP] --> GET /wd/hub/session/2a508d1c-d1f8-4bf3-88ed-8820f8d120c2
[HTTP] {}
[HTTP] <-- GET /wd/hub/session/2a508d1c-d1f8-4bf3-88ed-8820f8d120c2 200 27 ms - 1167
[HTTP] 
[HTTP] --> GET /wd/hub/session/2a508d1c-d1f8-4bf3-88ed-8820f8d120c2
[HTTP] {}
[HTTP] <-- GET /wd/hub/session/2a508d1c-d1f8-4bf3-88ed-8820f8d120c2 200 27 ms - 1167
[HTTP] 
[HTTP] --> GET /wd/hub/session/2a508d1c-d1f8-4bf3-88ed-8820f8d120c2
[HTTP] {}
[HTTP] <-- GET /wd/hub/session/2a508d1c-d1f8-4bf3-88ed-8820f8d120c2 200 23 ms - 1167
[HTTP] 
[HTTP] --> GET /wd/hub/session/2a508d1c-d1f8-4bf3-88ed-8820f8d120c2
[HTTP] {}
[HTTP] <-- GET /wd/hub/session/2a508d1c-d1f8-4bf3-88ed-8820f8d120c2 200 63 ms - 1167
[HTTP] 
[HTTP] --> GET /wd/hub/session/2a508d1c-d1f8-4bf3-88ed-8820f8d120c2/element/82e65bac-b308-45b8-acba-bd01f9b7f48b/location
[HTTP] {}
[W3C] Driver proxy active, passing request on via HTTP proxy
[JSONWP Proxy] Replacing sessionId ac02373f-5b3d-4ca5-8d70-9064a4bd70a3 with 2a508d1c-d1f8-4bf3-88ed-8820f8d120c2
[HTTP] <-- GET /wd/hub/session/2a508d1c-d1f8-4bf3-88ed-8820f8d120c2/element/82e65bac-b308-45b8-acba-bd01f9b7f48b/location 200 167 ms - 90
[HTTP] 
[HTTP] --> POST /wd/hub/session/2a508d1c-d1f8-4bf3-88ed-8820f8d120c2/touch/perform
[HTTP] {"actions":[{"action":"tap","options":{"element":"82e65bac-b308-45b8-acba-bd01f9b7f48b","x":1,"y":1}}]}
[UiAutomator2] calling get location: 82e65bac-b308-45b8-acba-bd01f9b7f48b
[HTTP] <-- POST /wd/hub/session/2a508d1c-d1f8-4bf3-88ed-8820f8d120c2/touch/perform 200 2213 ms - 76
[HTTP] 
[HTTP] --> GET /wd/hub/session/2a508d1c-d1f8-4bf3-88ed-8820f8d120c2/window/current/size
[HTTP] {}
[W3C] Driver proxy active, passing request on via HTTP proxy
[JSONWP Proxy] Replacing sessionId ac02373f-5b3d-4ca5-8d70-9064a4bd70a3 with 2a508d1c-d1f8-4bf3-88ed-8820f8d120c2
[HTTP] <-- GET /wd/hub/session/2a508d1c-d1f8-4bf3-88ed-8820f8d120c2/window/current/size 200 39 ms - 100
[HTTP] 
[HTTP] --> POST /wd/hub/session/2a508d1c-d1f8-4bf3-88ed-8820f8d120c2/elements
[HTTP] {"using":"-android uiautomator","value":"new UiSelector().className(\"android.widget.LinearLayout\").instance(4)"}
[HTTP] <-- POST /wd/hub/session/2a508d1c-d1f8-4bf3-88ed-8820f8d120c2/elements 200 133 ms - 124
[HTTP] 
[HTTP] --> GET /wd/hub/session/2a508d1c-d1f8-4bf3-88ed-8820f8d120c2
[HTTP] {}
[HTTP] <-- GET /wd/hub/session/2a508d1c-d1f8-4bf3-88ed-8820f8d120c2 200 40 ms - 1167
[HTTP] 
[HTTP] --> GET /wd/hub/session/2a508d1c-d1f8-4bf3-88ed-8820f8d120c2
[HTTP] {}
[HTTP] <-- GET /wd/hub/session/2a508d1c-d1f8-4bf3-88ed-8820f8d120c2 200 32 ms - 1167
[HTTP] 
[HTTP] --> GET /wd/hub/session/2a508d1c-d1f8-4bf3-88ed-8820f8d120c2
[HTTP] {}
[HTTP] <-- GET /wd/hub/session/2a508d1c-d1f8-4bf3-88ed-8820f8d120c2 200 31 ms - 1167
[HTTP] 
[HTTP] --> GET /wd/hub/session/2a508d1c-d1f8-4bf3-88ed-8820f8d120c2
[HTTP] {}
[HTTP] <-- GET /wd/hub/session/2a508d1c-d1f8-4bf3-88ed-8820f8d120c2 200 30 ms - 1167
[HTTP] 
[HTTP] --> GET /wd/hub/session/2a508d1c-d1f8-4bf3-88ed-8820f8d120c2/element/1f4f38ed-3283-4787-8379-63da7bd6e80c/location
[HTTP] {}
[W3C] Driver proxy active, passing request on via HTTP proxy
[JSONWP Proxy] Replacing sessionId ac02373f-5b3d-4ca5-8d70-9064a4bd70a3 with 2a508d1c-d1f8-4bf3-88ed-8820f8d120c2
[HTTP] <-- GET /wd/hub/session/2a508d1c-d1f8-4bf3-88ed-8820f8d120c2/element/1f4f38ed-3283-4787-8379-63da7bd6e80c/location 200 59 ms - 87
[HTTP] 
[HTTP] --> POST /wd/hub/session/2a508d1c-d1f8-4bf3-88ed-8820f8d120c2/touch/perform
[HTTP] {"actions":[{"action":"tap","options":{"element":"1f4f38ed-3283-4787-8379-63da7bd6e80c","x":1,"y":1}}]}
[UiAutomator2] calling get location: 1f4f38ed-3283-4787-8379-63da7bd6e80c
[HTTP] <-- POST /wd/hub/session/2a508d1c-d1f8-4bf3-88ed-8820f8d120c2/touch/perform 200 890 ms - 76
[HTTP] 
[HTTP] --> GET /wd/hub/session/2a508d1c-d1f8-4bf3-88ed-8820f8d120c2/context
[HTTP] {}
[HTTP] <-- GET /wd/hub/session/2a508d1c-d1f8-4bf3-88ed-8820f8d120c2/context 200 2 ms - 84
[HTTP] 
[HTTP] --> GET /wd/hub/session/2a508d1c-d1f8-4bf3-88ed-8820f8d120c2/contexts
[HTTP] {}
[HTTP] <-- GET /wd/hub/session/2a508d1c-d1f8-4bf3-88ed-8820f8d120c2/contexts 200 69 ms - 127
[HTTP] 
[HTTP] --> POST /wd/hub/session/2a508d1c-d1f8-4bf3-88ed-8820f8d120c2/context
[HTTP] {"name":"NATIVE_APP"}
[HTTP] <-- POST /wd/hub/session/2a508d1c-d1f8-4bf3-88ed-8820f8d120c2/context 200 41 ms - 76
[HTTP] 
[HTTP] --> POST /wd/hub/session/2a508d1c-d1f8-4bf3-88ed-8820f8d120c2/touch/perform
[HTTP] {"actions":[{"action":"press","options":{"x":800,"y":1000}},{"action":"wait","options":{"ms":500}},{"action":"moveTo","options":{"x":10,"y":800}}]}
[HTTP] <-- POST /wd/hub/session/2a508d1c-d1f8-4bf3-88ed-8820f8d120c2/touch/perform 200 2116 ms - 76
[HTTP] 
[HTTP] --> POST /wd/hub/session/2a508d1c-d1f8-4bf3-88ed-8820f8d120c2/context
[HTTP] {"name":"NATIVE_APP"}
[HTTP] <-- POST /wd/hub/session/2a508d1c-d1f8-4bf3-88ed-8820f8d120c2/context 200 44 ms - 76
[HTTP] 
[HTTP] --> GET /wd/hub/session/2a508d1c-d1f8-4bf3-88ed-8820f8d120c2/window/current/size
[HTTP] {}
[W3C] Driver proxy active, passing request on via HTTP proxy
[JSONWP Proxy] Replacing sessionId ac02373f-5b3d-4ca5-8d70-9064a4bd70a3 with 2a508d1c-d1f8-4bf3-88ed-8820f8d120c2
[HTTP] <-- GET /wd/hub/session/2a508d1c-d1f8-4bf3-88ed-8820f8d120c2/window/current/size 200 24 ms - 100
[HTTP] 
[HTTP] --> POST /wd/hub/session/2a508d1c-d1f8-4bf3-88ed-8820f8d120c2/elements
[HTTP] {"using":"-android uiautomator","value":"new UiSelector().className(\"android.widget.LinearLayout\").instance(4)"}
[HTTP] <-- POST /wd/hub/session/2a508d1c-d1f8-4bf3-88ed-8820f8d120c2/elements 200 79 ms - 124
[HTTP] 
[HTTP] --> GET /wd/hub/session/2a508d1c-d1f8-4bf3-88ed-8820f8d120c2
[HTTP] {}
[HTTP] <-- GET /wd/hub/session/2a508d1c-d1f8-4bf3-88ed-8820f8d120c2 200 35 ms - 1284
[HTTP] 
[HTTP] --> GET /wd/hub/session/2a508d1c-d1f8-4bf3-88ed-8820f8d120c2
[HTTP] {}
[HTTP] <-- GET /wd/hub/session/2a508d1c-d1f8-4bf3-88ed-8820f8d120c2 200 18 ms - 1284
[HTTP] 
[HTTP] --> GET /wd/hub/session/2a508d1c-d1f8-4bf3-88ed-8820f8d120c2
[HTTP] {}
[HTTP] <-- GET /wd/hub/session/2a508d1c-d1f8-4bf3-88ed-8820f8d120c2 200 37 ms - 1284
[HTTP] 
[HTTP] --> GET /wd/hub/session/2a508d1c-d1f8-4bf3-88ed-8820f8d120c2
[HTTP] {}
[HTTP] <-- GET /wd/hub/session/2a508d1c-d1f8-4bf3-88ed-8820f8d120c2 200 23 ms - 1284
[HTTP] 
[HTTP] --> GET /wd/hub/session/2a508d1c-d1f8-4bf3-88ed-8820f8d120c2/element/917c40d4-76c9-42e9-b786-54fef5ee48a8/location
[HTTP] {}
[W3C] Driver proxy active, passing request on via HTTP proxy
[JSONWP Proxy] Replacing sessionId ac02373f-5b3d-4ca5-8d70-9064a4bd70a3 with 2a508d1c-d1f8-4bf3-88ed-8820f8d120c2
[HTTP] <-- GET /wd/hub/session/2a508d1c-d1f8-4bf3-88ed-8820f8d120c2/element/917c40d4-76c9-42e9-b786-54fef5ee48a8/location 200 42 ms - 87
[HTTP] 
[HTTP] --> POST /wd/hub/session/2a508d1c-d1f8-4bf3-88ed-8820f8d120c2/touch/perform
[HTTP] {"actions":[{"action":"tap","options":{"element":"917c40d4-76c9-42e9-b786-54fef5ee48a8","x":1,"y":1}}]}
[UiAutomator2] calling get location: 917c40d4-76c9-42e9-b786-54fef5ee48a8
[HTTP] <-- POST /wd/hub/session/2a508d1c-d1f8-4bf3-88ed-8820f8d120c2/touch/perform 200 1123 ms - 76
[HTTP] 
[HTTP] --> GET /wd/hub/session/2a508d1c-d1f8-4bf3-88ed-8820f8d120c2/context
[HTTP] {}
[HTTP] <-- GET /wd/hub/session/2a508d1c-d1f8-4bf3-88ed-8820f8d120c2/context 200 3 ms - 84
[HTTP] 
[HTTP] --> GET /wd/hub/session/2a508d1c-d1f8-4bf3-88ed-8820f8d120c2/contexts
[HTTP] {}
[HTTP] <-- GET /wd/hub/session/2a508d1c-d1f8-4bf3-88ed-8820f8d120c2/contexts 200 48 ms - 127
[HTTP] 
[HTTP] --> POST /wd/hub/session/2a508d1c-d1f8-4bf3-88ed-8820f8d120c2/context
[HTTP] {"name":"NATIVE_APP"}
[HTTP] <-- POST /wd/hub/session/2a508d1c-d1f8-4bf3-88ed-8820f8d120c2/context 200 47 ms - 76
[HTTP] 
[HTTP] --> POST /wd/hub/session/2a508d1c-d1f8-4bf3-88ed-8820f8d120c2/touch/perform
[HTTP] {"actions":[{"action":"press","options":{"x":800,"y":1000}},{"action":"wait","options":{"ms":500}},{"action":"moveTo","options":{"x":10,"y":800}}]}
[HTTP] <-- POST /wd/hub/session/2a508d1c-d1f8-4bf3-88ed-8820f8d120c2/touch/perform 200 2078 ms - 76
[HTTP] 
[HTTP] --> POST /wd/hub/session/2a508d1c-d1f8-4bf3-88ed-8820f8d120c2/context
[HTTP] {"name":"NATIVE_APP"}
[HTTP] <-- POST /wd/hub/session/2a508d1c-d1f8-4bf3-88ed-8820f8d120c2/context 200 47 ms - 76
[HTTP] 
[HTTP] --> GET /wd/hub/session/2a508d1c-d1f8-4bf3-88ed-8820f8d120c2/window/current/size
[HTTP] {}
[W3C] Driver proxy active, passing request on via HTTP proxy
[JSONWP Proxy] Replacing sessionId ac02373f-5b3d-4ca5-8d70-9064a4bd70a3 with 2a508d1c-d1f8-4bf3-88ed-8820f8d120c2
[HTTP] <-- GET /wd/hub/session/2a508d1c-d1f8-4bf3-88ed-8820f8d120c2/window/current/size 200 24 ms - 100
[HTTP] 
[HTTP] --> POST /wd/hub/session/2a508d1c-d1f8-4bf3-88ed-8820f8d120c2/elements
[HTTP] {"using":"-android uiautomator","value":"new UiSelector().className(\"android.widget.LinearLayout\").instance(4)"}
[HTTP] <-- POST /wd/hub/session/2a508d1c-d1f8-4bf3-88ed-8820f8d120c2/elements 200 100 ms - 124
[HTTP] 
[HTTP] --> GET /wd/hub/session/2a508d1c-d1f8-4bf3-88ed-8820f8d120c2
[HTTP] {}
[HTTP] <-- GET /wd/hub/session/2a508d1c-d1f8-4bf3-88ed-8820f8d120c2 200 26 ms - 1284
[HTTP] 
[HTTP] --> GET /wd/hub/session/2a508d1c-d1f8-4bf3-88ed-8820f8d120c2
[HTTP] {}
[HTTP] <-- GET /wd/hub/session/2a508d1c-d1f8-4bf3-88ed-8820f8d120c2 200 22 ms - 1284
[HTTP] 
[HTTP] --> GET /wd/hub/session/2a508d1c-d1f8-4bf3-88ed-8820f8d120c2
[HTTP] {}
[HTTP] <-- GET /wd/hub/session/2a508d1c-d1f8-4bf3-88ed-8820f8d120c2 200 18 ms - 1284
[HTTP] 
[HTTP] --> GET /wd/hub/session/2a508d1c-d1f8-4bf3-88ed-8820f8d120c2
[HTTP] {}
[HTTP] <-- GET /wd/hub/session/2a508d1c-d1f8-4bf3-88ed-8820f8d120c2 200 18 ms - 1284
[HTTP] 
[HTTP] --> GET /wd/hub/session/2a508d1c-d1f8-4bf3-88ed-8820f8d120c2/element/c2d1a8e1-cdf5-4ee7-87bd-c681be0fcc45/location
[HTTP] {}
[W3C] Driver proxy active, passing request on via HTTP proxy
[JSONWP Proxy] Replacing sessionId ac02373f-5b3d-4ca5-8d70-9064a4bd70a3 with 2a508d1c-d1f8-4bf3-88ed-8820f8d120c2
[HTTP] <-- GET /wd/hub/session/2a508d1c-d1f8-4bf3-88ed-8820f8d120c2/element/c2d1a8e1-cdf5-4ee7-87bd-c681be0fcc45/location 200 47 ms - 87
[HTTP] 
[HTTP] --> POST /wd/hub/session/2a508d1c-d1f8-4bf3-88ed-8820f8d120c2/touch/perform
[HTTP] {"actions":[{"action":"tap","options":{"element":"c2d1a8e1-cdf5-4ee7-87bd-c681be0fcc45","x":1,"y":1}}]}
[UiAutomator2] calling get location: c2d1a8e1-cdf5-4ee7-87bd-c681be0fcc45
[HTTP] <-- POST /wd/hub/session/2a508d1c-d1f8-4bf3-88ed-8820f8d120c2/touch/perform 200 1058 ms - 76
[HTTP] 
[HTTP] --> GET /wd/hub/session/2a508d1c-d1f8-4bf3-88ed-8820f8d120c2/context
[HTTP] {}
[HTTP] <-- GET /wd/hub/session/2a508d1c-d1f8-4bf3-88ed-8820f8d120c2/context 200 2 ms - 84
[HTTP] 
[HTTP] --> GET /wd/hub/session/2a508d1c-d1f8-4bf3-88ed-8820f8d120c2/contexts
[HTTP] {}
[HTTP] <-- GET /wd/hub/session/2a508d1c-d1f8-4bf3-88ed-8820f8d120c2/contexts 200 48 ms - 127
[HTTP] 
[HTTP] --> POST /wd/hub/session/2a508d1c-d1f8-4bf3-88ed-8820f8d120c2/context
[HTTP] {"name":"NATIVE_APP"}
[HTTP] <-- POST /wd/hub/session/2a508d1c-d1f8-4bf3-88ed-8820f8d120c2/context 200 44 ms - 76
[HTTP] 
[HTTP] --> POST /wd/hub/session/2a508d1c-d1f8-4bf3-88ed-8820f8d120c2/touch/perform
[HTTP] {"actions":[{"action":"press","options":{"x":800,"y":1000}},{"action":"wait","options":{"ms":500}},{"action":"moveTo","options":{"x":10,"y":800}}]}
[HTTP] <-- POST /wd/hub/session/2a508d1c-d1f8-4bf3-88ed-8820f8d120c2/touch/perform 200 2088 ms - 76
[HTTP] 
[HTTP] --> POST /wd/hub/session/2a508d1c-d1f8-4bf3-88ed-8820f8d120c2/context
[HTTP] {"name":"NATIVE_APP"}
[HTTP] <-- POST /wd/hub/session/2a508d1c-d1f8-4bf3-88ed-8820f8d120c2/context 200 113 ms - 76
[HTTP] 
[HTTP] --> GET /wd/hub/session/2a508d1c-d1f8-4bf3-88ed-8820f8d120c2/window/current/size
[HTTP] {}
[W3C] Driver proxy active, passing request on via HTTP proxy
[JSONWP Proxy] Replacing sessionId ac02373f-5b3d-4ca5-8d70-9064a4bd70a3 with 2a508d1c-d1f8-4bf3-88ed-8820f8d120c2
[HTTP] <-- GET /wd/hub/session/2a508d1c-d1f8-4bf3-88ed-8820f8d120c2/window/current/size 200 54 ms - 100
[HTTP] 
[HTTP] --> POST /wd/hub/session/2a508d1c-d1f8-4bf3-88ed-8820f8d120c2/elements
[HTTP] {"using":"-android uiautomator","value":"new UiSelector().className(\"android.widget.LinearLayout\").instance(4)"}
[HTTP] <-- POST /wd/hub/session/2a508d1c-d1f8-4bf3-88ed-8820f8d120c2/elements 200 205 ms - 124
[HTTP] 
[HTTP] --> GET /wd/hub/session/2a508d1c-d1f8-4bf3-88ed-8820f8d120c2
[HTTP] {}
[HTTP] <-- GET /wd/hub/session/2a508d1c-d1f8-4bf3-88ed-8820f8d120c2 200 47 ms - 1167
[HTTP] 
[HTTP] --> GET /wd/hub/session/2a508d1c-d1f8-4bf3-88ed-8820f8d120c2
[HTTP] {}
[HTTP] <-- GET /wd/hub/session/2a508d1c-d1f8-4bf3-88ed-8820f8d120c2 200 118 ms - 1167
[HTTP] 
[HTTP] --> GET /wd/hub/session/2a508d1c-d1f8-4bf3-88ed-8820f8d120c2
[HTTP] {}
[HTTP] <-- GET /wd/hub/session/2a508d1c-d1f8-4bf3-88ed-8820f8d120c2 200 85 ms - 1167
[HTTP] 
[HTTP] --> GET /wd/hub/session/2a508d1c-d1f8-4bf3-88ed-8820f8d120c2
[HTTP] {}
[HTTP] <-- GET /wd/hub/session/2a508d1c-d1f8-4bf3-88ed-8820f8d120c2 200 83 ms - 1167
[HTTP] 
[HTTP] --> GET /wd/hub/session/2a508d1c-d1f8-4bf3-88ed-8820f8d120c2/element/9ff2a0f0-db5a-4eab-a499-99a43f7ba1a1/location
[HTTP] {}
[W3C] Driver proxy active, passing request on via HTTP proxy
[JSONWP Proxy] Replacing sessionId ac02373f-5b3d-4ca5-8d70-9064a4bd70a3 with 2a508d1c-d1f8-4bf3-88ed-8820f8d120c2
[HTTP] <-- GET /wd/hub/session/2a508d1c-d1f8-4bf3-88ed-8820f8d120c2/element/9ff2a0f0-db5a-4eab-a499-99a43f7ba1a1/location 200 122 ms - 88
[HTTP] 
[HTTP] --> POST /wd/hub/session/2a508d1c-d1f8-4bf3-88ed-8820f8d120c2/touch/perform
[HTTP] {"actions":[{"action":"tap","options":{"element":"9ff2a0f0-db5a-4eab-a499-99a43f7ba1a1","x":1,"y":1}}]}
[UiAutomator2] calling get location: 9ff2a0f0-db5a-4eab-a499-99a43f7ba1a1
[HTTP] <-- POST /wd/hub/session/2a508d1c-d1f8-4bf3-88ed-8820f8d120c2/touch/perform 200 3351 ms - 76
[HTTP] 
[HTTP] --> GET /wd/hub/session/2a508d1c-d1f8-4bf3-88ed-8820f8d120c2/context
[HTTP] {}
[HTTP] <-- GET /wd/hub/session/2a508d1c-d1f8-4bf3-88ed-8820f8d120c2/context 200 2 ms - 84
[HTTP] 
[HTTP] --> GET /wd/hub/session/2a508d1c-d1f8-4bf3-88ed-8820f8d120c2/contexts
[HTTP] {}
[HTTP] <-- GET /wd/hub/session/2a508d1c-d1f8-4bf3-88ed-8820f8d120c2/contexts 200 45 ms - 127
[HTTP] 
[HTTP] --> POST /wd/hub/session/2a508d1c-d1f8-4bf3-88ed-8820f8d120c2/context
[HTTP] {"name":"NATIVE_APP"}
[HTTP] <-- POST /wd/hub/session/2a508d1c-d1f8-4bf3-88ed-8820f8d120c2/context 200 41 ms - 76
[HTTP] 
[HTTP] --> POST /wd/hub/session/2a508d1c-d1f8-4bf3-88ed-8820f8d120c2/touch/perform
[HTTP] {"actions":[{"action":"press","options":{"x":800,"y":1000}},{"action":"wait","options":{"ms":500}},{"action":"moveTo","options":{"x":10,"y":800}}]}
[HTTP] <-- POST /wd/hub/session/2a508d1c-d1f8-4bf3-88ed-8820f8d120c2/touch/perform 200 2091 ms - 76
[HTTP] 
[HTTP] --> POST /wd/hub/session/2a508d1c-d1f8-4bf3-88ed-8820f8d120c2/context
[HTTP] {"name":"NATIVE_APP"}
[HTTP] <-- POST /wd/hub/session/2a508d1c-d1f8-4bf3-88ed-8820f8d120c2/context 200 151 ms - 76
[HTTP] 
[HTTP] --> GET /wd/hub/session/2a508d1c-d1f8-4bf3-88ed-8820f8d120c2/window/current/size
[HTTP] {}
[W3C] Driver proxy active, passing request on via HTTP proxy
[JSONWP Proxy] Replacing sessionId ac02373f-5b3d-4ca5-8d70-9064a4bd70a3 with 2a508d1c-d1f8-4bf3-88ed-8820f8d120c2
[HTTP] <-- GET /wd/hub/session/2a508d1c-d1f8-4bf3-88ed-8820f8d120c2/window/current/size 200 57 ms - 100
[HTTP] 
[HTTP] --> POST /wd/hub/session/2a508d1c-d1f8-4bf3-88ed-8820f8d120c2/elements
[HTTP] {"using":"-android uiautomator","value":"new UiSelector().className(\"android.widget.EditText\").text(\"No Handphone\").resourceId(\"id.co.fundtastic.client:id/et_phone\").instance(0)"}
[HTTP] <-- POST /wd/hub/session/2a508d1c-d1f8-4bf3-88ed-8820f8d120c2/elements 200 256 ms - 124
[HTTP] 
[HTTP] --> GET /wd/hub/session/2a508d1c-d1f8-4bf3-88ed-8820f8d120c2
[HTTP] {}
[HTTP] <-- GET /wd/hub/session/2a508d1c-d1f8-4bf3-88ed-8820f8d120c2 200 46 ms - 1167
[HTTP] 
[HTTP] --> GET /wd/hub/session/2a508d1c-d1f8-4bf3-88ed-8820f8d120c2
[HTTP] {}
[HTTP] <-- GET /wd/hub/session/2a508d1c-d1f8-4bf3-88ed-8820f8d120c2 200 43 ms - 1167
[HTTP] 
[HTTP] --> GET /wd/hub/session/2a508d1c-d1f8-4bf3-88ed-8820f8d120c2
[HTTP] {}
[HTTP] <-- GET /wd/hub/session/2a508d1c-d1f8-4bf3-88ed-8820f8d120c2 200 48 ms - 1167
[HTTP] 
[HTTP] --> GET /wd/hub/session/2a508d1c-d1f8-4bf3-88ed-8820f8d120c2
[HTTP] {}
[HTTP] <-- GET /wd/hub/session/2a508d1c-d1f8-4bf3-88ed-8820f8d120c2 200 51 ms - 1167
[HTTP] 
[HTTP] --> GET /wd/hub/session/2a508d1c-d1f8-4bf3-88ed-8820f8d120c2/element/5007a534-4ffd-49cb-ade8-f62e0d131c27/location
[HTTP] {}
[W3C] Driver proxy active, passing request on via HTTP proxy
[JSONWP Proxy] Replacing sessionId ac02373f-5b3d-4ca5-8d70-9064a4bd70a3 with 2a508d1c-d1f8-4bf3-88ed-8820f8d120c2
[HTTP] <-- GET /wd/hub/session/2a508d1c-d1f8-4bf3-88ed-8820f8d120c2/element/5007a534-4ffd-49cb-ade8-f62e0d131c27/location 200 99 ms - 88
[HTTP] 
[HTTP] --> POST /wd/hub/session/2a508d1c-d1f8-4bf3-88ed-8820f8d120c2/element/5007a534-4ffd-49cb-ade8-f62e0d131c27/clear
[HTTP] {"id":"5007a534-4ffd-49cb-ade8-f62e0d131c27"}
[HTTP] <-- POST /wd/hub/session/2a508d1c-d1f8-4bf3-88ed-8820f8d120c2/element/5007a534-4ffd-49cb-ade8-f62e0d131c27/clear 200 123 ms - 89
[HTTP] 
[HTTP] --> POST /wd/hub/session/2a508d1c-d1f8-4bf3-88ed-8820f8d120c2/element/5007a534-4ffd-49cb-ade8-f62e0d131c27/value
[HTTP] {"id":"5007a534-4ffd-49cb-ade8-f62e0d131c27","value":["081215161452"]}
[HTTP] <-- POST /wd/hub/session/2a508d1c-d1f8-4bf3-88ed-8820f8d120c2/element/5007a534-4ffd-49cb-ade8-f62e0d131c27/value 200 1173 ms - 74
[HTTP] 
[HTTP] --> GET /wd/hub/session/2a508d1c-d1f8-4bf3-88ed-8820f8d120c2/window/current/size
[HTTP] {}
[W3C] Driver proxy active, passing request on via HTTP proxy
[JSONWP Proxy] Replacing sessionId ac02373f-5b3d-4ca5-8d70-9064a4bd70a3 with 2a508d1c-d1f8-4bf3-88ed-8820f8d120c2
[HTTP] <-- GET /wd/hub/session/2a508d1c-d1f8-4bf3-88ed-8820f8d120c2/window/current/size 200 37 ms - 100
[HTTP] 
[HTTP] --> POST /wd/hub/session/2a508d1c-d1f8-4bf3-88ed-8820f8d120c2/elements
[HTTP] {"using":"-android uiautomator","value":"new UiSelector().className(\"android.widget.Button\").text(\"MASUK\").resourceId(\"id.co.fundtastic.client:id/btnLogin\").instance(0)"}
[HTTP] <-- POST /wd/hub/session/2a508d1c-d1f8-4bf3-88ed-8820f8d120c2/elements 200 469 ms - 124
[HTTP] 
[HTTP] --> GET /wd/hub/session/2a508d1c-d1f8-4bf3-88ed-8820f8d120c2
[HTTP] {}
[HTTP] <-- GET /wd/hub/session/2a508d1c-d1f8-4bf3-88ed-8820f8d120c2 200 25 ms - 1167
[HTTP] 
[HTTP] --> GET /wd/hub/session/2a508d1c-d1f8-4bf3-88ed-8820f8d120c2
[HTTP] {}
[HTTP] <-- GET /wd/hub/session/2a508d1c-d1f8-4bf3-88ed-8820f8d120c2 200 23 ms - 1167
[HTTP] 
[HTTP] --> GET /wd/hub/session/2a508d1c-d1f8-4bf3-88ed-8820f8d120c2
[HTTP] {}
[HTTP] <-- GET /wd/hub/session/2a508d1c-d1f8-4bf3-88ed-8820f8d120c2 200 17 ms - 1167
[HTTP] 
[HTTP] --> GET /wd/hub/session/2a508d1c-d1f8-4bf3-88ed-8820f8d120c2
[HTTP] {}
[HTTP] <-- GET /wd/hub/session/2a508d1c-d1f8-4bf3-88ed-8820f8d120c2 200 19 ms - 1167
[HTTP] 
[HTTP] --> GET /wd/hub/session/2a508d1c-d1f8-4bf3-88ed-8820f8d120c2/element/b687377a-1b10-4843-a8dc-dc61551be9a4/location
[HTTP] {}
[W3C] Driver proxy active, passing request on via HTTP proxy
[JSONWP Proxy] Replacing sessionId ac02373f-5b3d-4ca5-8d70-9064a4bd70a3 with 2a508d1c-d1f8-4bf3-88ed-8820f8d120c2
[HTTP] <-- GET /wd/hub/session/2a508d1c-d1f8-4bf3-88ed-8820f8d120c2/element/b687377a-1b10-4843-a8dc-dc61551be9a4/location 200 50 ms - 88
[HTTP] 
[HTTP] --> POST /wd/hub/session/2a508d1c-d1f8-4bf3-88ed-8820f8d120c2/touch/perform
[HTTP] {"actions":[{"action":"tap","options":{"element":"b687377a-1b10-4843-a8dc-dc61551be9a4","x":1,"y":1}}]}
[UiAutomator2] calling get location: b687377a-1b10-4843-a8dc-dc61551be9a4
[HTTP] <-- POST /wd/hub/session/2a508d1c-d1f8-4bf3-88ed-8820f8d120c2/touch/perform 200 1511 ms - 76
[HTTP] 
[HTTP] --> GET /wd/hub/session/2a508d1c-d1f8-4bf3-88ed-8820f8d120c2/window/current/size
[HTTP] {}
[W3C] Driver proxy active, passing request on via HTTP proxy
[JSONWP Proxy] Replacing sessionId ac02373f-5b3d-4ca5-8d70-9064a4bd70a3 with 2a508d1c-d1f8-4bf3-88ed-8820f8d120c2
[HTTP] <-- GET /wd/hub/session/2a508d1c-d1f8-4bf3-88ed-8820f8d120c2/window/current/size 200 74 ms - 100
[HTTP] 
[HTTP] --> POST /wd/hub/session/2a508d1c-d1f8-4bf3-88ed-8820f8d120c2/elements
[HTTP] {"using":"-android uiautomator","value":"new UiSelector().className(\"android.widget.TextView\").text(\"Verifikasi Nomor HP\").instance(0)"}
[HTTP] <-- POST /wd/hub/session/2a508d1c-d1f8-4bf3-88ed-8820f8d120c2/elements 200 413 ms - 124
[HTTP] 
[HTTP] --> GET /wd/hub/session/2a508d1c-d1f8-4bf3-88ed-8820f8d120c2
[HTTP] {}
[HTTP] <-- GET /wd/hub/session/2a508d1c-d1f8-4bf3-88ed-8820f8d120c2 200 44 ms - 1167
[HTTP] 
[HTTP] --> GET /wd/hub/session/2a508d1c-d1f8-4bf3-88ed-8820f8d120c2
[HTTP] {}
[HTTP] <-- GET /wd/hub/session/2a508d1c-d1f8-4bf3-88ed-8820f8d120c2 200 16 ms - 1167
[HTTP] 
[HTTP] --> GET /wd/hub/session/2a508d1c-d1f8-4bf3-88ed-8820f8d120c2
[HTTP] {}
[HTTP] <-- GET /wd/hub/session/2a508d1c-d1f8-4bf3-88ed-8820f8d120c2 200 14 ms - 1167
[HTTP] 
[HTTP] --> GET /wd/hub/session/2a508d1c-d1f8-4bf3-88ed-8820f8d120c2
[HTTP] {}
[HTTP] <-- GET /wd/hub/session/2a508d1c-d1f8-4bf3-88ed-8820f8d120c2 200 20 ms - 1167
[HTTP] 
[HTTP] --> GET /wd/hub/session/2a508d1c-d1f8-4bf3-88ed-8820f8d120c2/element/c6356c82-7205-4f03-b3b8-752f07435dc0/location
[HTTP] {}
[W3C] Driver proxy active, passing request on via HTTP proxy
[JSONWP Proxy] Replacing sessionId ac02373f-5b3d-4ca5-8d70-9064a4bd70a3 with 2a508d1c-d1f8-4bf3-88ed-8820f8d120c2
[HTTP] <-- GET /wd/hub/session/2a508d1c-d1f8-4bf3-88ed-8820f8d120c2/element/c6356c82-7205-4f03-b3b8-752f07435dc0/location 200 27 ms - 89
[HTTP] 
[HTTP] --> GET /wd/hub/session/2a508d1c-d1f8-4bf3-88ed-8820f8d120c2/element/c6356c82-7205-4f03-b3b8-752f07435dc0/text
[HTTP] {}
[W3C] Driver proxy active, passing request on via HTTP proxy
[JSONWP Proxy] Replacing sessionId ac02373f-5b3d-4ca5-8d70-9064a4bd70a3 with 2a508d1c-d1f8-4bf3-88ed-8820f8d120c2
[HTTP] <-- GET /wd/hub/session/2a508d1c-d1f8-4bf3-88ed-8820f8d120c2/element/c6356c82-7205-4f03-b3b8-752f07435dc0/text 200 27 ms - 93
[HTTP] 
[HTTP] --> GET /wd/hub/session/2a508d1c-d1f8-4bf3-88ed-8820f8d120c2/window/current/size
[HTTP] {}
[W3C] Driver proxy active, passing request on via HTTP proxy
[JSONWP Proxy] Replacing sessionId ac02373f-5b3d-4ca5-8d70-9064a4bd70a3 with 2a508d1c-d1f8-4bf3-88ed-8820f8d120c2
[HTTP] <-- GET /wd/hub/session/2a508d1c-d1f8-4bf3-88ed-8820f8d120c2/window/current/size 200 19 ms - 100
[HTTP] 
[HTTP] --> POST /wd/hub/session/2a508d1c-d1f8-4bf3-88ed-8820f8d120c2/elements
[HTTP] {"using":"-android uiautomator","value":"new UiSelector().className(\"android.widget.EditText\").resourceId(\"id.co.fundtastic.client:id/et_otp\").instance(0)"}
[HTTP] <-- POST /wd/hub/session/2a508d1c-d1f8-4bf3-88ed-8820f8d120c2/elements 200 389 ms - 124
[HTTP] 
[HTTP] --> GET /wd/hub/session/2a508d1c-d1f8-4bf3-88ed-8820f8d120c2
[HTTP] {}
[HTTP] <-- GET /wd/hub/session/2a508d1c-d1f8-4bf3-88ed-8820f8d120c2 200 29 ms - 1167
[HTTP] 
[HTTP] --> GET /wd/hub/session/2a508d1c-d1f8-4bf3-88ed-8820f8d120c2
[HTTP] {}
[HTTP] <-- GET /wd/hub/session/2a508d1c-d1f8-4bf3-88ed-8820f8d120c2 200 104 ms - 1167
[HTTP] 
[HTTP] --> GET /wd/hub/session/2a508d1c-d1f8-4bf3-88ed-8820f8d120c2
[HTTP] {}
[HTTP] <-- GET /wd/hub/session/2a508d1c-d1f8-4bf3-88ed-8820f8d120c2 200 25 ms - 1167
[HTTP] 
[HTTP] --> GET /wd/hub/session/2a508d1c-d1f8-4bf3-88ed-8820f8d120c2
[HTTP] {}
[HTTP] <-- GET /wd/hub/session/2a508d1c-d1f8-4bf3-88ed-8820f8d120c2 200 21 ms - 1167
[HTTP] 
[HTTP] --> GET /wd/hub/session/2a508d1c-d1f8-4bf3-88ed-8820f8d120c2/element/1baa5f53-9087-47be-9d04-855bd3f72b9b/location
[HTTP] {}
[W3C] Driver proxy active, passing request on via HTTP proxy
[JSONWP Proxy] Replacing sessionId ac02373f-5b3d-4ca5-8d70-9064a4bd70a3 with 2a508d1c-d1f8-4bf3-88ed-8820f8d120c2
[HTTP] <-- GET /wd/hub/session/2a508d1c-d1f8-4bf3-88ed-8820f8d120c2/element/1baa5f53-9087-47be-9d04-855bd3f72b9b/location 200 22 ms - 89
[HTTP] 
[HTTP] --> POST /wd/hub/session/2a508d1c-d1f8-4bf3-88ed-8820f8d120c2/touch/perform
[HTTP] {"actions":[{"action":"tap","options":{"element":"1baa5f53-9087-47be-9d04-855bd3f72b9b","x":1,"y":1}}]}
[UiAutomator2] calling get location: 1baa5f53-9087-47be-9d04-855bd3f72b9b
[HTTP] <-- POST /wd/hub/session/2a508d1c-d1f8-4bf3-88ed-8820f8d120c2/touch/perform 200 733 ms - 76
[HTTP] 
[HTTP] --> GET /wd/hub/session/2a508d1c-d1f8-4bf3-88ed-8820f8d120c2/window/current/size
[HTTP] {}
[W3C] Driver proxy active, passing request on via HTTP proxy
[JSONWP Proxy] Replacing sessionId ac02373f-5b3d-4ca5-8d70-9064a4bd70a3 with 2a508d1c-d1f8-4bf3-88ed-8820f8d120c2
[HTTP] <-- GET /wd/hub/session/2a508d1c-d1f8-4bf3-88ed-8820f8d120c2/window/current/size 200 17 ms - 100
[HTTP] 
[HTTP] --> POST /wd/hub/session/2a508d1c-d1f8-4bf3-88ed-8820f8d120c2/elements
[HTTP] {"using":"-android uiautomator","value":"new UiSelector().className(\"android.widget.EditText\").resourceId(\"id.co.fundtastic.client:id/et_otp\").instance(0)"}
[HTTP] <-- POST /wd/hub/session/2a508d1c-d1f8-4bf3-88ed-8820f8d120c2/elements 200 80 ms - 124
[HTTP] 
[HTTP] --> GET /wd/hub/session/2a508d1c-d1f8-4bf3-88ed-8820f8d120c2
[HTTP] {}
[HTTP] <-- GET /wd/hub/session/2a508d1c-d1f8-4bf3-88ed-8820f8d120c2 200 27 ms - 1167
[HTTP] 
[HTTP] --> GET /wd/hub/session/2a508d1c-d1f8-4bf3-88ed-8820f8d120c2
[HTTP] {}
[HTTP] <-- GET /wd/hub/session/2a508d1c-d1f8-4bf3-88ed-8820f8d120c2 200 15 ms - 1167
[HTTP] 
[HTTP] --> GET /wd/hub/session/2a508d1c-d1f8-4bf3-88ed-8820f8d120c2
[HTTP] {}
[HTTP] <-- GET /wd/hub/session/2a508d1c-d1f8-4bf3-88ed-8820f8d120c2 200 21 ms - 1167
[HTTP] 
[HTTP] --> GET /wd/hub/session/2a508d1c-d1f8-4bf3-88ed-8820f8d120c2
[HTTP] {}
[HTTP] <-- GET /wd/hub/session/2a508d1c-d1f8-4bf3-88ed-8820f8d120c2 200 13 ms - 1167
[HTTP] 
[HTTP] --> GET /wd/hub/session/2a508d1c-d1f8-4bf3-88ed-8820f8d120c2/element/7958ee9b-60a7-4c44-bae2-4c081bb03f04/location
[HTTP] {}
[W3C] Driver proxy active, passing request on via HTTP proxy
[JSONWP Proxy] Replacing sessionId ac02373f-5b3d-4ca5-8d70-9064a4bd70a3 with 2a508d1c-d1f8-4bf3-88ed-8820f8d120c2
[HTTP] <-- GET /wd/hub/session/2a508d1c-d1f8-4bf3-88ed-8820f8d120c2/element/7958ee9b-60a7-4c44-bae2-4c081bb03f04/location 200 19 ms - 89
[HTTP] 
[HTTP] --> POST /wd/hub/session/2a508d1c-d1f8-4bf3-88ed-8820f8d120c2/element/7958ee9b-60a7-4c44-bae2-4c081bb03f04/clear
[HTTP] {"id":"7958ee9b-60a7-4c44-bae2-4c081bb03f04"}
[HTTP] <-- POST /wd/hub/session/2a508d1c-d1f8-4bf3-88ed-8820f8d120c2/element/7958ee9b-60a7-4c44-bae2-4c081bb03f04/clear 200 29 ms - 89
[HTTP] 
[HTTP] --> POST /wd/hub/session/2a508d1c-d1f8-4bf3-88ed-8820f8d120c2/element/7958ee9b-60a7-4c44-bae2-4c081bb03f04/value
[HTTP] {"id":"7958ee9b-60a7-4c44-bae2-4c081bb03f04","value":["8888"]}
[HTTP] <-- POST /wd/hub/session/2a508d1c-d1f8-4bf3-88ed-8820f8d120c2/element/7958ee9b-60a7-4c44-bae2-4c081bb03f04/value 200 808 ms - 74
[HTTP] 
[HTTP] --> GET /wd/hub/session/2a508d1c-d1f8-4bf3-88ed-8820f8d120c2/window/current/size
[HTTP] {}
[W3C] Driver proxy active, passing request on via HTTP proxy
[JSONWP Proxy] Replacing sessionId ac02373f-5b3d-4ca5-8d70-9064a4bd70a3 with 2a508d1c-d1f8-4bf3-88ed-8820f8d120c2
[HTTP] <-- GET /wd/hub/session/2a508d1c-d1f8-4bf3-88ed-8820f8d120c2/window/current/size 200 72 ms - 100
[HTTP] 
[HTTP] --> POST /wd/hub/session/2a508d1c-d1f8-4bf3-88ed-8820f8d120c2/elements
[HTTP] {"using":"-android uiautomator","value":"new UiSelector().className(\"android.widget.Button\").text(\"Verifikasi Sekarang\").resourceId(\"id.co.fundtastic.client:id/btnVerified\").instance(0)"}
[HTTP] <-- POST /wd/hub/session/2a508d1c-d1f8-4bf3-88ed-8820f8d120c2/elements 200 880 ms - 124
[HTTP] 
[HTTP] --> GET /wd/hub/session/2a508d1c-d1f8-4bf3-88ed-8820f8d120c2
[HTTP] {}
[HTTP] <-- GET /wd/hub/session/2a508d1c-d1f8-4bf3-88ed-8820f8d120c2 200 37 ms - 1167
[HTTP] 
[HTTP] --> GET /wd/hub/session/2a508d1c-d1f8-4bf3-88ed-8820f8d120c2
[HTTP] {}
[HTTP] <-- GET /wd/hub/session/2a508d1c-d1f8-4bf3-88ed-8820f8d120c2 200 37 ms - 1167
[HTTP] 
[HTTP] --> GET /wd/hub/session/2a508d1c-d1f8-4bf3-88ed-8820f8d120c2
[HTTP] {}
[HTTP] <-- GET /wd/hub/session/2a508d1c-d1f8-4bf3-88ed-8820f8d120c2 200 25 ms - 1167
[HTTP] 
[HTTP] --> GET /wd/hub/session/2a508d1c-d1f8-4bf3-88ed-8820f8d120c2
[HTTP] {}
[HTTP] <-- GET /wd/hub/session/2a508d1c-d1f8-4bf3-88ed-8820f8d120c2 200 19 ms - 1167
[HTTP] 
[HTTP] --> GET /wd/hub/session/2a508d1c-d1f8-4bf3-88ed-8820f8d120c2/element/e80565cd-a43e-492a-b46e-8e6f99da0b8c/location
[HTTP] {}
[W3C] Driver proxy active, passing request on via HTTP proxy
[JSONWP Proxy] Replacing sessionId ac02373f-5b3d-4ca5-8d70-9064a4bd70a3 with 2a508d1c-d1f8-4bf3-88ed-8820f8d120c2
[HTTP] <-- GET /wd/hub/session/2a508d1c-d1f8-4bf3-88ed-8820f8d120c2/element/e80565cd-a43e-492a-b46e-8e6f99da0b8c/location 200 28 ms - 88
[HTTP] 
[HTTP] --> POST /wd/hub/session/2a508d1c-d1f8-4bf3-88ed-8820f8d120c2/touch/perform
[HTTP] {"actions":[{"action":"tap","options":{"element":"e80565cd-a43e-492a-b46e-8e6f99da0b8c","x":1,"y":1}}]}
[UiAutomator2] calling get location: e80565cd-a43e-492a-b46e-8e6f99da0b8c
[HTTP] <-- POST /wd/hub/session/2a508d1c-d1f8-4bf3-88ed-8820f8d120c2/touch/perform 200 885 ms - 76
[HTTP] 
[HTTP] --> GET /wd/hub/session/2a508d1c-d1f8-4bf3-88ed-8820f8d120c2/window/current/size
[HTTP] {}
[W3C] Driver proxy active, passing request on via HTTP proxy
[JSONWP Proxy] Replacing sessionId ac02373f-5b3d-4ca5-8d70-9064a4bd70a3 with 2a508d1c-d1f8-4bf3-88ed-8820f8d120c2
[HTTP] <-- GET /wd/hub/session/2a508d1c-d1f8-4bf3-88ed-8820f8d120c2/window/current/size 200 28 ms - 100
[HTTP] 
[HTTP] --> POST /wd/hub/session/2a508d1c-d1f8-4bf3-88ed-8820f8d120c2/elements
[HTTP] {"using":"-android uiautomator","value":"new UiSelector().className(\"android.widget.ImageView\").resourceId(\"id.co.fundtastic.client:id/icon\").instance(13)"}
[HTTP] <-- POST /wd/hub/session/2a508d1c-d1f8-4bf3-88ed-8820f8d120c2/elements 200 239 ms - 277
[HTTP] 
[HTTP] --> GET /wd/hub/session/2a508d1c-d1f8-4bf3-88ed-8820f8d120c2
[HTTP] {}
[HTTP] <-- GET /wd/hub/session/2a508d1c-d1f8-4bf3-88ed-8820f8d120c2 200 14 ms - 1167
[HTTP] 
[HTTP] --> GET /wd/hub/session/2a508d1c-d1f8-4bf3-88ed-8820f8d120c2
[HTTP] {}
[HTTP] <-- GET /wd/hub/session/2a508d1c-d1f8-4bf3-88ed-8820f8d120c2 200 15 ms - 1167
[HTTP] 
[HTTP] --> GET /wd/hub/session/2a508d1c-d1f8-4bf3-88ed-8820f8d120c2
[HTTP] {}
[HTTP] <-- GET /wd/hub/session/2a508d1c-d1f8-4bf3-88ed-8820f8d120c2 200 14 ms - 1167
[HTTP] 
[HTTP] --> GET /wd/hub/session/2a508d1c-d1f8-4bf3-88ed-8820f8d120c2
[HTTP] {}
[HTTP] <-- GET /wd/hub/session/2a508d1c-d1f8-4bf3-88ed-8820f8d120c2 200 16 ms - 1167
[HTTP] 
[HTTP] --> GET /wd/hub/session/2a508d1c-d1f8-4bf3-88ed-8820f8d120c2
[HTTP] {}
[HTTP] <-- GET /wd/hub/session/2a508d1c-d1f8-4bf3-88ed-8820f8d120c2 200 21 ms - 1167
[HTTP] 
[HTTP] --> GET /wd/hub/session/2a508d1c-d1f8-4bf3-88ed-8820f8d120c2
[HTTP] {}
[HTTP] <-- GET /wd/hub/session/2a508d1c-d1f8-4bf3-88ed-8820f8d120c2 200 21 ms - 1167
[HTTP] 
[HTTP] --> GET /wd/hub/session/2a508d1c-d1f8-4bf3-88ed-8820f8d120c2
[HTTP] {}
[HTTP] <-- GET /wd/hub/session/2a508d1c-d1f8-4bf3-88ed-8820f8d120c2 200 21 ms - 1167
[HTTP] 
[HTTP] --> GET /wd/hub/session/2a508d1c-d1f8-4bf3-88ed-8820f8d120c2
[HTTP] {}
[HTTP] <-- GET /wd/hub/session/2a508d1c-d1f8-4bf3-88ed-8820f8d120c2 200 14 ms - 1167
[HTTP] 
[HTTP] --> GET /wd/hub/session/2a508d1c-d1f8-4bf3-88ed-8820f8d120c2
[HTTP] {}
[HTTP] <-- GET /wd/hub/session/2a508d1c-d1f8-4bf3-88ed-8820f8d120c2 200 15 ms - 1167
[HTTP] 
[HTTP] --> GET /wd/hub/session/2a508d1c-d1f8-4bf3-88ed-8820f8d120c2
[HTTP] {}
[HTTP] <-- GET /wd/hub/session/2a508d1c-d1f8-4bf3-88ed-8820f8d120c2 200 23 ms - 1167
[HTTP] 
[HTTP] --> GET /wd/hub/session/2a508d1c-d1f8-4bf3-88ed-8820f8d120c2
[HTTP] {}
[HTTP] <-- GET /wd/hub/session/2a508d1c-d1f8-4bf3-88ed-8820f8d120c2 200 23 ms - 1167
[HTTP] 
[HTTP] --> GET /wd/hub/session/2a508d1c-d1f8-4bf3-88ed-8820f8d120c2
[HTTP] {}
[HTTP] <-- GET /wd/hub/session/2a508d1c-d1f8-4bf3-88ed-8820f8d120c2 200 44 ms - 1167
[HTTP] 
[HTTP] --> GET /wd/hub/session/2a508d1c-d1f8-4bf3-88ed-8820f8d120c2
[HTTP] {}
[HTTP] <-- GET /wd/hub/session/2a508d1c-d1f8-4bf3-88ed-8820f8d120c2 200 22 ms - 1167
[HTTP] 
[HTTP] --> GET /wd/hub/session/2a508d1c-d1f8-4bf3-88ed-8820f8d120c2
[HTTP] {}
[HTTP] <-- GET /wd/hub/session/2a508d1c-d1f8-4bf3-88ed-8820f8d120c2 200 19 ms - 1167
[HTTP] 
[HTTP] --> GET /wd/hub/session/2a508d1c-d1f8-4bf3-88ed-8820f8d120c2
[HTTP] {}
[HTTP] <-- GET /wd/hub/session/2a508d1c-d1f8-4bf3-88ed-8820f8d120c2 200 17 ms - 1167
[HTTP] 
[HTTP] --> GET /wd/hub/session/2a508d1c-d1f8-4bf3-88ed-8820f8d120c2
[HTTP] {}
[HTTP] <-- GET /wd/hub/session/2a508d1c-d1f8-4bf3-88ed-8820f8d120c2 200 23 ms - 1167
[HTTP] 
[HTTP] --> GET /wd/hub/session/2a508d1c-d1f8-4bf3-88ed-8820f8d120c2/element/0c51dd27-2f3e-4261-8d2e-db86614a580b/location
[HTTP] {}
[W3C] Driver proxy active, passing request on via HTTP proxy
[JSONWP Proxy] Replacing sessionId ac02373f-5b3d-4ca5-8d70-9064a4bd70a3 with 2a508d1c-d1f8-4bf3-88ed-8820f8d120c2
[HTTP] <-- GET /wd/hub/session/2a508d1c-d1f8-4bf3-88ed-8820f8d120c2/element/0c51dd27-2f3e-4261-8d2e-db86614a580b/location 200 34 ms - 90
[HTTP] 
[HTTP] --> POST /wd/hub/session/2a508d1c-d1f8-4bf3-88ed-8820f8d120c2/touch/perform
[HTTP] {"actions":[{"action":"tap","options":{"element":"0c51dd27-2f3e-4261-8d2e-db86614a580b","x":1,"y":1}}]}
[UiAutomator2] calling get location: 0c51dd27-2f3e-4261-8d2e-db86614a580b
[HTTP] <-- POST /wd/hub/session/2a508d1c-d1f8-4bf3-88ed-8820f8d120c2/touch/perform 200 1757 ms - 76
[HTTP] 
[HTTP] --> GET /wd/hub/session/2a508d1c-d1f8-4bf3-88ed-8820f8d120c2/context
[HTTP] {}
[HTTP] <-- GET /wd/hub/session/2a508d1c-d1f8-4bf3-88ed-8820f8d120c2/context 200 2 ms - 84
[HTTP] 
[HTTP] --> GET /wd/hub/session/2a508d1c-d1f8-4bf3-88ed-8820f8d120c2/contexts
[HTTP] {}
[HTTP] <-- GET /wd/hub/session/2a508d1c-d1f8-4bf3-88ed-8820f8d120c2/contexts 200 44 ms - 127
[HTTP] 
[HTTP] --> POST /wd/hub/session/2a508d1c-d1f8-4bf3-88ed-8820f8d120c2/context
[HTTP] {"name":"NATIVE_APP"}
[HTTP] <-- POST /wd/hub/session/2a508d1c-d1f8-4bf3-88ed-8820f8d120c2/context 200 39 ms - 76
[HTTP] 
[HTTP] --> GET /wd/hub/session/2a508d1c-d1f8-4bf3-88ed-8820f8d120c2/screenshot
[HTTP] {}
[HTTP] <-- GET /wd/hub/session/2a508d1c-d1f8-4bf3-88ed-8820f8d120c2/screenshot 200 807 ms - 136374
[HTTP] 
[HTTP] --> POST /wd/hub/session/2a508d1c-d1f8-4bf3-88ed-8820f8d120c2/context
[HTTP] {"name":"NATIVE_APP"}
[HTTP] <-- POST /wd/hub/session/2a508d1c-d1f8-4bf3-88ed-8820f8d120c2/context 200 38 ms - 76
[HTTP] 
[HTTP] --> DELETE /wd/hub/session/2a508d1c-d1f8-4bf3-88ed-8820f8d120c2
[HTTP] {}
[Appium] Removing session 2a508d1c-d1f8-4bf3-88ed-8820f8d120c2 from our master session list
[ADB] id.co.fundtastic.client was successfully uninstalled
[HTTP] <-- DELETE /wd/hub/session/2a508d1c-d1f8-4bf3-88ed-8820f8d120c2 200 1904 ms - 76
[HTTP] 
