[Appium] Welcome to Appium v1.8.1
[Appium] Non-default server args:
[Appium]   port: 58126
[Appium]   loglevel: info
[Appium]   chromeDriverPort: 58127
[Appium]   tmpDir: /var/folders/ts/p6rxgpw53_d96xw60slkng7m0000gn/T//Katalon/Appium/Temp1562660385634
[Appium] Appium REST http interface listener started on 0.0.0.0:58126
[HTTP] --> GET /wd/hub/status
[HTTP] {}
[HTTP] <-- GET /wd/hub/status 200 22 ms - 83
[HTTP] 
[HTTP] --> POST /wd/hub/session
[HTTP] {"desiredCapabilities":{"app":"/Users/ustore/Downloads/Development.apk","autoGrantPermissions":true,"automationName":"uiautomator2","deviceName":"emulator-5554 (Android SDK built for x86 - Android 9)","fullReset":true,"newCommandTimeout":1800,"noReset":false,"platform":"ANDROID","platformName":"Android","udid":"emulator-5554"},"capabilities":{"desiredCapabilities":{"app":"/Users/ustore/Downloads/Development.apk","autoGrantPermissions":true,"automationName":"uiautomator2","deviceName":"emulator-5554 (Android SDK built for x86 - Android 9)","fullReset":true,"newCommandTimeout":1800,"noReset":false,"platform":"ANDROID","platformName":"Android","udid":"emulator-5554"},"firstMatch":[{"platformName":"android"}]}}
[Appium] Could not parse W3C capabilities: 'deviceName' can't be blank. Falling back to JSONWP protocol.
[Appium] The following capabilities were provided in the JSONWP desired capabilities that are missing in W3C capabilities: ["app","autoGrantPermissions","automationName","deviceName","fullReset","newCommandTimeout","noReset","platform","platformName","udid"]. Falling back to JSONWP protocol.
[Appium] Creating new AndroidUiautomator2Driver (v1.12.0) session
[Appium] Capabilities:
[Appium]   app: /Users/ustore/Downloads/Development.apk
[Appium]   autoGrantPermissions: true
[Appium]   automationName: uiautomator2
[Appium]   deviceName: emulator-5554 (Android SDK built for x86 - Android 9)
[Appium]   fullReset: true
[Appium]   newCommandTimeout: 1800
[Appium]   noReset: false
[Appium]   platform: ANDROID
[Appium]   platformName: Android
[Appium]   udid: emulator-5554
[BaseDriver] The following capabilities were provided, but are not recognized by appium: platform.
[BaseDriver] Session created with session id: 31576c7f-6284-41e7-8cae-b1669a673578
[BaseDriver] Using local app '/Users/ustore/Downloads/Development.apk'
[AndroidDriver] Java version is: 1.8.0_181
[ADB] Checking whether adb is present
[ADB] Found 1 'build-tools' folders under '/Users/ustore/.katalon/tools/android_sdk' (newest first):
[ADB]     /Users/ustore/.katalon/tools/android_sdk/build-tools/28.0.3
[ADB] Using adb from /Users/ustore/.katalon/tools/android_sdk/platform-tools/adb
[AndroidDriver] Retrieving device list
[AndroidDriver] Using device: emulator-5554
[ADB] Using the alternative activity name detection method because of: Could not find apkanalyzer in /Users/ustore/.katalon/tools/android_sdk/platform-tools/apkanalyzer,/Users/ustore/.katalon/tools/android_sdk/emulator/apkanalyzer,/Users/ustore/.katalon/tools/android_sdk/tools/apkanalyzer,/Users/ustore/.katalon/tools/android_sdk/tools/bin/apkanalyzer,/Users/ustore/.katalon/tools/android_sdk/build-tools/28.0.3/apkanalyzer. Do you have the Android SDK installed at '/Users/ustore/.katalon/tools/android_sdk'?
[ADB] Checking whether aapt is present
[ADB] Using aapt from /Users/ustore/.katalon/tools/android_sdk/build-tools/28.0.3/aapt
[ADB] Extracting package and launch activity from manifest
[ADB] Package name: 'id.co.fundtastic.client'
[ADB] Main activity name: 'id.co.fundtastic.client.splash.presentation.SplashActivity'
[ADB] Getting device platform version
[ADB] Using apksigner from /Users/ustore/.katalon/tools/android_sdk/build-tools/28.0.3/apksigner
[ADB] Cannot read version codes of '/usr/local/lib/node_modules/appium/node_modules/appium-uiautomator2-server/apks/appium-uiautomator2-server-debug-androidTest.apk' and/or 'io.appium.uiautomator2.server.test'
[ADB] Cannot read version names of '/usr/local/lib/node_modules/appium/node_modules/appium-uiautomator2-server/apks/appium-uiautomator2-server-debug-androidTest.apk' and/or 'io.appium.uiautomator2.server.test'. Assuming correct app version is already installed
[AndroidDriver] setDeviceLanguageCountry requires language or country.
[AndroidDriver] Got language: 'null' and country: 'null'
[ADB] Successfully extracted 194 strings from '/Users/ustore/Downloads/Development.apk' resources for '(default)' configuration
[ADB] id.co.fundtastic.client was not uninstalled, because it was not present on the device
[UiAutomator2] Starting uiautomator2 server 1.12.0
[UiAutomator2] Using UIAutomator2 server from '/usr/local/lib/node_modules/appium/node_modules/appium-uiautomator2-server/apks/appium-uiautomator2-server-v1.12.0.apk' and test from '/usr/local/lib/node_modules/appium/node_modules/appium-uiautomator2-server/apks/appium-uiautomator2-server-debug-androidTest.apk'
[UiAutomator2] Running command: 'adb -s emulator-5554 shell am instrument -w io.appium.uiautomator2.server.test/android.support.test.runner.AndroidJUnitRunner'
[UiAutomator2] Waiting up to 20000ms for UiAutomator2 to be online...
[AndroidDriver] Screen already unlocked, doing nothing
[UiAutomator2] UiAutomator2 did not start the activity we were waiting for, 'id.co.fundtastic.client/id.co.fundtastic.client.splash.presentation.SplashActivity'. Starting it ourselves
[Appium] New AndroidUiautomator2Driver session created successfully, session 31576c7f-6284-41e7-8cae-b1669a673578 added to master session list
[HTTP] <-- POST /wd/hub/session 200 11044 ms - 1167
[HTTP] 
[HTTP] --> GET /wd/hub/status
[HTTP] {}
[HTTP] <-- GET /wd/hub/status 200 34 ms - 55
[HTTP] 
[HTTP] --> POST /wd/hub/session/31576c7f-6284-41e7-8cae-b1669a673578/timeouts
[HTTP] {"type":"implicit","ms":30000}
[HTTP] <-- POST /wd/hub/session/31576c7f-6284-41e7-8cae-b1669a673578/timeouts 400 34 ms - 4196
[HTTP] 
[HTTP] --> GET /wd/hub/session/31576c7f-6284-41e7-8cae-b1669a673578/window/current/size
[HTTP] {}
[W3C] Driver proxy active, passing request on via HTTP proxy
[JSONWP Proxy] Replacing sessionId a711bb53-1960-418c-b639-9ab378cb291c with 31576c7f-6284-41e7-8cae-b1669a673578
[HTTP] <-- GET /wd/hub/session/31576c7f-6284-41e7-8cae-b1669a673578/window/current/size 200 94 ms - 100
[HTTP] 
[HTTP] --> POST /wd/hub/session/31576c7f-6284-41e7-8cae-b1669a673578/elements
[HTTP] {"using":"-android uiautomator","value":"new UiSelector().className(\"android.widget.TextView\").text(\"Mulailah berinvestasi untuk meraih mimpimu\").instance(0)"}
[HTTP] <-- POST /wd/hub/session/31576c7f-6284-41e7-8cae-b1669a673578/elements 200 209 ms - 74
[HTTP] 
[HTTP] --> POST /wd/hub/session/31576c7f-6284-41e7-8cae-b1669a673578/elements
[HTTP] {"using":"-android uiautomator","value":"new UiSelector().className(\"android.widget.TextView\").text(\"Mulailah berinvestasi untuk meraih mimpimu\").instance(0)"}
[HTTP] <-- POST /wd/hub/session/31576c7f-6284-41e7-8cae-b1669a673578/elements 200 65 ms - 74
[HTTP] 
[HTTP] --> POST /wd/hub/session/31576c7f-6284-41e7-8cae-b1669a673578/elements
[HTTP] {"using":"-android uiautomator","value":"new UiSelector().className(\"android.widget.TextView\").text(\"Mulailah berinvestasi untuk meraih mimpimu\").instance(0)"}
[HTTP] <-- POST /wd/hub/session/31576c7f-6284-41e7-8cae-b1669a673578/elements 200 38 ms - 74
[HTTP] 
[HTTP] --> POST /wd/hub/session/31576c7f-6284-41e7-8cae-b1669a673578/elements
[HTTP] {"using":"-android uiautomator","value":"new UiSelector().className(\"android.widget.TextView\").text(\"Mulailah berinvestasi untuk meraih mimpimu\").instance(0)"}
[HTTP] <-- POST /wd/hub/session/31576c7f-6284-41e7-8cae-b1669a673578/elements 200 60 ms - 74
[HTTP] 
[HTTP] --> POST /wd/hub/session/31576c7f-6284-41e7-8cae-b1669a673578/elements
[HTTP] {"using":"-android uiautomator","value":"new UiSelector().className(\"android.widget.TextView\").text(\"Mulailah berinvestasi untuk meraih mimpimu\").instance(0)"}
[HTTP] <-- POST /wd/hub/session/31576c7f-6284-41e7-8cae-b1669a673578/elements 200 42 ms - 74
[HTTP] 
[HTTP] --> POST /wd/hub/session/31576c7f-6284-41e7-8cae-b1669a673578/elements
[HTTP] {"using":"-android uiautomator","value":"new UiSelector().className(\"android.widget.TextView\").text(\"Mulailah berinvestasi untuk meraih mimpimu\").instance(0)"}
[HTTP] <-- POST /wd/hub/session/31576c7f-6284-41e7-8cae-b1669a673578/elements 200 46 ms - 74
[HTTP] 
[HTTP] --> POST /wd/hub/session/31576c7f-6284-41e7-8cae-b1669a673578/elements
[HTTP] {"using":"-android uiautomator","value":"new UiSelector().className(\"android.widget.TextView\").text(\"Mulailah berinvestasi untuk meraih mimpimu\").instance(0)"}
[HTTP] <-- POST /wd/hub/session/31576c7f-6284-41e7-8cae-b1669a673578/elements 200 45 ms - 74
[HTTP] 
[HTTP] --> POST /wd/hub/session/31576c7f-6284-41e7-8cae-b1669a673578/elements
[HTTP] {"using":"-android uiautomator","value":"new UiSelector().className(\"android.widget.TextView\").text(\"Mulailah berinvestasi untuk meraih mimpimu\").instance(0)"}
[HTTP] <-- POST /wd/hub/session/31576c7f-6284-41e7-8cae-b1669a673578/elements 200 125 ms - 74
[HTTP] 
[HTTP] --> POST /wd/hub/session/31576c7f-6284-41e7-8cae-b1669a673578/elements
[HTTP] {"using":"-android uiautomator","value":"new UiSelector().className(\"android.widget.TextView\").text(\"Mulailah berinvestasi untuk meraih mimpimu\").instance(0)"}
[HTTP] <-- POST /wd/hub/session/31576c7f-6284-41e7-8cae-b1669a673578/elements 200 56 ms - 74
[HTTP] 
[HTTP] --> POST /wd/hub/session/31576c7f-6284-41e7-8cae-b1669a673578/elements
[HTTP] {"using":"-android uiautomator","value":"new UiSelector().className(\"android.widget.TextView\").text(\"Mulailah berinvestasi untuk meraih mimpimu\").instance(0)"}
[HTTP] <-- POST /wd/hub/session/31576c7f-6284-41e7-8cae-b1669a673578/elements 200 56 ms - 74
[HTTP] 
[HTTP] --> POST /wd/hub/session/31576c7f-6284-41e7-8cae-b1669a673578/elements
[HTTP] {"using":"-android uiautomator","value":"new UiSelector().className(\"android.widget.TextView\").text(\"Mulailah berinvestasi untuk meraih mimpimu\").instance(0)"}
[HTTP] <-- POST /wd/hub/session/31576c7f-6284-41e7-8cae-b1669a673578/elements 200 101 ms - 74
[HTTP] 
[HTTP] --> POST /wd/hub/session/31576c7f-6284-41e7-8cae-b1669a673578/elements
[HTTP] {"using":"-android uiautomator","value":"new UiSelector().className(\"android.widget.TextView\").text(\"Mulailah berinvestasi untuk meraih mimpimu\").instance(0)"}
[HTTP] <-- POST /wd/hub/session/31576c7f-6284-41e7-8cae-b1669a673578/elements 200 51 ms - 74
[HTTP] 
[HTTP] --> POST /wd/hub/session/31576c7f-6284-41e7-8cae-b1669a673578/elements
[HTTP] {"using":"-android uiautomator","value":"new UiSelector().className(\"android.widget.TextView\").text(\"Mulailah berinvestasi untuk meraih mimpimu\").instance(0)"}
[HTTP] <-- POST /wd/hub/session/31576c7f-6284-41e7-8cae-b1669a673578/elements 200 48 ms - 74
[HTTP] 
[HTTP] --> POST /wd/hub/session/31576c7f-6284-41e7-8cae-b1669a673578/elements
[HTTP] {"using":"-android uiautomator","value":"new UiSelector().className(\"android.widget.TextView\").text(\"Mulailah berinvestasi untuk meraih mimpimu\").instance(0)"}
[HTTP] <-- POST /wd/hub/session/31576c7f-6284-41e7-8cae-b1669a673578/elements 200 83 ms - 74
[HTTP] 
[HTTP] --> POST /wd/hub/session/31576c7f-6284-41e7-8cae-b1669a673578/elements
[HTTP] {"using":"-android uiautomator","value":"new UiSelector().className(\"android.widget.TextView\").text(\"Mulailah berinvestasi untuk meraih mimpimu\").instance(0)"}
[HTTP] <-- POST /wd/hub/session/31576c7f-6284-41e7-8cae-b1669a673578/elements 200 373 ms - 74
[HTTP] 
[HTTP] --> POST /wd/hub/session/31576c7f-6284-41e7-8cae-b1669a673578/elements
[HTTP] {"using":"-android uiautomator","value":"new UiSelector().className(\"android.widget.TextView\").text(\"Mulailah berinvestasi untuk meraih mimpimu\").instance(0)"}
[HTTP] <-- POST /wd/hub/session/31576c7f-6284-41e7-8cae-b1669a673578/elements 200 780 ms - 74
[HTTP] 
[HTTP] --> POST /wd/hub/session/31576c7f-6284-41e7-8cae-b1669a673578/elements
[HTTP] {"using":"-android uiautomator","value":"new UiSelector().className(\"android.widget.TextView\").text(\"Mulailah berinvestasi untuk meraih mimpimu\").instance(0)"}
[HTTP] <-- POST /wd/hub/session/31576c7f-6284-41e7-8cae-b1669a673578/elements 200 3113 ms - 124
[HTTP] 
[HTTP] --> GET /wd/hub/session/31576c7f-6284-41e7-8cae-b1669a673578
[HTTP] {}
[HTTP] <-- GET /wd/hub/session/31576c7f-6284-41e7-8cae-b1669a673578 200 15 ms - 1167
[HTTP] 
[HTTP] --> GET /wd/hub/session/31576c7f-6284-41e7-8cae-b1669a673578
[HTTP] {}
[HTTP] <-- GET /wd/hub/session/31576c7f-6284-41e7-8cae-b1669a673578 200 13 ms - 1167
[HTTP] 
[HTTP] --> GET /wd/hub/session/31576c7f-6284-41e7-8cae-b1669a673578
[HTTP] {}
[HTTP] <-- GET /wd/hub/session/31576c7f-6284-41e7-8cae-b1669a673578 200 13 ms - 1167
[HTTP] 
[HTTP] --> GET /wd/hub/session/31576c7f-6284-41e7-8cae-b1669a673578
[HTTP] {}
[HTTP] <-- GET /wd/hub/session/31576c7f-6284-41e7-8cae-b1669a673578 200 12 ms - 1167
[HTTP] 
[HTTP] --> GET /wd/hub/session/31576c7f-6284-41e7-8cae-b1669a673578/element/6efaea2f-ff69-4b3a-b1f6-8c392da91b93/location
[HTTP] {}
[W3C] Driver proxy active, passing request on via HTTP proxy
[JSONWP Proxy] Replacing sessionId a711bb53-1960-418c-b639-9ab378cb291c with 31576c7f-6284-41e7-8cae-b1669a673578
[HTTP] <-- GET /wd/hub/session/31576c7f-6284-41e7-8cae-b1669a673578/element/6efaea2f-ff69-4b3a-b1f6-8c392da91b93/location 200 40 ms - 88
[HTTP] 
[HTTP] --> GET /wd/hub/session/31576c7f-6284-41e7-8cae-b1669a673578/element/6efaea2f-ff69-4b3a-b1f6-8c392da91b93/text
[HTTP] {}
[W3C] Driver proxy active, passing request on via HTTP proxy
[JSONWP Proxy] Replacing sessionId a711bb53-1960-418c-b639-9ab378cb291c with 31576c7f-6284-41e7-8cae-b1669a673578
[HTTP] <-- GET /wd/hub/session/31576c7f-6284-41e7-8cae-b1669a673578/element/6efaea2f-ff69-4b3a-b1f6-8c392da91b93/text 200 51 ms - 116
[HTTP] 
[HTTP] --> GET /wd/hub/session/31576c7f-6284-41e7-8cae-b1669a673578/window/current/size
[HTTP] {}
[W3C] Driver proxy active, passing request on via HTTP proxy
[JSONWP Proxy] Replacing sessionId a711bb53-1960-418c-b639-9ab378cb291c with 31576c7f-6284-41e7-8cae-b1669a673578
[HTTP] <-- GET /wd/hub/session/31576c7f-6284-41e7-8cae-b1669a673578/window/current/size 200 25 ms - 100
[HTTP] 
[HTTP] --> POST /wd/hub/session/31576c7f-6284-41e7-8cae-b1669a673578/elements
[HTTP] {"using":"-android uiautomator","value":"new UiSelector().className(\"android.widget.ImageView\").resourceId(\"id.co.fundtastic.client:id/checklist\").instance(6)"}
[HTTP] <-- POST /wd/hub/session/31576c7f-6284-41e7-8cae-b1669a673578/elements 200 82 ms - 124
[HTTP] 
[HTTP] --> GET /wd/hub/session/31576c7f-6284-41e7-8cae-b1669a673578
[HTTP] {}
[HTTP] <-- GET /wd/hub/session/31576c7f-6284-41e7-8cae-b1669a673578 200 17 ms - 1167
[HTTP] 
[HTTP] --> GET /wd/hub/session/31576c7f-6284-41e7-8cae-b1669a673578
[HTTP] {}
[HTTP] <-- GET /wd/hub/session/31576c7f-6284-41e7-8cae-b1669a673578 200 17 ms - 1167
[HTTP] 
[HTTP] --> GET /wd/hub/session/31576c7f-6284-41e7-8cae-b1669a673578
[HTTP] {}
[HTTP] <-- GET /wd/hub/session/31576c7f-6284-41e7-8cae-b1669a673578 200 17 ms - 1167
[HTTP] 
[HTTP] --> GET /wd/hub/session/31576c7f-6284-41e7-8cae-b1669a673578
[HTTP] {}
[HTTP] <-- GET /wd/hub/session/31576c7f-6284-41e7-8cae-b1669a673578 200 16 ms - 1167
[HTTP] 
[HTTP] --> GET /wd/hub/session/31576c7f-6284-41e7-8cae-b1669a673578/element/a9850bcb-0d8f-4b26-a39c-a25f34da9ce6/location
[HTTP] {}
[W3C] Driver proxy active, passing request on via HTTP proxy
[JSONWP Proxy] Replacing sessionId a711bb53-1960-418c-b639-9ab378cb291c with 31576c7f-6284-41e7-8cae-b1669a673578
[HTTP] <-- GET /wd/hub/session/31576c7f-6284-41e7-8cae-b1669a673578/element/a9850bcb-0d8f-4b26-a39c-a25f34da9ce6/location 200 44 ms - 90
[HTTP] 
[HTTP] --> POST /wd/hub/session/31576c7f-6284-41e7-8cae-b1669a673578/touch/perform
[HTTP] {"actions":[{"action":"tap","options":{"element":"a9850bcb-0d8f-4b26-a39c-a25f34da9ce6","x":1,"y":1}}]}
[UiAutomator2] calling get location: a9850bcb-0d8f-4b26-a39c-a25f34da9ce6
[HTTP] <-- POST /wd/hub/session/31576c7f-6284-41e7-8cae-b1669a673578/touch/perform 200 833 ms - 76
[HTTP] 
[HTTP] --> GET /wd/hub/session/31576c7f-6284-41e7-8cae-b1669a673578/window/current/size
[HTTP] {}
[W3C] Driver proxy active, passing request on via HTTP proxy
[JSONWP Proxy] Replacing sessionId a711bb53-1960-418c-b639-9ab378cb291c with 31576c7f-6284-41e7-8cae-b1669a673578
[HTTP] <-- GET /wd/hub/session/31576c7f-6284-41e7-8cae-b1669a673578/window/current/size 200 20 ms - 100
[HTTP] 
[HTTP] --> POST /wd/hub/session/31576c7f-6284-41e7-8cae-b1669a673578/elements
[HTTP] {"using":"-android uiautomator","value":"new UiSelector().className(\"android.widget.LinearLayout\").instance(4)"}
[HTTP] <-- POST /wd/hub/session/31576c7f-6284-41e7-8cae-b1669a673578/elements 200 59 ms - 124
[HTTP] 
[HTTP] --> GET /wd/hub/session/31576c7f-6284-41e7-8cae-b1669a673578
[HTTP] {}
[HTTP] <-- GET /wd/hub/session/31576c7f-6284-41e7-8cae-b1669a673578 200 15 ms - 1167
[HTTP] 
[HTTP] --> GET /wd/hub/session/31576c7f-6284-41e7-8cae-b1669a673578
[HTTP] {}
[HTTP] <-- GET /wd/hub/session/31576c7f-6284-41e7-8cae-b1669a673578 200 13 ms - 1167
[HTTP] 
[HTTP] --> GET /wd/hub/session/31576c7f-6284-41e7-8cae-b1669a673578
[HTTP] {}
[HTTP] <-- GET /wd/hub/session/31576c7f-6284-41e7-8cae-b1669a673578 200 19 ms - 1167
[HTTP] 
[HTTP] --> GET /wd/hub/session/31576c7f-6284-41e7-8cae-b1669a673578
[HTTP] {}
[HTTP] <-- GET /wd/hub/session/31576c7f-6284-41e7-8cae-b1669a673578 200 16 ms - 1167
[HTTP] 
[HTTP] --> GET /wd/hub/session/31576c7f-6284-41e7-8cae-b1669a673578/element/2ad399b1-e357-438b-91bb-412cc50bc66b/location
[HTTP] {}
[W3C] Driver proxy active, passing request on via HTTP proxy
[JSONWP Proxy] Replacing sessionId a711bb53-1960-418c-b639-9ab378cb291c with 31576c7f-6284-41e7-8cae-b1669a673578
[HTTP] <-- GET /wd/hub/session/31576c7f-6284-41e7-8cae-b1669a673578/element/2ad399b1-e357-438b-91bb-412cc50bc66b/location 200 32 ms - 87
[HTTP] 
[HTTP] --> POST /wd/hub/session/31576c7f-6284-41e7-8cae-b1669a673578/touch/perform
[HTTP] {"actions":[{"action":"tap","options":{"element":"2ad399b1-e357-438b-91bb-412cc50bc66b","x":1,"y":1}}]}
[UiAutomator2] calling get location: 2ad399b1-e357-438b-91bb-412cc50bc66b
[HTTP] <-- POST /wd/hub/session/31576c7f-6284-41e7-8cae-b1669a673578/touch/perform 200 808 ms - 76
[HTTP] 
[HTTP] --> GET /wd/hub/session/31576c7f-6284-41e7-8cae-b1669a673578/context
[HTTP] {}
[HTTP] <-- GET /wd/hub/session/31576c7f-6284-41e7-8cae-b1669a673578/context 200 2 ms - 84
[HTTP] 
[HTTP] --> GET /wd/hub/session/31576c7f-6284-41e7-8cae-b1669a673578/contexts
[HTTP] {}
[HTTP] <-- GET /wd/hub/session/31576c7f-6284-41e7-8cae-b1669a673578/contexts 200 41 ms - 127
[HTTP] 
[HTTP] --> POST /wd/hub/session/31576c7f-6284-41e7-8cae-b1669a673578/context
[HTTP] {"name":"NATIVE_APP"}
[HTTP] <-- POST /wd/hub/session/31576c7f-6284-41e7-8cae-b1669a673578/context 200 35 ms - 76
[HTTP] 
[HTTP] --> POST /wd/hub/session/31576c7f-6284-41e7-8cae-b1669a673578/touch/perform
[HTTP] {"actions":[{"action":"press","options":{"x":800,"y":1000}},{"action":"wait","options":{"ms":500}},{"action":"moveTo","options":{"x":10,"y":800}}]}
[HTTP] <-- POST /wd/hub/session/31576c7f-6284-41e7-8cae-b1669a673578/touch/perform 200 2074 ms - 76
[HTTP] 
[HTTP] --> POST /wd/hub/session/31576c7f-6284-41e7-8cae-b1669a673578/context
[HTTP] {"name":"NATIVE_APP"}
[HTTP] <-- POST /wd/hub/session/31576c7f-6284-41e7-8cae-b1669a673578/context 200 52 ms - 76
[HTTP] 
[HTTP] --> GET /wd/hub/session/31576c7f-6284-41e7-8cae-b1669a673578/window/current/size
[HTTP] {}
[W3C] Driver proxy active, passing request on via HTTP proxy
[JSONWP Proxy] Replacing sessionId a711bb53-1960-418c-b639-9ab378cb291c with 31576c7f-6284-41e7-8cae-b1669a673578
[HTTP] <-- GET /wd/hub/session/31576c7f-6284-41e7-8cae-b1669a673578/window/current/size 200 31 ms - 100
[HTTP] 
[HTTP] --> POST /wd/hub/session/31576c7f-6284-41e7-8cae-b1669a673578/elements
[HTTP] {"using":"-android uiautomator","value":"new UiSelector().className(\"android.widget.LinearLayout\").instance(4)"}
[HTTP] <-- POST /wd/hub/session/31576c7f-6284-41e7-8cae-b1669a673578/elements 200 88 ms - 124
[HTTP] 
[HTTP] --> GET /wd/hub/session/31576c7f-6284-41e7-8cae-b1669a673578
[HTTP] {}
[HTTP] <-- GET /wd/hub/session/31576c7f-6284-41e7-8cae-b1669a673578 200 19 ms - 1284
[HTTP] 
[HTTP] --> GET /wd/hub/session/31576c7f-6284-41e7-8cae-b1669a673578
[HTTP] {}
[HTTP] <-- GET /wd/hub/session/31576c7f-6284-41e7-8cae-b1669a673578 200 18 ms - 1284
[HTTP] 
[HTTP] --> GET /wd/hub/session/31576c7f-6284-41e7-8cae-b1669a673578
[HTTP] {}
[HTTP] <-- GET /wd/hub/session/31576c7f-6284-41e7-8cae-b1669a673578 200 21 ms - 1284
[HTTP] 
[HTTP] --> GET /wd/hub/session/31576c7f-6284-41e7-8cae-b1669a673578
[HTTP] {}
[HTTP] <-- GET /wd/hub/session/31576c7f-6284-41e7-8cae-b1669a673578 200 18 ms - 1284
[HTTP] 
[HTTP] --> GET /wd/hub/session/31576c7f-6284-41e7-8cae-b1669a673578/element/e695e6fa-b97b-4539-b14c-75fb9ef230e2/location
[HTTP] {}
[W3C] Driver proxy active, passing request on via HTTP proxy
[JSONWP Proxy] Replacing sessionId a711bb53-1960-418c-b639-9ab378cb291c with 31576c7f-6284-41e7-8cae-b1669a673578
[HTTP] <-- GET /wd/hub/session/31576c7f-6284-41e7-8cae-b1669a673578/element/e695e6fa-b97b-4539-b14c-75fb9ef230e2/location 200 33 ms - 87
[HTTP] 
[HTTP] --> POST /wd/hub/session/31576c7f-6284-41e7-8cae-b1669a673578/touch/perform
[HTTP] {"actions":[{"action":"tap","options":{"element":"e695e6fa-b97b-4539-b14c-75fb9ef230e2","x":1,"y":1}}]}
[UiAutomator2] calling get location: e695e6fa-b97b-4539-b14c-75fb9ef230e2
[HTTP] <-- POST /wd/hub/session/31576c7f-6284-41e7-8cae-b1669a673578/touch/perform 200 1064 ms - 76
[HTTP] 
[HTTP] --> GET /wd/hub/session/31576c7f-6284-41e7-8cae-b1669a673578/context
[HTTP] {}
[HTTP] <-- GET /wd/hub/session/31576c7f-6284-41e7-8cae-b1669a673578/context 200 3 ms - 84
[HTTP] 
[HTTP] --> GET /wd/hub/session/31576c7f-6284-41e7-8cae-b1669a673578/contexts
[HTTP] {}
[HTTP] <-- GET /wd/hub/session/31576c7f-6284-41e7-8cae-b1669a673578/contexts 200 29 ms - 127
[HTTP] 
[HTTP] --> POST /wd/hub/session/31576c7f-6284-41e7-8cae-b1669a673578/context
[HTTP] {"name":"NATIVE_APP"}
[HTTP] <-- POST /wd/hub/session/31576c7f-6284-41e7-8cae-b1669a673578/context 200 39 ms - 76
[HTTP] 
[HTTP] --> POST /wd/hub/session/31576c7f-6284-41e7-8cae-b1669a673578/touch/perform
[HTTP] {"actions":[{"action":"press","options":{"x":800,"y":1000}},{"action":"wait","options":{"ms":500}},{"action":"moveTo","options":{"x":10,"y":800}}]}
[HTTP] <-- POST /wd/hub/session/31576c7f-6284-41e7-8cae-b1669a673578/touch/perform 200 2054 ms - 76
[HTTP] 
[HTTP] --> POST /wd/hub/session/31576c7f-6284-41e7-8cae-b1669a673578/context
[HTTP] {"name":"NATIVE_APP"}
[HTTP] <-- POST /wd/hub/session/31576c7f-6284-41e7-8cae-b1669a673578/context 200 37 ms - 76
[HTTP] 
[HTTP] --> GET /wd/hub/session/31576c7f-6284-41e7-8cae-b1669a673578/window/current/size
[HTTP] {}
[W3C] Driver proxy active, passing request on via HTTP proxy
[JSONWP Proxy] Replacing sessionId a711bb53-1960-418c-b639-9ab378cb291c with 31576c7f-6284-41e7-8cae-b1669a673578
[HTTP] <-- GET /wd/hub/session/31576c7f-6284-41e7-8cae-b1669a673578/window/current/size 200 32 ms - 100
[HTTP] 
[HTTP] --> POST /wd/hub/session/31576c7f-6284-41e7-8cae-b1669a673578/elements
[HTTP] {"using":"-android uiautomator","value":"new UiSelector().className(\"android.widget.LinearLayout\").instance(4)"}
[HTTP] <-- POST /wd/hub/session/31576c7f-6284-41e7-8cae-b1669a673578/elements 200 93 ms - 124
[HTTP] 
[HTTP] --> GET /wd/hub/session/31576c7f-6284-41e7-8cae-b1669a673578
[HTTP] {}
[HTTP] <-- GET /wd/hub/session/31576c7f-6284-41e7-8cae-b1669a673578 200 15 ms - 1284
[HTTP] 
[HTTP] --> GET /wd/hub/session/31576c7f-6284-41e7-8cae-b1669a673578
[HTTP] {}
[HTTP] <-- GET /wd/hub/session/31576c7f-6284-41e7-8cae-b1669a673578 200 21 ms - 1284
[HTTP] 
[HTTP] --> GET /wd/hub/session/31576c7f-6284-41e7-8cae-b1669a673578
[HTTP] {}
[HTTP] <-- GET /wd/hub/session/31576c7f-6284-41e7-8cae-b1669a673578 200 21 ms - 1284
[HTTP] 
[HTTP] --> GET /wd/hub/session/31576c7f-6284-41e7-8cae-b1669a673578
[HTTP] {}
[HTTP] <-- GET /wd/hub/session/31576c7f-6284-41e7-8cae-b1669a673578 200 14 ms - 1284
[HTTP] 
[HTTP] --> GET /wd/hub/session/31576c7f-6284-41e7-8cae-b1669a673578/element/81ceeb7a-6e3a-4d36-9130-91f22ea1f6d9/location
[HTTP] {}
[W3C] Driver proxy active, passing request on via HTTP proxy
[JSONWP Proxy] Replacing sessionId a711bb53-1960-418c-b639-9ab378cb291c with 31576c7f-6284-41e7-8cae-b1669a673578
[HTTP] <-- GET /wd/hub/session/31576c7f-6284-41e7-8cae-b1669a673578/element/81ceeb7a-6e3a-4d36-9130-91f22ea1f6d9/location 200 27 ms - 87
[HTTP] 
[HTTP] --> POST /wd/hub/session/31576c7f-6284-41e7-8cae-b1669a673578/touch/perform
[HTTP] {"actions":[{"action":"tap","options":{"element":"81ceeb7a-6e3a-4d36-9130-91f22ea1f6d9","x":1,"y":1}}]}
[UiAutomator2] calling get location: 81ceeb7a-6e3a-4d36-9130-91f22ea1f6d9
[HTTP] <-- POST /wd/hub/session/31576c7f-6284-41e7-8cae-b1669a673578/touch/perform 200 1134 ms - 76
[HTTP] 
[HTTP] --> GET /wd/hub/session/31576c7f-6284-41e7-8cae-b1669a673578/context
[HTTP] {}
[HTTP] <-- GET /wd/hub/session/31576c7f-6284-41e7-8cae-b1669a673578/context 200 3 ms - 84
[HTTP] 
[HTTP] --> GET /wd/hub/session/31576c7f-6284-41e7-8cae-b1669a673578/contexts
[HTTP] {}
[HTTP] <-- GET /wd/hub/session/31576c7f-6284-41e7-8cae-b1669a673578/contexts 200 31 ms - 127
[HTTP] 
[HTTP] --> POST /wd/hub/session/31576c7f-6284-41e7-8cae-b1669a673578/context
[HTTP] {"name":"NATIVE_APP"}
[HTTP] <-- POST /wd/hub/session/31576c7f-6284-41e7-8cae-b1669a673578/context 200 41 ms - 76
[HTTP] 
[HTTP] --> POST /wd/hub/session/31576c7f-6284-41e7-8cae-b1669a673578/touch/perform
[HTTP] {"actions":[{"action":"press","options":{"x":800,"y":1000}},{"action":"wait","options":{"ms":500}},{"action":"moveTo","options":{"x":10,"y":800}}]}
[HTTP] <-- POST /wd/hub/session/31576c7f-6284-41e7-8cae-b1669a673578/touch/perform 200 2061 ms - 76
[HTTP] 
[HTTP] --> POST /wd/hub/session/31576c7f-6284-41e7-8cae-b1669a673578/context
[HTTP] {"name":"NATIVE_APP"}
[HTTP] <-- POST /wd/hub/session/31576c7f-6284-41e7-8cae-b1669a673578/context 200 76 ms - 76
[HTTP] 
[HTTP] --> GET /wd/hub/session/31576c7f-6284-41e7-8cae-b1669a673578/window/current/size
[HTTP] {}
[W3C] Driver proxy active, passing request on via HTTP proxy
[JSONWP Proxy] Replacing sessionId a711bb53-1960-418c-b639-9ab378cb291c with 31576c7f-6284-41e7-8cae-b1669a673578
[HTTP] <-- GET /wd/hub/session/31576c7f-6284-41e7-8cae-b1669a673578/window/current/size 200 74 ms - 100
[HTTP] 
[HTTP] --> POST /wd/hub/session/31576c7f-6284-41e7-8cae-b1669a673578/elements
[HTTP] {"using":"-android uiautomator","value":"new UiSelector().className(\"android.widget.LinearLayout\").instance(4)"}
[HTTP] <-- POST /wd/hub/session/31576c7f-6284-41e7-8cae-b1669a673578/elements 200 158 ms - 124
[HTTP] 
[HTTP] --> GET /wd/hub/session/31576c7f-6284-41e7-8cae-b1669a673578
[HTTP] {}
[HTTP] <-- GET /wd/hub/session/31576c7f-6284-41e7-8cae-b1669a673578 200 44 ms - 1167
[HTTP] 
[HTTP] --> GET /wd/hub/session/31576c7f-6284-41e7-8cae-b1669a673578
[HTTP] {}
[HTTP] <-- GET /wd/hub/session/31576c7f-6284-41e7-8cae-b1669a673578 200 27 ms - 1167
[HTTP] 
[HTTP] --> GET /wd/hub/session/31576c7f-6284-41e7-8cae-b1669a673578
[HTTP] {}
[HTTP] <-- GET /wd/hub/session/31576c7f-6284-41e7-8cae-b1669a673578 200 55 ms - 1167
[HTTP] 
[HTTP] --> GET /wd/hub/session/31576c7f-6284-41e7-8cae-b1669a673578
[HTTP] {}
[HTTP] <-- GET /wd/hub/session/31576c7f-6284-41e7-8cae-b1669a673578 200 52 ms - 1167
[HTTP] 
[HTTP] --> GET /wd/hub/session/31576c7f-6284-41e7-8cae-b1669a673578/element/c624ec80-fc78-438a-856a-5ef3921ab648/location
[HTTP] {}
[W3C] Driver proxy active, passing request on via HTTP proxy
[JSONWP Proxy] Replacing sessionId a711bb53-1960-418c-b639-9ab378cb291c with 31576c7f-6284-41e7-8cae-b1669a673578
[HTTP] <-- GET /wd/hub/session/31576c7f-6284-41e7-8cae-b1669a673578/element/c624ec80-fc78-438a-856a-5ef3921ab648/location 200 87 ms - 88
[HTTP] 
[HTTP] --> POST /wd/hub/session/31576c7f-6284-41e7-8cae-b1669a673578/touch/perform
[HTTP] {"actions":[{"action":"tap","options":{"element":"c624ec80-fc78-438a-856a-5ef3921ab648","x":1,"y":1}}]}
[UiAutomator2] calling get location: c624ec80-fc78-438a-856a-5ef3921ab648
[HTTP] <-- POST /wd/hub/session/31576c7f-6284-41e7-8cae-b1669a673578/touch/perform 200 3273 ms - 76
[HTTP] 
[HTTP] --> GET /wd/hub/session/31576c7f-6284-41e7-8cae-b1669a673578/context
[HTTP] {}
[HTTP] <-- GET /wd/hub/session/31576c7f-6284-41e7-8cae-b1669a673578/context 200 2 ms - 84
[HTTP] 
[HTTP] --> GET /wd/hub/session/31576c7f-6284-41e7-8cae-b1669a673578/contexts
[HTTP] {}
[HTTP] <-- GET /wd/hub/session/31576c7f-6284-41e7-8cae-b1669a673578/contexts 200 40 ms - 127
[HTTP] 
[HTTP] --> POST /wd/hub/session/31576c7f-6284-41e7-8cae-b1669a673578/context
[HTTP] {"name":"NATIVE_APP"}
[HTTP] <-- POST /wd/hub/session/31576c7f-6284-41e7-8cae-b1669a673578/context 200 39 ms - 76
[HTTP] 
[HTTP] --> POST /wd/hub/session/31576c7f-6284-41e7-8cae-b1669a673578/touch/perform
[HTTP] {"actions":[{"action":"press","options":{"x":800,"y":1000}},{"action":"wait","options":{"ms":500}},{"action":"moveTo","options":{"x":10,"y":800}}]}
[HTTP] <-- POST /wd/hub/session/31576c7f-6284-41e7-8cae-b1669a673578/touch/perform 200 2065 ms - 76
[HTTP] 
[HTTP] --> POST /wd/hub/session/31576c7f-6284-41e7-8cae-b1669a673578/context
[HTTP] {"name":"NATIVE_APP"}
[HTTP] <-- POST /wd/hub/session/31576c7f-6284-41e7-8cae-b1669a673578/context 200 64 ms - 76
[HTTP] 
[HTTP] --> GET /wd/hub/session/31576c7f-6284-41e7-8cae-b1669a673578/window/current/size
[HTTP] {}
[W3C] Driver proxy active, passing request on via HTTP proxy
[JSONWP Proxy] Replacing sessionId a711bb53-1960-418c-b639-9ab378cb291c with 31576c7f-6284-41e7-8cae-b1669a673578
[HTTP] <-- GET /wd/hub/session/31576c7f-6284-41e7-8cae-b1669a673578/window/current/size 200 67 ms - 100
[HTTP] 
[HTTP] --> POST /wd/hub/session/31576c7f-6284-41e7-8cae-b1669a673578/elements
[HTTP] {"using":"-android uiautomator","value":"new UiSelector().className(\"android.widget.EditText\").text(\"No Handphone\").resourceId(\"id.co.fundtastic.client:id/et_phone\").instance(0)"}
[HTTP] <-- POST /wd/hub/session/31576c7f-6284-41e7-8cae-b1669a673578/elements 200 120 ms - 124
[HTTP] 
[HTTP] --> GET /wd/hub/session/31576c7f-6284-41e7-8cae-b1669a673578
[HTTP] {}
[HTTP] <-- GET /wd/hub/session/31576c7f-6284-41e7-8cae-b1669a673578 200 23 ms - 1167
[HTTP] 
[HTTP] --> GET /wd/hub/session/31576c7f-6284-41e7-8cae-b1669a673578
[HTTP] {}
[HTTP] <-- GET /wd/hub/session/31576c7f-6284-41e7-8cae-b1669a673578 200 36 ms - 1167
[HTTP] 
[HTTP] --> GET /wd/hub/session/31576c7f-6284-41e7-8cae-b1669a673578
[HTTP] {}
[HTTP] <-- GET /wd/hub/session/31576c7f-6284-41e7-8cae-b1669a673578 200 35 ms - 1167
[HTTP] 
[HTTP] --> GET /wd/hub/session/31576c7f-6284-41e7-8cae-b1669a673578
[HTTP] {}
[HTTP] <-- GET /wd/hub/session/31576c7f-6284-41e7-8cae-b1669a673578 200 57 ms - 1167
[HTTP] 
[HTTP] --> GET /wd/hub/session/31576c7f-6284-41e7-8cae-b1669a673578/element/fd174300-19aa-4e06-b5e0-0a3f807c1256/location
[HTTP] {}
[W3C] Driver proxy active, passing request on via HTTP proxy
[JSONWP Proxy] Replacing sessionId a711bb53-1960-418c-b639-9ab378cb291c with 31576c7f-6284-41e7-8cae-b1669a673578
[HTTP] <-- GET /wd/hub/session/31576c7f-6284-41e7-8cae-b1669a673578/element/fd174300-19aa-4e06-b5e0-0a3f807c1256/location 200 102 ms - 88
[HTTP] 
[HTTP] --> POST /wd/hub/session/31576c7f-6284-41e7-8cae-b1669a673578/element/fd174300-19aa-4e06-b5e0-0a3f807c1256/clear
[HTTP] {"id":"fd174300-19aa-4e06-b5e0-0a3f807c1256"}
[HTTP] <-- POST /wd/hub/session/31576c7f-6284-41e7-8cae-b1669a673578/element/fd174300-19aa-4e06-b5e0-0a3f807c1256/clear 200 101 ms - 89
[HTTP] 
[HTTP] --> POST /wd/hub/session/31576c7f-6284-41e7-8cae-b1669a673578/element/fd174300-19aa-4e06-b5e0-0a3f807c1256/value
[HTTP] {"id":"fd174300-19aa-4e06-b5e0-0a3f807c1256","value":["081215161452"]}
[HTTP] <-- POST /wd/hub/session/31576c7f-6284-41e7-8cae-b1669a673578/element/fd174300-19aa-4e06-b5e0-0a3f807c1256/value 200 1206 ms - 74
[HTTP] 
[HTTP] --> GET /wd/hub/session/31576c7f-6284-41e7-8cae-b1669a673578/window/current/size
[HTTP] {}
[W3C] Driver proxy active, passing request on via HTTP proxy
[JSONWP Proxy] Replacing sessionId a711bb53-1960-418c-b639-9ab378cb291c with 31576c7f-6284-41e7-8cae-b1669a673578
[HTTP] <-- GET /wd/hub/session/31576c7f-6284-41e7-8cae-b1669a673578/window/current/size 200 18 ms - 100
[HTTP] 
[HTTP] --> POST /wd/hub/session/31576c7f-6284-41e7-8cae-b1669a673578/elements
[HTTP] {"using":"-android uiautomator","value":"new UiSelector().className(\"android.widget.Button\").text(\"MASUK\").resourceId(\"id.co.fundtastic.client:id/btnLogin\").instance(0)"}
[HTTP] <-- POST /wd/hub/session/31576c7f-6284-41e7-8cae-b1669a673578/elements 200 486 ms - 124
[HTTP] 
[HTTP] --> GET /wd/hub/session/31576c7f-6284-41e7-8cae-b1669a673578
[HTTP] {}
[HTTP] <-- GET /wd/hub/session/31576c7f-6284-41e7-8cae-b1669a673578 200 18 ms - 1167
[HTTP] 
[HTTP] --> GET /wd/hub/session/31576c7f-6284-41e7-8cae-b1669a673578
[HTTP] {}
[HTTP] <-- GET /wd/hub/session/31576c7f-6284-41e7-8cae-b1669a673578 200 10 ms - 1167
[HTTP] 
[HTTP] --> GET /wd/hub/session/31576c7f-6284-41e7-8cae-b1669a673578
[HTTP] {}
[HTTP] <-- GET /wd/hub/session/31576c7f-6284-41e7-8cae-b1669a673578 200 11 ms - 1167
[HTTP] 
[HTTP] --> GET /wd/hub/session/31576c7f-6284-41e7-8cae-b1669a673578
[HTTP] {}
[HTTP] <-- GET /wd/hub/session/31576c7f-6284-41e7-8cae-b1669a673578 200 11 ms - 1167
[HTTP] 
[HTTP] --> GET /wd/hub/session/31576c7f-6284-41e7-8cae-b1669a673578/element/9793e2ab-42a2-40e4-b96f-18c0f342964b/location
[HTTP] {}
[W3C] Driver proxy active, passing request on via HTTP proxy
[JSONWP Proxy] Replacing sessionId a711bb53-1960-418c-b639-9ab378cb291c with 31576c7f-6284-41e7-8cae-b1669a673578
[HTTP] <-- GET /wd/hub/session/31576c7f-6284-41e7-8cae-b1669a673578/element/9793e2ab-42a2-40e4-b96f-18c0f342964b/location 200 18 ms - 88
[HTTP] 
[HTTP] --> POST /wd/hub/session/31576c7f-6284-41e7-8cae-b1669a673578/touch/perform
[HTTP] {"actions":[{"action":"tap","options":{"element":"9793e2ab-42a2-40e4-b96f-18c0f342964b","x":1,"y":1}}]}
[UiAutomator2] calling get location: 9793e2ab-42a2-40e4-b96f-18c0f342964b
[HTTP] <-- POST /wd/hub/session/31576c7f-6284-41e7-8cae-b1669a673578/touch/perform 200 787 ms - 76
[HTTP] 
[HTTP] --> GET /wd/hub/session/31576c7f-6284-41e7-8cae-b1669a673578/window/current/size
[HTTP] {}
[W3C] Driver proxy active, passing request on via HTTP proxy
[JSONWP Proxy] Replacing sessionId a711bb53-1960-418c-b639-9ab378cb291c with 31576c7f-6284-41e7-8cae-b1669a673578
[HTTP] <-- GET /wd/hub/session/31576c7f-6284-41e7-8cae-b1669a673578/window/current/size 200 21 ms - 100
[HTTP] 
[HTTP] --> POST /wd/hub/session/31576c7f-6284-41e7-8cae-b1669a673578/elements
[HTTP] {"using":"-android uiautomator","value":"new UiSelector().className(\"android.widget.TextView\").text(\"Verifikasi Nomor HP\").instance(0)"}
[HTTP] <-- POST /wd/hub/session/31576c7f-6284-41e7-8cae-b1669a673578/elements 200 488 ms - 124
[HTTP] 
[HTTP] --> GET /wd/hub/session/31576c7f-6284-41e7-8cae-b1669a673578
[HTTP] {}
[HTTP] <-- GET /wd/hub/session/31576c7f-6284-41e7-8cae-b1669a673578 200 10 ms - 1167
[HTTP] 
[HTTP] --> GET /wd/hub/session/31576c7f-6284-41e7-8cae-b1669a673578
[HTTP] {}
[HTTP] <-- GET /wd/hub/session/31576c7f-6284-41e7-8cae-b1669a673578 200 11 ms - 1167
[HTTP] 
[HTTP] --> GET /wd/hub/session/31576c7f-6284-41e7-8cae-b1669a673578
[HTTP] {}
[HTTP] <-- GET /wd/hub/session/31576c7f-6284-41e7-8cae-b1669a673578 200 10 ms - 1167
[HTTP] 
[HTTP] --> GET /wd/hub/session/31576c7f-6284-41e7-8cae-b1669a673578
[HTTP] {}
[HTTP] <-- GET /wd/hub/session/31576c7f-6284-41e7-8cae-b1669a673578 200 11 ms - 1167
[HTTP] 
[HTTP] --> GET /wd/hub/session/31576c7f-6284-41e7-8cae-b1669a673578/element/b2358838-c5b5-4472-9a6f-67a6bad89de7/location
[HTTP] {}
[W3C] Driver proxy active, passing request on via HTTP proxy
[JSONWP Proxy] Replacing sessionId a711bb53-1960-418c-b639-9ab378cb291c with 31576c7f-6284-41e7-8cae-b1669a673578
[HTTP] <-- GET /wd/hub/session/31576c7f-6284-41e7-8cae-b1669a673578/element/b2358838-c5b5-4472-9a6f-67a6bad89de7/location 200 16 ms - 89
[HTTP] 
[HTTP] --> GET /wd/hub/session/31576c7f-6284-41e7-8cae-b1669a673578/element/b2358838-c5b5-4472-9a6f-67a6bad89de7/text
[HTTP] {}
[W3C] Driver proxy active, passing request on via HTTP proxy
[JSONWP Proxy] Replacing sessionId a711bb53-1960-418c-b639-9ab378cb291c with 31576c7f-6284-41e7-8cae-b1669a673578
[HTTP] <-- GET /wd/hub/session/31576c7f-6284-41e7-8cae-b1669a673578/element/b2358838-c5b5-4472-9a6f-67a6bad89de7/text 200 18 ms - 93
[HTTP] 
[HTTP] --> GET /wd/hub/session/31576c7f-6284-41e7-8cae-b1669a673578/window/current/size
[HTTP] {}
[W3C] Driver proxy active, passing request on via HTTP proxy
[JSONWP Proxy] Replacing sessionId a711bb53-1960-418c-b639-9ab378cb291c with 31576c7f-6284-41e7-8cae-b1669a673578
[HTTP] <-- GET /wd/hub/session/31576c7f-6284-41e7-8cae-b1669a673578/window/current/size 200 19 ms - 100
[HTTP] 
[HTTP] --> POST /wd/hub/session/31576c7f-6284-41e7-8cae-b1669a673578/elements
[HTTP] {"using":"-android uiautomator","value":"new UiSelector().className(\"android.widget.EditText\").resourceId(\"id.co.fundtastic.client:id/et_otp\").instance(0)"}
[HTTP] <-- POST /wd/hub/session/31576c7f-6284-41e7-8cae-b1669a673578/elements 200 45 ms - 124
[HTTP] 
[HTTP] --> GET /wd/hub/session/31576c7f-6284-41e7-8cae-b1669a673578
[HTTP] {}
[HTTP] <-- GET /wd/hub/session/31576c7f-6284-41e7-8cae-b1669a673578 200 20 ms - 1167
[HTTP] 
[HTTP] --> GET /wd/hub/session/31576c7f-6284-41e7-8cae-b1669a673578
[HTTP] {}
[HTTP] <-- GET /wd/hub/session/31576c7f-6284-41e7-8cae-b1669a673578 200 39 ms - 1167
[HTTP] 
[HTTP] --> GET /wd/hub/session/31576c7f-6284-41e7-8cae-b1669a673578
[HTTP] {}
[HTTP] <-- GET /wd/hub/session/31576c7f-6284-41e7-8cae-b1669a673578 200 62 ms - 1167
[HTTP] 
[HTTP] --> GET /wd/hub/session/31576c7f-6284-41e7-8cae-b1669a673578
[HTTP] {}
[HTTP] <-- GET /wd/hub/session/31576c7f-6284-41e7-8cae-b1669a673578 200 35 ms - 1167
[HTTP] 
[HTTP] --> GET /wd/hub/session/31576c7f-6284-41e7-8cae-b1669a673578/element/6bf8474d-98ee-4f4d-8d8d-85685c25712c/location
[HTTP] {}
[W3C] Driver proxy active, passing request on via HTTP proxy
[JSONWP Proxy] Replacing sessionId a711bb53-1960-418c-b639-9ab378cb291c with 31576c7f-6284-41e7-8cae-b1669a673578
[HTTP] <-- GET /wd/hub/session/31576c7f-6284-41e7-8cae-b1669a673578/element/6bf8474d-98ee-4f4d-8d8d-85685c25712c/location 200 395 ms - 89
[HTTP] 
[HTTP] --> POST /wd/hub/session/31576c7f-6284-41e7-8cae-b1669a673578/touch/perform
[HTTP] {"actions":[{"action":"tap","options":{"element":"6bf8474d-98ee-4f4d-8d8d-85685c25712c","x":1,"y":1}}]}
[UiAutomator2] calling get location: 6bf8474d-98ee-4f4d-8d8d-85685c25712c
[HTTP] <-- POST /wd/hub/session/31576c7f-6284-41e7-8cae-b1669a673578/touch/perform 200 992 ms - 76
[HTTP] 
[HTTP] --> GET /wd/hub/session/31576c7f-6284-41e7-8cae-b1669a673578/window/current/size
[HTTP] {}
[W3C] Driver proxy active, passing request on via HTTP proxy
[JSONWP Proxy] Replacing sessionId a711bb53-1960-418c-b639-9ab378cb291c with 31576c7f-6284-41e7-8cae-b1669a673578
[HTTP] <-- GET /wd/hub/session/31576c7f-6284-41e7-8cae-b1669a673578/window/current/size 200 16 ms - 100
[HTTP] 
[HTTP] --> POST /wd/hub/session/31576c7f-6284-41e7-8cae-b1669a673578/elements
[HTTP] {"using":"-android uiautomator","value":"new UiSelector().className(\"android.widget.EditText\").resourceId(\"id.co.fundtastic.client:id/et_otp\").instance(0)"}
[HTTP] <-- POST /wd/hub/session/31576c7f-6284-41e7-8cae-b1669a673578/elements 200 42 ms - 124
[HTTP] 
[HTTP] --> GET /wd/hub/session/31576c7f-6284-41e7-8cae-b1669a673578
[HTTP] {}
[HTTP] <-- GET /wd/hub/session/31576c7f-6284-41e7-8cae-b1669a673578 200 13 ms - 1167
[HTTP] 
[HTTP] --> GET /wd/hub/session/31576c7f-6284-41e7-8cae-b1669a673578
[HTTP] {}
[HTTP] <-- GET /wd/hub/session/31576c7f-6284-41e7-8cae-b1669a673578 200 13 ms - 1167
[HTTP] 
[HTTP] --> GET /wd/hub/session/31576c7f-6284-41e7-8cae-b1669a673578
[HTTP] {}
[HTTP] <-- GET /wd/hub/session/31576c7f-6284-41e7-8cae-b1669a673578 200 16 ms - 1167
[HTTP] 
[HTTP] --> GET /wd/hub/session/31576c7f-6284-41e7-8cae-b1669a673578
[HTTP] {}
[HTTP] <-- GET /wd/hub/session/31576c7f-6284-41e7-8cae-b1669a673578 200 14 ms - 1167
[HTTP] 
[HTTP] --> GET /wd/hub/session/31576c7f-6284-41e7-8cae-b1669a673578/element/34ca3c78-adc1-4446-b24e-e0f9ec0cc9e9/location
[HTTP] {}
[W3C] Driver proxy active, passing request on via HTTP proxy
[JSONWP Proxy] Replacing sessionId a711bb53-1960-418c-b639-9ab378cb291c with 31576c7f-6284-41e7-8cae-b1669a673578
[HTTP] <-- GET /wd/hub/session/31576c7f-6284-41e7-8cae-b1669a673578/element/34ca3c78-adc1-4446-b24e-e0f9ec0cc9e9/location 200 41 ms - 89
[HTTP] 
[HTTP] --> POST /wd/hub/session/31576c7f-6284-41e7-8cae-b1669a673578/element/34ca3c78-adc1-4446-b24e-e0f9ec0cc9e9/clear
[HTTP] {"id":"34ca3c78-adc1-4446-b24e-e0f9ec0cc9e9"}
[HTTP] <-- POST /wd/hub/session/31576c7f-6284-41e7-8cae-b1669a673578/element/34ca3c78-adc1-4446-b24e-e0f9ec0cc9e9/clear 200 39 ms - 89
[HTTP] 
[HTTP] --> POST /wd/hub/session/31576c7f-6284-41e7-8cae-b1669a673578/element/34ca3c78-adc1-4446-b24e-e0f9ec0cc9e9/value
[HTTP] {"id":"34ca3c78-adc1-4446-b24e-e0f9ec0cc9e9","value":["8888"]}
[HTTP] <-- POST /wd/hub/session/31576c7f-6284-41e7-8cae-b1669a673578/element/34ca3c78-adc1-4446-b24e-e0f9ec0cc9e9/value 200 788 ms - 74
[HTTP] 
[HTTP] --> GET /wd/hub/session/31576c7f-6284-41e7-8cae-b1669a673578/window/current/size
[HTTP] {}
[W3C] Driver proxy active, passing request on via HTTP proxy
[JSONWP Proxy] Replacing sessionId a711bb53-1960-418c-b639-9ab378cb291c with 31576c7f-6284-41e7-8cae-b1669a673578
[HTTP] <-- GET /wd/hub/session/31576c7f-6284-41e7-8cae-b1669a673578/window/current/size 200 64 ms - 100
[HTTP] 
[HTTP] --> POST /wd/hub/session/31576c7f-6284-41e7-8cae-b1669a673578/elements
[HTTP] {"using":"-android uiautomator","value":"new UiSelector().className(\"android.widget.Button\").text(\"Verifikasi Sekarang\").resourceId(\"id.co.fundtastic.client:id/btnVerified\").instance(0)"}
[HTTP] <-- POST /wd/hub/session/31576c7f-6284-41e7-8cae-b1669a673578/elements 200 873 ms - 124
[HTTP] 
[HTTP] --> GET /wd/hub/session/31576c7f-6284-41e7-8cae-b1669a673578
[HTTP] {}
[HTTP] <-- GET /wd/hub/session/31576c7f-6284-41e7-8cae-b1669a673578 200 11 ms - 1167
[HTTP] 
[HTTP] --> GET /wd/hub/session/31576c7f-6284-41e7-8cae-b1669a673578
[HTTP] {}
[HTTP] <-- GET /wd/hub/session/31576c7f-6284-41e7-8cae-b1669a673578 200 11 ms - 1167
[HTTP] 
[HTTP] --> GET /wd/hub/session/31576c7f-6284-41e7-8cae-b1669a673578
[HTTP] {}
[HTTP] <-- GET /wd/hub/session/31576c7f-6284-41e7-8cae-b1669a673578 200 11 ms - 1167
[HTTP] 
[HTTP] --> GET /wd/hub/session/31576c7f-6284-41e7-8cae-b1669a673578
[HTTP] {}
[HTTP] <-- GET /wd/hub/session/31576c7f-6284-41e7-8cae-b1669a673578 200 13 ms - 1167
[HTTP] 
[HTTP] --> GET /wd/hub/session/31576c7f-6284-41e7-8cae-b1669a673578/element/450ead3c-aa71-4a15-81e2-e66798f12669/location
[HTTP] {}
[W3C] Driver proxy active, passing request on via HTTP proxy
[JSONWP Proxy] Replacing sessionId a711bb53-1960-418c-b639-9ab378cb291c with 31576c7f-6284-41e7-8cae-b1669a673578
[HTTP] <-- GET /wd/hub/session/31576c7f-6284-41e7-8cae-b1669a673578/element/450ead3c-aa71-4a15-81e2-e66798f12669/location 200 24 ms - 88
[HTTP] 
[HTTP] --> POST /wd/hub/session/31576c7f-6284-41e7-8cae-b1669a673578/touch/perform
[HTTP] {"actions":[{"action":"tap","options":{"element":"450ead3c-aa71-4a15-81e2-e66798f12669","x":1,"y":1}}]}
[UiAutomator2] calling get location: 450ead3c-aa71-4a15-81e2-e66798f12669
[HTTP] <-- POST /wd/hub/session/31576c7f-6284-41e7-8cae-b1669a673578/touch/perform 200 999 ms - 76
[HTTP] 
[HTTP] --> GET /wd/hub/session/31576c7f-6284-41e7-8cae-b1669a673578/window/current/size
[HTTP] {}
[W3C] Driver proxy active, passing request on via HTTP proxy
[JSONWP Proxy] Replacing sessionId a711bb53-1960-418c-b639-9ab378cb291c with 31576c7f-6284-41e7-8cae-b1669a673578
[HTTP] <-- GET /wd/hub/session/31576c7f-6284-41e7-8cae-b1669a673578/window/current/size 200 41 ms - 100
[HTTP] 
[HTTP] --> POST /wd/hub/session/31576c7f-6284-41e7-8cae-b1669a673578/elements
[HTTP] {"using":"-android uiautomator","value":"new UiSelector().className(\"android.widget.TextView\").text(\"Portofolio\").resourceId(\"id.co.fundtastic.client:id/smallLabel\").instance(11)"}
[HTTP] <-- POST /wd/hub/session/31576c7f-6284-41e7-8cae-b1669a673578/elements 200 595 ms - 124
[HTTP] 
[HTTP] --> GET /wd/hub/session/31576c7f-6284-41e7-8cae-b1669a673578
[HTTP] {}
[HTTP] <-- GET /wd/hub/session/31576c7f-6284-41e7-8cae-b1669a673578 200 10 ms - 1167
[HTTP] 
[HTTP] --> GET /wd/hub/session/31576c7f-6284-41e7-8cae-b1669a673578
[HTTP] {}
[HTTP] <-- GET /wd/hub/session/31576c7f-6284-41e7-8cae-b1669a673578 200 10 ms - 1167
[HTTP] 
[HTTP] --> GET /wd/hub/session/31576c7f-6284-41e7-8cae-b1669a673578
[HTTP] {}
[HTTP] <-- GET /wd/hub/session/31576c7f-6284-41e7-8cae-b1669a673578 200 12 ms - 1167
[HTTP] 
[HTTP] --> GET /wd/hub/session/31576c7f-6284-41e7-8cae-b1669a673578
[HTTP] {}
[HTTP] <-- GET /wd/hub/session/31576c7f-6284-41e7-8cae-b1669a673578 200 10 ms - 1167
[HTTP] 
[HTTP] --> GET /wd/hub/session/31576c7f-6284-41e7-8cae-b1669a673578/element/34fd8962-b687-4dfe-a36a-0de2d24d10f7/location
[HTTP] {}
[W3C] Driver proxy active, passing request on via HTTP proxy
[JSONWP Proxy] Replacing sessionId a711bb53-1960-418c-b639-9ab378cb291c with 31576c7f-6284-41e7-8cae-b1669a673578
[HTTP] <-- GET /wd/hub/session/31576c7f-6284-41e7-8cae-b1669a673578/element/34fd8962-b687-4dfe-a36a-0de2d24d10f7/location 200 20 ms - 90
[HTTP] 
[HTTP] --> POST /wd/hub/session/31576c7f-6284-41e7-8cae-b1669a673578/touch/perform
[HTTP] {"actions":[{"action":"tap","options":{"element":"34fd8962-b687-4dfe-a36a-0de2d24d10f7","x":1,"y":1}}]}
[UiAutomator2] calling get location: 34fd8962-b687-4dfe-a36a-0de2d24d10f7
[HTTP] <-- POST /wd/hub/session/31576c7f-6284-41e7-8cae-b1669a673578/touch/perform 200 1548 ms - 76
[HTTP] 
[HTTP] --> GET /wd/hub/session/31576c7f-6284-41e7-8cae-b1669a673578/window/current/size
[HTTP] {}
[W3C] Driver proxy active, passing request on via HTTP proxy
[JSONWP Proxy] Replacing sessionId a711bb53-1960-418c-b639-9ab378cb291c with 31576c7f-6284-41e7-8cae-b1669a673578
[HTTP] <-- GET /wd/hub/session/31576c7f-6284-41e7-8cae-b1669a673578/window/current/size 200 28 ms - 100
[HTTP] 
[HTTP] --> POST /wd/hub/session/31576c7f-6284-41e7-8cae-b1669a673578/elements
[HTTP] {"using":"-android uiautomator","value":"new UiSelector().className(\"android.widget.FrameLayout\").instance(6)"}
[HTTP] <-- POST /wd/hub/session/31576c7f-6284-41e7-8cae-b1669a673578/elements 200 48 ms - 124
[HTTP] 
[HTTP] --> GET /wd/hub/session/31576c7f-6284-41e7-8cae-b1669a673578
[HTTP] {}
[HTTP] <-- GET /wd/hub/session/31576c7f-6284-41e7-8cae-b1669a673578 200 22 ms - 1167
[HTTP] 
[HTTP] --> GET /wd/hub/session/31576c7f-6284-41e7-8cae-b1669a673578
[HTTP] {}
[HTTP] <-- GET /wd/hub/session/31576c7f-6284-41e7-8cae-b1669a673578 200 15 ms - 1167
[HTTP] 
[HTTP] --> GET /wd/hub/session/31576c7f-6284-41e7-8cae-b1669a673578
[HTTP] {}
[HTTP] <-- GET /wd/hub/session/31576c7f-6284-41e7-8cae-b1669a673578 200 15 ms - 1167
[HTTP] 
[HTTP] --> GET /wd/hub/session/31576c7f-6284-41e7-8cae-b1669a673578
[HTTP] {}
[HTTP] <-- GET /wd/hub/session/31576c7f-6284-41e7-8cae-b1669a673578 200 61 ms - 1167
[HTTP] 
[HTTP] --> GET /wd/hub/session/31576c7f-6284-41e7-8cae-b1669a673578/element/e645d7af-699b-4aed-bc86-30b193ce696a/location
[HTTP] {}
[W3C] Driver proxy active, passing request on via HTTP proxy
[JSONWP Proxy] Replacing sessionId a711bb53-1960-418c-b639-9ab378cb291c with 31576c7f-6284-41e7-8cae-b1669a673578
[HTTP] <-- GET /wd/hub/session/31576c7f-6284-41e7-8cae-b1669a673578/element/e645d7af-699b-4aed-bc86-30b193ce696a/location 200 51 ms - 87
[HTTP] 
[HTTP] --> POST /wd/hub/session/31576c7f-6284-41e7-8cae-b1669a673578/touch/perform
[HTTP] {"actions":[{"action":"tap","options":{"element":"e645d7af-699b-4aed-bc86-30b193ce696a","x":1,"y":1}}]}
[UiAutomator2] calling get location: e645d7af-699b-4aed-bc86-30b193ce696a
[HTTP] <-- POST /wd/hub/session/31576c7f-6284-41e7-8cae-b1669a673578/touch/perform 200 973 ms - 76
[HTTP] 
[HTTP] --> GET /wd/hub/session/31576c7f-6284-41e7-8cae-b1669a673578/window/current/size
[HTTP] {}
[W3C] Driver proxy active, passing request on via HTTP proxy
[JSONWP Proxy] Replacing sessionId a711bb53-1960-418c-b639-9ab378cb291c with 31576c7f-6284-41e7-8cae-b1669a673578
[HTTP] <-- GET /wd/hub/session/31576c7f-6284-41e7-8cae-b1669a673578/window/current/size 200 19 ms - 100
[HTTP] 
[HTTP] --> POST /wd/hub/session/31576c7f-6284-41e7-8cae-b1669a673578/elements
[HTTP] {"using":"-android uiautomator","value":"new UiSelector().className(\"android.widget.TextView\").text(\"TOP UP\").resourceId(\"id.co.fundtastic.client:id/topUp\").instance(10)"}
[HTTP] <-- POST /wd/hub/session/31576c7f-6284-41e7-8cae-b1669a673578/elements 200 74 ms - 124
[HTTP] 
[HTTP] --> GET /wd/hub/session/31576c7f-6284-41e7-8cae-b1669a673578
[HTTP] {}
[HTTP] <-- GET /wd/hub/session/31576c7f-6284-41e7-8cae-b1669a673578 200 14 ms - 1167
[HTTP] 
[HTTP] --> GET /wd/hub/session/31576c7f-6284-41e7-8cae-b1669a673578
[HTTP] {}
[HTTP] <-- GET /wd/hub/session/31576c7f-6284-41e7-8cae-b1669a673578 200 15 ms - 1167
[HTTP] 
[HTTP] --> GET /wd/hub/session/31576c7f-6284-41e7-8cae-b1669a673578
[HTTP] {}
[HTTP] <-- GET /wd/hub/session/31576c7f-6284-41e7-8cae-b1669a673578 200 18 ms - 1167
[HTTP] 
[HTTP] --> GET /wd/hub/session/31576c7f-6284-41e7-8cae-b1669a673578
[HTTP] {}
[HTTP] <-- GET /wd/hub/session/31576c7f-6284-41e7-8cae-b1669a673578 200 14 ms - 1167
[HTTP] 
[HTTP] --> GET /wd/hub/session/31576c7f-6284-41e7-8cae-b1669a673578/element/d6c21f3d-6fb0-4227-92cc-1fb06a8a48fd/location
[HTTP] {}
[W3C] Driver proxy active, passing request on via HTTP proxy
[JSONWP Proxy] Replacing sessionId a711bb53-1960-418c-b639-9ab378cb291c with 31576c7f-6284-41e7-8cae-b1669a673578
[HTTP] <-- GET /wd/hub/session/31576c7f-6284-41e7-8cae-b1669a673578/element/d6c21f3d-6fb0-4227-92cc-1fb06a8a48fd/location 200 23 ms - 90
[HTTP] 
[HTTP] --> POST /wd/hub/session/31576c7f-6284-41e7-8cae-b1669a673578/touch/perform
[HTTP] {"actions":[{"action":"tap","options":{"element":"d6c21f3d-6fb0-4227-92cc-1fb06a8a48fd","x":1,"y":1}}]}
[UiAutomator2] calling get location: d6c21f3d-6fb0-4227-92cc-1fb06a8a48fd
[HTTP] <-- POST /wd/hub/session/31576c7f-6284-41e7-8cae-b1669a673578/touch/perform 200 3163 ms - 76
[HTTP] 
[HTTP] --> GET /wd/hub/session/31576c7f-6284-41e7-8cae-b1669a673578/window/current/size
[HTTP] {}
[W3C] Driver proxy active, passing request on via HTTP proxy
[JSONWP Proxy] Replacing sessionId a711bb53-1960-418c-b639-9ab378cb291c with 31576c7f-6284-41e7-8cae-b1669a673578
[HTTP] <-- GET /wd/hub/session/31576c7f-6284-41e7-8cae-b1669a673578/window/current/size 200 24 ms - 100
[HTTP] 
[HTTP] --> POST /wd/hub/session/31576c7f-6284-41e7-8cae-b1669a673578/elements
[HTTP] {"using":"-android uiautomator","value":"new UiSelector().className(\"android.widget.CheckBox\").text(\"Saya telah memahami dan menyetujui isi dari Ketentuan, Prospektus dan Fund Sheet produk ini\").resourceId(\"id.co.fundtastic.client:id/tncCheck\").instance(0)"}
[HTTP] <-- POST /wd/hub/session/31576c7f-6284-41e7-8cae-b1669a673578/elements 200 33 ms - 124
[HTTP] 
[HTTP] --> GET /wd/hub/session/31576c7f-6284-41e7-8cae-b1669a673578
[HTTP] {}
[HTTP] <-- GET /wd/hub/session/31576c7f-6284-41e7-8cae-b1669a673578 200 16 ms - 1167
[HTTP] 
[HTTP] --> GET /wd/hub/session/31576c7f-6284-41e7-8cae-b1669a673578
[HTTP] {}
[HTTP] <-- GET /wd/hub/session/31576c7f-6284-41e7-8cae-b1669a673578 200 16 ms - 1167
[HTTP] 
[HTTP] --> GET /wd/hub/session/31576c7f-6284-41e7-8cae-b1669a673578
[HTTP] {}
[HTTP] <-- GET /wd/hub/session/31576c7f-6284-41e7-8cae-b1669a673578 200 17 ms - 1167
[HTTP] 
[HTTP] --> GET /wd/hub/session/31576c7f-6284-41e7-8cae-b1669a673578
[HTTP] {}
[HTTP] <-- GET /wd/hub/session/31576c7f-6284-41e7-8cae-b1669a673578 200 17 ms - 1167
[HTTP] 
[HTTP] --> GET /wd/hub/session/31576c7f-6284-41e7-8cae-b1669a673578/element/48069d5b-1dd7-480c-a26d-803548a22fbc/location
[HTTP] {}
[W3C] Driver proxy active, passing request on via HTTP proxy
[JSONWP Proxy] Replacing sessionId a711bb53-1960-418c-b639-9ab378cb291c with 31576c7f-6284-41e7-8cae-b1669a673578
[HTTP] <-- GET /wd/hub/session/31576c7f-6284-41e7-8cae-b1669a673578/element/48069d5b-1dd7-480c-a26d-803548a22fbc/location 200 20 ms - 88
[HTTP] 
[HTTP] --> POST /wd/hub/session/31576c7f-6284-41e7-8cae-b1669a673578/touch/perform
[HTTP] {"actions":[{"action":"tap","options":{"element":"48069d5b-1dd7-480c-a26d-803548a22fbc","x":1,"y":1}}]}
[UiAutomator2] calling get location: 48069d5b-1dd7-480c-a26d-803548a22fbc
[HTTP] <-- POST /wd/hub/session/31576c7f-6284-41e7-8cae-b1669a673578/touch/perform 200 681 ms - 76
[HTTP] 
[HTTP] --> GET /wd/hub/session/31576c7f-6284-41e7-8cae-b1669a673578/window/current/size
[HTTP] {}
[W3C] Driver proxy active, passing request on via HTTP proxy
[JSONWP Proxy] Replacing sessionId a711bb53-1960-418c-b639-9ab378cb291c with 31576c7f-6284-41e7-8cae-b1669a673578
[HTTP] <-- GET /wd/hub/session/31576c7f-6284-41e7-8cae-b1669a673578/window/current/size 200 23 ms - 100
[HTTP] 
[HTTP] --> POST /wd/hub/session/31576c7f-6284-41e7-8cae-b1669a673578/elements
[HTTP] {"using":"-android uiautomator","value":"new UiSelector().className(\"android.widget.Button\").text(\"Lanjutkan\").resourceId(\"id.co.fundtastic.client:id/btnNext\").instance(0)"}
[HTTP] <-- POST /wd/hub/session/31576c7f-6284-41e7-8cae-b1669a673578/elements 200 35 ms - 124
[HTTP] 
[HTTP] --> GET /wd/hub/session/31576c7f-6284-41e7-8cae-b1669a673578
[HTTP] {}
[HTTP] <-- GET /wd/hub/session/31576c7f-6284-41e7-8cae-b1669a673578 200 15 ms - 1167
[HTTP] 
[HTTP] --> GET /wd/hub/session/31576c7f-6284-41e7-8cae-b1669a673578
[HTTP] {}
[HTTP] <-- GET /wd/hub/session/31576c7f-6284-41e7-8cae-b1669a673578 200 17 ms - 1167
[HTTP] 
[HTTP] --> GET /wd/hub/session/31576c7f-6284-41e7-8cae-b1669a673578
[HTTP] {}
[HTTP] <-- GET /wd/hub/session/31576c7f-6284-41e7-8cae-b1669a673578 200 16 ms - 1167
[HTTP] 
[HTTP] --> GET /wd/hub/session/31576c7f-6284-41e7-8cae-b1669a673578
[HTTP] {}
[HTTP] <-- GET /wd/hub/session/31576c7f-6284-41e7-8cae-b1669a673578 200 14 ms - 1167
[HTTP] 
[HTTP] --> GET /wd/hub/session/31576c7f-6284-41e7-8cae-b1669a673578/element/e84626fc-4dec-4521-a5ec-9aa7a446ba7c/location
[HTTP] {}
[W3C] Driver proxy active, passing request on via HTTP proxy
[JSONWP Proxy] Replacing sessionId a711bb53-1960-418c-b639-9ab378cb291c with 31576c7f-6284-41e7-8cae-b1669a673578
[HTTP] <-- GET /wd/hub/session/31576c7f-6284-41e7-8cae-b1669a673578/element/e84626fc-4dec-4521-a5ec-9aa7a446ba7c/location 200 23 ms - 89
[HTTP] 
[HTTP] --> POST /wd/hub/session/31576c7f-6284-41e7-8cae-b1669a673578/touch/perform
[HTTP] {"actions":[{"action":"tap","options":{"element":"e84626fc-4dec-4521-a5ec-9aa7a446ba7c","x":1,"y":1}}]}
[UiAutomator2] calling get location: e84626fc-4dec-4521-a5ec-9aa7a446ba7c
[HTTP] <-- POST /wd/hub/session/31576c7f-6284-41e7-8cae-b1669a673578/touch/perform 200 3153 ms - 76
[HTTP] 
[HTTP] --> GET /wd/hub/session/31576c7f-6284-41e7-8cae-b1669a673578/window/current/size
[HTTP] {}
[W3C] Driver proxy active, passing request on via HTTP proxy
[JSONWP Proxy] Replacing sessionId a711bb53-1960-418c-b639-9ab378cb291c with 31576c7f-6284-41e7-8cae-b1669a673578
[HTTP] <-- GET /wd/hub/session/31576c7f-6284-41e7-8cae-b1669a673578/window/current/size 200 20 ms - 100
[HTTP] 
[HTTP] --> POST /wd/hub/session/31576c7f-6284-41e7-8cae-b1669a673578/elements
[HTTP] {"using":"-android uiautomator","value":"new UiSelector().className(\"android.widget.TextView\").text(\"Beli\").resourceId(\"id.co.fundtastic.client:id/btnBeli\").instance(1)"}
[HTTP] <-- POST /wd/hub/session/31576c7f-6284-41e7-8cae-b1669a673578/elements 200 62 ms - 124
[HTTP] 
[HTTP] --> GET /wd/hub/session/31576c7f-6284-41e7-8cae-b1669a673578
[HTTP] {}
[HTTP] <-- GET /wd/hub/session/31576c7f-6284-41e7-8cae-b1669a673578 200 13 ms - 1167
[HTTP] 
[HTTP] --> GET /wd/hub/session/31576c7f-6284-41e7-8cae-b1669a673578
[HTTP] {}
[HTTP] <-- GET /wd/hub/session/31576c7f-6284-41e7-8cae-b1669a673578 200 18 ms - 1167
[HTTP] 
[HTTP] --> GET /wd/hub/session/31576c7f-6284-41e7-8cae-b1669a673578
[HTTP] {}
[HTTP] <-- GET /wd/hub/session/31576c7f-6284-41e7-8cae-b1669a673578 200 15 ms - 1167
[HTTP] 
[HTTP] --> GET /wd/hub/session/31576c7f-6284-41e7-8cae-b1669a673578
[HTTP] {}
[HTTP] <-- GET /wd/hub/session/31576c7f-6284-41e7-8cae-b1669a673578 200 14 ms - 1167
[HTTP] 
[HTTP] --> GET /wd/hub/session/31576c7f-6284-41e7-8cae-b1669a673578/element/c789ce43-65f3-46f7-ac19-1f485a45363c/location
[HTTP] {}
[W3C] Driver proxy active, passing request on via HTTP proxy
[JSONWP Proxy] Replacing sessionId a711bb53-1960-418c-b639-9ab378cb291c with 31576c7f-6284-41e7-8cae-b1669a673578
[HTTP] <-- GET /wd/hub/session/31576c7f-6284-41e7-8cae-b1669a673578/element/c789ce43-65f3-46f7-ac19-1f485a45363c/location 200 30 ms - 90
[HTTP] 
[HTTP] --> POST /wd/hub/session/31576c7f-6284-41e7-8cae-b1669a673578/touch/perform
[HTTP] {"actions":[{"action":"tap","options":{"element":"c789ce43-65f3-46f7-ac19-1f485a45363c","x":1,"y":1}}]}
[UiAutomator2] calling get location: c789ce43-65f3-46f7-ac19-1f485a45363c
[HTTP] <-- POST /wd/hub/session/31576c7f-6284-41e7-8cae-b1669a673578/touch/perform 200 998 ms - 76
[HTTP] 
[HTTP] --> GET /wd/hub/session/31576c7f-6284-41e7-8cae-b1669a673578/window/current/size
[HTTP] {}
[W3C] Driver proxy active, passing request on via HTTP proxy
[JSONWP Proxy] Replacing sessionId a711bb53-1960-418c-b639-9ab378cb291c with 31576c7f-6284-41e7-8cae-b1669a673578
[HTTP] <-- GET /wd/hub/session/31576c7f-6284-41e7-8cae-b1669a673578/window/current/size 200 19 ms - 100
[HTTP] 
[HTTP] --> POST /wd/hub/session/31576c7f-6284-41e7-8cae-b1669a673578/elements
[HTTP] {"using":"-android uiautomator","value":"new UiSelector().className(\"com.google.android.material.chip.Chip\").text(\"Rp 200.000\").resourceId(\"id.co.fundtastic.client:id/chip200\").instance(1)"}
[HTTP] <-- POST /wd/hub/session/31576c7f-6284-41e7-8cae-b1669a673578/elements 200 55 ms - 124
[HTTP] 
[HTTP] --> GET /wd/hub/session/31576c7f-6284-41e7-8cae-b1669a673578
[HTTP] {}
[HTTP] <-- GET /wd/hub/session/31576c7f-6284-41e7-8cae-b1669a673578 200 19 ms - 1167
[HTTP] 
[HTTP] --> GET /wd/hub/session/31576c7f-6284-41e7-8cae-b1669a673578
[HTTP] {}
[HTTP] <-- GET /wd/hub/session/31576c7f-6284-41e7-8cae-b1669a673578 200 15 ms - 1167
[HTTP] 
[HTTP] --> GET /wd/hub/session/31576c7f-6284-41e7-8cae-b1669a673578
[HTTP] {}
[HTTP] <-- GET /wd/hub/session/31576c7f-6284-41e7-8cae-b1669a673578 200 15 ms - 1167
[HTTP] 
[HTTP] --> GET /wd/hub/session/31576c7f-6284-41e7-8cae-b1669a673578
[HTTP] {}
[HTTP] <-- GET /wd/hub/session/31576c7f-6284-41e7-8cae-b1669a673578 200 12 ms - 1167
[HTTP] 
[HTTP] --> GET /wd/hub/session/31576c7f-6284-41e7-8cae-b1669a673578/element/1d1013bf-64de-4d12-9a96-d0228618814c/location
[HTTP] {}
[W3C] Driver proxy active, passing request on via HTTP proxy
[JSONWP Proxy] Replacing sessionId a711bb53-1960-418c-b639-9ab378cb291c with 31576c7f-6284-41e7-8cae-b1669a673578
[HTTP] <-- GET /wd/hub/session/31576c7f-6284-41e7-8cae-b1669a673578/element/1d1013bf-64de-4d12-9a96-d0228618814c/location 200 40 ms - 90
[HTTP] 
[HTTP] --> POST /wd/hub/session/31576c7f-6284-41e7-8cae-b1669a673578/touch/perform
[HTTP] {"actions":[{"action":"tap","options":{"element":"1d1013bf-64de-4d12-9a96-d0228618814c","x":1,"y":1}}]}
[UiAutomator2] calling get location: 1d1013bf-64de-4d12-9a96-d0228618814c
[HTTP] <-- POST /wd/hub/session/31576c7f-6284-41e7-8cae-b1669a673578/touch/perform 200 685 ms - 76
[HTTP] 
[HTTP] --> GET /wd/hub/session/31576c7f-6284-41e7-8cae-b1669a673578/window/current/size
[HTTP] {}
[W3C] Driver proxy active, passing request on via HTTP proxy
[JSONWP Proxy] Replacing sessionId a711bb53-1960-418c-b639-9ab378cb291c with 31576c7f-6284-41e7-8cae-b1669a673578
[HTTP] <-- GET /wd/hub/session/31576c7f-6284-41e7-8cae-b1669a673578/window/current/size 200 15 ms - 100
[HTTP] 
[HTTP] --> POST /wd/hub/session/31576c7f-6284-41e7-8cae-b1669a673578/elements
[HTTP] {"using":"-android uiautomator","value":"new UiSelector().className(\"android.widget.TextView\").text(\"Beli\").resourceId(\"id.co.fundtastic.client:id/btnBeli\").instance(1)"}
[HTTP] <-- POST /wd/hub/session/31576c7f-6284-41e7-8cae-b1669a673578/elements 200 68 ms - 124
[HTTP] 
[HTTP] --> GET /wd/hub/session/31576c7f-6284-41e7-8cae-b1669a673578
[HTTP] {}
[HTTP] <-- GET /wd/hub/session/31576c7f-6284-41e7-8cae-b1669a673578 200 19 ms - 1167
[HTTP] 
[HTTP] --> GET /wd/hub/session/31576c7f-6284-41e7-8cae-b1669a673578
[HTTP] {}
[HTTP] <-- GET /wd/hub/session/31576c7f-6284-41e7-8cae-b1669a673578 200 21 ms - 1167
[HTTP] 
[HTTP] --> GET /wd/hub/session/31576c7f-6284-41e7-8cae-b1669a673578
[HTTP] {}
[HTTP] <-- GET /wd/hub/session/31576c7f-6284-41e7-8cae-b1669a673578 200 16 ms - 1167
[HTTP] 
[HTTP] --> GET /wd/hub/session/31576c7f-6284-41e7-8cae-b1669a673578
[HTTP] {}
[HTTP] <-- GET /wd/hub/session/31576c7f-6284-41e7-8cae-b1669a673578 200 71 ms - 1167
[HTTP] 
[HTTP] --> GET /wd/hub/session/31576c7f-6284-41e7-8cae-b1669a673578/element/94bca895-2ff0-4134-9202-ac912ba004f2/location
[HTTP] {}
[W3C] Driver proxy active, passing request on via HTTP proxy
[JSONWP Proxy] Replacing sessionId a711bb53-1960-418c-b639-9ab378cb291c with 31576c7f-6284-41e7-8cae-b1669a673578
[HTTP] <-- GET /wd/hub/session/31576c7f-6284-41e7-8cae-b1669a673578/element/94bca895-2ff0-4134-9202-ac912ba004f2/location 200 40 ms - 90
[HTTP] 
[HTTP] --> POST /wd/hub/session/31576c7f-6284-41e7-8cae-b1669a673578/touch/perform
[HTTP] {"actions":[{"action":"tap","options":{"element":"94bca895-2ff0-4134-9202-ac912ba004f2","x":1,"y":1}}]}
[UiAutomator2] calling get location: 94bca895-2ff0-4134-9202-ac912ba004f2
[HTTP] <-- POST /wd/hub/session/31576c7f-6284-41e7-8cae-b1669a673578/touch/perform 200 1440 ms - 76
[HTTP] 
[HTTP] --> GET /wd/hub/session/31576c7f-6284-41e7-8cae-b1669a673578/window/current/size
[HTTP] {}
[W3C] Driver proxy active, passing request on via HTTP proxy
[JSONWP Proxy] Replacing sessionId a711bb53-1960-418c-b639-9ab378cb291c with 31576c7f-6284-41e7-8cae-b1669a673578
[HTTP] <-- GET /wd/hub/session/31576c7f-6284-41e7-8cae-b1669a673578/window/current/size 200 18 ms - 100
[HTTP] 
[HTTP] --> POST /wd/hub/session/31576c7f-6284-41e7-8cae-b1669a673578/elements
[HTTP] {"using":"-android uiautomator","value":"new UiSelector().className(\"android.widget.TextView\").text(\"Semua Promo\").resourceId(\"id.co.fundtastic.client:id/allVoucher\").instance(13)"}
[HTTP] <-- POST /wd/hub/session/31576c7f-6284-41e7-8cae-b1669a673578/elements 200 62 ms - 124
[HTTP] 
[HTTP] --> GET /wd/hub/session/31576c7f-6284-41e7-8cae-b1669a673578
[HTTP] {}
[HTTP] <-- GET /wd/hub/session/31576c7f-6284-41e7-8cae-b1669a673578 200 14 ms - 1167
[HTTP] 
[HTTP] --> GET /wd/hub/session/31576c7f-6284-41e7-8cae-b1669a673578
[HTTP] {}
[HTTP] <-- GET /wd/hub/session/31576c7f-6284-41e7-8cae-b1669a673578 200 20 ms - 1167
[HTTP] 
[HTTP] --> GET /wd/hub/session/31576c7f-6284-41e7-8cae-b1669a673578
[HTTP] {}
[HTTP] <-- GET /wd/hub/session/31576c7f-6284-41e7-8cae-b1669a673578 200 15 ms - 1167
[HTTP] 
[HTTP] --> GET /wd/hub/session/31576c7f-6284-41e7-8cae-b1669a673578
[HTTP] {}
[HTTP] <-- GET /wd/hub/session/31576c7f-6284-41e7-8cae-b1669a673578 200 15 ms - 1167
[HTTP] 
[HTTP] --> GET /wd/hub/session/31576c7f-6284-41e7-8cae-b1669a673578/element/c6dafe18-7575-49d9-b8c4-88405ca7c746/location
[HTTP] {}
[W3C] Driver proxy active, passing request on via HTTP proxy
[JSONWP Proxy] Replacing sessionId a711bb53-1960-418c-b639-9ab378cb291c with 31576c7f-6284-41e7-8cae-b1669a673578
[HTTP] <-- GET /wd/hub/session/31576c7f-6284-41e7-8cae-b1669a673578/element/c6dafe18-7575-49d9-b8c4-88405ca7c746/location 200 26 ms - 89
[HTTP] 
[HTTP] --> POST /wd/hub/session/31576c7f-6284-41e7-8cae-b1669a673578/touch/perform
[HTTP] {"actions":[{"action":"tap","options":{"element":"c6dafe18-7575-49d9-b8c4-88405ca7c746","x":1,"y":1}}]}
[UiAutomator2] calling get location: c6dafe18-7575-49d9-b8c4-88405ca7c746
[HTTP] <-- POST /wd/hub/session/31576c7f-6284-41e7-8cae-b1669a673578/touch/perform 200 1294 ms - 76
[HTTP] 
[HTTP] --> GET /wd/hub/session/31576c7f-6284-41e7-8cae-b1669a673578/window/current/size
[HTTP] {}
[W3C] Driver proxy active, passing request on via HTTP proxy
[JSONWP Proxy] Replacing sessionId a711bb53-1960-418c-b639-9ab378cb291c with 31576c7f-6284-41e7-8cae-b1669a673578
[HTTP] <-- GET /wd/hub/session/31576c7f-6284-41e7-8cae-b1669a673578/window/current/size 200 15 ms - 100
[HTTP] 
[HTTP] --> POST /wd/hub/session/31576c7f-6284-41e7-8cae-b1669a673578/elements
[HTTP] {"using":"-android uiautomator","value":"new UiSelector().className(\"android.widget.TextView\").text(\"SALIN\").resourceId(\"id.co.fundtastic.client:id/salinText\").instance(2)"}
[HTTP] <-- POST /wd/hub/session/31576c7f-6284-41e7-8cae-b1669a673578/elements 200 44 ms - 124
[HTTP] 
[HTTP] --> GET /wd/hub/session/31576c7f-6284-41e7-8cae-b1669a673578
[HTTP] {}
[HTTP] <-- GET /wd/hub/session/31576c7f-6284-41e7-8cae-b1669a673578 200 13 ms - 1167
[HTTP] 
[HTTP] --> GET /wd/hub/session/31576c7f-6284-41e7-8cae-b1669a673578
[HTTP] {}
[HTTP] <-- GET /wd/hub/session/31576c7f-6284-41e7-8cae-b1669a673578 200 19 ms - 1167
[HTTP] 
[HTTP] --> GET /wd/hub/session/31576c7f-6284-41e7-8cae-b1669a673578
[HTTP] {}
[HTTP] <-- GET /wd/hub/session/31576c7f-6284-41e7-8cae-b1669a673578 200 17 ms - 1167
[HTTP] 
[HTTP] --> GET /wd/hub/session/31576c7f-6284-41e7-8cae-b1669a673578
[HTTP] {}
[HTTP] <-- GET /wd/hub/session/31576c7f-6284-41e7-8cae-b1669a673578 200 16 ms - 1167
[HTTP] 
[HTTP] --> GET /wd/hub/session/31576c7f-6284-41e7-8cae-b1669a673578/element/4c94b67e-a512-4e09-89a6-267b94c07d1a/location
[HTTP] {}
[W3C] Driver proxy active, passing request on via HTTP proxy
[JSONWP Proxy] Replacing sessionId a711bb53-1960-418c-b639-9ab378cb291c with 31576c7f-6284-41e7-8cae-b1669a673578
[HTTP] <-- GET /wd/hub/session/31576c7f-6284-41e7-8cae-b1669a673578/element/4c94b67e-a512-4e09-89a6-267b94c07d1a/location 200 22 ms - 89
[HTTP] 
[HTTP] --> POST /wd/hub/session/31576c7f-6284-41e7-8cae-b1669a673578/touch/perform
[HTTP] {"actions":[{"action":"tap","options":{"element":"4c94b67e-a512-4e09-89a6-267b94c07d1a","x":1,"y":1}}]}
[UiAutomator2] calling get location: 4c94b67e-a512-4e09-89a6-267b94c07d1a
[HTTP] <-- POST /wd/hub/session/31576c7f-6284-41e7-8cae-b1669a673578/touch/perform 200 3172 ms - 76
[HTTP] 
[HTTP] --> GET /wd/hub/session/31576c7f-6284-41e7-8cae-b1669a673578/window/current/size
[HTTP] {}
[W3C] Driver proxy active, passing request on via HTTP proxy
[JSONWP Proxy] Replacing sessionId a711bb53-1960-418c-b639-9ab378cb291c with 31576c7f-6284-41e7-8cae-b1669a673578
[HTTP] <-- GET /wd/hub/session/31576c7f-6284-41e7-8cae-b1669a673578/window/current/size 200 17 ms - 100
[HTTP] 
[HTTP] --> POST /wd/hub/session/31576c7f-6284-41e7-8cae-b1669a673578/elements
[HTTP] {"using":"-android uiautomator","value":"new UiSelector().className(\"android.widget.ImageButton\").instance(0)"}
[HTTP] <-- POST /wd/hub/session/31576c7f-6284-41e7-8cae-b1669a673578/elements 200 32 ms - 124
[HTTP] 
[HTTP] --> GET /wd/hub/session/31576c7f-6284-41e7-8cae-b1669a673578
[HTTP] {}
[HTTP] <-- GET /wd/hub/session/31576c7f-6284-41e7-8cae-b1669a673578 200 17 ms - 1167
[HTTP] 
[HTTP] --> GET /wd/hub/session/31576c7f-6284-41e7-8cae-b1669a673578
[HTTP] {}
[HTTP] <-- GET /wd/hub/session/31576c7f-6284-41e7-8cae-b1669a673578 200 13 ms - 1167
[HTTP] 
[HTTP] --> GET /wd/hub/session/31576c7f-6284-41e7-8cae-b1669a673578
[HTTP] {}
[HTTP] <-- GET /wd/hub/session/31576c7f-6284-41e7-8cae-b1669a673578 200 25 ms - 1167
[HTTP] 
[HTTP] --> GET /wd/hub/session/31576c7f-6284-41e7-8cae-b1669a673578
[HTTP] {}
[HTTP] <-- GET /wd/hub/session/31576c7f-6284-41e7-8cae-b1669a673578 200 13 ms - 1167
[HTTP] 
[HTTP] --> GET /wd/hub/session/31576c7f-6284-41e7-8cae-b1669a673578/element/1a9deaf0-a9ad-4683-8501-7ed1de09d966/location
[HTTP] {}
[W3C] Driver proxy active, passing request on via HTTP proxy
[JSONWP Proxy] Replacing sessionId a711bb53-1960-418c-b639-9ab378cb291c with 31576c7f-6284-41e7-8cae-b1669a673578
[HTTP] <-- GET /wd/hub/session/31576c7f-6284-41e7-8cae-b1669a673578/element/1a9deaf0-a9ad-4683-8501-7ed1de09d966/location 200 19 ms - 86
[HTTP] 
[HTTP] --> POST /wd/hub/session/31576c7f-6284-41e7-8cae-b1669a673578/touch/perform
[HTTP] {"actions":[{"action":"tap","options":{"element":"1a9deaf0-a9ad-4683-8501-7ed1de09d966","x":1,"y":1}}]}
[UiAutomator2] calling get location: 1a9deaf0-a9ad-4683-8501-7ed1de09d966
[HTTP] <-- POST /wd/hub/session/31576c7f-6284-41e7-8cae-b1669a673578/touch/perform 200 860 ms - 76
[HTTP] 
[HTTP] --> GET /wd/hub/session/31576c7f-6284-41e7-8cae-b1669a673578/window/current/size
[HTTP] {}
[W3C] Driver proxy active, passing request on via HTTP proxy
[JSONWP Proxy] Replacing sessionId a711bb53-1960-418c-b639-9ab378cb291c with 31576c7f-6284-41e7-8cae-b1669a673578
[HTTP] <-- GET /wd/hub/session/31576c7f-6284-41e7-8cae-b1669a673578/window/current/size 200 18 ms - 100
[HTTP] 
[HTTP] --> POST /wd/hub/session/31576c7f-6284-41e7-8cae-b1669a673578/elements
[HTTP] {"using":"-android uiautomator","value":"new UiSelector().className(\"android.widget.Button\").text(\"Gunakan\").resourceId(\"id.co.fundtastic.client:id/btnCoupon\").instance(0)"}
[HTTP] <-- POST /wd/hub/session/31576c7f-6284-41e7-8cae-b1669a673578/elements 200 61 ms - 124
[HTTP] 
[HTTP] --> GET /wd/hub/session/31576c7f-6284-41e7-8cae-b1669a673578
[HTTP] {}
[HTTP] <-- GET /wd/hub/session/31576c7f-6284-41e7-8cae-b1669a673578 200 72 ms - 1167
[HTTP] 
[HTTP] --> GET /wd/hub/session/31576c7f-6284-41e7-8cae-b1669a673578
[HTTP] {}
[HTTP] <-- GET /wd/hub/session/31576c7f-6284-41e7-8cae-b1669a673578 200 17 ms - 1167
[HTTP] 
[HTTP] --> GET /wd/hub/session/31576c7f-6284-41e7-8cae-b1669a673578
[HTTP] {}
[HTTP] <-- GET /wd/hub/session/31576c7f-6284-41e7-8cae-b1669a673578 200 20 ms - 1167
[HTTP] 
[HTTP] --> GET /wd/hub/session/31576c7f-6284-41e7-8cae-b1669a673578
[HTTP] {}
[HTTP] <-- GET /wd/hub/session/31576c7f-6284-41e7-8cae-b1669a673578 200 13 ms - 1167
[HTTP] 
[HTTP] --> GET /wd/hub/session/31576c7f-6284-41e7-8cae-b1669a673578/element/60557799-2437-4394-806c-8bc56e2ba805/location
[HTTP] {}
[W3C] Driver proxy active, passing request on via HTTP proxy
[JSONWP Proxy] Replacing sessionId a711bb53-1960-418c-b639-9ab378cb291c with 31576c7f-6284-41e7-8cae-b1669a673578
[HTTP] <-- GET /wd/hub/session/31576c7f-6284-41e7-8cae-b1669a673578/element/60557799-2437-4394-806c-8bc56e2ba805/location 200 24 ms - 90
[HTTP] 
[HTTP] --> POST /wd/hub/session/31576c7f-6284-41e7-8cae-b1669a673578/touch/perform
[HTTP] {"actions":[{"action":"tap","options":{"element":"60557799-2437-4394-806c-8bc56e2ba805","x":1,"y":1}}]}
[UiAutomator2] calling get location: 60557799-2437-4394-806c-8bc56e2ba805
[HTTP] <-- POST /wd/hub/session/31576c7f-6284-41e7-8cae-b1669a673578/touch/perform 200 3171 ms - 76
[HTTP] 
[HTTP] --> GET /wd/hub/session/31576c7f-6284-41e7-8cae-b1669a673578/window/current/size
[HTTP] {}
[W3C] Driver proxy active, passing request on via HTTP proxy
[JSONWP Proxy] Replacing sessionId a711bb53-1960-418c-b639-9ab378cb291c with 31576c7f-6284-41e7-8cae-b1669a673578
[HTTP] <-- GET /wd/hub/session/31576c7f-6284-41e7-8cae-b1669a673578/window/current/size 200 19 ms - 100
[HTTP] 
[HTTP] --> POST /wd/hub/session/31576c7f-6284-41e7-8cae-b1669a673578/elements
[HTTP] {"using":"-android uiautomator","value":"new UiSelector().className(\"android.widget.EditText\").text(\"Kode Promo\").resourceId(\"id.co.fundtastic.client:id/editTextVoucher\").instance(0)"}
[HTTP] <-- POST /wd/hub/session/31576c7f-6284-41e7-8cae-b1669a673578/elements 200 43 ms - 124
[HTTP] 
[HTTP] --> GET /wd/hub/session/31576c7f-6284-41e7-8cae-b1669a673578
[HTTP] {}
[HTTP] <-- GET /wd/hub/session/31576c7f-6284-41e7-8cae-b1669a673578 200 16 ms - 1167
[HTTP] 
[HTTP] --> GET /wd/hub/session/31576c7f-6284-41e7-8cae-b1669a673578
[HTTP] {}
[HTTP] <-- GET /wd/hub/session/31576c7f-6284-41e7-8cae-b1669a673578 200 13 ms - 1167
[HTTP] 
[HTTP] --> GET /wd/hub/session/31576c7f-6284-41e7-8cae-b1669a673578
[HTTP] {}
[HTTP] <-- GET /wd/hub/session/31576c7f-6284-41e7-8cae-b1669a673578 200 23 ms - 1167
[HTTP] 
[HTTP] --> GET /wd/hub/session/31576c7f-6284-41e7-8cae-b1669a673578
[HTTP] {}
[HTTP] <-- GET /wd/hub/session/31576c7f-6284-41e7-8cae-b1669a673578 200 17 ms - 1167
[HTTP] 
[HTTP] --> GET /wd/hub/session/31576c7f-6284-41e7-8cae-b1669a673578/element/f4c1689d-89ac-438b-97b2-4af5a9538468/location
[HTTP] {}
[W3C] Driver proxy active, passing request on via HTTP proxy
[JSONWP Proxy] Replacing sessionId a711bb53-1960-418c-b639-9ab378cb291c with 31576c7f-6284-41e7-8cae-b1669a673578
[HTTP] <-- GET /wd/hub/session/31576c7f-6284-41e7-8cae-b1669a673578/element/f4c1689d-89ac-438b-97b2-4af5a9538468/location 200 48 ms - 89
[HTTP] 
[HTTP] --> POST /wd/hub/session/31576c7f-6284-41e7-8cae-b1669a673578/element/f4c1689d-89ac-438b-97b2-4af5a9538468/clear
[HTTP] {"id":"f4c1689d-89ac-438b-97b2-4af5a9538468"}
[HTTP] <-- POST /wd/hub/session/31576c7f-6284-41e7-8cae-b1669a673578/element/f4c1689d-89ac-438b-97b2-4af5a9538468/clear 200 56 ms - 89
[HTTP] 
[HTTP] --> POST /wd/hub/session/31576c7f-6284-41e7-8cae-b1669a673578/element/f4c1689d-89ac-438b-97b2-4af5a9538468/value
[HTTP] {"id":"f4c1689d-89ac-438b-97b2-4af5a9538468","value":["Invest100"]}
[HTTP] <-- POST /wd/hub/session/31576c7f-6284-41e7-8cae-b1669a673578/element/f4c1689d-89ac-438b-97b2-4af5a9538468/value 200 1043 ms - 74
[HTTP] 
[HTTP] --> GET /wd/hub/session/31576c7f-6284-41e7-8cae-b1669a673578/window/current/size
[HTTP] {}
[W3C] Driver proxy active, passing request on via HTTP proxy
[JSONWP Proxy] Replacing sessionId a711bb53-1960-418c-b639-9ab378cb291c with 31576c7f-6284-41e7-8cae-b1669a673578
[HTTP] <-- GET /wd/hub/session/31576c7f-6284-41e7-8cae-b1669a673578/window/current/size 200 21 ms - 100
[HTTP] 
[HTTP] --> POST /wd/hub/session/31576c7f-6284-41e7-8cae-b1669a673578/elements
[HTTP] {"using":"-android uiautomator","value":"new UiSelector().className(\"android.widget.TextView\").text(\"Gunakan Kode Promo\").resourceId(\"id.co.fundtastic.client:id/btnUseVoucher\").instance(1)"}
[HTTP] <-- POST /wd/hub/session/31576c7f-6284-41e7-8cae-b1669a673578/elements 200 30 ms - 124
[HTTP] 
[HTTP] --> GET /wd/hub/session/31576c7f-6284-41e7-8cae-b1669a673578
[HTTP] {}
[HTTP] <-- GET /wd/hub/session/31576c7f-6284-41e7-8cae-b1669a673578 200 14 ms - 1167
[HTTP] 
[HTTP] --> GET /wd/hub/session/31576c7f-6284-41e7-8cae-b1669a673578
[HTTP] {}
[HTTP] <-- GET /wd/hub/session/31576c7f-6284-41e7-8cae-b1669a673578 200 15 ms - 1167
[HTTP] 
[HTTP] --> GET /wd/hub/session/31576c7f-6284-41e7-8cae-b1669a673578
[HTTP] {}
[HTTP] <-- GET /wd/hub/session/31576c7f-6284-41e7-8cae-b1669a673578 200 15 ms - 1167
[HTTP] 
[HTTP] --> GET /wd/hub/session/31576c7f-6284-41e7-8cae-b1669a673578
[HTTP] {}
[HTTP] <-- GET /wd/hub/session/31576c7f-6284-41e7-8cae-b1669a673578 200 14 ms - 1167
[HTTP] 
[HTTP] --> GET /wd/hub/session/31576c7f-6284-41e7-8cae-b1669a673578/element/910399e2-a3d4-4648-88ce-1a8b18a79669/location
[HTTP] {}
[W3C] Driver proxy active, passing request on via HTTP proxy
[JSONWP Proxy] Replacing sessionId a711bb53-1960-418c-b639-9ab378cb291c with 31576c7f-6284-41e7-8cae-b1669a673578
[HTTP] <-- GET /wd/hub/session/31576c7f-6284-41e7-8cae-b1669a673578/element/910399e2-a3d4-4648-88ce-1a8b18a79669/location 200 24 ms - 89
[HTTP] 
[HTTP] --> POST /wd/hub/session/31576c7f-6284-41e7-8cae-b1669a673578/touch/perform
[HTTP] {"actions":[{"action":"tap","options":{"element":"910399e2-a3d4-4648-88ce-1a8b18a79669","x":1,"y":1}}]}
[UiAutomator2] calling get location: 910399e2-a3d4-4648-88ce-1a8b18a79669
[HTTP] <-- POST /wd/hub/session/31576c7f-6284-41e7-8cae-b1669a673578/touch/perform 200 1284 ms - 76
[HTTP] 
[HTTP] --> GET /wd/hub/session/31576c7f-6284-41e7-8cae-b1669a673578/window/current/size
[HTTP] {}
[W3C] Driver proxy active, passing request on via HTTP proxy
[JSONWP Proxy] Replacing sessionId a711bb53-1960-418c-b639-9ab378cb291c with 31576c7f-6284-41e7-8cae-b1669a673578
[HTTP] <-- GET /wd/hub/session/31576c7f-6284-41e7-8cae-b1669a673578/window/current/size 200 17 ms - 100
[HTTP] 
[HTTP] --> POST /wd/hub/session/31576c7f-6284-41e7-8cae-b1669a673578/elements
[HTTP] {"using":"-android uiautomator","value":"new UiSelector().className(\"android.view.View\").resourceId(\"id.co.fundtastic.client:id/touch_outside\").instance(0)"}
[HTTP] <-- POST /wd/hub/session/31576c7f-6284-41e7-8cae-b1669a673578/elements 200 41 ms - 124
[HTTP] 
[HTTP] --> GET /wd/hub/session/31576c7f-6284-41e7-8cae-b1669a673578
[HTTP] {}
[HTTP] <-- GET /wd/hub/session/31576c7f-6284-41e7-8cae-b1669a673578 200 16 ms - 1167
[HTTP] 
[HTTP] --> GET /wd/hub/session/31576c7f-6284-41e7-8cae-b1669a673578
[HTTP] {}
[HTTP] <-- GET /wd/hub/session/31576c7f-6284-41e7-8cae-b1669a673578 200 17 ms - 1167
[HTTP] 
[HTTP] --> GET /wd/hub/session/31576c7f-6284-41e7-8cae-b1669a673578
[HTTP] {}
[HTTP] <-- GET /wd/hub/session/31576c7f-6284-41e7-8cae-b1669a673578 200 18 ms - 1167
[HTTP] 
[HTTP] --> GET /wd/hub/session/31576c7f-6284-41e7-8cae-b1669a673578
[HTTP] {}
[HTTP] <-- GET /wd/hub/session/31576c7f-6284-41e7-8cae-b1669a673578 200 14 ms - 1167
[HTTP] 
[HTTP] --> GET /wd/hub/session/31576c7f-6284-41e7-8cae-b1669a673578/element/f48efbd5-dae5-49f8-8ea1-ff2ea274b41f/location
[HTTP] {}
[W3C] Driver proxy active, passing request on via HTTP proxy
[JSONWP Proxy] Replacing sessionId a711bb53-1960-418c-b639-9ab378cb291c with 31576c7f-6284-41e7-8cae-b1669a673578
[HTTP] <-- GET /wd/hub/session/31576c7f-6284-41e7-8cae-b1669a673578/element/f48efbd5-dae5-49f8-8ea1-ff2ea274b41f/location 200 22 ms - 86
[HTTP] 
[HTTP] --> POST /wd/hub/session/31576c7f-6284-41e7-8cae-b1669a673578/touch/perform
[HTTP] {"actions":[{"action":"tap","options":{"element":"f48efbd5-dae5-49f8-8ea1-ff2ea274b41f","x":1,"y":1}}]}
[UiAutomator2] calling get location: f48efbd5-dae5-49f8-8ea1-ff2ea274b41f
[HTTP] <-- POST /wd/hub/session/31576c7f-6284-41e7-8cae-b1669a673578/touch/perform 200 3152 ms - 76
[HTTP] 
[HTTP] --> GET /wd/hub/session/31576c7f-6284-41e7-8cae-b1669a673578/window/current/size
[HTTP] {}
[W3C] Driver proxy active, passing request on via HTTP proxy
[JSONWP Proxy] Replacing sessionId a711bb53-1960-418c-b639-9ab378cb291c with 31576c7f-6284-41e7-8cae-b1669a673578
[HTTP] <-- GET /wd/hub/session/31576c7f-6284-41e7-8cae-b1669a673578/window/current/size 200 19 ms - 100
[HTTP] 
[HTTP] --> POST /wd/hub/session/31576c7f-6284-41e7-8cae-b1669a673578/elements
[HTTP] {"using":"-android uiautomator","value":"new UiSelector().className(\"android.widget.LinearLayout\").resourceId(\"id.co.fundtastic.client:id/lyt_parent\").instance(20)"}
[HTTP] <-- POST /wd/hub/session/31576c7f-6284-41e7-8cae-b1669a673578/elements 200 75 ms - 175
[HTTP] 
[HTTP] --> GET /wd/hub/session/31576c7f-6284-41e7-8cae-b1669a673578
[HTTP] {}
[HTTP] <-- GET /wd/hub/session/31576c7f-6284-41e7-8cae-b1669a673578 200 15 ms - 1167
[HTTP] 
[HTTP] --> GET /wd/hub/session/31576c7f-6284-41e7-8cae-b1669a673578
[HTTP] {}
[HTTP] <-- GET /wd/hub/session/31576c7f-6284-41e7-8cae-b1669a673578 200 13 ms - 1167
[HTTP] 
[HTTP] --> GET /wd/hub/session/31576c7f-6284-41e7-8cae-b1669a673578
[HTTP] {}
[HTTP] <-- GET /wd/hub/session/31576c7f-6284-41e7-8cae-b1669a673578 200 23 ms - 1167
[HTTP] 
[HTTP] --> GET /wd/hub/session/31576c7f-6284-41e7-8cae-b1669a673578
[HTTP] {}
[HTTP] <-- GET /wd/hub/session/31576c7f-6284-41e7-8cae-b1669a673578 200 17 ms - 1167
[HTTP] 
[HTTP] --> GET /wd/hub/session/31576c7f-6284-41e7-8cae-b1669a673578
[HTTP] {}
[HTTP] <-- GET /wd/hub/session/31576c7f-6284-41e7-8cae-b1669a673578 200 18 ms - 1167
[HTTP] 
[HTTP] --> GET /wd/hub/session/31576c7f-6284-41e7-8cae-b1669a673578
[HTTP] {}
[HTTP] <-- GET /wd/hub/session/31576c7f-6284-41e7-8cae-b1669a673578 200 17 ms - 1167
[HTTP] 
[HTTP] --> GET /wd/hub/session/31576c7f-6284-41e7-8cae-b1669a673578
[HTTP] {}
[HTTP] <-- GET /wd/hub/session/31576c7f-6284-41e7-8cae-b1669a673578 200 14 ms - 1167
[HTTP] 
[HTTP] --> GET /wd/hub/session/31576c7f-6284-41e7-8cae-b1669a673578
[HTTP] {}
[HTTP] <-- GET /wd/hub/session/31576c7f-6284-41e7-8cae-b1669a673578 200 14 ms - 1167
[HTTP] 
[HTTP] --> GET /wd/hub/session/31576c7f-6284-41e7-8cae-b1669a673578/element/7fba3283-9938-4840-9af9-74e61deefaf2/location
[HTTP] {}
[W3C] Driver proxy active, passing request on via HTTP proxy
[JSONWP Proxy] Replacing sessionId a711bb53-1960-418c-b639-9ab378cb291c with 31576c7f-6284-41e7-8cae-b1669a673578
[HTTP] <-- GET /wd/hub/session/31576c7f-6284-41e7-8cae-b1669a673578/element/7fba3283-9938-4840-9af9-74e61deefaf2/location 200 30 ms - 88
[HTTP] 
[HTTP] --> POST /wd/hub/session/31576c7f-6284-41e7-8cae-b1669a673578/touch/perform
[HTTP] {"actions":[{"action":"tap","options":{"element":"7fba3283-9938-4840-9af9-74e61deefaf2","x":1,"y":1}}]}
[UiAutomator2] calling get location: 7fba3283-9938-4840-9af9-74e61deefaf2
[HTTP] <-- POST /wd/hub/session/31576c7f-6284-41e7-8cae-b1669a673578/touch/perform 200 3170 ms - 76
[HTTP] 
[HTTP] --> DELETE /wd/hub/session/31576c7f-6284-41e7-8cae-b1669a673578
[HTTP] {}
[Appium] Removing session 31576c7f-6284-41e7-8cae-b1669a673578 from our master session list
[ADB] id.co.fundtastic.client was successfully uninstalled
[HTTP] <-- DELETE /wd/hub/session/31576c7f-6284-41e7-8cae-b1669a673578 200 1685 ms - 76
[HTTP] 
