[Appium] Welcome to Appium v1.8.1
[Appium] Non-default server args:
[Appium]   port: 62673
[Appium]   loglevel: info
[Appium]   chromeDriverPort: 62674
[Appium]   tmpDir: /var/folders/ts/p6rxgpw53_d96xw60slkng7m0000gn/T//Katalon/Appium/Temp1562122543083
[Appium] Appium REST http interface listener started on 0.0.0.0:62673
[HTTP] --> GET /wd/hub/status
[HTTP] {}
[HTTP] <-- GET /wd/hub/status 200 26 ms - 83
[HTTP] 
[HTTP] --> POST /wd/hub/session
[HTTP] {"desiredCapabilities":{"app":"/Users/ustore/Downloads/Development.apk","autoGrantPermissions":true,"automationName":"uiautomator2","deviceName":"emulator-5554 (Android SDK built for x86 - Android 9)","fullReset":true,"newCommandTimeout":1800,"noReset":false,"platform":"ANDROID","platformName":"Android","udid":"emulator-5554"},"capabilities":{"desiredCapabilities":{"app":"/Users/ustore/Downloads/Development.apk","autoGrantPermissions":true,"automationName":"uiautomator2","deviceName":"emulator-5554 (Android SDK built for x86 - Android 9)","fullReset":true,"newCommandTimeout":1800,"noReset":false,"platform":"ANDROID","platformName":"Android","udid":"emulator-5554"},"firstMatch":[{"platformName":"android"}]}}
[Appium] Could not parse W3C capabilities: 'deviceName' can't be blank. Falling back to JSONWP protocol.
[Appium] The following capabilities were provided in the JSONWP desired capabilities that are missing in W3C capabilities: ["app","autoGrantPermissions","automationName","deviceName","fullReset","newCommandTimeout","noReset","platform","platformName","udid"]. Falling back to JSONWP protocol.
[Appium] Creating new AndroidUiautomator2Driver (v1.12.0) session
[Appium] Capabilities:
[Appium]   app: /Users/ustore/Downloads/Development.apk
[Appium]   autoGrantPermissions: true
[Appium]   automationName: uiautomator2
[Appium]   deviceName: emulator-5554 (Android SDK built for x86 - Android 9)
[Appium]   fullReset: true
[Appium]   newCommandTimeout: 1800
[Appium]   noReset: false
[Appium]   platform: ANDROID
[Appium]   platformName: Android
[Appium]   udid: emulator-5554
[BaseDriver] The following capabilities were provided, but are not recognized by appium: platform.
[BaseDriver] Session created with session id: de018fc4-2896-459d-8b27-76ad4cdb645e
[BaseDriver] Using local app '/Users/ustore/Downloads/Development.apk'
[AndroidDriver] Java version is: 1.8.0_181
[ADB] Checking whether adb is present
[ADB] Found 1 'build-tools' folders under '/Users/ustore/.katalon/tools/android_sdk' (newest first):
[ADB]     /Users/ustore/.katalon/tools/android_sdk/build-tools/28.0.3
[ADB] Using adb from /Users/ustore/.katalon/tools/android_sdk/platform-tools/adb
[AndroidDriver] Retrieving device list
[AndroidDriver] Using device: emulator-5554
[ADB] Using the alternative activity name detection method because of: Could not find apkanalyzer in /Users/ustore/.katalon/tools/android_sdk/platform-tools/apkanalyzer,/Users/ustore/.katalon/tools/android_sdk/emulator/apkanalyzer,/Users/ustore/.katalon/tools/android_sdk/tools/apkanalyzer,/Users/ustore/.katalon/tools/android_sdk/tools/bin/apkanalyzer,/Users/ustore/.katalon/tools/android_sdk/build-tools/28.0.3/apkanalyzer. Do you have the Android SDK installed at '/Users/ustore/.katalon/tools/android_sdk'?
[ADB] Checking whether aapt is present
[ADB] Using aapt from /Users/ustore/.katalon/tools/android_sdk/build-tools/28.0.3/aapt
[ADB] Extracting package and launch activity from manifest
[ADB] Package name: 'id.co.fundtastic.client'
[ADB] Main activity name: 'id.co.fundtastic.client.splash.presentation.SplashActivity'
[ADB] Getting device platform version
[ADB] Using apksigner from /Users/ustore/.katalon/tools/android_sdk/build-tools/28.0.3/apksigner
[ADB] Cannot read version codes of '/usr/local/lib/node_modules/appium/node_modules/appium-uiautomator2-server/apks/appium-uiautomator2-server-debug-androidTest.apk' and/or 'io.appium.uiautomator2.server.test'
[ADB] Cannot read version names of '/usr/local/lib/node_modules/appium/node_modules/appium-uiautomator2-server/apks/appium-uiautomator2-server-debug-androidTest.apk' and/or 'io.appium.uiautomator2.server.test'. Assuming correct app version is already installed
[AndroidDriver] setDeviceLanguageCountry requires language or country.
[AndroidDriver] Got language: 'null' and country: 'null'
[ADB] Successfully extracted 194 strings from '/Users/ustore/Downloads/Development.apk' resources for '(default)' configuration
[ADB] id.co.fundtastic.client was successfully uninstalled
[ADB] Checking whether zipalign is present
[ADB] Using zipalign from /Users/ustore/.katalon/tools/android_sdk/build-tools/28.0.3/zipalign
[UiAutomator2] Starting uiautomator2 server 1.12.0
[UiAutomator2] Using UIAutomator2 server from '/usr/local/lib/node_modules/appium/node_modules/appium-uiautomator2-server/apks/appium-uiautomator2-server-v1.12.0.apk' and test from '/usr/local/lib/node_modules/appium/node_modules/appium-uiautomator2-server/apks/appium-uiautomator2-server-debug-androidTest.apk'
[UiAutomator2] Running command: 'adb -s emulator-5554 shell am instrument -w io.appium.uiautomator2.server.test/android.support.test.runner.AndroidJUnitRunner'
[UiAutomator2] Waiting up to 20000ms for UiAutomator2 to be online...
[AndroidDriver] Screen already unlocked, doing nothing
[UiAutomator2] UiAutomator2 did not start the activity we were waiting for, 'id.co.fundtastic.client/id.co.fundtastic.client.splash.presentation.SplashActivity'. Starting it ourselves
[Appium] New AndroidUiautomator2Driver session created successfully, session de018fc4-2896-459d-8b27-76ad4cdb645e added to master session list
[HTTP] <-- POST /wd/hub/session 200 21235 ms - 1167
[HTTP] 
[HTTP] --> GET /wd/hub/status
[HTTP] {}
[HTTP] <-- GET /wd/hub/status 200 30 ms - 55
[HTTP] 
[HTTP] --> POST /wd/hub/session/de018fc4-2896-459d-8b27-76ad4cdb645e/timeouts
[HTTP] {"type":"implicit","ms":30000}
[HTTP] <-- POST /wd/hub/session/de018fc4-2896-459d-8b27-76ad4cdb645e/timeouts 400 24 ms - 4196
[HTTP] 
[HTTP] --> GET /wd/hub/session/de018fc4-2896-459d-8b27-76ad4cdb645e/window/current/size
[HTTP] {}
[W3C] Driver proxy active, passing request on via HTTP proxy
[JSONWP Proxy] Replacing sessionId 39ef5113-8ee4-4c9e-ae2b-b6f5c389c36e with de018fc4-2896-459d-8b27-76ad4cdb645e
[HTTP] <-- GET /wd/hub/session/de018fc4-2896-459d-8b27-76ad4cdb645e/window/current/size 200 125 ms - 100
[HTTP] 
[HTTP] --> POST /wd/hub/session/de018fc4-2896-459d-8b27-76ad4cdb645e/elements
[HTTP] {"using":"-android uiautomator","value":"new UiSelector().className(\"android.widget.TextView\").text(\"Mulailah berinvestasi untuk meraih mimpimu\").instance(0)"}
[HTTP] <-- POST /wd/hub/session/de018fc4-2896-459d-8b27-76ad4cdb645e/elements 200 479 ms - 74
[HTTP] 
[HTTP] --> POST /wd/hub/session/de018fc4-2896-459d-8b27-76ad4cdb645e/elements
[HTTP] {"using":"-android uiautomator","value":"new UiSelector().className(\"android.widget.TextView\").text(\"Mulailah berinvestasi untuk meraih mimpimu\").instance(0)"}
[HTTP] <-- POST /wd/hub/session/de018fc4-2896-459d-8b27-76ad4cdb645e/elements 200 818 ms - 74
[HTTP] 
[HTTP] --> POST /wd/hub/session/de018fc4-2896-459d-8b27-76ad4cdb645e/elements
[HTTP] {"using":"-android uiautomator","value":"new UiSelector().className(\"android.widget.TextView\").text(\"Mulailah berinvestasi untuk meraih mimpimu\").instance(0)"}
[HTTP] <-- POST /wd/hub/session/de018fc4-2896-459d-8b27-76ad4cdb645e/elements 200 47 ms - 74
[HTTP] 
[HTTP] --> POST /wd/hub/session/de018fc4-2896-459d-8b27-76ad4cdb645e/elements
[HTTP] {"using":"-android uiautomator","value":"new UiSelector().className(\"android.widget.TextView\").text(\"Mulailah berinvestasi untuk meraih mimpimu\").instance(0)"}
[HTTP] <-- POST /wd/hub/session/de018fc4-2896-459d-8b27-76ad4cdb645e/elements 200 72 ms - 74
[HTTP] 
[HTTP] --> POST /wd/hub/session/de018fc4-2896-459d-8b27-76ad4cdb645e/elements
[HTTP] {"using":"-android uiautomator","value":"new UiSelector().className(\"android.widget.TextView\").text(\"Mulailah berinvestasi untuk meraih mimpimu\").instance(0)"}
[HTTP] <-- POST /wd/hub/session/de018fc4-2896-459d-8b27-76ad4cdb645e/elements 200 189 ms - 74
[HTTP] 
[HTTP] --> POST /wd/hub/session/de018fc4-2896-459d-8b27-76ad4cdb645e/elements
[HTTP] {"using":"-android uiautomator","value":"new UiSelector().className(\"android.widget.TextView\").text(\"Mulailah berinvestasi untuk meraih mimpimu\").instance(0)"}
[HTTP] <-- POST /wd/hub/session/de018fc4-2896-459d-8b27-76ad4cdb645e/elements 200 39 ms - 74
[HTTP] 
[HTTP] --> POST /wd/hub/session/de018fc4-2896-459d-8b27-76ad4cdb645e/elements
[HTTP] {"using":"-android uiautomator","value":"new UiSelector().className(\"android.widget.TextView\").text(\"Mulailah berinvestasi untuk meraih mimpimu\").instance(0)"}
[HTTP] <-- POST /wd/hub/session/de018fc4-2896-459d-8b27-76ad4cdb645e/elements 200 48 ms - 74
[HTTP] 
[HTTP] --> POST /wd/hub/session/de018fc4-2896-459d-8b27-76ad4cdb645e/elements
[HTTP] {"using":"-android uiautomator","value":"new UiSelector().className(\"android.widget.TextView\").text(\"Mulailah berinvestasi untuk meraih mimpimu\").instance(0)"}
[HTTP] <-- POST /wd/hub/session/de018fc4-2896-459d-8b27-76ad4cdb645e/elements 200 146 ms - 74
[HTTP] 
[HTTP] --> POST /wd/hub/session/de018fc4-2896-459d-8b27-76ad4cdb645e/elements
[HTTP] {"using":"-android uiautomator","value":"new UiSelector().className(\"android.widget.TextView\").text(\"Mulailah berinvestasi untuk meraih mimpimu\").instance(0)"}
[HTTP] <-- POST /wd/hub/session/de018fc4-2896-459d-8b27-76ad4cdb645e/elements 200 49 ms - 74
[HTTP] 
[HTTP] --> POST /wd/hub/session/de018fc4-2896-459d-8b27-76ad4cdb645e/elements
[HTTP] {"using":"-android uiautomator","value":"new UiSelector().className(\"android.widget.TextView\").text(\"Mulailah berinvestasi untuk meraih mimpimu\").instance(0)"}
[HTTP] <-- POST /wd/hub/session/de018fc4-2896-459d-8b27-76ad4cdb645e/elements 200 68 ms - 74
[HTTP] 
[HTTP] --> POST /wd/hub/session/de018fc4-2896-459d-8b27-76ad4cdb645e/elements
[HTTP] {"using":"-android uiautomator","value":"new UiSelector().className(\"android.widget.TextView\").text(\"Mulailah berinvestasi untuk meraih mimpimu\").instance(0)"}
[HTTP] <-- POST /wd/hub/session/de018fc4-2896-459d-8b27-76ad4cdb645e/elements 200 82 ms - 74
[HTTP] 
[HTTP] --> POST /wd/hub/session/de018fc4-2896-459d-8b27-76ad4cdb645e/elements
[HTTP] {"using":"-android uiautomator","value":"new UiSelector().className(\"android.widget.TextView\").text(\"Mulailah berinvestasi untuk meraih mimpimu\").instance(0)"}
[HTTP] <-- POST /wd/hub/session/de018fc4-2896-459d-8b27-76ad4cdb645e/elements 200 1829 ms - 124
[HTTP] 
[HTTP] --> GET /wd/hub/session/de018fc4-2896-459d-8b27-76ad4cdb645e
[HTTP] {}
[HTTP] <-- GET /wd/hub/session/de018fc4-2896-459d-8b27-76ad4cdb645e 200 107 ms - 1167
[HTTP] 
[HTTP] --> GET /wd/hub/session/de018fc4-2896-459d-8b27-76ad4cdb645e
[HTTP] {}
[HTTP] <-- GET /wd/hub/session/de018fc4-2896-459d-8b27-76ad4cdb645e 200 108 ms - 1167
[HTTP] 
[HTTP] --> GET /wd/hub/session/de018fc4-2896-459d-8b27-76ad4cdb645e
[HTTP] {}
[HTTP] <-- GET /wd/hub/session/de018fc4-2896-459d-8b27-76ad4cdb645e 200 59 ms - 1167
[HTTP] 
[HTTP] --> GET /wd/hub/session/de018fc4-2896-459d-8b27-76ad4cdb645e
[HTTP] {}
[HTTP] <-- GET /wd/hub/session/de018fc4-2896-459d-8b27-76ad4cdb645e 200 162 ms - 1167
[HTTP] 
[HTTP] --> GET /wd/hub/session/de018fc4-2896-459d-8b27-76ad4cdb645e/element/05fe5da5-e516-4134-bb9a-87bfb8975954/location
[HTTP] {}
[W3C] Driver proxy active, passing request on via HTTP proxy
[JSONWP Proxy] Replacing sessionId 39ef5113-8ee4-4c9e-ae2b-b6f5c389c36e with de018fc4-2896-459d-8b27-76ad4cdb645e
[HTTP] <-- GET /wd/hub/session/de018fc4-2896-459d-8b27-76ad4cdb645e/element/05fe5da5-e516-4134-bb9a-87bfb8975954/location 200 1915 ms - 88
[HTTP] 
[HTTP] --> GET /wd/hub/session/de018fc4-2896-459d-8b27-76ad4cdb645e/element/05fe5da5-e516-4134-bb9a-87bfb8975954/text
[HTTP] {}
[W3C] Driver proxy active, passing request on via HTTP proxy
[JSONWP Proxy] Replacing sessionId 39ef5113-8ee4-4c9e-ae2b-b6f5c389c36e with de018fc4-2896-459d-8b27-76ad4cdb645e
[HTTP] <-- GET /wd/hub/session/de018fc4-2896-459d-8b27-76ad4cdb645e/element/05fe5da5-e516-4134-bb9a-87bfb8975954/text 200 238 ms - 116
[HTTP] 
[HTTP] --> GET /wd/hub/session/de018fc4-2896-459d-8b27-76ad4cdb645e/window/current/size
[HTTP] {}
[W3C] Driver proxy active, passing request on via HTTP proxy
[JSONWP Proxy] Replacing sessionId 39ef5113-8ee4-4c9e-ae2b-b6f5c389c36e with de018fc4-2896-459d-8b27-76ad4cdb645e
[HTTP] <-- GET /wd/hub/session/de018fc4-2896-459d-8b27-76ad4cdb645e/window/current/size 200 16 ms - 100
[HTTP] 
[HTTP] --> POST /wd/hub/session/de018fc4-2896-459d-8b27-76ad4cdb645e/elements
[HTTP] {"using":"-android uiautomator","value":"new UiSelector().className(\"android.widget.ImageView\").resourceId(\"id.co.fundtastic.client:id/checklist\").instance(6)"}
[HTTP] <-- POST /wd/hub/session/de018fc4-2896-459d-8b27-76ad4cdb645e/elements 200 143 ms - 124
[HTTP] 
[HTTP] --> GET /wd/hub/session/de018fc4-2896-459d-8b27-76ad4cdb645e
[HTTP] {}
[HTTP] <-- GET /wd/hub/session/de018fc4-2896-459d-8b27-76ad4cdb645e 200 28 ms - 1167
[HTTP] 
[HTTP] --> GET /wd/hub/session/de018fc4-2896-459d-8b27-76ad4cdb645e
[HTTP] {}
[HTTP] <-- GET /wd/hub/session/de018fc4-2896-459d-8b27-76ad4cdb645e 200 129 ms - 1167
[HTTP] 
[HTTP] --> GET /wd/hub/session/de018fc4-2896-459d-8b27-76ad4cdb645e
[HTTP] {}
[HTTP] <-- GET /wd/hub/session/de018fc4-2896-459d-8b27-76ad4cdb645e 200 17 ms - 1167
[HTTP] 
[HTTP] --> GET /wd/hub/session/de018fc4-2896-459d-8b27-76ad4cdb645e
[HTTP] {}
[HTTP] <-- GET /wd/hub/session/de018fc4-2896-459d-8b27-76ad4cdb645e 200 29 ms - 1167
[HTTP] 
[HTTP] --> GET /wd/hub/session/de018fc4-2896-459d-8b27-76ad4cdb645e/element/311ea386-abd1-47c0-bbe4-67fc9886a801/location
[HTTP] {}
[W3C] Driver proxy active, passing request on via HTTP proxy
[JSONWP Proxy] Replacing sessionId 39ef5113-8ee4-4c9e-ae2b-b6f5c389c36e with de018fc4-2896-459d-8b27-76ad4cdb645e
[HTTP] <-- GET /wd/hub/session/de018fc4-2896-459d-8b27-76ad4cdb645e/element/311ea386-abd1-47c0-bbe4-67fc9886a801/location 200 114 ms - 90
[HTTP] 
[HTTP] --> POST /wd/hub/session/de018fc4-2896-459d-8b27-76ad4cdb645e/touch/perform
[HTTP] {"actions":[{"action":"tap","options":{"element":"311ea386-abd1-47c0-bbe4-67fc9886a801","x":1,"y":1}}]}
[UiAutomator2] calling get location: 311ea386-abd1-47c0-bbe4-67fc9886a801
[HTTP] <-- POST /wd/hub/session/de018fc4-2896-459d-8b27-76ad4cdb645e/touch/perform 200 1027 ms - 76
[HTTP] 
[HTTP] --> GET /wd/hub/session/de018fc4-2896-459d-8b27-76ad4cdb645e/window/current/size
[HTTP] {}
[W3C] Driver proxy active, passing request on via HTTP proxy
[JSONWP Proxy] Replacing sessionId 39ef5113-8ee4-4c9e-ae2b-b6f5c389c36e with de018fc4-2896-459d-8b27-76ad4cdb645e
[HTTP] <-- GET /wd/hub/session/de018fc4-2896-459d-8b27-76ad4cdb645e/window/current/size 200 25 ms - 100
[HTTP] 
[HTTP] --> POST /wd/hub/session/de018fc4-2896-459d-8b27-76ad4cdb645e/elements
[HTTP] {"using":"-android uiautomator","value":"new UiSelector().className(\"android.widget.LinearLayout\").instance(4)"}
[HTTP] <-- POST /wd/hub/session/de018fc4-2896-459d-8b27-76ad4cdb645e/elements 200 382 ms - 124
[HTTP] 
[HTTP] --> GET /wd/hub/session/de018fc4-2896-459d-8b27-76ad4cdb645e
[HTTP] {}
[HTTP] <-- GET /wd/hub/session/de018fc4-2896-459d-8b27-76ad4cdb645e 200 14 ms - 1167
[HTTP] 
[HTTP] --> GET /wd/hub/session/de018fc4-2896-459d-8b27-76ad4cdb645e
[HTTP] {}
[HTTP] <-- GET /wd/hub/session/de018fc4-2896-459d-8b27-76ad4cdb645e 200 16 ms - 1167
[HTTP] 
[HTTP] --> GET /wd/hub/session/de018fc4-2896-459d-8b27-76ad4cdb645e
[HTTP] {}
[HTTP] <-- GET /wd/hub/session/de018fc4-2896-459d-8b27-76ad4cdb645e 200 20 ms - 1167
[HTTP] 
[HTTP] --> GET /wd/hub/session/de018fc4-2896-459d-8b27-76ad4cdb645e
[HTTP] {}
[HTTP] <-- GET /wd/hub/session/de018fc4-2896-459d-8b27-76ad4cdb645e 200 21 ms - 1167
[HTTP] 
[HTTP] --> GET /wd/hub/session/de018fc4-2896-459d-8b27-76ad4cdb645e/element/b695e093-c9ec-4e17-b29b-486d3323a1cb/location
[HTTP] {}
[W3C] Driver proxy active, passing request on via HTTP proxy
[JSONWP Proxy] Replacing sessionId 39ef5113-8ee4-4c9e-ae2b-b6f5c389c36e with de018fc4-2896-459d-8b27-76ad4cdb645e
[HTTP] <-- GET /wd/hub/session/de018fc4-2896-459d-8b27-76ad4cdb645e/element/b695e093-c9ec-4e17-b29b-486d3323a1cb/location 200 50 ms - 87
[HTTP] 
[HTTP] --> POST /wd/hub/session/de018fc4-2896-459d-8b27-76ad4cdb645e/touch/perform
[HTTP] {"actions":[{"action":"tap","options":{"element":"b695e093-c9ec-4e17-b29b-486d3323a1cb","x":1,"y":1}}]}
[UiAutomator2] calling get location: b695e093-c9ec-4e17-b29b-486d3323a1cb
[HTTP] <-- POST /wd/hub/session/de018fc4-2896-459d-8b27-76ad4cdb645e/touch/perform 200 801 ms - 76
[HTTP] 
[HTTP] --> GET /wd/hub/session/de018fc4-2896-459d-8b27-76ad4cdb645e/context
[HTTP] {}
[HTTP] <-- GET /wd/hub/session/de018fc4-2896-459d-8b27-76ad4cdb645e/context 200 2 ms - 84
[HTTP] 
[HTTP] --> GET /wd/hub/session/de018fc4-2896-459d-8b27-76ad4cdb645e/contexts
[HTTP] {}
[HTTP] <-- GET /wd/hub/session/de018fc4-2896-459d-8b27-76ad4cdb645e/contexts 200 54 ms - 127
[HTTP] 
[HTTP] --> POST /wd/hub/session/de018fc4-2896-459d-8b27-76ad4cdb645e/context
[HTTP] {"name":"NATIVE_APP"}
[HTTP] <-- POST /wd/hub/session/de018fc4-2896-459d-8b27-76ad4cdb645e/context 200 38 ms - 76
[HTTP] 
[HTTP] --> POST /wd/hub/session/de018fc4-2896-459d-8b27-76ad4cdb645e/touch/perform
[HTTP] {"actions":[{"action":"press","options":{"x":800,"y":1000}},{"action":"wait","options":{"ms":500}},{"action":"moveTo","options":{"x":10,"y":800}}]}
[HTTP] <-- POST /wd/hub/session/de018fc4-2896-459d-8b27-76ad4cdb645e/touch/perform 200 2078 ms - 76
[HTTP] 
[HTTP] --> POST /wd/hub/session/de018fc4-2896-459d-8b27-76ad4cdb645e/context
[HTTP] {"name":"NATIVE_APP"}
[HTTP] <-- POST /wd/hub/session/de018fc4-2896-459d-8b27-76ad4cdb645e/context 200 33 ms - 76
[HTTP] 
[HTTP] --> GET /wd/hub/session/de018fc4-2896-459d-8b27-76ad4cdb645e/window/current/size
[HTTP] {}
[W3C] Driver proxy active, passing request on via HTTP proxy
[JSONWP Proxy] Replacing sessionId 39ef5113-8ee4-4c9e-ae2b-b6f5c389c36e with de018fc4-2896-459d-8b27-76ad4cdb645e
[HTTP] <-- GET /wd/hub/session/de018fc4-2896-459d-8b27-76ad4cdb645e/window/current/size 200 32 ms - 100
[HTTP] 
[HTTP] --> POST /wd/hub/session/de018fc4-2896-459d-8b27-76ad4cdb645e/elements
[HTTP] {"using":"-android uiautomator","value":"new UiSelector().className(\"android.widget.LinearLayout\").instance(4)"}
[HTTP] <-- POST /wd/hub/session/de018fc4-2896-459d-8b27-76ad4cdb645e/elements 200 57 ms - 124
[HTTP] 
[HTTP] --> GET /wd/hub/session/de018fc4-2896-459d-8b27-76ad4cdb645e
[HTTP] {}
[HTTP] <-- GET /wd/hub/session/de018fc4-2896-459d-8b27-76ad4cdb645e 200 19 ms - 1284
[HTTP] 
[HTTP] --> GET /wd/hub/session/de018fc4-2896-459d-8b27-76ad4cdb645e
[HTTP] {}
[HTTP] <-- GET /wd/hub/session/de018fc4-2896-459d-8b27-76ad4cdb645e 200 20 ms - 1284
[HTTP] 
[HTTP] --> GET /wd/hub/session/de018fc4-2896-459d-8b27-76ad4cdb645e
[HTTP] {}
[HTTP] <-- GET /wd/hub/session/de018fc4-2896-459d-8b27-76ad4cdb645e 200 19 ms - 1284
[HTTP] 
[HTTP] --> GET /wd/hub/session/de018fc4-2896-459d-8b27-76ad4cdb645e
[HTTP] {}
[HTTP] <-- GET /wd/hub/session/de018fc4-2896-459d-8b27-76ad4cdb645e 200 17 ms - 1284
[HTTP] 
[HTTP] --> GET /wd/hub/session/de018fc4-2896-459d-8b27-76ad4cdb645e/element/b230f437-d566-455c-8374-fe0c03e6fdb5/location
[HTTP] {}
[W3C] Driver proxy active, passing request on via HTTP proxy
[JSONWP Proxy] Replacing sessionId 39ef5113-8ee4-4c9e-ae2b-b6f5c389c36e with de018fc4-2896-459d-8b27-76ad4cdb645e
[HTTP] <-- GET /wd/hub/session/de018fc4-2896-459d-8b27-76ad4cdb645e/element/b230f437-d566-455c-8374-fe0c03e6fdb5/location 200 33 ms - 87
[HTTP] 
[HTTP] --> POST /wd/hub/session/de018fc4-2896-459d-8b27-76ad4cdb645e/touch/perform
[HTTP] {"actions":[{"action":"tap","options":{"element":"b230f437-d566-455c-8374-fe0c03e6fdb5","x":1,"y":1}}]}
[UiAutomator2] calling get location: b230f437-d566-455c-8374-fe0c03e6fdb5
[HTTP] <-- POST /wd/hub/session/de018fc4-2896-459d-8b27-76ad4cdb645e/touch/perform 200 1110 ms - 76
[HTTP] 
[HTTP] --> GET /wd/hub/session/de018fc4-2896-459d-8b27-76ad4cdb645e/context
[HTTP] {}
[HTTP] <-- GET /wd/hub/session/de018fc4-2896-459d-8b27-76ad4cdb645e/context 200 3 ms - 84
[HTTP] 
[HTTP] --> GET /wd/hub/session/de018fc4-2896-459d-8b27-76ad4cdb645e/contexts
[HTTP] {}
[HTTP] <-- GET /wd/hub/session/de018fc4-2896-459d-8b27-76ad4cdb645e/contexts 200 31 ms - 127
[HTTP] 
[HTTP] --> POST /wd/hub/session/de018fc4-2896-459d-8b27-76ad4cdb645e/context
[HTTP] {"name":"NATIVE_APP"}
[HTTP] <-- POST /wd/hub/session/de018fc4-2896-459d-8b27-76ad4cdb645e/context 200 61 ms - 76
[HTTP] 
[HTTP] --> POST /wd/hub/session/de018fc4-2896-459d-8b27-76ad4cdb645e/touch/perform
[HTTP] {"actions":[{"action":"press","options":{"x":800,"y":1000}},{"action":"wait","options":{"ms":500}},{"action":"moveTo","options":{"x":10,"y":800}}]}
[HTTP] <-- POST /wd/hub/session/de018fc4-2896-459d-8b27-76ad4cdb645e/touch/perform 200 2062 ms - 76
[HTTP] 
[HTTP] --> POST /wd/hub/session/de018fc4-2896-459d-8b27-76ad4cdb645e/context
[HTTP] {"name":"NATIVE_APP"}
[HTTP] <-- POST /wd/hub/session/de018fc4-2896-459d-8b27-76ad4cdb645e/context 200 32 ms - 76
[HTTP] 
[HTTP] --> GET /wd/hub/session/de018fc4-2896-459d-8b27-76ad4cdb645e/window/current/size
[HTTP] {}
[W3C] Driver proxy active, passing request on via HTTP proxy
[JSONWP Proxy] Replacing sessionId 39ef5113-8ee4-4c9e-ae2b-b6f5c389c36e with de018fc4-2896-459d-8b27-76ad4cdb645e
[HTTP] <-- GET /wd/hub/session/de018fc4-2896-459d-8b27-76ad4cdb645e/window/current/size 200 32 ms - 100
[HTTP] 
[HTTP] --> POST /wd/hub/session/de018fc4-2896-459d-8b27-76ad4cdb645e/elements
[HTTP] {"using":"-android uiautomator","value":"new UiSelector().className(\"android.widget.LinearLayout\").instance(4)"}
[HTTP] <-- POST /wd/hub/session/de018fc4-2896-459d-8b27-76ad4cdb645e/elements 200 108 ms - 124
[HTTP] 
[HTTP] --> GET /wd/hub/session/de018fc4-2896-459d-8b27-76ad4cdb645e
[HTTP] {}
[HTTP] <-- GET /wd/hub/session/de018fc4-2896-459d-8b27-76ad4cdb645e 200 20 ms - 1284
[HTTP] 
[HTTP] --> GET /wd/hub/session/de018fc4-2896-459d-8b27-76ad4cdb645e
[HTTP] {}
[HTTP] <-- GET /wd/hub/session/de018fc4-2896-459d-8b27-76ad4cdb645e 200 16 ms - 1284
[HTTP] 
[HTTP] --> GET /wd/hub/session/de018fc4-2896-459d-8b27-76ad4cdb645e
[HTTP] {}
[HTTP] <-- GET /wd/hub/session/de018fc4-2896-459d-8b27-76ad4cdb645e 200 24 ms - 1284
[HTTP] 
[HTTP] --> GET /wd/hub/session/de018fc4-2896-459d-8b27-76ad4cdb645e
[HTTP] {}
[HTTP] <-- GET /wd/hub/session/de018fc4-2896-459d-8b27-76ad4cdb645e 200 14 ms - 1284
[HTTP] 
[HTTP] --> GET /wd/hub/session/de018fc4-2896-459d-8b27-76ad4cdb645e/element/305c3264-aa47-44da-a067-f1ef3db9e959/location
[HTTP] {}
[W3C] Driver proxy active, passing request on via HTTP proxy
[JSONWP Proxy] Replacing sessionId 39ef5113-8ee4-4c9e-ae2b-b6f5c389c36e with de018fc4-2896-459d-8b27-76ad4cdb645e
[HTTP] <-- GET /wd/hub/session/de018fc4-2896-459d-8b27-76ad4cdb645e/element/305c3264-aa47-44da-a067-f1ef3db9e959/location 200 32 ms - 87
[HTTP] 
[HTTP] --> POST /wd/hub/session/de018fc4-2896-459d-8b27-76ad4cdb645e/touch/perform
[HTTP] {"actions":[{"action":"tap","options":{"element":"305c3264-aa47-44da-a067-f1ef3db9e959","x":1,"y":1}}]}
[UiAutomator2] calling get location: 305c3264-aa47-44da-a067-f1ef3db9e959
[HTTP] <-- POST /wd/hub/session/de018fc4-2896-459d-8b27-76ad4cdb645e/touch/perform 200 1115 ms - 76
[HTTP] 
[HTTP] --> GET /wd/hub/session/de018fc4-2896-459d-8b27-76ad4cdb645e/context
[HTTP] {}
[HTTP] <-- GET /wd/hub/session/de018fc4-2896-459d-8b27-76ad4cdb645e/context 200 2 ms - 84
[HTTP] 
[HTTP] --> GET /wd/hub/session/de018fc4-2896-459d-8b27-76ad4cdb645e/contexts
[HTTP] {}
[HTTP] <-- GET /wd/hub/session/de018fc4-2896-459d-8b27-76ad4cdb645e/contexts 200 36 ms - 127
[HTTP] 
[HTTP] --> POST /wd/hub/session/de018fc4-2896-459d-8b27-76ad4cdb645e/context
[HTTP] {"name":"NATIVE_APP"}
[HTTP] <-- POST /wd/hub/session/de018fc4-2896-459d-8b27-76ad4cdb645e/context 200 46 ms - 76
[HTTP] 
[HTTP] --> POST /wd/hub/session/de018fc4-2896-459d-8b27-76ad4cdb645e/touch/perform
[HTTP] {"actions":[{"action":"press","options":{"x":800,"y":1000}},{"action":"wait","options":{"ms":500}},{"action":"moveTo","options":{"x":10,"y":800}}]}
[HTTP] <-- POST /wd/hub/session/de018fc4-2896-459d-8b27-76ad4cdb645e/touch/perform 200 2065 ms - 76
[HTTP] 
[HTTP] --> POST /wd/hub/session/de018fc4-2896-459d-8b27-76ad4cdb645e/context
[HTTP] {"name":"NATIVE_APP"}
[HTTP] <-- POST /wd/hub/session/de018fc4-2896-459d-8b27-76ad4cdb645e/context 200 71 ms - 76
[HTTP] 
[HTTP] --> GET /wd/hub/session/de018fc4-2896-459d-8b27-76ad4cdb645e/window/current/size
[HTTP] {}
[W3C] Driver proxy active, passing request on via HTTP proxy
[JSONWP Proxy] Replacing sessionId 39ef5113-8ee4-4c9e-ae2b-b6f5c389c36e with de018fc4-2896-459d-8b27-76ad4cdb645e
[HTTP] <-- GET /wd/hub/session/de018fc4-2896-459d-8b27-76ad4cdb645e/window/current/size 200 50 ms - 100
[HTTP] 
[HTTP] --> POST /wd/hub/session/de018fc4-2896-459d-8b27-76ad4cdb645e/elements
[HTTP] {"using":"-android uiautomator","value":"new UiSelector().className(\"android.widget.LinearLayout\").instance(4)"}
[HTTP] <-- POST /wd/hub/session/de018fc4-2896-459d-8b27-76ad4cdb645e/elements 200 128 ms - 124
[HTTP] 
[HTTP] --> GET /wd/hub/session/de018fc4-2896-459d-8b27-76ad4cdb645e
[HTTP] {}
[HTTP] <-- GET /wd/hub/session/de018fc4-2896-459d-8b27-76ad4cdb645e 200 25 ms - 1167
[HTTP] 
[HTTP] --> GET /wd/hub/session/de018fc4-2896-459d-8b27-76ad4cdb645e
[HTTP] {}
[HTTP] <-- GET /wd/hub/session/de018fc4-2896-459d-8b27-76ad4cdb645e 200 51 ms - 1167
[HTTP] 
[HTTP] --> GET /wd/hub/session/de018fc4-2896-459d-8b27-76ad4cdb645e
[HTTP] {}
[HTTP] <-- GET /wd/hub/session/de018fc4-2896-459d-8b27-76ad4cdb645e 200 26 ms - 1167
[HTTP] 
[HTTP] --> GET /wd/hub/session/de018fc4-2896-459d-8b27-76ad4cdb645e
[HTTP] {}
[HTTP] <-- GET /wd/hub/session/de018fc4-2896-459d-8b27-76ad4cdb645e 200 51 ms - 1167
[HTTP] 
[HTTP] --> GET /wd/hub/session/de018fc4-2896-459d-8b27-76ad4cdb645e/element/d4f7c9c8-97c7-4058-9b88-6605cdd48900/location
[HTTP] {}
[W3C] Driver proxy active, passing request on via HTTP proxy
[JSONWP Proxy] Replacing sessionId 39ef5113-8ee4-4c9e-ae2b-b6f5c389c36e with de018fc4-2896-459d-8b27-76ad4cdb645e
[HTTP] <-- GET /wd/hub/session/de018fc4-2896-459d-8b27-76ad4cdb645e/element/d4f7c9c8-97c7-4058-9b88-6605cdd48900/location 200 193 ms - 88
[HTTP] 
[HTTP] --> POST /wd/hub/session/de018fc4-2896-459d-8b27-76ad4cdb645e/touch/perform
[HTTP] {"actions":[{"action":"tap","options":{"element":"d4f7c9c8-97c7-4058-9b88-6605cdd48900","x":1,"y":1}}]}
[UiAutomator2] calling get location: d4f7c9c8-97c7-4058-9b88-6605cdd48900
[HTTP] <-- POST /wd/hub/session/de018fc4-2896-459d-8b27-76ad4cdb645e/touch/perform 200 3334 ms - 76
[HTTP] 
[HTTP] --> GET /wd/hub/session/de018fc4-2896-459d-8b27-76ad4cdb645e/context
[HTTP] {}
[HTTP] <-- GET /wd/hub/session/de018fc4-2896-459d-8b27-76ad4cdb645e/context 200 3 ms - 84
[HTTP] 
[HTTP] --> GET /wd/hub/session/de018fc4-2896-459d-8b27-76ad4cdb645e/contexts
[HTTP] {}
[HTTP] <-- GET /wd/hub/session/de018fc4-2896-459d-8b27-76ad4cdb645e/contexts 200 30 ms - 127
[HTTP] 
[HTTP] --> POST /wd/hub/session/de018fc4-2896-459d-8b27-76ad4cdb645e/context
[HTTP] {"name":"NATIVE_APP"}
[HTTP] <-- POST /wd/hub/session/de018fc4-2896-459d-8b27-76ad4cdb645e/context 200 34 ms - 76
[HTTP] 
[HTTP] --> POST /wd/hub/session/de018fc4-2896-459d-8b27-76ad4cdb645e/touch/perform
[HTTP] {"actions":[{"action":"press","options":{"x":800,"y":1000}},{"action":"wait","options":{"ms":500}},{"action":"moveTo","options":{"x":10,"y":800}}]}
[HTTP] <-- POST /wd/hub/session/de018fc4-2896-459d-8b27-76ad4cdb645e/touch/perform 200 2087 ms - 76
[HTTP] 
[HTTP] --> POST /wd/hub/session/de018fc4-2896-459d-8b27-76ad4cdb645e/context
[HTTP] {"name":"NATIVE_APP"}
[HTTP] <-- POST /wd/hub/session/de018fc4-2896-459d-8b27-76ad4cdb645e/context 200 57 ms - 76
[HTTP] 
[HTTP] --> GET /wd/hub/session/de018fc4-2896-459d-8b27-76ad4cdb645e/window/current/size
[HTTP] {}
[W3C] Driver proxy active, passing request on via HTTP proxy
[JSONWP Proxy] Replacing sessionId 39ef5113-8ee4-4c9e-ae2b-b6f5c389c36e with de018fc4-2896-459d-8b27-76ad4cdb645e
[HTTP] <-- GET /wd/hub/session/de018fc4-2896-459d-8b27-76ad4cdb645e/window/current/size 200 28 ms - 100
[HTTP] 
[HTTP] --> POST /wd/hub/session/de018fc4-2896-459d-8b27-76ad4cdb645e/elements
[HTTP] {"using":"-android uiautomator","value":"new UiSelector().className(\"android.widget.EditText\").text(\"No Handphone\").resourceId(\"id.co.fundtastic.client:id/et_phone\").instance(0)"}
[HTTP] <-- POST /wd/hub/session/de018fc4-2896-459d-8b27-76ad4cdb645e/elements 200 237 ms - 124
[HTTP] 
[HTTP] --> GET /wd/hub/session/de018fc4-2896-459d-8b27-76ad4cdb645e
[HTTP] {}
[HTTP] <-- GET /wd/hub/session/de018fc4-2896-459d-8b27-76ad4cdb645e 200 58 ms - 1167
[HTTP] 
[HTTP] --> GET /wd/hub/session/de018fc4-2896-459d-8b27-76ad4cdb645e
[HTTP] {}
[HTTP] <-- GET /wd/hub/session/de018fc4-2896-459d-8b27-76ad4cdb645e 200 126 ms - 1167
[HTTP] 
[HTTP] --> GET /wd/hub/session/de018fc4-2896-459d-8b27-76ad4cdb645e
[HTTP] {}
[HTTP] <-- GET /wd/hub/session/de018fc4-2896-459d-8b27-76ad4cdb645e 200 71 ms - 1167
[HTTP] 
[HTTP] --> GET /wd/hub/session/de018fc4-2896-459d-8b27-76ad4cdb645e
[HTTP] {}
[HTTP] <-- GET /wd/hub/session/de018fc4-2896-459d-8b27-76ad4cdb645e 200 35 ms - 1167
[HTTP] 
[HTTP] --> GET /wd/hub/session/de018fc4-2896-459d-8b27-76ad4cdb645e/element/5fc4c7ba-54c7-45c2-8586-bb8f047dff3d/location
[HTTP] {}
[W3C] Driver proxy active, passing request on via HTTP proxy
[JSONWP Proxy] Replacing sessionId 39ef5113-8ee4-4c9e-ae2b-b6f5c389c36e with de018fc4-2896-459d-8b27-76ad4cdb645e
[HTTP] <-- GET /wd/hub/session/de018fc4-2896-459d-8b27-76ad4cdb645e/element/5fc4c7ba-54c7-45c2-8586-bb8f047dff3d/location 200 131 ms - 88
[HTTP] 
[HTTP] --> POST /wd/hub/session/de018fc4-2896-459d-8b27-76ad4cdb645e/element/5fc4c7ba-54c7-45c2-8586-bb8f047dff3d/clear
[HTTP] {"id":"5fc4c7ba-54c7-45c2-8586-bb8f047dff3d"}
[HTTP] <-- POST /wd/hub/session/de018fc4-2896-459d-8b27-76ad4cdb645e/element/5fc4c7ba-54c7-45c2-8586-bb8f047dff3d/clear 200 106 ms - 89
[HTTP] 
[HTTP] --> POST /wd/hub/session/de018fc4-2896-459d-8b27-76ad4cdb645e/element/5fc4c7ba-54c7-45c2-8586-bb8f047dff3d/value
[HTTP] {"id":"5fc4c7ba-54c7-45c2-8586-bb8f047dff3d","value":["081215161452"]}
[HTTP] <-- POST /wd/hub/session/de018fc4-2896-459d-8b27-76ad4cdb645e/element/5fc4c7ba-54c7-45c2-8586-bb8f047dff3d/value 200 1145 ms - 74
[HTTP] 
[HTTP] --> GET /wd/hub/session/de018fc4-2896-459d-8b27-76ad4cdb645e/window/current/size
[HTTP] {}
[W3C] Driver proxy active, passing request on via HTTP proxy
[JSONWP Proxy] Replacing sessionId 39ef5113-8ee4-4c9e-ae2b-b6f5c389c36e with de018fc4-2896-459d-8b27-76ad4cdb645e
[HTTP] <-- GET /wd/hub/session/de018fc4-2896-459d-8b27-76ad4cdb645e/window/current/size 200 16 ms - 100
[HTTP] 
[HTTP] --> POST /wd/hub/session/de018fc4-2896-459d-8b27-76ad4cdb645e/elements
[HTTP] {"using":"-android uiautomator","value":"new UiSelector().className(\"android.widget.Button\").text(\"MASUK\").resourceId(\"id.co.fundtastic.client:id/btnLogin\").instance(0)"}
[HTTP] <-- POST /wd/hub/session/de018fc4-2896-459d-8b27-76ad4cdb645e/elements 200 468 ms - 124
[HTTP] 
[HTTP] --> GET /wd/hub/session/de018fc4-2896-459d-8b27-76ad4cdb645e
[HTTP] {}
[HTTP] <-- GET /wd/hub/session/de018fc4-2896-459d-8b27-76ad4cdb645e 200 14 ms - 1167
[HTTP] 
[HTTP] --> GET /wd/hub/session/de018fc4-2896-459d-8b27-76ad4cdb645e
[HTTP] {}
[HTTP] <-- GET /wd/hub/session/de018fc4-2896-459d-8b27-76ad4cdb645e 200 13 ms - 1167
[HTTP] 
[HTTP] --> GET /wd/hub/session/de018fc4-2896-459d-8b27-76ad4cdb645e
[HTTP] {}
[HTTP] <-- GET /wd/hub/session/de018fc4-2896-459d-8b27-76ad4cdb645e 200 14 ms - 1167
[HTTP] 
[HTTP] --> GET /wd/hub/session/de018fc4-2896-459d-8b27-76ad4cdb645e
[HTTP] {}
[HTTP] <-- GET /wd/hub/session/de018fc4-2896-459d-8b27-76ad4cdb645e 200 14 ms - 1167
[HTTP] 
[HTTP] --> GET /wd/hub/session/de018fc4-2896-459d-8b27-76ad4cdb645e/element/3b40a4ed-0122-4b29-8a3e-8e3a2d9936e9/location
[HTTP] {}
[W3C] Driver proxy active, passing request on via HTTP proxy
[JSONWP Proxy] Replacing sessionId 39ef5113-8ee4-4c9e-ae2b-b6f5c389c36e with de018fc4-2896-459d-8b27-76ad4cdb645e
[HTTP] <-- GET /wd/hub/session/de018fc4-2896-459d-8b27-76ad4cdb645e/element/3b40a4ed-0122-4b29-8a3e-8e3a2d9936e9/location 200 26 ms - 88
[HTTP] 
[HTTP] --> POST /wd/hub/session/de018fc4-2896-459d-8b27-76ad4cdb645e/touch/perform
[HTTP] {"actions":[{"action":"tap","options":{"element":"3b40a4ed-0122-4b29-8a3e-8e3a2d9936e9","x":1,"y":1}}]}
[UiAutomator2] calling get location: 3b40a4ed-0122-4b29-8a3e-8e3a2d9936e9
[HTTP] <-- POST /wd/hub/session/de018fc4-2896-459d-8b27-76ad4cdb645e/touch/perform 200 814 ms - 76
[HTTP] 
[HTTP] --> GET /wd/hub/session/de018fc4-2896-459d-8b27-76ad4cdb645e/window/current/size
[HTTP] {}
[W3C] Driver proxy active, passing request on via HTTP proxy
[JSONWP Proxy] Replacing sessionId 39ef5113-8ee4-4c9e-ae2b-b6f5c389c36e with de018fc4-2896-459d-8b27-76ad4cdb645e
[HTTP] <-- GET /wd/hub/session/de018fc4-2896-459d-8b27-76ad4cdb645e/window/current/size 200 18 ms - 100
[HTTP] 
[HTTP] --> POST /wd/hub/session/de018fc4-2896-459d-8b27-76ad4cdb645e/elements
[HTTP] {"using":"-android uiautomator","value":"new UiSelector().className(\"android.widget.TextView\").text(\"Verifikasi Nomor HP\").instance(0)"}
[HTTP] <-- POST /wd/hub/session/de018fc4-2896-459d-8b27-76ad4cdb645e/elements 200 123 ms - 124
[HTTP] 
[HTTP] --> GET /wd/hub/session/de018fc4-2896-459d-8b27-76ad4cdb645e
[HTTP] {}
[HTTP] <-- GET /wd/hub/session/de018fc4-2896-459d-8b27-76ad4cdb645e 200 20 ms - 1167
[HTTP] 
[HTTP] --> GET /wd/hub/session/de018fc4-2896-459d-8b27-76ad4cdb645e
[HTTP] {}
[HTTP] <-- GET /wd/hub/session/de018fc4-2896-459d-8b27-76ad4cdb645e 200 14 ms - 1167
[HTTP] 
[HTTP] --> GET /wd/hub/session/de018fc4-2896-459d-8b27-76ad4cdb645e
[HTTP] {}
[HTTP] <-- GET /wd/hub/session/de018fc4-2896-459d-8b27-76ad4cdb645e 200 14 ms - 1167
[HTTP] 
[HTTP] --> GET /wd/hub/session/de018fc4-2896-459d-8b27-76ad4cdb645e
[HTTP] {}
[HTTP] <-- GET /wd/hub/session/de018fc4-2896-459d-8b27-76ad4cdb645e 200 14 ms - 1167
[HTTP] 
[HTTP] --> GET /wd/hub/session/de018fc4-2896-459d-8b27-76ad4cdb645e/element/06206e65-5a28-4384-8e3b-b4d4ba0d8b41/location
[HTTP] {}
[W3C] Driver proxy active, passing request on via HTTP proxy
[JSONWP Proxy] Replacing sessionId 39ef5113-8ee4-4c9e-ae2b-b6f5c389c36e with de018fc4-2896-459d-8b27-76ad4cdb645e
[HTTP] <-- GET /wd/hub/session/de018fc4-2896-459d-8b27-76ad4cdb645e/element/06206e65-5a28-4384-8e3b-b4d4ba0d8b41/location 200 30 ms - 89
[HTTP] 
[HTTP] --> GET /wd/hub/session/de018fc4-2896-459d-8b27-76ad4cdb645e/element/06206e65-5a28-4384-8e3b-b4d4ba0d8b41/text
[HTTP] {}
[W3C] Driver proxy active, passing request on via HTTP proxy
[JSONWP Proxy] Replacing sessionId 39ef5113-8ee4-4c9e-ae2b-b6f5c389c36e with de018fc4-2896-459d-8b27-76ad4cdb645e
[HTTP] <-- GET /wd/hub/session/de018fc4-2896-459d-8b27-76ad4cdb645e/element/06206e65-5a28-4384-8e3b-b4d4ba0d8b41/text 200 32 ms - 93
[HTTP] 
[HTTP] --> GET /wd/hub/session/de018fc4-2896-459d-8b27-76ad4cdb645e/window/current/size
[HTTP] {}
[W3C] Driver proxy active, passing request on via HTTP proxy
[JSONWP Proxy] Replacing sessionId 39ef5113-8ee4-4c9e-ae2b-b6f5c389c36e with de018fc4-2896-459d-8b27-76ad4cdb645e
[HTTP] <-- GET /wd/hub/session/de018fc4-2896-459d-8b27-76ad4cdb645e/window/current/size 200 18 ms - 100
[HTTP] 
[HTTP] --> POST /wd/hub/session/de018fc4-2896-459d-8b27-76ad4cdb645e/elements
[HTTP] {"using":"-android uiautomator","value":"new UiSelector().className(\"android.widget.EditText\").resourceId(\"id.co.fundtastic.client:id/et_otp\").instance(0)"}
[HTTP] <-- POST /wd/hub/session/de018fc4-2896-459d-8b27-76ad4cdb645e/elements 200 66 ms - 124
[HTTP] 
[HTTP] --> GET /wd/hub/session/de018fc4-2896-459d-8b27-76ad4cdb645e
[HTTP] {}
[HTTP] <-- GET /wd/hub/session/de018fc4-2896-459d-8b27-76ad4cdb645e 200 40 ms - 1167
[HTTP] 
[HTTP] --> GET /wd/hub/session/de018fc4-2896-459d-8b27-76ad4cdb645e
[HTTP] {}
[HTTP] <-- GET /wd/hub/session/de018fc4-2896-459d-8b27-76ad4cdb645e 200 13 ms - 1167
[HTTP] 
[HTTP] --> GET /wd/hub/session/de018fc4-2896-459d-8b27-76ad4cdb645e
[HTTP] {}
[HTTP] <-- GET /wd/hub/session/de018fc4-2896-459d-8b27-76ad4cdb645e 200 16 ms - 1167
[HTTP] 
[HTTP] --> GET /wd/hub/session/de018fc4-2896-459d-8b27-76ad4cdb645e
[HTTP] {}
[HTTP] <-- GET /wd/hub/session/de018fc4-2896-459d-8b27-76ad4cdb645e 200 20 ms - 1167
[HTTP] 
[HTTP] --> GET /wd/hub/session/de018fc4-2896-459d-8b27-76ad4cdb645e/element/e002dc6f-c7dc-4275-a76e-d605a7d6e2a5/location
[HTTP] {}
[W3C] Driver proxy active, passing request on via HTTP proxy
[JSONWP Proxy] Replacing sessionId 39ef5113-8ee4-4c9e-ae2b-b6f5c389c36e with de018fc4-2896-459d-8b27-76ad4cdb645e
[HTTP] <-- GET /wd/hub/session/de018fc4-2896-459d-8b27-76ad4cdb645e/element/e002dc6f-c7dc-4275-a76e-d605a7d6e2a5/location 200 377 ms - 89
[HTTP] 
[HTTP] --> POST /wd/hub/session/de018fc4-2896-459d-8b27-76ad4cdb645e/touch/perform
[HTTP] {"actions":[{"action":"tap","options":{"element":"e002dc6f-c7dc-4275-a76e-d605a7d6e2a5","x":1,"y":1}}]}
[UiAutomator2] calling get location: e002dc6f-c7dc-4275-a76e-d605a7d6e2a5
[HTTP] <-- POST /wd/hub/session/de018fc4-2896-459d-8b27-76ad4cdb645e/touch/perform 200 997 ms - 76
[HTTP] 
[HTTP] --> GET /wd/hub/session/de018fc4-2896-459d-8b27-76ad4cdb645e/window/current/size
[HTTP] {}
[W3C] Driver proxy active, passing request on via HTTP proxy
[JSONWP Proxy] Replacing sessionId 39ef5113-8ee4-4c9e-ae2b-b6f5c389c36e with de018fc4-2896-459d-8b27-76ad4cdb645e
[HTTP] <-- GET /wd/hub/session/de018fc4-2896-459d-8b27-76ad4cdb645e/window/current/size 200 19 ms - 100
[HTTP] 
[HTTP] --> POST /wd/hub/session/de018fc4-2896-459d-8b27-76ad4cdb645e/elements
[HTTP] {"using":"-android uiautomator","value":"new UiSelector().className(\"android.widget.EditText\").resourceId(\"id.co.fundtastic.client:id/et_otp\").instance(0)"}
[HTTP] <-- POST /wd/hub/session/de018fc4-2896-459d-8b27-76ad4cdb645e/elements 200 36 ms - 124
[HTTP] 
[HTTP] --> GET /wd/hub/session/de018fc4-2896-459d-8b27-76ad4cdb645e
[HTTP] {}
[HTTP] <-- GET /wd/hub/session/de018fc4-2896-459d-8b27-76ad4cdb645e 200 16 ms - 1167
[HTTP] 
[HTTP] --> GET /wd/hub/session/de018fc4-2896-459d-8b27-76ad4cdb645e
[HTTP] {}
[HTTP] <-- GET /wd/hub/session/de018fc4-2896-459d-8b27-76ad4cdb645e 200 14 ms - 1167
[HTTP] 
[HTTP] --> GET /wd/hub/session/de018fc4-2896-459d-8b27-76ad4cdb645e
[HTTP] {}
[HTTP] <-- GET /wd/hub/session/de018fc4-2896-459d-8b27-76ad4cdb645e 200 13 ms - 1167
[HTTP] 
[HTTP] --> GET /wd/hub/session/de018fc4-2896-459d-8b27-76ad4cdb645e
[HTTP] {}
[HTTP] <-- GET /wd/hub/session/de018fc4-2896-459d-8b27-76ad4cdb645e 200 17 ms - 1167
[HTTP] 
[HTTP] --> GET /wd/hub/session/de018fc4-2896-459d-8b27-76ad4cdb645e/element/1dc52887-0776-410c-827e-c3cc7c776e07/location
[HTTP] {}
[W3C] Driver proxy active, passing request on via HTTP proxy
[JSONWP Proxy] Replacing sessionId 39ef5113-8ee4-4c9e-ae2b-b6f5c389c36e with de018fc4-2896-459d-8b27-76ad4cdb645e
[HTTP] <-- GET /wd/hub/session/de018fc4-2896-459d-8b27-76ad4cdb645e/element/1dc52887-0776-410c-827e-c3cc7c776e07/location 200 57 ms - 89
[HTTP] 
[HTTP] --> POST /wd/hub/session/de018fc4-2896-459d-8b27-76ad4cdb645e/element/1dc52887-0776-410c-827e-c3cc7c776e07/clear
[HTTP] {"id":"1dc52887-0776-410c-827e-c3cc7c776e07"}
[HTTP] <-- POST /wd/hub/session/de018fc4-2896-459d-8b27-76ad4cdb645e/element/1dc52887-0776-410c-827e-c3cc7c776e07/clear 200 53 ms - 89
[HTTP] 
[HTTP] --> POST /wd/hub/session/de018fc4-2896-459d-8b27-76ad4cdb645e/element/1dc52887-0776-410c-827e-c3cc7c776e07/value
[HTTP] {"id":"1dc52887-0776-410c-827e-c3cc7c776e07","value":["8888"]}
[HTTP] <-- POST /wd/hub/session/de018fc4-2896-459d-8b27-76ad4cdb645e/element/1dc52887-0776-410c-827e-c3cc7c776e07/value 200 797 ms - 74
[HTTP] 
[HTTP] --> GET /wd/hub/session/de018fc4-2896-459d-8b27-76ad4cdb645e/window/current/size
[HTTP] {}
[W3C] Driver proxy active, passing request on via HTTP proxy
[JSONWP Proxy] Replacing sessionId 39ef5113-8ee4-4c9e-ae2b-b6f5c389c36e with de018fc4-2896-459d-8b27-76ad4cdb645e
[HTTP] <-- GET /wd/hub/session/de018fc4-2896-459d-8b27-76ad4cdb645e/window/current/size 200 40 ms - 100
[HTTP] 
[HTTP] --> POST /wd/hub/session/de018fc4-2896-459d-8b27-76ad4cdb645e/elements
[HTTP] {"using":"-android uiautomator","value":"new UiSelector().className(\"android.widget.Button\").text(\"Verifikasi Sekarang\").resourceId(\"id.co.fundtastic.client:id/btnVerified\").instance(0)"}
[HTTP] <-- POST /wd/hub/session/de018fc4-2896-459d-8b27-76ad4cdb645e/elements 200 875 ms - 124
[HTTP] 
[HTTP] --> GET /wd/hub/session/de018fc4-2896-459d-8b27-76ad4cdb645e
[HTTP] {}
[HTTP] <-- GET /wd/hub/session/de018fc4-2896-459d-8b27-76ad4cdb645e 200 13 ms - 1167
[HTTP] 
[HTTP] --> GET /wd/hub/session/de018fc4-2896-459d-8b27-76ad4cdb645e
[HTTP] {}
[HTTP] <-- GET /wd/hub/session/de018fc4-2896-459d-8b27-76ad4cdb645e 200 12 ms - 1167
[HTTP] 
[HTTP] --> GET /wd/hub/session/de018fc4-2896-459d-8b27-76ad4cdb645e
[HTTP] {}
[HTTP] <-- GET /wd/hub/session/de018fc4-2896-459d-8b27-76ad4cdb645e 200 14 ms - 1167
[HTTP] 
[HTTP] --> GET /wd/hub/session/de018fc4-2896-459d-8b27-76ad4cdb645e
[HTTP] {}
[HTTP] <-- GET /wd/hub/session/de018fc4-2896-459d-8b27-76ad4cdb645e 200 33 ms - 1167
[HTTP] 
[HTTP] --> GET /wd/hub/session/de018fc4-2896-459d-8b27-76ad4cdb645e/element/927a2566-1302-4fc0-b094-1af9b3a5d094/location
[HTTP] {}
[W3C] Driver proxy active, passing request on via HTTP proxy
[JSONWP Proxy] Replacing sessionId 39ef5113-8ee4-4c9e-ae2b-b6f5c389c36e with de018fc4-2896-459d-8b27-76ad4cdb645e
[HTTP] <-- GET /wd/hub/session/de018fc4-2896-459d-8b27-76ad4cdb645e/element/927a2566-1302-4fc0-b094-1af9b3a5d094/location 200 34 ms - 88
[HTTP] 
[HTTP] --> POST /wd/hub/session/de018fc4-2896-459d-8b27-76ad4cdb645e/touch/perform
[HTTP] {"actions":[{"action":"tap","options":{"element":"927a2566-1302-4fc0-b094-1af9b3a5d094","x":1,"y":1}}]}
[UiAutomator2] calling get location: 927a2566-1302-4fc0-b094-1af9b3a5d094
[HTTP] <-- POST /wd/hub/session/de018fc4-2896-459d-8b27-76ad4cdb645e/touch/perform 200 982 ms - 76
[HTTP] 
[HTTP] --> GET /wd/hub/session/de018fc4-2896-459d-8b27-76ad4cdb645e/window/current/size
[HTTP] {}
[W3C] Driver proxy active, passing request on via HTTP proxy
[JSONWP Proxy] Replacing sessionId 39ef5113-8ee4-4c9e-ae2b-b6f5c389c36e with de018fc4-2896-459d-8b27-76ad4cdb645e
[HTTP] <-- GET /wd/hub/session/de018fc4-2896-459d-8b27-76ad4cdb645e/window/current/size 200 72 ms - 100
[HTTP] 
[HTTP] --> POST /wd/hub/session/de018fc4-2896-459d-8b27-76ad4cdb645e/elements
[HTTP] {"using":"-android uiautomator","value":"new UiSelector().className(\"android.widget.ImageView\").resourceId(\"id.co.fundtastic.client:id/imageEdit\").instance(4)"}
[HTTP] <-- POST /wd/hub/session/de018fc4-2896-459d-8b27-76ad4cdb645e/elements 200 1000 ms - 124
[HTTP] 
[HTTP] --> GET /wd/hub/session/de018fc4-2896-459d-8b27-76ad4cdb645e
[HTTP] {}
[HTTP] <-- GET /wd/hub/session/de018fc4-2896-459d-8b27-76ad4cdb645e 200 33 ms - 1167
[HTTP] 
[HTTP] --> GET /wd/hub/session/de018fc4-2896-459d-8b27-76ad4cdb645e
[HTTP] {}
[HTTP] <-- GET /wd/hub/session/de018fc4-2896-459d-8b27-76ad4cdb645e 200 13 ms - 1167
[HTTP] 
[HTTP] --> GET /wd/hub/session/de018fc4-2896-459d-8b27-76ad4cdb645e
[HTTP] {}
[HTTP] <-- GET /wd/hub/session/de018fc4-2896-459d-8b27-76ad4cdb645e 200 15 ms - 1167
[HTTP] 
[HTTP] --> GET /wd/hub/session/de018fc4-2896-459d-8b27-76ad4cdb645e
[HTTP] {}
[HTTP] <-- GET /wd/hub/session/de018fc4-2896-459d-8b27-76ad4cdb645e 200 16 ms - 1167
[HTTP] 
[HTTP] --> GET /wd/hub/session/de018fc4-2896-459d-8b27-76ad4cdb645e/element/30da4678-122e-415d-b47c-7cd4dfed5e8c/location
[HTTP] {}
[W3C] Driver proxy active, passing request on via HTTP proxy
[JSONWP Proxy] Replacing sessionId 39ef5113-8ee4-4c9e-ae2b-b6f5c389c36e with de018fc4-2896-459d-8b27-76ad4cdb645e
[HTTP] <-- GET /wd/hub/session/de018fc4-2896-459d-8b27-76ad4cdb645e/element/30da4678-122e-415d-b47c-7cd4dfed5e8c/location 200 46 ms - 89
[HTTP] 
[HTTP] --> POST /wd/hub/session/de018fc4-2896-459d-8b27-76ad4cdb645e/touch/perform
[HTTP] {"actions":[{"action":"tap","options":{"element":"30da4678-122e-415d-b47c-7cd4dfed5e8c","x":1,"y":1}}]}
[UiAutomator2] calling get location: 30da4678-122e-415d-b47c-7cd4dfed5e8c
[HTTP] <-- POST /wd/hub/session/de018fc4-2896-459d-8b27-76ad4cdb645e/touch/perform 200 1165 ms - 76
[HTTP] 
[HTTP] --> GET /wd/hub/session/de018fc4-2896-459d-8b27-76ad4cdb645e/window/current/size
[HTTP] {}
[W3C] Driver proxy active, passing request on via HTTP proxy
[JSONWP Proxy] Replacing sessionId 39ef5113-8ee4-4c9e-ae2b-b6f5c389c36e with de018fc4-2896-459d-8b27-76ad4cdb645e
[HTTP] <-- GET /wd/hub/session/de018fc4-2896-459d-8b27-76ad4cdb645e/window/current/size 200 19 ms - 100
[HTTP] 
[HTTP] --> POST /wd/hub/session/de018fc4-2896-459d-8b27-76ad4cdb645e/elements
[HTTP] {"using":"-android uiautomator","value":"new UiSelector().className(\"android.widget.ImageView\").resourceId(\"id.co.fundtastic.client:id/card_image\").instance(3)"}
[HTTP] <-- POST /wd/hub/session/de018fc4-2896-459d-8b27-76ad4cdb645e/elements 200 48 ms - 175
[HTTP] 
[HTTP] --> GET /wd/hub/session/de018fc4-2896-459d-8b27-76ad4cdb645e
[HTTP] {}
[HTTP] <-- GET /wd/hub/session/de018fc4-2896-459d-8b27-76ad4cdb645e 200 15 ms - 1167
[HTTP] 
[HTTP] --> GET /wd/hub/session/de018fc4-2896-459d-8b27-76ad4cdb645e
[HTTP] {}
[HTTP] <-- GET /wd/hub/session/de018fc4-2896-459d-8b27-76ad4cdb645e 200 30 ms - 1167
[HTTP] 
[HTTP] --> GET /wd/hub/session/de018fc4-2896-459d-8b27-76ad4cdb645e
[HTTP] {}
[HTTP] <-- GET /wd/hub/session/de018fc4-2896-459d-8b27-76ad4cdb645e 200 21 ms - 1167
[HTTP] 
[HTTP] --> GET /wd/hub/session/de018fc4-2896-459d-8b27-76ad4cdb645e
[HTTP] {}
[HTTP] <-- GET /wd/hub/session/de018fc4-2896-459d-8b27-76ad4cdb645e 200 12 ms - 1167
[HTTP] 
[HTTP] --> GET /wd/hub/session/de018fc4-2896-459d-8b27-76ad4cdb645e
[HTTP] {}
[HTTP] <-- GET /wd/hub/session/de018fc4-2896-459d-8b27-76ad4cdb645e 200 20 ms - 1167
[HTTP] 
[HTTP] --> GET /wd/hub/session/de018fc4-2896-459d-8b27-76ad4cdb645e
[HTTP] {}
[HTTP] <-- GET /wd/hub/session/de018fc4-2896-459d-8b27-76ad4cdb645e 200 21 ms - 1167
[HTTP] 
[HTTP] --> GET /wd/hub/session/de018fc4-2896-459d-8b27-76ad4cdb645e
[HTTP] {}
[HTTP] <-- GET /wd/hub/session/de018fc4-2896-459d-8b27-76ad4cdb645e 200 16 ms - 1167
[HTTP] 
[HTTP] --> GET /wd/hub/session/de018fc4-2896-459d-8b27-76ad4cdb645e
[HTTP] {}
[HTTP] <-- GET /wd/hub/session/de018fc4-2896-459d-8b27-76ad4cdb645e 200 17 ms - 1167
[HTTP] 
[HTTP] --> GET /wd/hub/session/de018fc4-2896-459d-8b27-76ad4cdb645e/element/5702abb1-385a-4955-94c4-736f8fcf6d23/location
[HTTP] {}
[W3C] Driver proxy active, passing request on via HTTP proxy
[JSONWP Proxy] Replacing sessionId 39ef5113-8ee4-4c9e-ae2b-b6f5c389c36e with de018fc4-2896-459d-8b27-76ad4cdb645e
[HTTP] <-- GET /wd/hub/session/de018fc4-2896-459d-8b27-76ad4cdb645e/element/5702abb1-385a-4955-94c4-736f8fcf6d23/location 200 20 ms - 88
[HTTP] 
[HTTP] --> POST /wd/hub/session/de018fc4-2896-459d-8b27-76ad4cdb645e/touch/perform
[HTTP] {"actions":[{"action":"tap","options":{"element":"5702abb1-385a-4955-94c4-736f8fcf6d23","x":1,"y":1}}]}
[UiAutomator2] calling get location: 5702abb1-385a-4955-94c4-736f8fcf6d23
[HTTP] <-- POST /wd/hub/session/de018fc4-2896-459d-8b27-76ad4cdb645e/touch/perform 200 792 ms - 76
[HTTP] 
[HTTP] --> GET /wd/hub/session/de018fc4-2896-459d-8b27-76ad4cdb645e/window/current/size
[HTTP] {}
[W3C] Driver proxy active, passing request on via HTTP proxy
[JSONWP Proxy] Replacing sessionId 39ef5113-8ee4-4c9e-ae2b-b6f5c389c36e with de018fc4-2896-459d-8b27-76ad4cdb645e
[HTTP] <-- GET /wd/hub/session/de018fc4-2896-459d-8b27-76ad4cdb645e/window/current/size 200 127 ms - 100
[HTTP] 
[HTTP] --> POST /wd/hub/session/de018fc4-2896-459d-8b27-76ad4cdb645e/elements
[HTTP] {"using":"-android uiautomator","value":"new UiSelector().className(\"android.widget.EditText\").text(\"Rp 450.000.000\").resourceId(\"id.co.fundtastic.client:id/editTextPrice\").instance(0)"}
[HTTP] <-- POST /wd/hub/session/de018fc4-2896-459d-8b27-76ad4cdb645e/elements 200 166 ms - 74
[HTTP] 
[HTTP] --> POST /wd/hub/session/de018fc4-2896-459d-8b27-76ad4cdb645e/elements
[HTTP] {"using":"-android uiautomator","value":"new UiSelector().className(\"android.widget.EditText\").text(\"Rp 450.000.000\").resourceId(\"id.co.fundtastic.client:id/editTextPrice\").instance(0)"}
[HTTP] <-- POST /wd/hub/session/de018fc4-2896-459d-8b27-76ad4cdb645e/elements 200 633 ms - 74
[HTTP] 
[HTTP] --> POST /wd/hub/session/de018fc4-2896-459d-8b27-76ad4cdb645e/elements
[HTTP] {"using":"-android uiautomator","value":"new UiSelector().className(\"android.widget.EditText\").text(\"Rp 450.000.000\").resourceId(\"id.co.fundtastic.client:id/editTextPrice\").instance(0)"}
[HTTP] <-- POST /wd/hub/session/de018fc4-2896-459d-8b27-76ad4cdb645e/elements 200 113 ms - 74
[HTTP] 
[HTTP] --> POST /wd/hub/session/de018fc4-2896-459d-8b27-76ad4cdb645e/elements
[HTTP] {"using":"-android uiautomator","value":"new UiSelector().className(\"android.widget.EditText\").text(\"Rp 450.000.000\").resourceId(\"id.co.fundtastic.client:id/editTextPrice\").instance(0)"}
[HTTP] <-- POST /wd/hub/session/de018fc4-2896-459d-8b27-76ad4cdb645e/elements 200 67 ms - 74
[HTTP] 
[HTTP] --> POST /wd/hub/session/de018fc4-2896-459d-8b27-76ad4cdb645e/elements
[HTTP] {"using":"-android uiautomator","value":"new UiSelector().className(\"android.widget.EditText\").text(\"Rp 450.000.000\").resourceId(\"id.co.fundtastic.client:id/editTextPrice\").instance(0)"}
[HTTP] <-- POST /wd/hub/session/de018fc4-2896-459d-8b27-76ad4cdb645e/elements 200 1219 ms - 74
[HTTP] 
[HTTP] --> POST /wd/hub/session/de018fc4-2896-459d-8b27-76ad4cdb645e/elements
[HTTP] {"using":"-android uiautomator","value":"new UiSelector().className(\"android.widget.EditText\").text(\"Rp 450.000.000\").resourceId(\"id.co.fundtastic.client:id/editTextPrice\").instance(0)"}
[HTTP] <-- POST /wd/hub/session/de018fc4-2896-459d-8b27-76ad4cdb645e/elements 200 2987 ms - 74
[HTTP] 
[HTTP] --> POST /wd/hub/session/de018fc4-2896-459d-8b27-76ad4cdb645e/elements
[HTTP] {"using":"-android uiautomator","value":"new UiSelector().className(\"android.widget.EditText\").text(\"Rp 450.000.000\").resourceId(\"id.co.fundtastic.client:id/editTextPrice\").instance(0)"}
[HTTP] <-- POST /wd/hub/session/de018fc4-2896-459d-8b27-76ad4cdb645e/elements 200 2969 ms - 124
[HTTP] 
[HTTP] --> GET /wd/hub/session/de018fc4-2896-459d-8b27-76ad4cdb645e
[HTTP] {}
[HTTP] <-- GET /wd/hub/session/de018fc4-2896-459d-8b27-76ad4cdb645e 200 13 ms - 1167
[HTTP] 
[HTTP] --> GET /wd/hub/session/de018fc4-2896-459d-8b27-76ad4cdb645e
[HTTP] {}
[HTTP] <-- GET /wd/hub/session/de018fc4-2896-459d-8b27-76ad4cdb645e 200 26 ms - 1167
[HTTP] 
[HTTP] --> GET /wd/hub/session/de018fc4-2896-459d-8b27-76ad4cdb645e
[HTTP] {}
[HTTP] <-- GET /wd/hub/session/de018fc4-2896-459d-8b27-76ad4cdb645e 200 47 ms - 1167
[HTTP] 
[HTTP] --> GET /wd/hub/session/de018fc4-2896-459d-8b27-76ad4cdb645e
[HTTP] {}
[HTTP] <-- GET /wd/hub/session/de018fc4-2896-459d-8b27-76ad4cdb645e 200 34 ms - 1167
[HTTP] 
[HTTP] --> GET /wd/hub/session/de018fc4-2896-459d-8b27-76ad4cdb645e/element/92ea3b0a-7144-4309-91c6-7b0944c527c7/location
[HTTP] {}
[W3C] Driver proxy active, passing request on via HTTP proxy
[JSONWP Proxy] Replacing sessionId 39ef5113-8ee4-4c9e-ae2b-b6f5c389c36e with de018fc4-2896-459d-8b27-76ad4cdb645e
[HTTP] <-- GET /wd/hub/session/de018fc4-2896-459d-8b27-76ad4cdb645e/element/92ea3b0a-7144-4309-91c6-7b0944c527c7/location 200 662 ms - 88
[HTTP] 
[HTTP] --> POST /wd/hub/session/de018fc4-2896-459d-8b27-76ad4cdb645e/touch/perform
[HTTP] {"actions":[{"action":"tap","options":{"element":"92ea3b0a-7144-4309-91c6-7b0944c527c7","x":1,"y":1}}]}
[UiAutomator2] calling get location: 92ea3b0a-7144-4309-91c6-7b0944c527c7
[HTTP] <-- POST /wd/hub/session/de018fc4-2896-459d-8b27-76ad4cdb645e/touch/perform 200 1475 ms - 76
[HTTP] 
[HTTP] --> GET /wd/hub/session/de018fc4-2896-459d-8b27-76ad4cdb645e/window/current/size
[HTTP] {}
[W3C] Driver proxy active, passing request on via HTTP proxy
[JSONWP Proxy] Replacing sessionId 39ef5113-8ee4-4c9e-ae2b-b6f5c389c36e with de018fc4-2896-459d-8b27-76ad4cdb645e
[HTTP] <-- GET /wd/hub/session/de018fc4-2896-459d-8b27-76ad4cdb645e/window/current/size 200 15 ms - 100
[HTTP] 
[HTTP] --> POST /wd/hub/session/de018fc4-2896-459d-8b27-76ad4cdb645e/elements
[HTTP] {"using":"-android uiautomator","value":"new UiSelector().className(\"android.widget.EditText\").text(\"Rp 450.000.000\").resourceId(\"id.co.fundtastic.client:id/editTextPrice\").instance(0)"}
[HTTP] <-- POST /wd/hub/session/de018fc4-2896-459d-8b27-76ad4cdb645e/elements 200 61 ms - 124
[HTTP] 
[HTTP] --> GET /wd/hub/session/de018fc4-2896-459d-8b27-76ad4cdb645e
[HTTP] {}
[HTTP] <-- GET /wd/hub/session/de018fc4-2896-459d-8b27-76ad4cdb645e 200 13 ms - 1167
[HTTP] 
[HTTP] --> GET /wd/hub/session/de018fc4-2896-459d-8b27-76ad4cdb645e
[HTTP] {}
[HTTP] <-- GET /wd/hub/session/de018fc4-2896-459d-8b27-76ad4cdb645e 200 15 ms - 1167
[HTTP] 
[HTTP] --> GET /wd/hub/session/de018fc4-2896-459d-8b27-76ad4cdb645e
[HTTP] {}
[HTTP] <-- GET /wd/hub/session/de018fc4-2896-459d-8b27-76ad4cdb645e 200 15 ms - 1167
[HTTP] 
[HTTP] --> GET /wd/hub/session/de018fc4-2896-459d-8b27-76ad4cdb645e
[HTTP] {}
[HTTP] <-- GET /wd/hub/session/de018fc4-2896-459d-8b27-76ad4cdb645e 200 14 ms - 1167
[HTTP] 
[HTTP] --> GET /wd/hub/session/de018fc4-2896-459d-8b27-76ad4cdb645e/element/12294416-7a4a-4cbc-b558-9667386c40e4/location
[HTTP] {}
[W3C] Driver proxy active, passing request on via HTTP proxy
[JSONWP Proxy] Replacing sessionId 39ef5113-8ee4-4c9e-ae2b-b6f5c389c36e with de018fc4-2896-459d-8b27-76ad4cdb645e
[HTTP] <-- GET /wd/hub/session/de018fc4-2896-459d-8b27-76ad4cdb645e/element/12294416-7a4a-4cbc-b558-9667386c40e4/location 200 24 ms - 88
[HTTP] 
[HTTP] --> POST /wd/hub/session/de018fc4-2896-459d-8b27-76ad4cdb645e/element/12294416-7a4a-4cbc-b558-9667386c40e4/clear
[HTTP] {"id":"12294416-7a4a-4cbc-b558-9667386c40e4"}
[HTTP] <-- POST /wd/hub/session/de018fc4-2896-459d-8b27-76ad4cdb645e/element/12294416-7a4a-4cbc-b558-9667386c40e4/clear 200 76 ms - 89
[HTTP] 
[HTTP] --> POST /wd/hub/session/de018fc4-2896-459d-8b27-76ad4cdb645e/element/12294416-7a4a-4cbc-b558-9667386c40e4/value
[HTTP] {"id":"12294416-7a4a-4cbc-b558-9667386c40e4","value":["1000000"]}
[HTTP] <-- POST /wd/hub/session/de018fc4-2896-459d-8b27-76ad4cdb645e/element/12294416-7a4a-4cbc-b558-9667386c40e4/value 500 11699 ms - 164
[HTTP] 
[HTTP] --> GET /wd/hub/session/de018fc4-2896-459d-8b27-76ad4cdb645e/context
[HTTP] {}
[HTTP] <-- GET /wd/hub/session/de018fc4-2896-459d-8b27-76ad4cdb645e/context 200 2 ms - 84
[HTTP] 
[HTTP] --> GET /wd/hub/session/de018fc4-2896-459d-8b27-76ad4cdb645e/contexts
[HTTP] {}
[HTTP] <-- GET /wd/hub/session/de018fc4-2896-459d-8b27-76ad4cdb645e/contexts 200 33 ms - 127
[HTTP] 
[HTTP] --> POST /wd/hub/session/de018fc4-2896-459d-8b27-76ad4cdb645e/context
[HTTP] {"name":"NATIVE_APP"}
[HTTP] <-- POST /wd/hub/session/de018fc4-2896-459d-8b27-76ad4cdb645e/context 200 38 ms - 76
[HTTP] 
[HTTP] --> GET /wd/hub/session/de018fc4-2896-459d-8b27-76ad4cdb645e/screenshot
[HTTP] {}
[HTTP] <-- GET /wd/hub/session/de018fc4-2896-459d-8b27-76ad4cdb645e/screenshot 200 837 ms - 129892
[HTTP] 
[HTTP] --> POST /wd/hub/session/de018fc4-2896-459d-8b27-76ad4cdb645e/context
[HTTP] {"name":"NATIVE_APP"}
[HTTP] <-- POST /wd/hub/session/de018fc4-2896-459d-8b27-76ad4cdb645e/context 200 33 ms - 76
[HTTP] 
[HTTP] --> DELETE /wd/hub/session/de018fc4-2896-459d-8b27-76ad4cdb645e
[HTTP] {}
[Appium] Removing session de018fc4-2896-459d-8b27-76ad4cdb645e from our master session list
[ADB] id.co.fundtastic.client was successfully uninstalled
[HTTP] <-- DELETE /wd/hub/session/de018fc4-2896-459d-8b27-76ad4cdb645e 200 2177 ms - 76
[HTTP] 
