[Appium] Welcome to Appium v1.8.1
[Appium] Non-default server args:
[Appium]   port: 55913
[Appium]   loglevel: info
[Appium]   chromeDriverPort: 55914
[Appium]   tmpDir: /var/folders/ts/p6rxgpw53_d96xw60slkng7m0000gn/T//Katalon/Appium/Temp1562643051239
[Appium] Appium REST http interface listener started on 0.0.0.0:55913
[HTTP] --> GET /wd/hub/status
[HTTP] {}
[HTTP] <-- GET /wd/hub/status 200 24 ms - 83
[HTTP] 
[HTTP] --> POST /wd/hub/session
[HTTP] {"desiredCapabilities":{"app":"/Users/ustore/Downloads/Development.apk","autoGrantPermissions":true,"automationName":"uiautomator2","deviceName":"emulator-5554 (Android SDK built for x86 - Android 9)","fullReset":true,"newCommandTimeout":1800,"noReset":false,"platform":"ANDROID","platformName":"Android","udid":"emulator-5554"},"capabilities":{"desiredCapabilities":{"app":"/Users/ustore/Downloads/Development.apk","autoGrantPermissions":true,"automationName":"uiautomator2","deviceName":"emulator-5554 (Android SDK built for x86 - Android 9)","fullReset":true,"newCommandTimeout":1800,"noReset":false,"platform":"ANDROID","platformName":"Android","udid":"emulator-5554"},"firstMatch":[{"platformName":"android"}]}}
[Appium] Could not parse W3C capabilities: 'deviceName' can't be blank. Falling back to JSONWP protocol.
[Appium] The following capabilities were provided in the JSONWP desired capabilities that are missing in W3C capabilities: ["app","autoGrantPermissions","automationName","deviceName","fullReset","newCommandTimeout","noReset","platform","platformName","udid"]. Falling back to JSONWP protocol.
[Appium] Creating new AndroidUiautomator2Driver (v1.12.0) session
[Appium] Capabilities:
[Appium]   app: /Users/ustore/Downloads/Development.apk
[Appium]   autoGrantPermissions: true
[Appium]   automationName: uiautomator2
[Appium]   deviceName: emulator-5554 (Android SDK built for x86 - Android 9)
[Appium]   fullReset: true
[Appium]   newCommandTimeout: 1800
[Appium]   noReset: false
[Appium]   platform: ANDROID
[Appium]   platformName: Android
[Appium]   udid: emulator-5554
[BaseDriver] The following capabilities were provided, but are not recognized by appium: platform.
[BaseDriver] Session created with session id: 4114f3f6-8757-42ae-850b-fae8ced1ebe1
[BaseDriver] Using local app '/Users/ustore/Downloads/Development.apk'
[AndroidDriver] Java version is: 1.8.0_181
[ADB] Checking whether adb is present
[ADB] Found 1 'build-tools' folders under '/Users/ustore/.katalon/tools/android_sdk' (newest first):
[ADB]     /Users/ustore/.katalon/tools/android_sdk/build-tools/28.0.3
[ADB] Using adb from /Users/ustore/.katalon/tools/android_sdk/platform-tools/adb
[AndroidDriver] Retrieving device list
[AndroidDriver] Using device: emulator-5554
[ADB] Using the alternative activity name detection method because of: Could not find apkanalyzer in /Users/ustore/.katalon/tools/android_sdk/platform-tools/apkanalyzer,/Users/ustore/.katalon/tools/android_sdk/emulator/apkanalyzer,/Users/ustore/.katalon/tools/android_sdk/tools/apkanalyzer,/Users/ustore/.katalon/tools/android_sdk/tools/bin/apkanalyzer,/Users/ustore/.katalon/tools/android_sdk/build-tools/28.0.3/apkanalyzer. Do you have the Android SDK installed at '/Users/ustore/.katalon/tools/android_sdk'?
[ADB] Checking whether aapt is present
[ADB] Using aapt from /Users/ustore/.katalon/tools/android_sdk/build-tools/28.0.3/aapt
[ADB] Extracting package and launch activity from manifest
[ADB] Package name: 'id.co.fundtastic.client'
[ADB] Main activity name: 'id.co.fundtastic.client.splash.presentation.SplashActivity'
[ADB] Getting device platform version
[ADB] Using apksigner from /Users/ustore/.katalon/tools/android_sdk/build-tools/28.0.3/apksigner
[ADB] Cannot read version codes of '/usr/local/lib/node_modules/appium/node_modules/appium-uiautomator2-server/apks/appium-uiautomator2-server-debug-androidTest.apk' and/or 'io.appium.uiautomator2.server.test'
[ADB] Cannot read version names of '/usr/local/lib/node_modules/appium/node_modules/appium-uiautomator2-server/apks/appium-uiautomator2-server-debug-androidTest.apk' and/or 'io.appium.uiautomator2.server.test'. Assuming correct app version is already installed
[AndroidDriver] setDeviceLanguageCountry requires language or country.
[AndroidDriver] Got language: 'null' and country: 'null'
[ADB] Successfully extracted 194 strings from '/Users/ustore/Downloads/Development.apk' resources for '(default)' configuration
[ADB] id.co.fundtastic.client was successfully uninstalled
[UiAutomator2] Starting uiautomator2 server 1.12.0
[UiAutomator2] Using UIAutomator2 server from '/usr/local/lib/node_modules/appium/node_modules/appium-uiautomator2-server/apks/appium-uiautomator2-server-v1.12.0.apk' and test from '/usr/local/lib/node_modules/appium/node_modules/appium-uiautomator2-server/apks/appium-uiautomator2-server-debug-androidTest.apk'
[UiAutomator2] Running command: 'adb -s emulator-5554 shell am instrument -w io.appium.uiautomator2.server.test/android.support.test.runner.AndroidJUnitRunner'
[UiAutomator2] Waiting up to 20000ms for UiAutomator2 to be online...
[AndroidDriver] Screen already unlocked, doing nothing
[UiAutomator2] UiAutomator2 did not start the activity we were waiting for, 'id.co.fundtastic.client/id.co.fundtastic.client.splash.presentation.SplashActivity'. Starting it ourselves
[Appium] New AndroidUiautomator2Driver session created successfully, session 4114f3f6-8757-42ae-850b-fae8ced1ebe1 added to master session list
[HTTP] <-- POST /wd/hub/session 200 14451 ms - 1167
[HTTP] 
[HTTP] --> GET /wd/hub/status
[HTTP] {}
[HTTP] <-- GET /wd/hub/status 200 73 ms - 55
[HTTP] 
[HTTP] --> POST /wd/hub/session/4114f3f6-8757-42ae-850b-fae8ced1ebe1/timeouts
[HTTP] {"type":"implicit","ms":30000}
[HTTP] <-- POST /wd/hub/session/4114f3f6-8757-42ae-850b-fae8ced1ebe1/timeouts 400 26 ms - 4196
[HTTP] 
[HTTP] --> GET /wd/hub/session/4114f3f6-8757-42ae-850b-fae8ced1ebe1/window/current/size
[HTTP] {}
[W3C] Driver proxy active, passing request on via HTTP proxy
[JSONWP Proxy] Replacing sessionId 52ef7a64-1063-49fc-8a38-616d680c3a13 with 4114f3f6-8757-42ae-850b-fae8ced1ebe1
[HTTP] <-- GET /wd/hub/session/4114f3f6-8757-42ae-850b-fae8ced1ebe1/window/current/size 200 54 ms - 100
[HTTP] 
[HTTP] --> POST /wd/hub/session/4114f3f6-8757-42ae-850b-fae8ced1ebe1/elements
[HTTP] {"using":"-android uiautomator","value":"new UiSelector().className(\"android.widget.TextView\").text(\"Mulailah berinvestasi untuk meraih mimpimu\").instance(0)"}
[HTTP] <-- POST /wd/hub/session/4114f3f6-8757-42ae-850b-fae8ced1ebe1/elements 200 59 ms - 74
[HTTP] 
[HTTP] --> POST /wd/hub/session/4114f3f6-8757-42ae-850b-fae8ced1ebe1/elements
[HTTP] {"using":"-android uiautomator","value":"new UiSelector().className(\"android.widget.TextView\").text(\"Mulailah berinvestasi untuk meraih mimpimu\").instance(0)"}
[HTTP] <-- POST /wd/hub/session/4114f3f6-8757-42ae-850b-fae8ced1ebe1/elements 200 46 ms - 74
[HTTP] 
[HTTP] --> POST /wd/hub/session/4114f3f6-8757-42ae-850b-fae8ced1ebe1/elements
[HTTP] {"using":"-android uiautomator","value":"new UiSelector().className(\"android.widget.TextView\").text(\"Mulailah berinvestasi untuk meraih mimpimu\").instance(0)"}
[HTTP] <-- POST /wd/hub/session/4114f3f6-8757-42ae-850b-fae8ced1ebe1/elements 200 45 ms - 74
[HTTP] 
[HTTP] --> POST /wd/hub/session/4114f3f6-8757-42ae-850b-fae8ced1ebe1/elements
[HTTP] {"using":"-android uiautomator","value":"new UiSelector().className(\"android.widget.TextView\").text(\"Mulailah berinvestasi untuk meraih mimpimu\").instance(0)"}
[HTTP] <-- POST /wd/hub/session/4114f3f6-8757-42ae-850b-fae8ced1ebe1/elements 200 41 ms - 74
[HTTP] 
[HTTP] --> POST /wd/hub/session/4114f3f6-8757-42ae-850b-fae8ced1ebe1/elements
[HTTP] {"using":"-android uiautomator","value":"new UiSelector().className(\"android.widget.TextView\").text(\"Mulailah berinvestasi untuk meraih mimpimu\").instance(0)"}
[HTTP] <-- POST /wd/hub/session/4114f3f6-8757-42ae-850b-fae8ced1ebe1/elements 200 30 ms - 74
[HTTP] 
[HTTP] --> POST /wd/hub/session/4114f3f6-8757-42ae-850b-fae8ced1ebe1/elements
[HTTP] {"using":"-android uiautomator","value":"new UiSelector().className(\"android.widget.TextView\").text(\"Mulailah berinvestasi untuk meraih mimpimu\").instance(0)"}
[HTTP] <-- POST /wd/hub/session/4114f3f6-8757-42ae-850b-fae8ced1ebe1/elements 200 60 ms - 74
[HTTP] 
[HTTP] --> POST /wd/hub/session/4114f3f6-8757-42ae-850b-fae8ced1ebe1/elements
[HTTP] {"using":"-android uiautomator","value":"new UiSelector().className(\"android.widget.TextView\").text(\"Mulailah berinvestasi untuk meraih mimpimu\").instance(0)"}
[HTTP] <-- POST /wd/hub/session/4114f3f6-8757-42ae-850b-fae8ced1ebe1/elements 200 189 ms - 74
[HTTP] 
[HTTP] --> POST /wd/hub/session/4114f3f6-8757-42ae-850b-fae8ced1ebe1/elements
[HTTP] {"using":"-android uiautomator","value":"new UiSelector().className(\"android.widget.TextView\").text(\"Mulailah berinvestasi untuk meraih mimpimu\").instance(0)"}
[HTTP] <-- POST /wd/hub/session/4114f3f6-8757-42ae-850b-fae8ced1ebe1/elements 200 37 ms - 74
[HTTP] 
[HTTP] --> POST /wd/hub/session/4114f3f6-8757-42ae-850b-fae8ced1ebe1/elements
[HTTP] {"using":"-android uiautomator","value":"new UiSelector().className(\"android.widget.TextView\").text(\"Mulailah berinvestasi untuk meraih mimpimu\").instance(0)"}
[HTTP] <-- POST /wd/hub/session/4114f3f6-8757-42ae-850b-fae8ced1ebe1/elements 200 41 ms - 74
[HTTP] 
[HTTP] --> POST /wd/hub/session/4114f3f6-8757-42ae-850b-fae8ced1ebe1/elements
[HTTP] {"using":"-android uiautomator","value":"new UiSelector().className(\"android.widget.TextView\").text(\"Mulailah berinvestasi untuk meraih mimpimu\").instance(0)"}
[HTTP] <-- POST /wd/hub/session/4114f3f6-8757-42ae-850b-fae8ced1ebe1/elements 200 74 ms - 74
[HTTP] 
[HTTP] --> POST /wd/hub/session/4114f3f6-8757-42ae-850b-fae8ced1ebe1/elements
[HTTP] {"using":"-android uiautomator","value":"new UiSelector().className(\"android.widget.TextView\").text(\"Mulailah berinvestasi untuk meraih mimpimu\").instance(0)"}
[HTTP] <-- POST /wd/hub/session/4114f3f6-8757-42ae-850b-fae8ced1ebe1/elements 200 317 ms - 74
[HTTP] 
[HTTP] --> POST /wd/hub/session/4114f3f6-8757-42ae-850b-fae8ced1ebe1/elements
[HTTP] {"using":"-android uiautomator","value":"new UiSelector().className(\"android.widget.TextView\").text(\"Mulailah berinvestasi untuk meraih mimpimu\").instance(0)"}
[HTTP] <-- POST /wd/hub/session/4114f3f6-8757-42ae-850b-fae8ced1ebe1/elements 200 746 ms - 74
[HTTP] 
[HTTP] --> POST /wd/hub/session/4114f3f6-8757-42ae-850b-fae8ced1ebe1/elements
[HTTP] {"using":"-android uiautomator","value":"new UiSelector().className(\"android.widget.TextView\").text(\"Mulailah berinvestasi untuk meraih mimpimu\").instance(0)"}
[HTTP] <-- POST /wd/hub/session/4114f3f6-8757-42ae-850b-fae8ced1ebe1/elements 200 1805 ms - 124
[HTTP] 
[HTTP] --> GET /wd/hub/session/4114f3f6-8757-42ae-850b-fae8ced1ebe1
[HTTP] {}
[HTTP] <-- GET /wd/hub/session/4114f3f6-8757-42ae-850b-fae8ced1ebe1 200 20 ms - 1167
[HTTP] 
[HTTP] --> GET /wd/hub/session/4114f3f6-8757-42ae-850b-fae8ced1ebe1
[HTTP] {}
[HTTP] <-- GET /wd/hub/session/4114f3f6-8757-42ae-850b-fae8ced1ebe1 200 34 ms - 1167
[HTTP] 
[HTTP] --> GET /wd/hub/session/4114f3f6-8757-42ae-850b-fae8ced1ebe1
[HTTP] {}
[HTTP] <-- GET /wd/hub/session/4114f3f6-8757-42ae-850b-fae8ced1ebe1 200 63 ms - 1167
[HTTP] 
[HTTP] --> GET /wd/hub/session/4114f3f6-8757-42ae-850b-fae8ced1ebe1
[HTTP] {}
[HTTP] <-- GET /wd/hub/session/4114f3f6-8757-42ae-850b-fae8ced1ebe1 200 36 ms - 1167
[HTTP] 
[HTTP] --> GET /wd/hub/session/4114f3f6-8757-42ae-850b-fae8ced1ebe1/element/0b338262-62ee-4b7c-838a-2d600cde093f/location
[HTTP] {}
[W3C] Driver proxy active, passing request on via HTTP proxy
[JSONWP Proxy] Replacing sessionId 52ef7a64-1063-49fc-8a38-616d680c3a13 with 4114f3f6-8757-42ae-850b-fae8ced1ebe1
[HTTP] <-- GET /wd/hub/session/4114f3f6-8757-42ae-850b-fae8ced1ebe1/element/0b338262-62ee-4b7c-838a-2d600cde093f/location 200 90 ms - 88
[HTTP] 
[HTTP] --> GET /wd/hub/session/4114f3f6-8757-42ae-850b-fae8ced1ebe1/element/0b338262-62ee-4b7c-838a-2d600cde093f/text
[HTTP] {}
[W3C] Driver proxy active, passing request on via HTTP proxy
[JSONWP Proxy] Replacing sessionId 52ef7a64-1063-49fc-8a38-616d680c3a13 with 4114f3f6-8757-42ae-850b-fae8ced1ebe1
[HTTP] <-- GET /wd/hub/session/4114f3f6-8757-42ae-850b-fae8ced1ebe1/element/0b338262-62ee-4b7c-838a-2d600cde093f/text 200 97 ms - 116
[HTTP] 
[HTTP] --> GET /wd/hub/session/4114f3f6-8757-42ae-850b-fae8ced1ebe1/window/current/size
[HTTP] {}
[W3C] Driver proxy active, passing request on via HTTP proxy
[JSONWP Proxy] Replacing sessionId 52ef7a64-1063-49fc-8a38-616d680c3a13 with 4114f3f6-8757-42ae-850b-fae8ced1ebe1
[HTTP] <-- GET /wd/hub/session/4114f3f6-8757-42ae-850b-fae8ced1ebe1/window/current/size 200 32 ms - 100
[HTTP] 
[HTTP] --> POST /wd/hub/session/4114f3f6-8757-42ae-850b-fae8ced1ebe1/elements
[HTTP] {"using":"-android uiautomator","value":"new UiSelector().className(\"android.widget.ImageView\").resourceId(\"id.co.fundtastic.client:id/checklist\").instance(6)"}
[HTTP] <-- POST /wd/hub/session/4114f3f6-8757-42ae-850b-fae8ced1ebe1/elements 200 66 ms - 74
[HTTP] 
[HTTP] --> POST /wd/hub/session/4114f3f6-8757-42ae-850b-fae8ced1ebe1/elements
[HTTP] {"using":"-android uiautomator","value":"new UiSelector().className(\"android.widget.ImageView\").resourceId(\"id.co.fundtastic.client:id/checklist\").instance(6)"}
[HTTP] <-- POST /wd/hub/session/4114f3f6-8757-42ae-850b-fae8ced1ebe1/elements 200 81 ms - 74
[HTTP] 
[HTTP] --> POST /wd/hub/session/4114f3f6-8757-42ae-850b-fae8ced1ebe1/elements
[HTTP] {"using":"-android uiautomator","value":"new UiSelector().className(\"android.widget.ImageView\").resourceId(\"id.co.fundtastic.client:id/checklist\").instance(6)"}
[HTTP] <-- POST /wd/hub/session/4114f3f6-8757-42ae-850b-fae8ced1ebe1/elements 200 421 ms - 74
[HTTP] 
[HTTP] --> POST /wd/hub/session/4114f3f6-8757-42ae-850b-fae8ced1ebe1/elements
[HTTP] {"using":"-android uiautomator","value":"new UiSelector().className(\"android.widget.ImageView\").resourceId(\"id.co.fundtastic.client:id/checklist\").instance(6)"}
[HTTP] <-- POST /wd/hub/session/4114f3f6-8757-42ae-850b-fae8ced1ebe1/elements 200 899 ms - 124
[HTTP] 
[HTTP] --> GET /wd/hub/session/4114f3f6-8757-42ae-850b-fae8ced1ebe1
[HTTP] {}
[HTTP] <-- GET /wd/hub/session/4114f3f6-8757-42ae-850b-fae8ced1ebe1 200 22 ms - 1167
[HTTP] 
[HTTP] --> GET /wd/hub/session/4114f3f6-8757-42ae-850b-fae8ced1ebe1
[HTTP] {}
[HTTP] <-- GET /wd/hub/session/4114f3f6-8757-42ae-850b-fae8ced1ebe1 200 11 ms - 1167
[HTTP] 
[HTTP] --> GET /wd/hub/session/4114f3f6-8757-42ae-850b-fae8ced1ebe1
[HTTP] {}
[HTTP] <-- GET /wd/hub/session/4114f3f6-8757-42ae-850b-fae8ced1ebe1 200 15 ms - 1167
[HTTP] 
[HTTP] --> GET /wd/hub/session/4114f3f6-8757-42ae-850b-fae8ced1ebe1
[HTTP] {}
[HTTP] <-- GET /wd/hub/session/4114f3f6-8757-42ae-850b-fae8ced1ebe1 200 19 ms - 1167
[HTTP] 
[HTTP] --> GET /wd/hub/session/4114f3f6-8757-42ae-850b-fae8ced1ebe1/element/6c390f99-661f-408e-bfa0-70011b0e8aa7/location
[HTTP] {}
[W3C] Driver proxy active, passing request on via HTTP proxy
[JSONWP Proxy] Replacing sessionId 52ef7a64-1063-49fc-8a38-616d680c3a13 with 4114f3f6-8757-42ae-850b-fae8ced1ebe1
[HTTP] <-- GET /wd/hub/session/4114f3f6-8757-42ae-850b-fae8ced1ebe1/element/6c390f99-661f-408e-bfa0-70011b0e8aa7/location 200 30 ms - 90
[HTTP] 
[HTTP] --> POST /wd/hub/session/4114f3f6-8757-42ae-850b-fae8ced1ebe1/touch/perform
[HTTP] {"actions":[{"action":"tap","options":{"element":"6c390f99-661f-408e-bfa0-70011b0e8aa7","x":1,"y":1}}]}
[UiAutomator2] calling get location: 6c390f99-661f-408e-bfa0-70011b0e8aa7
[HTTP] <-- POST /wd/hub/session/4114f3f6-8757-42ae-850b-fae8ced1ebe1/touch/perform 200 813 ms - 76
[HTTP] 
[HTTP] --> GET /wd/hub/session/4114f3f6-8757-42ae-850b-fae8ced1ebe1/window/current/size
[HTTP] {}
[W3C] Driver proxy active, passing request on via HTTP proxy
[JSONWP Proxy] Replacing sessionId 52ef7a64-1063-49fc-8a38-616d680c3a13 with 4114f3f6-8757-42ae-850b-fae8ced1ebe1
[HTTP] <-- GET /wd/hub/session/4114f3f6-8757-42ae-850b-fae8ced1ebe1/window/current/size 200 23 ms - 100
[HTTP] 
[HTTP] --> POST /wd/hub/session/4114f3f6-8757-42ae-850b-fae8ced1ebe1/elements
[HTTP] {"using":"-android uiautomator","value":"new UiSelector().className(\"android.widget.LinearLayout\").instance(4)"}
[HTTP] <-- POST /wd/hub/session/4114f3f6-8757-42ae-850b-fae8ced1ebe1/elements 200 62 ms - 124
[HTTP] 
[HTTP] --> GET /wd/hub/session/4114f3f6-8757-42ae-850b-fae8ced1ebe1
[HTTP] {}
[HTTP] <-- GET /wd/hub/session/4114f3f6-8757-42ae-850b-fae8ced1ebe1 200 20 ms - 1167
[HTTP] 
[HTTP] --> GET /wd/hub/session/4114f3f6-8757-42ae-850b-fae8ced1ebe1
[HTTP] {}
[HTTP] <-- GET /wd/hub/session/4114f3f6-8757-42ae-850b-fae8ced1ebe1 200 29 ms - 1167
[HTTP] 
[HTTP] --> GET /wd/hub/session/4114f3f6-8757-42ae-850b-fae8ced1ebe1
[HTTP] {}
[HTTP] <-- GET /wd/hub/session/4114f3f6-8757-42ae-850b-fae8ced1ebe1 200 19 ms - 1167
[HTTP] 
[HTTP] --> GET /wd/hub/session/4114f3f6-8757-42ae-850b-fae8ced1ebe1
[HTTP] {}
[HTTP] <-- GET /wd/hub/session/4114f3f6-8757-42ae-850b-fae8ced1ebe1 200 18 ms - 1167
[HTTP] 
[HTTP] --> GET /wd/hub/session/4114f3f6-8757-42ae-850b-fae8ced1ebe1/element/ba58045d-38d2-4c74-ae27-82c784248576/location
[HTTP] {}
[W3C] Driver proxy active, passing request on via HTTP proxy
[JSONWP Proxy] Replacing sessionId 52ef7a64-1063-49fc-8a38-616d680c3a13 with 4114f3f6-8757-42ae-850b-fae8ced1ebe1
[HTTP] <-- GET /wd/hub/session/4114f3f6-8757-42ae-850b-fae8ced1ebe1/element/ba58045d-38d2-4c74-ae27-82c784248576/location 200 47 ms - 87
[HTTP] 
[HTTP] --> POST /wd/hub/session/4114f3f6-8757-42ae-850b-fae8ced1ebe1/touch/perform
[HTTP] {"actions":[{"action":"tap","options":{"element":"ba58045d-38d2-4c74-ae27-82c784248576","x":1,"y":1}}]}
[UiAutomator2] calling get location: ba58045d-38d2-4c74-ae27-82c784248576
[HTTP] <-- POST /wd/hub/session/4114f3f6-8757-42ae-850b-fae8ced1ebe1/touch/perform 200 831 ms - 76
[HTTP] 
[HTTP] --> GET /wd/hub/session/4114f3f6-8757-42ae-850b-fae8ced1ebe1/context
[HTTP] {}
[HTTP] <-- GET /wd/hub/session/4114f3f6-8757-42ae-850b-fae8ced1ebe1/context 200 5 ms - 84
[HTTP] 
[HTTP] --> GET /wd/hub/session/4114f3f6-8757-42ae-850b-fae8ced1ebe1/contexts
[HTTP] {}
[HTTP] <-- GET /wd/hub/session/4114f3f6-8757-42ae-850b-fae8ced1ebe1/contexts 200 40 ms - 127
[HTTP] 
[HTTP] --> POST /wd/hub/session/4114f3f6-8757-42ae-850b-fae8ced1ebe1/context
[HTTP] {"name":"NATIVE_APP"}
[HTTP] <-- POST /wd/hub/session/4114f3f6-8757-42ae-850b-fae8ced1ebe1/context 200 37 ms - 76
[HTTP] 
[HTTP] --> POST /wd/hub/session/4114f3f6-8757-42ae-850b-fae8ced1ebe1/touch/perform
[HTTP] {"actions":[{"action":"press","options":{"x":800,"y":1000}},{"action":"wait","options":{"ms":500}},{"action":"moveTo","options":{"x":10,"y":800}}]}
[HTTP] <-- POST /wd/hub/session/4114f3f6-8757-42ae-850b-fae8ced1ebe1/touch/perform 200 2075 ms - 76
[HTTP] 
[HTTP] --> POST /wd/hub/session/4114f3f6-8757-42ae-850b-fae8ced1ebe1/context
[HTTP] {"name":"NATIVE_APP"}
[HTTP] <-- POST /wd/hub/session/4114f3f6-8757-42ae-850b-fae8ced1ebe1/context 200 33 ms - 76
[HTTP] 
[HTTP] --> GET /wd/hub/session/4114f3f6-8757-42ae-850b-fae8ced1ebe1/window/current/size
[HTTP] {}
[W3C] Driver proxy active, passing request on via HTTP proxy
[JSONWP Proxy] Replacing sessionId 52ef7a64-1063-49fc-8a38-616d680c3a13 with 4114f3f6-8757-42ae-850b-fae8ced1ebe1
[HTTP] <-- GET /wd/hub/session/4114f3f6-8757-42ae-850b-fae8ced1ebe1/window/current/size 200 30 ms - 100
[HTTP] 
[HTTP] --> POST /wd/hub/session/4114f3f6-8757-42ae-850b-fae8ced1ebe1/elements
[HTTP] {"using":"-android uiautomator","value":"new UiSelector().className(\"android.widget.LinearLayout\").instance(4)"}
[HTTP] <-- POST /wd/hub/session/4114f3f6-8757-42ae-850b-fae8ced1ebe1/elements 200 66 ms - 124
[HTTP] 
[HTTP] --> GET /wd/hub/session/4114f3f6-8757-42ae-850b-fae8ced1ebe1
[HTTP] {}
[HTTP] <-- GET /wd/hub/session/4114f3f6-8757-42ae-850b-fae8ced1ebe1 200 27 ms - 1284
[HTTP] 
[HTTP] --> GET /wd/hub/session/4114f3f6-8757-42ae-850b-fae8ced1ebe1
[HTTP] {}
[HTTP] <-- GET /wd/hub/session/4114f3f6-8757-42ae-850b-fae8ced1ebe1 200 21 ms - 1284
[HTTP] 
[HTTP] --> GET /wd/hub/session/4114f3f6-8757-42ae-850b-fae8ced1ebe1
[HTTP] {}
[HTTP] <-- GET /wd/hub/session/4114f3f6-8757-42ae-850b-fae8ced1ebe1 200 19 ms - 1284
[HTTP] 
[HTTP] --> GET /wd/hub/session/4114f3f6-8757-42ae-850b-fae8ced1ebe1
[HTTP] {}
[HTTP] <-- GET /wd/hub/session/4114f3f6-8757-42ae-850b-fae8ced1ebe1 200 15 ms - 1284
[HTTP] 
[HTTP] --> GET /wd/hub/session/4114f3f6-8757-42ae-850b-fae8ced1ebe1/element/8316a865-4e3a-47c2-8005-878ddbd2010c/location
[HTTP] {}
[W3C] Driver proxy active, passing request on via HTTP proxy
[JSONWP Proxy] Replacing sessionId 52ef7a64-1063-49fc-8a38-616d680c3a13 with 4114f3f6-8757-42ae-850b-fae8ced1ebe1
[HTTP] <-- GET /wd/hub/session/4114f3f6-8757-42ae-850b-fae8ced1ebe1/element/8316a865-4e3a-47c2-8005-878ddbd2010c/location 200 32 ms - 87
[HTTP] 
[HTTP] --> POST /wd/hub/session/4114f3f6-8757-42ae-850b-fae8ced1ebe1/touch/perform
[HTTP] {"actions":[{"action":"tap","options":{"element":"8316a865-4e3a-47c2-8005-878ddbd2010c","x":1,"y":1}}]}
[UiAutomator2] calling get location: 8316a865-4e3a-47c2-8005-878ddbd2010c
[HTTP] <-- POST /wd/hub/session/4114f3f6-8757-42ae-850b-fae8ced1ebe1/touch/perform 200 1091 ms - 76
[HTTP] 
[HTTP] --> GET /wd/hub/session/4114f3f6-8757-42ae-850b-fae8ced1ebe1/context
[HTTP] {}
[HTTP] <-- GET /wd/hub/session/4114f3f6-8757-42ae-850b-fae8ced1ebe1/context 200 3 ms - 84
[HTTP] 
[HTTP] --> GET /wd/hub/session/4114f3f6-8757-42ae-850b-fae8ced1ebe1/contexts
[HTTP] {}
[HTTP] <-- GET /wd/hub/session/4114f3f6-8757-42ae-850b-fae8ced1ebe1/contexts 200 42 ms - 127
[HTTP] 
[HTTP] --> POST /wd/hub/session/4114f3f6-8757-42ae-850b-fae8ced1ebe1/context
[HTTP] {"name":"NATIVE_APP"}
[HTTP] <-- POST /wd/hub/session/4114f3f6-8757-42ae-850b-fae8ced1ebe1/context 200 44 ms - 76
[HTTP] 
[HTTP] --> POST /wd/hub/session/4114f3f6-8757-42ae-850b-fae8ced1ebe1/touch/perform
[HTTP] {"actions":[{"action":"press","options":{"x":800,"y":1000}},{"action":"wait","options":{"ms":500}},{"action":"moveTo","options":{"x":10,"y":800}}]}
[HTTP] <-- POST /wd/hub/session/4114f3f6-8757-42ae-850b-fae8ced1ebe1/touch/perform 200 2059 ms - 76
[HTTP] 
[HTTP] --> POST /wd/hub/session/4114f3f6-8757-42ae-850b-fae8ced1ebe1/context
[HTTP] {"name":"NATIVE_APP"}
[HTTP] <-- POST /wd/hub/session/4114f3f6-8757-42ae-850b-fae8ced1ebe1/context 200 56 ms - 76
[HTTP] 
[HTTP] --> GET /wd/hub/session/4114f3f6-8757-42ae-850b-fae8ced1ebe1/window/current/size
[HTTP] {}
[W3C] Driver proxy active, passing request on via HTTP proxy
[JSONWP Proxy] Replacing sessionId 52ef7a64-1063-49fc-8a38-616d680c3a13 with 4114f3f6-8757-42ae-850b-fae8ced1ebe1
[HTTP] <-- GET /wd/hub/session/4114f3f6-8757-42ae-850b-fae8ced1ebe1/window/current/size 200 17 ms - 100
[HTTP] 
[HTTP] --> POST /wd/hub/session/4114f3f6-8757-42ae-850b-fae8ced1ebe1/elements
[HTTP] {"using":"-android uiautomator","value":"new UiSelector().className(\"android.widget.LinearLayout\").instance(4)"}
[HTTP] <-- POST /wd/hub/session/4114f3f6-8757-42ae-850b-fae8ced1ebe1/elements 200 89 ms - 124
[HTTP] 
[HTTP] --> GET /wd/hub/session/4114f3f6-8757-42ae-850b-fae8ced1ebe1
[HTTP] {}
[HTTP] <-- GET /wd/hub/session/4114f3f6-8757-42ae-850b-fae8ced1ebe1 200 20 ms - 1284
[HTTP] 
[HTTP] --> GET /wd/hub/session/4114f3f6-8757-42ae-850b-fae8ced1ebe1
[HTTP] {}
[HTTP] <-- GET /wd/hub/session/4114f3f6-8757-42ae-850b-fae8ced1ebe1 200 23 ms - 1284
[HTTP] 
[HTTP] --> GET /wd/hub/session/4114f3f6-8757-42ae-850b-fae8ced1ebe1
[HTTP] {}
[HTTP] <-- GET /wd/hub/session/4114f3f6-8757-42ae-850b-fae8ced1ebe1 200 17 ms - 1284
[HTTP] 
[HTTP] --> GET /wd/hub/session/4114f3f6-8757-42ae-850b-fae8ced1ebe1
[HTTP] {}
[HTTP] <-- GET /wd/hub/session/4114f3f6-8757-42ae-850b-fae8ced1ebe1 200 13 ms - 1284
[HTTP] 
[HTTP] --> GET /wd/hub/session/4114f3f6-8757-42ae-850b-fae8ced1ebe1/element/c8781d4e-62a4-4116-a576-445f716736d7/location
[HTTP] {}
[W3C] Driver proxy active, passing request on via HTTP proxy
[JSONWP Proxy] Replacing sessionId 52ef7a64-1063-49fc-8a38-616d680c3a13 with 4114f3f6-8757-42ae-850b-fae8ced1ebe1
[HTTP] <-- GET /wd/hub/session/4114f3f6-8757-42ae-850b-fae8ced1ebe1/element/c8781d4e-62a4-4116-a576-445f716736d7/location 200 27 ms - 87
[HTTP] 
[HTTP] --> POST /wd/hub/session/4114f3f6-8757-42ae-850b-fae8ced1ebe1/touch/perform
[HTTP] {"actions":[{"action":"tap","options":{"element":"c8781d4e-62a4-4116-a576-445f716736d7","x":1,"y":1}}]}
[UiAutomator2] calling get location: c8781d4e-62a4-4116-a576-445f716736d7
[HTTP] <-- POST /wd/hub/session/4114f3f6-8757-42ae-850b-fae8ced1ebe1/touch/perform 200 1114 ms - 76
[HTTP] 
[HTTP] --> GET /wd/hub/session/4114f3f6-8757-42ae-850b-fae8ced1ebe1/context
[HTTP] {}
[HTTP] <-- GET /wd/hub/session/4114f3f6-8757-42ae-850b-fae8ced1ebe1/context 200 3 ms - 84
[HTTP] 
[HTTP] --> GET /wd/hub/session/4114f3f6-8757-42ae-850b-fae8ced1ebe1/contexts
[HTTP] {}
[HTTP] <-- GET /wd/hub/session/4114f3f6-8757-42ae-850b-fae8ced1ebe1/contexts 200 35 ms - 127
[HTTP] 
[HTTP] --> POST /wd/hub/session/4114f3f6-8757-42ae-850b-fae8ced1ebe1/context
[HTTP] {"name":"NATIVE_APP"}
[HTTP] <-- POST /wd/hub/session/4114f3f6-8757-42ae-850b-fae8ced1ebe1/context 200 51 ms - 76
[HTTP] 
[HTTP] --> POST /wd/hub/session/4114f3f6-8757-42ae-850b-fae8ced1ebe1/touch/perform
[HTTP] {"actions":[{"action":"press","options":{"x":800,"y":1000}},{"action":"wait","options":{"ms":500}},{"action":"moveTo","options":{"x":10,"y":800}}]}
[HTTP] <-- POST /wd/hub/session/4114f3f6-8757-42ae-850b-fae8ced1ebe1/touch/perform 200 2085 ms - 76
[HTTP] 
[HTTP] --> POST /wd/hub/session/4114f3f6-8757-42ae-850b-fae8ced1ebe1/context
[HTTP] {"name":"NATIVE_APP"}
[HTTP] <-- POST /wd/hub/session/4114f3f6-8757-42ae-850b-fae8ced1ebe1/context 200 79 ms - 76
[HTTP] 
[HTTP] --> GET /wd/hub/session/4114f3f6-8757-42ae-850b-fae8ced1ebe1/window/current/size
[HTTP] {}
[W3C] Driver proxy active, passing request on via HTTP proxy
[JSONWP Proxy] Replacing sessionId 52ef7a64-1063-49fc-8a38-616d680c3a13 with 4114f3f6-8757-42ae-850b-fae8ced1ebe1
[HTTP] <-- GET /wd/hub/session/4114f3f6-8757-42ae-850b-fae8ced1ebe1/window/current/size 200 50 ms - 100
[HTTP] 
[HTTP] --> POST /wd/hub/session/4114f3f6-8757-42ae-850b-fae8ced1ebe1/elements
[HTTP] {"using":"-android uiautomator","value":"new UiSelector().className(\"android.widget.LinearLayout\").instance(4)"}
[HTTP] <-- POST /wd/hub/session/4114f3f6-8757-42ae-850b-fae8ced1ebe1/elements 200 167 ms - 124
[HTTP] 
[HTTP] --> GET /wd/hub/session/4114f3f6-8757-42ae-850b-fae8ced1ebe1
[HTTP] {}
[HTTP] <-- GET /wd/hub/session/4114f3f6-8757-42ae-850b-fae8ced1ebe1 200 39 ms - 1167
[HTTP] 
[HTTP] --> GET /wd/hub/session/4114f3f6-8757-42ae-850b-fae8ced1ebe1
[HTTP] {}
[HTTP] <-- GET /wd/hub/session/4114f3f6-8757-42ae-850b-fae8ced1ebe1 200 65 ms - 1167
[HTTP] 
[HTTP] --> GET /wd/hub/session/4114f3f6-8757-42ae-850b-fae8ced1ebe1
[HTTP] {}
[HTTP] <-- GET /wd/hub/session/4114f3f6-8757-42ae-850b-fae8ced1ebe1 200 35 ms - 1167
[HTTP] 
[HTTP] --> GET /wd/hub/session/4114f3f6-8757-42ae-850b-fae8ced1ebe1
[HTTP] {}
[HTTP] <-- GET /wd/hub/session/4114f3f6-8757-42ae-850b-fae8ced1ebe1 200 50 ms - 1167
[HTTP] 
[HTTP] --> GET /wd/hub/session/4114f3f6-8757-42ae-850b-fae8ced1ebe1/element/14007503-2a01-4be6-b03f-fc490a69a081/location
[HTTP] {}
[W3C] Driver proxy active, passing request on via HTTP proxy
[JSONWP Proxy] Replacing sessionId 52ef7a64-1063-49fc-8a38-616d680c3a13 with 4114f3f6-8757-42ae-850b-fae8ced1ebe1
[HTTP] <-- GET /wd/hub/session/4114f3f6-8757-42ae-850b-fae8ced1ebe1/element/14007503-2a01-4be6-b03f-fc490a69a081/location 200 105 ms - 88
[HTTP] 
[HTTP] --> POST /wd/hub/session/4114f3f6-8757-42ae-850b-fae8ced1ebe1/touch/perform
[HTTP] {"actions":[{"action":"tap","options":{"element":"14007503-2a01-4be6-b03f-fc490a69a081","x":1,"y":1}}]}
[UiAutomator2] calling get location: 14007503-2a01-4be6-b03f-fc490a69a081
[HTTP] <-- POST /wd/hub/session/4114f3f6-8757-42ae-850b-fae8ced1ebe1/touch/perform 200 3355 ms - 76
[HTTP] 
[HTTP] --> GET /wd/hub/session/4114f3f6-8757-42ae-850b-fae8ced1ebe1/context
[HTTP] {}
[HTTP] <-- GET /wd/hub/session/4114f3f6-8757-42ae-850b-fae8ced1ebe1/context 200 3 ms - 84
[HTTP] 
[HTTP] --> GET /wd/hub/session/4114f3f6-8757-42ae-850b-fae8ced1ebe1/contexts
[HTTP] {}
[HTTP] <-- GET /wd/hub/session/4114f3f6-8757-42ae-850b-fae8ced1ebe1/contexts 200 34 ms - 127
[HTTP] 
[HTTP] --> POST /wd/hub/session/4114f3f6-8757-42ae-850b-fae8ced1ebe1/context
[HTTP] {"name":"NATIVE_APP"}
[HTTP] <-- POST /wd/hub/session/4114f3f6-8757-42ae-850b-fae8ced1ebe1/context 200 41 ms - 76
[HTTP] 
[HTTP] --> POST /wd/hub/session/4114f3f6-8757-42ae-850b-fae8ced1ebe1/touch/perform
[HTTP] {"actions":[{"action":"press","options":{"x":800,"y":1000}},{"action":"wait","options":{"ms":500}},{"action":"moveTo","options":{"x":10,"y":800}}]}
[HTTP] <-- POST /wd/hub/session/4114f3f6-8757-42ae-850b-fae8ced1ebe1/touch/perform 200 2092 ms - 76
[HTTP] 
[HTTP] --> POST /wd/hub/session/4114f3f6-8757-42ae-850b-fae8ced1ebe1/context
[HTTP] {"name":"NATIVE_APP"}
[HTTP] <-- POST /wd/hub/session/4114f3f6-8757-42ae-850b-fae8ced1ebe1/context 200 195 ms - 76
[HTTP] 
[HTTP] --> GET /wd/hub/session/4114f3f6-8757-42ae-850b-fae8ced1ebe1/window/current/size
[HTTP] {}
[W3C] Driver proxy active, passing request on via HTTP proxy
[JSONWP Proxy] Replacing sessionId 52ef7a64-1063-49fc-8a38-616d680c3a13 with 4114f3f6-8757-42ae-850b-fae8ced1ebe1
[HTTP] <-- GET /wd/hub/session/4114f3f6-8757-42ae-850b-fae8ced1ebe1/window/current/size 200 76 ms - 100
[HTTP] 
[HTTP] --> POST /wd/hub/session/4114f3f6-8757-42ae-850b-fae8ced1ebe1/elements
[HTTP] {"using":"-android uiautomator","value":"new UiSelector().className(\"android.widget.EditText\").text(\"No Handphone\").resourceId(\"id.co.fundtastic.client:id/et_phone\").instance(0)"}
[HTTP] <-- POST /wd/hub/session/4114f3f6-8757-42ae-850b-fae8ced1ebe1/elements 200 731 ms - 124
[HTTP] 
[HTTP] --> GET /wd/hub/session/4114f3f6-8757-42ae-850b-fae8ced1ebe1
[HTTP] {}
[HTTP] <-- GET /wd/hub/session/4114f3f6-8757-42ae-850b-fae8ced1ebe1 200 51 ms - 1167
[HTTP] 
[HTTP] --> GET /wd/hub/session/4114f3f6-8757-42ae-850b-fae8ced1ebe1
[HTTP] {}
[HTTP] <-- GET /wd/hub/session/4114f3f6-8757-42ae-850b-fae8ced1ebe1 200 65 ms - 1167
[HTTP] 
[HTTP] --> GET /wd/hub/session/4114f3f6-8757-42ae-850b-fae8ced1ebe1
[HTTP] {}
[HTTP] <-- GET /wd/hub/session/4114f3f6-8757-42ae-850b-fae8ced1ebe1 200 29 ms - 1167
[HTTP] 
[HTTP] --> GET /wd/hub/session/4114f3f6-8757-42ae-850b-fae8ced1ebe1
[HTTP] {}
[HTTP] <-- GET /wd/hub/session/4114f3f6-8757-42ae-850b-fae8ced1ebe1 200 66 ms - 1167
[HTTP] 
[HTTP] --> GET /wd/hub/session/4114f3f6-8757-42ae-850b-fae8ced1ebe1/element/aa131b37-6a37-44fd-b704-62f80692e71d/location
[HTTP] {}
[W3C] Driver proxy active, passing request on via HTTP proxy
[JSONWP Proxy] Replacing sessionId 52ef7a64-1063-49fc-8a38-616d680c3a13 with 4114f3f6-8757-42ae-850b-fae8ced1ebe1
[HTTP] <-- GET /wd/hub/session/4114f3f6-8757-42ae-850b-fae8ced1ebe1/element/aa131b37-6a37-44fd-b704-62f80692e71d/location 200 145 ms - 88
[HTTP] 
[HTTP] --> POST /wd/hub/session/4114f3f6-8757-42ae-850b-fae8ced1ebe1/element/aa131b37-6a37-44fd-b704-62f80692e71d/clear
[HTTP] {"id":"aa131b37-6a37-44fd-b704-62f80692e71d"}
[HTTP] <-- POST /wd/hub/session/4114f3f6-8757-42ae-850b-fae8ced1ebe1/element/aa131b37-6a37-44fd-b704-62f80692e71d/clear 200 42 ms - 89
[HTTP] 
[HTTP] --> POST /wd/hub/session/4114f3f6-8757-42ae-850b-fae8ced1ebe1/element/aa131b37-6a37-44fd-b704-62f80692e71d/value
[HTTP] {"id":"aa131b37-6a37-44fd-b704-62f80692e71d","value":["081215161452"]}
[HTTP] <-- POST /wd/hub/session/4114f3f6-8757-42ae-850b-fae8ced1ebe1/element/aa131b37-6a37-44fd-b704-62f80692e71d/value 200 1114 ms - 74
[HTTP] 
[HTTP] --> GET /wd/hub/session/4114f3f6-8757-42ae-850b-fae8ced1ebe1/window/current/size
[HTTP] {}
[W3C] Driver proxy active, passing request on via HTTP proxy
[JSONWP Proxy] Replacing sessionId 52ef7a64-1063-49fc-8a38-616d680c3a13 with 4114f3f6-8757-42ae-850b-fae8ced1ebe1
[HTTP] <-- GET /wd/hub/session/4114f3f6-8757-42ae-850b-fae8ced1ebe1/window/current/size 200 16 ms - 100
[HTTP] 
[HTTP] --> POST /wd/hub/session/4114f3f6-8757-42ae-850b-fae8ced1ebe1/elements
[HTTP] {"using":"-android uiautomator","value":"new UiSelector().className(\"android.widget.Button\").text(\"MASUK\").resourceId(\"id.co.fundtastic.client:id/btnLogin\").instance(0)"}
[HTTP] <-- POST /wd/hub/session/4114f3f6-8757-42ae-850b-fae8ced1ebe1/elements 200 477 ms - 124
[HTTP] 
[HTTP] --> GET /wd/hub/session/4114f3f6-8757-42ae-850b-fae8ced1ebe1
[HTTP] {}
[HTTP] <-- GET /wd/hub/session/4114f3f6-8757-42ae-850b-fae8ced1ebe1 200 12 ms - 1167
[HTTP] 
[HTTP] --> GET /wd/hub/session/4114f3f6-8757-42ae-850b-fae8ced1ebe1
[HTTP] {}
[HTTP] <-- GET /wd/hub/session/4114f3f6-8757-42ae-850b-fae8ced1ebe1 200 32 ms - 1167
[HTTP] 
[HTTP] --> GET /wd/hub/session/4114f3f6-8757-42ae-850b-fae8ced1ebe1
[HTTP] {}
[HTTP] <-- GET /wd/hub/session/4114f3f6-8757-42ae-850b-fae8ced1ebe1 200 15 ms - 1167
[HTTP] 
[HTTP] --> GET /wd/hub/session/4114f3f6-8757-42ae-850b-fae8ced1ebe1
[HTTP] {}
[HTTP] <-- GET /wd/hub/session/4114f3f6-8757-42ae-850b-fae8ced1ebe1 200 12 ms - 1167
[HTTP] 
[HTTP] --> GET /wd/hub/session/4114f3f6-8757-42ae-850b-fae8ced1ebe1/element/fa7d7bb5-609f-48e7-8f2f-49887c5c7369/location
[HTTP] {}
[W3C] Driver proxy active, passing request on via HTTP proxy
[JSONWP Proxy] Replacing sessionId 52ef7a64-1063-49fc-8a38-616d680c3a13 with 4114f3f6-8757-42ae-850b-fae8ced1ebe1
[HTTP] <-- GET /wd/hub/session/4114f3f6-8757-42ae-850b-fae8ced1ebe1/element/fa7d7bb5-609f-48e7-8f2f-49887c5c7369/location 200 27 ms - 88
[HTTP] 
[HTTP] --> POST /wd/hub/session/4114f3f6-8757-42ae-850b-fae8ced1ebe1/touch/perform
[HTTP] {"actions":[{"action":"tap","options":{"element":"fa7d7bb5-609f-48e7-8f2f-49887c5c7369","x":1,"y":1}}]}
[UiAutomator2] calling get location: fa7d7bb5-609f-48e7-8f2f-49887c5c7369
[HTTP] <-- POST /wd/hub/session/4114f3f6-8757-42ae-850b-fae8ced1ebe1/touch/perform 200 926 ms - 76
[HTTP] 
[HTTP] --> GET /wd/hub/session/4114f3f6-8757-42ae-850b-fae8ced1ebe1/window/current/size
[HTTP] {}
[W3C] Driver proxy active, passing request on via HTTP proxy
[JSONWP Proxy] Replacing sessionId 52ef7a64-1063-49fc-8a38-616d680c3a13 with 4114f3f6-8757-42ae-850b-fae8ced1ebe1
[HTTP] <-- GET /wd/hub/session/4114f3f6-8757-42ae-850b-fae8ced1ebe1/window/current/size 200 65 ms - 100
[HTTP] 
[HTTP] --> POST /wd/hub/session/4114f3f6-8757-42ae-850b-fae8ced1ebe1/elements
[HTTP] {"using":"-android uiautomator","value":"new UiSelector().className(\"android.widget.TextView\").text(\"Verifikasi Nomor HP\").instance(0)"}
[HTTP] <-- POST /wd/hub/session/4114f3f6-8757-42ae-850b-fae8ced1ebe1/elements 200 113 ms - 74
[HTTP] 
[HTTP] --> POST /wd/hub/session/4114f3f6-8757-42ae-850b-fae8ced1ebe1/elements
[HTTP] {"using":"-android uiautomator","value":"new UiSelector().className(\"android.widget.TextView\").text(\"Verifikasi Nomor HP\").instance(0)"}
[HTTP] <-- POST /wd/hub/session/4114f3f6-8757-42ae-850b-fae8ced1ebe1/elements 200 106 ms - 74
[HTTP] 
[HTTP] --> POST /wd/hub/session/4114f3f6-8757-42ae-850b-fae8ced1ebe1/elements
[HTTP] {"using":"-android uiautomator","value":"new UiSelector().className(\"android.widget.TextView\").text(\"Verifikasi Nomor HP\").instance(0)"}
[HTTP] <-- POST /wd/hub/session/4114f3f6-8757-42ae-850b-fae8ced1ebe1/elements 200 121 ms - 74
[HTTP] 
[HTTP] --> POST /wd/hub/session/4114f3f6-8757-42ae-850b-fae8ced1ebe1/elements
[HTTP] {"using":"-android uiautomator","value":"new UiSelector().className(\"android.widget.TextView\").text(\"Verifikasi Nomor HP\").instance(0)"}
[HTTP] <-- POST /wd/hub/session/4114f3f6-8757-42ae-850b-fae8ced1ebe1/elements 200 85 ms - 74
[HTTP] 
[HTTP] --> POST /wd/hub/session/4114f3f6-8757-42ae-850b-fae8ced1ebe1/elements
[HTTP] {"using":"-android uiautomator","value":"new UiSelector().className(\"android.widget.TextView\").text(\"Verifikasi Nomor HP\").instance(0)"}
[HTTP] <-- POST /wd/hub/session/4114f3f6-8757-42ae-850b-fae8ced1ebe1/elements 200 88 ms - 74
[HTTP] 
[HTTP] --> POST /wd/hub/session/4114f3f6-8757-42ae-850b-fae8ced1ebe1/elements
[HTTP] {"using":"-android uiautomator","value":"new UiSelector().className(\"android.widget.TextView\").text(\"Verifikasi Nomor HP\").instance(0)"}
[HTTP] <-- POST /wd/hub/session/4114f3f6-8757-42ae-850b-fae8ced1ebe1/elements 200 203 ms - 74
[HTTP] 
[HTTP] --> POST /wd/hub/session/4114f3f6-8757-42ae-850b-fae8ced1ebe1/elements
[HTTP] {"using":"-android uiautomator","value":"new UiSelector().className(\"android.widget.TextView\").text(\"Verifikasi Nomor HP\").instance(0)"}
[HTTP] <-- POST /wd/hub/session/4114f3f6-8757-42ae-850b-fae8ced1ebe1/elements 200 184 ms - 74
[HTTP] 
[HTTP] --> POST /wd/hub/session/4114f3f6-8757-42ae-850b-fae8ced1ebe1/elements
[HTTP] {"using":"-android uiautomator","value":"new UiSelector().className(\"android.widget.TextView\").text(\"Verifikasi Nomor HP\").instance(0)"}
[HTTP] <-- POST /wd/hub/session/4114f3f6-8757-42ae-850b-fae8ced1ebe1/elements 200 151 ms - 74
[HTTP] 
[HTTP] --> POST /wd/hub/session/4114f3f6-8757-42ae-850b-fae8ced1ebe1/elements
[HTTP] {"using":"-android uiautomator","value":"new UiSelector().className(\"android.widget.TextView\").text(\"Verifikasi Nomor HP\").instance(0)"}
[HTTP] <-- POST /wd/hub/session/4114f3f6-8757-42ae-850b-fae8ced1ebe1/elements 200 1491 ms - 124
[HTTP] 
[HTTP] --> GET /wd/hub/session/4114f3f6-8757-42ae-850b-fae8ced1ebe1
[HTTP] {}
[HTTP] <-- GET /wd/hub/session/4114f3f6-8757-42ae-850b-fae8ced1ebe1 200 15 ms - 1167
[HTTP] 
[HTTP] --> GET /wd/hub/session/4114f3f6-8757-42ae-850b-fae8ced1ebe1
[HTTP] {}
[HTTP] <-- GET /wd/hub/session/4114f3f6-8757-42ae-850b-fae8ced1ebe1 200 14 ms - 1167
[HTTP] 
[HTTP] --> GET /wd/hub/session/4114f3f6-8757-42ae-850b-fae8ced1ebe1
[HTTP] {}
[HTTP] <-- GET /wd/hub/session/4114f3f6-8757-42ae-850b-fae8ced1ebe1 200 18 ms - 1167
[HTTP] 
[HTTP] --> GET /wd/hub/session/4114f3f6-8757-42ae-850b-fae8ced1ebe1
[HTTP] {}
[HTTP] <-- GET /wd/hub/session/4114f3f6-8757-42ae-850b-fae8ced1ebe1 200 15 ms - 1167
[HTTP] 
[HTTP] --> GET /wd/hub/session/4114f3f6-8757-42ae-850b-fae8ced1ebe1/element/cd990266-e39e-4a01-bb19-de2be9a7bfc1/location
[HTTP] {}
[W3C] Driver proxy active, passing request on via HTTP proxy
[JSONWP Proxy] Replacing sessionId 52ef7a64-1063-49fc-8a38-616d680c3a13 with 4114f3f6-8757-42ae-850b-fae8ced1ebe1
[HTTP] <-- GET /wd/hub/session/4114f3f6-8757-42ae-850b-fae8ced1ebe1/element/cd990266-e39e-4a01-bb19-de2be9a7bfc1/location 200 22 ms - 89
[HTTP] 
[HTTP] --> GET /wd/hub/session/4114f3f6-8757-42ae-850b-fae8ced1ebe1/element/cd990266-e39e-4a01-bb19-de2be9a7bfc1/text
[HTTP] {}
[W3C] Driver proxy active, passing request on via HTTP proxy
[JSONWP Proxy] Replacing sessionId 52ef7a64-1063-49fc-8a38-616d680c3a13 with 4114f3f6-8757-42ae-850b-fae8ced1ebe1
[HTTP] <-- GET /wd/hub/session/4114f3f6-8757-42ae-850b-fae8ced1ebe1/element/cd990266-e39e-4a01-bb19-de2be9a7bfc1/text 200 25 ms - 93
[HTTP] 
[HTTP] --> GET /wd/hub/session/4114f3f6-8757-42ae-850b-fae8ced1ebe1/window/current/size
[HTTP] {}
[W3C] Driver proxy active, passing request on via HTTP proxy
[JSONWP Proxy] Replacing sessionId 52ef7a64-1063-49fc-8a38-616d680c3a13 with 4114f3f6-8757-42ae-850b-fae8ced1ebe1
[HTTP] <-- GET /wd/hub/session/4114f3f6-8757-42ae-850b-fae8ced1ebe1/window/current/size 200 21 ms - 100
[HTTP] 
[HTTP] --> POST /wd/hub/session/4114f3f6-8757-42ae-850b-fae8ced1ebe1/elements
[HTTP] {"using":"-android uiautomator","value":"new UiSelector().className(\"android.widget.EditText\").resourceId(\"id.co.fundtastic.client:id/et_otp\").instance(0)"}
[HTTP] <-- POST /wd/hub/session/4114f3f6-8757-42ae-850b-fae8ced1ebe1/elements 200 506 ms - 124
[HTTP] 
[HTTP] --> GET /wd/hub/session/4114f3f6-8757-42ae-850b-fae8ced1ebe1
[HTTP] {}
[HTTP] <-- GET /wd/hub/session/4114f3f6-8757-42ae-850b-fae8ced1ebe1 200 19 ms - 1167
[HTTP] 
[HTTP] --> GET /wd/hub/session/4114f3f6-8757-42ae-850b-fae8ced1ebe1
[HTTP] {}
[HTTP] <-- GET /wd/hub/session/4114f3f6-8757-42ae-850b-fae8ced1ebe1 200 21 ms - 1167
[HTTP] 
[HTTP] --> GET /wd/hub/session/4114f3f6-8757-42ae-850b-fae8ced1ebe1
[HTTP] {}
[HTTP] <-- GET /wd/hub/session/4114f3f6-8757-42ae-850b-fae8ced1ebe1 200 20 ms - 1167
[HTTP] 
[HTTP] --> GET /wd/hub/session/4114f3f6-8757-42ae-850b-fae8ced1ebe1
[HTTP] {}
[HTTP] <-- GET /wd/hub/session/4114f3f6-8757-42ae-850b-fae8ced1ebe1 200 27 ms - 1167
[HTTP] 
[HTTP] --> GET /wd/hub/session/4114f3f6-8757-42ae-850b-fae8ced1ebe1/element/f4624cc3-678e-4747-8b9e-303ceef1db07/location
[HTTP] {}
[W3C] Driver proxy active, passing request on via HTTP proxy
[JSONWP Proxy] Replacing sessionId 52ef7a64-1063-49fc-8a38-616d680c3a13 with 4114f3f6-8757-42ae-850b-fae8ced1ebe1
[HTTP] <-- GET /wd/hub/session/4114f3f6-8757-42ae-850b-fae8ced1ebe1/element/f4624cc3-678e-4747-8b9e-303ceef1db07/location 200 22 ms - 89
[HTTP] 
[HTTP] --> POST /wd/hub/session/4114f3f6-8757-42ae-850b-fae8ced1ebe1/touch/perform
[HTTP] {"actions":[{"action":"tap","options":{"element":"f4624cc3-678e-4747-8b9e-303ceef1db07","x":1,"y":1}}]}
[UiAutomator2] calling get location: f4624cc3-678e-4747-8b9e-303ceef1db07
[HTTP] <-- POST /wd/hub/session/4114f3f6-8757-42ae-850b-fae8ced1ebe1/touch/perform 200 834 ms - 76
[HTTP] 
[HTTP] --> GET /wd/hub/session/4114f3f6-8757-42ae-850b-fae8ced1ebe1/window/current/size
[HTTP] {}
[W3C] Driver proxy active, passing request on via HTTP proxy
[JSONWP Proxy] Replacing sessionId 52ef7a64-1063-49fc-8a38-616d680c3a13 with 4114f3f6-8757-42ae-850b-fae8ced1ebe1
[HTTP] <-- GET /wd/hub/session/4114f3f6-8757-42ae-850b-fae8ced1ebe1/window/current/size 200 35 ms - 100
[HTTP] 
[HTTP] --> POST /wd/hub/session/4114f3f6-8757-42ae-850b-fae8ced1ebe1/elements
[HTTP] {"using":"-android uiautomator","value":"new UiSelector().className(\"android.widget.EditText\").resourceId(\"id.co.fundtastic.client:id/et_otp\").instance(0)"}
[HTTP] <-- POST /wd/hub/session/4114f3f6-8757-42ae-850b-fae8ced1ebe1/elements 200 60 ms - 124
[HTTP] 
[HTTP] --> GET /wd/hub/session/4114f3f6-8757-42ae-850b-fae8ced1ebe1
[HTTP] {}
[HTTP] <-- GET /wd/hub/session/4114f3f6-8757-42ae-850b-fae8ced1ebe1 200 20 ms - 1167
[HTTP] 
[HTTP] --> GET /wd/hub/session/4114f3f6-8757-42ae-850b-fae8ced1ebe1
[HTTP] {}
[HTTP] <-- GET /wd/hub/session/4114f3f6-8757-42ae-850b-fae8ced1ebe1 200 31 ms - 1167
[HTTP] 
[HTTP] --> GET /wd/hub/session/4114f3f6-8757-42ae-850b-fae8ced1ebe1
[HTTP] {}
[HTTP] <-- GET /wd/hub/session/4114f3f6-8757-42ae-850b-fae8ced1ebe1 200 26 ms - 1167
[HTTP] 
[HTTP] --> GET /wd/hub/session/4114f3f6-8757-42ae-850b-fae8ced1ebe1
[HTTP] {}
[HTTP] <-- GET /wd/hub/session/4114f3f6-8757-42ae-850b-fae8ced1ebe1 200 18 ms - 1167
[HTTP] 
[HTTP] --> GET /wd/hub/session/4114f3f6-8757-42ae-850b-fae8ced1ebe1/element/c31baa75-78ce-43a0-ab82-8b4fb224acde/location
[HTTP] {}
[W3C] Driver proxy active, passing request on via HTTP proxy
[JSONWP Proxy] Replacing sessionId 52ef7a64-1063-49fc-8a38-616d680c3a13 with 4114f3f6-8757-42ae-850b-fae8ced1ebe1
[HTTP] <-- GET /wd/hub/session/4114f3f6-8757-42ae-850b-fae8ced1ebe1/element/c31baa75-78ce-43a0-ab82-8b4fb224acde/location 200 28 ms - 89
[HTTP] 
[HTTP] --> POST /wd/hub/session/4114f3f6-8757-42ae-850b-fae8ced1ebe1/element/c31baa75-78ce-43a0-ab82-8b4fb224acde/clear
[HTTP] {"id":"c31baa75-78ce-43a0-ab82-8b4fb224acde"}
[HTTP] <-- POST /wd/hub/session/4114f3f6-8757-42ae-850b-fae8ced1ebe1/element/c31baa75-78ce-43a0-ab82-8b4fb224acde/clear 200 48 ms - 89
[HTTP] 
[HTTP] --> POST /wd/hub/session/4114f3f6-8757-42ae-850b-fae8ced1ebe1/element/c31baa75-78ce-43a0-ab82-8b4fb224acde/value
[HTTP] {"id":"c31baa75-78ce-43a0-ab82-8b4fb224acde","value":["8888"]}
[HTTP] <-- POST /wd/hub/session/4114f3f6-8757-42ae-850b-fae8ced1ebe1/element/c31baa75-78ce-43a0-ab82-8b4fb224acde/value 200 717 ms - 74
[HTTP] 
[HTTP] --> GET /wd/hub/session/4114f3f6-8757-42ae-850b-fae8ced1ebe1/window/current/size
[HTTP] {}
[W3C] Driver proxy active, passing request on via HTTP proxy
[JSONWP Proxy] Replacing sessionId 52ef7a64-1063-49fc-8a38-616d680c3a13 with 4114f3f6-8757-42ae-850b-fae8ced1ebe1
[HTTP] <-- GET /wd/hub/session/4114f3f6-8757-42ae-850b-fae8ced1ebe1/window/current/size 200 34 ms - 100
[HTTP] 
[HTTP] --> POST /wd/hub/session/4114f3f6-8757-42ae-850b-fae8ced1ebe1/elements
[HTTP] {"using":"-android uiautomator","value":"new UiSelector().className(\"android.widget.Button\").text(\"Verifikasi Sekarang\").resourceId(\"id.co.fundtastic.client:id/btnVerified\").instance(0)"}
[HTTP] <-- POST /wd/hub/session/4114f3f6-8757-42ae-850b-fae8ced1ebe1/elements 200 859 ms - 124
[HTTP] 
[HTTP] --> GET /wd/hub/session/4114f3f6-8757-42ae-850b-fae8ced1ebe1
[HTTP] {}
[HTTP] <-- GET /wd/hub/session/4114f3f6-8757-42ae-850b-fae8ced1ebe1 200 15 ms - 1167
[HTTP] 
[HTTP] --> GET /wd/hub/session/4114f3f6-8757-42ae-850b-fae8ced1ebe1
[HTTP] {}
[HTTP] <-- GET /wd/hub/session/4114f3f6-8757-42ae-850b-fae8ced1ebe1 200 21 ms - 1167
[HTTP] 
[HTTP] --> GET /wd/hub/session/4114f3f6-8757-42ae-850b-fae8ced1ebe1
[HTTP] {}
[HTTP] <-- GET /wd/hub/session/4114f3f6-8757-42ae-850b-fae8ced1ebe1 200 20 ms - 1167
[HTTP] 
[HTTP] --> GET /wd/hub/session/4114f3f6-8757-42ae-850b-fae8ced1ebe1
[HTTP] {}
[HTTP] <-- GET /wd/hub/session/4114f3f6-8757-42ae-850b-fae8ced1ebe1 200 32 ms - 1167
[HTTP] 
[HTTP] --> GET /wd/hub/session/4114f3f6-8757-42ae-850b-fae8ced1ebe1/element/c06a6d8e-fad1-4f11-9e70-462062e2a4e1/location
[HTTP] {}
[W3C] Driver proxy active, passing request on via HTTP proxy
[JSONWP Proxy] Replacing sessionId 52ef7a64-1063-49fc-8a38-616d680c3a13 with 4114f3f6-8757-42ae-850b-fae8ced1ebe1
[HTTP] <-- GET /wd/hub/session/4114f3f6-8757-42ae-850b-fae8ced1ebe1/element/c06a6d8e-fad1-4f11-9e70-462062e2a4e1/location 200 28 ms - 88
[HTTP] 
[HTTP] --> POST /wd/hub/session/4114f3f6-8757-42ae-850b-fae8ced1ebe1/touch/perform
[HTTP] {"actions":[{"action":"tap","options":{"element":"c06a6d8e-fad1-4f11-9e70-462062e2a4e1","x":1,"y":1}}]}
[UiAutomator2] calling get location: c06a6d8e-fad1-4f11-9e70-462062e2a4e1
[HTTP] <-- POST /wd/hub/session/4114f3f6-8757-42ae-850b-fae8ced1ebe1/touch/perform 200 1030 ms - 76
[HTTP] 
[HTTP] --> GET /wd/hub/session/4114f3f6-8757-42ae-850b-fae8ced1ebe1/window/current/size
[HTTP] {}
[W3C] Driver proxy active, passing request on via HTTP proxy
[JSONWP Proxy] Replacing sessionId 52ef7a64-1063-49fc-8a38-616d680c3a13 with 4114f3f6-8757-42ae-850b-fae8ced1ebe1
[HTTP] <-- GET /wd/hub/session/4114f3f6-8757-42ae-850b-fae8ced1ebe1/window/current/size 200 28 ms - 100
[HTTP] 
[HTTP] --> POST /wd/hub/session/4114f3f6-8757-42ae-850b-fae8ced1ebe1/elements
[HTTP] {"using":"-android uiautomator","value":"new UiSelector().className(\"android.widget.TextView\").text(\"Portofolio\").resourceId(\"id.co.fundtastic.client:id/smallLabel\").instance(11)"}
[HTTP] <-- POST /wd/hub/session/4114f3f6-8757-42ae-850b-fae8ced1ebe1/elements 200 83 ms - 124
[HTTP] 
[HTTP] --> GET /wd/hub/session/4114f3f6-8757-42ae-850b-fae8ced1ebe1
[HTTP] {}
[HTTP] <-- GET /wd/hub/session/4114f3f6-8757-42ae-850b-fae8ced1ebe1 200 21 ms - 1167
[HTTP] 
[HTTP] --> GET /wd/hub/session/4114f3f6-8757-42ae-850b-fae8ced1ebe1
[HTTP] {}
[HTTP] <-- GET /wd/hub/session/4114f3f6-8757-42ae-850b-fae8ced1ebe1 200 30 ms - 1167
[HTTP] 
[HTTP] --> GET /wd/hub/session/4114f3f6-8757-42ae-850b-fae8ced1ebe1
[HTTP] {}
[HTTP] <-- GET /wd/hub/session/4114f3f6-8757-42ae-850b-fae8ced1ebe1 200 64 ms - 1167
[HTTP] 
[HTTP] --> GET /wd/hub/session/4114f3f6-8757-42ae-850b-fae8ced1ebe1
[HTTP] {}
[HTTP] <-- GET /wd/hub/session/4114f3f6-8757-42ae-850b-fae8ced1ebe1 200 26 ms - 1167
[HTTP] 
[HTTP] --> GET /wd/hub/session/4114f3f6-8757-42ae-850b-fae8ced1ebe1/element/55b07f9c-3ac5-416d-955b-7b35c21f697f/location
[HTTP] {}
[W3C] Driver proxy active, passing request on via HTTP proxy
[JSONWP Proxy] Replacing sessionId 52ef7a64-1063-49fc-8a38-616d680c3a13 with 4114f3f6-8757-42ae-850b-fae8ced1ebe1
[HTTP] <-- GET /wd/hub/session/4114f3f6-8757-42ae-850b-fae8ced1ebe1/element/55b07f9c-3ac5-416d-955b-7b35c21f697f/location 200 614 ms - 90
[HTTP] 
[HTTP] --> POST /wd/hub/session/4114f3f6-8757-42ae-850b-fae8ced1ebe1/touch/perform
[HTTP] {"actions":[{"action":"tap","options":{"element":"55b07f9c-3ac5-416d-955b-7b35c21f697f","x":1,"y":1}}]}
[UiAutomator2] calling get location: 55b07f9c-3ac5-416d-955b-7b35c21f697f
[HTTP] <-- POST /wd/hub/session/4114f3f6-8757-42ae-850b-fae8ced1ebe1/touch/perform 200 1656 ms - 76
[HTTP] 
[HTTP] --> DELETE /wd/hub/session/4114f3f6-8757-42ae-850b-fae8ced1ebe1
[HTTP] {}
[Appium] Removing session 4114f3f6-8757-42ae-850b-fae8ced1ebe1 from our master session list
[ADB] id.co.fundtastic.client was successfully uninstalled
[HTTP] <-- DELETE /wd/hub/session/4114f3f6-8757-42ae-850b-fae8ced1ebe1 200 1561 ms - 76
[HTTP] 
