[Appium] Welcome to Appium v1.8.1
[Appium] Non-default server args:
[Appium]   port: 53423
[Appium]   loglevel: info
[Appium]   chromeDriverPort: 53424
[Appium]   tmpDir: /var/folders/ts/p6rxgpw53_d96xw60slkng7m0000gn/T//Katalon/Appium/Temp1562309325676
[Appium] Appium REST http interface listener started on 0.0.0.0:53423
[HTTP] --> GET /wd/hub/status
[HTTP] {}
[HTTP] <-- GET /wd/hub/status 200 32 ms - 83
[HTTP] 
[HTTP] --> POST /wd/hub/session
[HTTP] {"desiredCapabilities":{"app":"/Users/ustore/Downloads/Development.apk","autoGrantPermissions":true,"automationName":"uiautomator2","deviceName":"emulator-5554 (Android SDK built for x86 - Android 9)","fullReset":true,"newCommandTimeout":1800,"noReset":false,"platform":"ANDROID","platformName":"Android","udid":"emulator-5554"},"capabilities":{"desiredCapabilities":{"app":"/Users/ustore/Downloads/Development.apk","autoGrantPermissions":true,"automationName":"uiautomator2","deviceName":"emulator-5554 (Android SDK built for x86 - Android 9)","fullReset":true,"newCommandTimeout":1800,"noReset":false,"platform":"ANDROID","platformName":"Android","udid":"emulator-5554"},"firstMatch":[{"platformName":"android"}]}}
[Appium] Could not parse W3C capabilities: 'deviceName' can't be blank. Falling back to JSONWP protocol.
[Appium] The following capabilities were provided in the JSONWP desired capabilities that are missing in W3C capabilities: ["app","autoGrantPermissions","automationName","deviceName","fullReset","newCommandTimeout","noReset","platform","platformName","udid"]. Falling back to JSONWP protocol.
[Appium] Creating new AndroidUiautomator2Driver (v1.12.0) session
[Appium] Capabilities:
[Appium]   app: /Users/ustore/Downloads/Development.apk
[Appium]   autoGrantPermissions: true
[Appium]   automationName: uiautomator2
[Appium]   deviceName: emulator-5554 (Android SDK built for x86 - Android 9)
[Appium]   fullReset: true
[Appium]   newCommandTimeout: 1800
[Appium]   noReset: false
[Appium]   platform: ANDROID
[Appium]   platformName: Android
[Appium]   udid: emulator-5554
[BaseDriver] The following capabilities were provided, but are not recognized by appium: platform.
[BaseDriver] Session created with session id: fc8cbc0c-5e7f-4017-aafb-6f835a0d22f4
[BaseDriver] Using local app '/Users/ustore/Downloads/Development.apk'
[AndroidDriver] Java version is: 1.8.0_181
[ADB] Checking whether adb is present
[ADB] Found 1 'build-tools' folders under '/Users/ustore/.katalon/tools/android_sdk' (newest first):
[ADB]     /Users/ustore/.katalon/tools/android_sdk/build-tools/28.0.3
[ADB] Using adb from /Users/ustore/.katalon/tools/android_sdk/platform-tools/adb
[AndroidDriver] Retrieving device list
[AndroidDriver] Using device: emulator-5554
[ADB] Using the alternative activity name detection method because of: Could not find apkanalyzer in /Users/ustore/.katalon/tools/android_sdk/platform-tools/apkanalyzer,/Users/ustore/.katalon/tools/android_sdk/emulator/apkanalyzer,/Users/ustore/.katalon/tools/android_sdk/tools/apkanalyzer,/Users/ustore/.katalon/tools/android_sdk/tools/bin/apkanalyzer,/Users/ustore/.katalon/tools/android_sdk/build-tools/28.0.3/apkanalyzer. Do you have the Android SDK installed at '/Users/ustore/.katalon/tools/android_sdk'?
[ADB] Checking whether aapt is present
[ADB] Using aapt from /Users/ustore/.katalon/tools/android_sdk/build-tools/28.0.3/aapt
[ADB] Extracting package and launch activity from manifest
[ADB] Package name: 'id.co.fundtastic.client'
[ADB] Main activity name: 'id.co.fundtastic.client.splash.presentation.SplashActivity'
[ADB] Getting device platform version
[ADB] Using apksigner from /Users/ustore/.katalon/tools/android_sdk/build-tools/28.0.3/apksigner
[ADB] Cannot read version codes of '/usr/local/lib/node_modules/appium/node_modules/appium-uiautomator2-server/apks/appium-uiautomator2-server-debug-androidTest.apk' and/or 'io.appium.uiautomator2.server.test'
[ADB] Cannot read version names of '/usr/local/lib/node_modules/appium/node_modules/appium-uiautomator2-server/apks/appium-uiautomator2-server-debug-androidTest.apk' and/or 'io.appium.uiautomator2.server.test'. Assuming correct app version is already installed
[AndroidDriver] setDeviceLanguageCountry requires language or country.
[AndroidDriver] Got language: 'null' and country: 'null'
[ADB] Successfully extracted 194 strings from '/Users/ustore/Downloads/Development.apk' resources for '(default)' configuration
[ADB] id.co.fundtastic.client was not uninstalled, because it was not present on the device
[UiAutomator2] Starting uiautomator2 server 1.12.0
[UiAutomator2] Using UIAutomator2 server from '/usr/local/lib/node_modules/appium/node_modules/appium-uiautomator2-server/apks/appium-uiautomator2-server-v1.12.0.apk' and test from '/usr/local/lib/node_modules/appium/node_modules/appium-uiautomator2-server/apks/appium-uiautomator2-server-debug-androidTest.apk'
[UiAutomator2] Running command: 'adb -s emulator-5554 shell am instrument -w io.appium.uiautomator2.server.test/android.support.test.runner.AndroidJUnitRunner'
[UiAutomator2] Waiting up to 20000ms for UiAutomator2 to be online...
[AndroidDriver] Screen already unlocked, doing nothing
[UiAutomator2] UiAutomator2 did not start the activity we were waiting for, 'id.co.fundtastic.client/id.co.fundtastic.client.splash.presentation.SplashActivity'. Starting it ourselves
[Appium] New AndroidUiautomator2Driver session created successfully, session fc8cbc0c-5e7f-4017-aafb-6f835a0d22f4 added to master session list
[HTTP] <-- POST /wd/hub/session 200 13029 ms - 1167
[HTTP] 
[HTTP] --> GET /wd/hub/status
[HTTP] {}
[HTTP] <-- GET /wd/hub/status 200 38 ms - 55
[HTTP] 
[HTTP] --> POST /wd/hub/session/fc8cbc0c-5e7f-4017-aafb-6f835a0d22f4/timeouts
[HTTP] {"type":"implicit","ms":30000}
[HTTP] <-- POST /wd/hub/session/fc8cbc0c-5e7f-4017-aafb-6f835a0d22f4/timeouts 400 31 ms - 4196
[HTTP] 
[HTTP] --> GET /wd/hub/session/fc8cbc0c-5e7f-4017-aafb-6f835a0d22f4/window/current/size
[HTTP] {}
[W3C] Driver proxy active, passing request on via HTTP proxy
[JSONWP Proxy] Replacing sessionId dce90fef-ecf9-4d91-9fd3-a99ee82a8849 with fc8cbc0c-5e7f-4017-aafb-6f835a0d22f4
[HTTP] <-- GET /wd/hub/session/fc8cbc0c-5e7f-4017-aafb-6f835a0d22f4/window/current/size 200 64 ms - 100
[HTTP] 
[HTTP] --> POST /wd/hub/session/fc8cbc0c-5e7f-4017-aafb-6f835a0d22f4/elements
[HTTP] {"using":"-android uiautomator","value":"new UiSelector().className(\"android.widget.TextView\").text(\"Mulailah berinvestasi untuk meraih mimpimu\").instance(0)"}
[HTTP] <-- POST /wd/hub/session/fc8cbc0c-5e7f-4017-aafb-6f835a0d22f4/elements 200 161 ms - 74
[HTTP] 
[HTTP] --> POST /wd/hub/session/fc8cbc0c-5e7f-4017-aafb-6f835a0d22f4/elements
[HTTP] {"using":"-android uiautomator","value":"new UiSelector().className(\"android.widget.TextView\").text(\"Mulailah berinvestasi untuk meraih mimpimu\").instance(0)"}
[HTTP] <-- POST /wd/hub/session/fc8cbc0c-5e7f-4017-aafb-6f835a0d22f4/elements 200 57 ms - 74
[HTTP] 
[HTTP] --> POST /wd/hub/session/fc8cbc0c-5e7f-4017-aafb-6f835a0d22f4/elements
[HTTP] {"using":"-android uiautomator","value":"new UiSelector().className(\"android.widget.TextView\").text(\"Mulailah berinvestasi untuk meraih mimpimu\").instance(0)"}
[HTTP] <-- POST /wd/hub/session/fc8cbc0c-5e7f-4017-aafb-6f835a0d22f4/elements 200 39 ms - 74
[HTTP] 
[HTTP] --> POST /wd/hub/session/fc8cbc0c-5e7f-4017-aafb-6f835a0d22f4/elements
[HTTP] {"using":"-android uiautomator","value":"new UiSelector().className(\"android.widget.TextView\").text(\"Mulailah berinvestasi untuk meraih mimpimu\").instance(0)"}
[HTTP] <-- POST /wd/hub/session/fc8cbc0c-5e7f-4017-aafb-6f835a0d22f4/elements 200 38 ms - 74
[HTTP] 
[HTTP] --> POST /wd/hub/session/fc8cbc0c-5e7f-4017-aafb-6f835a0d22f4/elements
[HTTP] {"using":"-android uiautomator","value":"new UiSelector().className(\"android.widget.TextView\").text(\"Mulailah berinvestasi untuk meraih mimpimu\").instance(0)"}
[HTTP] <-- POST /wd/hub/session/fc8cbc0c-5e7f-4017-aafb-6f835a0d22f4/elements 200 52 ms - 74
[HTTP] 
[HTTP] --> POST /wd/hub/session/fc8cbc0c-5e7f-4017-aafb-6f835a0d22f4/elements
[HTTP] {"using":"-android uiautomator","value":"new UiSelector().className(\"android.widget.TextView\").text(\"Mulailah berinvestasi untuk meraih mimpimu\").instance(0)"}
[HTTP] <-- POST /wd/hub/session/fc8cbc0c-5e7f-4017-aafb-6f835a0d22f4/elements 200 46 ms - 74
[HTTP] 
[HTTP] --> POST /wd/hub/session/fc8cbc0c-5e7f-4017-aafb-6f835a0d22f4/elements
[HTTP] {"using":"-android uiautomator","value":"new UiSelector().className(\"android.widget.TextView\").text(\"Mulailah berinvestasi untuk meraih mimpimu\").instance(0)"}
[HTTP] <-- POST /wd/hub/session/fc8cbc0c-5e7f-4017-aafb-6f835a0d22f4/elements 200 50 ms - 74
[HTTP] 
[HTTP] --> POST /wd/hub/session/fc8cbc0c-5e7f-4017-aafb-6f835a0d22f4/elements
[HTTP] {"using":"-android uiautomator","value":"new UiSelector().className(\"android.widget.TextView\").text(\"Mulailah berinvestasi untuk meraih mimpimu\").instance(0)"}
[HTTP] <-- POST /wd/hub/session/fc8cbc0c-5e7f-4017-aafb-6f835a0d22f4/elements 200 51 ms - 74
[HTTP] 
[HTTP] --> POST /wd/hub/session/fc8cbc0c-5e7f-4017-aafb-6f835a0d22f4/elements
[HTTP] {"using":"-android uiautomator","value":"new UiSelector().className(\"android.widget.TextView\").text(\"Mulailah berinvestasi untuk meraih mimpimu\").instance(0)"}
[HTTP] <-- POST /wd/hub/session/fc8cbc0c-5e7f-4017-aafb-6f835a0d22f4/elements 200 41 ms - 74
[HTTP] 
[HTTP] --> POST /wd/hub/session/fc8cbc0c-5e7f-4017-aafb-6f835a0d22f4/elements
[HTTP] {"using":"-android uiautomator","value":"new UiSelector().className(\"android.widget.TextView\").text(\"Mulailah berinvestasi untuk meraih mimpimu\").instance(0)"}
[HTTP] <-- POST /wd/hub/session/fc8cbc0c-5e7f-4017-aafb-6f835a0d22f4/elements 200 42 ms - 74
[HTTP] 
[HTTP] --> POST /wd/hub/session/fc8cbc0c-5e7f-4017-aafb-6f835a0d22f4/elements
[HTTP] {"using":"-android uiautomator","value":"new UiSelector().className(\"android.widget.TextView\").text(\"Mulailah berinvestasi untuk meraih mimpimu\").instance(0)"}
[HTTP] <-- POST /wd/hub/session/fc8cbc0c-5e7f-4017-aafb-6f835a0d22f4/elements 200 33 ms - 74
[HTTP] 
[HTTP] --> POST /wd/hub/session/fc8cbc0c-5e7f-4017-aafb-6f835a0d22f4/elements
[HTTP] {"using":"-android uiautomator","value":"new UiSelector().className(\"android.widget.TextView\").text(\"Mulailah berinvestasi untuk meraih mimpimu\").instance(0)"}
[HTTP] <-- POST /wd/hub/session/fc8cbc0c-5e7f-4017-aafb-6f835a0d22f4/elements 200 58 ms - 74
[HTTP] 
[HTTP] --> POST /wd/hub/session/fc8cbc0c-5e7f-4017-aafb-6f835a0d22f4/elements
[HTTP] {"using":"-android uiautomator","value":"new UiSelector().className(\"android.widget.TextView\").text(\"Mulailah berinvestasi untuk meraih mimpimu\").instance(0)"}
[HTTP] <-- POST /wd/hub/session/fc8cbc0c-5e7f-4017-aafb-6f835a0d22f4/elements 200 36 ms - 74
[HTTP] 
[HTTP] --> POST /wd/hub/session/fc8cbc0c-5e7f-4017-aafb-6f835a0d22f4/elements
[HTTP] {"using":"-android uiautomator","value":"new UiSelector().className(\"android.widget.TextView\").text(\"Mulailah berinvestasi untuk meraih mimpimu\").instance(0)"}
[HTTP] <-- POST /wd/hub/session/fc8cbc0c-5e7f-4017-aafb-6f835a0d22f4/elements 200 42 ms - 74
[HTTP] 
[HTTP] --> POST /wd/hub/session/fc8cbc0c-5e7f-4017-aafb-6f835a0d22f4/elements
[HTTP] {"using":"-android uiautomator","value":"new UiSelector().className(\"android.widget.TextView\").text(\"Mulailah berinvestasi untuk meraih mimpimu\").instance(0)"}
[HTTP] <-- POST /wd/hub/session/fc8cbc0c-5e7f-4017-aafb-6f835a0d22f4/elements 200 40 ms - 74
[HTTP] 
[HTTP] --> POST /wd/hub/session/fc8cbc0c-5e7f-4017-aafb-6f835a0d22f4/elements
[HTTP] {"using":"-android uiautomator","value":"new UiSelector().className(\"android.widget.TextView\").text(\"Mulailah berinvestasi untuk meraih mimpimu\").instance(0)"}
[HTTP] <-- POST /wd/hub/session/fc8cbc0c-5e7f-4017-aafb-6f835a0d22f4/elements 200 42 ms - 74
[HTTP] 
[HTTP] --> POST /wd/hub/session/fc8cbc0c-5e7f-4017-aafb-6f835a0d22f4/elements
[HTTP] {"using":"-android uiautomator","value":"new UiSelector().className(\"android.widget.TextView\").text(\"Mulailah berinvestasi untuk meraih mimpimu\").instance(0)"}
[HTTP] <-- POST /wd/hub/session/fc8cbc0c-5e7f-4017-aafb-6f835a0d22f4/elements 200 62 ms - 74
[HTTP] 
[HTTP] --> POST /wd/hub/session/fc8cbc0c-5e7f-4017-aafb-6f835a0d22f4/elements
[HTTP] {"using":"-android uiautomator","value":"new UiSelector().className(\"android.widget.TextView\").text(\"Mulailah berinvestasi untuk meraih mimpimu\").instance(0)"}
[HTTP] <-- POST /wd/hub/session/fc8cbc0c-5e7f-4017-aafb-6f835a0d22f4/elements 200 240 ms - 74
[HTTP] 
[HTTP] --> POST /wd/hub/session/fc8cbc0c-5e7f-4017-aafb-6f835a0d22f4/elements
[HTTP] {"using":"-android uiautomator","value":"new UiSelector().className(\"android.widget.TextView\").text(\"Mulailah berinvestasi untuk meraih mimpimu\").instance(0)"}
[HTTP] <-- POST /wd/hub/session/fc8cbc0c-5e7f-4017-aafb-6f835a0d22f4/elements 200 513 ms - 74
[HTTP] 
[HTTP] --> POST /wd/hub/session/fc8cbc0c-5e7f-4017-aafb-6f835a0d22f4/elements
[HTTP] {"using":"-android uiautomator","value":"new UiSelector().className(\"android.widget.TextView\").text(\"Mulailah berinvestasi untuk meraih mimpimu\").instance(0)"}
[HTTP] <-- POST /wd/hub/session/fc8cbc0c-5e7f-4017-aafb-6f835a0d22f4/elements 200 1241 ms - 124
[HTTP] 
[HTTP] --> GET /wd/hub/session/fc8cbc0c-5e7f-4017-aafb-6f835a0d22f4
[HTTP] {}
[HTTP] <-- GET /wd/hub/session/fc8cbc0c-5e7f-4017-aafb-6f835a0d22f4 200 40 ms - 1167
[HTTP] 
[HTTP] --> GET /wd/hub/session/fc8cbc0c-5e7f-4017-aafb-6f835a0d22f4
[HTTP] {}
[HTTP] <-- GET /wd/hub/session/fc8cbc0c-5e7f-4017-aafb-6f835a0d22f4 200 30 ms - 1167
[HTTP] 
[HTTP] --> GET /wd/hub/session/fc8cbc0c-5e7f-4017-aafb-6f835a0d22f4
[HTTP] {}
[HTTP] <-- GET /wd/hub/session/fc8cbc0c-5e7f-4017-aafb-6f835a0d22f4 200 37 ms - 1167
[HTTP] 
[HTTP] --> GET /wd/hub/session/fc8cbc0c-5e7f-4017-aafb-6f835a0d22f4
[HTTP] {}
[HTTP] <-- GET /wd/hub/session/fc8cbc0c-5e7f-4017-aafb-6f835a0d22f4 200 39 ms - 1167
[HTTP] 
[HTTP] --> GET /wd/hub/session/fc8cbc0c-5e7f-4017-aafb-6f835a0d22f4/element/aba73465-a088-4916-9600-a63213faf14d/location
[HTTP] {}
[W3C] Driver proxy active, passing request on via HTTP proxy
[JSONWP Proxy] Replacing sessionId dce90fef-ecf9-4d91-9fd3-a99ee82a8849 with fc8cbc0c-5e7f-4017-aafb-6f835a0d22f4
[HTTP] <-- GET /wd/hub/session/fc8cbc0c-5e7f-4017-aafb-6f835a0d22f4/element/aba73465-a088-4916-9600-a63213faf14d/location 200 76 ms - 88
[HTTP] 
[HTTP] --> GET /wd/hub/session/fc8cbc0c-5e7f-4017-aafb-6f835a0d22f4/element/aba73465-a088-4916-9600-a63213faf14d/text
[HTTP] {}
[W3C] Driver proxy active, passing request on via HTTP proxy
[JSONWP Proxy] Replacing sessionId dce90fef-ecf9-4d91-9fd3-a99ee82a8849 with fc8cbc0c-5e7f-4017-aafb-6f835a0d22f4
[HTTP] <-- GET /wd/hub/session/fc8cbc0c-5e7f-4017-aafb-6f835a0d22f4/element/aba73465-a088-4916-9600-a63213faf14d/text 200 140 ms - 116
[HTTP] 
[HTTP] --> GET /wd/hub/session/fc8cbc0c-5e7f-4017-aafb-6f835a0d22f4/window/current/size
[HTTP] {}
[W3C] Driver proxy active, passing request on via HTTP proxy
[JSONWP Proxy] Replacing sessionId dce90fef-ecf9-4d91-9fd3-a99ee82a8849 with fc8cbc0c-5e7f-4017-aafb-6f835a0d22f4
[HTTP] <-- GET /wd/hub/session/fc8cbc0c-5e7f-4017-aafb-6f835a0d22f4/window/current/size 200 31 ms - 100
[HTTP] 
[HTTP] --> POST /wd/hub/session/fc8cbc0c-5e7f-4017-aafb-6f835a0d22f4/elements
[HTTP] {"using":"-android uiautomator","value":"new UiSelector().className(\"android.widget.ImageView\").resourceId(\"id.co.fundtastic.client:id/checklist\").instance(6)"}
[HTTP] <-- POST /wd/hub/session/fc8cbc0c-5e7f-4017-aafb-6f835a0d22f4/elements 200 63 ms - 74
[HTTP] 
[HTTP] --> POST /wd/hub/session/fc8cbc0c-5e7f-4017-aafb-6f835a0d22f4/elements
[HTTP] {"using":"-android uiautomator","value":"new UiSelector().className(\"android.widget.ImageView\").resourceId(\"id.co.fundtastic.client:id/checklist\").instance(6)"}
[HTTP] <-- POST /wd/hub/session/fc8cbc0c-5e7f-4017-aafb-6f835a0d22f4/elements 200 89 ms - 74
[HTTP] 
[HTTP] --> POST /wd/hub/session/fc8cbc0c-5e7f-4017-aafb-6f835a0d22f4/elements
[HTTP] {"using":"-android uiautomator","value":"new UiSelector().className(\"android.widget.ImageView\").resourceId(\"id.co.fundtastic.client:id/checklist\").instance(6)"}
[HTTP] <-- POST /wd/hub/session/fc8cbc0c-5e7f-4017-aafb-6f835a0d22f4/elements 200 58 ms - 74
[HTTP] 
[HTTP] --> POST /wd/hub/session/fc8cbc0c-5e7f-4017-aafb-6f835a0d22f4/elements
[HTTP] {"using":"-android uiautomator","value":"new UiSelector().className(\"android.widget.ImageView\").resourceId(\"id.co.fundtastic.client:id/checklist\").instance(6)"}
[HTTP] <-- POST /wd/hub/session/fc8cbc0c-5e7f-4017-aafb-6f835a0d22f4/elements 200 164 ms - 74
[HTTP] 
[HTTP] --> POST /wd/hub/session/fc8cbc0c-5e7f-4017-aafb-6f835a0d22f4/elements
[HTTP] {"using":"-android uiautomator","value":"new UiSelector().className(\"android.widget.ImageView\").resourceId(\"id.co.fundtastic.client:id/checklist\").instance(6)"}
[HTTP] <-- POST /wd/hub/session/fc8cbc0c-5e7f-4017-aafb-6f835a0d22f4/elements 200 97 ms - 74
[HTTP] 
[HTTP] --> POST /wd/hub/session/fc8cbc0c-5e7f-4017-aafb-6f835a0d22f4/elements
[HTTP] {"using":"-android uiautomator","value":"new UiSelector().className(\"android.widget.ImageView\").resourceId(\"id.co.fundtastic.client:id/checklist\").instance(6)"}
[HTTP] <-- POST /wd/hub/session/fc8cbc0c-5e7f-4017-aafb-6f835a0d22f4/elements 200 46 ms - 74
[HTTP] 
[HTTP] --> POST /wd/hub/session/fc8cbc0c-5e7f-4017-aafb-6f835a0d22f4/elements
[HTTP] {"using":"-android uiautomator","value":"new UiSelector().className(\"android.widget.ImageView\").resourceId(\"id.co.fundtastic.client:id/checklist\").instance(6)"}
[HTTP] <-- POST /wd/hub/session/fc8cbc0c-5e7f-4017-aafb-6f835a0d22f4/elements 200 42 ms - 74
[HTTP] 
[HTTP] --> POST /wd/hub/session/fc8cbc0c-5e7f-4017-aafb-6f835a0d22f4/elements
[HTTP] {"using":"-android uiautomator","value":"new UiSelector().className(\"android.widget.ImageView\").resourceId(\"id.co.fundtastic.client:id/checklist\").instance(6)"}
[HTTP] <-- POST /wd/hub/session/fc8cbc0c-5e7f-4017-aafb-6f835a0d22f4/elements 200 47 ms - 74
[HTTP] 
[HTTP] --> POST /wd/hub/session/fc8cbc0c-5e7f-4017-aafb-6f835a0d22f4/elements
[HTTP] {"using":"-android uiautomator","value":"new UiSelector().className(\"android.widget.ImageView\").resourceId(\"id.co.fundtastic.client:id/checklist\").instance(6)"}
[HTTP] <-- POST /wd/hub/session/fc8cbc0c-5e7f-4017-aafb-6f835a0d22f4/elements 200 46 ms - 74
[HTTP] 
[HTTP] --> POST /wd/hub/session/fc8cbc0c-5e7f-4017-aafb-6f835a0d22f4/elements
[HTTP] {"using":"-android uiautomator","value":"new UiSelector().className(\"android.widget.ImageView\").resourceId(\"id.co.fundtastic.client:id/checklist\").instance(6)"}
[HTTP] <-- POST /wd/hub/session/fc8cbc0c-5e7f-4017-aafb-6f835a0d22f4/elements 200 1148 ms - 124
[HTTP] 
[HTTP] --> GET /wd/hub/session/fc8cbc0c-5e7f-4017-aafb-6f835a0d22f4
[HTTP] {}
[HTTP] <-- GET /wd/hub/session/fc8cbc0c-5e7f-4017-aafb-6f835a0d22f4 200 19 ms - 1167
[HTTP] 
[HTTP] --> GET /wd/hub/session/fc8cbc0c-5e7f-4017-aafb-6f835a0d22f4
[HTTP] {}
[HTTP] <-- GET /wd/hub/session/fc8cbc0c-5e7f-4017-aafb-6f835a0d22f4 200 17 ms - 1167
[HTTP] 
[HTTP] --> GET /wd/hub/session/fc8cbc0c-5e7f-4017-aafb-6f835a0d22f4
[HTTP] {}
[HTTP] <-- GET /wd/hub/session/fc8cbc0c-5e7f-4017-aafb-6f835a0d22f4 200 19 ms - 1167
[HTTP] 
[HTTP] --> GET /wd/hub/session/fc8cbc0c-5e7f-4017-aafb-6f835a0d22f4
[HTTP] {}
[HTTP] <-- GET /wd/hub/session/fc8cbc0c-5e7f-4017-aafb-6f835a0d22f4 200 41 ms - 1167
[HTTP] 
[HTTP] --> GET /wd/hub/session/fc8cbc0c-5e7f-4017-aafb-6f835a0d22f4/element/9cdefc5a-3690-4f41-9ade-ef1b0e47389f/location
[HTTP] {}
[W3C] Driver proxy active, passing request on via HTTP proxy
[JSONWP Proxy] Replacing sessionId dce90fef-ecf9-4d91-9fd3-a99ee82a8849 with fc8cbc0c-5e7f-4017-aafb-6f835a0d22f4
[HTTP] <-- GET /wd/hub/session/fc8cbc0c-5e7f-4017-aafb-6f835a0d22f4/element/9cdefc5a-3690-4f41-9ade-ef1b0e47389f/location 200 44 ms - 90
[HTTP] 
[HTTP] --> POST /wd/hub/session/fc8cbc0c-5e7f-4017-aafb-6f835a0d22f4/touch/perform
[HTTP] {"actions":[{"action":"tap","options":{"element":"9cdefc5a-3690-4f41-9ade-ef1b0e47389f","x":1,"y":1}}]}
[UiAutomator2] calling get location: 9cdefc5a-3690-4f41-9ade-ef1b0e47389f
[HTTP] <-- POST /wd/hub/session/fc8cbc0c-5e7f-4017-aafb-6f835a0d22f4/touch/perform 200 797 ms - 76
[HTTP] 
[HTTP] --> GET /wd/hub/session/fc8cbc0c-5e7f-4017-aafb-6f835a0d22f4/window/current/size
[HTTP] {}
[W3C] Driver proxy active, passing request on via HTTP proxy
[JSONWP Proxy] Replacing sessionId dce90fef-ecf9-4d91-9fd3-a99ee82a8849 with fc8cbc0c-5e7f-4017-aafb-6f835a0d22f4
[HTTP] <-- GET /wd/hub/session/fc8cbc0c-5e7f-4017-aafb-6f835a0d22f4/window/current/size 200 17 ms - 100
[HTTP] 
[HTTP] --> POST /wd/hub/session/fc8cbc0c-5e7f-4017-aafb-6f835a0d22f4/elements
[HTTP] {"using":"-android uiautomator","value":"new UiSelector().className(\"android.widget.LinearLayout\").instance(4)"}
[HTTP] <-- POST /wd/hub/session/fc8cbc0c-5e7f-4017-aafb-6f835a0d22f4/elements 200 47 ms - 124
[HTTP] 
[HTTP] --> GET /wd/hub/session/fc8cbc0c-5e7f-4017-aafb-6f835a0d22f4
[HTTP] {}
[HTTP] <-- GET /wd/hub/session/fc8cbc0c-5e7f-4017-aafb-6f835a0d22f4 200 24 ms - 1167
[HTTP] 
[HTTP] --> GET /wd/hub/session/fc8cbc0c-5e7f-4017-aafb-6f835a0d22f4
[HTTP] {}
[HTTP] <-- GET /wd/hub/session/fc8cbc0c-5e7f-4017-aafb-6f835a0d22f4 200 18 ms - 1167
[HTTP] 
[HTTP] --> GET /wd/hub/session/fc8cbc0c-5e7f-4017-aafb-6f835a0d22f4
[HTTP] {}
[HTTP] <-- GET /wd/hub/session/fc8cbc0c-5e7f-4017-aafb-6f835a0d22f4 200 18 ms - 1167
[HTTP] 
[HTTP] --> GET /wd/hub/session/fc8cbc0c-5e7f-4017-aafb-6f835a0d22f4
[HTTP] {}
[HTTP] <-- GET /wd/hub/session/fc8cbc0c-5e7f-4017-aafb-6f835a0d22f4 200 14 ms - 1167
[HTTP] 
[HTTP] --> GET /wd/hub/session/fc8cbc0c-5e7f-4017-aafb-6f835a0d22f4/element/c2498e7c-e09f-43e1-8fd9-6f7b2df83edc/location
[HTTP] {}
[W3C] Driver proxy active, passing request on via HTTP proxy
[JSONWP Proxy] Replacing sessionId dce90fef-ecf9-4d91-9fd3-a99ee82a8849 with fc8cbc0c-5e7f-4017-aafb-6f835a0d22f4
[HTTP] <-- GET /wd/hub/session/fc8cbc0c-5e7f-4017-aafb-6f835a0d22f4/element/c2498e7c-e09f-43e1-8fd9-6f7b2df83edc/location 200 41 ms - 87
[HTTP] 
[HTTP] --> POST /wd/hub/session/fc8cbc0c-5e7f-4017-aafb-6f835a0d22f4/touch/perform
[HTTP] {"actions":[{"action":"tap","options":{"element":"c2498e7c-e09f-43e1-8fd9-6f7b2df83edc","x":1,"y":1}}]}
[UiAutomator2] calling get location: c2498e7c-e09f-43e1-8fd9-6f7b2df83edc
[HTTP] <-- POST /wd/hub/session/fc8cbc0c-5e7f-4017-aafb-6f835a0d22f4/touch/perform 200 1161 ms - 76
[HTTP] 
[HTTP] --> GET /wd/hub/session/fc8cbc0c-5e7f-4017-aafb-6f835a0d22f4/context
[HTTP] {}
[HTTP] <-- GET /wd/hub/session/fc8cbc0c-5e7f-4017-aafb-6f835a0d22f4/context 200 3 ms - 84
[HTTP] 
[HTTP] --> GET /wd/hub/session/fc8cbc0c-5e7f-4017-aafb-6f835a0d22f4/contexts
[HTTP] {}
[HTTP] <-- GET /wd/hub/session/fc8cbc0c-5e7f-4017-aafb-6f835a0d22f4/contexts 200 36 ms - 127
[HTTP] 
[HTTP] --> POST /wd/hub/session/fc8cbc0c-5e7f-4017-aafb-6f835a0d22f4/context
[HTTP] {"name":"NATIVE_APP"}
[HTTP] <-- POST /wd/hub/session/fc8cbc0c-5e7f-4017-aafb-6f835a0d22f4/context 200 44 ms - 76
[HTTP] 
[HTTP] --> POST /wd/hub/session/fc8cbc0c-5e7f-4017-aafb-6f835a0d22f4/touch/perform
[HTTP] {"actions":[{"action":"press","options":{"x":800,"y":1000}},{"action":"wait","options":{"ms":500}},{"action":"moveTo","options":{"x":10,"y":800}}]}
[HTTP] <-- POST /wd/hub/session/fc8cbc0c-5e7f-4017-aafb-6f835a0d22f4/touch/perform 200 2057 ms - 76
[HTTP] 
[HTTP] --> POST /wd/hub/session/fc8cbc0c-5e7f-4017-aafb-6f835a0d22f4/context
[HTTP] {"name":"NATIVE_APP"}
[HTTP] <-- POST /wd/hub/session/fc8cbc0c-5e7f-4017-aafb-6f835a0d22f4/context 200 36 ms - 76
[HTTP] 
[HTTP] --> GET /wd/hub/session/fc8cbc0c-5e7f-4017-aafb-6f835a0d22f4/window/current/size
[HTTP] {}
[W3C] Driver proxy active, passing request on via HTTP proxy
[JSONWP Proxy] Replacing sessionId dce90fef-ecf9-4d91-9fd3-a99ee82a8849 with fc8cbc0c-5e7f-4017-aafb-6f835a0d22f4
[HTTP] <-- GET /wd/hub/session/fc8cbc0c-5e7f-4017-aafb-6f835a0d22f4/window/current/size 200 17 ms - 100
[HTTP] 
[HTTP] --> POST /wd/hub/session/fc8cbc0c-5e7f-4017-aafb-6f835a0d22f4/elements
[HTTP] {"using":"-android uiautomator","value":"new UiSelector().className(\"android.widget.LinearLayout\").instance(4)"}
[HTTP] <-- POST /wd/hub/session/fc8cbc0c-5e7f-4017-aafb-6f835a0d22f4/elements 200 146 ms - 124
[HTTP] 
[HTTP] --> GET /wd/hub/session/fc8cbc0c-5e7f-4017-aafb-6f835a0d22f4
[HTTP] {}
[HTTP] <-- GET /wd/hub/session/fc8cbc0c-5e7f-4017-aafb-6f835a0d22f4 200 15 ms - 1284
[HTTP] 
[HTTP] --> GET /wd/hub/session/fc8cbc0c-5e7f-4017-aafb-6f835a0d22f4
[HTTP] {}
[HTTP] <-- GET /wd/hub/session/fc8cbc0c-5e7f-4017-aafb-6f835a0d22f4 200 13 ms - 1284
[HTTP] 
[HTTP] --> GET /wd/hub/session/fc8cbc0c-5e7f-4017-aafb-6f835a0d22f4
[HTTP] {}
[HTTP] <-- GET /wd/hub/session/fc8cbc0c-5e7f-4017-aafb-6f835a0d22f4 200 16 ms - 1284
[HTTP] 
[HTTP] --> GET /wd/hub/session/fc8cbc0c-5e7f-4017-aafb-6f835a0d22f4
[HTTP] {}
[HTTP] <-- GET /wd/hub/session/fc8cbc0c-5e7f-4017-aafb-6f835a0d22f4 200 84 ms - 1284
[HTTP] 
[HTTP] --> GET /wd/hub/session/fc8cbc0c-5e7f-4017-aafb-6f835a0d22f4/element/b1eaf6dc-afb3-4380-b163-fbe33cc6e1fa/location
[HTTP] {}
[W3C] Driver proxy active, passing request on via HTTP proxy
[JSONWP Proxy] Replacing sessionId dce90fef-ecf9-4d91-9fd3-a99ee82a8849 with fc8cbc0c-5e7f-4017-aafb-6f835a0d22f4
[HTTP] <-- GET /wd/hub/session/fc8cbc0c-5e7f-4017-aafb-6f835a0d22f4/element/b1eaf6dc-afb3-4380-b163-fbe33cc6e1fa/location 200 25 ms - 87
[HTTP] 
[HTTP] --> POST /wd/hub/session/fc8cbc0c-5e7f-4017-aafb-6f835a0d22f4/touch/perform
[HTTP] {"actions":[{"action":"tap","options":{"element":"b1eaf6dc-afb3-4380-b163-fbe33cc6e1fa","x":1,"y":1}}]}
[UiAutomator2] calling get location: b1eaf6dc-afb3-4380-b163-fbe33cc6e1fa
[HTTP] <-- POST /wd/hub/session/fc8cbc0c-5e7f-4017-aafb-6f835a0d22f4/touch/perform 200 1056 ms - 76
[HTTP] 
[HTTP] --> GET /wd/hub/session/fc8cbc0c-5e7f-4017-aafb-6f835a0d22f4/context
[HTTP] {}
[HTTP] <-- GET /wd/hub/session/fc8cbc0c-5e7f-4017-aafb-6f835a0d22f4/context 200 2 ms - 84
[HTTP] 
[HTTP] --> GET /wd/hub/session/fc8cbc0c-5e7f-4017-aafb-6f835a0d22f4/contexts
[HTTP] {}
[HTTP] <-- GET /wd/hub/session/fc8cbc0c-5e7f-4017-aafb-6f835a0d22f4/contexts 200 64 ms - 127
[HTTP] 
[HTTP] --> POST /wd/hub/session/fc8cbc0c-5e7f-4017-aafb-6f835a0d22f4/context
[HTTP] {"name":"NATIVE_APP"}
[HTTP] <-- POST /wd/hub/session/fc8cbc0c-5e7f-4017-aafb-6f835a0d22f4/context 200 45 ms - 76
[HTTP] 
[HTTP] --> POST /wd/hub/session/fc8cbc0c-5e7f-4017-aafb-6f835a0d22f4/touch/perform
[HTTP] {"actions":[{"action":"press","options":{"x":800,"y":1000}},{"action":"wait","options":{"ms":500}},{"action":"moveTo","options":{"x":10,"y":800}}]}
[HTTP] <-- POST /wd/hub/session/fc8cbc0c-5e7f-4017-aafb-6f835a0d22f4/touch/perform 200 2076 ms - 76
[HTTP] 
[HTTP] --> POST /wd/hub/session/fc8cbc0c-5e7f-4017-aafb-6f835a0d22f4/context
[HTTP] {"name":"NATIVE_APP"}
[HTTP] <-- POST /wd/hub/session/fc8cbc0c-5e7f-4017-aafb-6f835a0d22f4/context 200 30 ms - 76
[HTTP] 
[HTTP] --> GET /wd/hub/session/fc8cbc0c-5e7f-4017-aafb-6f835a0d22f4/window/current/size
[HTTP] {}
[W3C] Driver proxy active, passing request on via HTTP proxy
[JSONWP Proxy] Replacing sessionId dce90fef-ecf9-4d91-9fd3-a99ee82a8849 with fc8cbc0c-5e7f-4017-aafb-6f835a0d22f4
[HTTP] <-- GET /wd/hub/session/fc8cbc0c-5e7f-4017-aafb-6f835a0d22f4/window/current/size 200 18 ms - 100
[HTTP] 
[HTTP] --> POST /wd/hub/session/fc8cbc0c-5e7f-4017-aafb-6f835a0d22f4/elements
[HTTP] {"using":"-android uiautomator","value":"new UiSelector().className(\"android.widget.LinearLayout\").instance(4)"}
[HTTP] <-- POST /wd/hub/session/fc8cbc0c-5e7f-4017-aafb-6f835a0d22f4/elements 200 94 ms - 124
[HTTP] 
[HTTP] --> GET /wd/hub/session/fc8cbc0c-5e7f-4017-aafb-6f835a0d22f4
[HTTP] {}
[HTTP] <-- GET /wd/hub/session/fc8cbc0c-5e7f-4017-aafb-6f835a0d22f4 200 14 ms - 1284
[HTTP] 
[HTTP] --> GET /wd/hub/session/fc8cbc0c-5e7f-4017-aafb-6f835a0d22f4
[HTTP] {}
[HTTP] <-- GET /wd/hub/session/fc8cbc0c-5e7f-4017-aafb-6f835a0d22f4 200 22 ms - 1284
[HTTP] 
[HTTP] --> GET /wd/hub/session/fc8cbc0c-5e7f-4017-aafb-6f835a0d22f4
[HTTP] {}
[HTTP] <-- GET /wd/hub/session/fc8cbc0c-5e7f-4017-aafb-6f835a0d22f4 200 14 ms - 1284
[HTTP] 
[HTTP] --> GET /wd/hub/session/fc8cbc0c-5e7f-4017-aafb-6f835a0d22f4
[HTTP] {}
[HTTP] <-- GET /wd/hub/session/fc8cbc0c-5e7f-4017-aafb-6f835a0d22f4 200 13 ms - 1284
[HTTP] 
[HTTP] --> GET /wd/hub/session/fc8cbc0c-5e7f-4017-aafb-6f835a0d22f4/element/d2ad1207-81e6-4514-9554-7a9dafe33a55/location
[HTTP] {}
[W3C] Driver proxy active, passing request on via HTTP proxy
[JSONWP Proxy] Replacing sessionId dce90fef-ecf9-4d91-9fd3-a99ee82a8849 with fc8cbc0c-5e7f-4017-aafb-6f835a0d22f4
[HTTP] <-- GET /wd/hub/session/fc8cbc0c-5e7f-4017-aafb-6f835a0d22f4/element/d2ad1207-81e6-4514-9554-7a9dafe33a55/location 200 20 ms - 87
[HTTP] 
[HTTP] --> POST /wd/hub/session/fc8cbc0c-5e7f-4017-aafb-6f835a0d22f4/touch/perform
[HTTP] {"actions":[{"action":"tap","options":{"element":"d2ad1207-81e6-4514-9554-7a9dafe33a55","x":1,"y":1}}]}
[UiAutomator2] calling get location: d2ad1207-81e6-4514-9554-7a9dafe33a55
[HTTP] <-- POST /wd/hub/session/fc8cbc0c-5e7f-4017-aafb-6f835a0d22f4/touch/perform 200 1092 ms - 76
[HTTP] 
[HTTP] --> GET /wd/hub/session/fc8cbc0c-5e7f-4017-aafb-6f835a0d22f4/context
[HTTP] {}
[HTTP] <-- GET /wd/hub/session/fc8cbc0c-5e7f-4017-aafb-6f835a0d22f4/context 200 3 ms - 84
[HTTP] 
[HTTP] --> GET /wd/hub/session/fc8cbc0c-5e7f-4017-aafb-6f835a0d22f4/contexts
[HTTP] {}
[HTTP] <-- GET /wd/hub/session/fc8cbc0c-5e7f-4017-aafb-6f835a0d22f4/contexts 200 32 ms - 127
[HTTP] 
[HTTP] --> POST /wd/hub/session/fc8cbc0c-5e7f-4017-aafb-6f835a0d22f4/context
[HTTP] {"name":"NATIVE_APP"}
[HTTP] <-- POST /wd/hub/session/fc8cbc0c-5e7f-4017-aafb-6f835a0d22f4/context 200 34 ms - 76
[HTTP] 
[HTTP] --> POST /wd/hub/session/fc8cbc0c-5e7f-4017-aafb-6f835a0d22f4/touch/perform
[HTTP] {"actions":[{"action":"press","options":{"x":800,"y":1000}},{"action":"wait","options":{"ms":500}},{"action":"moveTo","options":{"x":10,"y":800}}]}
[HTTP] <-- POST /wd/hub/session/fc8cbc0c-5e7f-4017-aafb-6f835a0d22f4/touch/perform 200 2071 ms - 76
[HTTP] 
[HTTP] --> POST /wd/hub/session/fc8cbc0c-5e7f-4017-aafb-6f835a0d22f4/context
[HTTP] {"name":"NATIVE_APP"}
[HTTP] <-- POST /wd/hub/session/fc8cbc0c-5e7f-4017-aafb-6f835a0d22f4/context 200 83 ms - 76
[HTTP] 
[HTTP] --> GET /wd/hub/session/fc8cbc0c-5e7f-4017-aafb-6f835a0d22f4/window/current/size
[HTTP] {}
[W3C] Driver proxy active, passing request on via HTTP proxy
[JSONWP Proxy] Replacing sessionId dce90fef-ecf9-4d91-9fd3-a99ee82a8849 with fc8cbc0c-5e7f-4017-aafb-6f835a0d22f4
[HTTP] <-- GET /wd/hub/session/fc8cbc0c-5e7f-4017-aafb-6f835a0d22f4/window/current/size 200 31 ms - 100
[HTTP] 
[HTTP] --> POST /wd/hub/session/fc8cbc0c-5e7f-4017-aafb-6f835a0d22f4/elements
[HTTP] {"using":"-android uiautomator","value":"new UiSelector().className(\"android.widget.LinearLayout\").instance(4)"}
[HTTP] <-- POST /wd/hub/session/fc8cbc0c-5e7f-4017-aafb-6f835a0d22f4/elements 200 124 ms - 124
[HTTP] 
[HTTP] --> GET /wd/hub/session/fc8cbc0c-5e7f-4017-aafb-6f835a0d22f4
[HTTP] {}
[HTTP] <-- GET /wd/hub/session/fc8cbc0c-5e7f-4017-aafb-6f835a0d22f4 200 46 ms - 1167
[HTTP] 
[HTTP] --> GET /wd/hub/session/fc8cbc0c-5e7f-4017-aafb-6f835a0d22f4
[HTTP] {}
[HTTP] <-- GET /wd/hub/session/fc8cbc0c-5e7f-4017-aafb-6f835a0d22f4 200 53 ms - 1167
[HTTP] 
[HTTP] --> GET /wd/hub/session/fc8cbc0c-5e7f-4017-aafb-6f835a0d22f4
[HTTP] {}
[HTTP] <-- GET /wd/hub/session/fc8cbc0c-5e7f-4017-aafb-6f835a0d22f4 200 53 ms - 1167
[HTTP] 
[HTTP] --> GET /wd/hub/session/fc8cbc0c-5e7f-4017-aafb-6f835a0d22f4
[HTTP] {}
[HTTP] <-- GET /wd/hub/session/fc8cbc0c-5e7f-4017-aafb-6f835a0d22f4 200 55 ms - 1167
[HTTP] 
[HTTP] --> GET /wd/hub/session/fc8cbc0c-5e7f-4017-aafb-6f835a0d22f4/element/e0ad800e-1365-4fd0-8e58-74d9d7c4a18e/location
[HTTP] {}
[W3C] Driver proxy active, passing request on via HTTP proxy
[JSONWP Proxy] Replacing sessionId dce90fef-ecf9-4d91-9fd3-a99ee82a8849 with fc8cbc0c-5e7f-4017-aafb-6f835a0d22f4
[HTTP] <-- GET /wd/hub/session/fc8cbc0c-5e7f-4017-aafb-6f835a0d22f4/element/e0ad800e-1365-4fd0-8e58-74d9d7c4a18e/location 200 104 ms - 88
[HTTP] 
[HTTP] --> POST /wd/hub/session/fc8cbc0c-5e7f-4017-aafb-6f835a0d22f4/touch/perform
[HTTP] {"actions":[{"action":"tap","options":{"element":"e0ad800e-1365-4fd0-8e58-74d9d7c4a18e","x":1,"y":1}}]}
[UiAutomator2] calling get location: e0ad800e-1365-4fd0-8e58-74d9d7c4a18e
[HTTP] <-- POST /wd/hub/session/fc8cbc0c-5e7f-4017-aafb-6f835a0d22f4/touch/perform 200 3276 ms - 76
[HTTP] 
[HTTP] --> GET /wd/hub/session/fc8cbc0c-5e7f-4017-aafb-6f835a0d22f4/context
[HTTP] {}
[HTTP] <-- GET /wd/hub/session/fc8cbc0c-5e7f-4017-aafb-6f835a0d22f4/context 200 4 ms - 84
[HTTP] 
[HTTP] --> GET /wd/hub/session/fc8cbc0c-5e7f-4017-aafb-6f835a0d22f4/contexts
[HTTP] {}
[HTTP] <-- GET /wd/hub/session/fc8cbc0c-5e7f-4017-aafb-6f835a0d22f4/contexts 200 52 ms - 127
[HTTP] 
[HTTP] --> POST /wd/hub/session/fc8cbc0c-5e7f-4017-aafb-6f835a0d22f4/context
[HTTP] {"name":"NATIVE_APP"}
[HTTP] <-- POST /wd/hub/session/fc8cbc0c-5e7f-4017-aafb-6f835a0d22f4/context 200 56 ms - 76
[HTTP] 
[HTTP] --> POST /wd/hub/session/fc8cbc0c-5e7f-4017-aafb-6f835a0d22f4/touch/perform
[HTTP] {"actions":[{"action":"press","options":{"x":800,"y":1000}},{"action":"wait","options":{"ms":500}},{"action":"moveTo","options":{"x":10,"y":800}}]}
[HTTP] <-- POST /wd/hub/session/fc8cbc0c-5e7f-4017-aafb-6f835a0d22f4/touch/perform 200 2069 ms - 76
[HTTP] 
[HTTP] --> POST /wd/hub/session/fc8cbc0c-5e7f-4017-aafb-6f835a0d22f4/context
[HTTP] {"name":"NATIVE_APP"}
[HTTP] <-- POST /wd/hub/session/fc8cbc0c-5e7f-4017-aafb-6f835a0d22f4/context 200 76 ms - 76
[HTTP] 
[HTTP] --> GET /wd/hub/session/fc8cbc0c-5e7f-4017-aafb-6f835a0d22f4/window/current/size
[HTTP] {}
[W3C] Driver proxy active, passing request on via HTTP proxy
[JSONWP Proxy] Replacing sessionId dce90fef-ecf9-4d91-9fd3-a99ee82a8849 with fc8cbc0c-5e7f-4017-aafb-6f835a0d22f4
[HTTP] <-- GET /wd/hub/session/fc8cbc0c-5e7f-4017-aafb-6f835a0d22f4/window/current/size 200 56 ms - 100
[HTTP] 
[HTTP] --> POST /wd/hub/session/fc8cbc0c-5e7f-4017-aafb-6f835a0d22f4/elements
[HTTP] {"using":"-android uiautomator","value":"new UiSelector().className(\"android.widget.EditText\").text(\"No Handphone\").resourceId(\"id.co.fundtastic.client:id/et_phone\").instance(0)"}
[HTTP] <-- POST /wd/hub/session/fc8cbc0c-5e7f-4017-aafb-6f835a0d22f4/elements 200 117 ms - 124
[HTTP] 
[HTTP] --> GET /wd/hub/session/fc8cbc0c-5e7f-4017-aafb-6f835a0d22f4
[HTTP] {}
[HTTP] <-- GET /wd/hub/session/fc8cbc0c-5e7f-4017-aafb-6f835a0d22f4 200 34 ms - 1167
[HTTP] 
[HTTP] --> GET /wd/hub/session/fc8cbc0c-5e7f-4017-aafb-6f835a0d22f4
[HTTP] {}
[HTTP] <-- GET /wd/hub/session/fc8cbc0c-5e7f-4017-aafb-6f835a0d22f4 200 39 ms - 1167
[HTTP] 
[HTTP] --> GET /wd/hub/session/fc8cbc0c-5e7f-4017-aafb-6f835a0d22f4
[HTTP] {}
[HTTP] <-- GET /wd/hub/session/fc8cbc0c-5e7f-4017-aafb-6f835a0d22f4 200 65 ms - 1167
[HTTP] 
[HTTP] --> GET /wd/hub/session/fc8cbc0c-5e7f-4017-aafb-6f835a0d22f4
[HTTP] {}
[HTTP] <-- GET /wd/hub/session/fc8cbc0c-5e7f-4017-aafb-6f835a0d22f4 200 41 ms - 1167
[HTTP] 
[HTTP] --> GET /wd/hub/session/fc8cbc0c-5e7f-4017-aafb-6f835a0d22f4/element/e945a11e-cb4f-4709-8108-f8deb61253bb/location
[HTTP] {}
[W3C] Driver proxy active, passing request on via HTTP proxy
[JSONWP Proxy] Replacing sessionId dce90fef-ecf9-4d91-9fd3-a99ee82a8849 with fc8cbc0c-5e7f-4017-aafb-6f835a0d22f4
[HTTP] <-- GET /wd/hub/session/fc8cbc0c-5e7f-4017-aafb-6f835a0d22f4/element/e945a11e-cb4f-4709-8108-f8deb61253bb/location 200 67 ms - 88
[HTTP] 
[HTTP] --> POST /wd/hub/session/fc8cbc0c-5e7f-4017-aafb-6f835a0d22f4/element/e945a11e-cb4f-4709-8108-f8deb61253bb/clear
[HTTP] {"id":"e945a11e-cb4f-4709-8108-f8deb61253bb"}
[HTTP] <-- POST /wd/hub/session/fc8cbc0c-5e7f-4017-aafb-6f835a0d22f4/element/e945a11e-cb4f-4709-8108-f8deb61253bb/clear 200 125 ms - 89
[HTTP] 
[HTTP] --> POST /wd/hub/session/fc8cbc0c-5e7f-4017-aafb-6f835a0d22f4/element/e945a11e-cb4f-4709-8108-f8deb61253bb/value
[HTTP] {"id":"e945a11e-cb4f-4709-8108-f8deb61253bb","value":["081215161452"]}
[HTTP] <-- POST /wd/hub/session/fc8cbc0c-5e7f-4017-aafb-6f835a0d22f4/element/e945a11e-cb4f-4709-8108-f8deb61253bb/value 200 1155 ms - 74
[HTTP] 
[HTTP] --> GET /wd/hub/session/fc8cbc0c-5e7f-4017-aafb-6f835a0d22f4/window/current/size
[HTTP] {}
[W3C] Driver proxy active, passing request on via HTTP proxy
[JSONWP Proxy] Replacing sessionId dce90fef-ecf9-4d91-9fd3-a99ee82a8849 with fc8cbc0c-5e7f-4017-aafb-6f835a0d22f4
[HTTP] <-- GET /wd/hub/session/fc8cbc0c-5e7f-4017-aafb-6f835a0d22f4/window/current/size 200 26 ms - 100
[HTTP] 
[HTTP] --> POST /wd/hub/session/fc8cbc0c-5e7f-4017-aafb-6f835a0d22f4/elements
[HTTP] {"using":"-android uiautomator","value":"new UiSelector().className(\"android.widget.Button\").text(\"MASUK\").resourceId(\"id.co.fundtastic.client:id/btnLogin\").instance(0)"}
[HTTP] <-- POST /wd/hub/session/fc8cbc0c-5e7f-4017-aafb-6f835a0d22f4/elements 200 474 ms - 124
[HTTP] 
[HTTP] --> GET /wd/hub/session/fc8cbc0c-5e7f-4017-aafb-6f835a0d22f4
[HTTP] {}
[HTTP] <-- GET /wd/hub/session/fc8cbc0c-5e7f-4017-aafb-6f835a0d22f4 200 12 ms - 1167
[HTTP] 
[HTTP] --> GET /wd/hub/session/fc8cbc0c-5e7f-4017-aafb-6f835a0d22f4
[HTTP] {}
[HTTP] <-- GET /wd/hub/session/fc8cbc0c-5e7f-4017-aafb-6f835a0d22f4 200 12 ms - 1167
[HTTP] 
[HTTP] --> GET /wd/hub/session/fc8cbc0c-5e7f-4017-aafb-6f835a0d22f4
[HTTP] {}
[HTTP] <-- GET /wd/hub/session/fc8cbc0c-5e7f-4017-aafb-6f835a0d22f4 200 11 ms - 1167
[HTTP] 
[HTTP] --> GET /wd/hub/session/fc8cbc0c-5e7f-4017-aafb-6f835a0d22f4
[HTTP] {}
[HTTP] <-- GET /wd/hub/session/fc8cbc0c-5e7f-4017-aafb-6f835a0d22f4 200 12 ms - 1167
[HTTP] 
[HTTP] --> GET /wd/hub/session/fc8cbc0c-5e7f-4017-aafb-6f835a0d22f4/element/ec18f47a-1038-4d5b-be57-a0c4552ed30a/location
[HTTP] {}
[W3C] Driver proxy active, passing request on via HTTP proxy
[JSONWP Proxy] Replacing sessionId dce90fef-ecf9-4d91-9fd3-a99ee82a8849 with fc8cbc0c-5e7f-4017-aafb-6f835a0d22f4
[HTTP] <-- GET /wd/hub/session/fc8cbc0c-5e7f-4017-aafb-6f835a0d22f4/element/ec18f47a-1038-4d5b-be57-a0c4552ed30a/location 200 22 ms - 88
[HTTP] 
[HTTP] --> POST /wd/hub/session/fc8cbc0c-5e7f-4017-aafb-6f835a0d22f4/touch/perform
[HTTP] {"actions":[{"action":"tap","options":{"element":"ec18f47a-1038-4d5b-be57-a0c4552ed30a","x":1,"y":1}}]}
[UiAutomator2] calling get location: ec18f47a-1038-4d5b-be57-a0c4552ed30a
[HTTP] <-- POST /wd/hub/session/fc8cbc0c-5e7f-4017-aafb-6f835a0d22f4/touch/perform 200 785 ms - 76
[HTTP] 
[HTTP] --> GET /wd/hub/session/fc8cbc0c-5e7f-4017-aafb-6f835a0d22f4/window/current/size
[HTTP] {}
[W3C] Driver proxy active, passing request on via HTTP proxy
[JSONWP Proxy] Replacing sessionId dce90fef-ecf9-4d91-9fd3-a99ee82a8849 with fc8cbc0c-5e7f-4017-aafb-6f835a0d22f4
[HTTP] <-- GET /wd/hub/session/fc8cbc0c-5e7f-4017-aafb-6f835a0d22f4/window/current/size 200 19 ms - 100
[HTTP] 
[HTTP] --> POST /wd/hub/session/fc8cbc0c-5e7f-4017-aafb-6f835a0d22f4/elements
[HTTP] {"using":"-android uiautomator","value":"new UiSelector().className(\"android.widget.TextView\").text(\"Verifikasi Nomor HP\").instance(0)"}
[HTTP] <-- POST /wd/hub/session/fc8cbc0c-5e7f-4017-aafb-6f835a0d22f4/elements 200 362 ms - 124
[HTTP] 
[HTTP] --> GET /wd/hub/session/fc8cbc0c-5e7f-4017-aafb-6f835a0d22f4
[HTTP] {}
[HTTP] <-- GET /wd/hub/session/fc8cbc0c-5e7f-4017-aafb-6f835a0d22f4 200 17 ms - 1167
[HTTP] 
[HTTP] --> GET /wd/hub/session/fc8cbc0c-5e7f-4017-aafb-6f835a0d22f4
[HTTP] {}
[HTTP] <-- GET /wd/hub/session/fc8cbc0c-5e7f-4017-aafb-6f835a0d22f4 200 22 ms - 1167
[HTTP] 
[HTTP] --> GET /wd/hub/session/fc8cbc0c-5e7f-4017-aafb-6f835a0d22f4
[HTTP] {}
[HTTP] <-- GET /wd/hub/session/fc8cbc0c-5e7f-4017-aafb-6f835a0d22f4 200 12 ms - 1167
[HTTP] 
[HTTP] --> GET /wd/hub/session/fc8cbc0c-5e7f-4017-aafb-6f835a0d22f4
[HTTP] {}
[HTTP] <-- GET /wd/hub/session/fc8cbc0c-5e7f-4017-aafb-6f835a0d22f4 200 20 ms - 1167
[HTTP] 
[HTTP] --> GET /wd/hub/session/fc8cbc0c-5e7f-4017-aafb-6f835a0d22f4/element/6aee1094-9c0f-43d7-add4-61dac1dbe5ea/location
[HTTP] {}
[W3C] Driver proxy active, passing request on via HTTP proxy
[JSONWP Proxy] Replacing sessionId dce90fef-ecf9-4d91-9fd3-a99ee82a8849 with fc8cbc0c-5e7f-4017-aafb-6f835a0d22f4
[HTTP] <-- GET /wd/hub/session/fc8cbc0c-5e7f-4017-aafb-6f835a0d22f4/element/6aee1094-9c0f-43d7-add4-61dac1dbe5ea/location 200 22 ms - 89
[HTTP] 
[HTTP] --> GET /wd/hub/session/fc8cbc0c-5e7f-4017-aafb-6f835a0d22f4/element/6aee1094-9c0f-43d7-add4-61dac1dbe5ea/text
[HTTP] {}
[W3C] Driver proxy active, passing request on via HTTP proxy
[JSONWP Proxy] Replacing sessionId dce90fef-ecf9-4d91-9fd3-a99ee82a8849 with fc8cbc0c-5e7f-4017-aafb-6f835a0d22f4
[HTTP] <-- GET /wd/hub/session/fc8cbc0c-5e7f-4017-aafb-6f835a0d22f4/element/6aee1094-9c0f-43d7-add4-61dac1dbe5ea/text 200 22 ms - 93
[HTTP] 
[HTTP] --> GET /wd/hub/session/fc8cbc0c-5e7f-4017-aafb-6f835a0d22f4/window/current/size
[HTTP] {}
[W3C] Driver proxy active, passing request on via HTTP proxy
[JSONWP Proxy] Replacing sessionId dce90fef-ecf9-4d91-9fd3-a99ee82a8849 with fc8cbc0c-5e7f-4017-aafb-6f835a0d22f4
[HTTP] <-- GET /wd/hub/session/fc8cbc0c-5e7f-4017-aafb-6f835a0d22f4/window/current/size 200 20 ms - 100
[HTTP] 
[HTTP] --> POST /wd/hub/session/fc8cbc0c-5e7f-4017-aafb-6f835a0d22f4/elements
[HTTP] {"using":"-android uiautomator","value":"new UiSelector().className(\"android.widget.EditText\").resourceId(\"id.co.fundtastic.client:id/et_otp\").instance(0)"}
[HTTP] <-- POST /wd/hub/session/fc8cbc0c-5e7f-4017-aafb-6f835a0d22f4/elements 200 511 ms - 124
[HTTP] 
[HTTP] --> GET /wd/hub/session/fc8cbc0c-5e7f-4017-aafb-6f835a0d22f4
[HTTP] {}
[HTTP] <-- GET /wd/hub/session/fc8cbc0c-5e7f-4017-aafb-6f835a0d22f4 200 24 ms - 1167
[HTTP] 
[HTTP] --> GET /wd/hub/session/fc8cbc0c-5e7f-4017-aafb-6f835a0d22f4
[HTTP] {}
[HTTP] <-- GET /wd/hub/session/fc8cbc0c-5e7f-4017-aafb-6f835a0d22f4 200 17 ms - 1167
[HTTP] 
[HTTP] --> GET /wd/hub/session/fc8cbc0c-5e7f-4017-aafb-6f835a0d22f4
[HTTP] {}
[HTTP] <-- GET /wd/hub/session/fc8cbc0c-5e7f-4017-aafb-6f835a0d22f4 200 17 ms - 1167
[HTTP] 
[HTTP] --> GET /wd/hub/session/fc8cbc0c-5e7f-4017-aafb-6f835a0d22f4
[HTTP] {}
[HTTP] <-- GET /wd/hub/session/fc8cbc0c-5e7f-4017-aafb-6f835a0d22f4 200 13 ms - 1167
[HTTP] 
[HTTP] --> GET /wd/hub/session/fc8cbc0c-5e7f-4017-aafb-6f835a0d22f4/element/93cf0958-f171-4258-b45b-a720f61e08cd/location
[HTTP] {}
[W3C] Driver proxy active, passing request on via HTTP proxy
[JSONWP Proxy] Replacing sessionId dce90fef-ecf9-4d91-9fd3-a99ee82a8849 with fc8cbc0c-5e7f-4017-aafb-6f835a0d22f4
[HTTP] <-- GET /wd/hub/session/fc8cbc0c-5e7f-4017-aafb-6f835a0d22f4/element/93cf0958-f171-4258-b45b-a720f61e08cd/location 200 33 ms - 89
[HTTP] 
[HTTP] --> POST /wd/hub/session/fc8cbc0c-5e7f-4017-aafb-6f835a0d22f4/touch/perform
[HTTP] {"actions":[{"action":"tap","options":{"element":"93cf0958-f171-4258-b45b-a720f61e08cd","x":1,"y":1}}]}
[UiAutomator2] calling get location: 93cf0958-f171-4258-b45b-a720f61e08cd
[HTTP] <-- POST /wd/hub/session/fc8cbc0c-5e7f-4017-aafb-6f835a0d22f4/touch/perform 200 829 ms - 76
[HTTP] 
[HTTP] --> GET /wd/hub/session/fc8cbc0c-5e7f-4017-aafb-6f835a0d22f4/window/current/size
[HTTP] {}
[W3C] Driver proxy active, passing request on via HTTP proxy
[JSONWP Proxy] Replacing sessionId dce90fef-ecf9-4d91-9fd3-a99ee82a8849 with fc8cbc0c-5e7f-4017-aafb-6f835a0d22f4
[HTTP] <-- GET /wd/hub/session/fc8cbc0c-5e7f-4017-aafb-6f835a0d22f4/window/current/size 200 15 ms - 100
[HTTP] 
[HTTP] --> POST /wd/hub/session/fc8cbc0c-5e7f-4017-aafb-6f835a0d22f4/elements
[HTTP] {"using":"-android uiautomator","value":"new UiSelector().className(\"android.widget.EditText\").resourceId(\"id.co.fundtastic.client:id/et_otp\").instance(0)"}
[HTTP] <-- POST /wd/hub/session/fc8cbc0c-5e7f-4017-aafb-6f835a0d22f4/elements 200 40 ms - 124
[HTTP] 
[HTTP] --> GET /wd/hub/session/fc8cbc0c-5e7f-4017-aafb-6f835a0d22f4
[HTTP] {}
[HTTP] <-- GET /wd/hub/session/fc8cbc0c-5e7f-4017-aafb-6f835a0d22f4 200 31 ms - 1167
[HTTP] 
[HTTP] --> GET /wd/hub/session/fc8cbc0c-5e7f-4017-aafb-6f835a0d22f4
[HTTP] {}
[HTTP] <-- GET /wd/hub/session/fc8cbc0c-5e7f-4017-aafb-6f835a0d22f4 200 33 ms - 1167
[HTTP] 
[HTTP] --> GET /wd/hub/session/fc8cbc0c-5e7f-4017-aafb-6f835a0d22f4
[HTTP] {}
[HTTP] <-- GET /wd/hub/session/fc8cbc0c-5e7f-4017-aafb-6f835a0d22f4 200 26 ms - 1167
[HTTP] 
[HTTP] --> GET /wd/hub/session/fc8cbc0c-5e7f-4017-aafb-6f835a0d22f4
[HTTP] {}
[HTTP] <-- GET /wd/hub/session/fc8cbc0c-5e7f-4017-aafb-6f835a0d22f4 200 16 ms - 1167
[HTTP] 
[HTTP] --> GET /wd/hub/session/fc8cbc0c-5e7f-4017-aafb-6f835a0d22f4/element/70dc6af9-3924-4811-91b5-b2a60994f8b2/location
[HTTP] {}
[W3C] Driver proxy active, passing request on via HTTP proxy
[JSONWP Proxy] Replacing sessionId dce90fef-ecf9-4d91-9fd3-a99ee82a8849 with fc8cbc0c-5e7f-4017-aafb-6f835a0d22f4
[HTTP] <-- GET /wd/hub/session/fc8cbc0c-5e7f-4017-aafb-6f835a0d22f4/element/70dc6af9-3924-4811-91b5-b2a60994f8b2/location 200 20 ms - 89
[HTTP] 
[HTTP] --> POST /wd/hub/session/fc8cbc0c-5e7f-4017-aafb-6f835a0d22f4/element/70dc6af9-3924-4811-91b5-b2a60994f8b2/clear
[HTTP] {"id":"70dc6af9-3924-4811-91b5-b2a60994f8b2"}
[HTTP] <-- POST /wd/hub/session/fc8cbc0c-5e7f-4017-aafb-6f835a0d22f4/element/70dc6af9-3924-4811-91b5-b2a60994f8b2/clear 200 38 ms - 89
[HTTP] 
[HTTP] --> POST /wd/hub/session/fc8cbc0c-5e7f-4017-aafb-6f835a0d22f4/element/70dc6af9-3924-4811-91b5-b2a60994f8b2/value
[HTTP] {"id":"70dc6af9-3924-4811-91b5-b2a60994f8b2","value":["8888"]}
[HTTP] <-- POST /wd/hub/session/fc8cbc0c-5e7f-4017-aafb-6f835a0d22f4/element/70dc6af9-3924-4811-91b5-b2a60994f8b2/value 200 784 ms - 74
[HTTP] 
[HTTP] --> GET /wd/hub/session/fc8cbc0c-5e7f-4017-aafb-6f835a0d22f4/window/current/size
[HTTP] {}
[W3C] Driver proxy active, passing request on via HTTP proxy
[JSONWP Proxy] Replacing sessionId dce90fef-ecf9-4d91-9fd3-a99ee82a8849 with fc8cbc0c-5e7f-4017-aafb-6f835a0d22f4
[HTTP] <-- GET /wd/hub/session/fc8cbc0c-5e7f-4017-aafb-6f835a0d22f4/window/current/size 200 35 ms - 100
[HTTP] 
[HTTP] --> POST /wd/hub/session/fc8cbc0c-5e7f-4017-aafb-6f835a0d22f4/elements
[HTTP] {"using":"-android uiautomator","value":"new UiSelector().className(\"android.widget.Button\").text(\"Verifikasi Sekarang\").resourceId(\"id.co.fundtastic.client:id/btnVerified\").instance(0)"}
[HTTP] <-- POST /wd/hub/session/fc8cbc0c-5e7f-4017-aafb-6f835a0d22f4/elements 200 887 ms - 124
[HTTP] 
[HTTP] --> GET /wd/hub/session/fc8cbc0c-5e7f-4017-aafb-6f835a0d22f4
[HTTP] {}
[HTTP] <-- GET /wd/hub/session/fc8cbc0c-5e7f-4017-aafb-6f835a0d22f4 200 10 ms - 1167
[HTTP] 
[HTTP] --> GET /wd/hub/session/fc8cbc0c-5e7f-4017-aafb-6f835a0d22f4
[HTTP] {}
[HTTP] <-- GET /wd/hub/session/fc8cbc0c-5e7f-4017-aafb-6f835a0d22f4 200 13 ms - 1167
[HTTP] 
[HTTP] --> GET /wd/hub/session/fc8cbc0c-5e7f-4017-aafb-6f835a0d22f4
[HTTP] {}
[HTTP] <-- GET /wd/hub/session/fc8cbc0c-5e7f-4017-aafb-6f835a0d22f4 200 12 ms - 1167
[HTTP] 
[HTTP] --> GET /wd/hub/session/fc8cbc0c-5e7f-4017-aafb-6f835a0d22f4
[HTTP] {}
[HTTP] <-- GET /wd/hub/session/fc8cbc0c-5e7f-4017-aafb-6f835a0d22f4 200 17 ms - 1167
[HTTP] 
[HTTP] --> GET /wd/hub/session/fc8cbc0c-5e7f-4017-aafb-6f835a0d22f4/element/a08a0922-0525-4391-91a5-9573de1a6aac/location
[HTTP] {}
[W3C] Driver proxy active, passing request on via HTTP proxy
[JSONWP Proxy] Replacing sessionId dce90fef-ecf9-4d91-9fd3-a99ee82a8849 with fc8cbc0c-5e7f-4017-aafb-6f835a0d22f4
[HTTP] <-- GET /wd/hub/session/fc8cbc0c-5e7f-4017-aafb-6f835a0d22f4/element/a08a0922-0525-4391-91a5-9573de1a6aac/location 200 25 ms - 88
[HTTP] 
[HTTP] --> POST /wd/hub/session/fc8cbc0c-5e7f-4017-aafb-6f835a0d22f4/touch/perform
[HTTP] {"actions":[{"action":"tap","options":{"element":"a08a0922-0525-4391-91a5-9573de1a6aac","x":1,"y":1}}]}
[UiAutomator2] calling get location: a08a0922-0525-4391-91a5-9573de1a6aac
[HTTP] <-- POST /wd/hub/session/fc8cbc0c-5e7f-4017-aafb-6f835a0d22f4/touch/perform 200 952 ms - 76
[HTTP] 
[HTTP] --> GET /wd/hub/session/fc8cbc0c-5e7f-4017-aafb-6f835a0d22f4/window/current/size
[HTTP] {}
[W3C] Driver proxy active, passing request on via HTTP proxy
[JSONWP Proxy] Replacing sessionId dce90fef-ecf9-4d91-9fd3-a99ee82a8849 with fc8cbc0c-5e7f-4017-aafb-6f835a0d22f4
[HTTP] <-- GET /wd/hub/session/fc8cbc0c-5e7f-4017-aafb-6f835a0d22f4/window/current/size 200 56 ms - 100
[HTTP] 
[HTTP] --> POST /wd/hub/session/fc8cbc0c-5e7f-4017-aafb-6f835a0d22f4/elements
[HTTP] {"using":"-android uiautomator","value":"new UiSelector().className(\"android.widget.ImageView\").instance(3)"}
[HTTP] <-- POST /wd/hub/session/fc8cbc0c-5e7f-4017-aafb-6f835a0d22f4/elements 200 404 ms - 124
[HTTP] 
[HTTP] --> GET /wd/hub/session/fc8cbc0c-5e7f-4017-aafb-6f835a0d22f4
[HTTP] {}
[HTTP] <-- GET /wd/hub/session/fc8cbc0c-5e7f-4017-aafb-6f835a0d22f4 200 12 ms - 1167
[HTTP] 
[HTTP] --> GET /wd/hub/session/fc8cbc0c-5e7f-4017-aafb-6f835a0d22f4
[HTTP] {}
[HTTP] <-- GET /wd/hub/session/fc8cbc0c-5e7f-4017-aafb-6f835a0d22f4 200 13 ms - 1167
[HTTP] 
[HTTP] --> GET /wd/hub/session/fc8cbc0c-5e7f-4017-aafb-6f835a0d22f4
[HTTP] {}
[HTTP] <-- GET /wd/hub/session/fc8cbc0c-5e7f-4017-aafb-6f835a0d22f4 200 15 ms - 1167
[HTTP] 
[HTTP] --> GET /wd/hub/session/fc8cbc0c-5e7f-4017-aafb-6f835a0d22f4
[HTTP] {}
[HTTP] <-- GET /wd/hub/session/fc8cbc0c-5e7f-4017-aafb-6f835a0d22f4 200 12 ms - 1167
[HTTP] 
[HTTP] --> GET /wd/hub/session/fc8cbc0c-5e7f-4017-aafb-6f835a0d22f4/element/4af8a303-0be5-4a1e-a408-934afea5c063/location
[HTTP] {}
[W3C] Driver proxy active, passing request on via HTTP proxy
[JSONWP Proxy] Replacing sessionId dce90fef-ecf9-4d91-9fd3-a99ee82a8849 with fc8cbc0c-5e7f-4017-aafb-6f835a0d22f4
[HTTP] <-- GET /wd/hub/session/fc8cbc0c-5e7f-4017-aafb-6f835a0d22f4/element/4af8a303-0be5-4a1e-a408-934afea5c063/location 200 34 ms - 88
[HTTP] 
[HTTP] --> POST /wd/hub/session/fc8cbc0c-5e7f-4017-aafb-6f835a0d22f4/touch/perform
[HTTP] {"actions":[{"action":"tap","options":{"element":"4af8a303-0be5-4a1e-a408-934afea5c063","x":1,"y":1}}]}
[UiAutomator2] calling get location: 4af8a303-0be5-4a1e-a408-934afea5c063
[HTTP] <-- POST /wd/hub/session/fc8cbc0c-5e7f-4017-aafb-6f835a0d22f4/touch/perform 200 726 ms - 76
[HTTP] 
[HTTP] --> GET /wd/hub/session/fc8cbc0c-5e7f-4017-aafb-6f835a0d22f4/window/current/size
[HTTP] {}
[W3C] Driver proxy active, passing request on via HTTP proxy
[JSONWP Proxy] Replacing sessionId dce90fef-ecf9-4d91-9fd3-a99ee82a8849 with fc8cbc0c-5e7f-4017-aafb-6f835a0d22f4
[HTTP] <-- GET /wd/hub/session/fc8cbc0c-5e7f-4017-aafb-6f835a0d22f4/window/current/size 200 34 ms - 100
[HTTP] 
[HTTP] --> POST /wd/hub/session/fc8cbc0c-5e7f-4017-aafb-6f835a0d22f4/elements
[HTTP] {"using":"-android uiautomator","value":"new UiSelector().className(\"android.widget.LinearLayout\").instance(6)"}
[HTTP] <-- POST /wd/hub/session/fc8cbc0c-5e7f-4017-aafb-6f835a0d22f4/elements 200 1871 ms - 124
[HTTP] 
[HTTP] --> GET /wd/hub/session/fc8cbc0c-5e7f-4017-aafb-6f835a0d22f4
[HTTP] {}
[HTTP] <-- GET /wd/hub/session/fc8cbc0c-5e7f-4017-aafb-6f835a0d22f4 200 14 ms - 1167
[HTTP] 
[HTTP] --> GET /wd/hub/session/fc8cbc0c-5e7f-4017-aafb-6f835a0d22f4
[HTTP] {}
[HTTP] <-- GET /wd/hub/session/fc8cbc0c-5e7f-4017-aafb-6f835a0d22f4 200 11 ms - 1167
[HTTP] 
[HTTP] --> GET /wd/hub/session/fc8cbc0c-5e7f-4017-aafb-6f835a0d22f4
[HTTP] {}
[HTTP] <-- GET /wd/hub/session/fc8cbc0c-5e7f-4017-aafb-6f835a0d22f4 200 14 ms - 1167
[HTTP] 
[HTTP] --> GET /wd/hub/session/fc8cbc0c-5e7f-4017-aafb-6f835a0d22f4
[HTTP] {}
[HTTP] <-- GET /wd/hub/session/fc8cbc0c-5e7f-4017-aafb-6f835a0d22f4 200 10 ms - 1167
[HTTP] 
[HTTP] --> GET /wd/hub/session/fc8cbc0c-5e7f-4017-aafb-6f835a0d22f4/element/a61c9b47-d313-4b24-88b9-2c768ffeb483/location
[HTTP] {}
[W3C] Driver proxy active, passing request on via HTTP proxy
[JSONWP Proxy] Replacing sessionId dce90fef-ecf9-4d91-9fd3-a99ee82a8849 with fc8cbc0c-5e7f-4017-aafb-6f835a0d22f4
[HTTP] <-- GET /wd/hub/session/fc8cbc0c-5e7f-4017-aafb-6f835a0d22f4/element/a61c9b47-d313-4b24-88b9-2c768ffeb483/location 200 22 ms - 88
[HTTP] 
[HTTP] --> POST /wd/hub/session/fc8cbc0c-5e7f-4017-aafb-6f835a0d22f4/touch/perform
[HTTP] {"actions":[{"action":"tap","options":{"element":"a61c9b47-d313-4b24-88b9-2c768ffeb483","x":1,"y":1}}]}
[UiAutomator2] calling get location: a61c9b47-d313-4b24-88b9-2c768ffeb483
[HTTP] <-- POST /wd/hub/session/fc8cbc0c-5e7f-4017-aafb-6f835a0d22f4/touch/perform 200 1910 ms - 76
[HTTP] 
[HTTP] --> DELETE /wd/hub/session/fc8cbc0c-5e7f-4017-aafb-6f835a0d22f4
[HTTP] {}
[Appium] Removing session fc8cbc0c-5e7f-4017-aafb-6f835a0d22f4 from our master session list
[ADB] id.co.fundtastic.client was successfully uninstalled
[HTTP] <-- DELETE /wd/hub/session/fc8cbc0c-5e7f-4017-aafb-6f835a0d22f4 200 1673 ms - 76
[HTTP] 
