[Appium] Welcome to Appium v1.8.1
[Appium] Non-default server args:
[Appium]   port: 63847
[Appium]   loglevel: info
[Appium]   chromeDriverPort: 63848
[Appium]   tmpDir: /var/folders/ts/p6rxgpw53_d96xw60slkng7m0000gn/T//Katalon/Appium/Temp1562574894707
[Appium] Appium REST http interface listener started on 0.0.0.0:63847
[HTTP] --> GET /wd/hub/status
[HTTP] {}
[HTTP] <-- GET /wd/hub/status 200 23 ms - 83
[HTTP] 
[HTTP] --> POST /wd/hub/session
[HTTP] {"desiredCapabilities":{"app":"/Users/ustore/Downloads/Development.apk","autoGrantPermissions":true,"automationName":"uiautomator2","deviceName":"emulator-5554 (Android SDK built for x86 - Android 9)","fullReset":true,"newCommandTimeout":1800,"noReset":false,"platform":"ANDROID","platformName":"Android","udid":"emulator-5554"},"capabilities":{"desiredCapabilities":{"app":"/Users/ustore/Downloads/Development.apk","autoGrantPermissions":true,"automationName":"uiautomator2","deviceName":"emulator-5554 (Android SDK built for x86 - Android 9)","fullReset":true,"newCommandTimeout":1800,"noReset":false,"platform":"ANDROID","platformName":"Android","udid":"emulator-5554"},"firstMatch":[{"platformName":"android"}]}}
[Appium] Could not parse W3C capabilities: 'deviceName' can't be blank. Falling back to JSONWP protocol.
[Appium] The following capabilities were provided in the JSONWP desired capabilities that are missing in W3C capabilities: ["app","autoGrantPermissions","automationName","deviceName","fullReset","newCommandTimeout","noReset","platform","platformName","udid"]. Falling back to JSONWP protocol.
[Appium] Creating new AndroidUiautomator2Driver (v1.12.0) session
[Appium] Capabilities:
[Appium]   app: /Users/ustore/Downloads/Development.apk
[Appium]   autoGrantPermissions: true
[Appium]   automationName: uiautomator2
[Appium]   deviceName: emulator-5554 (Android SDK built for x86 - Android 9)
[Appium]   fullReset: true
[Appium]   newCommandTimeout: 1800
[Appium]   noReset: false
[Appium]   platform: ANDROID
[Appium]   platformName: Android
[Appium]   udid: emulator-5554
[BaseDriver] The following capabilities were provided, but are not recognized by appium: platform.
[BaseDriver] Session created with session id: 1e00d76b-2d48-4c45-a13b-1952e923f486
[BaseDriver] Using local app '/Users/ustore/Downloads/Development.apk'
[AndroidDriver] Java version is: 1.8.0_181
[ADB] Checking whether adb is present
[ADB] Found 1 'build-tools' folders under '/Users/ustore/.katalon/tools/android_sdk' (newest first):
[ADB]     /Users/ustore/.katalon/tools/android_sdk/build-tools/28.0.3
[ADB] Using adb from /Users/ustore/.katalon/tools/android_sdk/platform-tools/adb
[AndroidDriver] Retrieving device list
[AndroidDriver] Using device: emulator-5554
[ADB] Using the alternative activity name detection method because of: Could not find apkanalyzer in /Users/ustore/.katalon/tools/android_sdk/platform-tools/apkanalyzer,/Users/ustore/.katalon/tools/android_sdk/emulator/apkanalyzer,/Users/ustore/.katalon/tools/android_sdk/tools/apkanalyzer,/Users/ustore/.katalon/tools/android_sdk/tools/bin/apkanalyzer,/Users/ustore/.katalon/tools/android_sdk/build-tools/28.0.3/apkanalyzer. Do you have the Android SDK installed at '/Users/ustore/.katalon/tools/android_sdk'?
[ADB] Checking whether aapt is present
[ADB] Using aapt from /Users/ustore/.katalon/tools/android_sdk/build-tools/28.0.3/aapt
[ADB] Extracting package and launch activity from manifest
[ADB] Package name: 'id.co.fundtastic.client'
[ADB] Main activity name: 'id.co.fundtastic.client.splash.presentation.SplashActivity'
[ADB] Getting device platform version
[ADB] Using apksigner from /Users/ustore/.katalon/tools/android_sdk/build-tools/28.0.3/apksigner
[ADB] Cannot read version codes of '/usr/local/lib/node_modules/appium/node_modules/appium-uiautomator2-server/apks/appium-uiautomator2-server-debug-androidTest.apk' and/or 'io.appium.uiautomator2.server.test'
[ADB] Cannot read version names of '/usr/local/lib/node_modules/appium/node_modules/appium-uiautomator2-server/apks/appium-uiautomator2-server-debug-androidTest.apk' and/or 'io.appium.uiautomator2.server.test'. Assuming correct app version is already installed
[AndroidDriver] setDeviceLanguageCountry requires language or country.
[AndroidDriver] Got language: 'null' and country: 'null'
[ADB] Successfully extracted 194 strings from '/Users/ustore/Downloads/Development.apk' resources for '(default)' configuration
[ADB] id.co.fundtastic.client was not uninstalled, because it was not present on the device
[UiAutomator2] Starting uiautomator2 server 1.12.0
[UiAutomator2] Using UIAutomator2 server from '/usr/local/lib/node_modules/appium/node_modules/appium-uiautomator2-server/apks/appium-uiautomator2-server-v1.12.0.apk' and test from '/usr/local/lib/node_modules/appium/node_modules/appium-uiautomator2-server/apks/appium-uiautomator2-server-debug-androidTest.apk'
[UiAutomator2] Running command: 'adb -s emulator-5554 shell am instrument -w io.appium.uiautomator2.server.test/android.support.test.runner.AndroidJUnitRunner'
[UiAutomator2] Waiting up to 20000ms for UiAutomator2 to be online...
[AndroidDriver] Screen already unlocked, doing nothing
[UiAutomator2] UiAutomator2 did not start the activity we were waiting for, 'id.co.fundtastic.client/id.co.fundtastic.client.splash.presentation.SplashActivity'. Starting it ourselves
[Appium] New AndroidUiautomator2Driver session created successfully, session 1e00d76b-2d48-4c45-a13b-1952e923f486 added to master session list
[HTTP] <-- POST /wd/hub/session 200 14223 ms - 1167
[HTTP] 
[HTTP] --> GET /wd/hub/status
[HTTP] {}
[HTTP] <-- GET /wd/hub/status 200 34 ms - 55
[HTTP] 
[HTTP] --> POST /wd/hub/session/1e00d76b-2d48-4c45-a13b-1952e923f486/timeouts
[HTTP] {"type":"implicit","ms":30000}
[HTTP] <-- POST /wd/hub/session/1e00d76b-2d48-4c45-a13b-1952e923f486/timeouts 400 29 ms - 4196
[HTTP] 
[HTTP] --> GET /wd/hub/session/1e00d76b-2d48-4c45-a13b-1952e923f486/window/current/size
[HTTP] {}
[W3C] Driver proxy active, passing request on via HTTP proxy
[JSONWP Proxy] Replacing sessionId 1df3d1e5-5e38-4c83-b273-d0e2cb75815e with 1e00d76b-2d48-4c45-a13b-1952e923f486
[HTTP] <-- GET /wd/hub/session/1e00d76b-2d48-4c45-a13b-1952e923f486/window/current/size 200 116 ms - 100
[HTTP] 
[HTTP] --> POST /wd/hub/session/1e00d76b-2d48-4c45-a13b-1952e923f486/elements
[HTTP] {"using":"-android uiautomator","value":"new UiSelector().className(\"android.widget.TextView\").text(\"Mulailah berinvestasi untuk meraih mimpimu\").instance(0)"}
[HTTP] <-- POST /wd/hub/session/1e00d76b-2d48-4c45-a13b-1952e923f486/elements 200 228 ms - 74
[HTTP] 
[HTTP] --> POST /wd/hub/session/1e00d76b-2d48-4c45-a13b-1952e923f486/elements
[HTTP] {"using":"-android uiautomator","value":"new UiSelector().className(\"android.widget.TextView\").text(\"Mulailah berinvestasi untuk meraih mimpimu\").instance(0)"}
[HTTP] <-- POST /wd/hub/session/1e00d76b-2d48-4c45-a13b-1952e923f486/elements 200 111 ms - 74
[HTTP] 
[HTTP] --> POST /wd/hub/session/1e00d76b-2d48-4c45-a13b-1952e923f486/elements
[HTTP] {"using":"-android uiautomator","value":"new UiSelector().className(\"android.widget.TextView\").text(\"Mulailah berinvestasi untuk meraih mimpimu\").instance(0)"}
[HTTP] <-- POST /wd/hub/session/1e00d76b-2d48-4c45-a13b-1952e923f486/elements 200 52 ms - 74
[HTTP] 
[HTTP] --> POST /wd/hub/session/1e00d76b-2d48-4c45-a13b-1952e923f486/elements
[HTTP] {"using":"-android uiautomator","value":"new UiSelector().className(\"android.widget.TextView\").text(\"Mulailah berinvestasi untuk meraih mimpimu\").instance(0)"}
[HTTP] <-- POST /wd/hub/session/1e00d76b-2d48-4c45-a13b-1952e923f486/elements 200 65 ms - 74
[HTTP] 
[HTTP] --> POST /wd/hub/session/1e00d76b-2d48-4c45-a13b-1952e923f486/elements
[HTTP] {"using":"-android uiautomator","value":"new UiSelector().className(\"android.widget.TextView\").text(\"Mulailah berinvestasi untuk meraih mimpimu\").instance(0)"}
[HTTP] <-- POST /wd/hub/session/1e00d76b-2d48-4c45-a13b-1952e923f486/elements 200 61 ms - 74
[HTTP] 
[HTTP] --> POST /wd/hub/session/1e00d76b-2d48-4c45-a13b-1952e923f486/elements
[HTTP] {"using":"-android uiautomator","value":"new UiSelector().className(\"android.widget.TextView\").text(\"Mulailah berinvestasi untuk meraih mimpimu\").instance(0)"}
[HTTP] <-- POST /wd/hub/session/1e00d76b-2d48-4c45-a13b-1952e923f486/elements 200 101 ms - 74
[HTTP] 
[HTTP] --> POST /wd/hub/session/1e00d76b-2d48-4c45-a13b-1952e923f486/elements
[HTTP] {"using":"-android uiautomator","value":"new UiSelector().className(\"android.widget.TextView\").text(\"Mulailah berinvestasi untuk meraih mimpimu\").instance(0)"}
[HTTP] <-- POST /wd/hub/session/1e00d76b-2d48-4c45-a13b-1952e923f486/elements 200 72 ms - 74
[HTTP] 
[HTTP] --> POST /wd/hub/session/1e00d76b-2d48-4c45-a13b-1952e923f486/elements
[HTTP] {"using":"-android uiautomator","value":"new UiSelector().className(\"android.widget.TextView\").text(\"Mulailah berinvestasi untuk meraih mimpimu\").instance(0)"}
[HTTP] <-- POST /wd/hub/session/1e00d76b-2d48-4c45-a13b-1952e923f486/elements 200 77 ms - 74
[HTTP] 
[HTTP] --> POST /wd/hub/session/1e00d76b-2d48-4c45-a13b-1952e923f486/elements
[HTTP] {"using":"-android uiautomator","value":"new UiSelector().className(\"android.widget.TextView\").text(\"Mulailah berinvestasi untuk meraih mimpimu\").instance(0)"}
[HTTP] <-- POST /wd/hub/session/1e00d76b-2d48-4c45-a13b-1952e923f486/elements 200 60 ms - 74
[HTTP] 
[HTTP] --> POST /wd/hub/session/1e00d76b-2d48-4c45-a13b-1952e923f486/elements
[HTTP] {"using":"-android uiautomator","value":"new UiSelector().className(\"android.widget.TextView\").text(\"Mulailah berinvestasi untuk meraih mimpimu\").instance(0)"}
[HTTP] <-- POST /wd/hub/session/1e00d76b-2d48-4c45-a13b-1952e923f486/elements 200 64 ms - 74
[HTTP] 
[HTTP] --> POST /wd/hub/session/1e00d76b-2d48-4c45-a13b-1952e923f486/elements
[HTTP] {"using":"-android uiautomator","value":"new UiSelector().className(\"android.widget.TextView\").text(\"Mulailah berinvestasi untuk meraih mimpimu\").instance(0)"}
[HTTP] <-- POST /wd/hub/session/1e00d76b-2d48-4c45-a13b-1952e923f486/elements 200 85 ms - 74
[HTTP] 
[HTTP] --> POST /wd/hub/session/1e00d76b-2d48-4c45-a13b-1952e923f486/elements
[HTTP] {"using":"-android uiautomator","value":"new UiSelector().className(\"android.widget.TextView\").text(\"Mulailah berinvestasi untuk meraih mimpimu\").instance(0)"}
[HTTP] <-- POST /wd/hub/session/1e00d76b-2d48-4c45-a13b-1952e923f486/elements 200 112 ms - 74
[HTTP] 
[HTTP] --> POST /wd/hub/session/1e00d76b-2d48-4c45-a13b-1952e923f486/elements
[HTTP] {"using":"-android uiautomator","value":"new UiSelector().className(\"android.widget.TextView\").text(\"Mulailah berinvestasi untuk meraih mimpimu\").instance(0)"}
[HTTP] <-- POST /wd/hub/session/1e00d76b-2d48-4c45-a13b-1952e923f486/elements 200 520 ms - 74
[HTTP] 
[HTTP] --> POST /wd/hub/session/1e00d76b-2d48-4c45-a13b-1952e923f486/elements
[HTTP] {"using":"-android uiautomator","value":"new UiSelector().className(\"android.widget.TextView\").text(\"Mulailah berinvestasi untuk meraih mimpimu\").instance(0)"}
[HTTP] <-- POST /wd/hub/session/1e00d76b-2d48-4c45-a13b-1952e923f486/elements 200 796 ms - 74
[HTTP] 
[HTTP] --> POST /wd/hub/session/1e00d76b-2d48-4c45-a13b-1952e923f486/elements
[HTTP] {"using":"-android uiautomator","value":"new UiSelector().className(\"android.widget.TextView\").text(\"Mulailah berinvestasi untuk meraih mimpimu\").instance(0)"}
[HTTP] <-- POST /wd/hub/session/1e00d76b-2d48-4c45-a13b-1952e923f486/elements 200 4217 ms - 124
[HTTP] 
[HTTP] --> GET /wd/hub/session/1e00d76b-2d48-4c45-a13b-1952e923f486
[HTTP] {}
[HTTP] <-- GET /wd/hub/session/1e00d76b-2d48-4c45-a13b-1952e923f486 200 16 ms - 1167
[HTTP] 
[HTTP] --> GET /wd/hub/session/1e00d76b-2d48-4c45-a13b-1952e923f486
[HTTP] {}
[HTTP] <-- GET /wd/hub/session/1e00d76b-2d48-4c45-a13b-1952e923f486 200 15 ms - 1167
[HTTP] 
[HTTP] --> GET /wd/hub/session/1e00d76b-2d48-4c45-a13b-1952e923f486
[HTTP] {}
[HTTP] <-- GET /wd/hub/session/1e00d76b-2d48-4c45-a13b-1952e923f486 200 30 ms - 1167
[HTTP] 
[HTTP] --> GET /wd/hub/session/1e00d76b-2d48-4c45-a13b-1952e923f486
[HTTP] {}
[HTTP] <-- GET /wd/hub/session/1e00d76b-2d48-4c45-a13b-1952e923f486 200 19 ms - 1167
[HTTP] 
[HTTP] --> GET /wd/hub/session/1e00d76b-2d48-4c45-a13b-1952e923f486/element/c30a64dd-ffde-4d46-acde-206e6eda6f3f/location
[HTTP] {}
[W3C] Driver proxy active, passing request on via HTTP proxy
[JSONWP Proxy] Replacing sessionId 1df3d1e5-5e38-4c83-b273-d0e2cb75815e with 1e00d76b-2d48-4c45-a13b-1952e923f486
[HTTP] <-- GET /wd/hub/session/1e00d76b-2d48-4c45-a13b-1952e923f486/element/c30a64dd-ffde-4d46-acde-206e6eda6f3f/location 200 68 ms - 88
[HTTP] 
[HTTP] --> GET /wd/hub/session/1e00d76b-2d48-4c45-a13b-1952e923f486/element/c30a64dd-ffde-4d46-acde-206e6eda6f3f/text
[HTTP] {}
[W3C] Driver proxy active, passing request on via HTTP proxy
[JSONWP Proxy] Replacing sessionId 1df3d1e5-5e38-4c83-b273-d0e2cb75815e with 1e00d76b-2d48-4c45-a13b-1952e923f486
[HTTP] <-- GET /wd/hub/session/1e00d76b-2d48-4c45-a13b-1952e923f486/element/c30a64dd-ffde-4d46-acde-206e6eda6f3f/text 200 103 ms - 116
[HTTP] 
[HTTP] --> GET /wd/hub/session/1e00d76b-2d48-4c45-a13b-1952e923f486/window/current/size
[HTTP] {}
[W3C] Driver proxy active, passing request on via HTTP proxy
[JSONWP Proxy] Replacing sessionId 1df3d1e5-5e38-4c83-b273-d0e2cb75815e with 1e00d76b-2d48-4c45-a13b-1952e923f486
[HTTP] <-- GET /wd/hub/session/1e00d76b-2d48-4c45-a13b-1952e923f486/window/current/size 200 34 ms - 100
[HTTP] 
[HTTP] --> POST /wd/hub/session/1e00d76b-2d48-4c45-a13b-1952e923f486/elements
[HTTP] {"using":"-android uiautomator","value":"new UiSelector().className(\"android.widget.ImageView\").resourceId(\"id.co.fundtastic.client:id/checklist\").instance(6)"}
[HTTP] <-- POST /wd/hub/session/1e00d76b-2d48-4c45-a13b-1952e923f486/elements 200 118 ms - 124
[HTTP] 
[HTTP] --> GET /wd/hub/session/1e00d76b-2d48-4c45-a13b-1952e923f486
[HTTP] {}
[HTTP] <-- GET /wd/hub/session/1e00d76b-2d48-4c45-a13b-1952e923f486 200 19 ms - 1167
[HTTP] 
[HTTP] --> GET /wd/hub/session/1e00d76b-2d48-4c45-a13b-1952e923f486
[HTTP] {}
[HTTP] <-- GET /wd/hub/session/1e00d76b-2d48-4c45-a13b-1952e923f486 200 13 ms - 1167
[HTTP] 
[HTTP] --> GET /wd/hub/session/1e00d76b-2d48-4c45-a13b-1952e923f486
[HTTP] {}
[HTTP] <-- GET /wd/hub/session/1e00d76b-2d48-4c45-a13b-1952e923f486 200 16 ms - 1167
[HTTP] 
[HTTP] --> GET /wd/hub/session/1e00d76b-2d48-4c45-a13b-1952e923f486
[HTTP] {}
[HTTP] <-- GET /wd/hub/session/1e00d76b-2d48-4c45-a13b-1952e923f486 200 16 ms - 1167
[HTTP] 
[HTTP] --> GET /wd/hub/session/1e00d76b-2d48-4c45-a13b-1952e923f486/element/7bf8d8c6-312c-410e-8e2d-286292fc08f0/location
[HTTP] {}
[W3C] Driver proxy active, passing request on via HTTP proxy
[JSONWP Proxy] Replacing sessionId 1df3d1e5-5e38-4c83-b273-d0e2cb75815e with 1e00d76b-2d48-4c45-a13b-1952e923f486
[HTTP] <-- GET /wd/hub/session/1e00d76b-2d48-4c45-a13b-1952e923f486/element/7bf8d8c6-312c-410e-8e2d-286292fc08f0/location 200 46 ms - 90
[HTTP] 
[HTTP] --> POST /wd/hub/session/1e00d76b-2d48-4c45-a13b-1952e923f486/touch/perform
[HTTP] {"actions":[{"action":"tap","options":{"element":"7bf8d8c6-312c-410e-8e2d-286292fc08f0","x":1,"y":1}}]}
[UiAutomator2] calling get location: 7bf8d8c6-312c-410e-8e2d-286292fc08f0
[HTTP] <-- POST /wd/hub/session/1e00d76b-2d48-4c45-a13b-1952e923f486/touch/perform 200 839 ms - 76
[HTTP] 
[HTTP] --> GET /wd/hub/session/1e00d76b-2d48-4c45-a13b-1952e923f486/window/current/size
[HTTP] {}
[W3C] Driver proxy active, passing request on via HTTP proxy
[JSONWP Proxy] Replacing sessionId 1df3d1e5-5e38-4c83-b273-d0e2cb75815e with 1e00d76b-2d48-4c45-a13b-1952e923f486
[HTTP] <-- GET /wd/hub/session/1e00d76b-2d48-4c45-a13b-1952e923f486/window/current/size 200 29 ms - 100
[HTTP] 
[HTTP] --> POST /wd/hub/session/1e00d76b-2d48-4c45-a13b-1952e923f486/elements
[HTTP] {"using":"-android uiautomator","value":"new UiSelector().className(\"android.widget.LinearLayout\").instance(4)"}
[HTTP] <-- POST /wd/hub/session/1e00d76b-2d48-4c45-a13b-1952e923f486/elements 200 87 ms - 124
[HTTP] 
[HTTP] --> GET /wd/hub/session/1e00d76b-2d48-4c45-a13b-1952e923f486
[HTTP] {}
[HTTP] <-- GET /wd/hub/session/1e00d76b-2d48-4c45-a13b-1952e923f486 200 29 ms - 1167
[HTTP] 
[HTTP] --> GET /wd/hub/session/1e00d76b-2d48-4c45-a13b-1952e923f486
[HTTP] {}
[HTTP] <-- GET /wd/hub/session/1e00d76b-2d48-4c45-a13b-1952e923f486 200 20 ms - 1167
[HTTP] 
[HTTP] --> GET /wd/hub/session/1e00d76b-2d48-4c45-a13b-1952e923f486
[HTTP] {}
[HTTP] <-- GET /wd/hub/session/1e00d76b-2d48-4c45-a13b-1952e923f486 200 25 ms - 1167
[HTTP] 
[HTTP] --> GET /wd/hub/session/1e00d76b-2d48-4c45-a13b-1952e923f486
[HTTP] {}
[HTTP] <-- GET /wd/hub/session/1e00d76b-2d48-4c45-a13b-1952e923f486 200 28 ms - 1167
[HTTP] 
[HTTP] --> GET /wd/hub/session/1e00d76b-2d48-4c45-a13b-1952e923f486/element/7c822fcc-7421-4e37-93a0-9d9bc0299305/location
[HTTP] {}
[W3C] Driver proxy active, passing request on via HTTP proxy
[JSONWP Proxy] Replacing sessionId 1df3d1e5-5e38-4c83-b273-d0e2cb75815e with 1e00d76b-2d48-4c45-a13b-1952e923f486
[HTTP] <-- GET /wd/hub/session/1e00d76b-2d48-4c45-a13b-1952e923f486/element/7c822fcc-7421-4e37-93a0-9d9bc0299305/location 200 41 ms - 87
[HTTP] 
[HTTP] --> POST /wd/hub/session/1e00d76b-2d48-4c45-a13b-1952e923f486/touch/perform
[HTTP] {"actions":[{"action":"tap","options":{"element":"7c822fcc-7421-4e37-93a0-9d9bc0299305","x":1,"y":1}}]}
[UiAutomator2] calling get location: 7c822fcc-7421-4e37-93a0-9d9bc0299305
[HTTP] <-- POST /wd/hub/session/1e00d76b-2d48-4c45-a13b-1952e923f486/touch/perform 200 840 ms - 76
[HTTP] 
[HTTP] --> GET /wd/hub/session/1e00d76b-2d48-4c45-a13b-1952e923f486/context
[HTTP] {}
[HTTP] <-- GET /wd/hub/session/1e00d76b-2d48-4c45-a13b-1952e923f486/context 200 4 ms - 84
[HTTP] 
[HTTP] --> GET /wd/hub/session/1e00d76b-2d48-4c45-a13b-1952e923f486/contexts
[HTTP] {}
[HTTP] <-- GET /wd/hub/session/1e00d76b-2d48-4c45-a13b-1952e923f486/contexts 200 52 ms - 127
[HTTP] 
[HTTP] --> POST /wd/hub/session/1e00d76b-2d48-4c45-a13b-1952e923f486/context
[HTTP] {"name":"NATIVE_APP"}
[HTTP] <-- POST /wd/hub/session/1e00d76b-2d48-4c45-a13b-1952e923f486/context 200 40 ms - 76
[HTTP] 
[HTTP] --> POST /wd/hub/session/1e00d76b-2d48-4c45-a13b-1952e923f486/touch/perform
[HTTP] {"actions":[{"action":"press","options":{"x":800,"y":1000}},{"action":"wait","options":{"ms":500}},{"action":"moveTo","options":{"x":10,"y":800}}]}
[HTTP] <-- POST /wd/hub/session/1e00d76b-2d48-4c45-a13b-1952e923f486/touch/perform 200 2068 ms - 76
[HTTP] 
[HTTP] --> POST /wd/hub/session/1e00d76b-2d48-4c45-a13b-1952e923f486/context
[HTTP] {"name":"NATIVE_APP"}
[HTTP] <-- POST /wd/hub/session/1e00d76b-2d48-4c45-a13b-1952e923f486/context 200 43 ms - 76
[HTTP] 
[HTTP] --> GET /wd/hub/session/1e00d76b-2d48-4c45-a13b-1952e923f486/window/current/size
[HTTP] {}
[W3C] Driver proxy active, passing request on via HTTP proxy
[JSONWP Proxy] Replacing sessionId 1df3d1e5-5e38-4c83-b273-d0e2cb75815e with 1e00d76b-2d48-4c45-a13b-1952e923f486
[HTTP] <-- GET /wd/hub/session/1e00d76b-2d48-4c45-a13b-1952e923f486/window/current/size 200 33 ms - 100
[HTTP] 
[HTTP] --> POST /wd/hub/session/1e00d76b-2d48-4c45-a13b-1952e923f486/elements
[HTTP] {"using":"-android uiautomator","value":"new UiSelector().className(\"android.widget.LinearLayout\").instance(4)"}
[HTTP] <-- POST /wd/hub/session/1e00d76b-2d48-4c45-a13b-1952e923f486/elements 200 102 ms - 124
[HTTP] 
[HTTP] --> GET /wd/hub/session/1e00d76b-2d48-4c45-a13b-1952e923f486
[HTTP] {}
[HTTP] <-- GET /wd/hub/session/1e00d76b-2d48-4c45-a13b-1952e923f486 200 20 ms - 1284
[HTTP] 
[HTTP] --> GET /wd/hub/session/1e00d76b-2d48-4c45-a13b-1952e923f486
[HTTP] {}
[HTTP] <-- GET /wd/hub/session/1e00d76b-2d48-4c45-a13b-1952e923f486 200 21 ms - 1284
[HTTP] 
[HTTP] --> GET /wd/hub/session/1e00d76b-2d48-4c45-a13b-1952e923f486
[HTTP] {}
[HTTP] <-- GET /wd/hub/session/1e00d76b-2d48-4c45-a13b-1952e923f486 200 16 ms - 1284
[HTTP] 
[HTTP] --> GET /wd/hub/session/1e00d76b-2d48-4c45-a13b-1952e923f486
[HTTP] {}
[HTTP] <-- GET /wd/hub/session/1e00d76b-2d48-4c45-a13b-1952e923f486 200 14 ms - 1284
[HTTP] 
[HTTP] --> GET /wd/hub/session/1e00d76b-2d48-4c45-a13b-1952e923f486/element/d8501779-83ee-422d-91f7-90df05a7c727/location
[HTTP] {}
[W3C] Driver proxy active, passing request on via HTTP proxy
[JSONWP Proxy] Replacing sessionId 1df3d1e5-5e38-4c83-b273-d0e2cb75815e with 1e00d76b-2d48-4c45-a13b-1952e923f486
[HTTP] <-- GET /wd/hub/session/1e00d76b-2d48-4c45-a13b-1952e923f486/element/d8501779-83ee-422d-91f7-90df05a7c727/location 200 41 ms - 87
[HTTP] 
[HTTP] --> POST /wd/hub/session/1e00d76b-2d48-4c45-a13b-1952e923f486/touch/perform
[HTTP] {"actions":[{"action":"tap","options":{"element":"d8501779-83ee-422d-91f7-90df05a7c727","x":1,"y":1}}]}
[UiAutomator2] calling get location: d8501779-83ee-422d-91f7-90df05a7c727
[HTTP] <-- POST /wd/hub/session/1e00d76b-2d48-4c45-a13b-1952e923f486/touch/perform 200 1089 ms - 76
[HTTP] 
[HTTP] --> GET /wd/hub/session/1e00d76b-2d48-4c45-a13b-1952e923f486/context
[HTTP] {}
[HTTP] <-- GET /wd/hub/session/1e00d76b-2d48-4c45-a13b-1952e923f486/context 200 2 ms - 84
[HTTP] 
[HTTP] --> GET /wd/hub/session/1e00d76b-2d48-4c45-a13b-1952e923f486/contexts
[HTTP] {}
[HTTP] <-- GET /wd/hub/session/1e00d76b-2d48-4c45-a13b-1952e923f486/contexts 200 37 ms - 127
[HTTP] 
[HTTP] --> POST /wd/hub/session/1e00d76b-2d48-4c45-a13b-1952e923f486/context
[HTTP] {"name":"NATIVE_APP"}
[HTTP] <-- POST /wd/hub/session/1e00d76b-2d48-4c45-a13b-1952e923f486/context 200 32 ms - 76
[HTTP] 
[HTTP] --> POST /wd/hub/session/1e00d76b-2d48-4c45-a13b-1952e923f486/touch/perform
[HTTP] {"actions":[{"action":"press","options":{"x":800,"y":1000}},{"action":"wait","options":{"ms":500}},{"action":"moveTo","options":{"x":10,"y":800}}]}
[HTTP] <-- POST /wd/hub/session/1e00d76b-2d48-4c45-a13b-1952e923f486/touch/perform 200 2067 ms - 76
[HTTP] 
[HTTP] --> POST /wd/hub/session/1e00d76b-2d48-4c45-a13b-1952e923f486/context
[HTTP] {"name":"NATIVE_APP"}
[HTTP] <-- POST /wd/hub/session/1e00d76b-2d48-4c45-a13b-1952e923f486/context 200 30 ms - 76
[HTTP] 
[HTTP] --> GET /wd/hub/session/1e00d76b-2d48-4c45-a13b-1952e923f486/window/current/size
[HTTP] {}
[W3C] Driver proxy active, passing request on via HTTP proxy
[JSONWP Proxy] Replacing sessionId 1df3d1e5-5e38-4c83-b273-d0e2cb75815e with 1e00d76b-2d48-4c45-a13b-1952e923f486
[HTTP] <-- GET /wd/hub/session/1e00d76b-2d48-4c45-a13b-1952e923f486/window/current/size 200 23 ms - 100
[HTTP] 
[HTTP] --> POST /wd/hub/session/1e00d76b-2d48-4c45-a13b-1952e923f486/elements
[HTTP] {"using":"-android uiautomator","value":"new UiSelector().className(\"android.widget.LinearLayout\").instance(4)"}
[HTTP] <-- POST /wd/hub/session/1e00d76b-2d48-4c45-a13b-1952e923f486/elements 200 145 ms - 124
[HTTP] 
[HTTP] --> GET /wd/hub/session/1e00d76b-2d48-4c45-a13b-1952e923f486
[HTTP] {}
[HTTP] <-- GET /wd/hub/session/1e00d76b-2d48-4c45-a13b-1952e923f486 200 17 ms - 1284
[HTTP] 
[HTTP] --> GET /wd/hub/session/1e00d76b-2d48-4c45-a13b-1952e923f486
[HTTP] {}
[HTTP] <-- GET /wd/hub/session/1e00d76b-2d48-4c45-a13b-1952e923f486 200 15 ms - 1284
[HTTP] 
[HTTP] --> GET /wd/hub/session/1e00d76b-2d48-4c45-a13b-1952e923f486
[HTTP] {}
[HTTP] <-- GET /wd/hub/session/1e00d76b-2d48-4c45-a13b-1952e923f486 200 15 ms - 1284
[HTTP] 
[HTTP] --> GET /wd/hub/session/1e00d76b-2d48-4c45-a13b-1952e923f486
[HTTP] {}
[HTTP] <-- GET /wd/hub/session/1e00d76b-2d48-4c45-a13b-1952e923f486 200 16 ms - 1284
[HTTP] 
[HTTP] --> GET /wd/hub/session/1e00d76b-2d48-4c45-a13b-1952e923f486/element/ad3d160f-19f2-4abc-bc65-a85a04bb7f92/location
[HTTP] {}
[W3C] Driver proxy active, passing request on via HTTP proxy
[JSONWP Proxy] Replacing sessionId 1df3d1e5-5e38-4c83-b273-d0e2cb75815e with 1e00d76b-2d48-4c45-a13b-1952e923f486
[HTTP] <-- GET /wd/hub/session/1e00d76b-2d48-4c45-a13b-1952e923f486/element/ad3d160f-19f2-4abc-bc65-a85a04bb7f92/location 200 27 ms - 87
[HTTP] 
[HTTP] --> POST /wd/hub/session/1e00d76b-2d48-4c45-a13b-1952e923f486/touch/perform
[HTTP] {"actions":[{"action":"tap","options":{"element":"ad3d160f-19f2-4abc-bc65-a85a04bb7f92","x":1,"y":1}}]}
[UiAutomator2] calling get location: ad3d160f-19f2-4abc-bc65-a85a04bb7f92
[HTTP] <-- POST /wd/hub/session/1e00d76b-2d48-4c45-a13b-1952e923f486/touch/perform 200 1106 ms - 76
[HTTP] 
[HTTP] --> GET /wd/hub/session/1e00d76b-2d48-4c45-a13b-1952e923f486/context
[HTTP] {}
[HTTP] <-- GET /wd/hub/session/1e00d76b-2d48-4c45-a13b-1952e923f486/context 200 2 ms - 84
[HTTP] 
[HTTP] --> GET /wd/hub/session/1e00d76b-2d48-4c45-a13b-1952e923f486/contexts
[HTTP] {}
[HTTP] <-- GET /wd/hub/session/1e00d76b-2d48-4c45-a13b-1952e923f486/contexts 200 51 ms - 127
[HTTP] 
[HTTP] --> POST /wd/hub/session/1e00d76b-2d48-4c45-a13b-1952e923f486/context
[HTTP] {"name":"NATIVE_APP"}
[HTTP] <-- POST /wd/hub/session/1e00d76b-2d48-4c45-a13b-1952e923f486/context 200 43 ms - 76
[HTTP] 
[HTTP] --> POST /wd/hub/session/1e00d76b-2d48-4c45-a13b-1952e923f486/touch/perform
[HTTP] {"actions":[{"action":"press","options":{"x":800,"y":1000}},{"action":"wait","options":{"ms":500}},{"action":"moveTo","options":{"x":10,"y":800}}]}
[HTTP] <-- POST /wd/hub/session/1e00d76b-2d48-4c45-a13b-1952e923f486/touch/perform 200 2067 ms - 76
[HTTP] 
[HTTP] --> POST /wd/hub/session/1e00d76b-2d48-4c45-a13b-1952e923f486/context
[HTTP] {"name":"NATIVE_APP"}
[HTTP] <-- POST /wd/hub/session/1e00d76b-2d48-4c45-a13b-1952e923f486/context 200 107 ms - 76
[HTTP] 
[HTTP] --> GET /wd/hub/session/1e00d76b-2d48-4c45-a13b-1952e923f486/window/current/size
[HTTP] {}
[W3C] Driver proxy active, passing request on via HTTP proxy
[JSONWP Proxy] Replacing sessionId 1df3d1e5-5e38-4c83-b273-d0e2cb75815e with 1e00d76b-2d48-4c45-a13b-1952e923f486
[HTTP] <-- GET /wd/hub/session/1e00d76b-2d48-4c45-a13b-1952e923f486/window/current/size 200 76 ms - 100
[HTTP] 
[HTTP] --> POST /wd/hub/session/1e00d76b-2d48-4c45-a13b-1952e923f486/elements
[HTTP] {"using":"-android uiautomator","value":"new UiSelector().className(\"android.widget.LinearLayout\").instance(4)"}
[HTTP] <-- POST /wd/hub/session/1e00d76b-2d48-4c45-a13b-1952e923f486/elements 200 199 ms - 124
[HTTP] 
[HTTP] --> GET /wd/hub/session/1e00d76b-2d48-4c45-a13b-1952e923f486
[HTTP] {}
[HTTP] <-- GET /wd/hub/session/1e00d76b-2d48-4c45-a13b-1952e923f486 200 62 ms - 1167
[HTTP] 
[HTTP] --> GET /wd/hub/session/1e00d76b-2d48-4c45-a13b-1952e923f486
[HTTP] {}
[HTTP] <-- GET /wd/hub/session/1e00d76b-2d48-4c45-a13b-1952e923f486 200 49 ms - 1167
[HTTP] 
[HTTP] --> GET /wd/hub/session/1e00d76b-2d48-4c45-a13b-1952e923f486
[HTTP] {}
[HTTP] <-- GET /wd/hub/session/1e00d76b-2d48-4c45-a13b-1952e923f486 200 49 ms - 1167
[HTTP] 
[HTTP] --> GET /wd/hub/session/1e00d76b-2d48-4c45-a13b-1952e923f486
[HTTP] {}
[HTTP] <-- GET /wd/hub/session/1e00d76b-2d48-4c45-a13b-1952e923f486 200 66 ms - 1167
[HTTP] 
[HTTP] --> GET /wd/hub/session/1e00d76b-2d48-4c45-a13b-1952e923f486/element/5f0f6b6e-418c-43d8-90ee-e2ae7e990edc/location
[HTTP] {}
[W3C] Driver proxy active, passing request on via HTTP proxy
[JSONWP Proxy] Replacing sessionId 1df3d1e5-5e38-4c83-b273-d0e2cb75815e with 1e00d76b-2d48-4c45-a13b-1952e923f486
[HTTP] <-- GET /wd/hub/session/1e00d76b-2d48-4c45-a13b-1952e923f486/element/5f0f6b6e-418c-43d8-90ee-e2ae7e990edc/location 200 111 ms - 88
[HTTP] 
[HTTP] --> POST /wd/hub/session/1e00d76b-2d48-4c45-a13b-1952e923f486/touch/perform
[HTTP] {"actions":[{"action":"tap","options":{"element":"5f0f6b6e-418c-43d8-90ee-e2ae7e990edc","x":1,"y":1}}]}
[UiAutomator2] calling get location: 5f0f6b6e-418c-43d8-90ee-e2ae7e990edc
[HTTP] <-- POST /wd/hub/session/1e00d76b-2d48-4c45-a13b-1952e923f486/touch/perform 200 3337 ms - 76
[HTTP] 
[HTTP] --> GET /wd/hub/session/1e00d76b-2d48-4c45-a13b-1952e923f486/context
[HTTP] {}
[HTTP] <-- GET /wd/hub/session/1e00d76b-2d48-4c45-a13b-1952e923f486/context 200 2 ms - 84
[HTTP] 
[HTTP] --> GET /wd/hub/session/1e00d76b-2d48-4c45-a13b-1952e923f486/contexts
[HTTP] {}
[HTTP] <-- GET /wd/hub/session/1e00d76b-2d48-4c45-a13b-1952e923f486/contexts 200 37 ms - 127
[HTTP] 
[HTTP] --> POST /wd/hub/session/1e00d76b-2d48-4c45-a13b-1952e923f486/context
[HTTP] {"name":"NATIVE_APP"}
[HTTP] <-- POST /wd/hub/session/1e00d76b-2d48-4c45-a13b-1952e923f486/context 200 33 ms - 76
[HTTP] 
[HTTP] --> POST /wd/hub/session/1e00d76b-2d48-4c45-a13b-1952e923f486/touch/perform
[HTTP] {"actions":[{"action":"press","options":{"x":800,"y":1000}},{"action":"wait","options":{"ms":500}},{"action":"moveTo","options":{"x":10,"y":800}}]}
[HTTP] <-- POST /wd/hub/session/1e00d76b-2d48-4c45-a13b-1952e923f486/touch/perform 200 2086 ms - 76
[HTTP] 
[HTTP] --> POST /wd/hub/session/1e00d76b-2d48-4c45-a13b-1952e923f486/context
[HTTP] {"name":"NATIVE_APP"}
[HTTP] <-- POST /wd/hub/session/1e00d76b-2d48-4c45-a13b-1952e923f486/context 200 152 ms - 76
[HTTP] 
[HTTP] --> GET /wd/hub/session/1e00d76b-2d48-4c45-a13b-1952e923f486/window/current/size
[HTTP] {}
[W3C] Driver proxy active, passing request on via HTTP proxy
[JSONWP Proxy] Replacing sessionId 1df3d1e5-5e38-4c83-b273-d0e2cb75815e with 1e00d76b-2d48-4c45-a13b-1952e923f486
[HTTP] <-- GET /wd/hub/session/1e00d76b-2d48-4c45-a13b-1952e923f486/window/current/size 200 57 ms - 100
[HTTP] 
[HTTP] --> POST /wd/hub/session/1e00d76b-2d48-4c45-a13b-1952e923f486/elements
[HTTP] {"using":"-android uiautomator","value":"new UiSelector().className(\"android.widget.EditText\").text(\"No Handphone\").resourceId(\"id.co.fundtastic.client:id/et_phone\").instance(0)"}
[HTTP] <-- POST /wd/hub/session/1e00d76b-2d48-4c45-a13b-1952e923f486/elements 200 209 ms - 124
[HTTP] 
[HTTP] --> GET /wd/hub/session/1e00d76b-2d48-4c45-a13b-1952e923f486
[HTTP] {}
[HTTP] <-- GET /wd/hub/session/1e00d76b-2d48-4c45-a13b-1952e923f486 200 69 ms - 1167
[HTTP] 
[HTTP] --> GET /wd/hub/session/1e00d76b-2d48-4c45-a13b-1952e923f486
[HTTP] {}
[HTTP] <-- GET /wd/hub/session/1e00d76b-2d48-4c45-a13b-1952e923f486 200 47 ms - 1167
[HTTP] 
[HTTP] --> GET /wd/hub/session/1e00d76b-2d48-4c45-a13b-1952e923f486
[HTTP] {}
[HTTP] <-- GET /wd/hub/session/1e00d76b-2d48-4c45-a13b-1952e923f486 200 76 ms - 1167
[HTTP] 
[HTTP] --> GET /wd/hub/session/1e00d76b-2d48-4c45-a13b-1952e923f486
[HTTP] {}
[HTTP] <-- GET /wd/hub/session/1e00d76b-2d48-4c45-a13b-1952e923f486 200 60 ms - 1167
[HTTP] 
[HTTP] --> GET /wd/hub/session/1e00d76b-2d48-4c45-a13b-1952e923f486/element/5104c4a5-6f6e-47b6-b537-8bee5c05bacb/location
[HTTP] {}
[W3C] Driver proxy active, passing request on via HTTP proxy
[JSONWP Proxy] Replacing sessionId 1df3d1e5-5e38-4c83-b273-d0e2cb75815e with 1e00d76b-2d48-4c45-a13b-1952e923f486
[HTTP] <-- GET /wd/hub/session/1e00d76b-2d48-4c45-a13b-1952e923f486/element/5104c4a5-6f6e-47b6-b537-8bee5c05bacb/location 200 109 ms - 88
[HTTP] 
[HTTP] --> POST /wd/hub/session/1e00d76b-2d48-4c45-a13b-1952e923f486/element/5104c4a5-6f6e-47b6-b537-8bee5c05bacb/clear
[HTTP] {"id":"5104c4a5-6f6e-47b6-b537-8bee5c05bacb"}
[HTTP] <-- POST /wd/hub/session/1e00d76b-2d48-4c45-a13b-1952e923f486/element/5104c4a5-6f6e-47b6-b537-8bee5c05bacb/clear 200 134 ms - 89
[HTTP] 
[HTTP] --> POST /wd/hub/session/1e00d76b-2d48-4c45-a13b-1952e923f486/element/5104c4a5-6f6e-47b6-b537-8bee5c05bacb/value
[HTTP] {"id":"5104c4a5-6f6e-47b6-b537-8bee5c05bacb","value":["081215161452"]}
[HTTP] <-- POST /wd/hub/session/1e00d76b-2d48-4c45-a13b-1952e923f486/element/5104c4a5-6f6e-47b6-b537-8bee5c05bacb/value 200 1116 ms - 74
[HTTP] 
[HTTP] --> GET /wd/hub/session/1e00d76b-2d48-4c45-a13b-1952e923f486/window/current/size
[HTTP] {}
[W3C] Driver proxy active, passing request on via HTTP proxy
[JSONWP Proxy] Replacing sessionId 1df3d1e5-5e38-4c83-b273-d0e2cb75815e with 1e00d76b-2d48-4c45-a13b-1952e923f486
[HTTP] <-- GET /wd/hub/session/1e00d76b-2d48-4c45-a13b-1952e923f486/window/current/size 200 14 ms - 100
[HTTP] 
[HTTP] --> POST /wd/hub/session/1e00d76b-2d48-4c45-a13b-1952e923f486/elements
[HTTP] {"using":"-android uiautomator","value":"new UiSelector().className(\"android.widget.Button\").text(\"MASUK\").resourceId(\"id.co.fundtastic.client:id/btnLogin\").instance(0)"}
[HTTP] <-- POST /wd/hub/session/1e00d76b-2d48-4c45-a13b-1952e923f486/elements 200 473 ms - 124
[HTTP] 
[HTTP] --> GET /wd/hub/session/1e00d76b-2d48-4c45-a13b-1952e923f486
[HTTP] {}
[HTTP] <-- GET /wd/hub/session/1e00d76b-2d48-4c45-a13b-1952e923f486 200 19 ms - 1167
[HTTP] 
[HTTP] --> GET /wd/hub/session/1e00d76b-2d48-4c45-a13b-1952e923f486
[HTTP] {}
[HTTP] <-- GET /wd/hub/session/1e00d76b-2d48-4c45-a13b-1952e923f486 200 14 ms - 1167
[HTTP] 
[HTTP] --> GET /wd/hub/session/1e00d76b-2d48-4c45-a13b-1952e923f486
[HTTP] {}
[HTTP] <-- GET /wd/hub/session/1e00d76b-2d48-4c45-a13b-1952e923f486 200 18 ms - 1167
[HTTP] 
[HTTP] --> GET /wd/hub/session/1e00d76b-2d48-4c45-a13b-1952e923f486
[HTTP] {}
[HTTP] <-- GET /wd/hub/session/1e00d76b-2d48-4c45-a13b-1952e923f486 200 13 ms - 1167
[HTTP] 
[HTTP] --> GET /wd/hub/session/1e00d76b-2d48-4c45-a13b-1952e923f486/element/0383dcdd-540c-4651-a217-f1d22bb6f8b6/location
[HTTP] {}
[W3C] Driver proxy active, passing request on via HTTP proxy
[JSONWP Proxy] Replacing sessionId 1df3d1e5-5e38-4c83-b273-d0e2cb75815e with 1e00d76b-2d48-4c45-a13b-1952e923f486
[HTTP] <-- GET /wd/hub/session/1e00d76b-2d48-4c45-a13b-1952e923f486/element/0383dcdd-540c-4651-a217-f1d22bb6f8b6/location 200 30 ms - 88
[HTTP] 
[HTTP] --> POST /wd/hub/session/1e00d76b-2d48-4c45-a13b-1952e923f486/touch/perform
[HTTP] {"actions":[{"action":"tap","options":{"element":"0383dcdd-540c-4651-a217-f1d22bb6f8b6","x":1,"y":1}}]}
[UiAutomator2] calling get location: 0383dcdd-540c-4651-a217-f1d22bb6f8b6
[HTTP] <-- POST /wd/hub/session/1e00d76b-2d48-4c45-a13b-1952e923f486/touch/perform 200 823 ms - 76
[HTTP] 
[HTTP] --> GET /wd/hub/session/1e00d76b-2d48-4c45-a13b-1952e923f486/window/current/size
[HTTP] {}
[W3C] Driver proxy active, passing request on via HTTP proxy
[JSONWP Proxy] Replacing sessionId 1df3d1e5-5e38-4c83-b273-d0e2cb75815e with 1e00d76b-2d48-4c45-a13b-1952e923f486
[HTTP] <-- GET /wd/hub/session/1e00d76b-2d48-4c45-a13b-1952e923f486/window/current/size 200 21 ms - 100
[HTTP] 
[HTTP] --> POST /wd/hub/session/1e00d76b-2d48-4c45-a13b-1952e923f486/elements
[HTTP] {"using":"-android uiautomator","value":"new UiSelector().className(\"android.widget.TextView\").text(\"Verifikasi Nomor HP\").instance(0)"}
[HTTP] <-- POST /wd/hub/session/1e00d76b-2d48-4c45-a13b-1952e923f486/elements 200 120 ms - 124
[HTTP] 
[HTTP] --> GET /wd/hub/session/1e00d76b-2d48-4c45-a13b-1952e923f486
[HTTP] {}
[HTTP] <-- GET /wd/hub/session/1e00d76b-2d48-4c45-a13b-1952e923f486 200 14 ms - 1167
[HTTP] 
[HTTP] --> GET /wd/hub/session/1e00d76b-2d48-4c45-a13b-1952e923f486
[HTTP] {}
[HTTP] <-- GET /wd/hub/session/1e00d76b-2d48-4c45-a13b-1952e923f486 200 16 ms - 1167
[HTTP] 
[HTTP] --> GET /wd/hub/session/1e00d76b-2d48-4c45-a13b-1952e923f486
[HTTP] {}
[HTTP] <-- GET /wd/hub/session/1e00d76b-2d48-4c45-a13b-1952e923f486 200 14 ms - 1167
[HTTP] 
[HTTP] --> GET /wd/hub/session/1e00d76b-2d48-4c45-a13b-1952e923f486
[HTTP] {}
[HTTP] <-- GET /wd/hub/session/1e00d76b-2d48-4c45-a13b-1952e923f486 200 12 ms - 1167
[HTTP] 
[HTTP] --> GET /wd/hub/session/1e00d76b-2d48-4c45-a13b-1952e923f486/element/725efc35-3d5d-4c36-96f5-73ac75c23463/location
[HTTP] {}
[W3C] Driver proxy active, passing request on via HTTP proxy
[JSONWP Proxy] Replacing sessionId 1df3d1e5-5e38-4c83-b273-d0e2cb75815e with 1e00d76b-2d48-4c45-a13b-1952e923f486
[HTTP] <-- GET /wd/hub/session/1e00d76b-2d48-4c45-a13b-1952e923f486/element/725efc35-3d5d-4c36-96f5-73ac75c23463/location 200 23 ms - 89
[HTTP] 
[HTTP] --> GET /wd/hub/session/1e00d76b-2d48-4c45-a13b-1952e923f486/element/725efc35-3d5d-4c36-96f5-73ac75c23463/text
[HTTP] {}
[W3C] Driver proxy active, passing request on via HTTP proxy
[JSONWP Proxy] Replacing sessionId 1df3d1e5-5e38-4c83-b273-d0e2cb75815e with 1e00d76b-2d48-4c45-a13b-1952e923f486
[HTTP] <-- GET /wd/hub/session/1e00d76b-2d48-4c45-a13b-1952e923f486/element/725efc35-3d5d-4c36-96f5-73ac75c23463/text 200 25 ms - 93
[HTTP] 
[HTTP] --> GET /wd/hub/session/1e00d76b-2d48-4c45-a13b-1952e923f486/window/current/size
[HTTP] {}
[W3C] Driver proxy active, passing request on via HTTP proxy
[JSONWP Proxy] Replacing sessionId 1df3d1e5-5e38-4c83-b273-d0e2cb75815e with 1e00d76b-2d48-4c45-a13b-1952e923f486
[HTTP] <-- GET /wd/hub/session/1e00d76b-2d48-4c45-a13b-1952e923f486/window/current/size 200 14 ms - 100
[HTTP] 
[HTTP] --> POST /wd/hub/session/1e00d76b-2d48-4c45-a13b-1952e923f486/elements
[HTTP] {"using":"-android uiautomator","value":"new UiSelector().className(\"android.widget.EditText\").resourceId(\"id.co.fundtastic.client:id/et_otp\").instance(0)"}
[HTTP] <-- POST /wd/hub/session/1e00d76b-2d48-4c45-a13b-1952e923f486/elements 200 38 ms - 124
[HTTP] 
[HTTP] --> GET /wd/hub/session/1e00d76b-2d48-4c45-a13b-1952e923f486
[HTTP] {}
[HTTP] <-- GET /wd/hub/session/1e00d76b-2d48-4c45-a13b-1952e923f486 200 18 ms - 1167
[HTTP] 
[HTTP] --> GET /wd/hub/session/1e00d76b-2d48-4c45-a13b-1952e923f486
[HTTP] {}
[HTTP] <-- GET /wd/hub/session/1e00d76b-2d48-4c45-a13b-1952e923f486 200 27 ms - 1167
[HTTP] 
[HTTP] --> GET /wd/hub/session/1e00d76b-2d48-4c45-a13b-1952e923f486
[HTTP] {}
[HTTP] <-- GET /wd/hub/session/1e00d76b-2d48-4c45-a13b-1952e923f486 200 25 ms - 1167
[HTTP] 
[HTTP] --> GET /wd/hub/session/1e00d76b-2d48-4c45-a13b-1952e923f486
[HTTP] {}
[HTTP] <-- GET /wd/hub/session/1e00d76b-2d48-4c45-a13b-1952e923f486 200 25 ms - 1167
[HTTP] 
[HTTP] --> GET /wd/hub/session/1e00d76b-2d48-4c45-a13b-1952e923f486/element/ac06a0a8-e9b3-433e-ab1d-16cd50049f39/location
[HTTP] {}
[W3C] Driver proxy active, passing request on via HTTP proxy
[JSONWP Proxy] Replacing sessionId 1df3d1e5-5e38-4c83-b273-d0e2cb75815e with 1e00d76b-2d48-4c45-a13b-1952e923f486
[HTTP] <-- GET /wd/hub/session/1e00d76b-2d48-4c45-a13b-1952e923f486/element/ac06a0a8-e9b3-433e-ab1d-16cd50049f39/location 200 432 ms - 89
[HTTP] 
[HTTP] --> POST /wd/hub/session/1e00d76b-2d48-4c45-a13b-1952e923f486/touch/perform
[HTTP] {"actions":[{"action":"tap","options":{"element":"ac06a0a8-e9b3-433e-ab1d-16cd50049f39","x":1,"y":1}}]}
[UiAutomator2] calling get location: ac06a0a8-e9b3-433e-ab1d-16cd50049f39
[HTTP] <-- POST /wd/hub/session/1e00d76b-2d48-4c45-a13b-1952e923f486/touch/perform 200 996 ms - 76
[HTTP] 
[HTTP] --> GET /wd/hub/session/1e00d76b-2d48-4c45-a13b-1952e923f486/window/current/size
[HTTP] {}
[W3C] Driver proxy active, passing request on via HTTP proxy
[JSONWP Proxy] Replacing sessionId 1df3d1e5-5e38-4c83-b273-d0e2cb75815e with 1e00d76b-2d48-4c45-a13b-1952e923f486
[HTTP] <-- GET /wd/hub/session/1e00d76b-2d48-4c45-a13b-1952e923f486/window/current/size 200 26 ms - 100
[HTTP] 
[HTTP] --> POST /wd/hub/session/1e00d76b-2d48-4c45-a13b-1952e923f486/elements
[HTTP] {"using":"-android uiautomator","value":"new UiSelector().className(\"android.widget.EditText\").resourceId(\"id.co.fundtastic.client:id/et_otp\").instance(0)"}
[HTTP] <-- POST /wd/hub/session/1e00d76b-2d48-4c45-a13b-1952e923f486/elements 200 34 ms - 124
[HTTP] 
[HTTP] --> GET /wd/hub/session/1e00d76b-2d48-4c45-a13b-1952e923f486
[HTTP] {}
[HTTP] <-- GET /wd/hub/session/1e00d76b-2d48-4c45-a13b-1952e923f486 200 17 ms - 1167
[HTTP] 
[HTTP] --> GET /wd/hub/session/1e00d76b-2d48-4c45-a13b-1952e923f486
[HTTP] {}
[HTTP] <-- GET /wd/hub/session/1e00d76b-2d48-4c45-a13b-1952e923f486 200 20 ms - 1167
[HTTP] 
[HTTP] --> GET /wd/hub/session/1e00d76b-2d48-4c45-a13b-1952e923f486
[HTTP] {}
[HTTP] <-- GET /wd/hub/session/1e00d76b-2d48-4c45-a13b-1952e923f486 200 14 ms - 1167
[HTTP] 
[HTTP] --> GET /wd/hub/session/1e00d76b-2d48-4c45-a13b-1952e923f486
[HTTP] {}
[HTTP] <-- GET /wd/hub/session/1e00d76b-2d48-4c45-a13b-1952e923f486 200 21 ms - 1167
[HTTP] 
[HTTP] --> GET /wd/hub/session/1e00d76b-2d48-4c45-a13b-1952e923f486/element/804c0379-6f6d-41d2-a6ee-ee4a145d0be0/location
[HTTP] {}
[W3C] Driver proxy active, passing request on via HTTP proxy
[JSONWP Proxy] Replacing sessionId 1df3d1e5-5e38-4c83-b273-d0e2cb75815e with 1e00d76b-2d48-4c45-a13b-1952e923f486
[HTTP] <-- GET /wd/hub/session/1e00d76b-2d48-4c45-a13b-1952e923f486/element/804c0379-6f6d-41d2-a6ee-ee4a145d0be0/location 200 32 ms - 89
[HTTP] 
[HTTP] --> POST /wd/hub/session/1e00d76b-2d48-4c45-a13b-1952e923f486/element/804c0379-6f6d-41d2-a6ee-ee4a145d0be0/clear
[HTTP] {"id":"804c0379-6f6d-41d2-a6ee-ee4a145d0be0"}
[HTTP] <-- POST /wd/hub/session/1e00d76b-2d48-4c45-a13b-1952e923f486/element/804c0379-6f6d-41d2-a6ee-ee4a145d0be0/clear 200 42 ms - 89
[HTTP] 
[HTTP] --> POST /wd/hub/session/1e00d76b-2d48-4c45-a13b-1952e923f486/element/804c0379-6f6d-41d2-a6ee-ee4a145d0be0/value
[HTTP] {"id":"804c0379-6f6d-41d2-a6ee-ee4a145d0be0","value":["8888"]}
[HTTP] <-- POST /wd/hub/session/1e00d76b-2d48-4c45-a13b-1952e923f486/element/804c0379-6f6d-41d2-a6ee-ee4a145d0be0/value 200 823 ms - 74
[HTTP] 
[HTTP] --> GET /wd/hub/session/1e00d76b-2d48-4c45-a13b-1952e923f486/window/current/size
[HTTP] {}
[W3C] Driver proxy active, passing request on via HTTP proxy
[JSONWP Proxy] Replacing sessionId 1df3d1e5-5e38-4c83-b273-d0e2cb75815e with 1e00d76b-2d48-4c45-a13b-1952e923f486
[HTTP] <-- GET /wd/hub/session/1e00d76b-2d48-4c45-a13b-1952e923f486/window/current/size 200 44 ms - 100
[HTTP] 
[HTTP] --> POST /wd/hub/session/1e00d76b-2d48-4c45-a13b-1952e923f486/elements
[HTTP] {"using":"-android uiautomator","value":"new UiSelector().className(\"android.widget.Button\").text(\"Verifikasi Sekarang\").resourceId(\"id.co.fundtastic.client:id/btnVerified\").instance(0)"}
[HTTP] <-- POST /wd/hub/session/1e00d76b-2d48-4c45-a13b-1952e923f486/elements 200 839 ms - 124
[HTTP] 
[HTTP] --> GET /wd/hub/session/1e00d76b-2d48-4c45-a13b-1952e923f486
[HTTP] {}
[HTTP] <-- GET /wd/hub/session/1e00d76b-2d48-4c45-a13b-1952e923f486 200 22 ms - 1167
[HTTP] 
[HTTP] --> GET /wd/hub/session/1e00d76b-2d48-4c45-a13b-1952e923f486
[HTTP] {}
[HTTP] <-- GET /wd/hub/session/1e00d76b-2d48-4c45-a13b-1952e923f486 200 15 ms - 1167
[HTTP] 
[HTTP] --> GET /wd/hub/session/1e00d76b-2d48-4c45-a13b-1952e923f486
[HTTP] {}
[HTTP] <-- GET /wd/hub/session/1e00d76b-2d48-4c45-a13b-1952e923f486 200 12 ms - 1167
[HTTP] 
[HTTP] --> GET /wd/hub/session/1e00d76b-2d48-4c45-a13b-1952e923f486
[HTTP] {}
[HTTP] <-- GET /wd/hub/session/1e00d76b-2d48-4c45-a13b-1952e923f486 200 14 ms - 1167
[HTTP] 
[HTTP] --> GET /wd/hub/session/1e00d76b-2d48-4c45-a13b-1952e923f486/element/09a8b12d-132d-41b4-b143-8bf2c5f7f3bb/location
[HTTP] {}
[W3C] Driver proxy active, passing request on via HTTP proxy
[JSONWP Proxy] Replacing sessionId 1df3d1e5-5e38-4c83-b273-d0e2cb75815e with 1e00d76b-2d48-4c45-a13b-1952e923f486
[HTTP] <-- GET /wd/hub/session/1e00d76b-2d48-4c45-a13b-1952e923f486/element/09a8b12d-132d-41b4-b143-8bf2c5f7f3bb/location 200 33 ms - 88
[HTTP] 
[HTTP] --> POST /wd/hub/session/1e00d76b-2d48-4c45-a13b-1952e923f486/touch/perform
[HTTP] {"actions":[{"action":"tap","options":{"element":"09a8b12d-132d-41b4-b143-8bf2c5f7f3bb","x":1,"y":1}}]}
[UiAutomator2] calling get location: 09a8b12d-132d-41b4-b143-8bf2c5f7f3bb
[HTTP] <-- POST /wd/hub/session/1e00d76b-2d48-4c45-a13b-1952e923f486/touch/perform 200 942 ms - 76
[HTTP] 
[HTTP] --> GET /wd/hub/session/1e00d76b-2d48-4c45-a13b-1952e923f486/window/current/size
[HTTP] {}
[W3C] Driver proxy active, passing request on via HTTP proxy
[JSONWP Proxy] Replacing sessionId 1df3d1e5-5e38-4c83-b273-d0e2cb75815e with 1e00d76b-2d48-4c45-a13b-1952e923f486
[HTTP] <-- GET /wd/hub/session/1e00d76b-2d48-4c45-a13b-1952e923f486/window/current/size 200 94 ms - 100
[HTTP] 
[HTTP] --> POST /wd/hub/session/1e00d76b-2d48-4c45-a13b-1952e923f486/elements
[HTTP] {"using":"-android uiautomator","value":"new UiSelector().className(\"android.widget.ImageView\").resourceId(\"id.co.fundtastic.client:id/icon\").instance(13)"}
[HTTP] <-- POST /wd/hub/session/1e00d76b-2d48-4c45-a13b-1952e923f486/elements 200 2703 ms - 277
[HTTP] 
[HTTP] --> GET /wd/hub/session/1e00d76b-2d48-4c45-a13b-1952e923f486
[HTTP] {}
[HTTP] <-- GET /wd/hub/session/1e00d76b-2d48-4c45-a13b-1952e923f486 200 13 ms - 1167
[HTTP] 
[HTTP] --> GET /wd/hub/session/1e00d76b-2d48-4c45-a13b-1952e923f486
[HTTP] {}
[HTTP] <-- GET /wd/hub/session/1e00d76b-2d48-4c45-a13b-1952e923f486 200 13 ms - 1167
[HTTP] 
[HTTP] --> GET /wd/hub/session/1e00d76b-2d48-4c45-a13b-1952e923f486
[HTTP] {}
[HTTP] <-- GET /wd/hub/session/1e00d76b-2d48-4c45-a13b-1952e923f486 200 13 ms - 1167
[HTTP] 
[HTTP] --> GET /wd/hub/session/1e00d76b-2d48-4c45-a13b-1952e923f486
[HTTP] {}
[HTTP] <-- GET /wd/hub/session/1e00d76b-2d48-4c45-a13b-1952e923f486 200 16 ms - 1167
[HTTP] 
[HTTP] --> GET /wd/hub/session/1e00d76b-2d48-4c45-a13b-1952e923f486
[HTTP] {}
[HTTP] <-- GET /wd/hub/session/1e00d76b-2d48-4c45-a13b-1952e923f486 200 16 ms - 1167
[HTTP] 
[HTTP] --> GET /wd/hub/session/1e00d76b-2d48-4c45-a13b-1952e923f486
[HTTP] {}
[HTTP] <-- GET /wd/hub/session/1e00d76b-2d48-4c45-a13b-1952e923f486 200 12 ms - 1167
[HTTP] 
[HTTP] --> GET /wd/hub/session/1e00d76b-2d48-4c45-a13b-1952e923f486
[HTTP] {}
[HTTP] <-- GET /wd/hub/session/1e00d76b-2d48-4c45-a13b-1952e923f486 200 13 ms - 1167
[HTTP] 
[HTTP] --> GET /wd/hub/session/1e00d76b-2d48-4c45-a13b-1952e923f486
[HTTP] {}
[HTTP] <-- GET /wd/hub/session/1e00d76b-2d48-4c45-a13b-1952e923f486 200 23 ms - 1167
[HTTP] 
[HTTP] --> GET /wd/hub/session/1e00d76b-2d48-4c45-a13b-1952e923f486
[HTTP] {}
[HTTP] <-- GET /wd/hub/session/1e00d76b-2d48-4c45-a13b-1952e923f486 200 12 ms - 1167
[HTTP] 
[HTTP] --> GET /wd/hub/session/1e00d76b-2d48-4c45-a13b-1952e923f486
[HTTP] {}
[HTTP] <-- GET /wd/hub/session/1e00d76b-2d48-4c45-a13b-1952e923f486 200 13 ms - 1167
[HTTP] 
[HTTP] --> GET /wd/hub/session/1e00d76b-2d48-4c45-a13b-1952e923f486
[HTTP] {}
[HTTP] <-- GET /wd/hub/session/1e00d76b-2d48-4c45-a13b-1952e923f486 200 11 ms - 1167
[HTTP] 
[HTTP] --> GET /wd/hub/session/1e00d76b-2d48-4c45-a13b-1952e923f486
[HTTP] {}
[HTTP] <-- GET /wd/hub/session/1e00d76b-2d48-4c45-a13b-1952e923f486 200 14 ms - 1167
[HTTP] 
[HTTP] --> GET /wd/hub/session/1e00d76b-2d48-4c45-a13b-1952e923f486
[HTTP] {}
[HTTP] <-- GET /wd/hub/session/1e00d76b-2d48-4c45-a13b-1952e923f486 200 13 ms - 1167
[HTTP] 
[HTTP] --> GET /wd/hub/session/1e00d76b-2d48-4c45-a13b-1952e923f486
[HTTP] {}
[HTTP] <-- GET /wd/hub/session/1e00d76b-2d48-4c45-a13b-1952e923f486 200 13 ms - 1167
[HTTP] 
[HTTP] --> GET /wd/hub/session/1e00d76b-2d48-4c45-a13b-1952e923f486
[HTTP] {}
[HTTP] <-- GET /wd/hub/session/1e00d76b-2d48-4c45-a13b-1952e923f486 200 15 ms - 1167
[HTTP] 
[HTTP] --> GET /wd/hub/session/1e00d76b-2d48-4c45-a13b-1952e923f486
[HTTP] {}
[HTTP] <-- GET /wd/hub/session/1e00d76b-2d48-4c45-a13b-1952e923f486 200 14 ms - 1167
[HTTP] 
[HTTP] --> GET /wd/hub/session/1e00d76b-2d48-4c45-a13b-1952e923f486/element/ff271e24-7cc8-4547-b0f3-df578eea0cd4/location
[HTTP] {}
[W3C] Driver proxy active, passing request on via HTTP proxy
[JSONWP Proxy] Replacing sessionId 1df3d1e5-5e38-4c83-b273-d0e2cb75815e with 1e00d76b-2d48-4c45-a13b-1952e923f486
[HTTP] <-- GET /wd/hub/session/1e00d76b-2d48-4c45-a13b-1952e923f486/element/ff271e24-7cc8-4547-b0f3-df578eea0cd4/location 200 31 ms - 90
[HTTP] 
[HTTP] --> POST /wd/hub/session/1e00d76b-2d48-4c45-a13b-1952e923f486/touch/perform
[HTTP] {"actions":[{"action":"tap","options":{"element":"ff271e24-7cc8-4547-b0f3-df578eea0cd4","x":1,"y":1}}]}
[UiAutomator2] calling get location: ff271e24-7cc8-4547-b0f3-df578eea0cd4
[HTTP] <-- POST /wd/hub/session/1e00d76b-2d48-4c45-a13b-1952e923f486/touch/perform 200 786 ms - 76
[HTTP] 
[HTTP] --> GET /wd/hub/session/1e00d76b-2d48-4c45-a13b-1952e923f486/window/current/size
[HTTP] {}
[W3C] Driver proxy active, passing request on via HTTP proxy
[JSONWP Proxy] Replacing sessionId 1df3d1e5-5e38-4c83-b273-d0e2cb75815e with 1e00d76b-2d48-4c45-a13b-1952e923f486
[HTTP] <-- GET /wd/hub/session/1e00d76b-2d48-4c45-a13b-1952e923f486/window/current/size 200 18 ms - 100
[HTTP] 
[HTTP] --> POST /wd/hub/session/1e00d76b-2d48-4c45-a13b-1952e923f486/elements
[HTTP] {"using":"-android uiautomator","value":"new UiSelector().className(\"android.widget.TextView\").text(\"PORTOFOLIO\").instance(1)"}
[HTTP] <-- POST /wd/hub/session/1e00d76b-2d48-4c45-a13b-1952e923f486/elements 200 58 ms - 74
[HTTP] 
[HTTP] --> POST /wd/hub/session/1e00d76b-2d48-4c45-a13b-1952e923f486/elements
[HTTP] {"using":"-android uiautomator","value":"new UiSelector().className(\"android.widget.TextView\").text(\"PORTOFOLIO\").instance(1)"}
[HTTP] <-- POST /wd/hub/session/1e00d76b-2d48-4c45-a13b-1952e923f486/elements 200 24 ms - 74
[HTTP] 
[HTTP] --> POST /wd/hub/session/1e00d76b-2d48-4c45-a13b-1952e923f486/elements
[HTTP] {"using":"-android uiautomator","value":"new UiSelector().className(\"android.widget.TextView\").text(\"PORTOFOLIO\").instance(1)"}
[HTTP] <-- POST /wd/hub/session/1e00d76b-2d48-4c45-a13b-1952e923f486/elements 200 28 ms - 74
[HTTP] 
[HTTP] --> POST /wd/hub/session/1e00d76b-2d48-4c45-a13b-1952e923f486/elements
[HTTP] {"using":"-android uiautomator","value":"new UiSelector().className(\"android.widget.TextView\").text(\"PORTOFOLIO\").instance(1)"}
[HTTP] <-- POST /wd/hub/session/1e00d76b-2d48-4c45-a13b-1952e923f486/elements 200 25 ms - 74
[HTTP] 
[HTTP] --> POST /wd/hub/session/1e00d76b-2d48-4c45-a13b-1952e923f486/elements
[HTTP] {"using":"-android uiautomator","value":"new UiSelector().className(\"android.widget.TextView\").text(\"PORTOFOLIO\").instance(1)"}
[HTTP] <-- POST /wd/hub/session/1e00d76b-2d48-4c45-a13b-1952e923f486/elements 200 28 ms - 74
[HTTP] 
[HTTP] --> POST /wd/hub/session/1e00d76b-2d48-4c45-a13b-1952e923f486/elements
[HTTP] {"using":"-android uiautomator","value":"new UiSelector().className(\"android.widget.TextView\").text(\"PORTOFOLIO\").instance(1)"}
[HTTP] <-- POST /wd/hub/session/1e00d76b-2d48-4c45-a13b-1952e923f486/elements 200 26 ms - 74
[HTTP] 
[HTTP] --> POST /wd/hub/session/1e00d76b-2d48-4c45-a13b-1952e923f486/elements
[HTTP] {"using":"-android uiautomator","value":"new UiSelector().className(\"android.widget.TextView\").text(\"PORTOFOLIO\").instance(1)"}
[HTTP] <-- POST /wd/hub/session/1e00d76b-2d48-4c45-a13b-1952e923f486/elements 200 29 ms - 74
[HTTP] 
[HTTP] --> POST /wd/hub/session/1e00d76b-2d48-4c45-a13b-1952e923f486/elements
[HTTP] {"using":"-android uiautomator","value":"new UiSelector().className(\"android.widget.TextView\").text(\"PORTOFOLIO\").instance(1)"}
[HTTP] <-- POST /wd/hub/session/1e00d76b-2d48-4c45-a13b-1952e923f486/elements 200 33 ms - 74
[HTTP] 
[HTTP] --> POST /wd/hub/session/1e00d76b-2d48-4c45-a13b-1952e923f486/elements
[HTTP] {"using":"-android uiautomator","value":"new UiSelector().className(\"android.widget.TextView\").text(\"PORTOFOLIO\").instance(1)"}
[HTTP] <-- POST /wd/hub/session/1e00d76b-2d48-4c45-a13b-1952e923f486/elements 200 27 ms - 74
[HTTP] 
[HTTP] --> POST /wd/hub/session/1e00d76b-2d48-4c45-a13b-1952e923f486/elements
[HTTP] {"using":"-android uiautomator","value":"new UiSelector().className(\"android.widget.TextView\").text(\"PORTOFOLIO\").instance(1)"}
[HTTP] <-- POST /wd/hub/session/1e00d76b-2d48-4c45-a13b-1952e923f486/elements 200 26 ms - 74
[HTTP] 
[HTTP] --> POST /wd/hub/session/1e00d76b-2d48-4c45-a13b-1952e923f486/elements
[HTTP] {"using":"-android uiautomator","value":"new UiSelector().className(\"android.widget.TextView\").text(\"PORTOFOLIO\").instance(1)"}
[HTTP] <-- POST /wd/hub/session/1e00d76b-2d48-4c45-a13b-1952e923f486/elements 200 31 ms - 74
[HTTP] 
[HTTP] --> POST /wd/hub/session/1e00d76b-2d48-4c45-a13b-1952e923f486/elements
[HTTP] {"using":"-android uiautomator","value":"new UiSelector().className(\"android.widget.TextView\").text(\"PORTOFOLIO\").instance(1)"}
[HTTP] <-- POST /wd/hub/session/1e00d76b-2d48-4c45-a13b-1952e923f486/elements 200 32 ms - 74
[HTTP] 
[HTTP] --> POST /wd/hub/session/1e00d76b-2d48-4c45-a13b-1952e923f486/elements
[HTTP] {"using":"-android uiautomator","value":"new UiSelector().className(\"android.widget.TextView\").text(\"PORTOFOLIO\").instance(1)"}
[HTTP] <-- POST /wd/hub/session/1e00d76b-2d48-4c45-a13b-1952e923f486/elements 200 25 ms - 74
[HTTP] 
[HTTP] --> POST /wd/hub/session/1e00d76b-2d48-4c45-a13b-1952e923f486/elements
[HTTP] {"using":"-android uiautomator","value":"new UiSelector().className(\"android.widget.TextView\").text(\"PORTOFOLIO\").instance(1)"}
[HTTP] <-- POST /wd/hub/session/1e00d76b-2d48-4c45-a13b-1952e923f486/elements 200 29 ms - 74
[HTTP] 
[HTTP] --> POST /wd/hub/session/1e00d76b-2d48-4c45-a13b-1952e923f486/elements
[HTTP] {"using":"-android uiautomator","value":"new UiSelector().className(\"android.widget.TextView\").text(\"PORTOFOLIO\").instance(1)"}
[HTTP] <-- POST /wd/hub/session/1e00d76b-2d48-4c45-a13b-1952e923f486/elements 200 24 ms - 74
[HTTP] 
[HTTP] --> POST /wd/hub/session/1e00d76b-2d48-4c45-a13b-1952e923f486/elements
[HTTP] {"using":"-android uiautomator","value":"new UiSelector().className(\"android.widget.TextView\").text(\"PORTOFOLIO\").instance(1)"}
[HTTP] <-- POST /wd/hub/session/1e00d76b-2d48-4c45-a13b-1952e923f486/elements 200 24 ms - 74
[HTTP] 
[HTTP] --> POST /wd/hub/session/1e00d76b-2d48-4c45-a13b-1952e923f486/elements
[HTTP] {"using":"-android uiautomator","value":"new UiSelector().className(\"android.widget.TextView\").text(\"PORTOFOLIO\").instance(1)"}
[HTTP] <-- POST /wd/hub/session/1e00d76b-2d48-4c45-a13b-1952e923f486/elements 200 26 ms - 74
[HTTP] 
[HTTP] --> POST /wd/hub/session/1e00d76b-2d48-4c45-a13b-1952e923f486/elements
[HTTP] {"using":"-android uiautomator","value":"new UiSelector().className(\"android.widget.TextView\").text(\"PORTOFOLIO\").instance(1)"}
[HTTP] <-- POST /wd/hub/session/1e00d76b-2d48-4c45-a13b-1952e923f486/elements 200 23 ms - 74
[HTTP] 
[HTTP] --> POST /wd/hub/session/1e00d76b-2d48-4c45-a13b-1952e923f486/elements
[HTTP] {"using":"-android uiautomator","value":"new UiSelector().className(\"android.widget.TextView\").text(\"PORTOFOLIO\").instance(1)"}
[HTTP] <-- POST /wd/hub/session/1e00d76b-2d48-4c45-a13b-1952e923f486/elements 200 26 ms - 74
[HTTP] 
[HTTP] --> POST /wd/hub/session/1e00d76b-2d48-4c45-a13b-1952e923f486/elements
[HTTP] {"using":"-android uiautomator","value":"new UiSelector().className(\"android.widget.TextView\").text(\"PORTOFOLIO\").instance(1)"}
[HTTP] <-- POST /wd/hub/session/1e00d76b-2d48-4c45-a13b-1952e923f486/elements 200 28 ms - 74
[HTTP] 
[HTTP] --> POST /wd/hub/session/1e00d76b-2d48-4c45-a13b-1952e923f486/elements
[HTTP] {"using":"-android uiautomator","value":"new UiSelector().className(\"android.widget.TextView\").text(\"PORTOFOLIO\").instance(1)"}
[HTTP] <-- POST /wd/hub/session/1e00d76b-2d48-4c45-a13b-1952e923f486/elements 200 26 ms - 74
[HTTP] 
[HTTP] --> POST /wd/hub/session/1e00d76b-2d48-4c45-a13b-1952e923f486/elements
[HTTP] {"using":"-android uiautomator","value":"new UiSelector().className(\"android.widget.TextView\").text(\"PORTOFOLIO\").instance(1)"}
[HTTP] <-- POST /wd/hub/session/1e00d76b-2d48-4c45-a13b-1952e923f486/elements 200 19 ms - 74
[HTTP] 
[HTTP] --> POST /wd/hub/session/1e00d76b-2d48-4c45-a13b-1952e923f486/elements
[HTTP] {"using":"-android uiautomator","value":"new UiSelector().className(\"android.widget.TextView\").text(\"PORTOFOLIO\").instance(1)"}
[HTTP] <-- POST /wd/hub/session/1e00d76b-2d48-4c45-a13b-1952e923f486/elements 200 23 ms - 74
[HTTP] 
[HTTP] --> POST /wd/hub/session/1e00d76b-2d48-4c45-a13b-1952e923f486/elements
[HTTP] {"using":"-android uiautomator","value":"new UiSelector().className(\"android.widget.TextView\").text(\"PORTOFOLIO\").instance(1)"}
[HTTP] <-- POST /wd/hub/session/1e00d76b-2d48-4c45-a13b-1952e923f486/elements 200 24 ms - 74
[HTTP] 
[HTTP] --> POST /wd/hub/session/1e00d76b-2d48-4c45-a13b-1952e923f486/elements
[HTTP] {"using":"-android uiautomator","value":"new UiSelector().className(\"android.widget.TextView\").text(\"PORTOFOLIO\").instance(1)"}
[HTTP] <-- POST /wd/hub/session/1e00d76b-2d48-4c45-a13b-1952e923f486/elements 200 21 ms - 74
[HTTP] 
[HTTP] --> POST /wd/hub/session/1e00d76b-2d48-4c45-a13b-1952e923f486/elements
[HTTP] {"using":"-android uiautomator","value":"new UiSelector().className(\"android.widget.TextView\").text(\"PORTOFOLIO\").instance(1)"}
[HTTP] <-- POST /wd/hub/session/1e00d76b-2d48-4c45-a13b-1952e923f486/elements 200 24 ms - 74
[HTTP] 
[HTTP] --> POST /wd/hub/session/1e00d76b-2d48-4c45-a13b-1952e923f486/elements
[HTTP] {"using":"-android uiautomator","value":"new UiSelector().className(\"android.widget.TextView\").text(\"PORTOFOLIO\").instance(1)"}
[HTTP] <-- POST /wd/hub/session/1e00d76b-2d48-4c45-a13b-1952e923f486/elements 200 23 ms - 74
[HTTP] 
[HTTP] --> POST /wd/hub/session/1e00d76b-2d48-4c45-a13b-1952e923f486/elements
[HTTP] {"using":"-android uiautomator","value":"new UiSelector().className(\"android.widget.TextView\").text(\"PORTOFOLIO\").instance(1)"}
[HTTP] <-- POST /wd/hub/session/1e00d76b-2d48-4c45-a13b-1952e923f486/elements 200 28 ms - 74
[HTTP] 
[HTTP] --> POST /wd/hub/session/1e00d76b-2d48-4c45-a13b-1952e923f486/elements
[HTTP] {"using":"-android uiautomator","value":"new UiSelector().className(\"android.widget.TextView\").text(\"PORTOFOLIO\").instance(1)"}
[HTTP] <-- POST /wd/hub/session/1e00d76b-2d48-4c45-a13b-1952e923f486/elements 200 23 ms - 74
[HTTP] 
[HTTP] --> POST /wd/hub/session/1e00d76b-2d48-4c45-a13b-1952e923f486/elements
[HTTP] {"using":"-android uiautomator","value":"new UiSelector().className(\"android.widget.TextView\").text(\"PORTOFOLIO\").instance(1)"}
[HTTP] <-- POST /wd/hub/session/1e00d76b-2d48-4c45-a13b-1952e923f486/elements 200 23 ms - 74
[HTTP] 
[HTTP] --> POST /wd/hub/session/1e00d76b-2d48-4c45-a13b-1952e923f486/elements
[HTTP] {"using":"-android uiautomator","value":"new UiSelector().className(\"android.widget.TextView\").text(\"PORTOFOLIO\").instance(1)"}
[HTTP] <-- POST /wd/hub/session/1e00d76b-2d48-4c45-a13b-1952e923f486/elements 200 22 ms - 74
[HTTP] 
[HTTP] --> POST /wd/hub/session/1e00d76b-2d48-4c45-a13b-1952e923f486/elements
[HTTP] {"using":"-android uiautomator","value":"new UiSelector().className(\"android.widget.TextView\").text(\"PORTOFOLIO\").instance(1)"}
[HTTP] <-- POST /wd/hub/session/1e00d76b-2d48-4c45-a13b-1952e923f486/elements 200 24 ms - 74
[HTTP] 
[HTTP] --> POST /wd/hub/session/1e00d76b-2d48-4c45-a13b-1952e923f486/elements
[HTTP] {"using":"-android uiautomator","value":"new UiSelector().className(\"android.widget.TextView\").text(\"PORTOFOLIO\").instance(1)"}
[HTTP] <-- POST /wd/hub/session/1e00d76b-2d48-4c45-a13b-1952e923f486/elements 200 22 ms - 74
[HTTP] 
[HTTP] --> POST /wd/hub/session/1e00d76b-2d48-4c45-a13b-1952e923f486/elements
[HTTP] {"using":"-android uiautomator","value":"new UiSelector().className(\"android.widget.TextView\").text(\"PORTOFOLIO\").instance(1)"}
[HTTP] <-- POST /wd/hub/session/1e00d76b-2d48-4c45-a13b-1952e923f486/elements 200 28 ms - 74
[HTTP] 
[HTTP] --> POST /wd/hub/session/1e00d76b-2d48-4c45-a13b-1952e923f486/elements
[HTTP] {"using":"-android uiautomator","value":"new UiSelector().className(\"android.widget.TextView\").text(\"PORTOFOLIO\").instance(1)"}
[HTTP] <-- POST /wd/hub/session/1e00d76b-2d48-4c45-a13b-1952e923f486/elements 200 22 ms - 74
[HTTP] 
[HTTP] --> POST /wd/hub/session/1e00d76b-2d48-4c45-a13b-1952e923f486/elements
[HTTP] {"using":"-android uiautomator","value":"new UiSelector().className(\"android.widget.TextView\").text(\"PORTOFOLIO\").instance(1)"}
[HTTP] <-- POST /wd/hub/session/1e00d76b-2d48-4c45-a13b-1952e923f486/elements 200 20 ms - 74
[HTTP] 
[HTTP] --> POST /wd/hub/session/1e00d76b-2d48-4c45-a13b-1952e923f486/elements
[HTTP] {"using":"-android uiautomator","value":"new UiSelector().className(\"android.widget.TextView\").text(\"PORTOFOLIO\").instance(1)"}
[HTTP] <-- POST /wd/hub/session/1e00d76b-2d48-4c45-a13b-1952e923f486/elements 200 26 ms - 74
[HTTP] 
[HTTP] --> POST /wd/hub/session/1e00d76b-2d48-4c45-a13b-1952e923f486/elements
[HTTP] {"using":"-android uiautomator","value":"new UiSelector().className(\"android.widget.TextView\").text(\"PORTOFOLIO\").instance(1)"}
[HTTP] <-- POST /wd/hub/session/1e00d76b-2d48-4c45-a13b-1952e923f486/elements 200 30 ms - 74
[HTTP] 
[HTTP] --> POST /wd/hub/session/1e00d76b-2d48-4c45-a13b-1952e923f486/elements
[HTTP] {"using":"-android uiautomator","value":"new UiSelector().className(\"android.widget.TextView\").text(\"PORTOFOLIO\").instance(1)"}
[HTTP] <-- POST /wd/hub/session/1e00d76b-2d48-4c45-a13b-1952e923f486/elements 200 24 ms - 74
[HTTP] 
[HTTP] --> POST /wd/hub/session/1e00d76b-2d48-4c45-a13b-1952e923f486/elements
[HTTP] {"using":"-android uiautomator","value":"new UiSelector().className(\"android.widget.TextView\").text(\"PORTOFOLIO\").instance(1)"}
[HTTP] <-- POST /wd/hub/session/1e00d76b-2d48-4c45-a13b-1952e923f486/elements 200 24 ms - 74
[HTTP] 
[HTTP] --> POST /wd/hub/session/1e00d76b-2d48-4c45-a13b-1952e923f486/elements
[HTTP] {"using":"-android uiautomator","value":"new UiSelector().className(\"android.widget.TextView\").text(\"PORTOFOLIO\").instance(1)"}
[HTTP] <-- POST /wd/hub/session/1e00d76b-2d48-4c45-a13b-1952e923f486/elements 200 26 ms - 74
[HTTP] 
[HTTP] --> POST /wd/hub/session/1e00d76b-2d48-4c45-a13b-1952e923f486/elements
[HTTP] {"using":"-android uiautomator","value":"new UiSelector().className(\"android.widget.TextView\").text(\"PORTOFOLIO\").instance(1)"}
[HTTP] <-- POST /wd/hub/session/1e00d76b-2d48-4c45-a13b-1952e923f486/elements 200 22 ms - 74
[HTTP] 
[HTTP] --> POST /wd/hub/session/1e00d76b-2d48-4c45-a13b-1952e923f486/elements
[HTTP] {"using":"-android uiautomator","value":"new UiSelector().className(\"android.widget.TextView\").text(\"PORTOFOLIO\").instance(1)"}
[HTTP] <-- POST /wd/hub/session/1e00d76b-2d48-4c45-a13b-1952e923f486/elements 200 40 ms - 74
[HTTP] 
[HTTP] --> POST /wd/hub/session/1e00d76b-2d48-4c45-a13b-1952e923f486/elements
[HTTP] {"using":"-android uiautomator","value":"new UiSelector().className(\"android.widget.TextView\").text(\"PORTOFOLIO\").instance(1)"}
[HTTP] <-- POST /wd/hub/session/1e00d76b-2d48-4c45-a13b-1952e923f486/elements 200 31 ms - 74
[HTTP] 
[HTTP] --> POST /wd/hub/session/1e00d76b-2d48-4c45-a13b-1952e923f486/elements
[HTTP] {"using":"-android uiautomator","value":"new UiSelector().className(\"android.widget.TextView\").text(\"PORTOFOLIO\").instance(1)"}
[HTTP] <-- POST /wd/hub/session/1e00d76b-2d48-4c45-a13b-1952e923f486/elements 200 27 ms - 74
[HTTP] 
[HTTP] --> POST /wd/hub/session/1e00d76b-2d48-4c45-a13b-1952e923f486/elements
[HTTP] {"using":"-android uiautomator","value":"new UiSelector().className(\"android.widget.TextView\").text(\"PORTOFOLIO\").instance(1)"}
[HTTP] <-- POST /wd/hub/session/1e00d76b-2d48-4c45-a13b-1952e923f486/elements 200 23 ms - 74
[HTTP] 
[HTTP] --> POST /wd/hub/session/1e00d76b-2d48-4c45-a13b-1952e923f486/elements
[HTTP] {"using":"-android uiautomator","value":"new UiSelector().className(\"android.widget.TextView\").text(\"PORTOFOLIO\").instance(1)"}
[HTTP] <-- POST /wd/hub/session/1e00d76b-2d48-4c45-a13b-1952e923f486/elements 200 59 ms - 74
[HTTP] 
[HTTP] --> POST /wd/hub/session/1e00d76b-2d48-4c45-a13b-1952e923f486/elements
[HTTP] {"using":"-android uiautomator","value":"new UiSelector().className(\"android.widget.TextView\").text(\"PORTOFOLIO\").instance(1)"}
[HTTP] <-- POST /wd/hub/session/1e00d76b-2d48-4c45-a13b-1952e923f486/elements 200 29 ms - 74
[HTTP] 
[HTTP] --> POST /wd/hub/session/1e00d76b-2d48-4c45-a13b-1952e923f486/elements
[HTTP] {"using":"-android uiautomator","value":"new UiSelector().className(\"android.widget.TextView\").text(\"PORTOFOLIO\").instance(1)"}
[HTTP] <-- POST /wd/hub/session/1e00d76b-2d48-4c45-a13b-1952e923f486/elements 200 31 ms - 74
[HTTP] 
[HTTP] --> POST /wd/hub/session/1e00d76b-2d48-4c45-a13b-1952e923f486/elements
[HTTP] {"using":"-android uiautomator","value":"new UiSelector().className(\"android.widget.TextView\").text(\"PORTOFOLIO\").instance(1)"}
[HTTP] <-- POST /wd/hub/session/1e00d76b-2d48-4c45-a13b-1952e923f486/elements 200 25 ms - 74
[HTTP] 
[HTTP] --> POST /wd/hub/session/1e00d76b-2d48-4c45-a13b-1952e923f486/elements
[HTTP] {"using":"-android uiautomator","value":"new UiSelector().className(\"android.widget.TextView\").text(\"PORTOFOLIO\").instance(1)"}
[HTTP] <-- POST /wd/hub/session/1e00d76b-2d48-4c45-a13b-1952e923f486/elements 200 19 ms - 74
[HTTP] 
[HTTP] --> POST /wd/hub/session/1e00d76b-2d48-4c45-a13b-1952e923f486/elements
[HTTP] {"using":"-android uiautomator","value":"new UiSelector().className(\"android.widget.TextView\").text(\"PORTOFOLIO\").instance(1)"}
[HTTP] <-- POST /wd/hub/session/1e00d76b-2d48-4c45-a13b-1952e923f486/elements 200 24 ms - 74
[HTTP] 
[HTTP] --> POST /wd/hub/session/1e00d76b-2d48-4c45-a13b-1952e923f486/elements
[HTTP] {"using":"-android uiautomator","value":"new UiSelector().className(\"android.widget.TextView\").text(\"PORTOFOLIO\").instance(1)"}
[HTTP] <-- POST /wd/hub/session/1e00d76b-2d48-4c45-a13b-1952e923f486/elements 200 26 ms - 74
[HTTP] 
[HTTP] --> POST /wd/hub/session/1e00d76b-2d48-4c45-a13b-1952e923f486/elements
[HTTP] {"using":"-android uiautomator","value":"new UiSelector().className(\"android.widget.TextView\").text(\"PORTOFOLIO\").instance(1)"}
[HTTP] <-- POST /wd/hub/session/1e00d76b-2d48-4c45-a13b-1952e923f486/elements 200 24 ms - 74
[HTTP] 
[HTTP] --> POST /wd/hub/session/1e00d76b-2d48-4c45-a13b-1952e923f486/elements
[HTTP] {"using":"-android uiautomator","value":"new UiSelector().className(\"android.widget.TextView\").text(\"PORTOFOLIO\").instance(1)"}
[HTTP] <-- POST /wd/hub/session/1e00d76b-2d48-4c45-a13b-1952e923f486/elements 200 25 ms - 74
[HTTP] 
[HTTP] --> POST /wd/hub/session/1e00d76b-2d48-4c45-a13b-1952e923f486/elements
[HTTP] {"using":"-android uiautomator","value":"new UiSelector().className(\"android.widget.TextView\").text(\"PORTOFOLIO\").instance(1)"}
[HTTP] <-- POST /wd/hub/session/1e00d76b-2d48-4c45-a13b-1952e923f486/elements 200 29 ms - 74
[HTTP] 
[HTTP] --> POST /wd/hub/session/1e00d76b-2d48-4c45-a13b-1952e923f486/elements
[HTTP] {"using":"-android uiautomator","value":"new UiSelector().className(\"android.widget.TextView\").text(\"PORTOFOLIO\").instance(1)"}
[HTTP] <-- POST /wd/hub/session/1e00d76b-2d48-4c45-a13b-1952e923f486/elements 200 29 ms - 74
[HTTP] 
[HTTP] --> POST /wd/hub/session/1e00d76b-2d48-4c45-a13b-1952e923f486/elements
[HTTP] {"using":"-android uiautomator","value":"new UiSelector().className(\"android.widget.TextView\").text(\"PORTOFOLIO\").instance(1)"}
[HTTP] <-- POST /wd/hub/session/1e00d76b-2d48-4c45-a13b-1952e923f486/elements 200 40 ms - 74
[HTTP] 
[HTTP] --> POST /wd/hub/session/1e00d76b-2d48-4c45-a13b-1952e923f486/elements
[HTTP] {"using":"-android uiautomator","value":"new UiSelector().className(\"android.widget.TextView\").text(\"PORTOFOLIO\").instance(1)"}
[HTTP] <-- POST /wd/hub/session/1e00d76b-2d48-4c45-a13b-1952e923f486/elements 200 32 ms - 74
[HTTP] 
[HTTP] --> POST /wd/hub/session/1e00d76b-2d48-4c45-a13b-1952e923f486/elements
[HTTP] {"using":"-android uiautomator","value":"new UiSelector().className(\"android.widget.TextView\").text(\"PORTOFOLIO\").instance(1)"}
[HTTP] <-- POST /wd/hub/session/1e00d76b-2d48-4c45-a13b-1952e923f486/elements 200 26 ms - 74
[HTTP] 
[HTTP] --> POST /wd/hub/session/1e00d76b-2d48-4c45-a13b-1952e923f486/elements
[HTTP] {"using":"-android uiautomator","value":"new UiSelector().className(\"android.widget.TextView\").text(\"PORTOFOLIO\").instance(1)"}
[HTTP] <-- POST /wd/hub/session/1e00d76b-2d48-4c45-a13b-1952e923f486/elements 200 28 ms - 74
[HTTP] 
[HTTP] --> POST /wd/hub/session/1e00d76b-2d48-4c45-a13b-1952e923f486/elements
[HTTP] {"using":"-android uiautomator","value":"new UiSelector().className(\"android.widget.TextView\").text(\"PORTOFOLIO\").instance(1)"}
[HTTP] <-- POST /wd/hub/session/1e00d76b-2d48-4c45-a13b-1952e923f486/elements 200 28 ms - 74
[HTTP] 
[HTTP] --> GET /wd/hub/session/1e00d76b-2d48-4c45-a13b-1952e923f486/context
[HTTP] {}
[HTTP] <-- GET /wd/hub/session/1e00d76b-2d48-4c45-a13b-1952e923f486/context 200 3 ms - 84
[HTTP] 
[HTTP] --> GET /wd/hub/session/1e00d76b-2d48-4c45-a13b-1952e923f486/contexts
[HTTP] {}
[HTTP] <-- GET /wd/hub/session/1e00d76b-2d48-4c45-a13b-1952e923f486/contexts 200 48 ms - 127
[HTTP] 
[HTTP] --> POST /wd/hub/session/1e00d76b-2d48-4c45-a13b-1952e923f486/context
[HTTP] {"name":"NATIVE_APP"}
[HTTP] <-- POST /wd/hub/session/1e00d76b-2d48-4c45-a13b-1952e923f486/context 200 37 ms - 76
[HTTP] 
[HTTP] --> GET /wd/hub/session/1e00d76b-2d48-4c45-a13b-1952e923f486/screenshot
[HTTP] {}
[HTTP] <-- GET /wd/hub/session/1e00d76b-2d48-4c45-a13b-1952e923f486/screenshot 200 640 ms - 421214
[HTTP] 
[HTTP] --> POST /wd/hub/session/1e00d76b-2d48-4c45-a13b-1952e923f486/context
[HTTP] {"name":"NATIVE_APP"}
[HTTP] <-- POST /wd/hub/session/1e00d76b-2d48-4c45-a13b-1952e923f486/context 200 44 ms - 76
[HTTP] 
[HTTP] --> GET /wd/hub/session/1e00d76b-2d48-4c45-a13b-1952e923f486/context
[HTTP] {}
[HTTP] <-- GET /wd/hub/session/1e00d76b-2d48-4c45-a13b-1952e923f486/context 200 2 ms - 84
[HTTP] 
[HTTP] --> GET /wd/hub/session/1e00d76b-2d48-4c45-a13b-1952e923f486/contexts
[HTTP] {}
[HTTP] <-- GET /wd/hub/session/1e00d76b-2d48-4c45-a13b-1952e923f486/contexts 200 32 ms - 127
[HTTP] 
[HTTP] --> POST /wd/hub/session/1e00d76b-2d48-4c45-a13b-1952e923f486/context
[HTTP] {"name":"NATIVE_APP"}
[HTTP] <-- POST /wd/hub/session/1e00d76b-2d48-4c45-a13b-1952e923f486/context 200 40 ms - 76
[HTTP] 
[HTTP] --> GET /wd/hub/session/1e00d76b-2d48-4c45-a13b-1952e923f486/screenshot
[HTTP] {}
[HTTP] <-- GET /wd/hub/session/1e00d76b-2d48-4c45-a13b-1952e923f486/screenshot 200 419 ms - 421214
[HTTP] 
[HTTP] --> POST /wd/hub/session/1e00d76b-2d48-4c45-a13b-1952e923f486/context
[HTTP] {"name":"NATIVE_APP"}
[HTTP] <-- POST /wd/hub/session/1e00d76b-2d48-4c45-a13b-1952e923f486/context 200 39 ms - 76
[HTTP] 
[HTTP] --> DELETE /wd/hub/session/1e00d76b-2d48-4c45-a13b-1952e923f486
[HTTP] {}
[Appium] Removing session 1e00d76b-2d48-4c45-a13b-1952e923f486 from our master session list
[ADB] id.co.fundtastic.client was successfully uninstalled
[HTTP] <-- DELETE /wd/hub/session/1e00d76b-2d48-4c45-a13b-1952e923f486 200 1711 ms - 76
[HTTP] 
