[Appium] Welcome to Appium v1.8.1
[Appium] Non-default server args:
[Appium]   port: 51124
[Appium]   loglevel: info
[Appium]   chromeDriverPort: 51125
[Appium]   tmpDir: /var/folders/ts/p6rxgpw53_d96xw60slkng7m0000gn/T//Katalon/Appium/Temp1562124991735
[Appium] Appium REST http interface listener started on 0.0.0.0:51124
[HTTP] --> GET /wd/hub/status
[HTTP] {}
[HTTP] <-- GET /wd/hub/status 200 35 ms - 83
[HTTP] 
[HTTP] --> POST /wd/hub/session
[HTTP] {"desiredCapabilities":{"app":"/Users/ustore/Downloads/Development.apk","autoGrantPermissions":true,"automationName":"uiautomator2","deviceName":"emulator-5554 (Android SDK built for x86 - Android 9)","fullReset":true,"newCommandTimeout":1800,"noReset":false,"platform":"ANDROID","platformName":"Android","udid":"emulator-5554"},"capabilities":{"desiredCapabilities":{"app":"/Users/ustore/Downloads/Development.apk","autoGrantPermissions":true,"automationName":"uiautomator2","deviceName":"emulator-5554 (Android SDK built for x86 - Android 9)","fullReset":true,"newCommandTimeout":1800,"noReset":false,"platform":"ANDROID","platformName":"Android","udid":"emulator-5554"},"firstMatch":[{"platformName":"android"}]}}
[Appium] Could not parse W3C capabilities: 'deviceName' can't be blank. Falling back to JSONWP protocol.
[Appium] The following capabilities were provided in the JSONWP desired capabilities that are missing in W3C capabilities: ["app","autoGrantPermissions","automationName","deviceName","fullReset","newCommandTimeout","noReset","platform","platformName","udid"]. Falling back to JSONWP protocol.
[Appium] Creating new AndroidUiautomator2Driver (v1.12.0) session
[Appium] Capabilities:
[Appium]   app: /Users/ustore/Downloads/Development.apk
[Appium]   autoGrantPermissions: true
[Appium]   automationName: uiautomator2
[Appium]   deviceName: emulator-5554 (Android SDK built for x86 - Android 9)
[Appium]   fullReset: true
[Appium]   newCommandTimeout: 1800
[Appium]   noReset: false
[Appium]   platform: ANDROID
[Appium]   platformName: Android
[Appium]   udid: emulator-5554
[BaseDriver] The following capabilities were provided, but are not recognized by appium: platform.
[BaseDriver] Session created with session id: 1d2ba79f-f8b6-448f-b1a6-cb0d8a9f5c21
[BaseDriver] Using local app '/Users/ustore/Downloads/Development.apk'
[AndroidDriver] Java version is: 1.8.0_181
[ADB] Checking whether adb is present
[ADB] Found 1 'build-tools' folders under '/Users/ustore/.katalon/tools/android_sdk' (newest first):
[ADB]     /Users/ustore/.katalon/tools/android_sdk/build-tools/28.0.3
[ADB] Using adb from /Users/ustore/.katalon/tools/android_sdk/platform-tools/adb
[AndroidDriver] Retrieving device list
[AndroidDriver] Using device: emulator-5554
[ADB] Using the alternative activity name detection method because of: Could not find apkanalyzer in /Users/ustore/.katalon/tools/android_sdk/platform-tools/apkanalyzer,/Users/ustore/.katalon/tools/android_sdk/emulator/apkanalyzer,/Users/ustore/.katalon/tools/android_sdk/tools/apkanalyzer,/Users/ustore/.katalon/tools/android_sdk/tools/bin/apkanalyzer,/Users/ustore/.katalon/tools/android_sdk/build-tools/28.0.3/apkanalyzer. Do you have the Android SDK installed at '/Users/ustore/.katalon/tools/android_sdk'?
[ADB] Checking whether aapt is present
[ADB] Using aapt from /Users/ustore/.katalon/tools/android_sdk/build-tools/28.0.3/aapt
[ADB] Extracting package and launch activity from manifest
[ADB] Package name: 'id.co.fundtastic.client'
[ADB] Main activity name: 'id.co.fundtastic.client.splash.presentation.SplashActivity'
[ADB] Getting device platform version
[ADB] Using apksigner from /Users/ustore/.katalon/tools/android_sdk/build-tools/28.0.3/apksigner
[ADB] Cannot read version codes of '/usr/local/lib/node_modules/appium/node_modules/appium-uiautomator2-server/apks/appium-uiautomator2-server-debug-androidTest.apk' and/or 'io.appium.uiautomator2.server.test'
[ADB] Cannot read version names of '/usr/local/lib/node_modules/appium/node_modules/appium-uiautomator2-server/apks/appium-uiautomator2-server-debug-androidTest.apk' and/or 'io.appium.uiautomator2.server.test'. Assuming correct app version is already installed
[AndroidDriver] setDeviceLanguageCountry requires language or country.
[AndroidDriver] Got language: 'null' and country: 'null'
[ADB] Successfully extracted 194 strings from '/Users/ustore/Downloads/Development.apk' resources for '(default)' configuration
[ADB] id.co.fundtastic.client was successfully uninstalled
[UiAutomator2] Starting uiautomator2 server 1.12.0
[UiAutomator2] Using UIAutomator2 server from '/usr/local/lib/node_modules/appium/node_modules/appium-uiautomator2-server/apks/appium-uiautomator2-server-v1.12.0.apk' and test from '/usr/local/lib/node_modules/appium/node_modules/appium-uiautomator2-server/apks/appium-uiautomator2-server-debug-androidTest.apk'
[UiAutomator2] Running command: 'adb -s emulator-5554 shell am instrument -w io.appium.uiautomator2.server.test/android.support.test.runner.AndroidJUnitRunner'
[UiAutomator2] Waiting up to 20000ms for UiAutomator2 to be online...
[AndroidDriver] Screen already unlocked, doing nothing
[UiAutomator2] UiAutomator2 did not start the activity we were waiting for, 'id.co.fundtastic.client/id.co.fundtastic.client.splash.presentation.SplashActivity'. Starting it ourselves
[Appium] New AndroidUiautomator2Driver session created successfully, session 1d2ba79f-f8b6-448f-b1a6-cb0d8a9f5c21 added to master session list
[HTTP] <-- POST /wd/hub/session 200 15904 ms - 1167
[HTTP] 
[HTTP] --> GET /wd/hub/status
[HTTP] {}
[HTTP] <-- GET /wd/hub/status 200 32 ms - 55
[HTTP] 
[HTTP] --> POST /wd/hub/session/1d2ba79f-f8b6-448f-b1a6-cb0d8a9f5c21/timeouts
[HTTP] {"type":"implicit","ms":30000}
[HTTP] <-- POST /wd/hub/session/1d2ba79f-f8b6-448f-b1a6-cb0d8a9f5c21/timeouts 400 25 ms - 4196
[HTTP] 
[HTTP] --> GET /wd/hub/session/1d2ba79f-f8b6-448f-b1a6-cb0d8a9f5c21/window/current/size
[HTTP] {}
[W3C] Driver proxy active, passing request on via HTTP proxy
[JSONWP Proxy] Replacing sessionId 40ffb13a-4171-496e-be57-0055314beedd with 1d2ba79f-f8b6-448f-b1a6-cb0d8a9f5c21
[HTTP] <-- GET /wd/hub/session/1d2ba79f-f8b6-448f-b1a6-cb0d8a9f5c21/window/current/size 200 59 ms - 100
[HTTP] 
[HTTP] --> POST /wd/hub/session/1d2ba79f-f8b6-448f-b1a6-cb0d8a9f5c21/elements
[HTTP] {"using":"-android uiautomator","value":"new UiSelector().className(\"android.widget.TextView\").text(\"Mulailah berinvestasi untuk meraih mimpimu\").instance(0)"}
[HTTP] <-- POST /wd/hub/session/1d2ba79f-f8b6-448f-b1a6-cb0d8a9f5c21/elements 200 537 ms - 74
[HTTP] 
[HTTP] --> POST /wd/hub/session/1d2ba79f-f8b6-448f-b1a6-cb0d8a9f5c21/elements
[HTTP] {"using":"-android uiautomator","value":"new UiSelector().className(\"android.widget.TextView\").text(\"Mulailah berinvestasi untuk meraih mimpimu\").instance(0)"}
[HTTP] <-- POST /wd/hub/session/1d2ba79f-f8b6-448f-b1a6-cb0d8a9f5c21/elements 200 286 ms - 74
[HTTP] 
[HTTP] --> POST /wd/hub/session/1d2ba79f-f8b6-448f-b1a6-cb0d8a9f5c21/elements
[HTTP] {"using":"-android uiautomator","value":"new UiSelector().className(\"android.widget.TextView\").text(\"Mulailah berinvestasi untuk meraih mimpimu\").instance(0)"}
[HTTP] <-- POST /wd/hub/session/1d2ba79f-f8b6-448f-b1a6-cb0d8a9f5c21/elements 200 533 ms - 74
[HTTP] 
[HTTP] --> POST /wd/hub/session/1d2ba79f-f8b6-448f-b1a6-cb0d8a9f5c21/elements
[HTTP] {"using":"-android uiautomator","value":"new UiSelector().className(\"android.widget.TextView\").text(\"Mulailah berinvestasi untuk meraih mimpimu\").instance(0)"}
[HTTP] <-- POST /wd/hub/session/1d2ba79f-f8b6-448f-b1a6-cb0d8a9f5c21/elements 200 53 ms - 74
[HTTP] 
[HTTP] --> POST /wd/hub/session/1d2ba79f-f8b6-448f-b1a6-cb0d8a9f5c21/elements
[HTTP] {"using":"-android uiautomator","value":"new UiSelector().className(\"android.widget.TextView\").text(\"Mulailah berinvestasi untuk meraih mimpimu\").instance(0)"}
[HTTP] <-- POST /wd/hub/session/1d2ba79f-f8b6-448f-b1a6-cb0d8a9f5c21/elements 200 60 ms - 74
[HTTP] 
[HTTP] --> POST /wd/hub/session/1d2ba79f-f8b6-448f-b1a6-cb0d8a9f5c21/elements
[HTTP] {"using":"-android uiautomator","value":"new UiSelector().className(\"android.widget.TextView\").text(\"Mulailah berinvestasi untuk meraih mimpimu\").instance(0)"}
[HTTP] <-- POST /wd/hub/session/1d2ba79f-f8b6-448f-b1a6-cb0d8a9f5c21/elements 200 48 ms - 74
[HTTP] 
[HTTP] --> POST /wd/hub/session/1d2ba79f-f8b6-448f-b1a6-cb0d8a9f5c21/elements
[HTTP] {"using":"-android uiautomator","value":"new UiSelector().className(\"android.widget.TextView\").text(\"Mulailah berinvestasi untuk meraih mimpimu\").instance(0)"}
[HTTP] <-- POST /wd/hub/session/1d2ba79f-f8b6-448f-b1a6-cb0d8a9f5c21/elements 200 59 ms - 74
[HTTP] 
[HTTP] --> POST /wd/hub/session/1d2ba79f-f8b6-448f-b1a6-cb0d8a9f5c21/elements
[HTTP] {"using":"-android uiautomator","value":"new UiSelector().className(\"android.widget.TextView\").text(\"Mulailah berinvestasi untuk meraih mimpimu\").instance(0)"}
[HTTP] <-- POST /wd/hub/session/1d2ba79f-f8b6-448f-b1a6-cb0d8a9f5c21/elements 200 35 ms - 74
[HTTP] 
[HTTP] --> POST /wd/hub/session/1d2ba79f-f8b6-448f-b1a6-cb0d8a9f5c21/elements
[HTTP] {"using":"-android uiautomator","value":"new UiSelector().className(\"android.widget.TextView\").text(\"Mulailah berinvestasi untuk meraih mimpimu\").instance(0)"}
[HTTP] <-- POST /wd/hub/session/1d2ba79f-f8b6-448f-b1a6-cb0d8a9f5c21/elements 200 33 ms - 74
[HTTP] 
[HTTP] --> POST /wd/hub/session/1d2ba79f-f8b6-448f-b1a6-cb0d8a9f5c21/elements
[HTTP] {"using":"-android uiautomator","value":"new UiSelector().className(\"android.widget.TextView\").text(\"Mulailah berinvestasi untuk meraih mimpimu\").instance(0)"}
[HTTP] <-- POST /wd/hub/session/1d2ba79f-f8b6-448f-b1a6-cb0d8a9f5c21/elements 200 44 ms - 74
[HTTP] 
[HTTP] --> POST /wd/hub/session/1d2ba79f-f8b6-448f-b1a6-cb0d8a9f5c21/elements
[HTTP] {"using":"-android uiautomator","value":"new UiSelector().className(\"android.widget.TextView\").text(\"Mulailah berinvestasi untuk meraih mimpimu\").instance(0)"}
[HTTP] <-- POST /wd/hub/session/1d2ba79f-f8b6-448f-b1a6-cb0d8a9f5c21/elements 200 49 ms - 74
[HTTP] 
[HTTP] --> POST /wd/hub/session/1d2ba79f-f8b6-448f-b1a6-cb0d8a9f5c21/elements
[HTTP] {"using":"-android uiautomator","value":"new UiSelector().className(\"android.widget.TextView\").text(\"Mulailah berinvestasi untuk meraih mimpimu\").instance(0)"}
[HTTP] <-- POST /wd/hub/session/1d2ba79f-f8b6-448f-b1a6-cb0d8a9f5c21/elements 200 44 ms - 74
[HTTP] 
[HTTP] --> POST /wd/hub/session/1d2ba79f-f8b6-448f-b1a6-cb0d8a9f5c21/elements
[HTTP] {"using":"-android uiautomator","value":"new UiSelector().className(\"android.widget.TextView\").text(\"Mulailah berinvestasi untuk meraih mimpimu\").instance(0)"}
[HTTP] <-- POST /wd/hub/session/1d2ba79f-f8b6-448f-b1a6-cb0d8a9f5c21/elements 200 55 ms - 74
[HTTP] 
[HTTP] --> POST /wd/hub/session/1d2ba79f-f8b6-448f-b1a6-cb0d8a9f5c21/elements
[HTTP] {"using":"-android uiautomator","value":"new UiSelector().className(\"android.widget.TextView\").text(\"Mulailah berinvestasi untuk meraih mimpimu\").instance(0)"}
[HTTP] <-- POST /wd/hub/session/1d2ba79f-f8b6-448f-b1a6-cb0d8a9f5c21/elements 200 41 ms - 74
[HTTP] 
[HTTP] --> POST /wd/hub/session/1d2ba79f-f8b6-448f-b1a6-cb0d8a9f5c21/elements
[HTTP] {"using":"-android uiautomator","value":"new UiSelector().className(\"android.widget.TextView\").text(\"Mulailah berinvestasi untuk meraih mimpimu\").instance(0)"}
[HTTP] <-- POST /wd/hub/session/1d2ba79f-f8b6-448f-b1a6-cb0d8a9f5c21/elements 200 82 ms - 74
[HTTP] 
[HTTP] --> POST /wd/hub/session/1d2ba79f-f8b6-448f-b1a6-cb0d8a9f5c21/elements
[HTTP] {"using":"-android uiautomator","value":"new UiSelector().className(\"android.widget.TextView\").text(\"Mulailah berinvestasi untuk meraih mimpimu\").instance(0)"}
[HTTP] <-- POST /wd/hub/session/1d2ba79f-f8b6-448f-b1a6-cb0d8a9f5c21/elements 200 57 ms - 74
[HTTP] 
[HTTP] --> POST /wd/hub/session/1d2ba79f-f8b6-448f-b1a6-cb0d8a9f5c21/elements
[HTTP] {"using":"-android uiautomator","value":"new UiSelector().className(\"android.widget.TextView\").text(\"Mulailah berinvestasi untuk meraih mimpimu\").instance(0)"}
[HTTP] <-- POST /wd/hub/session/1d2ba79f-f8b6-448f-b1a6-cb0d8a9f5c21/elements 200 49 ms - 74
[HTTP] 
[HTTP] --> POST /wd/hub/session/1d2ba79f-f8b6-448f-b1a6-cb0d8a9f5c21/elements
[HTTP] {"using":"-android uiautomator","value":"new UiSelector().className(\"android.widget.TextView\").text(\"Mulailah berinvestasi untuk meraih mimpimu\").instance(0)"}
[HTTP] <-- POST /wd/hub/session/1d2ba79f-f8b6-448f-b1a6-cb0d8a9f5c21/elements 200 62 ms - 74
[HTTP] 
[HTTP] --> POST /wd/hub/session/1d2ba79f-f8b6-448f-b1a6-cb0d8a9f5c21/elements
[HTTP] {"using":"-android uiautomator","value":"new UiSelector().className(\"android.widget.TextView\").text(\"Mulailah berinvestasi untuk meraih mimpimu\").instance(0)"}
[HTTP] <-- POST /wd/hub/session/1d2ba79f-f8b6-448f-b1a6-cb0d8a9f5c21/elements 200 100 ms - 74
[HTTP] 
[HTTP] --> POST /wd/hub/session/1d2ba79f-f8b6-448f-b1a6-cb0d8a9f5c21/elements
[HTTP] {"using":"-android uiautomator","value":"new UiSelector().className(\"android.widget.TextView\").text(\"Mulailah berinvestasi untuk meraih mimpimu\").instance(0)"}
[HTTP] <-- POST /wd/hub/session/1d2ba79f-f8b6-448f-b1a6-cb0d8a9f5c21/elements 200 3074 ms - 124
[HTTP] 
[HTTP] --> GET /wd/hub/session/1d2ba79f-f8b6-448f-b1a6-cb0d8a9f5c21
[HTTP] {}
[HTTP] <-- GET /wd/hub/session/1d2ba79f-f8b6-448f-b1a6-cb0d8a9f5c21 200 19 ms - 1167
[HTTP] 
[HTTP] --> GET /wd/hub/session/1d2ba79f-f8b6-448f-b1a6-cb0d8a9f5c21
[HTTP] {}
[HTTP] <-- GET /wd/hub/session/1d2ba79f-f8b6-448f-b1a6-cb0d8a9f5c21 200 45 ms - 1167
[HTTP] 
[HTTP] --> GET /wd/hub/session/1d2ba79f-f8b6-448f-b1a6-cb0d8a9f5c21
[HTTP] {}
[HTTP] <-- GET /wd/hub/session/1d2ba79f-f8b6-448f-b1a6-cb0d8a9f5c21 200 15 ms - 1167
[HTTP] 
[HTTP] --> GET /wd/hub/session/1d2ba79f-f8b6-448f-b1a6-cb0d8a9f5c21
[HTTP] {}
[HTTP] <-- GET /wd/hub/session/1d2ba79f-f8b6-448f-b1a6-cb0d8a9f5c21 200 22 ms - 1167
[HTTP] 
[HTTP] --> GET /wd/hub/session/1d2ba79f-f8b6-448f-b1a6-cb0d8a9f5c21/element/2cb4fa41-9983-4040-87bc-4af765119ca2/location
[HTTP] {}
[W3C] Driver proxy active, passing request on via HTTP proxy
[JSONWP Proxy] Replacing sessionId 40ffb13a-4171-496e-be57-0055314beedd with 1d2ba79f-f8b6-448f-b1a6-cb0d8a9f5c21
[HTTP] <-- GET /wd/hub/session/1d2ba79f-f8b6-448f-b1a6-cb0d8a9f5c21/element/2cb4fa41-9983-4040-87bc-4af765119ca2/location 200 119 ms - 88
[HTTP] 
[HTTP] --> GET /wd/hub/session/1d2ba79f-f8b6-448f-b1a6-cb0d8a9f5c21/element/2cb4fa41-9983-4040-87bc-4af765119ca2/text
[HTTP] {}
[W3C] Driver proxy active, passing request on via HTTP proxy
[JSONWP Proxy] Replacing sessionId 40ffb13a-4171-496e-be57-0055314beedd with 1d2ba79f-f8b6-448f-b1a6-cb0d8a9f5c21
[HTTP] <-- GET /wd/hub/session/1d2ba79f-f8b6-448f-b1a6-cb0d8a9f5c21/element/2cb4fa41-9983-4040-87bc-4af765119ca2/text 200 165 ms - 116
[HTTP] 
[HTTP] --> GET /wd/hub/session/1d2ba79f-f8b6-448f-b1a6-cb0d8a9f5c21/window/current/size
[HTTP] {}
[W3C] Driver proxy active, passing request on via HTTP proxy
[JSONWP Proxy] Replacing sessionId 40ffb13a-4171-496e-be57-0055314beedd with 1d2ba79f-f8b6-448f-b1a6-cb0d8a9f5c21
[HTTP] <-- GET /wd/hub/session/1d2ba79f-f8b6-448f-b1a6-cb0d8a9f5c21/window/current/size 200 32 ms - 100
[HTTP] 
[HTTP] --> POST /wd/hub/session/1d2ba79f-f8b6-448f-b1a6-cb0d8a9f5c21/elements
[HTTP] {"using":"-android uiautomator","value":"new UiSelector().className(\"android.widget.ImageView\").resourceId(\"id.co.fundtastic.client:id/checklist\").instance(6)"}
[HTTP] <-- POST /wd/hub/session/1d2ba79f-f8b6-448f-b1a6-cb0d8a9f5c21/elements 200 1844 ms - 124
[HTTP] 
[HTTP] --> GET /wd/hub/session/1d2ba79f-f8b6-448f-b1a6-cb0d8a9f5c21
[HTTP] {}
[HTTP] <-- GET /wd/hub/session/1d2ba79f-f8b6-448f-b1a6-cb0d8a9f5c21 200 30 ms - 1167
[HTTP] 
[HTTP] --> GET /wd/hub/session/1d2ba79f-f8b6-448f-b1a6-cb0d8a9f5c21
[HTTP] {}
[HTTP] <-- GET /wd/hub/session/1d2ba79f-f8b6-448f-b1a6-cb0d8a9f5c21 200 31 ms - 1167
[HTTP] 
[HTTP] --> GET /wd/hub/session/1d2ba79f-f8b6-448f-b1a6-cb0d8a9f5c21
[HTTP] {}
[HTTP] <-- GET /wd/hub/session/1d2ba79f-f8b6-448f-b1a6-cb0d8a9f5c21 200 75 ms - 1167
[HTTP] 
[HTTP] --> GET /wd/hub/session/1d2ba79f-f8b6-448f-b1a6-cb0d8a9f5c21
[HTTP] {}
[HTTP] <-- GET /wd/hub/session/1d2ba79f-f8b6-448f-b1a6-cb0d8a9f5c21 200 118 ms - 1167
[HTTP] 
[HTTP] --> GET /wd/hub/session/1d2ba79f-f8b6-448f-b1a6-cb0d8a9f5c21/element/aabb711b-7766-435e-a52d-100b9966c951/location
[HTTP] {}
[W3C] Driver proxy active, passing request on via HTTP proxy
[JSONWP Proxy] Replacing sessionId 40ffb13a-4171-496e-be57-0055314beedd with 1d2ba79f-f8b6-448f-b1a6-cb0d8a9f5c21
[HTTP] <-- GET /wd/hub/session/1d2ba79f-f8b6-448f-b1a6-cb0d8a9f5c21/element/aabb711b-7766-435e-a52d-100b9966c951/location 200 120 ms - 90
[HTTP] 
[HTTP] --> POST /wd/hub/session/1d2ba79f-f8b6-448f-b1a6-cb0d8a9f5c21/touch/perform
[HTTP] {"actions":[{"action":"tap","options":{"element":"aabb711b-7766-435e-a52d-100b9966c951","x":1,"y":1}}]}
[UiAutomator2] calling get location: aabb711b-7766-435e-a52d-100b9966c951
[HTTP] <-- POST /wd/hub/session/1d2ba79f-f8b6-448f-b1a6-cb0d8a9f5c21/touch/perform 200 832 ms - 76
[HTTP] 
[HTTP] --> GET /wd/hub/session/1d2ba79f-f8b6-448f-b1a6-cb0d8a9f5c21/window/current/size
[HTTP] {}
[W3C] Driver proxy active, passing request on via HTTP proxy
[JSONWP Proxy] Replacing sessionId 40ffb13a-4171-496e-be57-0055314beedd with 1d2ba79f-f8b6-448f-b1a6-cb0d8a9f5c21
[HTTP] <-- GET /wd/hub/session/1d2ba79f-f8b6-448f-b1a6-cb0d8a9f5c21/window/current/size 200 29 ms - 100
[HTTP] 
[HTTP] --> POST /wd/hub/session/1d2ba79f-f8b6-448f-b1a6-cb0d8a9f5c21/elements
[HTTP] {"using":"-android uiautomator","value":"new UiSelector().className(\"android.widget.LinearLayout\").instance(4)"}
[HTTP] <-- POST /wd/hub/session/1d2ba79f-f8b6-448f-b1a6-cb0d8a9f5c21/elements 200 242 ms - 124
[HTTP] 
[HTTP] --> GET /wd/hub/session/1d2ba79f-f8b6-448f-b1a6-cb0d8a9f5c21
[HTTP] {}
[HTTP] <-- GET /wd/hub/session/1d2ba79f-f8b6-448f-b1a6-cb0d8a9f5c21 200 51 ms - 1167
[HTTP] 
[HTTP] --> GET /wd/hub/session/1d2ba79f-f8b6-448f-b1a6-cb0d8a9f5c21
[HTTP] {}
[HTTP] <-- GET /wd/hub/session/1d2ba79f-f8b6-448f-b1a6-cb0d8a9f5c21 200 52 ms - 1167
[HTTP] 
[HTTP] --> GET /wd/hub/session/1d2ba79f-f8b6-448f-b1a6-cb0d8a9f5c21
[HTTP] {}
[HTTP] <-- GET /wd/hub/session/1d2ba79f-f8b6-448f-b1a6-cb0d8a9f5c21 200 20 ms - 1167
[HTTP] 
[HTTP] --> GET /wd/hub/session/1d2ba79f-f8b6-448f-b1a6-cb0d8a9f5c21
[HTTP] {}
[HTTP] <-- GET /wd/hub/session/1d2ba79f-f8b6-448f-b1a6-cb0d8a9f5c21 200 25 ms - 1167
[HTTP] 
[HTTP] --> GET /wd/hub/session/1d2ba79f-f8b6-448f-b1a6-cb0d8a9f5c21/element/f426161f-dc31-4fb9-8d2a-99bd4c775258/location
[HTTP] {}
[W3C] Driver proxy active, passing request on via HTTP proxy
[JSONWP Proxy] Replacing sessionId 40ffb13a-4171-496e-be57-0055314beedd with 1d2ba79f-f8b6-448f-b1a6-cb0d8a9f5c21
[HTTP] <-- GET /wd/hub/session/1d2ba79f-f8b6-448f-b1a6-cb0d8a9f5c21/element/f426161f-dc31-4fb9-8d2a-99bd4c775258/location 200 45 ms - 87
[HTTP] 
[HTTP] --> POST /wd/hub/session/1d2ba79f-f8b6-448f-b1a6-cb0d8a9f5c21/touch/perform
[HTTP] {"actions":[{"action":"tap","options":{"element":"f426161f-dc31-4fb9-8d2a-99bd4c775258","x":1,"y":1}}]}
[UiAutomator2] calling get location: f426161f-dc31-4fb9-8d2a-99bd4c775258
[HTTP] <-- POST /wd/hub/session/1d2ba79f-f8b6-448f-b1a6-cb0d8a9f5c21/touch/perform 200 818 ms - 76
[HTTP] 
[HTTP] --> GET /wd/hub/session/1d2ba79f-f8b6-448f-b1a6-cb0d8a9f5c21/context
[HTTP] {}
[HTTP] <-- GET /wd/hub/session/1d2ba79f-f8b6-448f-b1a6-cb0d8a9f5c21/context 200 3 ms - 84
[HTTP] 
[HTTP] --> GET /wd/hub/session/1d2ba79f-f8b6-448f-b1a6-cb0d8a9f5c21/contexts
[HTTP] {}
[HTTP] <-- GET /wd/hub/session/1d2ba79f-f8b6-448f-b1a6-cb0d8a9f5c21/contexts 200 77 ms - 127
[HTTP] 
[HTTP] --> POST /wd/hub/session/1d2ba79f-f8b6-448f-b1a6-cb0d8a9f5c21/context
[HTTP] {"name":"NATIVE_APP"}
[HTTP] <-- POST /wd/hub/session/1d2ba79f-f8b6-448f-b1a6-cb0d8a9f5c21/context 200 60 ms - 76
[HTTP] 
[HTTP] --> POST /wd/hub/session/1d2ba79f-f8b6-448f-b1a6-cb0d8a9f5c21/touch/perform
[HTTP] {"actions":[{"action":"press","options":{"x":800,"y":1000}},{"action":"wait","options":{"ms":500}},{"action":"moveTo","options":{"x":10,"y":800}}]}
[HTTP] <-- POST /wd/hub/session/1d2ba79f-f8b6-448f-b1a6-cb0d8a9f5c21/touch/perform 200 2062 ms - 76
[HTTP] 
[HTTP] --> POST /wd/hub/session/1d2ba79f-f8b6-448f-b1a6-cb0d8a9f5c21/context
[HTTP] {"name":"NATIVE_APP"}
[HTTP] <-- POST /wd/hub/session/1d2ba79f-f8b6-448f-b1a6-cb0d8a9f5c21/context 200 38 ms - 76
[HTTP] 
[HTTP] --> GET /wd/hub/session/1d2ba79f-f8b6-448f-b1a6-cb0d8a9f5c21/window/current/size
[HTTP] {}
[W3C] Driver proxy active, passing request on via HTTP proxy
[JSONWP Proxy] Replacing sessionId 40ffb13a-4171-496e-be57-0055314beedd with 1d2ba79f-f8b6-448f-b1a6-cb0d8a9f5c21
[HTTP] <-- GET /wd/hub/session/1d2ba79f-f8b6-448f-b1a6-cb0d8a9f5c21/window/current/size 200 19 ms - 100
[HTTP] 
[HTTP] --> POST /wd/hub/session/1d2ba79f-f8b6-448f-b1a6-cb0d8a9f5c21/elements
[HTTP] {"using":"-android uiautomator","value":"new UiSelector().className(\"android.widget.LinearLayout\").instance(4)"}
[HTTP] <-- POST /wd/hub/session/1d2ba79f-f8b6-448f-b1a6-cb0d8a9f5c21/elements 200 155 ms - 124
[HTTP] 
[HTTP] --> GET /wd/hub/session/1d2ba79f-f8b6-448f-b1a6-cb0d8a9f5c21
[HTTP] {}
[HTTP] <-- GET /wd/hub/session/1d2ba79f-f8b6-448f-b1a6-cb0d8a9f5c21 200 25 ms - 1284
[HTTP] 
[HTTP] --> GET /wd/hub/session/1d2ba79f-f8b6-448f-b1a6-cb0d8a9f5c21
[HTTP] {}
[HTTP] <-- GET /wd/hub/session/1d2ba79f-f8b6-448f-b1a6-cb0d8a9f5c21 200 26 ms - 1284
[HTTP] 
[HTTP] --> GET /wd/hub/session/1d2ba79f-f8b6-448f-b1a6-cb0d8a9f5c21
[HTTP] {}
[HTTP] <-- GET /wd/hub/session/1d2ba79f-f8b6-448f-b1a6-cb0d8a9f5c21 200 17 ms - 1284
[HTTP] 
[HTTP] --> GET /wd/hub/session/1d2ba79f-f8b6-448f-b1a6-cb0d8a9f5c21
[HTTP] {}
[HTTP] <-- GET /wd/hub/session/1d2ba79f-f8b6-448f-b1a6-cb0d8a9f5c21 200 21 ms - 1284
[HTTP] 
[HTTP] --> GET /wd/hub/session/1d2ba79f-f8b6-448f-b1a6-cb0d8a9f5c21/element/d9114f00-e9c3-4c2e-9a2b-d1b6db4b8c8e/location
[HTTP] {}
[W3C] Driver proxy active, passing request on via HTTP proxy
[JSONWP Proxy] Replacing sessionId 40ffb13a-4171-496e-be57-0055314beedd with 1d2ba79f-f8b6-448f-b1a6-cb0d8a9f5c21
[HTTP] <-- GET /wd/hub/session/1d2ba79f-f8b6-448f-b1a6-cb0d8a9f5c21/element/d9114f00-e9c3-4c2e-9a2b-d1b6db4b8c8e/location 200 59 ms - 87
[HTTP] 
[HTTP] --> POST /wd/hub/session/1d2ba79f-f8b6-448f-b1a6-cb0d8a9f5c21/touch/perform
[HTTP] {"actions":[{"action":"tap","options":{"element":"d9114f00-e9c3-4c2e-9a2b-d1b6db4b8c8e","x":1,"y":1}}]}
[UiAutomator2] calling get location: d9114f00-e9c3-4c2e-9a2b-d1b6db4b8c8e
[HTTP] <-- POST /wd/hub/session/1d2ba79f-f8b6-448f-b1a6-cb0d8a9f5c21/touch/perform 200 1115 ms - 76
[HTTP] 
[HTTP] --> GET /wd/hub/session/1d2ba79f-f8b6-448f-b1a6-cb0d8a9f5c21/context
[HTTP] {}
[HTTP] <-- GET /wd/hub/session/1d2ba79f-f8b6-448f-b1a6-cb0d8a9f5c21/context 200 2 ms - 84
[HTTP] 
[HTTP] --> GET /wd/hub/session/1d2ba79f-f8b6-448f-b1a6-cb0d8a9f5c21/contexts
[HTTP] {}
[HTTP] <-- GET /wd/hub/session/1d2ba79f-f8b6-448f-b1a6-cb0d8a9f5c21/contexts 200 104 ms - 127
[HTTP] 
[HTTP] --> POST /wd/hub/session/1d2ba79f-f8b6-448f-b1a6-cb0d8a9f5c21/context
[HTTP] {"name":"NATIVE_APP"}
[HTTP] <-- POST /wd/hub/session/1d2ba79f-f8b6-448f-b1a6-cb0d8a9f5c21/context 200 39 ms - 76
[HTTP] 
[HTTP] --> POST /wd/hub/session/1d2ba79f-f8b6-448f-b1a6-cb0d8a9f5c21/touch/perform
[HTTP] {"actions":[{"action":"press","options":{"x":800,"y":1000}},{"action":"wait","options":{"ms":500}},{"action":"moveTo","options":{"x":10,"y":800}}]}
[HTTP] <-- POST /wd/hub/session/1d2ba79f-f8b6-448f-b1a6-cb0d8a9f5c21/touch/perform 200 2121 ms - 76
[HTTP] 
[HTTP] --> POST /wd/hub/session/1d2ba79f-f8b6-448f-b1a6-cb0d8a9f5c21/context
[HTTP] {"name":"NATIVE_APP"}
[HTTP] <-- POST /wd/hub/session/1d2ba79f-f8b6-448f-b1a6-cb0d8a9f5c21/context 200 49 ms - 76
[HTTP] 
[HTTP] --> GET /wd/hub/session/1d2ba79f-f8b6-448f-b1a6-cb0d8a9f5c21/window/current/size
[HTTP] {}
[W3C] Driver proxy active, passing request on via HTTP proxy
[JSONWP Proxy] Replacing sessionId 40ffb13a-4171-496e-be57-0055314beedd with 1d2ba79f-f8b6-448f-b1a6-cb0d8a9f5c21
[HTTP] <-- GET /wd/hub/session/1d2ba79f-f8b6-448f-b1a6-cb0d8a9f5c21/window/current/size 200 33 ms - 100
[HTTP] 
[HTTP] --> POST /wd/hub/session/1d2ba79f-f8b6-448f-b1a6-cb0d8a9f5c21/elements
[HTTP] {"using":"-android uiautomator","value":"new UiSelector().className(\"android.widget.LinearLayout\").instance(4)"}
[HTTP] <-- POST /wd/hub/session/1d2ba79f-f8b6-448f-b1a6-cb0d8a9f5c21/elements 200 81 ms - 124
[HTTP] 
[HTTP] --> GET /wd/hub/session/1d2ba79f-f8b6-448f-b1a6-cb0d8a9f5c21
[HTTP] {}
[HTTP] <-- GET /wd/hub/session/1d2ba79f-f8b6-448f-b1a6-cb0d8a9f5c21 200 16 ms - 1284
[HTTP] 
[HTTP] --> GET /wd/hub/session/1d2ba79f-f8b6-448f-b1a6-cb0d8a9f5c21
[HTTP] {}
[HTTP] <-- GET /wd/hub/session/1d2ba79f-f8b6-448f-b1a6-cb0d8a9f5c21 200 16 ms - 1284
[HTTP] 
[HTTP] --> GET /wd/hub/session/1d2ba79f-f8b6-448f-b1a6-cb0d8a9f5c21
[HTTP] {}
[HTTP] <-- GET /wd/hub/session/1d2ba79f-f8b6-448f-b1a6-cb0d8a9f5c21 200 20 ms - 1284
[HTTP] 
[HTTP] --> GET /wd/hub/session/1d2ba79f-f8b6-448f-b1a6-cb0d8a9f5c21
[HTTP] {}
[HTTP] <-- GET /wd/hub/session/1d2ba79f-f8b6-448f-b1a6-cb0d8a9f5c21 200 19 ms - 1284
[HTTP] 
[HTTP] --> GET /wd/hub/session/1d2ba79f-f8b6-448f-b1a6-cb0d8a9f5c21/element/12b89c29-3b90-48b0-9759-968c76e3e9fd/location
[HTTP] {}
[W3C] Driver proxy active, passing request on via HTTP proxy
[JSONWP Proxy] Replacing sessionId 40ffb13a-4171-496e-be57-0055314beedd with 1d2ba79f-f8b6-448f-b1a6-cb0d8a9f5c21
[HTTP] <-- GET /wd/hub/session/1d2ba79f-f8b6-448f-b1a6-cb0d8a9f5c21/element/12b89c29-3b90-48b0-9759-968c76e3e9fd/location 200 28 ms - 87
[HTTP] 
[HTTP] --> POST /wd/hub/session/1d2ba79f-f8b6-448f-b1a6-cb0d8a9f5c21/touch/perform
[HTTP] {"actions":[{"action":"tap","options":{"element":"12b89c29-3b90-48b0-9759-968c76e3e9fd","x":1,"y":1}}]}
[UiAutomator2] calling get location: 12b89c29-3b90-48b0-9759-968c76e3e9fd
[HTTP] <-- POST /wd/hub/session/1d2ba79f-f8b6-448f-b1a6-cb0d8a9f5c21/touch/perform 200 1152 ms - 76
[HTTP] 
[HTTP] --> GET /wd/hub/session/1d2ba79f-f8b6-448f-b1a6-cb0d8a9f5c21/context
[HTTP] {}
[HTTP] <-- GET /wd/hub/session/1d2ba79f-f8b6-448f-b1a6-cb0d8a9f5c21/context 200 2 ms - 84
[HTTP] 
[HTTP] --> GET /wd/hub/session/1d2ba79f-f8b6-448f-b1a6-cb0d8a9f5c21/contexts
[HTTP] {}
[HTTP] <-- GET /wd/hub/session/1d2ba79f-f8b6-448f-b1a6-cb0d8a9f5c21/contexts 200 34 ms - 127
[HTTP] 
[HTTP] --> POST /wd/hub/session/1d2ba79f-f8b6-448f-b1a6-cb0d8a9f5c21/context
[HTTP] {"name":"NATIVE_APP"}
[HTTP] <-- POST /wd/hub/session/1d2ba79f-f8b6-448f-b1a6-cb0d8a9f5c21/context 200 48 ms - 76
[HTTP] 
[HTTP] --> POST /wd/hub/session/1d2ba79f-f8b6-448f-b1a6-cb0d8a9f5c21/touch/perform
[HTTP] {"actions":[{"action":"press","options":{"x":800,"y":1000}},{"action":"wait","options":{"ms":500}},{"action":"moveTo","options":{"x":10,"y":800}}]}
[HTTP] <-- POST /wd/hub/session/1d2ba79f-f8b6-448f-b1a6-cb0d8a9f5c21/touch/perform 200 2080 ms - 76
[HTTP] 
[HTTP] --> POST /wd/hub/session/1d2ba79f-f8b6-448f-b1a6-cb0d8a9f5c21/context
[HTTP] {"name":"NATIVE_APP"}
[HTTP] <-- POST /wd/hub/session/1d2ba79f-f8b6-448f-b1a6-cb0d8a9f5c21/context 200 89 ms - 76
[HTTP] 
[HTTP] --> GET /wd/hub/session/1d2ba79f-f8b6-448f-b1a6-cb0d8a9f5c21/window/current/size
[HTTP] {}
[W3C] Driver proxy active, passing request on via HTTP proxy
[JSONWP Proxy] Replacing sessionId 40ffb13a-4171-496e-be57-0055314beedd with 1d2ba79f-f8b6-448f-b1a6-cb0d8a9f5c21
[HTTP] <-- GET /wd/hub/session/1d2ba79f-f8b6-448f-b1a6-cb0d8a9f5c21/window/current/size 200 123 ms - 100
[HTTP] 
[HTTP] --> POST /wd/hub/session/1d2ba79f-f8b6-448f-b1a6-cb0d8a9f5c21/elements
[HTTP] {"using":"-android uiautomator","value":"new UiSelector().className(\"android.widget.LinearLayout\").instance(4)"}
[HTTP] <-- POST /wd/hub/session/1d2ba79f-f8b6-448f-b1a6-cb0d8a9f5c21/elements 200 283 ms - 124
[HTTP] 
[HTTP] --> GET /wd/hub/session/1d2ba79f-f8b6-448f-b1a6-cb0d8a9f5c21
[HTTP] {}
[HTTP] <-- GET /wd/hub/session/1d2ba79f-f8b6-448f-b1a6-cb0d8a9f5c21 200 76 ms - 1167
[HTTP] 
[HTTP] --> GET /wd/hub/session/1d2ba79f-f8b6-448f-b1a6-cb0d8a9f5c21
[HTTP] {}
[HTTP] <-- GET /wd/hub/session/1d2ba79f-f8b6-448f-b1a6-cb0d8a9f5c21 200 62 ms - 1167
[HTTP] 
[HTTP] --> GET /wd/hub/session/1d2ba79f-f8b6-448f-b1a6-cb0d8a9f5c21
[HTTP] {}
[HTTP] <-- GET /wd/hub/session/1d2ba79f-f8b6-448f-b1a6-cb0d8a9f5c21 200 78 ms - 1167
[HTTP] 
[HTTP] --> GET /wd/hub/session/1d2ba79f-f8b6-448f-b1a6-cb0d8a9f5c21
[HTTP] {}
[HTTP] <-- GET /wd/hub/session/1d2ba79f-f8b6-448f-b1a6-cb0d8a9f5c21 200 63 ms - 1167
[HTTP] 
[HTTP] --> GET /wd/hub/session/1d2ba79f-f8b6-448f-b1a6-cb0d8a9f5c21/element/efe2e18f-976f-4506-b9dc-8907a8edbc68/location
[HTTP] {}
[W3C] Driver proxy active, passing request on via HTTP proxy
[JSONWP Proxy] Replacing sessionId 40ffb13a-4171-496e-be57-0055314beedd with 1d2ba79f-f8b6-448f-b1a6-cb0d8a9f5c21
[HTTP] <-- GET /wd/hub/session/1d2ba79f-f8b6-448f-b1a6-cb0d8a9f5c21/element/efe2e18f-976f-4506-b9dc-8907a8edbc68/location 200 141 ms - 88
[HTTP] 
[HTTP] --> POST /wd/hub/session/1d2ba79f-f8b6-448f-b1a6-cb0d8a9f5c21/touch/perform
[HTTP] {"actions":[{"action":"tap","options":{"element":"efe2e18f-976f-4506-b9dc-8907a8edbc68","x":1,"y":1}}]}
[UiAutomator2] calling get location: efe2e18f-976f-4506-b9dc-8907a8edbc68
[HTTP] <-- POST /wd/hub/session/1d2ba79f-f8b6-448f-b1a6-cb0d8a9f5c21/touch/perform 200 3559 ms - 76
[HTTP] 
[HTTP] --> GET /wd/hub/session/1d2ba79f-f8b6-448f-b1a6-cb0d8a9f5c21/context
[HTTP] {}
[HTTP] <-- GET /wd/hub/session/1d2ba79f-f8b6-448f-b1a6-cb0d8a9f5c21/context 200 3 ms - 84
[HTTP] 
[HTTP] --> GET /wd/hub/session/1d2ba79f-f8b6-448f-b1a6-cb0d8a9f5c21/contexts
[HTTP] {}
[HTTP] <-- GET /wd/hub/session/1d2ba79f-f8b6-448f-b1a6-cb0d8a9f5c21/contexts 200 35 ms - 127
[HTTP] 
[HTTP] --> POST /wd/hub/session/1d2ba79f-f8b6-448f-b1a6-cb0d8a9f5c21/context
[HTTP] {"name":"NATIVE_APP"}
[HTTP] <-- POST /wd/hub/session/1d2ba79f-f8b6-448f-b1a6-cb0d8a9f5c21/context 200 47 ms - 76
[HTTP] 
[HTTP] --> POST /wd/hub/session/1d2ba79f-f8b6-448f-b1a6-cb0d8a9f5c21/touch/perform
[HTTP] {"actions":[{"action":"press","options":{"x":800,"y":1000}},{"action":"wait","options":{"ms":500}},{"action":"moveTo","options":{"x":10,"y":800}}]}
[HTTP] <-- POST /wd/hub/session/1d2ba79f-f8b6-448f-b1a6-cb0d8a9f5c21/touch/perform 200 2062 ms - 76
[HTTP] 
[HTTP] --> POST /wd/hub/session/1d2ba79f-f8b6-448f-b1a6-cb0d8a9f5c21/context
[HTTP] {"name":"NATIVE_APP"}
[HTTP] <-- POST /wd/hub/session/1d2ba79f-f8b6-448f-b1a6-cb0d8a9f5c21/context 200 79 ms - 76
[HTTP] 
[HTTP] --> GET /wd/hub/session/1d2ba79f-f8b6-448f-b1a6-cb0d8a9f5c21/window/current/size
[HTTP] {}
[W3C] Driver proxy active, passing request on via HTTP proxy
[JSONWP Proxy] Replacing sessionId 40ffb13a-4171-496e-be57-0055314beedd with 1d2ba79f-f8b6-448f-b1a6-cb0d8a9f5c21
[HTTP] <-- GET /wd/hub/session/1d2ba79f-f8b6-448f-b1a6-cb0d8a9f5c21/window/current/size 200 71 ms - 100
[HTTP] 
[HTTP] --> POST /wd/hub/session/1d2ba79f-f8b6-448f-b1a6-cb0d8a9f5c21/elements
[HTTP] {"using":"-android uiautomator","value":"new UiSelector().className(\"android.widget.EditText\").text(\"No Handphone\").resourceId(\"id.co.fundtastic.client:id/et_phone\").instance(0)"}
[HTTP] <-- POST /wd/hub/session/1d2ba79f-f8b6-448f-b1a6-cb0d8a9f5c21/elements 200 204 ms - 124
[HTTP] 
[HTTP] --> GET /wd/hub/session/1d2ba79f-f8b6-448f-b1a6-cb0d8a9f5c21
[HTTP] {}
[HTTP] <-- GET /wd/hub/session/1d2ba79f-f8b6-448f-b1a6-cb0d8a9f5c21 200 97 ms - 1167
[HTTP] 
[HTTP] --> GET /wd/hub/session/1d2ba79f-f8b6-448f-b1a6-cb0d8a9f5c21
[HTTP] {}
[HTTP] <-- GET /wd/hub/session/1d2ba79f-f8b6-448f-b1a6-cb0d8a9f5c21 200 36 ms - 1167
[HTTP] 
[HTTP] --> GET /wd/hub/session/1d2ba79f-f8b6-448f-b1a6-cb0d8a9f5c21
[HTTP] {}
[HTTP] <-- GET /wd/hub/session/1d2ba79f-f8b6-448f-b1a6-cb0d8a9f5c21 200 35 ms - 1167
[HTTP] 
[HTTP] --> GET /wd/hub/session/1d2ba79f-f8b6-448f-b1a6-cb0d8a9f5c21
[HTTP] {}
[HTTP] <-- GET /wd/hub/session/1d2ba79f-f8b6-448f-b1a6-cb0d8a9f5c21 200 47 ms - 1167
[HTTP] 
[HTTP] --> GET /wd/hub/session/1d2ba79f-f8b6-448f-b1a6-cb0d8a9f5c21/element/19d3064a-fb4c-49ba-80d5-e3b67a081697/location
[HTTP] {}
[W3C] Driver proxy active, passing request on via HTTP proxy
[JSONWP Proxy] Replacing sessionId 40ffb13a-4171-496e-be57-0055314beedd with 1d2ba79f-f8b6-448f-b1a6-cb0d8a9f5c21
[HTTP] <-- GET /wd/hub/session/1d2ba79f-f8b6-448f-b1a6-cb0d8a9f5c21/element/19d3064a-fb4c-49ba-80d5-e3b67a081697/location 200 106 ms - 88
[HTTP] 
[HTTP] --> POST /wd/hub/session/1d2ba79f-f8b6-448f-b1a6-cb0d8a9f5c21/element/19d3064a-fb4c-49ba-80d5-e3b67a081697/clear
[HTTP] {"id":"19d3064a-fb4c-49ba-80d5-e3b67a081697"}
[HTTP] <-- POST /wd/hub/session/1d2ba79f-f8b6-448f-b1a6-cb0d8a9f5c21/element/19d3064a-fb4c-49ba-80d5-e3b67a081697/clear 200 150 ms - 89
[HTTP] 
[HTTP] --> POST /wd/hub/session/1d2ba79f-f8b6-448f-b1a6-cb0d8a9f5c21/element/19d3064a-fb4c-49ba-80d5-e3b67a081697/value
[HTTP] {"id":"19d3064a-fb4c-49ba-80d5-e3b67a081697","value":["081215161452"]}
[HTTP] <-- POST /wd/hub/session/1d2ba79f-f8b6-448f-b1a6-cb0d8a9f5c21/element/19d3064a-fb4c-49ba-80d5-e3b67a081697/value 200 1186 ms - 74
[HTTP] 
[HTTP] --> GET /wd/hub/session/1d2ba79f-f8b6-448f-b1a6-cb0d8a9f5c21/window/current/size
[HTTP] {}
[W3C] Driver proxy active, passing request on via HTTP proxy
[JSONWP Proxy] Replacing sessionId 40ffb13a-4171-496e-be57-0055314beedd with 1d2ba79f-f8b6-448f-b1a6-cb0d8a9f5c21
[HTTP] <-- GET /wd/hub/session/1d2ba79f-f8b6-448f-b1a6-cb0d8a9f5c21/window/current/size 200 40 ms - 100
[HTTP] 
[HTTP] --> POST /wd/hub/session/1d2ba79f-f8b6-448f-b1a6-cb0d8a9f5c21/elements
[HTTP] {"using":"-android uiautomator","value":"new UiSelector().className(\"android.widget.Button\").text(\"MASUK\").resourceId(\"id.co.fundtastic.client:id/btnLogin\").instance(0)"}
[HTTP] <-- POST /wd/hub/session/1d2ba79f-f8b6-448f-b1a6-cb0d8a9f5c21/elements 200 465 ms - 124
[HTTP] 
[HTTP] --> GET /wd/hub/session/1d2ba79f-f8b6-448f-b1a6-cb0d8a9f5c21
[HTTP] {}
[HTTP] <-- GET /wd/hub/session/1d2ba79f-f8b6-448f-b1a6-cb0d8a9f5c21 200 14 ms - 1167
[HTTP] 
[HTTP] --> GET /wd/hub/session/1d2ba79f-f8b6-448f-b1a6-cb0d8a9f5c21
[HTTP] {}
[HTTP] <-- GET /wd/hub/session/1d2ba79f-f8b6-448f-b1a6-cb0d8a9f5c21 200 22 ms - 1167
[HTTP] 
[HTTP] --> GET /wd/hub/session/1d2ba79f-f8b6-448f-b1a6-cb0d8a9f5c21
[HTTP] {}
[HTTP] <-- GET /wd/hub/session/1d2ba79f-f8b6-448f-b1a6-cb0d8a9f5c21 200 16 ms - 1167
[HTTP] 
[HTTP] --> GET /wd/hub/session/1d2ba79f-f8b6-448f-b1a6-cb0d8a9f5c21
[HTTP] {}
[HTTP] <-- GET /wd/hub/session/1d2ba79f-f8b6-448f-b1a6-cb0d8a9f5c21 200 22 ms - 1167
[HTTP] 
[HTTP] --> GET /wd/hub/session/1d2ba79f-f8b6-448f-b1a6-cb0d8a9f5c21/element/08bbb164-40e8-42f5-aeca-91f696c20a4b/location
[HTTP] {}
[W3C] Driver proxy active, passing request on via HTTP proxy
[JSONWP Proxy] Replacing sessionId 40ffb13a-4171-496e-be57-0055314beedd with 1d2ba79f-f8b6-448f-b1a6-cb0d8a9f5c21
[HTTP] <-- GET /wd/hub/session/1d2ba79f-f8b6-448f-b1a6-cb0d8a9f5c21/element/08bbb164-40e8-42f5-aeca-91f696c20a4b/location 200 31 ms - 88
[HTTP] 
[HTTP] --> POST /wd/hub/session/1d2ba79f-f8b6-448f-b1a6-cb0d8a9f5c21/touch/perform
[HTTP] {"actions":[{"action":"tap","options":{"element":"08bbb164-40e8-42f5-aeca-91f696c20a4b","x":1,"y":1}}]}
[UiAutomator2] calling get location: 08bbb164-40e8-42f5-aeca-91f696c20a4b
[HTTP] <-- POST /wd/hub/session/1d2ba79f-f8b6-448f-b1a6-cb0d8a9f5c21/touch/perform 200 887 ms - 76
[HTTP] 
[HTTP] --> GET /wd/hub/session/1d2ba79f-f8b6-448f-b1a6-cb0d8a9f5c21/window/current/size
[HTTP] {}
[W3C] Driver proxy active, passing request on via HTTP proxy
[JSONWP Proxy] Replacing sessionId 40ffb13a-4171-496e-be57-0055314beedd with 1d2ba79f-f8b6-448f-b1a6-cb0d8a9f5c21
[HTTP] <-- GET /wd/hub/session/1d2ba79f-f8b6-448f-b1a6-cb0d8a9f5c21/window/current/size 200 120 ms - 100
[HTTP] 
[HTTP] --> POST /wd/hub/session/1d2ba79f-f8b6-448f-b1a6-cb0d8a9f5c21/elements
[HTTP] {"using":"-android uiautomator","value":"new UiSelector().className(\"android.widget.TextView\").text(\"Verifikasi Nomor HP\").instance(0)"}
[HTTP] <-- POST /wd/hub/session/1d2ba79f-f8b6-448f-b1a6-cb0d8a9f5c21/elements 200 1089 ms - 124
[HTTP] 
[HTTP] --> GET /wd/hub/session/1d2ba79f-f8b6-448f-b1a6-cb0d8a9f5c21
[HTTP] {}
[HTTP] <-- GET /wd/hub/session/1d2ba79f-f8b6-448f-b1a6-cb0d8a9f5c21 200 29 ms - 1167
[HTTP] 
[HTTP] --> GET /wd/hub/session/1d2ba79f-f8b6-448f-b1a6-cb0d8a9f5c21
[HTTP] {}
[HTTP] <-- GET /wd/hub/session/1d2ba79f-f8b6-448f-b1a6-cb0d8a9f5c21 200 23 ms - 1167
[HTTP] 
[HTTP] --> GET /wd/hub/session/1d2ba79f-f8b6-448f-b1a6-cb0d8a9f5c21
[HTTP] {}
[HTTP] <-- GET /wd/hub/session/1d2ba79f-f8b6-448f-b1a6-cb0d8a9f5c21 200 22 ms - 1167
[HTTP] 
[HTTP] --> GET /wd/hub/session/1d2ba79f-f8b6-448f-b1a6-cb0d8a9f5c21
[HTTP] {}
[HTTP] <-- GET /wd/hub/session/1d2ba79f-f8b6-448f-b1a6-cb0d8a9f5c21 200 13 ms - 1167
[HTTP] 
[HTTP] --> GET /wd/hub/session/1d2ba79f-f8b6-448f-b1a6-cb0d8a9f5c21/element/547089fa-be7c-4c48-813a-8ca47cb239a3/location
[HTTP] {}
[W3C] Driver proxy active, passing request on via HTTP proxy
[JSONWP Proxy] Replacing sessionId 40ffb13a-4171-496e-be57-0055314beedd with 1d2ba79f-f8b6-448f-b1a6-cb0d8a9f5c21
[HTTP] <-- GET /wd/hub/session/1d2ba79f-f8b6-448f-b1a6-cb0d8a9f5c21/element/547089fa-be7c-4c48-813a-8ca47cb239a3/location 200 25 ms - 89
[HTTP] 
[HTTP] --> GET /wd/hub/session/1d2ba79f-f8b6-448f-b1a6-cb0d8a9f5c21/element/547089fa-be7c-4c48-813a-8ca47cb239a3/text
[HTTP] {}
[W3C] Driver proxy active, passing request on via HTTP proxy
[JSONWP Proxy] Replacing sessionId 40ffb13a-4171-496e-be57-0055314beedd with 1d2ba79f-f8b6-448f-b1a6-cb0d8a9f5c21
[HTTP] <-- GET /wd/hub/session/1d2ba79f-f8b6-448f-b1a6-cb0d8a9f5c21/element/547089fa-be7c-4c48-813a-8ca47cb239a3/text 200 24 ms - 93
[HTTP] 
[HTTP] --> GET /wd/hub/session/1d2ba79f-f8b6-448f-b1a6-cb0d8a9f5c21/window/current/size
[HTTP] {}
[W3C] Driver proxy active, passing request on via HTTP proxy
[JSONWP Proxy] Replacing sessionId 40ffb13a-4171-496e-be57-0055314beedd with 1d2ba79f-f8b6-448f-b1a6-cb0d8a9f5c21
[HTTP] <-- GET /wd/hub/session/1d2ba79f-f8b6-448f-b1a6-cb0d8a9f5c21/window/current/size 200 26 ms - 100
[HTTP] 
[HTTP] --> POST /wd/hub/session/1d2ba79f-f8b6-448f-b1a6-cb0d8a9f5c21/elements
[HTTP] {"using":"-android uiautomator","value":"new UiSelector().className(\"android.widget.EditText\").resourceId(\"id.co.fundtastic.client:id/et_otp\").instance(0)"}
[HTTP] <-- POST /wd/hub/session/1d2ba79f-f8b6-448f-b1a6-cb0d8a9f5c21/elements 200 556 ms - 124
[HTTP] 
[HTTP] --> GET /wd/hub/session/1d2ba79f-f8b6-448f-b1a6-cb0d8a9f5c21
[HTTP] {}
[HTTP] <-- GET /wd/hub/session/1d2ba79f-f8b6-448f-b1a6-cb0d8a9f5c21 200 17 ms - 1167
[HTTP] 
[HTTP] --> GET /wd/hub/session/1d2ba79f-f8b6-448f-b1a6-cb0d8a9f5c21
[HTTP] {}
[HTTP] <-- GET /wd/hub/session/1d2ba79f-f8b6-448f-b1a6-cb0d8a9f5c21 200 22 ms - 1167
[HTTP] 
[HTTP] --> GET /wd/hub/session/1d2ba79f-f8b6-448f-b1a6-cb0d8a9f5c21
[HTTP] {}
[HTTP] <-- GET /wd/hub/session/1d2ba79f-f8b6-448f-b1a6-cb0d8a9f5c21 200 18 ms - 1167
[HTTP] 
[HTTP] --> GET /wd/hub/session/1d2ba79f-f8b6-448f-b1a6-cb0d8a9f5c21
[HTTP] {}
[HTTP] <-- GET /wd/hub/session/1d2ba79f-f8b6-448f-b1a6-cb0d8a9f5c21 200 23 ms - 1167
[HTTP] 
[HTTP] --> GET /wd/hub/session/1d2ba79f-f8b6-448f-b1a6-cb0d8a9f5c21/element/fa949768-a2fc-495e-a72d-232be2db3b7e/location
[HTTP] {}
[W3C] Driver proxy active, passing request on via HTTP proxy
[JSONWP Proxy] Replacing sessionId 40ffb13a-4171-496e-be57-0055314beedd with 1d2ba79f-f8b6-448f-b1a6-cb0d8a9f5c21
[HTTP] <-- GET /wd/hub/session/1d2ba79f-f8b6-448f-b1a6-cb0d8a9f5c21/element/fa949768-a2fc-495e-a72d-232be2db3b7e/location 200 26 ms - 89
[HTTP] 
[HTTP] --> POST /wd/hub/session/1d2ba79f-f8b6-448f-b1a6-cb0d8a9f5c21/touch/perform
[HTTP] {"actions":[{"action":"tap","options":{"element":"fa949768-a2fc-495e-a72d-232be2db3b7e","x":1,"y":1}}]}
[UiAutomator2] calling get location: fa949768-a2fc-495e-a72d-232be2db3b7e
[HTTP] <-- POST /wd/hub/session/1d2ba79f-f8b6-448f-b1a6-cb0d8a9f5c21/touch/perform 200 809 ms - 76
[HTTP] 
[HTTP] --> GET /wd/hub/session/1d2ba79f-f8b6-448f-b1a6-cb0d8a9f5c21/window/current/size
[HTTP] {}
[W3C] Driver proxy active, passing request on via HTTP proxy
[JSONWP Proxy] Replacing sessionId 40ffb13a-4171-496e-be57-0055314beedd with 1d2ba79f-f8b6-448f-b1a6-cb0d8a9f5c21
[HTTP] <-- GET /wd/hub/session/1d2ba79f-f8b6-448f-b1a6-cb0d8a9f5c21/window/current/size 200 24 ms - 100
[HTTP] 
[HTTP] --> POST /wd/hub/session/1d2ba79f-f8b6-448f-b1a6-cb0d8a9f5c21/elements
[HTTP] {"using":"-android uiautomator","value":"new UiSelector().className(\"android.widget.EditText\").resourceId(\"id.co.fundtastic.client:id/et_otp\").instance(0)"}
[HTTP] <-- POST /wd/hub/session/1d2ba79f-f8b6-448f-b1a6-cb0d8a9f5c21/elements 200 41 ms - 124
[HTTP] 
[HTTP] --> GET /wd/hub/session/1d2ba79f-f8b6-448f-b1a6-cb0d8a9f5c21
[HTTP] {}
[HTTP] <-- GET /wd/hub/session/1d2ba79f-f8b6-448f-b1a6-cb0d8a9f5c21 200 15 ms - 1167
[HTTP] 
[HTTP] --> GET /wd/hub/session/1d2ba79f-f8b6-448f-b1a6-cb0d8a9f5c21
[HTTP] {}
[HTTP] <-- GET /wd/hub/session/1d2ba79f-f8b6-448f-b1a6-cb0d8a9f5c21 200 15 ms - 1167
[HTTP] 
[HTTP] --> GET /wd/hub/session/1d2ba79f-f8b6-448f-b1a6-cb0d8a9f5c21
[HTTP] {}
[HTTP] <-- GET /wd/hub/session/1d2ba79f-f8b6-448f-b1a6-cb0d8a9f5c21 200 31 ms - 1167
[HTTP] 
[HTTP] --> GET /wd/hub/session/1d2ba79f-f8b6-448f-b1a6-cb0d8a9f5c21
[HTTP] {}
[HTTP] <-- GET /wd/hub/session/1d2ba79f-f8b6-448f-b1a6-cb0d8a9f5c21 200 22 ms - 1167
[HTTP] 
[HTTP] --> GET /wd/hub/session/1d2ba79f-f8b6-448f-b1a6-cb0d8a9f5c21/element/20371cc9-1ee5-4e48-8160-4f3c0e03b004/location
[HTTP] {}
[W3C] Driver proxy active, passing request on via HTTP proxy
[JSONWP Proxy] Replacing sessionId 40ffb13a-4171-496e-be57-0055314beedd with 1d2ba79f-f8b6-448f-b1a6-cb0d8a9f5c21
[HTTP] <-- GET /wd/hub/session/1d2ba79f-f8b6-448f-b1a6-cb0d8a9f5c21/element/20371cc9-1ee5-4e48-8160-4f3c0e03b004/location 200 37 ms - 89
[HTTP] 
[HTTP] --> POST /wd/hub/session/1d2ba79f-f8b6-448f-b1a6-cb0d8a9f5c21/element/20371cc9-1ee5-4e48-8160-4f3c0e03b004/clear
[HTTP] {"id":"20371cc9-1ee5-4e48-8160-4f3c0e03b004"}
[HTTP] <-- POST /wd/hub/session/1d2ba79f-f8b6-448f-b1a6-cb0d8a9f5c21/element/20371cc9-1ee5-4e48-8160-4f3c0e03b004/clear 200 37 ms - 89
[HTTP] 
[HTTP] --> POST /wd/hub/session/1d2ba79f-f8b6-448f-b1a6-cb0d8a9f5c21/element/20371cc9-1ee5-4e48-8160-4f3c0e03b004/value
[HTTP] {"id":"20371cc9-1ee5-4e48-8160-4f3c0e03b004","value":["8888"]}
[HTTP] <-- POST /wd/hub/session/1d2ba79f-f8b6-448f-b1a6-cb0d8a9f5c21/element/20371cc9-1ee5-4e48-8160-4f3c0e03b004/value 200 893 ms - 74
[HTTP] 
[HTTP] --> GET /wd/hub/session/1d2ba79f-f8b6-448f-b1a6-cb0d8a9f5c21/window/current/size
[HTTP] {}
[W3C] Driver proxy active, passing request on via HTTP proxy
[JSONWP Proxy] Replacing sessionId 40ffb13a-4171-496e-be57-0055314beedd with 1d2ba79f-f8b6-448f-b1a6-cb0d8a9f5c21
[HTTP] <-- GET /wd/hub/session/1d2ba79f-f8b6-448f-b1a6-cb0d8a9f5c21/window/current/size 200 42 ms - 100
[HTTP] 
[HTTP] --> POST /wd/hub/session/1d2ba79f-f8b6-448f-b1a6-cb0d8a9f5c21/elements
[HTTP] {"using":"-android uiautomator","value":"new UiSelector().className(\"android.widget.Button\").text(\"Verifikasi Sekarang\").resourceId(\"id.co.fundtastic.client:id/btnVerified\").instance(0)"}
[HTTP] <-- POST /wd/hub/session/1d2ba79f-f8b6-448f-b1a6-cb0d8a9f5c21/elements 200 742 ms - 124
[HTTP] 
[HTTP] --> GET /wd/hub/session/1d2ba79f-f8b6-448f-b1a6-cb0d8a9f5c21
[HTTP] {}
[HTTP] <-- GET /wd/hub/session/1d2ba79f-f8b6-448f-b1a6-cb0d8a9f5c21 200 37 ms - 1167
[HTTP] 
[HTTP] --> GET /wd/hub/session/1d2ba79f-f8b6-448f-b1a6-cb0d8a9f5c21
[HTTP] {}
[HTTP] <-- GET /wd/hub/session/1d2ba79f-f8b6-448f-b1a6-cb0d8a9f5c21 200 28 ms - 1167
[HTTP] 
[HTTP] --> GET /wd/hub/session/1d2ba79f-f8b6-448f-b1a6-cb0d8a9f5c21
[HTTP] {}
[HTTP] <-- GET /wd/hub/session/1d2ba79f-f8b6-448f-b1a6-cb0d8a9f5c21 200 28 ms - 1167
[HTTP] 
[HTTP] --> GET /wd/hub/session/1d2ba79f-f8b6-448f-b1a6-cb0d8a9f5c21
[HTTP] {}
[HTTP] <-- GET /wd/hub/session/1d2ba79f-f8b6-448f-b1a6-cb0d8a9f5c21 200 47 ms - 1167
[HTTP] 
[HTTP] --> GET /wd/hub/session/1d2ba79f-f8b6-448f-b1a6-cb0d8a9f5c21/element/d297c146-94b0-4ddf-b9a2-4659e5622e3e/location
[HTTP] {}
[W3C] Driver proxy active, passing request on via HTTP proxy
[JSONWP Proxy] Replacing sessionId 40ffb13a-4171-496e-be57-0055314beedd with 1d2ba79f-f8b6-448f-b1a6-cb0d8a9f5c21
[HTTP] <-- GET /wd/hub/session/1d2ba79f-f8b6-448f-b1a6-cb0d8a9f5c21/element/d297c146-94b0-4ddf-b9a2-4659e5622e3e/location 200 29 ms - 88
[HTTP] 
[HTTP] --> POST /wd/hub/session/1d2ba79f-f8b6-448f-b1a6-cb0d8a9f5c21/touch/perform
[HTTP] {"actions":[{"action":"tap","options":{"element":"d297c146-94b0-4ddf-b9a2-4659e5622e3e","x":1,"y":1}}]}
[UiAutomator2] calling get location: d297c146-94b0-4ddf-b9a2-4659e5622e3e
[HTTP] <-- POST /wd/hub/session/1d2ba79f-f8b6-448f-b1a6-cb0d8a9f5c21/touch/perform 200 1056 ms - 76
[HTTP] 
[HTTP] --> GET /wd/hub/session/1d2ba79f-f8b6-448f-b1a6-cb0d8a9f5c21/window/current/size
[HTTP] {}
[W3C] Driver proxy active, passing request on via HTTP proxy
[JSONWP Proxy] Replacing sessionId 40ffb13a-4171-496e-be57-0055314beedd with 1d2ba79f-f8b6-448f-b1a6-cb0d8a9f5c21
[HTTP] <-- GET /wd/hub/session/1d2ba79f-f8b6-448f-b1a6-cb0d8a9f5c21/window/current/size 200 93 ms - 100
[HTTP] 
[HTTP] --> POST /wd/hub/session/1d2ba79f-f8b6-448f-b1a6-cb0d8a9f5c21/elements
[HTTP] {"using":"-android uiautomator","value":"new UiSelector().className(\"android.widget.ImageView\").resourceId(\"id.co.fundtastic.client:id/imageEdit\").instance(4)"}
[HTTP] <-- POST /wd/hub/session/1d2ba79f-f8b6-448f-b1a6-cb0d8a9f5c21/elements 200 145 ms - 74
[HTTP] 
[HTTP] --> POST /wd/hub/session/1d2ba79f-f8b6-448f-b1a6-cb0d8a9f5c21/elements
[HTTP] {"using":"-android uiautomator","value":"new UiSelector().className(\"android.widget.ImageView\").resourceId(\"id.co.fundtastic.client:id/imageEdit\").instance(4)"}
[HTTP] <-- POST /wd/hub/session/1d2ba79f-f8b6-448f-b1a6-cb0d8a9f5c21/elements 200 63 ms - 74
[HTTP] 
[HTTP] --> POST /wd/hub/session/1d2ba79f-f8b6-448f-b1a6-cb0d8a9f5c21/elements
[HTTP] {"using":"-android uiautomator","value":"new UiSelector().className(\"android.widget.ImageView\").resourceId(\"id.co.fundtastic.client:id/imageEdit\").instance(4)"}
[HTTP] <-- POST /wd/hub/session/1d2ba79f-f8b6-448f-b1a6-cb0d8a9f5c21/elements 200 1756 ms - 74
[HTTP] 
[HTTP] --> POST /wd/hub/session/1d2ba79f-f8b6-448f-b1a6-cb0d8a9f5c21/elements
[HTTP] {"using":"-android uiautomator","value":"new UiSelector().className(\"android.widget.ImageView\").resourceId(\"id.co.fundtastic.client:id/imageEdit\").instance(4)"}
[HTTP] <-- POST /wd/hub/session/1d2ba79f-f8b6-448f-b1a6-cb0d8a9f5c21/elements 200 3068 ms - 124
[HTTP] 
[HTTP] --> GET /wd/hub/session/1d2ba79f-f8b6-448f-b1a6-cb0d8a9f5c21
[HTTP] {}
[HTTP] <-- GET /wd/hub/session/1d2ba79f-f8b6-448f-b1a6-cb0d8a9f5c21 200 15 ms - 1167
[HTTP] 
[HTTP] --> GET /wd/hub/session/1d2ba79f-f8b6-448f-b1a6-cb0d8a9f5c21
[HTTP] {}
[HTTP] <-- GET /wd/hub/session/1d2ba79f-f8b6-448f-b1a6-cb0d8a9f5c21 200 13 ms - 1167
[HTTP] 
[HTTP] --> GET /wd/hub/session/1d2ba79f-f8b6-448f-b1a6-cb0d8a9f5c21
[HTTP] {}
[HTTP] <-- GET /wd/hub/session/1d2ba79f-f8b6-448f-b1a6-cb0d8a9f5c21 200 15 ms - 1167
[HTTP] 
[HTTP] --> GET /wd/hub/session/1d2ba79f-f8b6-448f-b1a6-cb0d8a9f5c21
[HTTP] {}
[HTTP] <-- GET /wd/hub/session/1d2ba79f-f8b6-448f-b1a6-cb0d8a9f5c21 200 12 ms - 1167
[HTTP] 
[HTTP] --> GET /wd/hub/session/1d2ba79f-f8b6-448f-b1a6-cb0d8a9f5c21/element/dd625ebe-1cf3-41b2-b3d0-9fd690f604ec/location
[HTTP] {}
[W3C] Driver proxy active, passing request on via HTTP proxy
[JSONWP Proxy] Replacing sessionId 40ffb13a-4171-496e-be57-0055314beedd with 1d2ba79f-f8b6-448f-b1a6-cb0d8a9f5c21
[HTTP] <-- GET /wd/hub/session/1d2ba79f-f8b6-448f-b1a6-cb0d8a9f5c21/element/dd625ebe-1cf3-41b2-b3d0-9fd690f604ec/location 200 26 ms - 89
[HTTP] 
[HTTP] --> POST /wd/hub/session/1d2ba79f-f8b6-448f-b1a6-cb0d8a9f5c21/touch/perform
[HTTP] {"actions":[{"action":"tap","options":{"element":"dd625ebe-1cf3-41b2-b3d0-9fd690f604ec","x":1,"y":1}}]}
[UiAutomator2] calling get location: dd625ebe-1cf3-41b2-b3d0-9fd690f604ec
[HTTP] <-- POST /wd/hub/session/1d2ba79f-f8b6-448f-b1a6-cb0d8a9f5c21/touch/perform 200 1050 ms - 76
[HTTP] 
[HTTP] --> GET /wd/hub/session/1d2ba79f-f8b6-448f-b1a6-cb0d8a9f5c21/window/current/size
[HTTP] {}
[W3C] Driver proxy active, passing request on via HTTP proxy
[JSONWP Proxy] Replacing sessionId 40ffb13a-4171-496e-be57-0055314beedd with 1d2ba79f-f8b6-448f-b1a6-cb0d8a9f5c21
[HTTP] <-- GET /wd/hub/session/1d2ba79f-f8b6-448f-b1a6-cb0d8a9f5c21/window/current/size 200 18 ms - 100
[HTTP] 
[HTTP] --> POST /wd/hub/session/1d2ba79f-f8b6-448f-b1a6-cb0d8a9f5c21/elements
[HTTP] {"using":"-android uiautomator","value":"new UiSelector().className(\"android.widget.ImageView\").resourceId(\"id.co.fundtastic.client:id/card_image\").instance(3)"}
[HTTP] <-- POST /wd/hub/session/1d2ba79f-f8b6-448f-b1a6-cb0d8a9f5c21/elements 200 56 ms - 175
[HTTP] 
[HTTP] --> GET /wd/hub/session/1d2ba79f-f8b6-448f-b1a6-cb0d8a9f5c21
[HTTP] {}
[HTTP] <-- GET /wd/hub/session/1d2ba79f-f8b6-448f-b1a6-cb0d8a9f5c21 200 14 ms - 1167
[HTTP] 
[HTTP] --> GET /wd/hub/session/1d2ba79f-f8b6-448f-b1a6-cb0d8a9f5c21
[HTTP] {}
[HTTP] <-- GET /wd/hub/session/1d2ba79f-f8b6-448f-b1a6-cb0d8a9f5c21 200 18 ms - 1167
[HTTP] 
[HTTP] --> GET /wd/hub/session/1d2ba79f-f8b6-448f-b1a6-cb0d8a9f5c21
[HTTP] {}
[HTTP] <-- GET /wd/hub/session/1d2ba79f-f8b6-448f-b1a6-cb0d8a9f5c21 200 15 ms - 1167
[HTTP] 
[HTTP] --> GET /wd/hub/session/1d2ba79f-f8b6-448f-b1a6-cb0d8a9f5c21
[HTTP] {}
[HTTP] <-- GET /wd/hub/session/1d2ba79f-f8b6-448f-b1a6-cb0d8a9f5c21 200 26 ms - 1167
[HTTP] 
[HTTP] --> GET /wd/hub/session/1d2ba79f-f8b6-448f-b1a6-cb0d8a9f5c21
[HTTP] {}
[HTTP] <-- GET /wd/hub/session/1d2ba79f-f8b6-448f-b1a6-cb0d8a9f5c21 200 18 ms - 1167
[HTTP] 
[HTTP] --> GET /wd/hub/session/1d2ba79f-f8b6-448f-b1a6-cb0d8a9f5c21
[HTTP] {}
[HTTP] <-- GET /wd/hub/session/1d2ba79f-f8b6-448f-b1a6-cb0d8a9f5c21 200 17 ms - 1167
[HTTP] 
[HTTP] --> GET /wd/hub/session/1d2ba79f-f8b6-448f-b1a6-cb0d8a9f5c21
[HTTP] {}
[HTTP] <-- GET /wd/hub/session/1d2ba79f-f8b6-448f-b1a6-cb0d8a9f5c21 200 20 ms - 1167
[HTTP] 
[HTTP] --> GET /wd/hub/session/1d2ba79f-f8b6-448f-b1a6-cb0d8a9f5c21
[HTTP] {}
[HTTP] <-- GET /wd/hub/session/1d2ba79f-f8b6-448f-b1a6-cb0d8a9f5c21 200 24 ms - 1167
[HTTP] 
[HTTP] --> GET /wd/hub/session/1d2ba79f-f8b6-448f-b1a6-cb0d8a9f5c21/element/a9614560-aa13-4474-a9ff-60de403a9321/location
[HTTP] {}
[W3C] Driver proxy active, passing request on via HTTP proxy
[JSONWP Proxy] Replacing sessionId 40ffb13a-4171-496e-be57-0055314beedd with 1d2ba79f-f8b6-448f-b1a6-cb0d8a9f5c21
[HTTP] <-- GET /wd/hub/session/1d2ba79f-f8b6-448f-b1a6-cb0d8a9f5c21/element/a9614560-aa13-4474-a9ff-60de403a9321/location 200 21 ms - 88
[HTTP] 
[HTTP] --> POST /wd/hub/session/1d2ba79f-f8b6-448f-b1a6-cb0d8a9f5c21/touch/perform
[HTTP] {"actions":[{"action":"tap","options":{"element":"a9614560-aa13-4474-a9ff-60de403a9321","x":1,"y":1}}]}
[UiAutomator2] calling get location: a9614560-aa13-4474-a9ff-60de403a9321
[HTTP] <-- POST /wd/hub/session/1d2ba79f-f8b6-448f-b1a6-cb0d8a9f5c21/touch/perform 200 758 ms - 76
[HTTP] 
[HTTP] --> GET /wd/hub/session/1d2ba79f-f8b6-448f-b1a6-cb0d8a9f5c21/window/current/size
[HTTP] {}
[W3C] Driver proxy active, passing request on via HTTP proxy
[JSONWP Proxy] Replacing sessionId 40ffb13a-4171-496e-be57-0055314beedd with 1d2ba79f-f8b6-448f-b1a6-cb0d8a9f5c21
[HTTP] <-- GET /wd/hub/session/1d2ba79f-f8b6-448f-b1a6-cb0d8a9f5c21/window/current/size 200 86 ms - 100
[HTTP] 
[HTTP] --> POST /wd/hub/session/1d2ba79f-f8b6-448f-b1a6-cb0d8a9f5c21/elements
[HTTP] {"using":"-android uiautomator","value":"new UiSelector().className(\"android.widget.EditText\").text(\"Rp 450.000.000\").resourceId(\"id.co.fundtastic.client:id/editTextPrice\").instance(0)"}
[HTTP] <-- POST /wd/hub/session/1d2ba79f-f8b6-448f-b1a6-cb0d8a9f5c21/elements 200 2720 ms - 124
[HTTP] 
[HTTP] --> GET /wd/hub/session/1d2ba79f-f8b6-448f-b1a6-cb0d8a9f5c21
[HTTP] {}
[HTTP] <-- GET /wd/hub/session/1d2ba79f-f8b6-448f-b1a6-cb0d8a9f5c21 200 14 ms - 1167
[HTTP] 
[HTTP] --> GET /wd/hub/session/1d2ba79f-f8b6-448f-b1a6-cb0d8a9f5c21
[HTTP] {}
[HTTP] <-- GET /wd/hub/session/1d2ba79f-f8b6-448f-b1a6-cb0d8a9f5c21 200 17 ms - 1167
[HTTP] 
[HTTP] --> GET /wd/hub/session/1d2ba79f-f8b6-448f-b1a6-cb0d8a9f5c21
[HTTP] {}
[HTTP] <-- GET /wd/hub/session/1d2ba79f-f8b6-448f-b1a6-cb0d8a9f5c21 200 18 ms - 1167
[HTTP] 
[HTTP] --> GET /wd/hub/session/1d2ba79f-f8b6-448f-b1a6-cb0d8a9f5c21
[HTTP] {}
[HTTP] <-- GET /wd/hub/session/1d2ba79f-f8b6-448f-b1a6-cb0d8a9f5c21 200 14 ms - 1167
[HTTP] 
[HTTP] --> GET /wd/hub/session/1d2ba79f-f8b6-448f-b1a6-cb0d8a9f5c21/element/7795f7e0-8b18-4d42-ad75-b71bd20c2122/location
[HTTP] {}
[W3C] Driver proxy active, passing request on via HTTP proxy
[JSONWP Proxy] Replacing sessionId 40ffb13a-4171-496e-be57-0055314beedd with 1d2ba79f-f8b6-448f-b1a6-cb0d8a9f5c21
[HTTP] <-- GET /wd/hub/session/1d2ba79f-f8b6-448f-b1a6-cb0d8a9f5c21/element/7795f7e0-8b18-4d42-ad75-b71bd20c2122/location 200 25 ms - 88
[HTTP] 
[HTTP] --> POST /wd/hub/session/1d2ba79f-f8b6-448f-b1a6-cb0d8a9f5c21/element/7795f7e0-8b18-4d42-ad75-b71bd20c2122/clear
[HTTP] {"id":"7795f7e0-8b18-4d42-ad75-b71bd20c2122"}
[HTTP] <-- POST /wd/hub/session/1d2ba79f-f8b6-448f-b1a6-cb0d8a9f5c21/element/7795f7e0-8b18-4d42-ad75-b71bd20c2122/clear 200 32 ms - 89
[HTTP] 
[HTTP] --> POST /wd/hub/session/1d2ba79f-f8b6-448f-b1a6-cb0d8a9f5c21/element/7795f7e0-8b18-4d42-ad75-b71bd20c2122/value
[HTTP] {"id":"7795f7e0-8b18-4d42-ad75-b71bd20c2122","value":["130000"]}
[HTTP] <-- POST /wd/hub/session/1d2ba79f-f8b6-448f-b1a6-cb0d8a9f5c21/element/7795f7e0-8b18-4d42-ad75-b71bd20c2122/value 500 11610 ms - 164
[HTTP] 
[HTTP] --> GET /wd/hub/session/1d2ba79f-f8b6-448f-b1a6-cb0d8a9f5c21/context
[HTTP] {}
[HTTP] <-- GET /wd/hub/session/1d2ba79f-f8b6-448f-b1a6-cb0d8a9f5c21/context 200 1 ms - 84
[HTTP] 
[HTTP] --> GET /wd/hub/session/1d2ba79f-f8b6-448f-b1a6-cb0d8a9f5c21/contexts
[HTTP] {}
[HTTP] <-- GET /wd/hub/session/1d2ba79f-f8b6-448f-b1a6-cb0d8a9f5c21/contexts 200 37 ms - 127
[HTTP] 
[HTTP] --> POST /wd/hub/session/1d2ba79f-f8b6-448f-b1a6-cb0d8a9f5c21/context
[HTTP] {"name":"NATIVE_APP"}
[HTTP] <-- POST /wd/hub/session/1d2ba79f-f8b6-448f-b1a6-cb0d8a9f5c21/context 200 34 ms - 76
[HTTP] 
[HTTP] --> GET /wd/hub/session/1d2ba79f-f8b6-448f-b1a6-cb0d8a9f5c21/screenshot
[HTTP] {}
[HTTP] <-- GET /wd/hub/session/1d2ba79f-f8b6-448f-b1a6-cb0d8a9f5c21/screenshot 200 531 ms - 419046
[HTTP] 
[HTTP] --> POST /wd/hub/session/1d2ba79f-f8b6-448f-b1a6-cb0d8a9f5c21/context
[HTTP] {"name":"NATIVE_APP"}
[HTTP] <-- POST /wd/hub/session/1d2ba79f-f8b6-448f-b1a6-cb0d8a9f5c21/context 200 35 ms - 76
[HTTP] 
[HTTP] --> DELETE /wd/hub/session/1d2ba79f-f8b6-448f-b1a6-cb0d8a9f5c21
[HTTP] {}
[Appium] Removing session 1d2ba79f-f8b6-448f-b1a6-cb0d8a9f5c21 from our master session list
[ADB] id.co.fundtastic.client was successfully uninstalled
[HTTP] <-- DELETE /wd/hub/session/1d2ba79f-f8b6-448f-b1a6-cb0d8a9f5c21 200 1948 ms - 76
[HTTP] 
