[Appium] Welcome to Appium v1.8.1
[Appium] Non-default server args:
[Appium]   port: 65455
[Appium]   loglevel: info
[Appium]   chromeDriverPort: 65456
[Appium]   tmpDir: /var/folders/ts/p6rxgpw53_d96xw60slkng7m0000gn/T//Katalon/Appium/Temp1563955578880
[Appium] Appium REST http interface listener started on 0.0.0.0:65455
[HTTP] --> GET /wd/hub/status
[HTTP] {}
[HTTP] <-- GET /wd/hub/status 200 28 ms - 83
[HTTP] 
[HTTP] --> POST /wd/hub/session
[HTTP] {"desiredCapabilities":{"app":"/Users/ustore/Downloads/mobile-debug.apk","autoGrantPermissions":true,"automationName":"uiautomator2","deviceName":"emulator-5554 (Android SDK built for x86 - Android 8.1.0)","fullReset":true,"newCommandTimeout":1800,"noReset":false,"platform":"ANDROID","platformName":"Android","udid":"emulator-5554"},"capabilities":{"desiredCapabilities":{"app":"/Users/ustore/Downloads/mobile-debug.apk","autoGrantPermissions":true,"automationName":"uiautomator2","deviceName":"emulator-5554 (Android SDK built for x86 - Android 8.1.0)","fullReset":true,"newCommandTimeout":1800,"noReset":false,"platform":"ANDROID","platformName":"Android","udid":"emulator-5554"},"firstMatch":[{"platformName":"android"}]}}
[Appium] Could not parse W3C capabilities: 'deviceName' can't be blank. Falling back to JSONWP protocol.
[Appium] The following capabilities were provided in the JSONWP desired capabilities that are missing in W3C capabilities: ["app","autoGrantPermissions","automationName","deviceName","fullReset","newCommandTimeout","noReset","platform","platformName","udid"]. Falling back to JSONWP protocol.
[Appium] Creating new AndroidUiautomator2Driver (v1.12.0) session
[Appium] Capabilities:
[Appium]   app: /Users/ustore/Downloads/mobile-debug.apk
[Appium]   autoGrantPermissions: true
[Appium]   automationName: uiautomator2
[Appium]   deviceName: emulator-5554 (Android SDK built for x86 - Android 8.1.0)
[Appium]   fullReset: true
[Appium]   newCommandTimeout: 1800
[Appium]   noReset: false
[Appium]   platform: ANDROID
[Appium]   platformName: Android
[Appium]   udid: emulator-5554
[BaseDriver] The following capabilities were provided, but are not recognized by appium: platform.
[BaseDriver] Session created with session id: 3e88ab45-a208-4692-a653-fa95dac471fb
[BaseDriver] Using local app '/Users/ustore/Downloads/mobile-debug.apk'
[AndroidDriver] Java version is: 1.8.0_181
[ADB] Checking whether adb is present
[ADB] Found 1 'build-tools' folders under '/Users/ustore/.katalon/tools/android_sdk' (newest first):
[ADB]     /Users/ustore/.katalon/tools/android_sdk/build-tools/28.0.3
[ADB] Using adb from /Users/ustore/.katalon/tools/android_sdk/platform-tools/adb
[AndroidDriver] Retrieving device list
[AndroidDriver] Using device: emulator-5554
[ADB] Using the alternative activity name detection method because of: Could not find apkanalyzer in /Users/ustore/.katalon/tools/android_sdk/platform-tools/apkanalyzer,/Users/ustore/.katalon/tools/android_sdk/emulator/apkanalyzer,/Users/ustore/.katalon/tools/android_sdk/tools/apkanalyzer,/Users/ustore/.katalon/tools/android_sdk/tools/bin/apkanalyzer,/Users/ustore/.katalon/tools/android_sdk/build-tools/28.0.3/apkanalyzer. Do you have the Android SDK installed at '/Users/ustore/.katalon/tools/android_sdk'?
[ADB] Checking whether aapt is present
[ADB] Using aapt from /Users/ustore/.katalon/tools/android_sdk/build-tools/28.0.3/aapt
[ADB] Extracting package and launch activity from manifest
[ADB] Package name: 'id.co.fundtastic.client'
[ADB] Main activity name: 'id.co.fundtastic.client.splash.presentation.SplashActivity'
[ADB] Getting device platform version
[ADB] Using apksigner from /Users/ustore/.katalon/tools/android_sdk/build-tools/28.0.3/apksigner
[ADB] Cannot read version codes of '/usr/local/lib/node_modules/appium/node_modules/appium-uiautomator2-server/apks/appium-uiautomator2-server-debug-androidTest.apk' and/or 'io.appium.uiautomator2.server.test'
[ADB] Cannot read version names of '/usr/local/lib/node_modules/appium/node_modules/appium-uiautomator2-server/apks/appium-uiautomator2-server-debug-androidTest.apk' and/or 'io.appium.uiautomator2.server.test'. Assuming correct app version is already installed
[AndroidDriver] setDeviceLanguageCountry requires language or country.
[AndroidDriver] Got language: 'null' and country: 'null'
[ADB] Successfully extracted 253 strings from '/Users/ustore/Downloads/mobile-debug.apk' resources for '(default)' configuration
[ADB] id.co.fundtastic.client was not uninstalled, because it was not present on the device
[UiAutomator2] Starting uiautomator2 server 1.12.0
[UiAutomator2] Using UIAutomator2 server from '/usr/local/lib/node_modules/appium/node_modules/appium-uiautomator2-server/apks/appium-uiautomator2-server-v1.12.0.apk' and test from '/usr/local/lib/node_modules/appium/node_modules/appium-uiautomator2-server/apks/appium-uiautomator2-server-debug-androidTest.apk'
[UiAutomator2] Running command: 'adb -s emulator-5554 shell am instrument -w io.appium.uiautomator2.server.test/android.support.test.runner.AndroidJUnitRunner'
[UiAutomator2] Waiting up to 20000ms for UiAutomator2 to be online...
[AndroidDriver] Screen already unlocked, doing nothing
[UiAutomator2] UiAutomator2 did not start the activity we were waiting for, 'id.co.fundtastic.client/id.co.fundtastic.client.splash.presentation.SplashActivity'. Starting it ourselves
[Appium] New AndroidUiautomator2Driver session created successfully, session 3e88ab45-a208-4692-a653-fa95dac471fb added to master session list
[HTTP] <-- POST /wd/hub/session 200 16067 ms - 1177
[HTTP] 
[HTTP] --> GET /wd/hub/status
[HTTP] {}
[HTTP] <-- GET /wd/hub/status 200 39 ms - 55
[HTTP] 
[HTTP] --> POST /wd/hub/session/3e88ab45-a208-4692-a653-fa95dac471fb/timeouts
[HTTP] {"type":"implicit","ms":30000}
[HTTP] <-- POST /wd/hub/session/3e88ab45-a208-4692-a653-fa95dac471fb/timeouts 400 29 ms - 4196
[HTTP] 
[HTTP] --> GET /wd/hub/session/3e88ab45-a208-4692-a653-fa95dac471fb/window/current/size
[HTTP] {}
[W3C] Driver proxy active, passing request on via HTTP proxy
[JSONWP Proxy] Replacing sessionId 62a35152-275e-43dc-8175-2cabf458c01b with 3e88ab45-a208-4692-a653-fa95dac471fb
[HTTP] <-- GET /wd/hub/session/3e88ab45-a208-4692-a653-fa95dac471fb/window/current/size 200 101 ms - 100
[HTTP] 
[HTTP] --> POST /wd/hub/session/3e88ab45-a208-4692-a653-fa95dac471fb/elements
[HTTP] {"using":"-android uiautomator","value":"new UiSelector().className(\"android.widget.TextView\").text(\"Mulailah berinvestasi untuk meraih mimpimu\").instance(0)"}
[HTTP] <-- POST /wd/hub/session/3e88ab45-a208-4692-a653-fa95dac471fb/elements 200 227 ms - 74
[HTTP] 
[HTTP] --> POST /wd/hub/session/3e88ab45-a208-4692-a653-fa95dac471fb/elements
[HTTP] {"using":"-android uiautomator","value":"new UiSelector().className(\"android.widget.TextView\").text(\"Mulailah berinvestasi untuk meraih mimpimu\").instance(0)"}
[HTTP] <-- POST /wd/hub/session/3e88ab45-a208-4692-a653-fa95dac471fb/elements 200 64 ms - 74
[HTTP] 
[HTTP] --> POST /wd/hub/session/3e88ab45-a208-4692-a653-fa95dac471fb/elements
[HTTP] {"using":"-android uiautomator","value":"new UiSelector().className(\"android.widget.TextView\").text(\"Mulailah berinvestasi untuk meraih mimpimu\").instance(0)"}
[HTTP] <-- POST /wd/hub/session/3e88ab45-a208-4692-a653-fa95dac471fb/elements 200 62 ms - 74
[HTTP] 
[HTTP] --> POST /wd/hub/session/3e88ab45-a208-4692-a653-fa95dac471fb/elements
[HTTP] {"using":"-android uiautomator","value":"new UiSelector().className(\"android.widget.TextView\").text(\"Mulailah berinvestasi untuk meraih mimpimu\").instance(0)"}
[HTTP] <-- POST /wd/hub/session/3e88ab45-a208-4692-a653-fa95dac471fb/elements 200 43 ms - 74
[HTTP] 
[HTTP] --> POST /wd/hub/session/3e88ab45-a208-4692-a653-fa95dac471fb/elements
[HTTP] {"using":"-android uiautomator","value":"new UiSelector().className(\"android.widget.TextView\").text(\"Mulailah berinvestasi untuk meraih mimpimu\").instance(0)"}
[HTTP] <-- POST /wd/hub/session/3e88ab45-a208-4692-a653-fa95dac471fb/elements 200 32 ms - 74
[HTTP] 
[HTTP] --> POST /wd/hub/session/3e88ab45-a208-4692-a653-fa95dac471fb/elements
[HTTP] {"using":"-android uiautomator","value":"new UiSelector().className(\"android.widget.TextView\").text(\"Mulailah berinvestasi untuk meraih mimpimu\").instance(0)"}
[HTTP] <-- POST /wd/hub/session/3e88ab45-a208-4692-a653-fa95dac471fb/elements 200 34 ms - 74
[HTTP] 
[HTTP] --> POST /wd/hub/session/3e88ab45-a208-4692-a653-fa95dac471fb/elements
[HTTP] {"using":"-android uiautomator","value":"new UiSelector().className(\"android.widget.TextView\").text(\"Mulailah berinvestasi untuk meraih mimpimu\").instance(0)"}
[HTTP] <-- POST /wd/hub/session/3e88ab45-a208-4692-a653-fa95dac471fb/elements 200 28 ms - 74
[HTTP] 
[HTTP] --> POST /wd/hub/session/3e88ab45-a208-4692-a653-fa95dac471fb/elements
[HTTP] {"using":"-android uiautomator","value":"new UiSelector().className(\"android.widget.TextView\").text(\"Mulailah berinvestasi untuk meraih mimpimu\").instance(0)"}
[HTTP] <-- POST /wd/hub/session/3e88ab45-a208-4692-a653-fa95dac471fb/elements 200 37 ms - 74
[HTTP] 
[HTTP] --> POST /wd/hub/session/3e88ab45-a208-4692-a653-fa95dac471fb/elements
[HTTP] {"using":"-android uiautomator","value":"new UiSelector().className(\"android.widget.TextView\").text(\"Mulailah berinvestasi untuk meraih mimpimu\").instance(0)"}
[HTTP] <-- POST /wd/hub/session/3e88ab45-a208-4692-a653-fa95dac471fb/elements 200 30 ms - 74
[HTTP] 
[HTTP] --> POST /wd/hub/session/3e88ab45-a208-4692-a653-fa95dac471fb/elements
[HTTP] {"using":"-android uiautomator","value":"new UiSelector().className(\"android.widget.TextView\").text(\"Mulailah berinvestasi untuk meraih mimpimu\").instance(0)"}
[HTTP] <-- POST /wd/hub/session/3e88ab45-a208-4692-a653-fa95dac471fb/elements 200 27 ms - 74
[HTTP] 
[HTTP] --> POST /wd/hub/session/3e88ab45-a208-4692-a653-fa95dac471fb/elements
[HTTP] {"using":"-android uiautomator","value":"new UiSelector().className(\"android.widget.TextView\").text(\"Mulailah berinvestasi untuk meraih mimpimu\").instance(0)"}
[HTTP] <-- POST /wd/hub/session/3e88ab45-a208-4692-a653-fa95dac471fb/elements 200 31 ms - 74
[HTTP] 
[HTTP] --> POST /wd/hub/session/3e88ab45-a208-4692-a653-fa95dac471fb/elements
[HTTP] {"using":"-android uiautomator","value":"new UiSelector().className(\"android.widget.TextView\").text(\"Mulailah berinvestasi untuk meraih mimpimu\").instance(0)"}
[HTTP] <-- POST /wd/hub/session/3e88ab45-a208-4692-a653-fa95dac471fb/elements 200 26 ms - 74
[HTTP] 
[HTTP] --> POST /wd/hub/session/3e88ab45-a208-4692-a653-fa95dac471fb/elements
[HTTP] {"using":"-android uiautomator","value":"new UiSelector().className(\"android.widget.TextView\").text(\"Mulailah berinvestasi untuk meraih mimpimu\").instance(0)"}
[HTTP] <-- POST /wd/hub/session/3e88ab45-a208-4692-a653-fa95dac471fb/elements 200 33 ms - 74
[HTTP] 
[HTTP] --> POST /wd/hub/session/3e88ab45-a208-4692-a653-fa95dac471fb/elements
[HTTP] {"using":"-android uiautomator","value":"new UiSelector().className(\"android.widget.TextView\").text(\"Mulailah berinvestasi untuk meraih mimpimu\").instance(0)"}
[HTTP] <-- POST /wd/hub/session/3e88ab45-a208-4692-a653-fa95dac471fb/elements 200 29 ms - 74
[HTTP] 
[HTTP] --> POST /wd/hub/session/3e88ab45-a208-4692-a653-fa95dac471fb/elements
[HTTP] {"using":"-android uiautomator","value":"new UiSelector().className(\"android.widget.TextView\").text(\"Mulailah berinvestasi untuk meraih mimpimu\").instance(0)"}
[HTTP] <-- POST /wd/hub/session/3e88ab45-a208-4692-a653-fa95dac471fb/elements 200 28 ms - 74
[HTTP] 
[HTTP] --> POST /wd/hub/session/3e88ab45-a208-4692-a653-fa95dac471fb/elements
[HTTP] {"using":"-android uiautomator","value":"new UiSelector().className(\"android.widget.TextView\").text(\"Mulailah berinvestasi untuk meraih mimpimu\").instance(0)"}
[HTTP] <-- POST /wd/hub/session/3e88ab45-a208-4692-a653-fa95dac471fb/elements 200 34 ms - 74
[HTTP] 
[HTTP] --> POST /wd/hub/session/3e88ab45-a208-4692-a653-fa95dac471fb/elements
[HTTP] {"using":"-android uiautomator","value":"new UiSelector().className(\"android.widget.TextView\").text(\"Mulailah berinvestasi untuk meraih mimpimu\").instance(0)"}
[HTTP] <-- POST /wd/hub/session/3e88ab45-a208-4692-a653-fa95dac471fb/elements 200 28 ms - 74
[HTTP] 
[HTTP] --> POST /wd/hub/session/3e88ab45-a208-4692-a653-fa95dac471fb/elements
[HTTP] {"using":"-android uiautomator","value":"new UiSelector().className(\"android.widget.TextView\").text(\"Mulailah berinvestasi untuk meraih mimpimu\").instance(0)"}
[HTTP] <-- POST /wd/hub/session/3e88ab45-a208-4692-a653-fa95dac471fb/elements 200 998 ms - 74
[HTTP] 
[HTTP] --> POST /wd/hub/session/3e88ab45-a208-4692-a653-fa95dac471fb/elements
[HTTP] {"using":"-android uiautomator","value":"new UiSelector().className(\"android.widget.TextView\").text(\"Mulailah berinvestasi untuk meraih mimpimu\").instance(0)"}
[HTTP] <-- POST /wd/hub/session/3e88ab45-a208-4692-a653-fa95dac471fb/elements 200 1225 ms - 74
[HTTP] 
[HTTP] --> POST /wd/hub/session/3e88ab45-a208-4692-a653-fa95dac471fb/elements
[HTTP] {"using":"-android uiautomator","value":"new UiSelector().className(\"android.widget.TextView\").text(\"Mulailah berinvestasi untuk meraih mimpimu\").instance(0)"}
[HTTP] <-- POST /wd/hub/session/3e88ab45-a208-4692-a653-fa95dac471fb/elements 200 2093 ms - 124
[HTTP] 
[HTTP] --> GET /wd/hub/session/3e88ab45-a208-4692-a653-fa95dac471fb
[HTTP] {}
[HTTP] <-- GET /wd/hub/session/3e88ab45-a208-4692-a653-fa95dac471fb 200 19 ms - 1177
[HTTP] 
[HTTP] --> GET /wd/hub/session/3e88ab45-a208-4692-a653-fa95dac471fb
[HTTP] {}
[HTTP] <-- GET /wd/hub/session/3e88ab45-a208-4692-a653-fa95dac471fb 200 26 ms - 1177
[HTTP] 
[HTTP] --> GET /wd/hub/session/3e88ab45-a208-4692-a653-fa95dac471fb
[HTTP] {}
[HTTP] <-- GET /wd/hub/session/3e88ab45-a208-4692-a653-fa95dac471fb 200 16 ms - 1177
[HTTP] 
[HTTP] --> GET /wd/hub/session/3e88ab45-a208-4692-a653-fa95dac471fb
[HTTP] {}
[HTTP] <-- GET /wd/hub/session/3e88ab45-a208-4692-a653-fa95dac471fb 200 18 ms - 1177
[HTTP] 
[HTTP] --> GET /wd/hub/session/3e88ab45-a208-4692-a653-fa95dac471fb/element/6c6da508-65cf-4419-a727-9a84218a39d7/location
[HTTP] {}
[W3C] Driver proxy active, passing request on via HTTP proxy
[JSONWP Proxy] Replacing sessionId 62a35152-275e-43dc-8175-2cabf458c01b with 3e88ab45-a208-4692-a653-fa95dac471fb
[HTTP] <-- GET /wd/hub/session/3e88ab45-a208-4692-a653-fa95dac471fb/element/6c6da508-65cf-4419-a727-9a84218a39d7/location 200 63 ms - 88
[HTTP] 
[HTTP] --> GET /wd/hub/session/3e88ab45-a208-4692-a653-fa95dac471fb/element/6c6da508-65cf-4419-a727-9a84218a39d7/text
[HTTP] {}
[W3C] Driver proxy active, passing request on via HTTP proxy
[JSONWP Proxy] Replacing sessionId 62a35152-275e-43dc-8175-2cabf458c01b with 3e88ab45-a208-4692-a653-fa95dac471fb
[HTTP] <-- GET /wd/hub/session/3e88ab45-a208-4692-a653-fa95dac471fb/element/6c6da508-65cf-4419-a727-9a84218a39d7/text 200 93 ms - 116
[HTTP] 
[HTTP] --> GET /wd/hub/session/3e88ab45-a208-4692-a653-fa95dac471fb/window/current/size
[HTTP] {}
[W3C] Driver proxy active, passing request on via HTTP proxy
[JSONWP Proxy] Replacing sessionId 62a35152-275e-43dc-8175-2cabf458c01b with 3e88ab45-a208-4692-a653-fa95dac471fb
[HTTP] <-- GET /wd/hub/session/3e88ab45-a208-4692-a653-fa95dac471fb/window/current/size 200 36 ms - 100
[HTTP] 
[HTTP] --> POST /wd/hub/session/3e88ab45-a208-4692-a653-fa95dac471fb/elements
[HTTP] {"using":"-android uiautomator","value":"new UiSelector().className(\"android.widget.ImageView\").resourceId(\"id.co.fundtastic.client:id/checklist\").instance(6)"}
[HTTP] <-- POST /wd/hub/session/3e88ab45-a208-4692-a653-fa95dac471fb/elements 200 153 ms - 124
[HTTP] 
[HTTP] --> GET /wd/hub/session/3e88ab45-a208-4692-a653-fa95dac471fb
[HTTP] {}
[HTTP] <-- GET /wd/hub/session/3e88ab45-a208-4692-a653-fa95dac471fb 200 23 ms - 1177
[HTTP] 
[HTTP] --> GET /wd/hub/session/3e88ab45-a208-4692-a653-fa95dac471fb
[HTTP] {}
[HTTP] <-- GET /wd/hub/session/3e88ab45-a208-4692-a653-fa95dac471fb 200 22 ms - 1177
[HTTP] 
[HTTP] --> GET /wd/hub/session/3e88ab45-a208-4692-a653-fa95dac471fb
[HTTP] {}
[HTTP] <-- GET /wd/hub/session/3e88ab45-a208-4692-a653-fa95dac471fb 200 23 ms - 1177
[HTTP] 
[HTTP] --> GET /wd/hub/session/3e88ab45-a208-4692-a653-fa95dac471fb
[HTTP] {}
[HTTP] <-- GET /wd/hub/session/3e88ab45-a208-4692-a653-fa95dac471fb 200 32 ms - 1177
[HTTP] 
[HTTP] --> GET /wd/hub/session/3e88ab45-a208-4692-a653-fa95dac471fb/element/4fa2316a-7f04-40be-8997-fd268bec9017/location
[HTTP] {}
[W3C] Driver proxy active, passing request on via HTTP proxy
[JSONWP Proxy] Replacing sessionId 62a35152-275e-43dc-8175-2cabf458c01b with 3e88ab45-a208-4692-a653-fa95dac471fb
[HTTP] <-- GET /wd/hub/session/3e88ab45-a208-4692-a653-fa95dac471fb/element/4fa2316a-7f04-40be-8997-fd268bec9017/location 200 56 ms - 90
[HTTP] 
[HTTP] --> POST /wd/hub/session/3e88ab45-a208-4692-a653-fa95dac471fb/touch/perform
[HTTP] {"actions":[{"action":"tap","options":{"element":"4fa2316a-7f04-40be-8997-fd268bec9017","x":1,"y":1}}]}
[UiAutomator2] calling get location: 4fa2316a-7f04-40be-8997-fd268bec9017
[HTTP] <-- POST /wd/hub/session/3e88ab45-a208-4692-a653-fa95dac471fb/touch/perform 200 1945 ms - 76
[HTTP] 
[HTTP] --> GET /wd/hub/session/3e88ab45-a208-4692-a653-fa95dac471fb/window/current/size
[HTTP] {}
[W3C] Driver proxy active, passing request on via HTTP proxy
[JSONWP Proxy] Replacing sessionId 62a35152-275e-43dc-8175-2cabf458c01b with 3e88ab45-a208-4692-a653-fa95dac471fb
[HTTP] <-- GET /wd/hub/session/3e88ab45-a208-4692-a653-fa95dac471fb/window/current/size 200 24 ms - 100
[HTTP] 
[HTTP] --> POST /wd/hub/session/3e88ab45-a208-4692-a653-fa95dac471fb/elements
[HTTP] {"using":"-android uiautomator","value":"new UiSelector().className(\"android.widget.LinearLayout\").instance(4)"}
[HTTP] <-- POST /wd/hub/session/3e88ab45-a208-4692-a653-fa95dac471fb/elements 200 65 ms - 124
[HTTP] 
[HTTP] --> GET /wd/hub/session/3e88ab45-a208-4692-a653-fa95dac471fb
[HTTP] {}
[HTTP] <-- GET /wd/hub/session/3e88ab45-a208-4692-a653-fa95dac471fb 200 25 ms - 1177
[HTTP] 
[HTTP] --> GET /wd/hub/session/3e88ab45-a208-4692-a653-fa95dac471fb
[HTTP] {}
[HTTP] <-- GET /wd/hub/session/3e88ab45-a208-4692-a653-fa95dac471fb 200 18 ms - 1177
[HTTP] 
[HTTP] --> GET /wd/hub/session/3e88ab45-a208-4692-a653-fa95dac471fb
[HTTP] {}
[HTTP] <-- GET /wd/hub/session/3e88ab45-a208-4692-a653-fa95dac471fb 200 13 ms - 1177
[HTTP] 
[HTTP] --> GET /wd/hub/session/3e88ab45-a208-4692-a653-fa95dac471fb
[HTTP] {}
[HTTP] <-- GET /wd/hub/session/3e88ab45-a208-4692-a653-fa95dac471fb 200 13 ms - 1177
[HTTP] 
[HTTP] --> GET /wd/hub/session/3e88ab45-a208-4692-a653-fa95dac471fb/element/341b5870-2a6a-4d9a-8b6d-4581ac227fa7/location
[HTTP] {}
[W3C] Driver proxy active, passing request on via HTTP proxy
[JSONWP Proxy] Replacing sessionId 62a35152-275e-43dc-8175-2cabf458c01b with 3e88ab45-a208-4692-a653-fa95dac471fb
[HTTP] <-- GET /wd/hub/session/3e88ab45-a208-4692-a653-fa95dac471fb/element/341b5870-2a6a-4d9a-8b6d-4581ac227fa7/location 200 24 ms - 88
[HTTP] 
[HTTP] --> POST /wd/hub/session/3e88ab45-a208-4692-a653-fa95dac471fb/touch/perform
[HTTP] {"actions":[{"action":"tap","options":{"element":"341b5870-2a6a-4d9a-8b6d-4581ac227fa7","x":1,"y":1}}]}
[UiAutomator2] calling get location: 341b5870-2a6a-4d9a-8b6d-4581ac227fa7
[HTTP] <-- POST /wd/hub/session/3e88ab45-a208-4692-a653-fa95dac471fb/touch/perform 200 783 ms - 76
[HTTP] 
[HTTP] --> GET /wd/hub/session/3e88ab45-a208-4692-a653-fa95dac471fb/context
[HTTP] {}
[HTTP] <-- GET /wd/hub/session/3e88ab45-a208-4692-a653-fa95dac471fb/context 200 4 ms - 84
[HTTP] 
[HTTP] --> GET /wd/hub/session/3e88ab45-a208-4692-a653-fa95dac471fb/contexts
[HTTP] {}
[HTTP] <-- GET /wd/hub/session/3e88ab45-a208-4692-a653-fa95dac471fb/contexts 200 36 ms - 127
[HTTP] 
[HTTP] --> POST /wd/hub/session/3e88ab45-a208-4692-a653-fa95dac471fb/context
[HTTP] {"name":"NATIVE_APP"}
[HTTP] <-- POST /wd/hub/session/3e88ab45-a208-4692-a653-fa95dac471fb/context 200 30 ms - 76
[HTTP] 
[HTTP] --> POST /wd/hub/session/3e88ab45-a208-4692-a653-fa95dac471fb/touch/perform
[HTTP] {"actions":[{"action":"press","options":{"x":800,"y":1000}},{"action":"wait","options":{"ms":500}},{"action":"moveTo","options":{"x":10,"y":800}}]}
[HTTP] <-- POST /wd/hub/session/3e88ab45-a208-4692-a653-fa95dac471fb/touch/perform 200 2064 ms - 76
[HTTP] 
[HTTP] --> POST /wd/hub/session/3e88ab45-a208-4692-a653-fa95dac471fb/context
[HTTP] {"name":"NATIVE_APP"}
[HTTP] <-- POST /wd/hub/session/3e88ab45-a208-4692-a653-fa95dac471fb/context 200 32 ms - 76
[HTTP] 
[HTTP] --> GET /wd/hub/session/3e88ab45-a208-4692-a653-fa95dac471fb/window/current/size
[HTTP] {}
[W3C] Driver proxy active, passing request on via HTTP proxy
[JSONWP Proxy] Replacing sessionId 62a35152-275e-43dc-8175-2cabf458c01b with 3e88ab45-a208-4692-a653-fa95dac471fb
[HTTP] <-- GET /wd/hub/session/3e88ab45-a208-4692-a653-fa95dac471fb/window/current/size 200 15 ms - 100
[HTTP] 
[HTTP] --> POST /wd/hub/session/3e88ab45-a208-4692-a653-fa95dac471fb/elements
[HTTP] {"using":"-android uiautomator","value":"new UiSelector().className(\"android.widget.LinearLayout\").instance(4)"}
[HTTP] <-- POST /wd/hub/session/3e88ab45-a208-4692-a653-fa95dac471fb/elements 200 36 ms - 124
[HTTP] 
[HTTP] --> GET /wd/hub/session/3e88ab45-a208-4692-a653-fa95dac471fb
[HTTP] {}
[HTTP] <-- GET /wd/hub/session/3e88ab45-a208-4692-a653-fa95dac471fb 200 13 ms - 1294
[HTTP] 
[HTTP] --> GET /wd/hub/session/3e88ab45-a208-4692-a653-fa95dac471fb
[HTTP] {}
[HTTP] <-- GET /wd/hub/session/3e88ab45-a208-4692-a653-fa95dac471fb 200 15 ms - 1294
[HTTP] 
[HTTP] --> GET /wd/hub/session/3e88ab45-a208-4692-a653-fa95dac471fb
[HTTP] {}
[HTTP] <-- GET /wd/hub/session/3e88ab45-a208-4692-a653-fa95dac471fb 200 26 ms - 1294
[HTTP] 
[HTTP] --> GET /wd/hub/session/3e88ab45-a208-4692-a653-fa95dac471fb
[HTTP] {}
[HTTP] <-- GET /wd/hub/session/3e88ab45-a208-4692-a653-fa95dac471fb 200 14 ms - 1294
[HTTP] 
[HTTP] --> GET /wd/hub/session/3e88ab45-a208-4692-a653-fa95dac471fb/element/6e4c2670-d07c-4af5-9024-649db10de9ad/location
[HTTP] {}
[W3C] Driver proxy active, passing request on via HTTP proxy
[JSONWP Proxy] Replacing sessionId 62a35152-275e-43dc-8175-2cabf458c01b with 3e88ab45-a208-4692-a653-fa95dac471fb
[HTTP] <-- GET /wd/hub/session/3e88ab45-a208-4692-a653-fa95dac471fb/element/6e4c2670-d07c-4af5-9024-649db10de9ad/location 200 21 ms - 87
[HTTP] 
[HTTP] --> POST /wd/hub/session/3e88ab45-a208-4692-a653-fa95dac471fb/touch/perform
[HTTP] {"actions":[{"action":"tap","options":{"element":"6e4c2670-d07c-4af5-9024-649db10de9ad","x":1,"y":1}}]}
[UiAutomator2] calling get location: 6e4c2670-d07c-4af5-9024-649db10de9ad
[HTTP] <-- POST /wd/hub/session/3e88ab45-a208-4692-a653-fa95dac471fb/touch/perform 200 1037 ms - 76
[HTTP] 
[HTTP] --> GET /wd/hub/session/3e88ab45-a208-4692-a653-fa95dac471fb/context
[HTTP] {}
[HTTP] <-- GET /wd/hub/session/3e88ab45-a208-4692-a653-fa95dac471fb/context 200 3 ms - 84
[HTTP] 
[HTTP] --> GET /wd/hub/session/3e88ab45-a208-4692-a653-fa95dac471fb/contexts
[HTTP] {}
[HTTP] <-- GET /wd/hub/session/3e88ab45-a208-4692-a653-fa95dac471fb/contexts 200 31 ms - 127
[HTTP] 
[HTTP] --> POST /wd/hub/session/3e88ab45-a208-4692-a653-fa95dac471fb/context
[HTTP] {"name":"NATIVE_APP"}
[HTTP] <-- POST /wd/hub/session/3e88ab45-a208-4692-a653-fa95dac471fb/context 200 33 ms - 76
[HTTP] 
[HTTP] --> POST /wd/hub/session/3e88ab45-a208-4692-a653-fa95dac471fb/touch/perform
[HTTP] {"actions":[{"action":"press","options":{"x":800,"y":1000}},{"action":"wait","options":{"ms":500}},{"action":"moveTo","options":{"x":10,"y":800}}]}
[HTTP] <-- POST /wd/hub/session/3e88ab45-a208-4692-a653-fa95dac471fb/touch/perform 200 2058 ms - 76
[HTTP] 
[HTTP] --> POST /wd/hub/session/3e88ab45-a208-4692-a653-fa95dac471fb/context
[HTTP] {"name":"NATIVE_APP"}
[HTTP] <-- POST /wd/hub/session/3e88ab45-a208-4692-a653-fa95dac471fb/context 200 28 ms - 76
[HTTP] 
[HTTP] --> GET /wd/hub/session/3e88ab45-a208-4692-a653-fa95dac471fb/window/current/size
[HTTP] {}
[W3C] Driver proxy active, passing request on via HTTP proxy
[JSONWP Proxy] Replacing sessionId 62a35152-275e-43dc-8175-2cabf458c01b with 3e88ab45-a208-4692-a653-fa95dac471fb
[HTTP] <-- GET /wd/hub/session/3e88ab45-a208-4692-a653-fa95dac471fb/window/current/size 200 14 ms - 100
[HTTP] 
[HTTP] --> POST /wd/hub/session/3e88ab45-a208-4692-a653-fa95dac471fb/elements
[HTTP] {"using":"-android uiautomator","value":"new UiSelector().className(\"android.widget.LinearLayout\").instance(4)"}
[HTTP] <-- POST /wd/hub/session/3e88ab45-a208-4692-a653-fa95dac471fb/elements 200 60 ms - 124
[HTTP] 
[HTTP] --> GET /wd/hub/session/3e88ab45-a208-4692-a653-fa95dac471fb
[HTTP] {}
[HTTP] <-- GET /wd/hub/session/3e88ab45-a208-4692-a653-fa95dac471fb 200 13 ms - 1294
[HTTP] 
[HTTP] --> GET /wd/hub/session/3e88ab45-a208-4692-a653-fa95dac471fb
[HTTP] {}
[HTTP] <-- GET /wd/hub/session/3e88ab45-a208-4692-a653-fa95dac471fb 200 13 ms - 1294
[HTTP] 
[HTTP] --> GET /wd/hub/session/3e88ab45-a208-4692-a653-fa95dac471fb
[HTTP] {}
[HTTP] <-- GET /wd/hub/session/3e88ab45-a208-4692-a653-fa95dac471fb 200 13 ms - 1294
[HTTP] 
[HTTP] --> GET /wd/hub/session/3e88ab45-a208-4692-a653-fa95dac471fb
[HTTP] {}
[HTTP] <-- GET /wd/hub/session/3e88ab45-a208-4692-a653-fa95dac471fb 200 20 ms - 1294
[HTTP] 
[HTTP] --> GET /wd/hub/session/3e88ab45-a208-4692-a653-fa95dac471fb/element/803ac9a8-0898-45c0-8001-60c328fe5e13/location
[HTTP] {}
[W3C] Driver proxy active, passing request on via HTTP proxy
[JSONWP Proxy] Replacing sessionId 62a35152-275e-43dc-8175-2cabf458c01b with 3e88ab45-a208-4692-a653-fa95dac471fb
[HTTP] <-- GET /wd/hub/session/3e88ab45-a208-4692-a653-fa95dac471fb/element/803ac9a8-0898-45c0-8001-60c328fe5e13/location 200 22 ms - 87
[HTTP] 
[HTTP] --> POST /wd/hub/session/3e88ab45-a208-4692-a653-fa95dac471fb/touch/perform
[HTTP] {"actions":[{"action":"tap","options":{"element":"803ac9a8-0898-45c0-8001-60c328fe5e13","x":1,"y":1}}]}
[UiAutomator2] calling get location: 803ac9a8-0898-45c0-8001-60c328fe5e13
[HTTP] <-- POST /wd/hub/session/3e88ab45-a208-4692-a653-fa95dac471fb/touch/perform 200 1047 ms - 76
[HTTP] 
[HTTP] --> GET /wd/hub/session/3e88ab45-a208-4692-a653-fa95dac471fb/context
[HTTP] {}
[HTTP] <-- GET /wd/hub/session/3e88ab45-a208-4692-a653-fa95dac471fb/context 200 3 ms - 84
[HTTP] 
[HTTP] --> GET /wd/hub/session/3e88ab45-a208-4692-a653-fa95dac471fb/contexts
[HTTP] {}
[HTTP] <-- GET /wd/hub/session/3e88ab45-a208-4692-a653-fa95dac471fb/contexts 200 35 ms - 127
[HTTP] 
[HTTP] --> POST /wd/hub/session/3e88ab45-a208-4692-a653-fa95dac471fb/context
[HTTP] {"name":"NATIVE_APP"}
[HTTP] <-- POST /wd/hub/session/3e88ab45-a208-4692-a653-fa95dac471fb/context 200 38 ms - 76
[HTTP] 
[HTTP] --> POST /wd/hub/session/3e88ab45-a208-4692-a653-fa95dac471fb/touch/perform
[HTTP] {"actions":[{"action":"press","options":{"x":800,"y":1000}},{"action":"wait","options":{"ms":500}},{"action":"moveTo","options":{"x":10,"y":800}}]}
[HTTP] <-- POST /wd/hub/session/3e88ab45-a208-4692-a653-fa95dac471fb/touch/perform 200 2078 ms - 76
[HTTP] 
[HTTP] --> POST /wd/hub/session/3e88ab45-a208-4692-a653-fa95dac471fb/context
[HTTP] {"name":"NATIVE_APP"}
[HTTP] <-- POST /wd/hub/session/3e88ab45-a208-4692-a653-fa95dac471fb/context 200 71 ms - 76
[HTTP] 
[HTTP] --> GET /wd/hub/session/3e88ab45-a208-4692-a653-fa95dac471fb/window/current/size
[HTTP] {}
[W3C] Driver proxy active, passing request on via HTTP proxy
[JSONWP Proxy] Replacing sessionId 62a35152-275e-43dc-8175-2cabf458c01b with 3e88ab45-a208-4692-a653-fa95dac471fb
[HTTP] <-- GET /wd/hub/session/3e88ab45-a208-4692-a653-fa95dac471fb/window/current/size 200 35 ms - 100
[HTTP] 
[HTTP] --> POST /wd/hub/session/3e88ab45-a208-4692-a653-fa95dac471fb/elements
[HTTP] {"using":"-android uiautomator","value":"new UiSelector().className(\"android.widget.LinearLayout\").instance(4)"}
[HTTP] <-- POST /wd/hub/session/3e88ab45-a208-4692-a653-fa95dac471fb/elements 200 197 ms - 124
[HTTP] 
[HTTP] --> GET /wd/hub/session/3e88ab45-a208-4692-a653-fa95dac471fb
[HTTP] {}
[HTTP] <-- GET /wd/hub/session/3e88ab45-a208-4692-a653-fa95dac471fb 200 48 ms - 1177
[HTTP] 
[HTTP] --> GET /wd/hub/session/3e88ab45-a208-4692-a653-fa95dac471fb
[HTTP] {}
[HTTP] <-- GET /wd/hub/session/3e88ab45-a208-4692-a653-fa95dac471fb 200 50 ms - 1177
[HTTP] 
[HTTP] --> GET /wd/hub/session/3e88ab45-a208-4692-a653-fa95dac471fb
[HTTP] {}
[HTTP] <-- GET /wd/hub/session/3e88ab45-a208-4692-a653-fa95dac471fb 200 59 ms - 1177
[HTTP] 
[HTTP] --> GET /wd/hub/session/3e88ab45-a208-4692-a653-fa95dac471fb
[HTTP] {}
[HTTP] <-- GET /wd/hub/session/3e88ab45-a208-4692-a653-fa95dac471fb 200 55 ms - 1177
[HTTP] 
[HTTP] --> GET /wd/hub/session/3e88ab45-a208-4692-a653-fa95dac471fb/element/ebb4ccf7-fefd-4f84-9145-3a8e99cc482a/location
[HTTP] {}
[W3C] Driver proxy active, passing request on via HTTP proxy
[JSONWP Proxy] Replacing sessionId 62a35152-275e-43dc-8175-2cabf458c01b with 3e88ab45-a208-4692-a653-fa95dac471fb
[HTTP] <-- GET /wd/hub/session/3e88ab45-a208-4692-a653-fa95dac471fb/element/ebb4ccf7-fefd-4f84-9145-3a8e99cc482a/location 200 90 ms - 88
[HTTP] 
[HTTP] --> POST /wd/hub/session/3e88ab45-a208-4692-a653-fa95dac471fb/touch/perform
[HTTP] {"actions":[{"action":"tap","options":{"element":"ebb4ccf7-fefd-4f84-9145-3a8e99cc482a","x":1,"y":1}}]}
[UiAutomator2] calling get location: ebb4ccf7-fefd-4f84-9145-3a8e99cc482a
[HTTP] <-- POST /wd/hub/session/3e88ab45-a208-4692-a653-fa95dac471fb/touch/perform 200 1288 ms - 76
[HTTP] 
[HTTP] --> GET /wd/hub/session/3e88ab45-a208-4692-a653-fa95dac471fb/context
[HTTP] {}
[HTTP] <-- GET /wd/hub/session/3e88ab45-a208-4692-a653-fa95dac471fb/context 200 5 ms - 84
[HTTP] 
[HTTP] --> GET /wd/hub/session/3e88ab45-a208-4692-a653-fa95dac471fb/contexts
[HTTP] {}
[HTTP] <-- GET /wd/hub/session/3e88ab45-a208-4692-a653-fa95dac471fb/contexts 200 28 ms - 127
[HTTP] 
[HTTP] --> POST /wd/hub/session/3e88ab45-a208-4692-a653-fa95dac471fb/context
[HTTP] {"name":"NATIVE_APP"}
[HTTP] <-- POST /wd/hub/session/3e88ab45-a208-4692-a653-fa95dac471fb/context 200 35 ms - 76
[HTTP] 
[HTTP] --> POST /wd/hub/session/3e88ab45-a208-4692-a653-fa95dac471fb/touch/perform
[HTTP] {"actions":[{"action":"press","options":{"x":800,"y":1000}},{"action":"wait","options":{"ms":500}},{"action":"moveTo","options":{"x":10,"y":800}}]}
[HTTP] <-- POST /wd/hub/session/3e88ab45-a208-4692-a653-fa95dac471fb/touch/perform 200 2067 ms - 76
[HTTP] 
[HTTP] --> POST /wd/hub/session/3e88ab45-a208-4692-a653-fa95dac471fb/context
[HTTP] {"name":"NATIVE_APP"}
[HTTP] <-- POST /wd/hub/session/3e88ab45-a208-4692-a653-fa95dac471fb/context 200 75 ms - 76
[HTTP] 
[HTTP] --> GET /wd/hub/session/3e88ab45-a208-4692-a653-fa95dac471fb/window/current/size
[HTTP] {}
[W3C] Driver proxy active, passing request on via HTTP proxy
[JSONWP Proxy] Replacing sessionId 62a35152-275e-43dc-8175-2cabf458c01b with 3e88ab45-a208-4692-a653-fa95dac471fb
[HTTP] <-- GET /wd/hub/session/3e88ab45-a208-4692-a653-fa95dac471fb/window/current/size 200 52 ms - 100
[HTTP] 
[HTTP] --> POST /wd/hub/session/3e88ab45-a208-4692-a653-fa95dac471fb/elements
[HTTP] {"using":"-android uiautomator","value":"new UiSelector().className(\"android.widget.EditText\").text(\"No Handphone\").resourceId(\"id.co.fundtastic.client:id/et_phone\").instance(0)"}
[HTTP] <-- POST /wd/hub/session/3e88ab45-a208-4692-a653-fa95dac471fb/elements 200 278 ms - 124
[HTTP] 
[HTTP] --> GET /wd/hub/session/3e88ab45-a208-4692-a653-fa95dac471fb
[HTTP] {}
[HTTP] <-- GET /wd/hub/session/3e88ab45-a208-4692-a653-fa95dac471fb 200 64 ms - 1177
[HTTP] 
[HTTP] --> GET /wd/hub/session/3e88ab45-a208-4692-a653-fa95dac471fb
[HTTP] {}
[HTTP] <-- GET /wd/hub/session/3e88ab45-a208-4692-a653-fa95dac471fb 200 34 ms - 1177
[HTTP] 
[HTTP] --> GET /wd/hub/session/3e88ab45-a208-4692-a653-fa95dac471fb
[HTTP] {}
[HTTP] <-- GET /wd/hub/session/3e88ab45-a208-4692-a653-fa95dac471fb 200 57 ms - 1177
[HTTP] 
[HTTP] --> GET /wd/hub/session/3e88ab45-a208-4692-a653-fa95dac471fb
[HTTP] {}
[HTTP] <-- GET /wd/hub/session/3e88ab45-a208-4692-a653-fa95dac471fb 200 41 ms - 1177
[HTTP] 
[HTTP] --> GET /wd/hub/session/3e88ab45-a208-4692-a653-fa95dac471fb/element/5cedb1f9-8862-4807-ac2f-6c7c7ecf031b/location
[HTTP] {}
[W3C] Driver proxy active, passing request on via HTTP proxy
[JSONWP Proxy] Replacing sessionId 62a35152-275e-43dc-8175-2cabf458c01b with 3e88ab45-a208-4692-a653-fa95dac471fb
[HTTP] <-- GET /wd/hub/session/3e88ab45-a208-4692-a653-fa95dac471fb/element/5cedb1f9-8862-4807-ac2f-6c7c7ecf031b/location 200 126 ms - 88
[HTTP] 
[HTTP] --> POST /wd/hub/session/3e88ab45-a208-4692-a653-fa95dac471fb/element/5cedb1f9-8862-4807-ac2f-6c7c7ecf031b/clear
[HTTP] {"id":"5cedb1f9-8862-4807-ac2f-6c7c7ecf031b"}
[HTTP] <-- POST /wd/hub/session/3e88ab45-a208-4692-a653-fa95dac471fb/element/5cedb1f9-8862-4807-ac2f-6c7c7ecf031b/clear 200 152 ms - 89
[HTTP] 
[HTTP] --> POST /wd/hub/session/3e88ab45-a208-4692-a653-fa95dac471fb/element/5cedb1f9-8862-4807-ac2f-6c7c7ecf031b/value
[HTTP] {"id":"5cedb1f9-8862-4807-ac2f-6c7c7ecf031b","value":["081265699666"]}
[HTTP] <-- POST /wd/hub/session/3e88ab45-a208-4692-a653-fa95dac471fb/element/5cedb1f9-8862-4807-ac2f-6c7c7ecf031b/value 200 1170 ms - 74
[HTTP] 
[HTTP] --> GET /wd/hub/session/3e88ab45-a208-4692-a653-fa95dac471fb/window/current/size
[HTTP] {}
[W3C] Driver proxy active, passing request on via HTTP proxy
[JSONWP Proxy] Replacing sessionId 62a35152-275e-43dc-8175-2cabf458c01b with 3e88ab45-a208-4692-a653-fa95dac471fb
[HTTP] <-- GET /wd/hub/session/3e88ab45-a208-4692-a653-fa95dac471fb/window/current/size 200 21 ms - 100
[HTTP] 
[HTTP] --> POST /wd/hub/session/3e88ab45-a208-4692-a653-fa95dac471fb/elements
[HTTP] {"using":"-android uiautomator","value":"new UiSelector().className(\"android.widget.Button\").text(\"MASUK\").resourceId(\"id.co.fundtastic.client:id/btnLogin\").instance(0)"}
[HTTP] <-- POST /wd/hub/session/3e88ab45-a208-4692-a653-fa95dac471fb/elements 200 491 ms - 124
[HTTP] 
[HTTP] --> GET /wd/hub/session/3e88ab45-a208-4692-a653-fa95dac471fb
[HTTP] {}
[HTTP] <-- GET /wd/hub/session/3e88ab45-a208-4692-a653-fa95dac471fb 200 12 ms - 1177
[HTTP] 
[HTTP] --> GET /wd/hub/session/3e88ab45-a208-4692-a653-fa95dac471fb
[HTTP] {}
[HTTP] <-- GET /wd/hub/session/3e88ab45-a208-4692-a653-fa95dac471fb 200 13 ms - 1177
[HTTP] 
[HTTP] --> GET /wd/hub/session/3e88ab45-a208-4692-a653-fa95dac471fb
[HTTP] {}
[HTTP] <-- GET /wd/hub/session/3e88ab45-a208-4692-a653-fa95dac471fb 200 16 ms - 1177
[HTTP] 
[HTTP] --> GET /wd/hub/session/3e88ab45-a208-4692-a653-fa95dac471fb
[HTTP] {}
[HTTP] <-- GET /wd/hub/session/3e88ab45-a208-4692-a653-fa95dac471fb 200 17 ms - 1177
[HTTP] 
[HTTP] --> GET /wd/hub/session/3e88ab45-a208-4692-a653-fa95dac471fb/element/b7cbdfce-a9cf-4d9b-b69e-4770081501c9/location
[HTTP] {}
[W3C] Driver proxy active, passing request on via HTTP proxy
[JSONWP Proxy] Replacing sessionId 62a35152-275e-43dc-8175-2cabf458c01b with 3e88ab45-a208-4692-a653-fa95dac471fb
[HTTP] <-- GET /wd/hub/session/3e88ab45-a208-4692-a653-fa95dac471fb/element/b7cbdfce-a9cf-4d9b-b69e-4770081501c9/location 200 17 ms - 88
[HTTP] 
[HTTP] --> POST /wd/hub/session/3e88ab45-a208-4692-a653-fa95dac471fb/touch/perform
[HTTP] {"actions":[{"action":"tap","options":{"element":"b7cbdfce-a9cf-4d9b-b69e-4770081501c9","x":1,"y":1}}]}
[UiAutomator2] calling get location: b7cbdfce-a9cf-4d9b-b69e-4770081501c9
[HTTP] <-- POST /wd/hub/session/3e88ab45-a208-4692-a653-fa95dac471fb/touch/perform 200 830 ms - 76
[HTTP] 
[HTTP] --> GET /wd/hub/session/3e88ab45-a208-4692-a653-fa95dac471fb/window/current/size
[HTTP] {}
[W3C] Driver proxy active, passing request on via HTTP proxy
[JSONWP Proxy] Replacing sessionId 62a35152-275e-43dc-8175-2cabf458c01b with 3e88ab45-a208-4692-a653-fa95dac471fb
[HTTP] <-- GET /wd/hub/session/3e88ab45-a208-4692-a653-fa95dac471fb/window/current/size 200 21 ms - 100
[HTTP] 
[HTTP] --> POST /wd/hub/session/3e88ab45-a208-4692-a653-fa95dac471fb/elements
[HTTP] {"using":"-android uiautomator","value":"new UiSelector().className(\"android.widget.TextView\").text(\"Verifikasi Nomor HP\").instance(0)"}
[HTTP] <-- POST /wd/hub/session/3e88ab45-a208-4692-a653-fa95dac471fb/elements 200 482 ms - 124
[HTTP] 
[HTTP] --> GET /wd/hub/session/3e88ab45-a208-4692-a653-fa95dac471fb
[HTTP] {}
[HTTP] <-- GET /wd/hub/session/3e88ab45-a208-4692-a653-fa95dac471fb 200 10 ms - 1177
[HTTP] 
[HTTP] --> GET /wd/hub/session/3e88ab45-a208-4692-a653-fa95dac471fb
[HTTP] {}
[HTTP] <-- GET /wd/hub/session/3e88ab45-a208-4692-a653-fa95dac471fb 200 12 ms - 1177
[HTTP] 
[HTTP] --> GET /wd/hub/session/3e88ab45-a208-4692-a653-fa95dac471fb
[HTTP] {}
[HTTP] <-- GET /wd/hub/session/3e88ab45-a208-4692-a653-fa95dac471fb 200 13 ms - 1177
[HTTP] 
[HTTP] --> GET /wd/hub/session/3e88ab45-a208-4692-a653-fa95dac471fb
[HTTP] {}
[HTTP] <-- GET /wd/hub/session/3e88ab45-a208-4692-a653-fa95dac471fb 200 11 ms - 1177
[HTTP] 
[HTTP] --> GET /wd/hub/session/3e88ab45-a208-4692-a653-fa95dac471fb/element/1be417ae-27be-447a-a9a1-9f32fc2052ba/location
[HTTP] {}
[W3C] Driver proxy active, passing request on via HTTP proxy
[JSONWP Proxy] Replacing sessionId 62a35152-275e-43dc-8175-2cabf458c01b with 3e88ab45-a208-4692-a653-fa95dac471fb
[HTTP] <-- GET /wd/hub/session/3e88ab45-a208-4692-a653-fa95dac471fb/element/1be417ae-27be-447a-a9a1-9f32fc2052ba/location 200 17 ms - 89
[HTTP] 
[HTTP] --> GET /wd/hub/session/3e88ab45-a208-4692-a653-fa95dac471fb/element/1be417ae-27be-447a-a9a1-9f32fc2052ba/text
[HTTP] {}
[W3C] Driver proxy active, passing request on via HTTP proxy
[JSONWP Proxy] Replacing sessionId 62a35152-275e-43dc-8175-2cabf458c01b with 3e88ab45-a208-4692-a653-fa95dac471fb
[HTTP] <-- GET /wd/hub/session/3e88ab45-a208-4692-a653-fa95dac471fb/element/1be417ae-27be-447a-a9a1-9f32fc2052ba/text 200 15 ms - 93
[HTTP] 
[HTTP] --> GET /wd/hub/session/3e88ab45-a208-4692-a653-fa95dac471fb/window/current/size
[HTTP] {}
[W3C] Driver proxy active, passing request on via HTTP proxy
[JSONWP Proxy] Replacing sessionId 62a35152-275e-43dc-8175-2cabf458c01b with 3e88ab45-a208-4692-a653-fa95dac471fb
[HTTP] <-- GET /wd/hub/session/3e88ab45-a208-4692-a653-fa95dac471fb/window/current/size 200 25 ms - 100
[HTTP] 
[HTTP] --> POST /wd/hub/session/3e88ab45-a208-4692-a653-fa95dac471fb/elements
[HTTP] {"using":"-android uiautomator","value":"new UiSelector().className(\"android.widget.EditText\").resourceId(\"id.co.fundtastic.client:id/et_otp\").instance(0)"}
[HTTP] <-- POST /wd/hub/session/3e88ab45-a208-4692-a653-fa95dac471fb/elements 200 37 ms - 124
[HTTP] 
[HTTP] --> GET /wd/hub/session/3e88ab45-a208-4692-a653-fa95dac471fb
[HTTP] {}
[HTTP] <-- GET /wd/hub/session/3e88ab45-a208-4692-a653-fa95dac471fb 200 19 ms - 1177
[HTTP] 
[HTTP] --> GET /wd/hub/session/3e88ab45-a208-4692-a653-fa95dac471fb
[HTTP] {}
[HTTP] <-- GET /wd/hub/session/3e88ab45-a208-4692-a653-fa95dac471fb 200 14 ms - 1177
[HTTP] 
[HTTP] --> GET /wd/hub/session/3e88ab45-a208-4692-a653-fa95dac471fb
[HTTP] {}
[HTTP] <-- GET /wd/hub/session/3e88ab45-a208-4692-a653-fa95dac471fb 200 14 ms - 1177
[HTTP] 
[HTTP] --> GET /wd/hub/session/3e88ab45-a208-4692-a653-fa95dac471fb
[HTTP] {}
[HTTP] <-- GET /wd/hub/session/3e88ab45-a208-4692-a653-fa95dac471fb 200 13 ms - 1177
[HTTP] 
[HTTP] --> GET /wd/hub/session/3e88ab45-a208-4692-a653-fa95dac471fb/element/63cf23a1-57c1-4327-9ea6-819d94b11d45/location
[HTTP] {}
[W3C] Driver proxy active, passing request on via HTTP proxy
[JSONWP Proxy] Replacing sessionId 62a35152-275e-43dc-8175-2cabf458c01b with 3e88ab45-a208-4692-a653-fa95dac471fb
[HTTP] <-- GET /wd/hub/session/3e88ab45-a208-4692-a653-fa95dac471fb/element/63cf23a1-57c1-4327-9ea6-819d94b11d45/location 200 55 ms - 89
[HTTP] 
[HTTP] --> POST /wd/hub/session/3e88ab45-a208-4692-a653-fa95dac471fb/touch/perform
[HTTP] {"actions":[{"action":"tap","options":{"element":"63cf23a1-57c1-4327-9ea6-819d94b11d45","x":1,"y":1}}]}
[UiAutomator2] calling get location: 63cf23a1-57c1-4327-9ea6-819d94b11d45
[HTTP] <-- POST /wd/hub/session/3e88ab45-a208-4692-a653-fa95dac471fb/touch/perform 200 1455 ms - 76
[HTTP] 
[HTTP] --> GET /wd/hub/session/3e88ab45-a208-4692-a653-fa95dac471fb/window/current/size
[HTTP] {}
[W3C] Driver proxy active, passing request on via HTTP proxy
[JSONWP Proxy] Replacing sessionId 62a35152-275e-43dc-8175-2cabf458c01b with 3e88ab45-a208-4692-a653-fa95dac471fb
[HTTP] <-- GET /wd/hub/session/3e88ab45-a208-4692-a653-fa95dac471fb/window/current/size 200 14 ms - 100
[HTTP] 
[HTTP] --> POST /wd/hub/session/3e88ab45-a208-4692-a653-fa95dac471fb/elements
[HTTP] {"using":"-android uiautomator","value":"new UiSelector().className(\"android.widget.EditText\").resourceId(\"id.co.fundtastic.client:id/et_otp\").instance(0)"}
[HTTP] <-- POST /wd/hub/session/3e88ab45-a208-4692-a653-fa95dac471fb/elements 200 24 ms - 124
[HTTP] 
[HTTP] --> GET /wd/hub/session/3e88ab45-a208-4692-a653-fa95dac471fb
[HTTP] {}
[HTTP] <-- GET /wd/hub/session/3e88ab45-a208-4692-a653-fa95dac471fb 200 11 ms - 1177
[HTTP] 
[HTTP] --> GET /wd/hub/session/3e88ab45-a208-4692-a653-fa95dac471fb
[HTTP] {}
[HTTP] <-- GET /wd/hub/session/3e88ab45-a208-4692-a653-fa95dac471fb 200 12 ms - 1177
[HTTP] 
[HTTP] --> GET /wd/hub/session/3e88ab45-a208-4692-a653-fa95dac471fb
[HTTP] {}
[HTTP] <-- GET /wd/hub/session/3e88ab45-a208-4692-a653-fa95dac471fb 200 13 ms - 1177
[HTTP] 
[HTTP] --> GET /wd/hub/session/3e88ab45-a208-4692-a653-fa95dac471fb
[HTTP] {}
[HTTP] <-- GET /wd/hub/session/3e88ab45-a208-4692-a653-fa95dac471fb 200 23 ms - 1177
[HTTP] 
[HTTP] --> GET /wd/hub/session/3e88ab45-a208-4692-a653-fa95dac471fb/element/49e5ae0f-e955-4998-8301-2a50bbd029f0/location
[HTTP] {}
[W3C] Driver proxy active, passing request on via HTTP proxy
[JSONWP Proxy] Replacing sessionId 62a35152-275e-43dc-8175-2cabf458c01b with 3e88ab45-a208-4692-a653-fa95dac471fb
[HTTP] <-- GET /wd/hub/session/3e88ab45-a208-4692-a653-fa95dac471fb/element/49e5ae0f-e955-4998-8301-2a50bbd029f0/location 200 22 ms - 89
[HTTP] 
[HTTP] --> POST /wd/hub/session/3e88ab45-a208-4692-a653-fa95dac471fb/element/49e5ae0f-e955-4998-8301-2a50bbd029f0/clear
[HTTP] {"id":"49e5ae0f-e955-4998-8301-2a50bbd029f0"}
[HTTP] <-- POST /wd/hub/session/3e88ab45-a208-4692-a653-fa95dac471fb/element/49e5ae0f-e955-4998-8301-2a50bbd029f0/clear 200 26 ms - 89
[HTTP] 
[HTTP] --> POST /wd/hub/session/3e88ab45-a208-4692-a653-fa95dac471fb/element/49e5ae0f-e955-4998-8301-2a50bbd029f0/value
[HTTP] {"id":"49e5ae0f-e955-4998-8301-2a50bbd029f0","value":["8888"]}
[HTTP] <-- POST /wd/hub/session/3e88ab45-a208-4692-a653-fa95dac471fb/element/49e5ae0f-e955-4998-8301-2a50bbd029f0/value 200 847 ms - 74
[HTTP] 
[HTTP] --> GET /wd/hub/session/3e88ab45-a208-4692-a653-fa95dac471fb/window/current/size
[HTTP] {}
[W3C] Driver proxy active, passing request on via HTTP proxy
[JSONWP Proxy] Replacing sessionId 62a35152-275e-43dc-8175-2cabf458c01b with 3e88ab45-a208-4692-a653-fa95dac471fb
[HTTP] <-- GET /wd/hub/session/3e88ab45-a208-4692-a653-fa95dac471fb/window/current/size 200 35 ms - 100
[HTTP] 
[HTTP] --> POST /wd/hub/session/3e88ab45-a208-4692-a653-fa95dac471fb/elements
[HTTP] {"using":"-android uiautomator","value":"new UiSelector().className(\"android.widget.Button\").text(\"Verifikasi Sekarang\").resourceId(\"id.co.fundtastic.client:id/btnVerified\").instance(0)"}
[HTTP] <-- POST /wd/hub/session/3e88ab45-a208-4692-a653-fa95dac471fb/elements 200 913 ms - 124
[HTTP] 
[HTTP] --> GET /wd/hub/session/3e88ab45-a208-4692-a653-fa95dac471fb
[HTTP] {}
[HTTP] <-- GET /wd/hub/session/3e88ab45-a208-4692-a653-fa95dac471fb 200 13 ms - 1177
[HTTP] 
[HTTP] --> GET /wd/hub/session/3e88ab45-a208-4692-a653-fa95dac471fb
[HTTP] {}
[HTTP] <-- GET /wd/hub/session/3e88ab45-a208-4692-a653-fa95dac471fb 200 20 ms - 1177
[HTTP] 
[HTTP] --> GET /wd/hub/session/3e88ab45-a208-4692-a653-fa95dac471fb
[HTTP] {}
[HTTP] <-- GET /wd/hub/session/3e88ab45-a208-4692-a653-fa95dac471fb 200 20 ms - 1177
[HTTP] 
[HTTP] --> GET /wd/hub/session/3e88ab45-a208-4692-a653-fa95dac471fb
[HTTP] {}
[HTTP] <-- GET /wd/hub/session/3e88ab45-a208-4692-a653-fa95dac471fb 200 12 ms - 1177
[HTTP] 
[HTTP] --> GET /wd/hub/session/3e88ab45-a208-4692-a653-fa95dac471fb/element/2dc2e8ed-b43c-4d74-8d8e-b717c7c66eb2/location
[HTTP] {}
[W3C] Driver proxy active, passing request on via HTTP proxy
[JSONWP Proxy] Replacing sessionId 62a35152-275e-43dc-8175-2cabf458c01b with 3e88ab45-a208-4692-a653-fa95dac471fb
[HTTP] <-- GET /wd/hub/session/3e88ab45-a208-4692-a653-fa95dac471fb/element/2dc2e8ed-b43c-4d74-8d8e-b717c7c66eb2/location 200 14 ms - 88
[HTTP] 
[HTTP] --> POST /wd/hub/session/3e88ab45-a208-4692-a653-fa95dac471fb/touch/perform
[HTTP] {"actions":[{"action":"tap","options":{"element":"2dc2e8ed-b43c-4d74-8d8e-b717c7c66eb2","x":1,"y":1}}]}
[UiAutomator2] calling get location: 2dc2e8ed-b43c-4d74-8d8e-b717c7c66eb2
[HTTP] <-- POST /wd/hub/session/3e88ab45-a208-4692-a653-fa95dac471fb/touch/perform 200 1229 ms - 76
[HTTP] 
[HTTP] --> GET /wd/hub/session/3e88ab45-a208-4692-a653-fa95dac471fb/window/current/size
[HTTP] {}
[W3C] Driver proxy active, passing request on via HTTP proxy
[JSONWP Proxy] Replacing sessionId 62a35152-275e-43dc-8175-2cabf458c01b with 3e88ab45-a208-4692-a653-fa95dac471fb
[HTTP] <-- GET /wd/hub/session/3e88ab45-a208-4692-a653-fa95dac471fb/window/current/size 200 13 ms - 100
[HTTP] 
[HTTP] --> POST /wd/hub/session/3e88ab45-a208-4692-a653-fa95dac471fb/elements
[HTTP] {"using":"-android uiautomator","value":"new UiSelector().className(\"android.widget.LinearLayout\").resourceId(\"id.co.fundtastic.client:id/saveLayout\").instance(12)"}
[HTTP] <-- POST /wd/hub/session/3e88ab45-a208-4692-a653-fa95dac471fb/elements 200 107 ms - 124
[HTTP] 
[HTTP] --> GET /wd/hub/session/3e88ab45-a208-4692-a653-fa95dac471fb
[HTTP] {}
[HTTP] <-- GET /wd/hub/session/3e88ab45-a208-4692-a653-fa95dac471fb 200 10 ms - 1177
[HTTP] 
[HTTP] --> GET /wd/hub/session/3e88ab45-a208-4692-a653-fa95dac471fb
[HTTP] {}
[HTTP] <-- GET /wd/hub/session/3e88ab45-a208-4692-a653-fa95dac471fb 200 10 ms - 1177
[HTTP] 
[HTTP] --> GET /wd/hub/session/3e88ab45-a208-4692-a653-fa95dac471fb
[HTTP] {}
[HTTP] <-- GET /wd/hub/session/3e88ab45-a208-4692-a653-fa95dac471fb 200 17 ms - 1177
[HTTP] 
[HTTP] --> GET /wd/hub/session/3e88ab45-a208-4692-a653-fa95dac471fb
[HTTP] {}
[HTTP] <-- GET /wd/hub/session/3e88ab45-a208-4692-a653-fa95dac471fb 200 16 ms - 1177
[HTTP] 
[HTTP] --> GET /wd/hub/session/3e88ab45-a208-4692-a653-fa95dac471fb/element/59e4d3df-7e37-45e3-b92e-cd52acdb5e91/location
[HTTP] {}
[W3C] Driver proxy active, passing request on via HTTP proxy
[JSONWP Proxy] Replacing sessionId 62a35152-275e-43dc-8175-2cabf458c01b with 3e88ab45-a208-4692-a653-fa95dac471fb
[HTTP] <-- GET /wd/hub/session/3e88ab45-a208-4692-a653-fa95dac471fb/element/59e4d3df-7e37-45e3-b92e-cd52acdb5e91/location 200 21 ms - 88
[HTTP] 
[HTTP] --> POST /wd/hub/session/3e88ab45-a208-4692-a653-fa95dac471fb/touch/perform
[HTTP] {"actions":[{"action":"tap","options":{"element":"59e4d3df-7e37-45e3-b92e-cd52acdb5e91","x":1,"y":1}}]}
[UiAutomator2] calling get location: 59e4d3df-7e37-45e3-b92e-cd52acdb5e91
[HTTP] <-- POST /wd/hub/session/3e88ab45-a208-4692-a653-fa95dac471fb/touch/perform 200 752 ms - 76
[HTTP] 
[HTTP] --> GET /wd/hub/session/3e88ab45-a208-4692-a653-fa95dac471fb/window/current/size
[HTTP] {}
[W3C] Driver proxy active, passing request on via HTTP proxy
[JSONWP Proxy] Replacing sessionId 62a35152-275e-43dc-8175-2cabf458c01b with 3e88ab45-a208-4692-a653-fa95dac471fb
[HTTP] <-- GET /wd/hub/session/3e88ab45-a208-4692-a653-fa95dac471fb/window/current/size 200 13 ms - 100
[HTTP] 
[HTTP] --> POST /wd/hub/session/3e88ab45-a208-4692-a653-fa95dac471fb/elements
[HTTP] {"using":"-android uiautomator","value":"new UiSelector().className(\"android.widget.TextView\").text(\"Dapatkan Rekomendasi\").resourceId(\"id.co.fundtastic.client:id/getRecommendationText\").instance(8)"}
[HTTP] <-- POST /wd/hub/session/3e88ab45-a208-4692-a653-fa95dac471fb/elements 200 49 ms - 124
[HTTP] 
[HTTP] --> GET /wd/hub/session/3e88ab45-a208-4692-a653-fa95dac471fb
[HTTP] {}
[HTTP] <-- GET /wd/hub/session/3e88ab45-a208-4692-a653-fa95dac471fb 200 10 ms - 1177
[HTTP] 
[HTTP] --> GET /wd/hub/session/3e88ab45-a208-4692-a653-fa95dac471fb
[HTTP] {}
[HTTP] <-- GET /wd/hub/session/3e88ab45-a208-4692-a653-fa95dac471fb 200 11 ms - 1177
[HTTP] 
[HTTP] --> GET /wd/hub/session/3e88ab45-a208-4692-a653-fa95dac471fb
[HTTP] {}
[HTTP] <-- GET /wd/hub/session/3e88ab45-a208-4692-a653-fa95dac471fb 200 11 ms - 1177
[HTTP] 
[HTTP] --> GET /wd/hub/session/3e88ab45-a208-4692-a653-fa95dac471fb
[HTTP] {}
[HTTP] <-- GET /wd/hub/session/3e88ab45-a208-4692-a653-fa95dac471fb 200 10 ms - 1177
[HTTP] 
[HTTP] --> GET /wd/hub/session/3e88ab45-a208-4692-a653-fa95dac471fb/element/119ab0c7-07d8-4f8a-8cae-dd78ad7d6e1d/location
[HTTP] {}
[W3C] Driver proxy active, passing request on via HTTP proxy
[JSONWP Proxy] Replacing sessionId 62a35152-275e-43dc-8175-2cabf458c01b with 3e88ab45-a208-4692-a653-fa95dac471fb
[HTTP] <-- GET /wd/hub/session/3e88ab45-a208-4692-a653-fa95dac471fb/element/119ab0c7-07d8-4f8a-8cae-dd78ad7d6e1d/location 200 23 ms - 90
[HTTP] 
[HTTP] --> POST /wd/hub/session/3e88ab45-a208-4692-a653-fa95dac471fb/touch/perform
[HTTP] {"actions":[{"action":"tap","options":{"element":"119ab0c7-07d8-4f8a-8cae-dd78ad7d6e1d","x":1,"y":1}}]}
[UiAutomator2] calling get location: 119ab0c7-07d8-4f8a-8cae-dd78ad7d6e1d
[HTTP] <-- POST /wd/hub/session/3e88ab45-a208-4692-a653-fa95dac471fb/touch/perform 200 763 ms - 76
[HTTP] 
[HTTP] --> GET /wd/hub/session/3e88ab45-a208-4692-a653-fa95dac471fb/window/current/size
[HTTP] {}
[W3C] Driver proxy active, passing request on via HTTP proxy
[JSONWP Proxy] Replacing sessionId 62a35152-275e-43dc-8175-2cabf458c01b with 3e88ab45-a208-4692-a653-fa95dac471fb
[HTTP] <-- GET /wd/hub/session/3e88ab45-a208-4692-a653-fa95dac471fb/window/current/size 200 11 ms - 100
[HTTP] 
[HTTP] --> POST /wd/hub/session/3e88ab45-a208-4692-a653-fa95dac471fb/elements
[HTTP] {"using":"-android uiautomator","value":"new UiSelector().className(\"android.widget.Button\").text(\"UPDATE\").resourceId(\"id.co.fundtastic.client:id/btnUpdate\").instance(0)"}
[HTTP] <-- POST /wd/hub/session/3e88ab45-a208-4692-a653-fa95dac471fb/elements 200 49 ms - 124
[HTTP] 
[HTTP] --> GET /wd/hub/session/3e88ab45-a208-4692-a653-fa95dac471fb
[HTTP] {}
[HTTP] <-- GET /wd/hub/session/3e88ab45-a208-4692-a653-fa95dac471fb 200 10 ms - 1177
[HTTP] 
[HTTP] --> GET /wd/hub/session/3e88ab45-a208-4692-a653-fa95dac471fb
[HTTP] {}
[HTTP] <-- GET /wd/hub/session/3e88ab45-a208-4692-a653-fa95dac471fb 200 16 ms - 1177
[HTTP] 
[HTTP] --> GET /wd/hub/session/3e88ab45-a208-4692-a653-fa95dac471fb
[HTTP] {}
[HTTP] <-- GET /wd/hub/session/3e88ab45-a208-4692-a653-fa95dac471fb 200 12 ms - 1177
[HTTP] 
[HTTP] --> GET /wd/hub/session/3e88ab45-a208-4692-a653-fa95dac471fb
[HTTP] {}
[HTTP] <-- GET /wd/hub/session/3e88ab45-a208-4692-a653-fa95dac471fb 200 16 ms - 1177
[HTTP] 
[HTTP] --> GET /wd/hub/session/3e88ab45-a208-4692-a653-fa95dac471fb/element/21699432-49e8-4158-84fc-61b3fb824b95/location
[HTTP] {}
[W3C] Driver proxy active, passing request on via HTTP proxy
[JSONWP Proxy] Replacing sessionId 62a35152-275e-43dc-8175-2cabf458c01b with 3e88ab45-a208-4692-a653-fa95dac471fb
[HTTP] <-- GET /wd/hub/session/3e88ab45-a208-4692-a653-fa95dac471fb/element/21699432-49e8-4158-84fc-61b3fb824b95/location 200 18 ms - 90
[HTTP] 
[HTTP] --> POST /wd/hub/session/3e88ab45-a208-4692-a653-fa95dac471fb/touch/perform
[HTTP] {"actions":[{"action":"tap","options":{"element":"21699432-49e8-4158-84fc-61b3fb824b95","x":1,"y":1}}]}
[UiAutomator2] calling get location: 21699432-49e8-4158-84fc-61b3fb824b95
[HTTP] <-- POST /wd/hub/session/3e88ab45-a208-4692-a653-fa95dac471fb/touch/perform 200 766 ms - 76
[HTTP] 
[HTTP] --> DELETE /wd/hub/session/3e88ab45-a208-4692-a653-fa95dac471fb
[HTTP] {}
[Appium] Removing session 3e88ab45-a208-4692-a653-fa95dac471fb from our master session list
[ADB] id.co.fundtastic.client was successfully uninstalled
[HTTP] <-- DELETE /wd/hub/session/3e88ab45-a208-4692-a653-fa95dac471fb 200 1449 ms - 76
[HTTP] 
