[Appium] Welcome to Appium v1.8.1
[Appium] Non-default server args:
[Appium]   port: 63271
[Appium]   loglevel: info
[Appium]   chromeDriverPort: 63272
[Appium]   tmpDir: /var/folders/ts/p6rxgpw53_d96xw60slkng7m0000gn/T//Katalon/Appium/Temp1562641987657
[Appium] Appium REST http interface listener started on 0.0.0.0:63271
[HTTP] --> GET /wd/hub/status
[HTTP] {}
[HTTP] <-- GET /wd/hub/status 200 33 ms - 83
[HTTP] 
[HTTP] --> POST /wd/hub/session
[HTTP] {"desiredCapabilities":{"app":"/Users/ustore/Downloads/Development.apk","autoGrantPermissions":true,"automationName":"uiautomator2","deviceName":"emulator-5554 (Android SDK built for x86 - Android 9)","fullReset":true,"newCommandTimeout":1800,"noReset":false,"platform":"ANDROID","platformName":"Android","udid":"emulator-5554"},"capabilities":{"desiredCapabilities":{"app":"/Users/ustore/Downloads/Development.apk","autoGrantPermissions":true,"automationName":"uiautomator2","deviceName":"emulator-5554 (Android SDK built for x86 - Android 9)","fullReset":true,"newCommandTimeout":1800,"noReset":false,"platform":"ANDROID","platformName":"Android","udid":"emulator-5554"},"firstMatch":[{"platformName":"android"}]}}
[Appium] Could not parse W3C capabilities: 'deviceName' can't be blank. Falling back to JSONWP protocol.
[Appium] The following capabilities were provided in the JSONWP desired capabilities that are missing in W3C capabilities: ["app","autoGrantPermissions","automationName","deviceName","fullReset","newCommandTimeout","noReset","platform","platformName","udid"]. Falling back to JSONWP protocol.
[Appium] Creating new AndroidUiautomator2Driver (v1.12.0) session
[Appium] Capabilities:
[Appium]   app: /Users/ustore/Downloads/Development.apk
[Appium]   autoGrantPermissions: true
[Appium]   automationName: uiautomator2
[Appium]   deviceName: emulator-5554 (Android SDK built for x86 - Android 9)
[Appium]   fullReset: true
[Appium]   newCommandTimeout: 1800
[Appium]   noReset: false
[Appium]   platform: ANDROID
[Appium]   platformName: Android
[Appium]   udid: emulator-5554
[BaseDriver] The following capabilities were provided, but are not recognized by appium: platform.
[BaseDriver] Session created with session id: 95b93f6b-4bbe-45b2-a237-3940a8932c87
[BaseDriver] Using local app '/Users/ustore/Downloads/Development.apk'
[AndroidDriver] Java version is: 1.8.0_181
[ADB] Checking whether adb is present
[ADB] Found 1 'build-tools' folders under '/Users/ustore/.katalon/tools/android_sdk' (newest first):
[ADB]     /Users/ustore/.katalon/tools/android_sdk/build-tools/28.0.3
[ADB] Using adb from /Users/ustore/.katalon/tools/android_sdk/platform-tools/adb
[AndroidDriver] Retrieving device list
[AndroidDriver] Using device: emulator-5554
[ADB] Using the alternative activity name detection method because of: Could not find apkanalyzer in /Users/ustore/.katalon/tools/android_sdk/platform-tools/apkanalyzer,/Users/ustore/.katalon/tools/android_sdk/emulator/apkanalyzer,/Users/ustore/.katalon/tools/android_sdk/tools/apkanalyzer,/Users/ustore/.katalon/tools/android_sdk/tools/bin/apkanalyzer,/Users/ustore/.katalon/tools/android_sdk/build-tools/28.0.3/apkanalyzer. Do you have the Android SDK installed at '/Users/ustore/.katalon/tools/android_sdk'?
[ADB] Checking whether aapt is present
[ADB] Using aapt from /Users/ustore/.katalon/tools/android_sdk/build-tools/28.0.3/aapt
[ADB] Extracting package and launch activity from manifest
[ADB] Package name: 'id.co.fundtastic.client'
[ADB] Main activity name: 'id.co.fundtastic.client.splash.presentation.SplashActivity'
[ADB] Getting device platform version
[ADB] Using apksigner from /Users/ustore/.katalon/tools/android_sdk/build-tools/28.0.3/apksigner
[ADB] Cannot read version codes of '/usr/local/lib/node_modules/appium/node_modules/appium-uiautomator2-server/apks/appium-uiautomator2-server-debug-androidTest.apk' and/or 'io.appium.uiautomator2.server.test'
[ADB] Cannot read version names of '/usr/local/lib/node_modules/appium/node_modules/appium-uiautomator2-server/apks/appium-uiautomator2-server-debug-androidTest.apk' and/or 'io.appium.uiautomator2.server.test'. Assuming correct app version is already installed
[AndroidDriver] setDeviceLanguageCountry requires language or country.
[AndroidDriver] Got language: 'null' and country: 'null'
[ADB] Successfully extracted 194 strings from '/Users/ustore/Downloads/Development.apk' resources for '(default)' configuration
[ADB] id.co.fundtastic.client was successfully uninstalled
[UiAutomator2] Starting uiautomator2 server 1.12.0
[UiAutomator2] Using UIAutomator2 server from '/usr/local/lib/node_modules/appium/node_modules/appium-uiautomator2-server/apks/appium-uiautomator2-server-v1.12.0.apk' and test from '/usr/local/lib/node_modules/appium/node_modules/appium-uiautomator2-server/apks/appium-uiautomator2-server-debug-androidTest.apk'
[UiAutomator2] Running command: 'adb -s emulator-5554 shell am instrument -w io.appium.uiautomator2.server.test/android.support.test.runner.AndroidJUnitRunner'
[UiAutomator2] Waiting up to 20000ms for UiAutomator2 to be online...
[AndroidDriver] Screen already unlocked, doing nothing
[UiAutomator2] UiAutomator2 did not start the activity we were waiting for, 'id.co.fundtastic.client/id.co.fundtastic.client.splash.presentation.SplashActivity'. Starting it ourselves
[Appium] New AndroidUiautomator2Driver session created successfully, session 95b93f6b-4bbe-45b2-a237-3940a8932c87 added to master session list
[HTTP] <-- POST /wd/hub/session 200 12547 ms - 1167
[HTTP] 
[HTTP] --> GET /wd/hub/status
[HTTP] {}
[HTTP] <-- GET /wd/hub/status 200 32 ms - 55
[HTTP] 
[HTTP] --> POST /wd/hub/session/95b93f6b-4bbe-45b2-a237-3940a8932c87/timeouts
[HTTP] {"type":"implicit","ms":30000}
[HTTP] <-- POST /wd/hub/session/95b93f6b-4bbe-45b2-a237-3940a8932c87/timeouts 400 25 ms - 4196
[HTTP] 
[HTTP] --> GET /wd/hub/session/95b93f6b-4bbe-45b2-a237-3940a8932c87/window/current/size
[HTTP] {}
[W3C] Driver proxy active, passing request on via HTTP proxy
[JSONWP Proxy] Replacing sessionId c7c86077-a8c0-4013-90b6-6d50e80171df with 95b93f6b-4bbe-45b2-a237-3940a8932c87
[HTTP] <-- GET /wd/hub/session/95b93f6b-4bbe-45b2-a237-3940a8932c87/window/current/size 200 102 ms - 100
[HTTP] 
[HTTP] --> POST /wd/hub/session/95b93f6b-4bbe-45b2-a237-3940a8932c87/elements
[HTTP] {"using":"-android uiautomator","value":"new UiSelector().className(\"android.widget.TextView\").text(\"Mulailah berinvestasi untuk meraih mimpimu\").instance(0)"}
[HTTP] <-- POST /wd/hub/session/95b93f6b-4bbe-45b2-a237-3940a8932c87/elements 200 144 ms - 74
[HTTP] 
[HTTP] --> POST /wd/hub/session/95b93f6b-4bbe-45b2-a237-3940a8932c87/elements
[HTTP] {"using":"-android uiautomator","value":"new UiSelector().className(\"android.widget.TextView\").text(\"Mulailah berinvestasi untuk meraih mimpimu\").instance(0)"}
[HTTP] <-- POST /wd/hub/session/95b93f6b-4bbe-45b2-a237-3940a8932c87/elements 200 46 ms - 74
[HTTP] 
[HTTP] --> POST /wd/hub/session/95b93f6b-4bbe-45b2-a237-3940a8932c87/elements
[HTTP] {"using":"-android uiautomator","value":"new UiSelector().className(\"android.widget.TextView\").text(\"Mulailah berinvestasi untuk meraih mimpimu\").instance(0)"}
[HTTP] <-- POST /wd/hub/session/95b93f6b-4bbe-45b2-a237-3940a8932c87/elements 200 39 ms - 74
[HTTP] 
[HTTP] --> POST /wd/hub/session/95b93f6b-4bbe-45b2-a237-3940a8932c87/elements
[HTTP] {"using":"-android uiautomator","value":"new UiSelector().className(\"android.widget.TextView\").text(\"Mulailah berinvestasi untuk meraih mimpimu\").instance(0)"}
[HTTP] <-- POST /wd/hub/session/95b93f6b-4bbe-45b2-a237-3940a8932c87/elements 200 85 ms - 74
[HTTP] 
[HTTP] --> POST /wd/hub/session/95b93f6b-4bbe-45b2-a237-3940a8932c87/elements
[HTTP] {"using":"-android uiautomator","value":"new UiSelector().className(\"android.widget.TextView\").text(\"Mulailah berinvestasi untuk meraih mimpimu\").instance(0)"}
[HTTP] <-- POST /wd/hub/session/95b93f6b-4bbe-45b2-a237-3940a8932c87/elements 200 224 ms - 74
[HTTP] 
[HTTP] --> POST /wd/hub/session/95b93f6b-4bbe-45b2-a237-3940a8932c87/elements
[HTTP] {"using":"-android uiautomator","value":"new UiSelector().className(\"android.widget.TextView\").text(\"Mulailah berinvestasi untuk meraih mimpimu\").instance(0)"}
[HTTP] <-- POST /wd/hub/session/95b93f6b-4bbe-45b2-a237-3940a8932c87/elements 200 63 ms - 74
[HTTP] 
[HTTP] --> POST /wd/hub/session/95b93f6b-4bbe-45b2-a237-3940a8932c87/elements
[HTTP] {"using":"-android uiautomator","value":"new UiSelector().className(\"android.widget.TextView\").text(\"Mulailah berinvestasi untuk meraih mimpimu\").instance(0)"}
[HTTP] <-- POST /wd/hub/session/95b93f6b-4bbe-45b2-a237-3940a8932c87/elements 200 55 ms - 74
[HTTP] 
[HTTP] --> POST /wd/hub/session/95b93f6b-4bbe-45b2-a237-3940a8932c87/elements
[HTTP] {"using":"-android uiautomator","value":"new UiSelector().className(\"android.widget.TextView\").text(\"Mulailah berinvestasi untuk meraih mimpimu\").instance(0)"}
[HTTP] <-- POST /wd/hub/session/95b93f6b-4bbe-45b2-a237-3940a8932c87/elements 200 78 ms - 74
[HTTP] 
[HTTP] --> POST /wd/hub/session/95b93f6b-4bbe-45b2-a237-3940a8932c87/elements
[HTTP] {"using":"-android uiautomator","value":"new UiSelector().className(\"android.widget.TextView\").text(\"Mulailah berinvestasi untuk meraih mimpimu\").instance(0)"}
[HTTP] <-- POST /wd/hub/session/95b93f6b-4bbe-45b2-a237-3940a8932c87/elements 200 53 ms - 74
[HTTP] 
[HTTP] --> POST /wd/hub/session/95b93f6b-4bbe-45b2-a237-3940a8932c87/elements
[HTTP] {"using":"-android uiautomator","value":"new UiSelector().className(\"android.widget.TextView\").text(\"Mulailah berinvestasi untuk meraih mimpimu\").instance(0)"}
[HTTP] <-- POST /wd/hub/session/95b93f6b-4bbe-45b2-a237-3940a8932c87/elements 200 112 ms - 74
[HTTP] 
[HTTP] --> POST /wd/hub/session/95b93f6b-4bbe-45b2-a237-3940a8932c87/elements
[HTTP] {"using":"-android uiautomator","value":"new UiSelector().className(\"android.widget.TextView\").text(\"Mulailah berinvestasi untuk meraih mimpimu\").instance(0)"}
[HTTP] <-- POST /wd/hub/session/95b93f6b-4bbe-45b2-a237-3940a8932c87/elements 200 309 ms - 74
[HTTP] 
[HTTP] --> POST /wd/hub/session/95b93f6b-4bbe-45b2-a237-3940a8932c87/elements
[HTTP] {"using":"-android uiautomator","value":"new UiSelector().className(\"android.widget.TextView\").text(\"Mulailah berinvestasi untuk meraih mimpimu\").instance(0)"}
[HTTP] <-- POST /wd/hub/session/95b93f6b-4bbe-45b2-a237-3940a8932c87/elements 200 601 ms - 74
[HTTP] 
[HTTP] --> POST /wd/hub/session/95b93f6b-4bbe-45b2-a237-3940a8932c87/elements
[HTTP] {"using":"-android uiautomator","value":"new UiSelector().className(\"android.widget.TextView\").text(\"Mulailah berinvestasi untuk meraih mimpimu\").instance(0)"}
[HTTP] <-- POST /wd/hub/session/95b93f6b-4bbe-45b2-a237-3940a8932c87/elements 200 1281 ms - 124
[HTTP] 
[HTTP] --> GET /wd/hub/session/95b93f6b-4bbe-45b2-a237-3940a8932c87
[HTTP] {}
[HTTP] <-- GET /wd/hub/session/95b93f6b-4bbe-45b2-a237-3940a8932c87 200 33 ms - 1167
[HTTP] 
[HTTP] --> GET /wd/hub/session/95b93f6b-4bbe-45b2-a237-3940a8932c87
[HTTP] {}
[HTTP] <-- GET /wd/hub/session/95b93f6b-4bbe-45b2-a237-3940a8932c87 200 58 ms - 1167
[HTTP] 
[HTTP] --> GET /wd/hub/session/95b93f6b-4bbe-45b2-a237-3940a8932c87
[HTTP] {}
[HTTP] <-- GET /wd/hub/session/95b93f6b-4bbe-45b2-a237-3940a8932c87 200 45 ms - 1167
[HTTP] 
[HTTP] --> GET /wd/hub/session/95b93f6b-4bbe-45b2-a237-3940a8932c87
[HTTP] {}
[HTTP] <-- GET /wd/hub/session/95b93f6b-4bbe-45b2-a237-3940a8932c87 200 49 ms - 1167
[HTTP] 
[HTTP] --> GET /wd/hub/session/95b93f6b-4bbe-45b2-a237-3940a8932c87/element/1f1ef214-c7b7-426d-bcde-39364e6e92f1/location
[HTTP] {}
[W3C] Driver proxy active, passing request on via HTTP proxy
[JSONWP Proxy] Replacing sessionId c7c86077-a8c0-4013-90b6-6d50e80171df with 95b93f6b-4bbe-45b2-a237-3940a8932c87
[HTTP] <-- GET /wd/hub/session/95b93f6b-4bbe-45b2-a237-3940a8932c87/element/1f1ef214-c7b7-426d-bcde-39364e6e92f1/location 200 353 ms - 88
[HTTP] 
[HTTP] --> GET /wd/hub/session/95b93f6b-4bbe-45b2-a237-3940a8932c87/element/1f1ef214-c7b7-426d-bcde-39364e6e92f1/text
[HTTP] {}
[W3C] Driver proxy active, passing request on via HTTP proxy
[JSONWP Proxy] Replacing sessionId c7c86077-a8c0-4013-90b6-6d50e80171df with 95b93f6b-4bbe-45b2-a237-3940a8932c87
[HTTP] <-- GET /wd/hub/session/95b93f6b-4bbe-45b2-a237-3940a8932c87/element/1f1ef214-c7b7-426d-bcde-39364e6e92f1/text 200 913 ms - 116
[HTTP] 
[HTTP] --> GET /wd/hub/session/95b93f6b-4bbe-45b2-a237-3940a8932c87/window/current/size
[HTTP] {}
[W3C] Driver proxy active, passing request on via HTTP proxy
[JSONWP Proxy] Replacing sessionId c7c86077-a8c0-4013-90b6-6d50e80171df with 95b93f6b-4bbe-45b2-a237-3940a8932c87
[HTTP] <-- GET /wd/hub/session/95b93f6b-4bbe-45b2-a237-3940a8932c87/window/current/size 200 65 ms - 100
[HTTP] 
[HTTP] --> POST /wd/hub/session/95b93f6b-4bbe-45b2-a237-3940a8932c87/elements
[HTTP] {"using":"-android uiautomator","value":"new UiSelector().className(\"android.widget.ImageView\").resourceId(\"id.co.fundtastic.client:id/checklist\").instance(6)"}
[HTTP] <-- POST /wd/hub/session/95b93f6b-4bbe-45b2-a237-3940a8932c87/elements 200 1266 ms - 124
[HTTP] 
[HTTP] --> GET /wd/hub/session/95b93f6b-4bbe-45b2-a237-3940a8932c87
[HTTP] {}
[HTTP] <-- GET /wd/hub/session/95b93f6b-4bbe-45b2-a237-3940a8932c87 200 20 ms - 1167
[HTTP] 
[HTTP] --> GET /wd/hub/session/95b93f6b-4bbe-45b2-a237-3940a8932c87
[HTTP] {}
[HTTP] <-- GET /wd/hub/session/95b93f6b-4bbe-45b2-a237-3940a8932c87 200 17 ms - 1167
[HTTP] 
[HTTP] --> GET /wd/hub/session/95b93f6b-4bbe-45b2-a237-3940a8932c87
[HTTP] {}
[HTTP] <-- GET /wd/hub/session/95b93f6b-4bbe-45b2-a237-3940a8932c87 200 18 ms - 1167
[HTTP] 
[HTTP] --> GET /wd/hub/session/95b93f6b-4bbe-45b2-a237-3940a8932c87
[HTTP] {}
[HTTP] <-- GET /wd/hub/session/95b93f6b-4bbe-45b2-a237-3940a8932c87 200 14 ms - 1167
[HTTP] 
[HTTP] --> GET /wd/hub/session/95b93f6b-4bbe-45b2-a237-3940a8932c87/element/238874eb-94b2-4e65-b9fb-218eec7bf84c/location
[HTTP] {}
[W3C] Driver proxy active, passing request on via HTTP proxy
[JSONWP Proxy] Replacing sessionId c7c86077-a8c0-4013-90b6-6d50e80171df with 95b93f6b-4bbe-45b2-a237-3940a8932c87
[HTTP] <-- GET /wd/hub/session/95b93f6b-4bbe-45b2-a237-3940a8932c87/element/238874eb-94b2-4e65-b9fb-218eec7bf84c/location 200 42 ms - 90
[HTTP] 
[HTTP] --> POST /wd/hub/session/95b93f6b-4bbe-45b2-a237-3940a8932c87/touch/perform
[HTTP] {"actions":[{"action":"tap","options":{"element":"238874eb-94b2-4e65-b9fb-218eec7bf84c","x":1,"y":1}}]}
[UiAutomator2] calling get location: 238874eb-94b2-4e65-b9fb-218eec7bf84c
[HTTP] <-- POST /wd/hub/session/95b93f6b-4bbe-45b2-a237-3940a8932c87/touch/perform 200 792 ms - 76
[HTTP] 
[HTTP] --> GET /wd/hub/session/95b93f6b-4bbe-45b2-a237-3940a8932c87/window/current/size
[HTTP] {}
[W3C] Driver proxy active, passing request on via HTTP proxy
[JSONWP Proxy] Replacing sessionId c7c86077-a8c0-4013-90b6-6d50e80171df with 95b93f6b-4bbe-45b2-a237-3940a8932c87
[HTTP] <-- GET /wd/hub/session/95b93f6b-4bbe-45b2-a237-3940a8932c87/window/current/size 200 24 ms - 100
[HTTP] 
[HTTP] --> POST /wd/hub/session/95b93f6b-4bbe-45b2-a237-3940a8932c87/elements
[HTTP] {"using":"-android uiautomator","value":"new UiSelector().className(\"android.widget.LinearLayout\").instance(4)"}
[HTTP] <-- POST /wd/hub/session/95b93f6b-4bbe-45b2-a237-3940a8932c87/elements 200 56 ms - 124
[HTTP] 
[HTTP] --> GET /wd/hub/session/95b93f6b-4bbe-45b2-a237-3940a8932c87
[HTTP] {}
[HTTP] <-- GET /wd/hub/session/95b93f6b-4bbe-45b2-a237-3940a8932c87 200 24 ms - 1167
[HTTP] 
[HTTP] --> GET /wd/hub/session/95b93f6b-4bbe-45b2-a237-3940a8932c87
[HTTP] {}
[HTTP] <-- GET /wd/hub/session/95b93f6b-4bbe-45b2-a237-3940a8932c87 200 17 ms - 1167
[HTTP] 
[HTTP] --> GET /wd/hub/session/95b93f6b-4bbe-45b2-a237-3940a8932c87
[HTTP] {}
[HTTP] <-- GET /wd/hub/session/95b93f6b-4bbe-45b2-a237-3940a8932c87 200 14 ms - 1167
[HTTP] 
[HTTP] --> GET /wd/hub/session/95b93f6b-4bbe-45b2-a237-3940a8932c87
[HTTP] {}
[HTTP] <-- GET /wd/hub/session/95b93f6b-4bbe-45b2-a237-3940a8932c87 200 18 ms - 1167
[HTTP] 
[HTTP] --> GET /wd/hub/session/95b93f6b-4bbe-45b2-a237-3940a8932c87/element/86e80f5b-040f-4f02-a79f-63054dbe7322/location
[HTTP] {}
[W3C] Driver proxy active, passing request on via HTTP proxy
[JSONWP Proxy] Replacing sessionId c7c86077-a8c0-4013-90b6-6d50e80171df with 95b93f6b-4bbe-45b2-a237-3940a8932c87
[HTTP] <-- GET /wd/hub/session/95b93f6b-4bbe-45b2-a237-3940a8932c87/element/86e80f5b-040f-4f02-a79f-63054dbe7322/location 200 41 ms - 87
[HTTP] 
[HTTP] --> POST /wd/hub/session/95b93f6b-4bbe-45b2-a237-3940a8932c87/touch/perform
[HTTP] {"actions":[{"action":"tap","options":{"element":"86e80f5b-040f-4f02-a79f-63054dbe7322","x":1,"y":1}}]}
[UiAutomator2] calling get location: 86e80f5b-040f-4f02-a79f-63054dbe7322
[HTTP] <-- POST /wd/hub/session/95b93f6b-4bbe-45b2-a237-3940a8932c87/touch/perform 200 819 ms - 76
[HTTP] 
[HTTP] --> GET /wd/hub/session/95b93f6b-4bbe-45b2-a237-3940a8932c87/context
[HTTP] {}
[HTTP] <-- GET /wd/hub/session/95b93f6b-4bbe-45b2-a237-3940a8932c87/context 200 5 ms - 84
[HTTP] 
[HTTP] --> GET /wd/hub/session/95b93f6b-4bbe-45b2-a237-3940a8932c87/contexts
[HTTP] {}
[HTTP] <-- GET /wd/hub/session/95b93f6b-4bbe-45b2-a237-3940a8932c87/contexts 200 100 ms - 127
[HTTP] 
[HTTP] --> POST /wd/hub/session/95b93f6b-4bbe-45b2-a237-3940a8932c87/context
[HTTP] {"name":"NATIVE_APP"}
[HTTP] <-- POST /wd/hub/session/95b93f6b-4bbe-45b2-a237-3940a8932c87/context 200 63 ms - 76
[HTTP] 
[HTTP] --> POST /wd/hub/session/95b93f6b-4bbe-45b2-a237-3940a8932c87/touch/perform
[HTTP] {"actions":[{"action":"press","options":{"x":800,"y":1000}},{"action":"wait","options":{"ms":500}},{"action":"moveTo","options":{"x":10,"y":800}}]}
[HTTP] <-- POST /wd/hub/session/95b93f6b-4bbe-45b2-a237-3940a8932c87/touch/perform 200 2063 ms - 76
[HTTP] 
[HTTP] --> POST /wd/hub/session/95b93f6b-4bbe-45b2-a237-3940a8932c87/context
[HTTP] {"name":"NATIVE_APP"}
[HTTP] <-- POST /wd/hub/session/95b93f6b-4bbe-45b2-a237-3940a8932c87/context 200 47 ms - 76
[HTTP] 
[HTTP] --> GET /wd/hub/session/95b93f6b-4bbe-45b2-a237-3940a8932c87/window/current/size
[HTTP] {}
[W3C] Driver proxy active, passing request on via HTTP proxy
[JSONWP Proxy] Replacing sessionId c7c86077-a8c0-4013-90b6-6d50e80171df with 95b93f6b-4bbe-45b2-a237-3940a8932c87
[HTTP] <-- GET /wd/hub/session/95b93f6b-4bbe-45b2-a237-3940a8932c87/window/current/size 200 17 ms - 100
[HTTP] 
[HTTP] --> POST /wd/hub/session/95b93f6b-4bbe-45b2-a237-3940a8932c87/elements
[HTTP] {"using":"-android uiautomator","value":"new UiSelector().className(\"android.widget.LinearLayout\").instance(4)"}
[HTTP] <-- POST /wd/hub/session/95b93f6b-4bbe-45b2-a237-3940a8932c87/elements 200 50 ms - 124
[HTTP] 
[HTTP] --> GET /wd/hub/session/95b93f6b-4bbe-45b2-a237-3940a8932c87
[HTTP] {}
[HTTP] <-- GET /wd/hub/session/95b93f6b-4bbe-45b2-a237-3940a8932c87 200 17 ms - 1284
[HTTP] 
[HTTP] --> GET /wd/hub/session/95b93f6b-4bbe-45b2-a237-3940a8932c87
[HTTP] {}
[HTTP] <-- GET /wd/hub/session/95b93f6b-4bbe-45b2-a237-3940a8932c87 200 17 ms - 1284
[HTTP] 
[HTTP] --> GET /wd/hub/session/95b93f6b-4bbe-45b2-a237-3940a8932c87
[HTTP] {}
[HTTP] <-- GET /wd/hub/session/95b93f6b-4bbe-45b2-a237-3940a8932c87 200 14 ms - 1284
[HTTP] 
[HTTP] --> GET /wd/hub/session/95b93f6b-4bbe-45b2-a237-3940a8932c87
[HTTP] {}
[HTTP] <-- GET /wd/hub/session/95b93f6b-4bbe-45b2-a237-3940a8932c87 200 15 ms - 1284
[HTTP] 
[HTTP] --> GET /wd/hub/session/95b93f6b-4bbe-45b2-a237-3940a8932c87/element/18f24b6b-e71c-4b22-a560-b1cf3360949e/location
[HTTP] {}
[W3C] Driver proxy active, passing request on via HTTP proxy
[JSONWP Proxy] Replacing sessionId c7c86077-a8c0-4013-90b6-6d50e80171df with 95b93f6b-4bbe-45b2-a237-3940a8932c87
[HTTP] <-- GET /wd/hub/session/95b93f6b-4bbe-45b2-a237-3940a8932c87/element/18f24b6b-e71c-4b22-a560-b1cf3360949e/location 200 32 ms - 87
[HTTP] 
[HTTP] --> POST /wd/hub/session/95b93f6b-4bbe-45b2-a237-3940a8932c87/touch/perform
[HTTP] {"actions":[{"action":"tap","options":{"element":"18f24b6b-e71c-4b22-a560-b1cf3360949e","x":1,"y":1}}]}
[UiAutomator2] calling get location: 18f24b6b-e71c-4b22-a560-b1cf3360949e
[HTTP] <-- POST /wd/hub/session/95b93f6b-4bbe-45b2-a237-3940a8932c87/touch/perform 200 1098 ms - 76
[HTTP] 
[HTTP] --> GET /wd/hub/session/95b93f6b-4bbe-45b2-a237-3940a8932c87/context
[HTTP] {}
[HTTP] <-- GET /wd/hub/session/95b93f6b-4bbe-45b2-a237-3940a8932c87/context 200 3 ms - 84
[HTTP] 
[HTTP] --> GET /wd/hub/session/95b93f6b-4bbe-45b2-a237-3940a8932c87/contexts
[HTTP] {}
[HTTP] <-- GET /wd/hub/session/95b93f6b-4bbe-45b2-a237-3940a8932c87/contexts 200 30 ms - 127
[HTTP] 
[HTTP] --> POST /wd/hub/session/95b93f6b-4bbe-45b2-a237-3940a8932c87/context
[HTTP] {"name":"NATIVE_APP"}
[HTTP] <-- POST /wd/hub/session/95b93f6b-4bbe-45b2-a237-3940a8932c87/context 200 31 ms - 76
[HTTP] 
[HTTP] --> POST /wd/hub/session/95b93f6b-4bbe-45b2-a237-3940a8932c87/touch/perform
[HTTP] {"actions":[{"action":"press","options":{"x":800,"y":1000}},{"action":"wait","options":{"ms":500}},{"action":"moveTo","options":{"x":10,"y":800}}]}
[HTTP] <-- POST /wd/hub/session/95b93f6b-4bbe-45b2-a237-3940a8932c87/touch/perform 200 2054 ms - 76
[HTTP] 
[HTTP] --> POST /wd/hub/session/95b93f6b-4bbe-45b2-a237-3940a8932c87/context
[HTTP] {"name":"NATIVE_APP"}
[HTTP] <-- POST /wd/hub/session/95b93f6b-4bbe-45b2-a237-3940a8932c87/context 200 31 ms - 76
[HTTP] 
[HTTP] --> GET /wd/hub/session/95b93f6b-4bbe-45b2-a237-3940a8932c87/window/current/size
[HTTP] {}
[W3C] Driver proxy active, passing request on via HTTP proxy
[JSONWP Proxy] Replacing sessionId c7c86077-a8c0-4013-90b6-6d50e80171df with 95b93f6b-4bbe-45b2-a237-3940a8932c87
[HTTP] <-- GET /wd/hub/session/95b93f6b-4bbe-45b2-a237-3940a8932c87/window/current/size 200 17 ms - 100
[HTTP] 
[HTTP] --> POST /wd/hub/session/95b93f6b-4bbe-45b2-a237-3940a8932c87/elements
[HTTP] {"using":"-android uiautomator","value":"new UiSelector().className(\"android.widget.LinearLayout\").instance(4)"}
[HTTP] <-- POST /wd/hub/session/95b93f6b-4bbe-45b2-a237-3940a8932c87/elements 200 129 ms - 124
[HTTP] 
[HTTP] --> GET /wd/hub/session/95b93f6b-4bbe-45b2-a237-3940a8932c87
[HTTP] {}
[HTTP] <-- GET /wd/hub/session/95b93f6b-4bbe-45b2-a237-3940a8932c87 200 17 ms - 1284
[HTTP] 
[HTTP] --> GET /wd/hub/session/95b93f6b-4bbe-45b2-a237-3940a8932c87
[HTTP] {}
[HTTP] <-- GET /wd/hub/session/95b93f6b-4bbe-45b2-a237-3940a8932c87 200 13 ms - 1284
[HTTP] 
[HTTP] --> GET /wd/hub/session/95b93f6b-4bbe-45b2-a237-3940a8932c87
[HTTP] {}
[HTTP] <-- GET /wd/hub/session/95b93f6b-4bbe-45b2-a237-3940a8932c87 200 13 ms - 1284
[HTTP] 
[HTTP] --> GET /wd/hub/session/95b93f6b-4bbe-45b2-a237-3940a8932c87
[HTTP] {}
[HTTP] <-- GET /wd/hub/session/95b93f6b-4bbe-45b2-a237-3940a8932c87 200 13 ms - 1284
[HTTP] 
[HTTP] --> GET /wd/hub/session/95b93f6b-4bbe-45b2-a237-3940a8932c87/element/c4516e10-6385-4685-a66e-6001de7af3a1/location
[HTTP] {}
[W3C] Driver proxy active, passing request on via HTTP proxy
[JSONWP Proxy] Replacing sessionId c7c86077-a8c0-4013-90b6-6d50e80171df with 95b93f6b-4bbe-45b2-a237-3940a8932c87
[HTTP] <-- GET /wd/hub/session/95b93f6b-4bbe-45b2-a237-3940a8932c87/element/c4516e10-6385-4685-a66e-6001de7af3a1/location 200 38 ms - 87
[HTTP] 
[HTTP] --> POST /wd/hub/session/95b93f6b-4bbe-45b2-a237-3940a8932c87/touch/perform
[HTTP] {"actions":[{"action":"tap","options":{"element":"c4516e10-6385-4685-a66e-6001de7af3a1","x":1,"y":1}}]}
[UiAutomator2] calling get location: c4516e10-6385-4685-a66e-6001de7af3a1
[HTTP] <-- POST /wd/hub/session/95b93f6b-4bbe-45b2-a237-3940a8932c87/touch/perform 200 1033 ms - 76
[HTTP] 
[HTTP] --> GET /wd/hub/session/95b93f6b-4bbe-45b2-a237-3940a8932c87/context
[HTTP] {}
[HTTP] <-- GET /wd/hub/session/95b93f6b-4bbe-45b2-a237-3940a8932c87/context 200 2 ms - 84
[HTTP] 
[HTTP] --> GET /wd/hub/session/95b93f6b-4bbe-45b2-a237-3940a8932c87/contexts
[HTTP] {}
[HTTP] <-- GET /wd/hub/session/95b93f6b-4bbe-45b2-a237-3940a8932c87/contexts 200 38 ms - 127
[HTTP] 
[HTTP] --> POST /wd/hub/session/95b93f6b-4bbe-45b2-a237-3940a8932c87/context
[HTTP] {"name":"NATIVE_APP"}
[HTTP] <-- POST /wd/hub/session/95b93f6b-4bbe-45b2-a237-3940a8932c87/context 200 35 ms - 76
[HTTP] 
[HTTP] --> POST /wd/hub/session/95b93f6b-4bbe-45b2-a237-3940a8932c87/touch/perform
[HTTP] {"actions":[{"action":"press","options":{"x":800,"y":1000}},{"action":"wait","options":{"ms":500}},{"action":"moveTo","options":{"x":10,"y":800}}]}
[HTTP] <-- POST /wd/hub/session/95b93f6b-4bbe-45b2-a237-3940a8932c87/touch/perform 200 2062 ms - 76
[HTTP] 
[HTTP] --> POST /wd/hub/session/95b93f6b-4bbe-45b2-a237-3940a8932c87/context
[HTTP] {"name":"NATIVE_APP"}
[HTTP] <-- POST /wd/hub/session/95b93f6b-4bbe-45b2-a237-3940a8932c87/context 200 129 ms - 76
[HTTP] 
[HTTP] --> GET /wd/hub/session/95b93f6b-4bbe-45b2-a237-3940a8932c87/window/current/size
[HTTP] {}
[W3C] Driver proxy active, passing request on via HTTP proxy
[JSONWP Proxy] Replacing sessionId c7c86077-a8c0-4013-90b6-6d50e80171df with 95b93f6b-4bbe-45b2-a237-3940a8932c87
[HTTP] <-- GET /wd/hub/session/95b93f6b-4bbe-45b2-a237-3940a8932c87/window/current/size 200 55 ms - 100
[HTTP] 
[HTTP] --> POST /wd/hub/session/95b93f6b-4bbe-45b2-a237-3940a8932c87/elements
[HTTP] {"using":"-android uiautomator","value":"new UiSelector().className(\"android.widget.LinearLayout\").instance(4)"}
[HTTP] <-- POST /wd/hub/session/95b93f6b-4bbe-45b2-a237-3940a8932c87/elements 200 158 ms - 124
[HTTP] 
[HTTP] --> GET /wd/hub/session/95b93f6b-4bbe-45b2-a237-3940a8932c87
[HTTP] {}
[HTTP] <-- GET /wd/hub/session/95b93f6b-4bbe-45b2-a237-3940a8932c87 200 55 ms - 1167
[HTTP] 
[HTTP] --> GET /wd/hub/session/95b93f6b-4bbe-45b2-a237-3940a8932c87
[HTTP] {}
[HTTP] <-- GET /wd/hub/session/95b93f6b-4bbe-45b2-a237-3940a8932c87 200 29 ms - 1167
[HTTP] 
[HTTP] --> GET /wd/hub/session/95b93f6b-4bbe-45b2-a237-3940a8932c87
[HTTP] {}
[HTTP] <-- GET /wd/hub/session/95b93f6b-4bbe-45b2-a237-3940a8932c87 200 31 ms - 1167
[HTTP] 
[HTTP] --> GET /wd/hub/session/95b93f6b-4bbe-45b2-a237-3940a8932c87
[HTTP] {}
[HTTP] <-- GET /wd/hub/session/95b93f6b-4bbe-45b2-a237-3940a8932c87 200 21 ms - 1167
[HTTP] 
[HTTP] --> GET /wd/hub/session/95b93f6b-4bbe-45b2-a237-3940a8932c87/element/eaed790d-b68d-43ac-a3ef-c6c0f440cfff/location
[HTTP] {}
[W3C] Driver proxy active, passing request on via HTTP proxy
[JSONWP Proxy] Replacing sessionId c7c86077-a8c0-4013-90b6-6d50e80171df with 95b93f6b-4bbe-45b2-a237-3940a8932c87
[HTTP] <-- GET /wd/hub/session/95b93f6b-4bbe-45b2-a237-3940a8932c87/element/eaed790d-b68d-43ac-a3ef-c6c0f440cfff/location 200 136 ms - 88
[HTTP] 
[HTTP] --> POST /wd/hub/session/95b93f6b-4bbe-45b2-a237-3940a8932c87/touch/perform
[HTTP] {"actions":[{"action":"tap","options":{"element":"eaed790d-b68d-43ac-a3ef-c6c0f440cfff","x":1,"y":1}}]}
[UiAutomator2] calling get location: eaed790d-b68d-43ac-a3ef-c6c0f440cfff
[HTTP] <-- POST /wd/hub/session/95b93f6b-4bbe-45b2-a237-3940a8932c87/touch/perform 200 3265 ms - 76
[HTTP] 
[HTTP] --> GET /wd/hub/session/95b93f6b-4bbe-45b2-a237-3940a8932c87/context
[HTTP] {}
[HTTP] <-- GET /wd/hub/session/95b93f6b-4bbe-45b2-a237-3940a8932c87/context 200 2 ms - 84
[HTTP] 
[HTTP] --> GET /wd/hub/session/95b93f6b-4bbe-45b2-a237-3940a8932c87/contexts
[HTTP] {}
[HTTP] <-- GET /wd/hub/session/95b93f6b-4bbe-45b2-a237-3940a8932c87/contexts 200 36 ms - 127
[HTTP] 
[HTTP] --> POST /wd/hub/session/95b93f6b-4bbe-45b2-a237-3940a8932c87/context
[HTTP] {"name":"NATIVE_APP"}
[HTTP] <-- POST /wd/hub/session/95b93f6b-4bbe-45b2-a237-3940a8932c87/context 200 32 ms - 76
[HTTP] 
[HTTP] --> POST /wd/hub/session/95b93f6b-4bbe-45b2-a237-3940a8932c87/touch/perform
[HTTP] {"actions":[{"action":"press","options":{"x":800,"y":1000}},{"action":"wait","options":{"ms":500}},{"action":"moveTo","options":{"x":10,"y":800}}]}
[HTTP] <-- POST /wd/hub/session/95b93f6b-4bbe-45b2-a237-3940a8932c87/touch/perform 200 2081 ms - 76
[HTTP] 
[HTTP] --> POST /wd/hub/session/95b93f6b-4bbe-45b2-a237-3940a8932c87/context
[HTTP] {"name":"NATIVE_APP"}
[HTTP] <-- POST /wd/hub/session/95b93f6b-4bbe-45b2-a237-3940a8932c87/context 200 90 ms - 76
[HTTP] 
[HTTP] --> GET /wd/hub/session/95b93f6b-4bbe-45b2-a237-3940a8932c87/window/current/size
[HTTP] {}
[W3C] Driver proxy active, passing request on via HTTP proxy
[JSONWP Proxy] Replacing sessionId c7c86077-a8c0-4013-90b6-6d50e80171df with 95b93f6b-4bbe-45b2-a237-3940a8932c87
[HTTP] <-- GET /wd/hub/session/95b93f6b-4bbe-45b2-a237-3940a8932c87/window/current/size 200 38 ms - 100
[HTTP] 
[HTTP] --> POST /wd/hub/session/95b93f6b-4bbe-45b2-a237-3940a8932c87/elements
[HTTP] {"using":"-android uiautomator","value":"new UiSelector().className(\"android.widget.EditText\").text(\"No Handphone\").resourceId(\"id.co.fundtastic.client:id/et_phone\").instance(0)"}
[HTTP] <-- POST /wd/hub/session/95b93f6b-4bbe-45b2-a237-3940a8932c87/elements 200 134 ms - 124
[HTTP] 
[HTTP] --> GET /wd/hub/session/95b93f6b-4bbe-45b2-a237-3940a8932c87
[HTTP] {}
[HTTP] <-- GET /wd/hub/session/95b93f6b-4bbe-45b2-a237-3940a8932c87 200 22 ms - 1167
[HTTP] 
[HTTP] --> GET /wd/hub/session/95b93f6b-4bbe-45b2-a237-3940a8932c87
[HTTP] {}
[HTTP] <-- GET /wd/hub/session/95b93f6b-4bbe-45b2-a237-3940a8932c87 200 42 ms - 1167
[HTTP] 
[HTTP] --> GET /wd/hub/session/95b93f6b-4bbe-45b2-a237-3940a8932c87
[HTTP] {}
[HTTP] <-- GET /wd/hub/session/95b93f6b-4bbe-45b2-a237-3940a8932c87 200 47 ms - 1167
[HTTP] 
[HTTP] --> GET /wd/hub/session/95b93f6b-4bbe-45b2-a237-3940a8932c87
[HTTP] {}
[HTTP] <-- GET /wd/hub/session/95b93f6b-4bbe-45b2-a237-3940a8932c87 200 38 ms - 1167
[HTTP] 
[HTTP] --> GET /wd/hub/session/95b93f6b-4bbe-45b2-a237-3940a8932c87/element/c1d56508-734e-4e99-95a7-d246281198c9/location
[HTTP] {}
[W3C] Driver proxy active, passing request on via HTTP proxy
[JSONWP Proxy] Replacing sessionId c7c86077-a8c0-4013-90b6-6d50e80171df with 95b93f6b-4bbe-45b2-a237-3940a8932c87
[HTTP] <-- GET /wd/hub/session/95b93f6b-4bbe-45b2-a237-3940a8932c87/element/c1d56508-734e-4e99-95a7-d246281198c9/location 200 93 ms - 88
[HTTP] 
[HTTP] --> POST /wd/hub/session/95b93f6b-4bbe-45b2-a237-3940a8932c87/element/c1d56508-734e-4e99-95a7-d246281198c9/clear
[HTTP] {"id":"c1d56508-734e-4e99-95a7-d246281198c9"}
[HTTP] <-- POST /wd/hub/session/95b93f6b-4bbe-45b2-a237-3940a8932c87/element/c1d56508-734e-4e99-95a7-d246281198c9/clear 200 122 ms - 89
[HTTP] 
[HTTP] --> POST /wd/hub/session/95b93f6b-4bbe-45b2-a237-3940a8932c87/element/c1d56508-734e-4e99-95a7-d246281198c9/value
[HTTP] {"id":"c1d56508-734e-4e99-95a7-d246281198c9","value":["081215161452"]}
[HTTP] <-- POST /wd/hub/session/95b93f6b-4bbe-45b2-a237-3940a8932c87/element/c1d56508-734e-4e99-95a7-d246281198c9/value 200 1183 ms - 74
[HTTP] 
[HTTP] --> GET /wd/hub/session/95b93f6b-4bbe-45b2-a237-3940a8932c87/window/current/size
[HTTP] {}
[W3C] Driver proxy active, passing request on via HTTP proxy
[JSONWP Proxy] Replacing sessionId c7c86077-a8c0-4013-90b6-6d50e80171df with 95b93f6b-4bbe-45b2-a237-3940a8932c87
[HTTP] <-- GET /wd/hub/session/95b93f6b-4bbe-45b2-a237-3940a8932c87/window/current/size 200 24 ms - 100
[HTTP] 
[HTTP] --> POST /wd/hub/session/95b93f6b-4bbe-45b2-a237-3940a8932c87/elements
[HTTP] {"using":"-android uiautomator","value":"new UiSelector().className(\"android.widget.Button\").text(\"MASUK\").resourceId(\"id.co.fundtastic.client:id/btnLogin\").instance(0)"}
[HTTP] <-- POST /wd/hub/session/95b93f6b-4bbe-45b2-a237-3940a8932c87/elements 200 475 ms - 124
[HTTP] 
[HTTP] --> GET /wd/hub/session/95b93f6b-4bbe-45b2-a237-3940a8932c87
[HTTP] {}
[HTTP] <-- GET /wd/hub/session/95b93f6b-4bbe-45b2-a237-3940a8932c87 200 14 ms - 1167
[HTTP] 
[HTTP] --> GET /wd/hub/session/95b93f6b-4bbe-45b2-a237-3940a8932c87
[HTTP] {}
[HTTP] <-- GET /wd/hub/session/95b93f6b-4bbe-45b2-a237-3940a8932c87 200 12 ms - 1167
[HTTP] 
[HTTP] --> GET /wd/hub/session/95b93f6b-4bbe-45b2-a237-3940a8932c87
[HTTP] {}
[HTTP] <-- GET /wd/hub/session/95b93f6b-4bbe-45b2-a237-3940a8932c87 200 12 ms - 1167
[HTTP] 
[HTTP] --> GET /wd/hub/session/95b93f6b-4bbe-45b2-a237-3940a8932c87
[HTTP] {}
[HTTP] <-- GET /wd/hub/session/95b93f6b-4bbe-45b2-a237-3940a8932c87 200 12 ms - 1167
[HTTP] 
[HTTP] --> GET /wd/hub/session/95b93f6b-4bbe-45b2-a237-3940a8932c87/element/929fe6a8-b763-4ec1-8379-fbce4a81f096/location
[HTTP] {}
[W3C] Driver proxy active, passing request on via HTTP proxy
[JSONWP Proxy] Replacing sessionId c7c86077-a8c0-4013-90b6-6d50e80171df with 95b93f6b-4bbe-45b2-a237-3940a8932c87
[HTTP] <-- GET /wd/hub/session/95b93f6b-4bbe-45b2-a237-3940a8932c87/element/929fe6a8-b763-4ec1-8379-fbce4a81f096/location 200 19 ms - 88
[HTTP] 
[HTTP] --> POST /wd/hub/session/95b93f6b-4bbe-45b2-a237-3940a8932c87/touch/perform
[HTTP] {"actions":[{"action":"tap","options":{"element":"929fe6a8-b763-4ec1-8379-fbce4a81f096","x":1,"y":1}}]}
[UiAutomator2] calling get location: 929fe6a8-b763-4ec1-8379-fbce4a81f096
[HTTP] <-- POST /wd/hub/session/95b93f6b-4bbe-45b2-a237-3940a8932c87/touch/perform 200 836 ms - 76
[HTTP] 
[HTTP] --> GET /wd/hub/session/95b93f6b-4bbe-45b2-a237-3940a8932c87/window/current/size
[HTTP] {}
[W3C] Driver proxy active, passing request on via HTTP proxy
[JSONWP Proxy] Replacing sessionId c7c86077-a8c0-4013-90b6-6d50e80171df with 95b93f6b-4bbe-45b2-a237-3940a8932c87
[HTTP] <-- GET /wd/hub/session/95b93f6b-4bbe-45b2-a237-3940a8932c87/window/current/size 200 18 ms - 100
[HTTP] 
[HTTP] --> POST /wd/hub/session/95b93f6b-4bbe-45b2-a237-3940a8932c87/elements
[HTTP] {"using":"-android uiautomator","value":"new UiSelector().className(\"android.widget.TextView\").text(\"Verifikasi Nomor HP\").instance(0)"}
[HTTP] <-- POST /wd/hub/session/95b93f6b-4bbe-45b2-a237-3940a8932c87/elements 200 33 ms - 124
[HTTP] 
[HTTP] --> GET /wd/hub/session/95b93f6b-4bbe-45b2-a237-3940a8932c87
[HTTP] {}
[HTTP] <-- GET /wd/hub/session/95b93f6b-4bbe-45b2-a237-3940a8932c87 200 14 ms - 1167
[HTTP] 
[HTTP] --> GET /wd/hub/session/95b93f6b-4bbe-45b2-a237-3940a8932c87
[HTTP] {}
[HTTP] <-- GET /wd/hub/session/95b93f6b-4bbe-45b2-a237-3940a8932c87 200 13 ms - 1167
[HTTP] 
[HTTP] --> GET /wd/hub/session/95b93f6b-4bbe-45b2-a237-3940a8932c87
[HTTP] {}
[HTTP] <-- GET /wd/hub/session/95b93f6b-4bbe-45b2-a237-3940a8932c87 200 11 ms - 1167
[HTTP] 
[HTTP] --> GET /wd/hub/session/95b93f6b-4bbe-45b2-a237-3940a8932c87
[HTTP] {}
[HTTP] <-- GET /wd/hub/session/95b93f6b-4bbe-45b2-a237-3940a8932c87 200 12 ms - 1167
[HTTP] 
[HTTP] --> GET /wd/hub/session/95b93f6b-4bbe-45b2-a237-3940a8932c87/element/c2cb79af-340b-42a0-942a-65e2372b2c41/location
[HTTP] {}
[W3C] Driver proxy active, passing request on via HTTP proxy
[JSONWP Proxy] Replacing sessionId c7c86077-a8c0-4013-90b6-6d50e80171df with 95b93f6b-4bbe-45b2-a237-3940a8932c87
[HTTP] <-- GET /wd/hub/session/95b93f6b-4bbe-45b2-a237-3940a8932c87/element/c2cb79af-340b-42a0-942a-65e2372b2c41/location 200 20 ms - 89
[HTTP] 
[HTTP] --> GET /wd/hub/session/95b93f6b-4bbe-45b2-a237-3940a8932c87/element/c2cb79af-340b-42a0-942a-65e2372b2c41/text
[HTTP] {}
[W3C] Driver proxy active, passing request on via HTTP proxy
[JSONWP Proxy] Replacing sessionId c7c86077-a8c0-4013-90b6-6d50e80171df with 95b93f6b-4bbe-45b2-a237-3940a8932c87
[HTTP] <-- GET /wd/hub/session/95b93f6b-4bbe-45b2-a237-3940a8932c87/element/c2cb79af-340b-42a0-942a-65e2372b2c41/text 200 39 ms - 93
[HTTP] 
[HTTP] --> GET /wd/hub/session/95b93f6b-4bbe-45b2-a237-3940a8932c87/window/current/size
[HTTP] {}
[W3C] Driver proxy active, passing request on via HTTP proxy
[JSONWP Proxy] Replacing sessionId c7c86077-a8c0-4013-90b6-6d50e80171df with 95b93f6b-4bbe-45b2-a237-3940a8932c87
[HTTP] <-- GET /wd/hub/session/95b93f6b-4bbe-45b2-a237-3940a8932c87/window/current/size 200 18 ms - 100
[HTTP] 
[HTTP] --> POST /wd/hub/session/95b93f6b-4bbe-45b2-a237-3940a8932c87/elements
[HTTP] {"using":"-android uiautomator","value":"new UiSelector().className(\"android.widget.EditText\").resourceId(\"id.co.fundtastic.client:id/et_otp\").instance(0)"}
[HTTP] <-- POST /wd/hub/session/95b93f6b-4bbe-45b2-a237-3940a8932c87/elements 200 283 ms - 124
[HTTP] 
[HTTP] --> GET /wd/hub/session/95b93f6b-4bbe-45b2-a237-3940a8932c87
[HTTP] {}
[HTTP] <-- GET /wd/hub/session/95b93f6b-4bbe-45b2-a237-3940a8932c87 200 14 ms - 1167
[HTTP] 
[HTTP] --> GET /wd/hub/session/95b93f6b-4bbe-45b2-a237-3940a8932c87
[HTTP] {}
[HTTP] <-- GET /wd/hub/session/95b93f6b-4bbe-45b2-a237-3940a8932c87 200 17 ms - 1167
[HTTP] 
[HTTP] --> GET /wd/hub/session/95b93f6b-4bbe-45b2-a237-3940a8932c87
[HTTP] {}
[HTTP] <-- GET /wd/hub/session/95b93f6b-4bbe-45b2-a237-3940a8932c87 200 27 ms - 1167
[HTTP] 
[HTTP] --> GET /wd/hub/session/95b93f6b-4bbe-45b2-a237-3940a8932c87
[HTTP] {}
[HTTP] <-- GET /wd/hub/session/95b93f6b-4bbe-45b2-a237-3940a8932c87 200 16 ms - 1167
[HTTP] 
[HTTP] --> GET /wd/hub/session/95b93f6b-4bbe-45b2-a237-3940a8932c87/element/0046b399-a0ec-4ae9-bd76-c38fca812634/location
[HTTP] {}
[W3C] Driver proxy active, passing request on via HTTP proxy
[JSONWP Proxy] Replacing sessionId c7c86077-a8c0-4013-90b6-6d50e80171df with 95b93f6b-4bbe-45b2-a237-3940a8932c87
[HTTP] <-- GET /wd/hub/session/95b93f6b-4bbe-45b2-a237-3940a8932c87/element/0046b399-a0ec-4ae9-bd76-c38fca812634/location 200 35 ms - 89
[HTTP] 
[HTTP] --> POST /wd/hub/session/95b93f6b-4bbe-45b2-a237-3940a8932c87/touch/perform
[HTTP] {"actions":[{"action":"tap","options":{"element":"0046b399-a0ec-4ae9-bd76-c38fca812634","x":1,"y":1}}]}
[UiAutomator2] calling get location: 0046b399-a0ec-4ae9-bd76-c38fca812634
[HTTP] <-- POST /wd/hub/session/95b93f6b-4bbe-45b2-a237-3940a8932c87/touch/perform 200 836 ms - 76
[HTTP] 
[HTTP] --> GET /wd/hub/session/95b93f6b-4bbe-45b2-a237-3940a8932c87/window/current/size
[HTTP] {}
[W3C] Driver proxy active, passing request on via HTTP proxy
[JSONWP Proxy] Replacing sessionId c7c86077-a8c0-4013-90b6-6d50e80171df with 95b93f6b-4bbe-45b2-a237-3940a8932c87
[HTTP] <-- GET /wd/hub/session/95b93f6b-4bbe-45b2-a237-3940a8932c87/window/current/size 200 16 ms - 100
[HTTP] 
[HTTP] --> POST /wd/hub/session/95b93f6b-4bbe-45b2-a237-3940a8932c87/elements
[HTTP] {"using":"-android uiautomator","value":"new UiSelector().className(\"android.widget.EditText\").resourceId(\"id.co.fundtastic.client:id/et_otp\").instance(0)"}
[HTTP] <-- POST /wd/hub/session/95b93f6b-4bbe-45b2-a237-3940a8932c87/elements 200 988 ms - 124
[HTTP] 
[HTTP] --> GET /wd/hub/session/95b93f6b-4bbe-45b2-a237-3940a8932c87
[HTTP] {}
[HTTP] <-- GET /wd/hub/session/95b93f6b-4bbe-45b2-a237-3940a8932c87 200 12 ms - 1167
[HTTP] 
[HTTP] --> GET /wd/hub/session/95b93f6b-4bbe-45b2-a237-3940a8932c87
[HTTP] {}
[HTTP] <-- GET /wd/hub/session/95b93f6b-4bbe-45b2-a237-3940a8932c87 200 11 ms - 1167
[HTTP] 
[HTTP] --> GET /wd/hub/session/95b93f6b-4bbe-45b2-a237-3940a8932c87
[HTTP] {}
[HTTP] <-- GET /wd/hub/session/95b93f6b-4bbe-45b2-a237-3940a8932c87 200 15 ms - 1167
[HTTP] 
[HTTP] --> GET /wd/hub/session/95b93f6b-4bbe-45b2-a237-3940a8932c87
[HTTP] {}
[HTTP] <-- GET /wd/hub/session/95b93f6b-4bbe-45b2-a237-3940a8932c87 200 24 ms - 1167
[HTTP] 
[HTTP] --> GET /wd/hub/session/95b93f6b-4bbe-45b2-a237-3940a8932c87/element/4cd39b89-ff28-40c2-aa64-cfb21ac842b0/location
[HTTP] {}
[W3C] Driver proxy active, passing request on via HTTP proxy
[JSONWP Proxy] Replacing sessionId c7c86077-a8c0-4013-90b6-6d50e80171df with 95b93f6b-4bbe-45b2-a237-3940a8932c87
[HTTP] <-- GET /wd/hub/session/95b93f6b-4bbe-45b2-a237-3940a8932c87/element/4cd39b89-ff28-40c2-aa64-cfb21ac842b0/location 200 22 ms - 89
[HTTP] 
[HTTP] --> POST /wd/hub/session/95b93f6b-4bbe-45b2-a237-3940a8932c87/element/4cd39b89-ff28-40c2-aa64-cfb21ac842b0/clear
[HTTP] {"id":"4cd39b89-ff28-40c2-aa64-cfb21ac842b0"}
[HTTP] <-- POST /wd/hub/session/95b93f6b-4bbe-45b2-a237-3940a8932c87/element/4cd39b89-ff28-40c2-aa64-cfb21ac842b0/clear 200 33 ms - 89
[HTTP] 
[HTTP] --> POST /wd/hub/session/95b93f6b-4bbe-45b2-a237-3940a8932c87/element/4cd39b89-ff28-40c2-aa64-cfb21ac842b0/value
[HTTP] {"id":"4cd39b89-ff28-40c2-aa64-cfb21ac842b0","value":["8888"]}
[HTTP] <-- POST /wd/hub/session/95b93f6b-4bbe-45b2-a237-3940a8932c87/element/4cd39b89-ff28-40c2-aa64-cfb21ac842b0/value 200 885 ms - 74
[HTTP] 
[HTTP] --> GET /wd/hub/session/95b93f6b-4bbe-45b2-a237-3940a8932c87/window/current/size
[HTTP] {}
[W3C] Driver proxy active, passing request on via HTTP proxy
[JSONWP Proxy] Replacing sessionId c7c86077-a8c0-4013-90b6-6d50e80171df with 95b93f6b-4bbe-45b2-a237-3940a8932c87
[HTTP] <-- GET /wd/hub/session/95b93f6b-4bbe-45b2-a237-3940a8932c87/window/current/size 200 33 ms - 100
[HTTP] 
[HTTP] --> POST /wd/hub/session/95b93f6b-4bbe-45b2-a237-3940a8932c87/elements
[HTTP] {"using":"-android uiautomator","value":"new UiSelector().className(\"android.widget.Button\").text(\"Verifikasi Sekarang\").resourceId(\"id.co.fundtastic.client:id/btnVerified\").instance(0)"}
[HTTP] <-- POST /wd/hub/session/95b93f6b-4bbe-45b2-a237-3940a8932c87/elements 200 890 ms - 124
[HTTP] 
[HTTP] --> GET /wd/hub/session/95b93f6b-4bbe-45b2-a237-3940a8932c87
[HTTP] {}
[HTTP] <-- GET /wd/hub/session/95b93f6b-4bbe-45b2-a237-3940a8932c87 200 13 ms - 1167
[HTTP] 
[HTTP] --> GET /wd/hub/session/95b93f6b-4bbe-45b2-a237-3940a8932c87
[HTTP] {}
[HTTP] <-- GET /wd/hub/session/95b93f6b-4bbe-45b2-a237-3940a8932c87 200 14 ms - 1167
[HTTP] 
[HTTP] --> GET /wd/hub/session/95b93f6b-4bbe-45b2-a237-3940a8932c87
[HTTP] {}
[HTTP] <-- GET /wd/hub/session/95b93f6b-4bbe-45b2-a237-3940a8932c87 200 19 ms - 1167
[HTTP] 
[HTTP] --> GET /wd/hub/session/95b93f6b-4bbe-45b2-a237-3940a8932c87
[HTTP] {}
[HTTP] <-- GET /wd/hub/session/95b93f6b-4bbe-45b2-a237-3940a8932c87 200 17 ms - 1167
[HTTP] 
[HTTP] --> GET /wd/hub/session/95b93f6b-4bbe-45b2-a237-3940a8932c87/element/20344cc9-674f-4236-80c7-8ba58f5c918a/location
[HTTP] {}
[W3C] Driver proxy active, passing request on via HTTP proxy
[JSONWP Proxy] Replacing sessionId c7c86077-a8c0-4013-90b6-6d50e80171df with 95b93f6b-4bbe-45b2-a237-3940a8932c87
[HTTP] <-- GET /wd/hub/session/95b93f6b-4bbe-45b2-a237-3940a8932c87/element/20344cc9-674f-4236-80c7-8ba58f5c918a/location 200 18 ms - 88
[HTTP] 
[HTTP] --> POST /wd/hub/session/95b93f6b-4bbe-45b2-a237-3940a8932c87/touch/perform
[HTTP] {"actions":[{"action":"tap","options":{"element":"20344cc9-674f-4236-80c7-8ba58f5c918a","x":1,"y":1}}]}
[UiAutomator2] calling get location: 20344cc9-674f-4236-80c7-8ba58f5c918a
[HTTP] <-- POST /wd/hub/session/95b93f6b-4bbe-45b2-a237-3940a8932c87/touch/perform 200 931 ms - 76
[HTTP] 
[HTTP] --> GET /wd/hub/session/95b93f6b-4bbe-45b2-a237-3940a8932c87/window/current/size
[HTTP] {}
[W3C] Driver proxy active, passing request on via HTTP proxy
[JSONWP Proxy] Replacing sessionId c7c86077-a8c0-4013-90b6-6d50e80171df with 95b93f6b-4bbe-45b2-a237-3940a8932c87
[HTTP] <-- GET /wd/hub/session/95b93f6b-4bbe-45b2-a237-3940a8932c87/window/current/size 200 24 ms - 100
[HTTP] 
[HTTP] --> POST /wd/hub/session/95b93f6b-4bbe-45b2-a237-3940a8932c87/elements
[HTTP] {"using":"-android uiautomator","value":"new UiSelector().className(\"android.widget.FrameLayout\").resourceId(\"id.co.fundtastic.client:id/navigation_portofolio\").instance(11)"}
[HTTP] <-- POST /wd/hub/session/95b93f6b-4bbe-45b2-a237-3940a8932c87/elements 200 56 ms - 124
[HTTP] 
[HTTP] --> GET /wd/hub/session/95b93f6b-4bbe-45b2-a237-3940a8932c87
[HTTP] {}
[HTTP] <-- GET /wd/hub/session/95b93f6b-4bbe-45b2-a237-3940a8932c87 200 27 ms - 1167
[HTTP] 
[HTTP] --> GET /wd/hub/session/95b93f6b-4bbe-45b2-a237-3940a8932c87
[HTTP] {}
[HTTP] <-- GET /wd/hub/session/95b93f6b-4bbe-45b2-a237-3940a8932c87 200 14 ms - 1167
[HTTP] 
[HTTP] --> GET /wd/hub/session/95b93f6b-4bbe-45b2-a237-3940a8932c87
[HTTP] {}
[HTTP] <-- GET /wd/hub/session/95b93f6b-4bbe-45b2-a237-3940a8932c87 200 14 ms - 1167
[HTTP] 
[HTTP] --> GET /wd/hub/session/95b93f6b-4bbe-45b2-a237-3940a8932c87
[HTTP] {}
[HTTP] <-- GET /wd/hub/session/95b93f6b-4bbe-45b2-a237-3940a8932c87 200 13 ms - 1167
[HTTP] 
[HTTP] --> GET /wd/hub/session/95b93f6b-4bbe-45b2-a237-3940a8932c87/element/6ece4b75-3def-44d8-83b8-497e9736d057/location
[HTTP] {}
[W3C] Driver proxy active, passing request on via HTTP proxy
[JSONWP Proxy] Replacing sessionId c7c86077-a8c0-4013-90b6-6d50e80171df with 95b93f6b-4bbe-45b2-a237-3940a8932c87
[HTTP] <-- GET /wd/hub/session/95b93f6b-4bbe-45b2-a237-3940a8932c87/element/6ece4b75-3def-44d8-83b8-497e9736d057/location 200 28 ms - 90
[HTTP] 
[HTTP] --> POST /wd/hub/session/95b93f6b-4bbe-45b2-a237-3940a8932c87/touch/perform
[HTTP] {"actions":[{"action":"tap","options":{"element":"6ece4b75-3def-44d8-83b8-497e9736d057","x":1,"y":1}}]}
[UiAutomator2] calling get location: 6ece4b75-3def-44d8-83b8-497e9736d057
[HTTP] <-- POST /wd/hub/session/95b93f6b-4bbe-45b2-a237-3940a8932c87/touch/perform 200 2234 ms - 76
[HTTP] 
[HTTP] --> GET /wd/hub/session/95b93f6b-4bbe-45b2-a237-3940a8932c87/window/current/size
[HTTP] {}
[W3C] Driver proxy active, passing request on via HTTP proxy
[JSONWP Proxy] Replacing sessionId c7c86077-a8c0-4013-90b6-6d50e80171df with 95b93f6b-4bbe-45b2-a237-3940a8932c87
[HTTP] <-- GET /wd/hub/session/95b93f6b-4bbe-45b2-a237-3940a8932c87/window/current/size 200 210 ms - 100
[HTTP] 
[HTTP] --> POST /wd/hub/session/95b93f6b-4bbe-45b2-a237-3940a8932c87/elements
[HTTP] {"using":"-android uiautomator","value":"new UiSelector().className(\"android.widget.ImageView\").resourceId(\"id.co.fundtastic.client:id/icon\").instance(13)"}
[HTTP] <-- POST /wd/hub/session/95b93f6b-4bbe-45b2-a237-3940a8932c87/elements 200 2019 ms - 277
[HTTP] 
[HTTP] --> GET /wd/hub/session/95b93f6b-4bbe-45b2-a237-3940a8932c87
[HTTP] {}
[HTTP] <-- GET /wd/hub/session/95b93f6b-4bbe-45b2-a237-3940a8932c87 200 19 ms - 1167
[HTTP] 
[HTTP] --> GET /wd/hub/session/95b93f6b-4bbe-45b2-a237-3940a8932c87
[HTTP] {}
[HTTP] <-- GET /wd/hub/session/95b93f6b-4bbe-45b2-a237-3940a8932c87 200 47 ms - 1167
[HTTP] 
[HTTP] --> GET /wd/hub/session/95b93f6b-4bbe-45b2-a237-3940a8932c87
[HTTP] {}
[HTTP] <-- GET /wd/hub/session/95b93f6b-4bbe-45b2-a237-3940a8932c87 200 28 ms - 1167
[HTTP] 
[HTTP] --> GET /wd/hub/session/95b93f6b-4bbe-45b2-a237-3940a8932c87
[HTTP] {}
[HTTP] <-- GET /wd/hub/session/95b93f6b-4bbe-45b2-a237-3940a8932c87 200 34 ms - 1167
[HTTP] 
[HTTP] --> GET /wd/hub/session/95b93f6b-4bbe-45b2-a237-3940a8932c87
[HTTP] {}
[HTTP] <-- GET /wd/hub/session/95b93f6b-4bbe-45b2-a237-3940a8932c87 200 41 ms - 1167
[HTTP] 
[HTTP] --> GET /wd/hub/session/95b93f6b-4bbe-45b2-a237-3940a8932c87
[HTTP] {}
[HTTP] <-- GET /wd/hub/session/95b93f6b-4bbe-45b2-a237-3940a8932c87 200 49 ms - 1167
[HTTP] 
[HTTP] --> GET /wd/hub/session/95b93f6b-4bbe-45b2-a237-3940a8932c87
[HTTP] {}
[HTTP] <-- GET /wd/hub/session/95b93f6b-4bbe-45b2-a237-3940a8932c87 200 36 ms - 1167
[HTTP] 
[HTTP] --> GET /wd/hub/session/95b93f6b-4bbe-45b2-a237-3940a8932c87
[HTTP] {}
[HTTP] <-- GET /wd/hub/session/95b93f6b-4bbe-45b2-a237-3940a8932c87 200 35 ms - 1167
[HTTP] 
[HTTP] --> GET /wd/hub/session/95b93f6b-4bbe-45b2-a237-3940a8932c87
[HTTP] {}
[HTTP] <-- GET /wd/hub/session/95b93f6b-4bbe-45b2-a237-3940a8932c87 200 40 ms - 1167
[HTTP] 
[HTTP] --> GET /wd/hub/session/95b93f6b-4bbe-45b2-a237-3940a8932c87
[HTTP] {}
[HTTP] <-- GET /wd/hub/session/95b93f6b-4bbe-45b2-a237-3940a8932c87 200 67 ms - 1167
[HTTP] 
[HTTP] --> GET /wd/hub/session/95b93f6b-4bbe-45b2-a237-3940a8932c87
[HTTP] {}
[HTTP] <-- GET /wd/hub/session/95b93f6b-4bbe-45b2-a237-3940a8932c87 200 68 ms - 1167
[HTTP] 
[HTTP] --> GET /wd/hub/session/95b93f6b-4bbe-45b2-a237-3940a8932c87
[HTTP] {}
[HTTP] <-- GET /wd/hub/session/95b93f6b-4bbe-45b2-a237-3940a8932c87 200 38 ms - 1167
[HTTP] 
[HTTP] --> GET /wd/hub/session/95b93f6b-4bbe-45b2-a237-3940a8932c87
[HTTP] {}
[HTTP] <-- GET /wd/hub/session/95b93f6b-4bbe-45b2-a237-3940a8932c87 200 31 ms - 1167
[HTTP] 
[HTTP] --> GET /wd/hub/session/95b93f6b-4bbe-45b2-a237-3940a8932c87
[HTTP] {}
[HTTP] <-- GET /wd/hub/session/95b93f6b-4bbe-45b2-a237-3940a8932c87 200 39 ms - 1167
[HTTP] 
[HTTP] --> GET /wd/hub/session/95b93f6b-4bbe-45b2-a237-3940a8932c87
[HTTP] {}
[HTTP] <-- GET /wd/hub/session/95b93f6b-4bbe-45b2-a237-3940a8932c87 200 68 ms - 1167
[HTTP] 
[HTTP] --> GET /wd/hub/session/95b93f6b-4bbe-45b2-a237-3940a8932c87
[HTTP] {}
[HTTP] <-- GET /wd/hub/session/95b93f6b-4bbe-45b2-a237-3940a8932c87 200 50 ms - 1167
[HTTP] 
[HTTP] --> GET /wd/hub/session/95b93f6b-4bbe-45b2-a237-3940a8932c87/element/4ccc0526-84c7-46e4-aef9-0416e66554d0/location
[HTTP] {}
[W3C] Driver proxy active, passing request on via HTTP proxy
[JSONWP Proxy] Replacing sessionId c7c86077-a8c0-4013-90b6-6d50e80171df with 95b93f6b-4bbe-45b2-a237-3940a8932c87
[HTTP] <-- GET /wd/hub/session/95b93f6b-4bbe-45b2-a237-3940a8932c87/element/4ccc0526-84c7-46e4-aef9-0416e66554d0/location 200 54 ms - 90
[HTTP] 
[HTTP] --> POST /wd/hub/session/95b93f6b-4bbe-45b2-a237-3940a8932c87/touch/perform
[HTTP] {"actions":[{"action":"tap","options":{"element":"4ccc0526-84c7-46e4-aef9-0416e66554d0","x":1,"y":1}}]}
[UiAutomator2] calling get location: 4ccc0526-84c7-46e4-aef9-0416e66554d0
[HTTP] <-- POST /wd/hub/session/95b93f6b-4bbe-45b2-a237-3940a8932c87/touch/perform 200 962 ms - 76
[HTTP] 
[HTTP] --> GET /wd/hub/session/95b93f6b-4bbe-45b2-a237-3940a8932c87/window/current/size
[HTTP] {}
[W3C] Driver proxy active, passing request on via HTTP proxy
[JSONWP Proxy] Replacing sessionId c7c86077-a8c0-4013-90b6-6d50e80171df with 95b93f6b-4bbe-45b2-a237-3940a8932c87
[HTTP] <-- GET /wd/hub/session/95b93f6b-4bbe-45b2-a237-3940a8932c87/window/current/size 200 27 ms - 100
[HTTP] 
[HTTP] --> POST /wd/hub/session/95b93f6b-4bbe-45b2-a237-3940a8932c87/elements
[HTTP] {"using":"-android uiautomator","value":"new UiSelector().className(\"android.widget.TextView\").text(\"Portofolio\").resourceId(\"id.co.fundtastic.client:id/smallLabel\").instance(11)"}
[HTTP] <-- POST /wd/hub/session/95b93f6b-4bbe-45b2-a237-3940a8932c87/elements 200 103 ms - 124
[HTTP] 
[HTTP] --> GET /wd/hub/session/95b93f6b-4bbe-45b2-a237-3940a8932c87
[HTTP] {}
[HTTP] <-- GET /wd/hub/session/95b93f6b-4bbe-45b2-a237-3940a8932c87 200 18 ms - 1167
[HTTP] 
[HTTP] --> GET /wd/hub/session/95b93f6b-4bbe-45b2-a237-3940a8932c87
[HTTP] {}
[HTTP] <-- GET /wd/hub/session/95b93f6b-4bbe-45b2-a237-3940a8932c87 200 12 ms - 1167
[HTTP] 
[HTTP] --> GET /wd/hub/session/95b93f6b-4bbe-45b2-a237-3940a8932c87
[HTTP] {}
[HTTP] <-- GET /wd/hub/session/95b93f6b-4bbe-45b2-a237-3940a8932c87 200 10 ms - 1167
[HTTP] 
[HTTP] --> GET /wd/hub/session/95b93f6b-4bbe-45b2-a237-3940a8932c87
[HTTP] {}
[HTTP] <-- GET /wd/hub/session/95b93f6b-4bbe-45b2-a237-3940a8932c87 200 17 ms - 1167
[HTTP] 
[HTTP] --> GET /wd/hub/session/95b93f6b-4bbe-45b2-a237-3940a8932c87/element/a7a60cdc-1d02-464f-bdc6-c2ecebc4be45/location
[HTTP] {}
[W3C] Driver proxy active, passing request on via HTTP proxy
[JSONWP Proxy] Replacing sessionId c7c86077-a8c0-4013-90b6-6d50e80171df with 95b93f6b-4bbe-45b2-a237-3940a8932c87
[HTTP] <-- GET /wd/hub/session/95b93f6b-4bbe-45b2-a237-3940a8932c87/element/a7a60cdc-1d02-464f-bdc6-c2ecebc4be45/location 200 25 ms - 90
[HTTP] 
[HTTP] --> POST /wd/hub/session/95b93f6b-4bbe-45b2-a237-3940a8932c87/touch/perform
[HTTP] {"actions":[{"action":"tap","options":{"element":"a7a60cdc-1d02-464f-bdc6-c2ecebc4be45","x":1,"y":1}}]}
[UiAutomator2] calling get location: a7a60cdc-1d02-464f-bdc6-c2ecebc4be45
[HTTP] <-- POST /wd/hub/session/95b93f6b-4bbe-45b2-a237-3940a8932c87/touch/perform 200 727 ms - 76
[HTTP] 
[HTTP] --> GET /wd/hub/session/95b93f6b-4bbe-45b2-a237-3940a8932c87/window/current/size
[HTTP] {}
[W3C] Driver proxy active, passing request on via HTTP proxy
[JSONWP Proxy] Replacing sessionId c7c86077-a8c0-4013-90b6-6d50e80171df with 95b93f6b-4bbe-45b2-a237-3940a8932c87
[HTTP] <-- GET /wd/hub/session/95b93f6b-4bbe-45b2-a237-3940a8932c87/window/current/size 200 29 ms - 100
[HTTP] 
[HTTP] --> POST /wd/hub/session/95b93f6b-4bbe-45b2-a237-3940a8932c87/elements
[HTTP] {"using":"-android uiautomator","value":"new UiSelector().className(\"android.view.ViewGroup\").instance(7)"}
[HTTP] <-- POST /wd/hub/session/95b93f6b-4bbe-45b2-a237-3940a8932c87/elements 200 3069 ms - 124
[HTTP] 
[HTTP] --> GET /wd/hub/session/95b93f6b-4bbe-45b2-a237-3940a8932c87
[HTTP] {}
[HTTP] <-- GET /wd/hub/session/95b93f6b-4bbe-45b2-a237-3940a8932c87 200 14 ms - 1167
[HTTP] 
[HTTP] --> GET /wd/hub/session/95b93f6b-4bbe-45b2-a237-3940a8932c87
[HTTP] {}
[HTTP] <-- GET /wd/hub/session/95b93f6b-4bbe-45b2-a237-3940a8932c87 200 15 ms - 1167
[HTTP] 
[HTTP] --> GET /wd/hub/session/95b93f6b-4bbe-45b2-a237-3940a8932c87
[HTTP] {}
[HTTP] <-- GET /wd/hub/session/95b93f6b-4bbe-45b2-a237-3940a8932c87 200 16 ms - 1167
[HTTP] 
[HTTP] --> GET /wd/hub/session/95b93f6b-4bbe-45b2-a237-3940a8932c87
[HTTP] {}
[HTTP] <-- GET /wd/hub/session/95b93f6b-4bbe-45b2-a237-3940a8932c87 200 15 ms - 1167
[HTTP] 
[HTTP] --> GET /wd/hub/session/95b93f6b-4bbe-45b2-a237-3940a8932c87/element/8827f055-9718-45e9-8315-03872c79e37d/location
[HTTP] {}
[W3C] Driver proxy active, passing request on via HTTP proxy
[JSONWP Proxy] Replacing sessionId c7c86077-a8c0-4013-90b6-6d50e80171df with 95b93f6b-4bbe-45b2-a237-3940a8932c87
[HTTP] <-- GET /wd/hub/session/95b93f6b-4bbe-45b2-a237-3940a8932c87/element/8827f055-9718-45e9-8315-03872c79e37d/location 200 442 ms - 90
[HTTP] 
[HTTP] --> POST /wd/hub/session/95b93f6b-4bbe-45b2-a237-3940a8932c87/touch/perform
[HTTP] {"actions":[{"action":"tap","options":{"element":"8827f055-9718-45e9-8315-03872c79e37d","x":1,"y":1}}]}
[UiAutomator2] calling get location: 8827f055-9718-45e9-8315-03872c79e37d
[HTTP] <-- POST /wd/hub/session/95b93f6b-4bbe-45b2-a237-3940a8932c87/touch/perform 200 789 ms - 76
[HTTP] 
[HTTP] --> DELETE /wd/hub/session/95b93f6b-4bbe-45b2-a237-3940a8932c87
[HTTP] {}
[Appium] Removing session 95b93f6b-4bbe-45b2-a237-3940a8932c87 from our master session list
[ADB] id.co.fundtastic.client was successfully uninstalled
[HTTP] <-- DELETE /wd/hub/session/95b93f6b-4bbe-45b2-a237-3940a8932c87 200 1512 ms - 76
[HTTP] 
