[Appium] Welcome to Appium v1.8.1
[Appium] Non-default server args:
[Appium]   port: 63323
[Appium]   loglevel: info
[Appium]   chromeDriverPort: 63324
[Appium]   tmpDir: /var/folders/ts/p6rxgpw53_d96xw60slkng7m0000gn/T//Katalon/Appium/Temp1562644429783
[Appium] Appium REST http interface listener started on 0.0.0.0:63323
[HTTP] --> GET /wd/hub/status
[HTTP] {}
[HTTP] <-- GET /wd/hub/status 200 57 ms - 83
[HTTP] 
[HTTP] --> POST /wd/hub/session
[HTTP] {"desiredCapabilities":{"app":"/Users/ustore/Downloads/Development.apk","autoGrantPermissions":true,"automationName":"uiautomator2","deviceName":"emulator-5554 (Android SDK built for x86 - Android 9)","fullReset":true,"newCommandTimeout":1800,"noReset":false,"platform":"ANDROID","platformName":"Android","udid":"emulator-5554"},"capabilities":{"desiredCapabilities":{"app":"/Users/ustore/Downloads/Development.apk","autoGrantPermissions":true,"automationName":"uiautomator2","deviceName":"emulator-5554 (Android SDK built for x86 - Android 9)","fullReset":true,"newCommandTimeout":1800,"noReset":false,"platform":"ANDROID","platformName":"Android","udid":"emulator-5554"},"firstMatch":[{"platformName":"android"}]}}
[Appium] Could not parse W3C capabilities: 'deviceName' can't be blank. Falling back to JSONWP protocol.
[Appium] The following capabilities were provided in the JSONWP desired capabilities that are missing in W3C capabilities: ["app","autoGrantPermissions","automationName","deviceName","fullReset","newCommandTimeout","noReset","platform","platformName","udid"]. Falling back to JSONWP protocol.
[Appium] Creating new AndroidUiautomator2Driver (v1.12.0) session
[Appium] Capabilities:
[Appium]   app: /Users/ustore/Downloads/Development.apk
[Appium]   autoGrantPermissions: true
[Appium]   automationName: uiautomator2
[Appium]   deviceName: emulator-5554 (Android SDK built for x86 - Android 9)
[Appium]   fullReset: true
[Appium]   newCommandTimeout: 1800
[Appium]   noReset: false
[Appium]   platform: ANDROID
[Appium]   platformName: Android
[Appium]   udid: emulator-5554
[BaseDriver] The following capabilities were provided, but are not recognized by appium: platform.
[BaseDriver] Session created with session id: d541003b-3203-4de0-abda-36c12325cc70
[BaseDriver] Using local app '/Users/ustore/Downloads/Development.apk'
[AndroidDriver] Java version is: 1.8.0_181
[ADB] Checking whether adb is present
[ADB] Found 1 'build-tools' folders under '/Users/ustore/.katalon/tools/android_sdk' (newest first):
[ADB]     /Users/ustore/.katalon/tools/android_sdk/build-tools/28.0.3
[ADB] Using adb from /Users/ustore/.katalon/tools/android_sdk/platform-tools/adb
[AndroidDriver] Retrieving device list
[AndroidDriver] Using device: emulator-5554
[ADB] Using the alternative activity name detection method because of: Could not find apkanalyzer in /Users/ustore/.katalon/tools/android_sdk/platform-tools/apkanalyzer,/Users/ustore/.katalon/tools/android_sdk/emulator/apkanalyzer,/Users/ustore/.katalon/tools/android_sdk/tools/apkanalyzer,/Users/ustore/.katalon/tools/android_sdk/tools/bin/apkanalyzer,/Users/ustore/.katalon/tools/android_sdk/build-tools/28.0.3/apkanalyzer. Do you have the Android SDK installed at '/Users/ustore/.katalon/tools/android_sdk'?
[ADB] Checking whether aapt is present
[ADB] Using aapt from /Users/ustore/.katalon/tools/android_sdk/build-tools/28.0.3/aapt
[ADB] Extracting package and launch activity from manifest
[ADB] Package name: 'id.co.fundtastic.client'
[ADB] Main activity name: 'id.co.fundtastic.client.splash.presentation.SplashActivity'
[ADB] Getting device platform version
[ADB] Using apksigner from /Users/ustore/.katalon/tools/android_sdk/build-tools/28.0.3/apksigner
[ADB] Cannot read version codes of '/usr/local/lib/node_modules/appium/node_modules/appium-uiautomator2-server/apks/appium-uiautomator2-server-debug-androidTest.apk' and/or 'io.appium.uiautomator2.server.test'
[ADB] Cannot read version names of '/usr/local/lib/node_modules/appium/node_modules/appium-uiautomator2-server/apks/appium-uiautomator2-server-debug-androidTest.apk' and/or 'io.appium.uiautomator2.server.test'. Assuming correct app version is already installed
[AndroidDriver] setDeviceLanguageCountry requires language or country.
[AndroidDriver] Got language: 'null' and country: 'null'
[ADB] Successfully extracted 194 strings from '/Users/ustore/Downloads/Development.apk' resources for '(default)' configuration
[ADB] id.co.fundtastic.client was successfully uninstalled
[UiAutomator2] Starting uiautomator2 server 1.12.0
[UiAutomator2] Using UIAutomator2 server from '/usr/local/lib/node_modules/appium/node_modules/appium-uiautomator2-server/apks/appium-uiautomator2-server-v1.12.0.apk' and test from '/usr/local/lib/node_modules/appium/node_modules/appium-uiautomator2-server/apks/appium-uiautomator2-server-debug-androidTest.apk'
[UiAutomator2] Running command: 'adb -s emulator-5554 shell am instrument -w io.appium.uiautomator2.server.test/android.support.test.runner.AndroidJUnitRunner'
[UiAutomator2] Waiting up to 20000ms for UiAutomator2 to be online...
[AndroidDriver] Screen already unlocked, doing nothing
[UiAutomator2] UiAutomator2 did not start the activity we were waiting for, 'id.co.fundtastic.client/id.co.fundtastic.client.splash.presentation.SplashActivity'. Starting it ourselves
[Appium] New AndroidUiautomator2Driver session created successfully, session d541003b-3203-4de0-abda-36c12325cc70 added to master session list
[HTTP] <-- POST /wd/hub/session 200 15370 ms - 1167
[HTTP] 
[HTTP] --> GET /wd/hub/status
[HTTP] {}
[HTTP] <-- GET /wd/hub/status 200 23 ms - 55
[HTTP] 
[HTTP] --> POST /wd/hub/session/d541003b-3203-4de0-abda-36c12325cc70/timeouts
[HTTP] {"type":"implicit","ms":30000}
[HTTP] <-- POST /wd/hub/session/d541003b-3203-4de0-abda-36c12325cc70/timeouts 400 27 ms - 4196
[HTTP] 
[HTTP] --> GET /wd/hub/session/d541003b-3203-4de0-abda-36c12325cc70/window/current/size
[HTTP] {}
[W3C] Driver proxy active, passing request on via HTTP proxy
[JSONWP Proxy] Replacing sessionId 8c351388-bed2-4043-b735-507005b98354 with d541003b-3203-4de0-abda-36c12325cc70
[HTTP] <-- GET /wd/hub/session/d541003b-3203-4de0-abda-36c12325cc70/window/current/size 200 61 ms - 100
[HTTP] 
[HTTP] --> POST /wd/hub/session/d541003b-3203-4de0-abda-36c12325cc70/elements
[HTTP] {"using":"-android uiautomator","value":"new UiSelector().className(\"android.widget.TextView\").text(\"Mulailah berinvestasi untuk meraih mimpimu\").instance(0)"}
[HTTP] <-- POST /wd/hub/session/d541003b-3203-4de0-abda-36c12325cc70/elements 200 63 ms - 74
[HTTP] 
[HTTP] --> POST /wd/hub/session/d541003b-3203-4de0-abda-36c12325cc70/elements
[HTTP] {"using":"-android uiautomator","value":"new UiSelector().className(\"android.widget.TextView\").text(\"Mulailah berinvestasi untuk meraih mimpimu\").instance(0)"}
[HTTP] <-- POST /wd/hub/session/d541003b-3203-4de0-abda-36c12325cc70/elements 200 38 ms - 74
[HTTP] 
[HTTP] --> POST /wd/hub/session/d541003b-3203-4de0-abda-36c12325cc70/elements
[HTTP] {"using":"-android uiautomator","value":"new UiSelector().className(\"android.widget.TextView\").text(\"Mulailah berinvestasi untuk meraih mimpimu\").instance(0)"}
[HTTP] <-- POST /wd/hub/session/d541003b-3203-4de0-abda-36c12325cc70/elements 200 129 ms - 74
[HTTP] 
[HTTP] --> POST /wd/hub/session/d541003b-3203-4de0-abda-36c12325cc70/elements
[HTTP] {"using":"-android uiautomator","value":"new UiSelector().className(\"android.widget.TextView\").text(\"Mulailah berinvestasi untuk meraih mimpimu\").instance(0)"}
[HTTP] <-- POST /wd/hub/session/d541003b-3203-4de0-abda-36c12325cc70/elements 200 515 ms - 74
[HTTP] 
[HTTP] --> POST /wd/hub/session/d541003b-3203-4de0-abda-36c12325cc70/elements
[HTTP] {"using":"-android uiautomator","value":"new UiSelector().className(\"android.widget.TextView\").text(\"Mulailah berinvestasi untuk meraih mimpimu\").instance(0)"}
[HTTP] <-- POST /wd/hub/session/d541003b-3203-4de0-abda-36c12325cc70/elements 200 677 ms - 74
[HTTP] 
[HTTP] --> POST /wd/hub/session/d541003b-3203-4de0-abda-36c12325cc70/elements
[HTTP] {"using":"-android uiautomator","value":"new UiSelector().className(\"android.widget.TextView\").text(\"Mulailah berinvestasi untuk meraih mimpimu\").instance(0)"}
[HTTP] <-- POST /wd/hub/session/d541003b-3203-4de0-abda-36c12325cc70/elements 200 2367 ms - 124
[HTTP] 
[HTTP] --> GET /wd/hub/session/d541003b-3203-4de0-abda-36c12325cc70
[HTTP] {}
[HTTP] <-- GET /wd/hub/session/d541003b-3203-4de0-abda-36c12325cc70 200 23 ms - 1167
[HTTP] 
[HTTP] --> GET /wd/hub/session/d541003b-3203-4de0-abda-36c12325cc70
[HTTP] {}
[HTTP] <-- GET /wd/hub/session/d541003b-3203-4de0-abda-36c12325cc70 200 26 ms - 1167
[HTTP] 
[HTTP] --> GET /wd/hub/session/d541003b-3203-4de0-abda-36c12325cc70
[HTTP] {}
[HTTP] <-- GET /wd/hub/session/d541003b-3203-4de0-abda-36c12325cc70 200 20 ms - 1167
[HTTP] 
[HTTP] --> GET /wd/hub/session/d541003b-3203-4de0-abda-36c12325cc70
[HTTP] {}
[HTTP] <-- GET /wd/hub/session/d541003b-3203-4de0-abda-36c12325cc70 200 18 ms - 1167
[HTTP] 
[HTTP] --> GET /wd/hub/session/d541003b-3203-4de0-abda-36c12325cc70/element/aec14f29-ac62-4034-8b41-9abc6c6694f4/location
[HTTP] {}
[W3C] Driver proxy active, passing request on via HTTP proxy
[JSONWP Proxy] Replacing sessionId 8c351388-bed2-4043-b735-507005b98354 with d541003b-3203-4de0-abda-36c12325cc70
[HTTP] <-- GET /wd/hub/session/d541003b-3203-4de0-abda-36c12325cc70/element/aec14f29-ac62-4034-8b41-9abc6c6694f4/location 200 794 ms - 88
[HTTP] 
[HTTP] --> GET /wd/hub/session/d541003b-3203-4de0-abda-36c12325cc70/element/aec14f29-ac62-4034-8b41-9abc6c6694f4/text
[HTTP] {}
[W3C] Driver proxy active, passing request on via HTTP proxy
[JSONWP Proxy] Replacing sessionId 8c351388-bed2-4043-b735-507005b98354 with d541003b-3203-4de0-abda-36c12325cc70
[HTTP] <-- GET /wd/hub/session/d541003b-3203-4de0-abda-36c12325cc70/element/aec14f29-ac62-4034-8b41-9abc6c6694f4/text 200 81 ms - 116
[HTTP] 
[HTTP] --> GET /wd/hub/session/d541003b-3203-4de0-abda-36c12325cc70/window/current/size
[HTTP] {}
[W3C] Driver proxy active, passing request on via HTTP proxy
[JSONWP Proxy] Replacing sessionId 8c351388-bed2-4043-b735-507005b98354 with d541003b-3203-4de0-abda-36c12325cc70
[HTTP] <-- GET /wd/hub/session/d541003b-3203-4de0-abda-36c12325cc70/window/current/size 200 23 ms - 100
[HTTP] 
[HTTP] --> POST /wd/hub/session/d541003b-3203-4de0-abda-36c12325cc70/elements
[HTTP] {"using":"-android uiautomator","value":"new UiSelector().className(\"android.widget.ImageView\").resourceId(\"id.co.fundtastic.client:id/checklist\").instance(6)"}
[HTTP] <-- POST /wd/hub/session/d541003b-3203-4de0-abda-36c12325cc70/elements 200 95 ms - 124
[HTTP] 
[HTTP] --> GET /wd/hub/session/d541003b-3203-4de0-abda-36c12325cc70
[HTTP] {}
[HTTP] <-- GET /wd/hub/session/d541003b-3203-4de0-abda-36c12325cc70 200 23 ms - 1167
[HTTP] 
[HTTP] --> GET /wd/hub/session/d541003b-3203-4de0-abda-36c12325cc70
[HTTP] {}
[HTTP] <-- GET /wd/hub/session/d541003b-3203-4de0-abda-36c12325cc70 200 22 ms - 1167
[HTTP] 
[HTTP] --> GET /wd/hub/session/d541003b-3203-4de0-abda-36c12325cc70
[HTTP] {}
[HTTP] <-- GET /wd/hub/session/d541003b-3203-4de0-abda-36c12325cc70 200 30 ms - 1167
[HTTP] 
[HTTP] --> GET /wd/hub/session/d541003b-3203-4de0-abda-36c12325cc70
[HTTP] {}
[HTTP] <-- GET /wd/hub/session/d541003b-3203-4de0-abda-36c12325cc70 200 21 ms - 1167
[HTTP] 
[HTTP] --> GET /wd/hub/session/d541003b-3203-4de0-abda-36c12325cc70/element/444605c9-cbb8-4715-bcf1-d68a2ffce195/location
[HTTP] {}
[W3C] Driver proxy active, passing request on via HTTP proxy
[JSONWP Proxy] Replacing sessionId 8c351388-bed2-4043-b735-507005b98354 with d541003b-3203-4de0-abda-36c12325cc70
[HTTP] <-- GET /wd/hub/session/d541003b-3203-4de0-abda-36c12325cc70/element/444605c9-cbb8-4715-bcf1-d68a2ffce195/location 200 39 ms - 90
[HTTP] 
[HTTP] --> POST /wd/hub/session/d541003b-3203-4de0-abda-36c12325cc70/touch/perform
[HTTP] {"actions":[{"action":"tap","options":{"element":"444605c9-cbb8-4715-bcf1-d68a2ffce195","x":1,"y":1}}]}
[UiAutomator2] calling get location: 444605c9-cbb8-4715-bcf1-d68a2ffce195
[HTTP] <-- POST /wd/hub/session/d541003b-3203-4de0-abda-36c12325cc70/touch/perform 200 827 ms - 76
[HTTP] 
[HTTP] --> GET /wd/hub/session/d541003b-3203-4de0-abda-36c12325cc70/window/current/size
[HTTP] {}
[W3C] Driver proxy active, passing request on via HTTP proxy
[JSONWP Proxy] Replacing sessionId 8c351388-bed2-4043-b735-507005b98354 with d541003b-3203-4de0-abda-36c12325cc70
[HTTP] <-- GET /wd/hub/session/d541003b-3203-4de0-abda-36c12325cc70/window/current/size 200 20 ms - 100
[HTTP] 
[HTTP] --> POST /wd/hub/session/d541003b-3203-4de0-abda-36c12325cc70/elements
[HTTP] {"using":"-android uiautomator","value":"new UiSelector().className(\"android.widget.LinearLayout\").instance(4)"}
[HTTP] <-- POST /wd/hub/session/d541003b-3203-4de0-abda-36c12325cc70/elements 200 67 ms - 124
[HTTP] 
[HTTP] --> GET /wd/hub/session/d541003b-3203-4de0-abda-36c12325cc70
[HTTP] {}
[HTTP] <-- GET /wd/hub/session/d541003b-3203-4de0-abda-36c12325cc70 200 22 ms - 1167
[HTTP] 
[HTTP] --> GET /wd/hub/session/d541003b-3203-4de0-abda-36c12325cc70
[HTTP] {}
[HTTP] <-- GET /wd/hub/session/d541003b-3203-4de0-abda-36c12325cc70 200 18 ms - 1167
[HTTP] 
[HTTP] --> GET /wd/hub/session/d541003b-3203-4de0-abda-36c12325cc70
[HTTP] {}
[HTTP] <-- GET /wd/hub/session/d541003b-3203-4de0-abda-36c12325cc70 200 18 ms - 1167
[HTTP] 
[HTTP] --> GET /wd/hub/session/d541003b-3203-4de0-abda-36c12325cc70
[HTTP] {}
[HTTP] <-- GET /wd/hub/session/d541003b-3203-4de0-abda-36c12325cc70 200 13 ms - 1167
[HTTP] 
[HTTP] --> GET /wd/hub/session/d541003b-3203-4de0-abda-36c12325cc70/element/0c922ed5-cf3e-4f69-b71e-312d7b26b865/location
[HTTP] {}
[W3C] Driver proxy active, passing request on via HTTP proxy
[JSONWP Proxy] Replacing sessionId 8c351388-bed2-4043-b735-507005b98354 with d541003b-3203-4de0-abda-36c12325cc70
[HTTP] <-- GET /wd/hub/session/d541003b-3203-4de0-abda-36c12325cc70/element/0c922ed5-cf3e-4f69-b71e-312d7b26b865/location 200 37 ms - 87
[HTTP] 
[HTTP] --> POST /wd/hub/session/d541003b-3203-4de0-abda-36c12325cc70/touch/perform
[HTTP] {"actions":[{"action":"tap","options":{"element":"0c922ed5-cf3e-4f69-b71e-312d7b26b865","x":1,"y":1}}]}
[UiAutomator2] calling get location: 0c922ed5-cf3e-4f69-b71e-312d7b26b865
[HTTP] <-- POST /wd/hub/session/d541003b-3203-4de0-abda-36c12325cc70/touch/perform 200 795 ms - 76
[HTTP] 
[HTTP] --> GET /wd/hub/session/d541003b-3203-4de0-abda-36c12325cc70/context
[HTTP] {}
[HTTP] <-- GET /wd/hub/session/d541003b-3203-4de0-abda-36c12325cc70/context 200 3 ms - 84
[HTTP] 
[HTTP] --> GET /wd/hub/session/d541003b-3203-4de0-abda-36c12325cc70/contexts
[HTTP] {}
[HTTP] <-- GET /wd/hub/session/d541003b-3203-4de0-abda-36c12325cc70/contexts 200 43 ms - 127
[HTTP] 
[HTTP] --> POST /wd/hub/session/d541003b-3203-4de0-abda-36c12325cc70/context
[HTTP] {"name":"NATIVE_APP"}
[HTTP] <-- POST /wd/hub/session/d541003b-3203-4de0-abda-36c12325cc70/context 200 49 ms - 76
[HTTP] 
[HTTP] --> POST /wd/hub/session/d541003b-3203-4de0-abda-36c12325cc70/touch/perform
[HTTP] {"actions":[{"action":"press","options":{"x":800,"y":1000}},{"action":"wait","options":{"ms":500}},{"action":"moveTo","options":{"x":10,"y":800}}]}
[HTTP] <-- POST /wd/hub/session/d541003b-3203-4de0-abda-36c12325cc70/touch/perform 200 2078 ms - 76
[HTTP] 
[HTTP] --> POST /wd/hub/session/d541003b-3203-4de0-abda-36c12325cc70/context
[HTTP] {"name":"NATIVE_APP"}
[HTTP] <-- POST /wd/hub/session/d541003b-3203-4de0-abda-36c12325cc70/context 200 46 ms - 76
[HTTP] 
[HTTP] --> GET /wd/hub/session/d541003b-3203-4de0-abda-36c12325cc70/window/current/size
[HTTP] {}
[W3C] Driver proxy active, passing request on via HTTP proxy
[JSONWP Proxy] Replacing sessionId 8c351388-bed2-4043-b735-507005b98354 with d541003b-3203-4de0-abda-36c12325cc70
[HTTP] <-- GET /wd/hub/session/d541003b-3203-4de0-abda-36c12325cc70/window/current/size 200 24 ms - 100
[HTTP] 
[HTTP] --> POST /wd/hub/session/d541003b-3203-4de0-abda-36c12325cc70/elements
[HTTP] {"using":"-android uiautomator","value":"new UiSelector().className(\"android.widget.LinearLayout\").instance(4)"}
[HTTP] <-- POST /wd/hub/session/d541003b-3203-4de0-abda-36c12325cc70/elements 200 90 ms - 124
[HTTP] 
[HTTP] --> GET /wd/hub/session/d541003b-3203-4de0-abda-36c12325cc70
[HTTP] {}
[HTTP] <-- GET /wd/hub/session/d541003b-3203-4de0-abda-36c12325cc70 200 30 ms - 1284
[HTTP] 
[HTTP] --> GET /wd/hub/session/d541003b-3203-4de0-abda-36c12325cc70
[HTTP] {}
[HTTP] <-- GET /wd/hub/session/d541003b-3203-4de0-abda-36c12325cc70 200 28 ms - 1284
[HTTP] 
[HTTP] --> GET /wd/hub/session/d541003b-3203-4de0-abda-36c12325cc70
[HTTP] {}
[HTTP] <-- GET /wd/hub/session/d541003b-3203-4de0-abda-36c12325cc70 200 24 ms - 1284
[HTTP] 
[HTTP] --> GET /wd/hub/session/d541003b-3203-4de0-abda-36c12325cc70
[HTTP] {}
[HTTP] <-- GET /wd/hub/session/d541003b-3203-4de0-abda-36c12325cc70 200 23 ms - 1284
[HTTP] 
[HTTP] --> GET /wd/hub/session/d541003b-3203-4de0-abda-36c12325cc70/element/2a2fe2e1-4043-4dc3-acbf-9f737064b344/location
[HTTP] {}
[W3C] Driver proxy active, passing request on via HTTP proxy
[JSONWP Proxy] Replacing sessionId 8c351388-bed2-4043-b735-507005b98354 with d541003b-3203-4de0-abda-36c12325cc70
[HTTP] <-- GET /wd/hub/session/d541003b-3203-4de0-abda-36c12325cc70/element/2a2fe2e1-4043-4dc3-acbf-9f737064b344/location 200 54 ms - 87
[HTTP] 
[HTTP] --> POST /wd/hub/session/d541003b-3203-4de0-abda-36c12325cc70/touch/perform
[HTTP] {"actions":[{"action":"tap","options":{"element":"2a2fe2e1-4043-4dc3-acbf-9f737064b344","x":1,"y":1}}]}
[UiAutomator2] calling get location: 2a2fe2e1-4043-4dc3-acbf-9f737064b344
[HTTP] <-- POST /wd/hub/session/d541003b-3203-4de0-abda-36c12325cc70/touch/perform 200 1119 ms - 76
[HTTP] 
[HTTP] --> GET /wd/hub/session/d541003b-3203-4de0-abda-36c12325cc70/context
[HTTP] {}
[HTTP] <-- GET /wd/hub/session/d541003b-3203-4de0-abda-36c12325cc70/context 200 2 ms - 84
[HTTP] 
[HTTP] --> GET /wd/hub/session/d541003b-3203-4de0-abda-36c12325cc70/contexts
[HTTP] {}
[HTTP] <-- GET /wd/hub/session/d541003b-3203-4de0-abda-36c12325cc70/contexts 200 48 ms - 127
[HTTP] 
[HTTP] --> POST /wd/hub/session/d541003b-3203-4de0-abda-36c12325cc70/context
[HTTP] {"name":"NATIVE_APP"}
[HTTP] <-- POST /wd/hub/session/d541003b-3203-4de0-abda-36c12325cc70/context 200 34 ms - 76
[HTTP] 
[HTTP] --> POST /wd/hub/session/d541003b-3203-4de0-abda-36c12325cc70/touch/perform
[HTTP] {"actions":[{"action":"press","options":{"x":800,"y":1000}},{"action":"wait","options":{"ms":500}},{"action":"moveTo","options":{"x":10,"y":800}}]}
[HTTP] <-- POST /wd/hub/session/d541003b-3203-4de0-abda-36c12325cc70/touch/perform 200 2060 ms - 76
[HTTP] 
[HTTP] --> POST /wd/hub/session/d541003b-3203-4de0-abda-36c12325cc70/context
[HTTP] {"name":"NATIVE_APP"}
[HTTP] <-- POST /wd/hub/session/d541003b-3203-4de0-abda-36c12325cc70/context 200 32 ms - 76
[HTTP] 
[HTTP] --> GET /wd/hub/session/d541003b-3203-4de0-abda-36c12325cc70/window/current/size
[HTTP] {}
[W3C] Driver proxy active, passing request on via HTTP proxy
[JSONWP Proxy] Replacing sessionId 8c351388-bed2-4043-b735-507005b98354 with d541003b-3203-4de0-abda-36c12325cc70
[HTTP] <-- GET /wd/hub/session/d541003b-3203-4de0-abda-36c12325cc70/window/current/size 200 32 ms - 100
[HTTP] 
[HTTP] --> POST /wd/hub/session/d541003b-3203-4de0-abda-36c12325cc70/elements
[HTTP] {"using":"-android uiautomator","value":"new UiSelector().className(\"android.widget.LinearLayout\").instance(4)"}
[HTTP] <-- POST /wd/hub/session/d541003b-3203-4de0-abda-36c12325cc70/elements 200 99 ms - 124
[HTTP] 
[HTTP] --> GET /wd/hub/session/d541003b-3203-4de0-abda-36c12325cc70
[HTTP] {}
[HTTP] <-- GET /wd/hub/session/d541003b-3203-4de0-abda-36c12325cc70 200 32 ms - 1284
[HTTP] 
[HTTP] --> GET /wd/hub/session/d541003b-3203-4de0-abda-36c12325cc70
[HTTP] {}
[HTTP] <-- GET /wd/hub/session/d541003b-3203-4de0-abda-36c12325cc70 200 16 ms - 1284
[HTTP] 
[HTTP] --> GET /wd/hub/session/d541003b-3203-4de0-abda-36c12325cc70
[HTTP] {}
[HTTP] <-- GET /wd/hub/session/d541003b-3203-4de0-abda-36c12325cc70 200 19 ms - 1284
[HTTP] 
[HTTP] --> GET /wd/hub/session/d541003b-3203-4de0-abda-36c12325cc70
[HTTP] {}
[HTTP] <-- GET /wd/hub/session/d541003b-3203-4de0-abda-36c12325cc70 200 23 ms - 1284
[HTTP] 
[HTTP] --> GET /wd/hub/session/d541003b-3203-4de0-abda-36c12325cc70/element/1a56a0d6-ab84-4b7d-b84f-71c47f7302e0/location
[HTTP] {}
[W3C] Driver proxy active, passing request on via HTTP proxy
[JSONWP Proxy] Replacing sessionId 8c351388-bed2-4043-b735-507005b98354 with d541003b-3203-4de0-abda-36c12325cc70
[HTTP] <-- GET /wd/hub/session/d541003b-3203-4de0-abda-36c12325cc70/element/1a56a0d6-ab84-4b7d-b84f-71c47f7302e0/location 200 32 ms - 87
[HTTP] 
[HTTP] --> POST /wd/hub/session/d541003b-3203-4de0-abda-36c12325cc70/touch/perform
[HTTP] {"actions":[{"action":"tap","options":{"element":"1a56a0d6-ab84-4b7d-b84f-71c47f7302e0","x":1,"y":1}}]}
[UiAutomator2] calling get location: 1a56a0d6-ab84-4b7d-b84f-71c47f7302e0
[HTTP] <-- POST /wd/hub/session/d541003b-3203-4de0-abda-36c12325cc70/touch/perform 200 1130 ms - 76
[HTTP] 
[HTTP] --> GET /wd/hub/session/d541003b-3203-4de0-abda-36c12325cc70/context
[HTTP] {}
[HTTP] <-- GET /wd/hub/session/d541003b-3203-4de0-abda-36c12325cc70/context 200 2 ms - 84
[HTTP] 
[HTTP] --> GET /wd/hub/session/d541003b-3203-4de0-abda-36c12325cc70/contexts
[HTTP] {}
[HTTP] <-- GET /wd/hub/session/d541003b-3203-4de0-abda-36c12325cc70/contexts 200 38 ms - 127
[HTTP] 
[HTTP] --> POST /wd/hub/session/d541003b-3203-4de0-abda-36c12325cc70/context
[HTTP] {"name":"NATIVE_APP"}
[HTTP] <-- POST /wd/hub/session/d541003b-3203-4de0-abda-36c12325cc70/context 200 43 ms - 76
[HTTP] 
[HTTP] --> POST /wd/hub/session/d541003b-3203-4de0-abda-36c12325cc70/touch/perform
[HTTP] {"actions":[{"action":"press","options":{"x":800,"y":1000}},{"action":"wait","options":{"ms":500}},{"action":"moveTo","options":{"x":10,"y":800}}]}
[HTTP] <-- POST /wd/hub/session/d541003b-3203-4de0-abda-36c12325cc70/touch/perform 200 2100 ms - 76
[HTTP] 
[HTTP] --> POST /wd/hub/session/d541003b-3203-4de0-abda-36c12325cc70/context
[HTTP] {"name":"NATIVE_APP"}
[HTTP] <-- POST /wd/hub/session/d541003b-3203-4de0-abda-36c12325cc70/context 200 100 ms - 76
[HTTP] 
[HTTP] --> GET /wd/hub/session/d541003b-3203-4de0-abda-36c12325cc70/window/current/size
[HTTP] {}
[W3C] Driver proxy active, passing request on via HTTP proxy
[JSONWP Proxy] Replacing sessionId 8c351388-bed2-4043-b735-507005b98354 with d541003b-3203-4de0-abda-36c12325cc70
[HTTP] <-- GET /wd/hub/session/d541003b-3203-4de0-abda-36c12325cc70/window/current/size 200 55 ms - 100
[HTTP] 
[HTTP] --> POST /wd/hub/session/d541003b-3203-4de0-abda-36c12325cc70/elements
[HTTP] {"using":"-android uiautomator","value":"new UiSelector().className(\"android.widget.LinearLayout\").instance(4)"}
[HTTP] <-- POST /wd/hub/session/d541003b-3203-4de0-abda-36c12325cc70/elements 200 137 ms - 124
[HTTP] 
[HTTP] --> GET /wd/hub/session/d541003b-3203-4de0-abda-36c12325cc70
[HTTP] {}
[HTTP] <-- GET /wd/hub/session/d541003b-3203-4de0-abda-36c12325cc70 200 60 ms - 1167
[HTTP] 
[HTTP] --> GET /wd/hub/session/d541003b-3203-4de0-abda-36c12325cc70
[HTTP] {}
[HTTP] <-- GET /wd/hub/session/d541003b-3203-4de0-abda-36c12325cc70 200 47 ms - 1167
[HTTP] 
[HTTP] --> GET /wd/hub/session/d541003b-3203-4de0-abda-36c12325cc70
[HTTP] {}
[HTTP] <-- GET /wd/hub/session/d541003b-3203-4de0-abda-36c12325cc70 200 61 ms - 1167
[HTTP] 
[HTTP] --> GET /wd/hub/session/d541003b-3203-4de0-abda-36c12325cc70
[HTTP] {}
[HTTP] <-- GET /wd/hub/session/d541003b-3203-4de0-abda-36c12325cc70 200 66 ms - 1167
[HTTP] 
[HTTP] --> GET /wd/hub/session/d541003b-3203-4de0-abda-36c12325cc70/element/81dcf4a4-8e08-48a1-a0ba-34bdc34c1d0f/location
[HTTP] {}
[W3C] Driver proxy active, passing request on via HTTP proxy
[JSONWP Proxy] Replacing sessionId 8c351388-bed2-4043-b735-507005b98354 with d541003b-3203-4de0-abda-36c12325cc70
[HTTP] <-- GET /wd/hub/session/d541003b-3203-4de0-abda-36c12325cc70/element/81dcf4a4-8e08-48a1-a0ba-34bdc34c1d0f/location 200 112 ms - 88
[HTTP] 
[HTTP] --> POST /wd/hub/session/d541003b-3203-4de0-abda-36c12325cc70/touch/perform
[HTTP] {"actions":[{"action":"tap","options":{"element":"81dcf4a4-8e08-48a1-a0ba-34bdc34c1d0f","x":1,"y":1}}]}
[UiAutomator2] calling get location: 81dcf4a4-8e08-48a1-a0ba-34bdc34c1d0f
[HTTP] <-- POST /wd/hub/session/d541003b-3203-4de0-abda-36c12325cc70/touch/perform 200 3300 ms - 76
[HTTP] 
[HTTP] --> GET /wd/hub/session/d541003b-3203-4de0-abda-36c12325cc70/context
[HTTP] {}
[HTTP] <-- GET /wd/hub/session/d541003b-3203-4de0-abda-36c12325cc70/context 200 2 ms - 84
[HTTP] 
[HTTP] --> GET /wd/hub/session/d541003b-3203-4de0-abda-36c12325cc70/contexts
[HTTP] {}
[HTTP] <-- GET /wd/hub/session/d541003b-3203-4de0-abda-36c12325cc70/contexts 200 34 ms - 127
[HTTP] 
[HTTP] --> POST /wd/hub/session/d541003b-3203-4de0-abda-36c12325cc70/context
[HTTP] {"name":"NATIVE_APP"}
[HTTP] <-- POST /wd/hub/session/d541003b-3203-4de0-abda-36c12325cc70/context 200 34 ms - 76
[HTTP] 
[HTTP] --> POST /wd/hub/session/d541003b-3203-4de0-abda-36c12325cc70/touch/perform
[HTTP] {"actions":[{"action":"press","options":{"x":800,"y":1000}},{"action":"wait","options":{"ms":500}},{"action":"moveTo","options":{"x":10,"y":800}}]}
[HTTP] <-- POST /wd/hub/session/d541003b-3203-4de0-abda-36c12325cc70/touch/perform 200 2068 ms - 76
[HTTP] 
[HTTP] --> POST /wd/hub/session/d541003b-3203-4de0-abda-36c12325cc70/context
[HTTP] {"name":"NATIVE_APP"}
[HTTP] <-- POST /wd/hub/session/d541003b-3203-4de0-abda-36c12325cc70/context 200 110 ms - 76
[HTTP] 
[HTTP] --> GET /wd/hub/session/d541003b-3203-4de0-abda-36c12325cc70/window/current/size
[HTTP] {}
[W3C] Driver proxy active, passing request on via HTTP proxy
[JSONWP Proxy] Replacing sessionId 8c351388-bed2-4043-b735-507005b98354 with d541003b-3203-4de0-abda-36c12325cc70
[HTTP] <-- GET /wd/hub/session/d541003b-3203-4de0-abda-36c12325cc70/window/current/size 200 70 ms - 100
[HTTP] 
[HTTP] --> POST /wd/hub/session/d541003b-3203-4de0-abda-36c12325cc70/elements
[HTTP] {"using":"-android uiautomator","value":"new UiSelector().className(\"android.widget.EditText\").text(\"No Handphone\").resourceId(\"id.co.fundtastic.client:id/et_phone\").instance(0)"}
[HTTP] <-- POST /wd/hub/session/d541003b-3203-4de0-abda-36c12325cc70/elements 200 230 ms - 124
[HTTP] 
[HTTP] --> GET /wd/hub/session/d541003b-3203-4de0-abda-36c12325cc70
[HTTP] {}
[HTTP] <-- GET /wd/hub/session/d541003b-3203-4de0-abda-36c12325cc70 200 86 ms - 1167
[HTTP] 
[HTTP] --> GET /wd/hub/session/d541003b-3203-4de0-abda-36c12325cc70
[HTTP] {}
[HTTP] <-- GET /wd/hub/session/d541003b-3203-4de0-abda-36c12325cc70 200 55 ms - 1167
[HTTP] 
[HTTP] --> GET /wd/hub/session/d541003b-3203-4de0-abda-36c12325cc70
[HTTP] {}
[HTTP] <-- GET /wd/hub/session/d541003b-3203-4de0-abda-36c12325cc70 200 50 ms - 1167
[HTTP] 
[HTTP] --> GET /wd/hub/session/d541003b-3203-4de0-abda-36c12325cc70
[HTTP] {}
[HTTP] <-- GET /wd/hub/session/d541003b-3203-4de0-abda-36c12325cc70 200 46 ms - 1167
[HTTP] 
[HTTP] --> GET /wd/hub/session/d541003b-3203-4de0-abda-36c12325cc70/element/babe8f21-a77f-4574-9118-d5cb423176bf/location
[HTTP] {}
[W3C] Driver proxy active, passing request on via HTTP proxy
[JSONWP Proxy] Replacing sessionId 8c351388-bed2-4043-b735-507005b98354 with d541003b-3203-4de0-abda-36c12325cc70
[HTTP] <-- GET /wd/hub/session/d541003b-3203-4de0-abda-36c12325cc70/element/babe8f21-a77f-4574-9118-d5cb423176bf/location 200 100 ms - 88
[HTTP] 
[HTTP] --> POST /wd/hub/session/d541003b-3203-4de0-abda-36c12325cc70/element/babe8f21-a77f-4574-9118-d5cb423176bf/clear
[HTTP] {"id":"babe8f21-a77f-4574-9118-d5cb423176bf"}
[HTTP] <-- POST /wd/hub/session/d541003b-3203-4de0-abda-36c12325cc70/element/babe8f21-a77f-4574-9118-d5cb423176bf/clear 200 173 ms - 89
[HTTP] 
[HTTP] --> POST /wd/hub/session/d541003b-3203-4de0-abda-36c12325cc70/element/babe8f21-a77f-4574-9118-d5cb423176bf/value
[HTTP] {"id":"babe8f21-a77f-4574-9118-d5cb423176bf","value":["081215161452"]}
[HTTP] <-- POST /wd/hub/session/d541003b-3203-4de0-abda-36c12325cc70/element/babe8f21-a77f-4574-9118-d5cb423176bf/value 200 1079 ms - 74
[HTTP] 
[HTTP] --> GET /wd/hub/session/d541003b-3203-4de0-abda-36c12325cc70/window/current/size
[HTTP] {}
[W3C] Driver proxy active, passing request on via HTTP proxy
[JSONWP Proxy] Replacing sessionId 8c351388-bed2-4043-b735-507005b98354 with d541003b-3203-4de0-abda-36c12325cc70
[HTTP] <-- GET /wd/hub/session/d541003b-3203-4de0-abda-36c12325cc70/window/current/size 200 38 ms - 100
[HTTP] 
[HTTP] --> POST /wd/hub/session/d541003b-3203-4de0-abda-36c12325cc70/elements
[HTTP] {"using":"-android uiautomator","value":"new UiSelector().className(\"android.widget.Button\").text(\"MASUK\").resourceId(\"id.co.fundtastic.client:id/btnLogin\").instance(0)"}
[HTTP] <-- POST /wd/hub/session/d541003b-3203-4de0-abda-36c12325cc70/elements 200 453 ms - 124
[HTTP] 
[HTTP] --> GET /wd/hub/session/d541003b-3203-4de0-abda-36c12325cc70
[HTTP] {}
[HTTP] <-- GET /wd/hub/session/d541003b-3203-4de0-abda-36c12325cc70 200 18 ms - 1167
[HTTP] 
[HTTP] --> GET /wd/hub/session/d541003b-3203-4de0-abda-36c12325cc70
[HTTP] {}
[HTTP] <-- GET /wd/hub/session/d541003b-3203-4de0-abda-36c12325cc70 200 18 ms - 1167
[HTTP] 
[HTTP] --> GET /wd/hub/session/d541003b-3203-4de0-abda-36c12325cc70
[HTTP] {}
[HTTP] <-- GET /wd/hub/session/d541003b-3203-4de0-abda-36c12325cc70 200 18 ms - 1167
[HTTP] 
[HTTP] --> GET /wd/hub/session/d541003b-3203-4de0-abda-36c12325cc70
[HTTP] {}
[HTTP] <-- GET /wd/hub/session/d541003b-3203-4de0-abda-36c12325cc70 200 28 ms - 1167
[HTTP] 
[HTTP] --> GET /wd/hub/session/d541003b-3203-4de0-abda-36c12325cc70/element/3e863563-fa98-4282-a557-fc847158e24b/location
[HTTP] {}
[W3C] Driver proxy active, passing request on via HTTP proxy
[JSONWP Proxy] Replacing sessionId 8c351388-bed2-4043-b735-507005b98354 with d541003b-3203-4de0-abda-36c12325cc70
[HTTP] <-- GET /wd/hub/session/d541003b-3203-4de0-abda-36c12325cc70/element/3e863563-fa98-4282-a557-fc847158e24b/location 200 22 ms - 88
[HTTP] 
[HTTP] --> POST /wd/hub/session/d541003b-3203-4de0-abda-36c12325cc70/touch/perform
[HTTP] {"actions":[{"action":"tap","options":{"element":"3e863563-fa98-4282-a557-fc847158e24b","x":1,"y":1}}]}
[UiAutomator2] calling get location: 3e863563-fa98-4282-a557-fc847158e24b
[HTTP] <-- POST /wd/hub/session/d541003b-3203-4de0-abda-36c12325cc70/touch/perform 200 820 ms - 76
[HTTP] 
[HTTP] --> GET /wd/hub/session/d541003b-3203-4de0-abda-36c12325cc70/window/current/size
[HTTP] {}
[W3C] Driver proxy active, passing request on via HTTP proxy
[JSONWP Proxy] Replacing sessionId 8c351388-bed2-4043-b735-507005b98354 with d541003b-3203-4de0-abda-36c12325cc70
[HTTP] <-- GET /wd/hub/session/d541003b-3203-4de0-abda-36c12325cc70/window/current/size 200 25 ms - 100
[HTTP] 
[HTTP] --> POST /wd/hub/session/d541003b-3203-4de0-abda-36c12325cc70/elements
[HTTP] {"using":"-android uiautomator","value":"new UiSelector().className(\"android.widget.TextView\").text(\"Verifikasi Nomor HP\").instance(0)"}
[HTTP] <-- POST /wd/hub/session/d541003b-3203-4de0-abda-36c12325cc70/elements 200 34 ms - 124
[HTTP] 
[HTTP] --> GET /wd/hub/session/d541003b-3203-4de0-abda-36c12325cc70
[HTTP] {}
[HTTP] <-- GET /wd/hub/session/d541003b-3203-4de0-abda-36c12325cc70 200 22 ms - 1167
[HTTP] 
[HTTP] --> GET /wd/hub/session/d541003b-3203-4de0-abda-36c12325cc70
[HTTP] {}
[HTTP] <-- GET /wd/hub/session/d541003b-3203-4de0-abda-36c12325cc70 200 19 ms - 1167
[HTTP] 
[HTTP] --> GET /wd/hub/session/d541003b-3203-4de0-abda-36c12325cc70
[HTTP] {}
[HTTP] <-- GET /wd/hub/session/d541003b-3203-4de0-abda-36c12325cc70 200 16 ms - 1167
[HTTP] 
[HTTP] --> GET /wd/hub/session/d541003b-3203-4de0-abda-36c12325cc70
[HTTP] {}
[HTTP] <-- GET /wd/hub/session/d541003b-3203-4de0-abda-36c12325cc70 200 14 ms - 1167
[HTTP] 
[HTTP] --> GET /wd/hub/session/d541003b-3203-4de0-abda-36c12325cc70/element/f80968b6-4a82-42fb-be2b-ba95e804265b/location
[HTTP] {}
[W3C] Driver proxy active, passing request on via HTTP proxy
[JSONWP Proxy] Replacing sessionId 8c351388-bed2-4043-b735-507005b98354 with d541003b-3203-4de0-abda-36c12325cc70
[HTTP] <-- GET /wd/hub/session/d541003b-3203-4de0-abda-36c12325cc70/element/f80968b6-4a82-42fb-be2b-ba95e804265b/location 200 43 ms - 89
[HTTP] 
[HTTP] --> GET /wd/hub/session/d541003b-3203-4de0-abda-36c12325cc70/element/f80968b6-4a82-42fb-be2b-ba95e804265b/text
[HTTP] {}
[W3C] Driver proxy active, passing request on via HTTP proxy
[JSONWP Proxy] Replacing sessionId 8c351388-bed2-4043-b735-507005b98354 with d541003b-3203-4de0-abda-36c12325cc70
[HTTP] <-- GET /wd/hub/session/d541003b-3203-4de0-abda-36c12325cc70/element/f80968b6-4a82-42fb-be2b-ba95e804265b/text 200 47 ms - 93
[HTTP] 
[HTTP] --> GET /wd/hub/session/d541003b-3203-4de0-abda-36c12325cc70/window/current/size
[HTTP] {}
[W3C] Driver proxy active, passing request on via HTTP proxy
[JSONWP Proxy] Replacing sessionId 8c351388-bed2-4043-b735-507005b98354 with d541003b-3203-4de0-abda-36c12325cc70
[HTTP] <-- GET /wd/hub/session/d541003b-3203-4de0-abda-36c12325cc70/window/current/size 200 20 ms - 100
[HTTP] 
[HTTP] --> POST /wd/hub/session/d541003b-3203-4de0-abda-36c12325cc70/elements
[HTTP] {"using":"-android uiautomator","value":"new UiSelector().className(\"android.widget.EditText\").resourceId(\"id.co.fundtastic.client:id/et_otp\").instance(0)"}
[HTTP] <-- POST /wd/hub/session/d541003b-3203-4de0-abda-36c12325cc70/elements 200 71 ms - 124
[HTTP] 
[HTTP] --> GET /wd/hub/session/d541003b-3203-4de0-abda-36c12325cc70
[HTTP] {}
[HTTP] <-- GET /wd/hub/session/d541003b-3203-4de0-abda-36c12325cc70 200 14 ms - 1167
[HTTP] 
[HTTP] --> GET /wd/hub/session/d541003b-3203-4de0-abda-36c12325cc70
[HTTP] {}
[HTTP] <-- GET /wd/hub/session/d541003b-3203-4de0-abda-36c12325cc70 200 39 ms - 1167
[HTTP] 
[HTTP] --> GET /wd/hub/session/d541003b-3203-4de0-abda-36c12325cc70
[HTTP] {}
[HTTP] <-- GET /wd/hub/session/d541003b-3203-4de0-abda-36c12325cc70 200 27 ms - 1167
[HTTP] 
[HTTP] --> GET /wd/hub/session/d541003b-3203-4de0-abda-36c12325cc70
[HTTP] {}
[HTTP] <-- GET /wd/hub/session/d541003b-3203-4de0-abda-36c12325cc70 200 23 ms - 1167
[HTTP] 
[HTTP] --> GET /wd/hub/session/d541003b-3203-4de0-abda-36c12325cc70/element/5426466b-ba64-4807-bf03-9440c6a37bec/location
[HTTP] {}
[W3C] Driver proxy active, passing request on via HTTP proxy
[JSONWP Proxy] Replacing sessionId 8c351388-bed2-4043-b735-507005b98354 with d541003b-3203-4de0-abda-36c12325cc70
[HTTP] <-- GET /wd/hub/session/d541003b-3203-4de0-abda-36c12325cc70/element/5426466b-ba64-4807-bf03-9440c6a37bec/location 200 22 ms - 89
[HTTP] 
[HTTP] --> POST /wd/hub/session/d541003b-3203-4de0-abda-36c12325cc70/touch/perform
[HTTP] {"actions":[{"action":"tap","options":{"element":"5426466b-ba64-4807-bf03-9440c6a37bec","x":1,"y":1}}]}
[UiAutomator2] calling get location: 5426466b-ba64-4807-bf03-9440c6a37bec
[HTTP] <-- POST /wd/hub/session/d541003b-3203-4de0-abda-36c12325cc70/touch/perform 200 809 ms - 76
[HTTP] 
[HTTP] --> GET /wd/hub/session/d541003b-3203-4de0-abda-36c12325cc70/window/current/size
[HTTP] {}
[W3C] Driver proxy active, passing request on via HTTP proxy
[JSONWP Proxy] Replacing sessionId 8c351388-bed2-4043-b735-507005b98354 with d541003b-3203-4de0-abda-36c12325cc70
[HTTP] <-- GET /wd/hub/session/d541003b-3203-4de0-abda-36c12325cc70/window/current/size 200 19 ms - 100
[HTTP] 
[HTTP] --> POST /wd/hub/session/d541003b-3203-4de0-abda-36c12325cc70/elements
[HTTP] {"using":"-android uiautomator","value":"new UiSelector().className(\"android.widget.EditText\").resourceId(\"id.co.fundtastic.client:id/et_otp\").instance(0)"}
[HTTP] <-- POST /wd/hub/session/d541003b-3203-4de0-abda-36c12325cc70/elements 200 52 ms - 124
[HTTP] 
[HTTP] --> GET /wd/hub/session/d541003b-3203-4de0-abda-36c12325cc70
[HTTP] {}
[HTTP] <-- GET /wd/hub/session/d541003b-3203-4de0-abda-36c12325cc70 200 18 ms - 1167
[HTTP] 
[HTTP] --> GET /wd/hub/session/d541003b-3203-4de0-abda-36c12325cc70
[HTTP] {}
[HTTP] <-- GET /wd/hub/session/d541003b-3203-4de0-abda-36c12325cc70 200 18 ms - 1167
[HTTP] 
[HTTP] --> GET /wd/hub/session/d541003b-3203-4de0-abda-36c12325cc70
[HTTP] {}
[HTTP] <-- GET /wd/hub/session/d541003b-3203-4de0-abda-36c12325cc70 200 20 ms - 1167
[HTTP] 
[HTTP] --> GET /wd/hub/session/d541003b-3203-4de0-abda-36c12325cc70
[HTTP] {}
[HTTP] <-- GET /wd/hub/session/d541003b-3203-4de0-abda-36c12325cc70 200 23 ms - 1167
[HTTP] 
[HTTP] --> GET /wd/hub/session/d541003b-3203-4de0-abda-36c12325cc70/element/83f92898-8c3e-4979-bb19-729b3409e4e2/location
[HTTP] {}
[W3C] Driver proxy active, passing request on via HTTP proxy
[JSONWP Proxy] Replacing sessionId 8c351388-bed2-4043-b735-507005b98354 with d541003b-3203-4de0-abda-36c12325cc70
[HTTP] <-- GET /wd/hub/session/d541003b-3203-4de0-abda-36c12325cc70/element/83f92898-8c3e-4979-bb19-729b3409e4e2/location 200 36 ms - 89
[HTTP] 
[HTTP] --> POST /wd/hub/session/d541003b-3203-4de0-abda-36c12325cc70/element/83f92898-8c3e-4979-bb19-729b3409e4e2/clear
[HTTP] {"id":"83f92898-8c3e-4979-bb19-729b3409e4e2"}
[HTTP] <-- POST /wd/hub/session/d541003b-3203-4de0-abda-36c12325cc70/element/83f92898-8c3e-4979-bb19-729b3409e4e2/clear 200 49 ms - 89
[HTTP] 
[HTTP] --> POST /wd/hub/session/d541003b-3203-4de0-abda-36c12325cc70/element/83f92898-8c3e-4979-bb19-729b3409e4e2/value
[HTTP] {"id":"83f92898-8c3e-4979-bb19-729b3409e4e2","value":["8888"]}
[HTTP] <-- POST /wd/hub/session/d541003b-3203-4de0-abda-36c12325cc70/element/83f92898-8c3e-4979-bb19-729b3409e4e2/value 200 811 ms - 74
[HTTP] 
[HTTP] --> GET /wd/hub/session/d541003b-3203-4de0-abda-36c12325cc70/window/current/size
[HTTP] {}
[W3C] Driver proxy active, passing request on via HTTP proxy
[JSONWP Proxy] Replacing sessionId 8c351388-bed2-4043-b735-507005b98354 with d541003b-3203-4de0-abda-36c12325cc70
[HTTP] <-- GET /wd/hub/session/d541003b-3203-4de0-abda-36c12325cc70/window/current/size 200 20 ms - 100
[HTTP] 
[HTTP] --> POST /wd/hub/session/d541003b-3203-4de0-abda-36c12325cc70/elements
[HTTP] {"using":"-android uiautomator","value":"new UiSelector().className(\"android.widget.Button\").text(\"Verifikasi Sekarang\").resourceId(\"id.co.fundtastic.client:id/btnVerified\").instance(0)"}
[HTTP] <-- POST /wd/hub/session/d541003b-3203-4de0-abda-36c12325cc70/elements 200 866 ms - 124
[HTTP] 
[HTTP] --> GET /wd/hub/session/d541003b-3203-4de0-abda-36c12325cc70
[HTTP] {}
[HTTP] <-- GET /wd/hub/session/d541003b-3203-4de0-abda-36c12325cc70 200 14 ms - 1167
[HTTP] 
[HTTP] --> GET /wd/hub/session/d541003b-3203-4de0-abda-36c12325cc70
[HTTP] {}
[HTTP] <-- GET /wd/hub/session/d541003b-3203-4de0-abda-36c12325cc70 200 18 ms - 1167
[HTTP] 
[HTTP] --> GET /wd/hub/session/d541003b-3203-4de0-abda-36c12325cc70
[HTTP] {}
[HTTP] <-- GET /wd/hub/session/d541003b-3203-4de0-abda-36c12325cc70 200 19 ms - 1167
[HTTP] 
[HTTP] --> GET /wd/hub/session/d541003b-3203-4de0-abda-36c12325cc70
[HTTP] {}
[HTTP] <-- GET /wd/hub/session/d541003b-3203-4de0-abda-36c12325cc70 200 24 ms - 1167
[HTTP] 
[HTTP] --> GET /wd/hub/session/d541003b-3203-4de0-abda-36c12325cc70/element/9971daf0-4874-4f5b-aaa1-4df766acda95/location
[HTTP] {}
[W3C] Driver proxy active, passing request on via HTTP proxy
[JSONWP Proxy] Replacing sessionId 8c351388-bed2-4043-b735-507005b98354 with d541003b-3203-4de0-abda-36c12325cc70
[HTTP] <-- GET /wd/hub/session/d541003b-3203-4de0-abda-36c12325cc70/element/9971daf0-4874-4f5b-aaa1-4df766acda95/location 200 28 ms - 88
[HTTP] 
[HTTP] --> POST /wd/hub/session/d541003b-3203-4de0-abda-36c12325cc70/touch/perform
[HTTP] {"actions":[{"action":"tap","options":{"element":"9971daf0-4874-4f5b-aaa1-4df766acda95","x":1,"y":1}}]}
[UiAutomator2] calling get location: 9971daf0-4874-4f5b-aaa1-4df766acda95
[HTTP] <-- POST /wd/hub/session/d541003b-3203-4de0-abda-36c12325cc70/touch/perform 200 960 ms - 76
[HTTP] 
[HTTP] --> GET /wd/hub/session/d541003b-3203-4de0-abda-36c12325cc70/context
[HTTP] {}
[HTTP] <-- GET /wd/hub/session/d541003b-3203-4de0-abda-36c12325cc70/context 200 2 ms - 84
[HTTP] 
[HTTP] --> GET /wd/hub/session/d541003b-3203-4de0-abda-36c12325cc70/contexts
[HTTP] {}
[HTTP] <-- GET /wd/hub/session/d541003b-3203-4de0-abda-36c12325cc70/contexts 200 43 ms - 127
[HTTP] 
[HTTP] --> POST /wd/hub/session/d541003b-3203-4de0-abda-36c12325cc70/context
[HTTP] {"name":"NATIVE_APP"}
[HTTP] <-- POST /wd/hub/session/d541003b-3203-4de0-abda-36c12325cc70/context 200 38 ms - 76
[HTTP] 
[HTTP] --> GET /wd/hub/session/d541003b-3203-4de0-abda-36c12325cc70/screenshot
[HTTP] {}
[HTTP] <-- GET /wd/hub/session/d541003b-3203-4de0-abda-36c12325cc70/screenshot 200 647 ms - 419818
[HTTP] 
[HTTP] --> POST /wd/hub/session/d541003b-3203-4de0-abda-36c12325cc70/context
[HTTP] {"name":"NATIVE_APP"}
[HTTP] <-- POST /wd/hub/session/d541003b-3203-4de0-abda-36c12325cc70/context 200 36 ms - 76
[HTTP] 
[HTTP] --> DELETE /wd/hub/session/d541003b-3203-4de0-abda-36c12325cc70
[HTTP] {}
[Appium] Removing session d541003b-3203-4de0-abda-36c12325cc70 from our master session list
[ADB] id.co.fundtastic.client was successfully uninstalled
[HTTP] <-- DELETE /wd/hub/session/d541003b-3203-4de0-abda-36c12325cc70 200 1914 ms - 76
[HTTP] 
