[Appium] Welcome to Appium v1.8.1
[Appium] Non-default server args:
[Appium]   port: 51338
[Appium]   loglevel: info
[Appium]   chromeDriverPort: 51339
[Appium]   tmpDir: /var/folders/ts/p6rxgpw53_d96xw60slkng7m0000gn/T//Katalon/Appium/Temp1562830109152
[Appium] Appium REST http interface listener started on 0.0.0.0:51338
[HTTP] --> GET /wd/hub/status
[HTTP] {}
[HTTP] <-- GET /wd/hub/status 200 25 ms - 83
[HTTP] 
[HTTP] --> POST /wd/hub/session
[HTTP] {"desiredCapabilities":{"app":"/Users/ustore/Downloads/Development.apk","autoGrantPermissions":true,"automationName":"uiautomator2","deviceName":"emulator-5554 (Android SDK built for x86 - Android 9)","fullReset":true,"newCommandTimeout":1800,"noReset":false,"platform":"ANDROID","platformName":"Android","udid":"emulator-5554"},"capabilities":{"desiredCapabilities":{"app":"/Users/ustore/Downloads/Development.apk","autoGrantPermissions":true,"automationName":"uiautomator2","deviceName":"emulator-5554 (Android SDK built for x86 - Android 9)","fullReset":true,"newCommandTimeout":1800,"noReset":false,"platform":"ANDROID","platformName":"Android","udid":"emulator-5554"},"firstMatch":[{"platformName":"android"}]}}
[Appium] Could not parse W3C capabilities: 'deviceName' can't be blank. Falling back to JSONWP protocol.
[Appium] The following capabilities were provided in the JSONWP desired capabilities that are missing in W3C capabilities: ["app","autoGrantPermissions","automationName","deviceName","fullReset","newCommandTimeout","noReset","platform","platformName","udid"]. Falling back to JSONWP protocol.
[Appium] Creating new AndroidUiautomator2Driver (v1.12.0) session
[Appium] Capabilities:
[Appium]   app: /Users/ustore/Downloads/Development.apk
[Appium]   autoGrantPermissions: true
[Appium]   automationName: uiautomator2
[Appium]   deviceName: emulator-5554 (Android SDK built for x86 - Android 9)
[Appium]   fullReset: true
[Appium]   newCommandTimeout: 1800
[Appium]   noReset: false
[Appium]   platform: ANDROID
[Appium]   platformName: Android
[Appium]   udid: emulator-5554
[BaseDriver] The following capabilities were provided, but are not recognized by appium: platform.
[BaseDriver] Session created with session id: 79f732d7-6614-415e-a677-4ad194c17198
[BaseDriver] Using local app '/Users/ustore/Downloads/Development.apk'
[AndroidDriver] Java version is: 1.8.0_181
[ADB] Checking whether adb is present
[ADB] Found 1 'build-tools' folders under '/Users/ustore/.katalon/tools/android_sdk' (newest first):
[ADB]     /Users/ustore/.katalon/tools/android_sdk/build-tools/28.0.3
[ADB] Using adb from /Users/ustore/.katalon/tools/android_sdk/platform-tools/adb
[AndroidDriver] Retrieving device list
[AndroidDriver] Using device: emulator-5554
[ADB] Using the alternative activity name detection method because of: Could not find apkanalyzer in /Users/ustore/.katalon/tools/android_sdk/platform-tools/apkanalyzer,/Users/ustore/.katalon/tools/android_sdk/emulator/apkanalyzer,/Users/ustore/.katalon/tools/android_sdk/tools/apkanalyzer,/Users/ustore/.katalon/tools/android_sdk/tools/bin/apkanalyzer,/Users/ustore/.katalon/tools/android_sdk/build-tools/28.0.3/apkanalyzer. Do you have the Android SDK installed at '/Users/ustore/.katalon/tools/android_sdk'?
[ADB] Checking whether aapt is present
[ADB] Using aapt from /Users/ustore/.katalon/tools/android_sdk/build-tools/28.0.3/aapt
[ADB] Extracting package and launch activity from manifest
[ADB] Package name: 'id.co.fundtastic.client'
[ADB] Main activity name: 'id.co.fundtastic.client.splash.presentation.SplashActivity'
[ADB] Getting device platform version
[ADB] Using apksigner from /Users/ustore/.katalon/tools/android_sdk/build-tools/28.0.3/apksigner
[ADB] Cannot read version codes of '/usr/local/lib/node_modules/appium/node_modules/appium-uiautomator2-server/apks/appium-uiautomator2-server-debug-androidTest.apk' and/or 'io.appium.uiautomator2.server.test'
[ADB] Cannot read version names of '/usr/local/lib/node_modules/appium/node_modules/appium-uiautomator2-server/apks/appium-uiautomator2-server-debug-androidTest.apk' and/or 'io.appium.uiautomator2.server.test'. Assuming correct app version is already installed
[AndroidDriver] setDeviceLanguageCountry requires language or country.
[AndroidDriver] Got language: 'null' and country: 'null'
[ADB] Successfully extracted 194 strings from '/Users/ustore/Downloads/Development.apk' resources for '(default)' configuration
[ADB] id.co.fundtastic.client was not uninstalled, because it was not present on the device
[UiAutomator2] Starting uiautomator2 server 1.12.0
[UiAutomator2] Using UIAutomator2 server from '/usr/local/lib/node_modules/appium/node_modules/appium-uiautomator2-server/apks/appium-uiautomator2-server-v1.12.0.apk' and test from '/usr/local/lib/node_modules/appium/node_modules/appium-uiautomator2-server/apks/appium-uiautomator2-server-debug-androidTest.apk'
[UiAutomator2] Running command: 'adb -s emulator-5554 shell am instrument -w io.appium.uiautomator2.server.test/android.support.test.runner.AndroidJUnitRunner'
[UiAutomator2] Waiting up to 20000ms for UiAutomator2 to be online...
[AndroidDriver] Screen already unlocked, doing nothing
[UiAutomator2] UiAutomator2 did not start the activity we were waiting for, 'id.co.fundtastic.client/id.co.fundtastic.client.splash.presentation.SplashActivity'. Starting it ourselves
[Appium] New AndroidUiautomator2Driver session created successfully, session 79f732d7-6614-415e-a677-4ad194c17198 added to master session list
[HTTP] <-- POST /wd/hub/session 200 13428 ms - 1167
[HTTP] 
[HTTP] --> GET /wd/hub/status
[HTTP] {}
[HTTP] <-- GET /wd/hub/status 200 44 ms - 55
[HTTP] 
[HTTP] --> POST /wd/hub/session/79f732d7-6614-415e-a677-4ad194c17198/timeouts
[HTTP] {"type":"implicit","ms":30000}
[HTTP] <-- POST /wd/hub/session/79f732d7-6614-415e-a677-4ad194c17198/timeouts 400 27 ms - 4196
[HTTP] 
[HTTP] --> GET /wd/hub/session/79f732d7-6614-415e-a677-4ad194c17198/window/current/size
[HTTP] {}
[W3C] Driver proxy active, passing request on via HTTP proxy
[JSONWP Proxy] Replacing sessionId 0c834ded-4716-44c7-963b-f2c525d1e3fa with 79f732d7-6614-415e-a677-4ad194c17198
[HTTP] <-- GET /wd/hub/session/79f732d7-6614-415e-a677-4ad194c17198/window/current/size 200 68 ms - 100
[HTTP] 
[HTTP] --> POST /wd/hub/session/79f732d7-6614-415e-a677-4ad194c17198/elements
[HTTP] {"using":"-android uiautomator","value":"new UiSelector().className(\"android.widget.TextView\").text(\"Mulailah berinvestasi untuk meraih mimpimu\").instance(0)"}
[HTTP] <-- POST /wd/hub/session/79f732d7-6614-415e-a677-4ad194c17198/elements 200 58 ms - 74
[HTTP] 
[HTTP] --> POST /wd/hub/session/79f732d7-6614-415e-a677-4ad194c17198/elements
[HTTP] {"using":"-android uiautomator","value":"new UiSelector().className(\"android.widget.TextView\").text(\"Mulailah berinvestasi untuk meraih mimpimu\").instance(0)"}
[HTTP] <-- POST /wd/hub/session/79f732d7-6614-415e-a677-4ad194c17198/elements 200 74 ms - 74
[HTTP] 
[HTTP] --> POST /wd/hub/session/79f732d7-6614-415e-a677-4ad194c17198/elements
[HTTP] {"using":"-android uiautomator","value":"new UiSelector().className(\"android.widget.TextView\").text(\"Mulailah berinvestasi untuk meraih mimpimu\").instance(0)"}
[HTTP] <-- POST /wd/hub/session/79f732d7-6614-415e-a677-4ad194c17198/elements 200 40 ms - 74
[HTTP] 
[HTTP] --> POST /wd/hub/session/79f732d7-6614-415e-a677-4ad194c17198/elements
[HTTP] {"using":"-android uiautomator","value":"new UiSelector().className(\"android.widget.TextView\").text(\"Mulailah berinvestasi untuk meraih mimpimu\").instance(0)"}
[HTTP] <-- POST /wd/hub/session/79f732d7-6614-415e-a677-4ad194c17198/elements 200 52 ms - 74
[HTTP] 
[HTTP] --> POST /wd/hub/session/79f732d7-6614-415e-a677-4ad194c17198/elements
[HTTP] {"using":"-android uiautomator","value":"new UiSelector().className(\"android.widget.TextView\").text(\"Mulailah berinvestasi untuk meraih mimpimu\").instance(0)"}
[HTTP] <-- POST /wd/hub/session/79f732d7-6614-415e-a677-4ad194c17198/elements 200 62 ms - 74
[HTTP] 
[HTTP] --> POST /wd/hub/session/79f732d7-6614-415e-a677-4ad194c17198/elements
[HTTP] {"using":"-android uiautomator","value":"new UiSelector().className(\"android.widget.TextView\").text(\"Mulailah berinvestasi untuk meraih mimpimu\").instance(0)"}
[HTTP] <-- POST /wd/hub/session/79f732d7-6614-415e-a677-4ad194c17198/elements 200 56 ms - 74
[HTTP] 
[HTTP] --> POST /wd/hub/session/79f732d7-6614-415e-a677-4ad194c17198/elements
[HTTP] {"using":"-android uiautomator","value":"new UiSelector().className(\"android.widget.TextView\").text(\"Mulailah berinvestasi untuk meraih mimpimu\").instance(0)"}
[HTTP] <-- POST /wd/hub/session/79f732d7-6614-415e-a677-4ad194c17198/elements 200 102 ms - 74
[HTTP] 
[HTTP] --> POST /wd/hub/session/79f732d7-6614-415e-a677-4ad194c17198/elements
[HTTP] {"using":"-android uiautomator","value":"new UiSelector().className(\"android.widget.TextView\").text(\"Mulailah berinvestasi untuk meraih mimpimu\").instance(0)"}
[HTTP] <-- POST /wd/hub/session/79f732d7-6614-415e-a677-4ad194c17198/elements 200 34 ms - 74
[HTTP] 
[HTTP] --> POST /wd/hub/session/79f732d7-6614-415e-a677-4ad194c17198/elements
[HTTP] {"using":"-android uiautomator","value":"new UiSelector().className(\"android.widget.TextView\").text(\"Mulailah berinvestasi untuk meraih mimpimu\").instance(0)"}
[HTTP] <-- POST /wd/hub/session/79f732d7-6614-415e-a677-4ad194c17198/elements 200 31 ms - 74
[HTTP] 
[HTTP] --> POST /wd/hub/session/79f732d7-6614-415e-a677-4ad194c17198/elements
[HTTP] {"using":"-android uiautomator","value":"new UiSelector().className(\"android.widget.TextView\").text(\"Mulailah berinvestasi untuk meraih mimpimu\").instance(0)"}
[HTTP] <-- POST /wd/hub/session/79f732d7-6614-415e-a677-4ad194c17198/elements 200 57 ms - 74
[HTTP] 
[HTTP] --> POST /wd/hub/session/79f732d7-6614-415e-a677-4ad194c17198/elements
[HTTP] {"using":"-android uiautomator","value":"new UiSelector().className(\"android.widget.TextView\").text(\"Mulailah berinvestasi untuk meraih mimpimu\").instance(0)"}
[HTTP] <-- POST /wd/hub/session/79f732d7-6614-415e-a677-4ad194c17198/elements 200 29 ms - 74
[HTTP] 
[HTTP] --> POST /wd/hub/session/79f732d7-6614-415e-a677-4ad194c17198/elements
[HTTP] {"using":"-android uiautomator","value":"new UiSelector().className(\"android.widget.TextView\").text(\"Mulailah berinvestasi untuk meraih mimpimu\").instance(0)"}
[HTTP] <-- POST /wd/hub/session/79f732d7-6614-415e-a677-4ad194c17198/elements 200 32 ms - 74
[HTTP] 
[HTTP] --> POST /wd/hub/session/79f732d7-6614-415e-a677-4ad194c17198/elements
[HTTP] {"using":"-android uiautomator","value":"new UiSelector().className(\"android.widget.TextView\").text(\"Mulailah berinvestasi untuk meraih mimpimu\").instance(0)"}
[HTTP] <-- POST /wd/hub/session/79f732d7-6614-415e-a677-4ad194c17198/elements 200 40 ms - 74
[HTTP] 
[HTTP] --> POST /wd/hub/session/79f732d7-6614-415e-a677-4ad194c17198/elements
[HTTP] {"using":"-android uiautomator","value":"new UiSelector().className(\"android.widget.TextView\").text(\"Mulailah berinvestasi untuk meraih mimpimu\").instance(0)"}
[HTTP] <-- POST /wd/hub/session/79f732d7-6614-415e-a677-4ad194c17198/elements 200 83 ms - 74
[HTTP] 
[HTTP] --> POST /wd/hub/session/79f732d7-6614-415e-a677-4ad194c17198/elements
[HTTP] {"using":"-android uiautomator","value":"new UiSelector().className(\"android.widget.TextView\").text(\"Mulailah berinvestasi untuk meraih mimpimu\").instance(0)"}
[HTTP] <-- POST /wd/hub/session/79f732d7-6614-415e-a677-4ad194c17198/elements 200 337 ms - 74
[HTTP] 
[HTTP] --> POST /wd/hub/session/79f732d7-6614-415e-a677-4ad194c17198/elements
[HTTP] {"using":"-android uiautomator","value":"new UiSelector().className(\"android.widget.TextView\").text(\"Mulailah berinvestasi untuk meraih mimpimu\").instance(0)"}
[HTTP] <-- POST /wd/hub/session/79f732d7-6614-415e-a677-4ad194c17198/elements 200 772 ms - 74
[HTTP] 
[HTTP] --> POST /wd/hub/session/79f732d7-6614-415e-a677-4ad194c17198/elements
[HTTP] {"using":"-android uiautomator","value":"new UiSelector().className(\"android.widget.TextView\").text(\"Mulailah berinvestasi untuk meraih mimpimu\").instance(0)"}
[HTTP] <-- POST /wd/hub/session/79f732d7-6614-415e-a677-4ad194c17198/elements 200 2540 ms - 124
[HTTP] 
[HTTP] --> GET /wd/hub/session/79f732d7-6614-415e-a677-4ad194c17198
[HTTP] {}
[HTTP] <-- GET /wd/hub/session/79f732d7-6614-415e-a677-4ad194c17198 200 19 ms - 1167
[HTTP] 
[HTTP] --> GET /wd/hub/session/79f732d7-6614-415e-a677-4ad194c17198
[HTTP] {}
[HTTP] <-- GET /wd/hub/session/79f732d7-6614-415e-a677-4ad194c17198 200 22 ms - 1167
[HTTP] 
[HTTP] --> GET /wd/hub/session/79f732d7-6614-415e-a677-4ad194c17198
[HTTP] {}
[HTTP] <-- GET /wd/hub/session/79f732d7-6614-415e-a677-4ad194c17198 200 16 ms - 1167
[HTTP] 
[HTTP] --> GET /wd/hub/session/79f732d7-6614-415e-a677-4ad194c17198
[HTTP] {}
[HTTP] <-- GET /wd/hub/session/79f732d7-6614-415e-a677-4ad194c17198 200 23 ms - 1167
[HTTP] 
[HTTP] --> GET /wd/hub/session/79f732d7-6614-415e-a677-4ad194c17198/element/49a6a433-f9f6-4b54-92ae-c676f9597250/location
[HTTP] {}
[W3C] Driver proxy active, passing request on via HTTP proxy
[JSONWP Proxy] Replacing sessionId 0c834ded-4716-44c7-963b-f2c525d1e3fa with 79f732d7-6614-415e-a677-4ad194c17198
[HTTP] <-- GET /wd/hub/session/79f732d7-6614-415e-a677-4ad194c17198/element/49a6a433-f9f6-4b54-92ae-c676f9597250/location 200 51 ms - 88
[HTTP] 
[HTTP] --> GET /wd/hub/session/79f732d7-6614-415e-a677-4ad194c17198/element/49a6a433-f9f6-4b54-92ae-c676f9597250/text
[HTTP] {}
[W3C] Driver proxy active, passing request on via HTTP proxy
[JSONWP Proxy] Replacing sessionId 0c834ded-4716-44c7-963b-f2c525d1e3fa with 79f732d7-6614-415e-a677-4ad194c17198
[HTTP] <-- GET /wd/hub/session/79f732d7-6614-415e-a677-4ad194c17198/element/49a6a433-f9f6-4b54-92ae-c676f9597250/text 200 79 ms - 116
[HTTP] 
[HTTP] --> GET /wd/hub/session/79f732d7-6614-415e-a677-4ad194c17198/window/current/size
[HTTP] {}
[W3C] Driver proxy active, passing request on via HTTP proxy
[JSONWP Proxy] Replacing sessionId 0c834ded-4716-44c7-963b-f2c525d1e3fa with 79f732d7-6614-415e-a677-4ad194c17198
[HTTP] <-- GET /wd/hub/session/79f732d7-6614-415e-a677-4ad194c17198/window/current/size 200 37 ms - 100
[HTTP] 
[HTTP] --> POST /wd/hub/session/79f732d7-6614-415e-a677-4ad194c17198/elements
[HTTP] {"using":"-android uiautomator","value":"new UiSelector().className(\"android.widget.ImageView\").resourceId(\"id.co.fundtastic.client:id/checklist\").instance(6)"}
[HTTP] <-- POST /wd/hub/session/79f732d7-6614-415e-a677-4ad194c17198/elements 200 105 ms - 124
[HTTP] 
[HTTP] --> GET /wd/hub/session/79f732d7-6614-415e-a677-4ad194c17198
[HTTP] {}
[HTTP] <-- GET /wd/hub/session/79f732d7-6614-415e-a677-4ad194c17198 200 18 ms - 1167
[HTTP] 
[HTTP] --> GET /wd/hub/session/79f732d7-6614-415e-a677-4ad194c17198
[HTTP] {}
[HTTP] <-- GET /wd/hub/session/79f732d7-6614-415e-a677-4ad194c17198 200 28 ms - 1167
[HTTP] 
[HTTP] --> GET /wd/hub/session/79f732d7-6614-415e-a677-4ad194c17198
[HTTP] {}
[HTTP] <-- GET /wd/hub/session/79f732d7-6614-415e-a677-4ad194c17198 200 18 ms - 1167
[HTTP] 
[HTTP] --> GET /wd/hub/session/79f732d7-6614-415e-a677-4ad194c17198
[HTTP] {}
[HTTP] <-- GET /wd/hub/session/79f732d7-6614-415e-a677-4ad194c17198 200 33 ms - 1167
[HTTP] 
[HTTP] --> GET /wd/hub/session/79f732d7-6614-415e-a677-4ad194c17198/element/5f43baab-1e04-44d7-a9ef-b43694bba29e/location
[HTTP] {}
[W3C] Driver proxy active, passing request on via HTTP proxy
[JSONWP Proxy] Replacing sessionId 0c834ded-4716-44c7-963b-f2c525d1e3fa with 79f732d7-6614-415e-a677-4ad194c17198
[HTTP] <-- GET /wd/hub/session/79f732d7-6614-415e-a677-4ad194c17198/element/5f43baab-1e04-44d7-a9ef-b43694bba29e/location 200 65 ms - 90
[HTTP] 
[HTTP] --> POST /wd/hub/session/79f732d7-6614-415e-a677-4ad194c17198/touch/perform
[HTTP] {"actions":[{"action":"tap","options":{"element":"5f43baab-1e04-44d7-a9ef-b43694bba29e","x":1,"y":1}}]}
[UiAutomator2] calling get location: 5f43baab-1e04-44d7-a9ef-b43694bba29e
[HTTP] <-- POST /wd/hub/session/79f732d7-6614-415e-a677-4ad194c17198/touch/perform 200 1325 ms - 76
[HTTP] 
[HTTP] --> GET /wd/hub/session/79f732d7-6614-415e-a677-4ad194c17198/window/current/size
[HTTP] {}
[W3C] Driver proxy active, passing request on via HTTP proxy
[JSONWP Proxy] Replacing sessionId 0c834ded-4716-44c7-963b-f2c525d1e3fa with 79f732d7-6614-415e-a677-4ad194c17198
[HTTP] <-- GET /wd/hub/session/79f732d7-6614-415e-a677-4ad194c17198/window/current/size 200 33 ms - 100
[HTTP] 
[HTTP] --> POST /wd/hub/session/79f732d7-6614-415e-a677-4ad194c17198/elements
[HTTP] {"using":"-android uiautomator","value":"new UiSelector().className(\"android.widget.LinearLayout\").instance(4)"}
[HTTP] <-- POST /wd/hub/session/79f732d7-6614-415e-a677-4ad194c17198/elements 200 81 ms - 124
[HTTP] 
[HTTP] --> GET /wd/hub/session/79f732d7-6614-415e-a677-4ad194c17198
[HTTP] {}
[HTTP] <-- GET /wd/hub/session/79f732d7-6614-415e-a677-4ad194c17198 200 26 ms - 1167
[HTTP] 
[HTTP] --> GET /wd/hub/session/79f732d7-6614-415e-a677-4ad194c17198
[HTTP] {}
[HTTP] <-- GET /wd/hub/session/79f732d7-6614-415e-a677-4ad194c17198 200 22 ms - 1167
[HTTP] 
[HTTP] --> GET /wd/hub/session/79f732d7-6614-415e-a677-4ad194c17198
[HTTP] {}
[HTTP] <-- GET /wd/hub/session/79f732d7-6614-415e-a677-4ad194c17198 200 21 ms - 1167
[HTTP] 
[HTTP] --> GET /wd/hub/session/79f732d7-6614-415e-a677-4ad194c17198
[HTTP] {}
[HTTP] <-- GET /wd/hub/session/79f732d7-6614-415e-a677-4ad194c17198 200 22 ms - 1167
[HTTP] 
[HTTP] --> GET /wd/hub/session/79f732d7-6614-415e-a677-4ad194c17198/element/863c784a-eb2f-41d6-a657-73acafab05c2/location
[HTTP] {}
[W3C] Driver proxy active, passing request on via HTTP proxy
[JSONWP Proxy] Replacing sessionId 0c834ded-4716-44c7-963b-f2c525d1e3fa with 79f732d7-6614-415e-a677-4ad194c17198
[HTTP] <-- GET /wd/hub/session/79f732d7-6614-415e-a677-4ad194c17198/element/863c784a-eb2f-41d6-a657-73acafab05c2/location 200 30 ms - 87
[HTTP] 
[HTTP] --> POST /wd/hub/session/79f732d7-6614-415e-a677-4ad194c17198/touch/perform
[HTTP] {"actions":[{"action":"tap","options":{"element":"863c784a-eb2f-41d6-a657-73acafab05c2","x":1,"y":1}}]}
[UiAutomator2] calling get location: 863c784a-eb2f-41d6-a657-73acafab05c2
[HTTP] <-- POST /wd/hub/session/79f732d7-6614-415e-a677-4ad194c17198/touch/perform 200 812 ms - 76
[HTTP] 
[HTTP] --> GET /wd/hub/session/79f732d7-6614-415e-a677-4ad194c17198/context
[HTTP] {}
[HTTP] <-- GET /wd/hub/session/79f732d7-6614-415e-a677-4ad194c17198/context 200 3 ms - 84
[HTTP] 
[HTTP] --> GET /wd/hub/session/79f732d7-6614-415e-a677-4ad194c17198/contexts
[HTTP] {}
[HTTP] <-- GET /wd/hub/session/79f732d7-6614-415e-a677-4ad194c17198/contexts 200 113 ms - 164
[HTTP] 
[HTTP] --> POST /wd/hub/session/79f732d7-6614-415e-a677-4ad194c17198/context
[HTTP] {"name":"NATIVE_APP"}
[HTTP] <-- POST /wd/hub/session/79f732d7-6614-415e-a677-4ad194c17198/context 200 104 ms - 76
[HTTP] 
[HTTP] --> POST /wd/hub/session/79f732d7-6614-415e-a677-4ad194c17198/touch/perform
[HTTP] {"actions":[{"action":"press","options":{"x":800,"y":1000}},{"action":"wait","options":{"ms":500}},{"action":"moveTo","options":{"x":10,"y":800}}]}
[HTTP] <-- POST /wd/hub/session/79f732d7-6614-415e-a677-4ad194c17198/touch/perform 200 2135 ms - 76
[HTTP] 
[HTTP] --> POST /wd/hub/session/79f732d7-6614-415e-a677-4ad194c17198/context
[HTTP] {"name":"NATIVE_APP"}
[HTTP] <-- POST /wd/hub/session/79f732d7-6614-415e-a677-4ad194c17198/context 200 108 ms - 76
[HTTP] 
[HTTP] --> GET /wd/hub/session/79f732d7-6614-415e-a677-4ad194c17198/window/current/size
[HTTP] {}
[W3C] Driver proxy active, passing request on via HTTP proxy
[JSONWP Proxy] Replacing sessionId 0c834ded-4716-44c7-963b-f2c525d1e3fa with 79f732d7-6614-415e-a677-4ad194c17198
[HTTP] <-- GET /wd/hub/session/79f732d7-6614-415e-a677-4ad194c17198/window/current/size 200 25 ms - 100
[HTTP] 
[HTTP] --> POST /wd/hub/session/79f732d7-6614-415e-a677-4ad194c17198/elements
[HTTP] {"using":"-android uiautomator","value":"new UiSelector().className(\"android.widget.LinearLayout\").instance(4)"}
[HTTP] <-- POST /wd/hub/session/79f732d7-6614-415e-a677-4ad194c17198/elements 200 62 ms - 124
[HTTP] 
[HTTP] --> GET /wd/hub/session/79f732d7-6614-415e-a677-4ad194c17198
[HTTP] {}
[HTTP] <-- GET /wd/hub/session/79f732d7-6614-415e-a677-4ad194c17198 200 15 ms - 1284
[HTTP] 
[HTTP] --> GET /wd/hub/session/79f732d7-6614-415e-a677-4ad194c17198
[HTTP] {}
[HTTP] <-- GET /wd/hub/session/79f732d7-6614-415e-a677-4ad194c17198 200 19 ms - 1284
[HTTP] 
[HTTP] --> GET /wd/hub/session/79f732d7-6614-415e-a677-4ad194c17198
[HTTP] {}
[HTTP] <-- GET /wd/hub/session/79f732d7-6614-415e-a677-4ad194c17198 200 16 ms - 1284
[HTTP] 
[HTTP] --> GET /wd/hub/session/79f732d7-6614-415e-a677-4ad194c17198
[HTTP] {}
[HTTP] <-- GET /wd/hub/session/79f732d7-6614-415e-a677-4ad194c17198 200 14 ms - 1284
[HTTP] 
[HTTP] --> GET /wd/hub/session/79f732d7-6614-415e-a677-4ad194c17198/element/14dc3ea0-f0bf-4af8-bd2a-b668850f8eae/location
[HTTP] {}
[W3C] Driver proxy active, passing request on via HTTP proxy
[JSONWP Proxy] Replacing sessionId 0c834ded-4716-44c7-963b-f2c525d1e3fa with 79f732d7-6614-415e-a677-4ad194c17198
[HTTP] <-- GET /wd/hub/session/79f732d7-6614-415e-a677-4ad194c17198/element/14dc3ea0-f0bf-4af8-bd2a-b668850f8eae/location 200 28 ms - 87
[HTTP] 
[HTTP] --> POST /wd/hub/session/79f732d7-6614-415e-a677-4ad194c17198/touch/perform
[HTTP] {"actions":[{"action":"tap","options":{"element":"14dc3ea0-f0bf-4af8-bd2a-b668850f8eae","x":1,"y":1}}]}
[UiAutomator2] calling get location: 14dc3ea0-f0bf-4af8-bd2a-b668850f8eae
[HTTP] <-- POST /wd/hub/session/79f732d7-6614-415e-a677-4ad194c17198/touch/perform 200 1059 ms - 76
[HTTP] 
[HTTP] --> GET /wd/hub/session/79f732d7-6614-415e-a677-4ad194c17198/context
[HTTP] {}
[HTTP] <-- GET /wd/hub/session/79f732d7-6614-415e-a677-4ad194c17198/context 200 4 ms - 84
[HTTP] 
[HTTP] --> GET /wd/hub/session/79f732d7-6614-415e-a677-4ad194c17198/contexts
[HTTP] {}
[HTTP] <-- GET /wd/hub/session/79f732d7-6614-415e-a677-4ad194c17198/contexts 200 109 ms - 164
[HTTP] 
[HTTP] --> POST /wd/hub/session/79f732d7-6614-415e-a677-4ad194c17198/context
[HTTP] {"name":"NATIVE_APP"}
[HTTP] <-- POST /wd/hub/session/79f732d7-6614-415e-a677-4ad194c17198/context 200 89 ms - 76
[HTTP] 
[HTTP] --> POST /wd/hub/session/79f732d7-6614-415e-a677-4ad194c17198/touch/perform
[HTTP] {"actions":[{"action":"press","options":{"x":800,"y":1000}},{"action":"wait","options":{"ms":500}},{"action":"moveTo","options":{"x":10,"y":800}}]}
[HTTP] <-- POST /wd/hub/session/79f732d7-6614-415e-a677-4ad194c17198/touch/perform 200 2058 ms - 76
[HTTP] 
[HTTP] --> POST /wd/hub/session/79f732d7-6614-415e-a677-4ad194c17198/context
[HTTP] {"name":"NATIVE_APP"}
[HTTP] <-- POST /wd/hub/session/79f732d7-6614-415e-a677-4ad194c17198/context 200 97 ms - 76
[HTTP] 
[HTTP] --> GET /wd/hub/session/79f732d7-6614-415e-a677-4ad194c17198/window/current/size
[HTTP] {}
[W3C] Driver proxy active, passing request on via HTTP proxy
[JSONWP Proxy] Replacing sessionId 0c834ded-4716-44c7-963b-f2c525d1e3fa with 79f732d7-6614-415e-a677-4ad194c17198
[HTTP] <-- GET /wd/hub/session/79f732d7-6614-415e-a677-4ad194c17198/window/current/size 200 27 ms - 100
[HTTP] 
[HTTP] --> POST /wd/hub/session/79f732d7-6614-415e-a677-4ad194c17198/elements
[HTTP] {"using":"-android uiautomator","value":"new UiSelector().className(\"android.widget.LinearLayout\").instance(4)"}
[HTTP] <-- POST /wd/hub/session/79f732d7-6614-415e-a677-4ad194c17198/elements 200 42 ms - 124
[HTTP] 
[HTTP] --> GET /wd/hub/session/79f732d7-6614-415e-a677-4ad194c17198
[HTTP] {}
[HTTP] <-- GET /wd/hub/session/79f732d7-6614-415e-a677-4ad194c17198 200 15 ms - 1284
[HTTP] 
[HTTP] --> GET /wd/hub/session/79f732d7-6614-415e-a677-4ad194c17198
[HTTP] {}
[HTTP] <-- GET /wd/hub/session/79f732d7-6614-415e-a677-4ad194c17198 200 17 ms - 1284
[HTTP] 
[HTTP] --> GET /wd/hub/session/79f732d7-6614-415e-a677-4ad194c17198
[HTTP] {}
[HTTP] <-- GET /wd/hub/session/79f732d7-6614-415e-a677-4ad194c17198 200 16 ms - 1284
[HTTP] 
[HTTP] --> GET /wd/hub/session/79f732d7-6614-415e-a677-4ad194c17198
[HTTP] {}
[HTTP] <-- GET /wd/hub/session/79f732d7-6614-415e-a677-4ad194c17198 200 23 ms - 1284
[HTTP] 
[HTTP] --> GET /wd/hub/session/79f732d7-6614-415e-a677-4ad194c17198/element/758b7f1f-c271-45d7-a256-36594e53756d/location
[HTTP] {}
[W3C] Driver proxy active, passing request on via HTTP proxy
[JSONWP Proxy] Replacing sessionId 0c834ded-4716-44c7-963b-f2c525d1e3fa with 79f732d7-6614-415e-a677-4ad194c17198
[HTTP] <-- GET /wd/hub/session/79f732d7-6614-415e-a677-4ad194c17198/element/758b7f1f-c271-45d7-a256-36594e53756d/location 200 26 ms - 87
[HTTP] 
[HTTP] --> POST /wd/hub/session/79f732d7-6614-415e-a677-4ad194c17198/touch/perform
[HTTP] {"actions":[{"action":"tap","options":{"element":"758b7f1f-c271-45d7-a256-36594e53756d","x":1,"y":1}}]}
[UiAutomator2] calling get location: 758b7f1f-c271-45d7-a256-36594e53756d
[HTTP] <-- POST /wd/hub/session/79f732d7-6614-415e-a677-4ad194c17198/touch/perform 200 1186 ms - 76
[HTTP] 
[HTTP] --> GET /wd/hub/session/79f732d7-6614-415e-a677-4ad194c17198/context
[HTTP] {}
[HTTP] <-- GET /wd/hub/session/79f732d7-6614-415e-a677-4ad194c17198/context 200 2 ms - 84
[HTTP] 
[HTTP] --> GET /wd/hub/session/79f732d7-6614-415e-a677-4ad194c17198/contexts
[HTTP] {}
[HTTP] <-- GET /wd/hub/session/79f732d7-6614-415e-a677-4ad194c17198/contexts 200 79 ms - 164
[HTTP] 
[HTTP] --> POST /wd/hub/session/79f732d7-6614-415e-a677-4ad194c17198/context
[HTTP] {"name":"NATIVE_APP"}
[HTTP] <-- POST /wd/hub/session/79f732d7-6614-415e-a677-4ad194c17198/context 200 129 ms - 76
[HTTP] 
[HTTP] --> POST /wd/hub/session/79f732d7-6614-415e-a677-4ad194c17198/touch/perform
[HTTP] {"actions":[{"action":"press","options":{"x":800,"y":1000}},{"action":"wait","options":{"ms":500}},{"action":"moveTo","options":{"x":10,"y":800}}]}
[HTTP] <-- POST /wd/hub/session/79f732d7-6614-415e-a677-4ad194c17198/touch/perform 200 2063 ms - 76
[HTTP] 
[HTTP] --> POST /wd/hub/session/79f732d7-6614-415e-a677-4ad194c17198/context
[HTTP] {"name":"NATIVE_APP"}
[HTTP] <-- POST /wd/hub/session/79f732d7-6614-415e-a677-4ad194c17198/context 200 253 ms - 76
[HTTP] 
[HTTP] --> GET /wd/hub/session/79f732d7-6614-415e-a677-4ad194c17198/window/current/size
[HTTP] {}
[W3C] Driver proxy active, passing request on via HTTP proxy
[JSONWP Proxy] Replacing sessionId 0c834ded-4716-44c7-963b-f2c525d1e3fa with 79f732d7-6614-415e-a677-4ad194c17198
[HTTP] <-- GET /wd/hub/session/79f732d7-6614-415e-a677-4ad194c17198/window/current/size 200 42 ms - 100
[HTTP] 
[HTTP] --> POST /wd/hub/session/79f732d7-6614-415e-a677-4ad194c17198/elements
[HTTP] {"using":"-android uiautomator","value":"new UiSelector().className(\"android.widget.LinearLayout\").instance(4)"}
[HTTP] <-- POST /wd/hub/session/79f732d7-6614-415e-a677-4ad194c17198/elements 200 191 ms - 124
[HTTP] 
[HTTP] --> GET /wd/hub/session/79f732d7-6614-415e-a677-4ad194c17198
[HTTP] {}
[HTTP] <-- GET /wd/hub/session/79f732d7-6614-415e-a677-4ad194c17198 200 35 ms - 1167
[HTTP] 
[HTTP] --> GET /wd/hub/session/79f732d7-6614-415e-a677-4ad194c17198
[HTTP] {}
[HTTP] <-- GET /wd/hub/session/79f732d7-6614-415e-a677-4ad194c17198 200 23 ms - 1167
[HTTP] 
[HTTP] --> GET /wd/hub/session/79f732d7-6614-415e-a677-4ad194c17198
[HTTP] {}
[HTTP] <-- GET /wd/hub/session/79f732d7-6614-415e-a677-4ad194c17198 200 58 ms - 1167
[HTTP] 
[HTTP] --> GET /wd/hub/session/79f732d7-6614-415e-a677-4ad194c17198
[HTTP] {}
[HTTP] <-- GET /wd/hub/session/79f732d7-6614-415e-a677-4ad194c17198 200 46 ms - 1167
[HTTP] 
[HTTP] --> GET /wd/hub/session/79f732d7-6614-415e-a677-4ad194c17198/element/67574916-8ca6-4515-98ea-ecd6d2e14718/location
[HTTP] {}
[W3C] Driver proxy active, passing request on via HTTP proxy
[JSONWP Proxy] Replacing sessionId 0c834ded-4716-44c7-963b-f2c525d1e3fa with 79f732d7-6614-415e-a677-4ad194c17198
[HTTP] <-- GET /wd/hub/session/79f732d7-6614-415e-a677-4ad194c17198/element/67574916-8ca6-4515-98ea-ecd6d2e14718/location 200 103 ms - 88
[HTTP] 
[HTTP] --> POST /wd/hub/session/79f732d7-6614-415e-a677-4ad194c17198/touch/perform
[HTTP] {"actions":[{"action":"tap","options":{"element":"67574916-8ca6-4515-98ea-ecd6d2e14718","x":1,"y":1}}]}
[UiAutomator2] calling get location: 67574916-8ca6-4515-98ea-ecd6d2e14718
[HTTP] <-- POST /wd/hub/session/79f732d7-6614-415e-a677-4ad194c17198/touch/perform 200 3295 ms - 76
[HTTP] 
[HTTP] --> GET /wd/hub/session/79f732d7-6614-415e-a677-4ad194c17198/context
[HTTP] {}
[HTTP] <-- GET /wd/hub/session/79f732d7-6614-415e-a677-4ad194c17198/context 200 2 ms - 84
[HTTP] 
[HTTP] --> GET /wd/hub/session/79f732d7-6614-415e-a677-4ad194c17198/contexts
[HTTP] {}
[HTTP] <-- GET /wd/hub/session/79f732d7-6614-415e-a677-4ad194c17198/contexts 200 79 ms - 164
[HTTP] 
[HTTP] --> POST /wd/hub/session/79f732d7-6614-415e-a677-4ad194c17198/context
[HTTP] {"name":"NATIVE_APP"}
[HTTP] <-- POST /wd/hub/session/79f732d7-6614-415e-a677-4ad194c17198/context 200 93 ms - 76
[HTTP] 
[HTTP] --> POST /wd/hub/session/79f732d7-6614-415e-a677-4ad194c17198/touch/perform
[HTTP] {"actions":[{"action":"press","options":{"x":800,"y":1000}},{"action":"wait","options":{"ms":500}},{"action":"moveTo","options":{"x":10,"y":800}}]}
[HTTP] <-- POST /wd/hub/session/79f732d7-6614-415e-a677-4ad194c17198/touch/perform 200 2082 ms - 76
[HTTP] 
[HTTP] --> POST /wd/hub/session/79f732d7-6614-415e-a677-4ad194c17198/context
[HTTP] {"name":"NATIVE_APP"}
[HTTP] <-- POST /wd/hub/session/79f732d7-6614-415e-a677-4ad194c17198/context 200 228 ms - 76
[HTTP] 
[HTTP] --> GET /wd/hub/session/79f732d7-6614-415e-a677-4ad194c17198/window/current/size
[HTTP] {}
[W3C] Driver proxy active, passing request on via HTTP proxy
[JSONWP Proxy] Replacing sessionId 0c834ded-4716-44c7-963b-f2c525d1e3fa with 79f732d7-6614-415e-a677-4ad194c17198
[HTTP] <-- GET /wd/hub/session/79f732d7-6614-415e-a677-4ad194c17198/window/current/size 200 34 ms - 100
[HTTP] 
[HTTP] --> POST /wd/hub/session/79f732d7-6614-415e-a677-4ad194c17198/elements
[HTTP] {"using":"-android uiautomator","value":"new UiSelector().className(\"android.widget.EditText\").text(\"No Handphone\").resourceId(\"id.co.fundtastic.client:id/et_phone\").instance(0)"}
[HTTP] <-- POST /wd/hub/session/79f732d7-6614-415e-a677-4ad194c17198/elements 200 201 ms - 124
[HTTP] 
[HTTP] --> GET /wd/hub/session/79f732d7-6614-415e-a677-4ad194c17198
[HTTP] {}
[HTTP] <-- GET /wd/hub/session/79f732d7-6614-415e-a677-4ad194c17198 200 35 ms - 1167
[HTTP] 
[HTTP] --> GET /wd/hub/session/79f732d7-6614-415e-a677-4ad194c17198
[HTTP] {}
[HTTP] <-- GET /wd/hub/session/79f732d7-6614-415e-a677-4ad194c17198 200 52 ms - 1167
[HTTP] 
[HTTP] --> GET /wd/hub/session/79f732d7-6614-415e-a677-4ad194c17198
[HTTP] {}
[HTTP] <-- GET /wd/hub/session/79f732d7-6614-415e-a677-4ad194c17198 200 45 ms - 1167
[HTTP] 
[HTTP] --> GET /wd/hub/session/79f732d7-6614-415e-a677-4ad194c17198
[HTTP] {}
[HTTP] <-- GET /wd/hub/session/79f732d7-6614-415e-a677-4ad194c17198 200 28 ms - 1167
[HTTP] 
[HTTP] --> GET /wd/hub/session/79f732d7-6614-415e-a677-4ad194c17198/element/91655645-6298-4289-ae59-ef6710f12d99/location
[HTTP] {}
[W3C] Driver proxy active, passing request on via HTTP proxy
[JSONWP Proxy] Replacing sessionId 0c834ded-4716-44c7-963b-f2c525d1e3fa with 79f732d7-6614-415e-a677-4ad194c17198
[HTTP] <-- GET /wd/hub/session/79f732d7-6614-415e-a677-4ad194c17198/element/91655645-6298-4289-ae59-ef6710f12d99/location 200 77 ms - 88
[HTTP] 
[HTTP] --> POST /wd/hub/session/79f732d7-6614-415e-a677-4ad194c17198/element/91655645-6298-4289-ae59-ef6710f12d99/clear
[HTTP] {"id":"91655645-6298-4289-ae59-ef6710f12d99"}
[HTTP] <-- POST /wd/hub/session/79f732d7-6614-415e-a677-4ad194c17198/element/91655645-6298-4289-ae59-ef6710f12d99/clear 200 107 ms - 89
[HTTP] 
[HTTP] --> POST /wd/hub/session/79f732d7-6614-415e-a677-4ad194c17198/element/91655645-6298-4289-ae59-ef6710f12d99/value
[HTTP] {"id":"91655645-6298-4289-ae59-ef6710f12d99","value":["081215161452"]}
[HTTP] <-- POST /wd/hub/session/79f732d7-6614-415e-a677-4ad194c17198/element/91655645-6298-4289-ae59-ef6710f12d99/value 200 1152 ms - 74
[HTTP] 
[HTTP] --> GET /wd/hub/session/79f732d7-6614-415e-a677-4ad194c17198/window/current/size
[HTTP] {}
[W3C] Driver proxy active, passing request on via HTTP proxy
[JSONWP Proxy] Replacing sessionId 0c834ded-4716-44c7-963b-f2c525d1e3fa with 79f732d7-6614-415e-a677-4ad194c17198
[HTTP] <-- GET /wd/hub/session/79f732d7-6614-415e-a677-4ad194c17198/window/current/size 200 28 ms - 100
[HTTP] 
[HTTP] --> POST /wd/hub/session/79f732d7-6614-415e-a677-4ad194c17198/elements
[HTTP] {"using":"-android uiautomator","value":"new UiSelector().className(\"android.widget.Button\").text(\"MASUK\").resourceId(\"id.co.fundtastic.client:id/btnLogin\").instance(0)"}
[HTTP] <-- POST /wd/hub/session/79f732d7-6614-415e-a677-4ad194c17198/elements 200 460 ms - 124
[HTTP] 
[HTTP] --> GET /wd/hub/session/79f732d7-6614-415e-a677-4ad194c17198
[HTTP] {}
[HTTP] <-- GET /wd/hub/session/79f732d7-6614-415e-a677-4ad194c17198 200 14 ms - 1167
[HTTP] 
[HTTP] --> GET /wd/hub/session/79f732d7-6614-415e-a677-4ad194c17198
[HTTP] {}
[HTTP] <-- GET /wd/hub/session/79f732d7-6614-415e-a677-4ad194c17198 200 14 ms - 1167
[HTTP] 
[HTTP] --> GET /wd/hub/session/79f732d7-6614-415e-a677-4ad194c17198
[HTTP] {}
[HTTP] <-- GET /wd/hub/session/79f732d7-6614-415e-a677-4ad194c17198 200 12 ms - 1167
[HTTP] 
[HTTP] --> GET /wd/hub/session/79f732d7-6614-415e-a677-4ad194c17198
[HTTP] {}
[HTTP] <-- GET /wd/hub/session/79f732d7-6614-415e-a677-4ad194c17198 200 15 ms - 1167
[HTTP] 
[HTTP] --> GET /wd/hub/session/79f732d7-6614-415e-a677-4ad194c17198/element/878a5de9-ebad-4263-bf74-a0bc37b51549/location
[HTTP] {}
[W3C] Driver proxy active, passing request on via HTTP proxy
[JSONWP Proxy] Replacing sessionId 0c834ded-4716-44c7-963b-f2c525d1e3fa with 79f732d7-6614-415e-a677-4ad194c17198
[HTTP] <-- GET /wd/hub/session/79f732d7-6614-415e-a677-4ad194c17198/element/878a5de9-ebad-4263-bf74-a0bc37b51549/location 200 18 ms - 88
[HTTP] 
[HTTP] --> POST /wd/hub/session/79f732d7-6614-415e-a677-4ad194c17198/touch/perform
[HTTP] {"actions":[{"action":"tap","options":{"element":"878a5de9-ebad-4263-bf74-a0bc37b51549","x":1,"y":1}}]}
[UiAutomator2] calling get location: 878a5de9-ebad-4263-bf74-a0bc37b51549
[HTTP] <-- POST /wd/hub/session/79f732d7-6614-415e-a677-4ad194c17198/touch/perform 200 837 ms - 76
[HTTP] 
[HTTP] --> GET /wd/hub/session/79f732d7-6614-415e-a677-4ad194c17198/window/current/size
[HTTP] {}
[W3C] Driver proxy active, passing request on via HTTP proxy
[JSONWP Proxy] Replacing sessionId 0c834ded-4716-44c7-963b-f2c525d1e3fa with 79f732d7-6614-415e-a677-4ad194c17198
[HTTP] <-- GET /wd/hub/session/79f732d7-6614-415e-a677-4ad194c17198/window/current/size 200 18 ms - 100
[HTTP] 
[HTTP] --> POST /wd/hub/session/79f732d7-6614-415e-a677-4ad194c17198/elements
[HTTP] {"using":"-android uiautomator","value":"new UiSelector().className(\"android.widget.TextView\").text(\"Verifikasi Nomor HP\").instance(0)"}
[HTTP] <-- POST /wd/hub/session/79f732d7-6614-415e-a677-4ad194c17198/elements 200 29 ms - 124
[HTTP] 
[HTTP] --> GET /wd/hub/session/79f732d7-6614-415e-a677-4ad194c17198
[HTTP] {}
[HTTP] <-- GET /wd/hub/session/79f732d7-6614-415e-a677-4ad194c17198 200 17 ms - 1167
[HTTP] 
[HTTP] --> GET /wd/hub/session/79f732d7-6614-415e-a677-4ad194c17198
[HTTP] {}
[HTTP] <-- GET /wd/hub/session/79f732d7-6614-415e-a677-4ad194c17198 200 12 ms - 1167
[HTTP] 
[HTTP] --> GET /wd/hub/session/79f732d7-6614-415e-a677-4ad194c17198
[HTTP] {}
[HTTP] <-- GET /wd/hub/session/79f732d7-6614-415e-a677-4ad194c17198 200 11 ms - 1167
[HTTP] 
[HTTP] --> GET /wd/hub/session/79f732d7-6614-415e-a677-4ad194c17198
[HTTP] {}
[HTTP] <-- GET /wd/hub/session/79f732d7-6614-415e-a677-4ad194c17198 200 19 ms - 1167
[HTTP] 
[HTTP] --> GET /wd/hub/session/79f732d7-6614-415e-a677-4ad194c17198/element/49f132b6-68d8-4d0b-a1e9-461cd321400e/location
[HTTP] {}
[W3C] Driver proxy active, passing request on via HTTP proxy
[JSONWP Proxy] Replacing sessionId 0c834ded-4716-44c7-963b-f2c525d1e3fa with 79f732d7-6614-415e-a677-4ad194c17198
[HTTP] <-- GET /wd/hub/session/79f732d7-6614-415e-a677-4ad194c17198/element/49f132b6-68d8-4d0b-a1e9-461cd321400e/location 200 19 ms - 89
[HTTP] 
[HTTP] --> GET /wd/hub/session/79f732d7-6614-415e-a677-4ad194c17198/element/49f132b6-68d8-4d0b-a1e9-461cd321400e/text
[HTTP] {}
[W3C] Driver proxy active, passing request on via HTTP proxy
[JSONWP Proxy] Replacing sessionId 0c834ded-4716-44c7-963b-f2c525d1e3fa with 79f732d7-6614-415e-a677-4ad194c17198
[HTTP] <-- GET /wd/hub/session/79f732d7-6614-415e-a677-4ad194c17198/element/49f132b6-68d8-4d0b-a1e9-461cd321400e/text 200 21 ms - 93
[HTTP] 
[HTTP] --> GET /wd/hub/session/79f732d7-6614-415e-a677-4ad194c17198/window/current/size
[HTTP] {}
[W3C] Driver proxy active, passing request on via HTTP proxy
[JSONWP Proxy] Replacing sessionId 0c834ded-4716-44c7-963b-f2c525d1e3fa with 79f732d7-6614-415e-a677-4ad194c17198
[HTTP] <-- GET /wd/hub/session/79f732d7-6614-415e-a677-4ad194c17198/window/current/size 200 15 ms - 100
[HTTP] 
[HTTP] --> POST /wd/hub/session/79f732d7-6614-415e-a677-4ad194c17198/elements
[HTTP] {"using":"-android uiautomator","value":"new UiSelector().className(\"android.widget.EditText\").resourceId(\"id.co.fundtastic.client:id/et_otp\").instance(0)"}
[HTTP] <-- POST /wd/hub/session/79f732d7-6614-415e-a677-4ad194c17198/elements 200 171 ms - 124
[HTTP] 
[HTTP] --> GET /wd/hub/session/79f732d7-6614-415e-a677-4ad194c17198
[HTTP] {}
[HTTP] <-- GET /wd/hub/session/79f732d7-6614-415e-a677-4ad194c17198 200 14 ms - 1167
[HTTP] 
[HTTP] --> GET /wd/hub/session/79f732d7-6614-415e-a677-4ad194c17198
[HTTP] {}
[HTTP] <-- GET /wd/hub/session/79f732d7-6614-415e-a677-4ad194c17198 200 20 ms - 1167
[HTTP] 
[HTTP] --> GET /wd/hub/session/79f732d7-6614-415e-a677-4ad194c17198
[HTTP] {}
[HTTP] <-- GET /wd/hub/session/79f732d7-6614-415e-a677-4ad194c17198 200 29 ms - 1167
[HTTP] 
[HTTP] --> GET /wd/hub/session/79f732d7-6614-415e-a677-4ad194c17198
[HTTP] {}
[HTTP] <-- GET /wd/hub/session/79f732d7-6614-415e-a677-4ad194c17198 200 17 ms - 1167
[HTTP] 
[HTTP] --> GET /wd/hub/session/79f732d7-6614-415e-a677-4ad194c17198/element/8ea7598d-d9a5-48bb-8bd0-0cbdacd81446/location
[HTTP] {}
[W3C] Driver proxy active, passing request on via HTTP proxy
[JSONWP Proxy] Replacing sessionId 0c834ded-4716-44c7-963b-f2c525d1e3fa with 79f732d7-6614-415e-a677-4ad194c17198
[HTTP] <-- GET /wd/hub/session/79f732d7-6614-415e-a677-4ad194c17198/element/8ea7598d-d9a5-48bb-8bd0-0cbdacd81446/location 200 32 ms - 89
[HTTP] 
[HTTP] --> POST /wd/hub/session/79f732d7-6614-415e-a677-4ad194c17198/touch/perform
[HTTP] {"actions":[{"action":"tap","options":{"element":"8ea7598d-d9a5-48bb-8bd0-0cbdacd81446","x":1,"y":1}}]}
[UiAutomator2] calling get location: 8ea7598d-d9a5-48bb-8bd0-0cbdacd81446
[HTTP] <-- POST /wd/hub/session/79f732d7-6614-415e-a677-4ad194c17198/touch/perform 200 838 ms - 76
[HTTP] 
[HTTP] --> GET /wd/hub/session/79f732d7-6614-415e-a677-4ad194c17198/window/current/size
[HTTP] {}
[W3C] Driver proxy active, passing request on via HTTP proxy
[JSONWP Proxy] Replacing sessionId 0c834ded-4716-44c7-963b-f2c525d1e3fa with 79f732d7-6614-415e-a677-4ad194c17198
[HTTP] <-- GET /wd/hub/session/79f732d7-6614-415e-a677-4ad194c17198/window/current/size 200 14 ms - 100
[HTTP] 
[HTTP] --> POST /wd/hub/session/79f732d7-6614-415e-a677-4ad194c17198/elements
[HTTP] {"using":"-android uiautomator","value":"new UiSelector().className(\"android.widget.EditText\").resourceId(\"id.co.fundtastic.client:id/et_otp\").instance(0)"}
[HTTP] <-- POST /wd/hub/session/79f732d7-6614-415e-a677-4ad194c17198/elements 200 42 ms - 124
[HTTP] 
[HTTP] --> GET /wd/hub/session/79f732d7-6614-415e-a677-4ad194c17198
[HTTP] {}
[HTTP] <-- GET /wd/hub/session/79f732d7-6614-415e-a677-4ad194c17198 200 16 ms - 1167
[HTTP] 
[HTTP] --> GET /wd/hub/session/79f732d7-6614-415e-a677-4ad194c17198
[HTTP] {}
[HTTP] <-- GET /wd/hub/session/79f732d7-6614-415e-a677-4ad194c17198 200 13 ms - 1167
[HTTP] 
[HTTP] --> GET /wd/hub/session/79f732d7-6614-415e-a677-4ad194c17198
[HTTP] {}
[HTTP] <-- GET /wd/hub/session/79f732d7-6614-415e-a677-4ad194c17198 200 24 ms - 1167
[HTTP] 
[HTTP] --> GET /wd/hub/session/79f732d7-6614-415e-a677-4ad194c17198
[HTTP] {}
[HTTP] <-- GET /wd/hub/session/79f732d7-6614-415e-a677-4ad194c17198 200 14 ms - 1167
[HTTP] 
[HTTP] --> GET /wd/hub/session/79f732d7-6614-415e-a677-4ad194c17198/element/61d24681-f7f1-44d0-874f-3e0e524212e3/location
[HTTP] {}
[W3C] Driver proxy active, passing request on via HTTP proxy
[JSONWP Proxy] Replacing sessionId 0c834ded-4716-44c7-963b-f2c525d1e3fa with 79f732d7-6614-415e-a677-4ad194c17198
[HTTP] <-- GET /wd/hub/session/79f732d7-6614-415e-a677-4ad194c17198/element/61d24681-f7f1-44d0-874f-3e0e524212e3/location 200 36 ms - 89
[HTTP] 
[HTTP] --> POST /wd/hub/session/79f732d7-6614-415e-a677-4ad194c17198/element/61d24681-f7f1-44d0-874f-3e0e524212e3/clear
[HTTP] {"id":"61d24681-f7f1-44d0-874f-3e0e524212e3"}
[HTTP] <-- POST /wd/hub/session/79f732d7-6614-415e-a677-4ad194c17198/element/61d24681-f7f1-44d0-874f-3e0e524212e3/clear 200 32 ms - 89
[HTTP] 
[HTTP] --> POST /wd/hub/session/79f732d7-6614-415e-a677-4ad194c17198/element/61d24681-f7f1-44d0-874f-3e0e524212e3/value
[HTTP] {"id":"61d24681-f7f1-44d0-874f-3e0e524212e3","value":["8888"]}
[HTTP] <-- POST /wd/hub/session/79f732d7-6614-415e-a677-4ad194c17198/element/61d24681-f7f1-44d0-874f-3e0e524212e3/value 200 808 ms - 74
[HTTP] 
[HTTP] --> GET /wd/hub/session/79f732d7-6614-415e-a677-4ad194c17198/window/current/size
[HTTP] {}
[W3C] Driver proxy active, passing request on via HTTP proxy
[JSONWP Proxy] Replacing sessionId 0c834ded-4716-44c7-963b-f2c525d1e3fa with 79f732d7-6614-415e-a677-4ad194c17198
[HTTP] <-- GET /wd/hub/session/79f732d7-6614-415e-a677-4ad194c17198/window/current/size 200 51 ms - 100
[HTTP] 
[HTTP] --> POST /wd/hub/session/79f732d7-6614-415e-a677-4ad194c17198/elements
[HTTP] {"using":"-android uiautomator","value":"new UiSelector().className(\"android.widget.Button\").text(\"Verifikasi Sekarang\").resourceId(\"id.co.fundtastic.client:id/btnVerified\").instance(0)"}
[HTTP] <-- POST /wd/hub/session/79f732d7-6614-415e-a677-4ad194c17198/elements 200 880 ms - 124
[HTTP] 
[HTTP] --> GET /wd/hub/session/79f732d7-6614-415e-a677-4ad194c17198
[HTTP] {}
[HTTP] <-- GET /wd/hub/session/79f732d7-6614-415e-a677-4ad194c17198 200 14 ms - 1167
[HTTP] 
[HTTP] --> GET /wd/hub/session/79f732d7-6614-415e-a677-4ad194c17198
[HTTP] {}
[HTTP] <-- GET /wd/hub/session/79f732d7-6614-415e-a677-4ad194c17198 200 16 ms - 1167
[HTTP] 
[HTTP] --> GET /wd/hub/session/79f732d7-6614-415e-a677-4ad194c17198
[HTTP] {}
[HTTP] <-- GET /wd/hub/session/79f732d7-6614-415e-a677-4ad194c17198 200 17 ms - 1167
[HTTP] 
[HTTP] --> GET /wd/hub/session/79f732d7-6614-415e-a677-4ad194c17198
[HTTP] {}
[HTTP] <-- GET /wd/hub/session/79f732d7-6614-415e-a677-4ad194c17198 200 17 ms - 1167
[HTTP] 
[HTTP] --> GET /wd/hub/session/79f732d7-6614-415e-a677-4ad194c17198/element/8fbe581e-5e18-42e7-bdd6-70468eb3a218/location
[HTTP] {}
[W3C] Driver proxy active, passing request on via HTTP proxy
[JSONWP Proxy] Replacing sessionId 0c834ded-4716-44c7-963b-f2c525d1e3fa with 79f732d7-6614-415e-a677-4ad194c17198
[HTTP] <-- GET /wd/hub/session/79f732d7-6614-415e-a677-4ad194c17198/element/8fbe581e-5e18-42e7-bdd6-70468eb3a218/location 200 20 ms - 88
[HTTP] 
[HTTP] --> POST /wd/hub/session/79f732d7-6614-415e-a677-4ad194c17198/touch/perform
[HTTP] {"actions":[{"action":"tap","options":{"element":"8fbe581e-5e18-42e7-bdd6-70468eb3a218","x":1,"y":1}}]}
[UiAutomator2] calling get location: 8fbe581e-5e18-42e7-bdd6-70468eb3a218
[HTTP] <-- POST /wd/hub/session/79f732d7-6614-415e-a677-4ad194c17198/touch/perform 200 879 ms - 76
[HTTP] 
[HTTP] --> GET /wd/hub/session/79f732d7-6614-415e-a677-4ad194c17198/window/current/size
[HTTP] {}
[W3C] Driver proxy active, passing request on via HTTP proxy
[JSONWP Proxy] Replacing sessionId 0c834ded-4716-44c7-963b-f2c525d1e3fa with 79f732d7-6614-415e-a677-4ad194c17198
[HTTP] <-- GET /wd/hub/session/79f732d7-6614-415e-a677-4ad194c17198/window/current/size 200 19 ms - 100
[HTTP] 
[HTTP] --> POST /wd/hub/session/79f732d7-6614-415e-a677-4ad194c17198/elements
[HTTP] {"using":"-android uiautomator","value":"new UiSelector().className(\"android.widget.ImageView\").instance(9)"}
[HTTP] <-- POST /wd/hub/session/79f732d7-6614-415e-a677-4ad194c17198/elements 200 44 ms - 124
[HTTP] 
[HTTP] --> GET /wd/hub/session/79f732d7-6614-415e-a677-4ad194c17198
[HTTP] {}
[HTTP] <-- GET /wd/hub/session/79f732d7-6614-415e-a677-4ad194c17198 200 15 ms - 1167
[HTTP] 
[HTTP] --> GET /wd/hub/session/79f732d7-6614-415e-a677-4ad194c17198
[HTTP] {}
[HTTP] <-- GET /wd/hub/session/79f732d7-6614-415e-a677-4ad194c17198 200 22 ms - 1167
[HTTP] 
[HTTP] --> GET /wd/hub/session/79f732d7-6614-415e-a677-4ad194c17198
[HTTP] {}
[HTTP] <-- GET /wd/hub/session/79f732d7-6614-415e-a677-4ad194c17198 200 16 ms - 1167
[HTTP] 
[HTTP] --> GET /wd/hub/session/79f732d7-6614-415e-a677-4ad194c17198
[HTTP] {}
[HTTP] <-- GET /wd/hub/session/79f732d7-6614-415e-a677-4ad194c17198 200 12 ms - 1167
[HTTP] 
[HTTP] --> GET /wd/hub/session/79f732d7-6614-415e-a677-4ad194c17198/element/fef80c08-2c07-4c28-9fc7-56bddbbb09d1/location
[HTTP] {}
[W3C] Driver proxy active, passing request on via HTTP proxy
[JSONWP Proxy] Replacing sessionId 0c834ded-4716-44c7-963b-f2c525d1e3fa with 79f732d7-6614-415e-a677-4ad194c17198
[HTTP] <-- GET /wd/hub/session/79f732d7-6614-415e-a677-4ad194c17198/element/fef80c08-2c07-4c28-9fc7-56bddbbb09d1/location 200 25 ms - 90
[HTTP] 
[HTTP] --> POST /wd/hub/session/79f732d7-6614-415e-a677-4ad194c17198/touch/perform
[HTTP] {"actions":[{"action":"tap","options":{"element":"fef80c08-2c07-4c28-9fc7-56bddbbb09d1","x":1,"y":1}}]}
[UiAutomator2] calling get location: fef80c08-2c07-4c28-9fc7-56bddbbb09d1
[HTTP] <-- POST /wd/hub/session/79f732d7-6614-415e-a677-4ad194c17198/touch/perform 200 3168 ms - 76
[HTTP] 
[HTTP] --> GET /wd/hub/session/79f732d7-6614-415e-a677-4ad194c17198/context
[HTTP] {}
[HTTP] <-- GET /wd/hub/session/79f732d7-6614-415e-a677-4ad194c17198/context 200 4 ms - 84
[HTTP] 
[HTTP] --> GET /wd/hub/session/79f732d7-6614-415e-a677-4ad194c17198/contexts
[HTTP] {}
[HTTP] <-- GET /wd/hub/session/79f732d7-6614-415e-a677-4ad194c17198/contexts 200 120 ms - 164
[HTTP] 
[HTTP] --> POST /wd/hub/session/79f732d7-6614-415e-a677-4ad194c17198/context
[HTTP] {"name":"NATIVE_APP"}
[HTTP] <-- POST /wd/hub/session/79f732d7-6614-415e-a677-4ad194c17198/context 200 108 ms - 76
[HTTP] 
[HTTP] --> POST /wd/hub/session/79f732d7-6614-415e-a677-4ad194c17198/touch/perform
[HTTP] {"actions":[{"action":"press","options":{"x":586,"y":1176}},{"action":"wait","options":{"ms":500}},{"action":"moveTo","options":{"x":582,"y":543}}]}
[HTTP] <-- POST /wd/hub/session/79f732d7-6614-415e-a677-4ad194c17198/touch/perform 200 2068 ms - 76
[HTTP] 
[HTTP] --> POST /wd/hub/session/79f732d7-6614-415e-a677-4ad194c17198/context
[HTTP] {"name":"NATIVE_APP"}
[HTTP] <-- POST /wd/hub/session/79f732d7-6614-415e-a677-4ad194c17198/context 200 93 ms - 76
[HTTP] 
[HTTP] --> DELETE /wd/hub/session/79f732d7-6614-415e-a677-4ad194c17198
[HTTP] {}
[Appium] Removing session 79f732d7-6614-415e-a677-4ad194c17198 from our master session list
[ADB] id.co.fundtastic.client was successfully uninstalled
[HTTP] <-- DELETE /wd/hub/session/79f732d7-6614-415e-a677-4ad194c17198 200 1453 ms - 76
[HTTP] 
