[Appium] Welcome to Appium v1.8.1
[Appium] Non-default server args:
[Appium]   port: 50286
[Appium]   loglevel: info
[Appium]   chromeDriverPort: 50287
[Appium]   tmpDir: /var/folders/ts/p6rxgpw53_d96xw60slkng7m0000gn/T//Katalon/Appium/Temp1562829885267
[Appium] Appium REST http interface listener started on 0.0.0.0:50286
[HTTP] --> GET /wd/hub/status
[HTTP] {}
[HTTP] <-- GET /wd/hub/status 200 25 ms - 83
[HTTP] 
[HTTP] --> POST /wd/hub/session
[HTTP] {"desiredCapabilities":{"app":"/Users/ustore/Downloads/Development.apk","autoGrantPermissions":true,"automationName":"uiautomator2","deviceName":"emulator-5554 (Android SDK built for x86 - Android 9)","fullReset":true,"newCommandTimeout":1800,"noReset":false,"platform":"ANDROID","platformName":"Android","udid":"emulator-5554"},"capabilities":{"desiredCapabilities":{"app":"/Users/ustore/Downloads/Development.apk","autoGrantPermissions":true,"automationName":"uiautomator2","deviceName":"emulator-5554 (Android SDK built for x86 - Android 9)","fullReset":true,"newCommandTimeout":1800,"noReset":false,"platform":"ANDROID","platformName":"Android","udid":"emulator-5554"},"firstMatch":[{"platformName":"android"}]}}
[Appium] Could not parse W3C capabilities: 'deviceName' can't be blank. Falling back to JSONWP protocol.
[Appium] The following capabilities were provided in the JSONWP desired capabilities that are missing in W3C capabilities: ["app","autoGrantPermissions","automationName","deviceName","fullReset","newCommandTimeout","noReset","platform","platformName","udid"]. Falling back to JSONWP protocol.
[Appium] Creating new AndroidUiautomator2Driver (v1.12.0) session
[Appium] Capabilities:
[Appium]   app: /Users/ustore/Downloads/Development.apk
[Appium]   autoGrantPermissions: true
[Appium]   automationName: uiautomator2
[Appium]   deviceName: emulator-5554 (Android SDK built for x86 - Android 9)
[Appium]   fullReset: true
[Appium]   newCommandTimeout: 1800
[Appium]   noReset: false
[Appium]   platform: ANDROID
[Appium]   platformName: Android
[Appium]   udid: emulator-5554
[BaseDriver] The following capabilities were provided, but are not recognized by appium: platform.
[BaseDriver] Session created with session id: e52dbdd9-f9ca-46f1-b20e-86810114ab21
[BaseDriver] Using local app '/Users/ustore/Downloads/Development.apk'
[AndroidDriver] Java version is: 1.8.0_181
[ADB] Checking whether adb is present
[ADB] Found 1 'build-tools' folders under '/Users/ustore/.katalon/tools/android_sdk' (newest first):
[ADB]     /Users/ustore/.katalon/tools/android_sdk/build-tools/28.0.3
[ADB] Using adb from /Users/ustore/.katalon/tools/android_sdk/platform-tools/adb
[AndroidDriver] Retrieving device list
[AndroidDriver] Using device: emulator-5554
[ADB] Using the alternative activity name detection method because of: Could not find apkanalyzer in /Users/ustore/.katalon/tools/android_sdk/platform-tools/apkanalyzer,/Users/ustore/.katalon/tools/android_sdk/emulator/apkanalyzer,/Users/ustore/.katalon/tools/android_sdk/tools/apkanalyzer,/Users/ustore/.katalon/tools/android_sdk/tools/bin/apkanalyzer,/Users/ustore/.katalon/tools/android_sdk/build-tools/28.0.3/apkanalyzer. Do you have the Android SDK installed at '/Users/ustore/.katalon/tools/android_sdk'?
[ADB] Checking whether aapt is present
[ADB] Using aapt from /Users/ustore/.katalon/tools/android_sdk/build-tools/28.0.3/aapt
[ADB] Extracting package and launch activity from manifest
[ADB] Package name: 'id.co.fundtastic.client'
[ADB] Main activity name: 'id.co.fundtastic.client.splash.presentation.SplashActivity'
[ADB] Getting device platform version
[ADB] Using apksigner from /Users/ustore/.katalon/tools/android_sdk/build-tools/28.0.3/apksigner
[ADB] Cannot read version codes of '/usr/local/lib/node_modules/appium/node_modules/appium-uiautomator2-server/apks/appium-uiautomator2-server-debug-androidTest.apk' and/or 'io.appium.uiautomator2.server.test'
[ADB] Cannot read version names of '/usr/local/lib/node_modules/appium/node_modules/appium-uiautomator2-server/apks/appium-uiautomator2-server-debug-androidTest.apk' and/or 'io.appium.uiautomator2.server.test'. Assuming correct app version is already installed
[AndroidDriver] setDeviceLanguageCountry requires language or country.
[AndroidDriver] Got language: 'null' and country: 'null'
[ADB] Successfully extracted 194 strings from '/Users/ustore/Downloads/Development.apk' resources for '(default)' configuration
[ADB] id.co.fundtastic.client was successfully uninstalled
[UiAutomator2] Starting uiautomator2 server 1.12.0
[UiAutomator2] Using UIAutomator2 server from '/usr/local/lib/node_modules/appium/node_modules/appium-uiautomator2-server/apks/appium-uiautomator2-server-v1.12.0.apk' and test from '/usr/local/lib/node_modules/appium/node_modules/appium-uiautomator2-server/apks/appium-uiautomator2-server-debug-androidTest.apk'
[UiAutomator2] Running command: 'adb -s emulator-5554 shell am instrument -w io.appium.uiautomator2.server.test/android.support.test.runner.AndroidJUnitRunner'
[UiAutomator2] Waiting up to 20000ms for UiAutomator2 to be online...
[AndroidDriver] Screen already unlocked, doing nothing
[UiAutomator2] UiAutomator2 did not start the activity we were waiting for, 'id.co.fundtastic.client/id.co.fundtastic.client.splash.presentation.SplashActivity'. Starting it ourselves
[Appium] New AndroidUiautomator2Driver session created successfully, session e52dbdd9-f9ca-46f1-b20e-86810114ab21 added to master session list
[HTTP] <-- POST /wd/hub/session 200 14833 ms - 1167
[HTTP] 
[HTTP] --> GET /wd/hub/status
[HTTP] {}
[HTTP] <-- GET /wd/hub/status 200 34 ms - 55
[HTTP] 
[HTTP] --> POST /wd/hub/session/e52dbdd9-f9ca-46f1-b20e-86810114ab21/timeouts
[HTTP] {"type":"implicit","ms":30000}
[HTTP] <-- POST /wd/hub/session/e52dbdd9-f9ca-46f1-b20e-86810114ab21/timeouts 400 47 ms - 4196
[HTTP] 
[HTTP] --> GET /wd/hub/session/e52dbdd9-f9ca-46f1-b20e-86810114ab21/window/current/size
[HTTP] {}
[W3C] Driver proxy active, passing request on via HTTP proxy
[JSONWP Proxy] Replacing sessionId 1210e912-774b-4870-99d3-c8a2bd470e5b with e52dbdd9-f9ca-46f1-b20e-86810114ab21
[HTTP] <-- GET /wd/hub/session/e52dbdd9-f9ca-46f1-b20e-86810114ab21/window/current/size 200 94 ms - 100
[HTTP] 
[HTTP] --> POST /wd/hub/session/e52dbdd9-f9ca-46f1-b20e-86810114ab21/elements
[HTTP] {"using":"-android uiautomator","value":"new UiSelector().className(\"android.widget.TextView\").text(\"Mulailah berinvestasi untuk meraih mimpimu\").instance(0)"}
[HTTP] <-- POST /wd/hub/session/e52dbdd9-f9ca-46f1-b20e-86810114ab21/elements 200 45 ms - 74
[HTTP] 
[HTTP] --> POST /wd/hub/session/e52dbdd9-f9ca-46f1-b20e-86810114ab21/elements
[HTTP] {"using":"-android uiautomator","value":"new UiSelector().className(\"android.widget.TextView\").text(\"Mulailah berinvestasi untuk meraih mimpimu\").instance(0)"}
[HTTP] <-- POST /wd/hub/session/e52dbdd9-f9ca-46f1-b20e-86810114ab21/elements 200 47 ms - 74
[HTTP] 
[HTTP] --> POST /wd/hub/session/e52dbdd9-f9ca-46f1-b20e-86810114ab21/elements
[HTTP] {"using":"-android uiautomator","value":"new UiSelector().className(\"android.widget.TextView\").text(\"Mulailah berinvestasi untuk meraih mimpimu\").instance(0)"}
[HTTP] <-- POST /wd/hub/session/e52dbdd9-f9ca-46f1-b20e-86810114ab21/elements 200 40 ms - 74
[HTTP] 
[HTTP] --> POST /wd/hub/session/e52dbdd9-f9ca-46f1-b20e-86810114ab21/elements
[HTTP] {"using":"-android uiautomator","value":"new UiSelector().className(\"android.widget.TextView\").text(\"Mulailah berinvestasi untuk meraih mimpimu\").instance(0)"}
[HTTP] <-- POST /wd/hub/session/e52dbdd9-f9ca-46f1-b20e-86810114ab21/elements 200 33 ms - 74
[HTTP] 
[HTTP] --> POST /wd/hub/session/e52dbdd9-f9ca-46f1-b20e-86810114ab21/elements
[HTTP] {"using":"-android uiautomator","value":"new UiSelector().className(\"android.widget.TextView\").text(\"Mulailah berinvestasi untuk meraih mimpimu\").instance(0)"}
[HTTP] <-- POST /wd/hub/session/e52dbdd9-f9ca-46f1-b20e-86810114ab21/elements 200 65 ms - 74
[HTTP] 
[HTTP] --> POST /wd/hub/session/e52dbdd9-f9ca-46f1-b20e-86810114ab21/elements
[HTTP] {"using":"-android uiautomator","value":"new UiSelector().className(\"android.widget.TextView\").text(\"Mulailah berinvestasi untuk meraih mimpimu\").instance(0)"}
[HTTP] <-- POST /wd/hub/session/e52dbdd9-f9ca-46f1-b20e-86810114ab21/elements 200 34 ms - 74
[HTTP] 
[HTTP] --> POST /wd/hub/session/e52dbdd9-f9ca-46f1-b20e-86810114ab21/elements
[HTTP] {"using":"-android uiautomator","value":"new UiSelector().className(\"android.widget.TextView\").text(\"Mulailah berinvestasi untuk meraih mimpimu\").instance(0)"}
[HTTP] <-- POST /wd/hub/session/e52dbdd9-f9ca-46f1-b20e-86810114ab21/elements 200 46 ms - 74
[HTTP] 
[HTTP] --> POST /wd/hub/session/e52dbdd9-f9ca-46f1-b20e-86810114ab21/elements
[HTTP] {"using":"-android uiautomator","value":"new UiSelector().className(\"android.widget.TextView\").text(\"Mulailah berinvestasi untuk meraih mimpimu\").instance(0)"}
[HTTP] <-- POST /wd/hub/session/e52dbdd9-f9ca-46f1-b20e-86810114ab21/elements 200 39 ms - 74
[HTTP] 
[HTTP] --> POST /wd/hub/session/e52dbdd9-f9ca-46f1-b20e-86810114ab21/elements
[HTTP] {"using":"-android uiautomator","value":"new UiSelector().className(\"android.widget.TextView\").text(\"Mulailah berinvestasi untuk meraih mimpimu\").instance(0)"}
[HTTP] <-- POST /wd/hub/session/e52dbdd9-f9ca-46f1-b20e-86810114ab21/elements 200 54 ms - 74
[HTTP] 
[HTTP] --> POST /wd/hub/session/e52dbdd9-f9ca-46f1-b20e-86810114ab21/elements
[HTTP] {"using":"-android uiautomator","value":"new UiSelector().className(\"android.widget.TextView\").text(\"Mulailah berinvestasi untuk meraih mimpimu\").instance(0)"}
[HTTP] <-- POST /wd/hub/session/e52dbdd9-f9ca-46f1-b20e-86810114ab21/elements 200 56 ms - 74
[HTTP] 
[HTTP] --> POST /wd/hub/session/e52dbdd9-f9ca-46f1-b20e-86810114ab21/elements
[HTTP] {"using":"-android uiautomator","value":"new UiSelector().className(\"android.widget.TextView\").text(\"Mulailah berinvestasi untuk meraih mimpimu\").instance(0)"}
[HTTP] <-- POST /wd/hub/session/e52dbdd9-f9ca-46f1-b20e-86810114ab21/elements 200 41 ms - 74
[HTTP] 
[HTTP] --> POST /wd/hub/session/e52dbdd9-f9ca-46f1-b20e-86810114ab21/elements
[HTTP] {"using":"-android uiautomator","value":"new UiSelector().className(\"android.widget.TextView\").text(\"Mulailah berinvestasi untuk meraih mimpimu\").instance(0)"}
[HTTP] <-- POST /wd/hub/session/e52dbdd9-f9ca-46f1-b20e-86810114ab21/elements 200 36 ms - 74
[HTTP] 
[HTTP] --> POST /wd/hub/session/e52dbdd9-f9ca-46f1-b20e-86810114ab21/elements
[HTTP] {"using":"-android uiautomator","value":"new UiSelector().className(\"android.widget.TextView\").text(\"Mulailah berinvestasi untuk meraih mimpimu\").instance(0)"}
[HTTP] <-- POST /wd/hub/session/e52dbdd9-f9ca-46f1-b20e-86810114ab21/elements 200 43 ms - 74
[HTTP] 
[HTTP] --> POST /wd/hub/session/e52dbdd9-f9ca-46f1-b20e-86810114ab21/elements
[HTTP] {"using":"-android uiautomator","value":"new UiSelector().className(\"android.widget.TextView\").text(\"Mulailah berinvestasi untuk meraih mimpimu\").instance(0)"}
[HTTP] <-- POST /wd/hub/session/e52dbdd9-f9ca-46f1-b20e-86810114ab21/elements 200 91 ms - 74
[HTTP] 
[HTTP] --> POST /wd/hub/session/e52dbdd9-f9ca-46f1-b20e-86810114ab21/elements
[HTTP] {"using":"-android uiautomator","value":"new UiSelector().className(\"android.widget.TextView\").text(\"Mulailah berinvestasi untuk meraih mimpimu\").instance(0)"}
[HTTP] <-- POST /wd/hub/session/e52dbdd9-f9ca-46f1-b20e-86810114ab21/elements 200 407 ms - 74
[HTTP] 
[HTTP] --> POST /wd/hub/session/e52dbdd9-f9ca-46f1-b20e-86810114ab21/elements
[HTTP] {"using":"-android uiautomator","value":"new UiSelector().className(\"android.widget.TextView\").text(\"Mulailah berinvestasi untuk meraih mimpimu\").instance(0)"}
[HTTP] <-- POST /wd/hub/session/e52dbdd9-f9ca-46f1-b20e-86810114ab21/elements 200 602 ms - 74
[HTTP] 
[HTTP] --> POST /wd/hub/session/e52dbdd9-f9ca-46f1-b20e-86810114ab21/elements
[HTTP] {"using":"-android uiautomator","value":"new UiSelector().className(\"android.widget.TextView\").text(\"Mulailah berinvestasi untuk meraih mimpimu\").instance(0)"}
[HTTP] <-- POST /wd/hub/session/e52dbdd9-f9ca-46f1-b20e-86810114ab21/elements 200 3378 ms - 124
[HTTP] 
[HTTP] --> GET /wd/hub/session/e52dbdd9-f9ca-46f1-b20e-86810114ab21
[HTTP] {}
[HTTP] <-- GET /wd/hub/session/e52dbdd9-f9ca-46f1-b20e-86810114ab21 200 17 ms - 1167
[HTTP] 
[HTTP] --> GET /wd/hub/session/e52dbdd9-f9ca-46f1-b20e-86810114ab21
[HTTP] {}
[HTTP] <-- GET /wd/hub/session/e52dbdd9-f9ca-46f1-b20e-86810114ab21 200 34 ms - 1167
[HTTP] 
[HTTP] --> GET /wd/hub/session/e52dbdd9-f9ca-46f1-b20e-86810114ab21
[HTTP] {}
[HTTP] <-- GET /wd/hub/session/e52dbdd9-f9ca-46f1-b20e-86810114ab21 200 17 ms - 1167
[HTTP] 
[HTTP] --> GET /wd/hub/session/e52dbdd9-f9ca-46f1-b20e-86810114ab21
[HTTP] {}
[HTTP] <-- GET /wd/hub/session/e52dbdd9-f9ca-46f1-b20e-86810114ab21 200 13 ms - 1167
[HTTP] 
[HTTP] --> GET /wd/hub/session/e52dbdd9-f9ca-46f1-b20e-86810114ab21/element/e56b881f-c4a6-469a-bdfe-45e1a49d5348/location
[HTTP] {}
[W3C] Driver proxy active, passing request on via HTTP proxy
[JSONWP Proxy] Replacing sessionId 1210e912-774b-4870-99d3-c8a2bd470e5b with e52dbdd9-f9ca-46f1-b20e-86810114ab21
[HTTP] <-- GET /wd/hub/session/e52dbdd9-f9ca-46f1-b20e-86810114ab21/element/e56b881f-c4a6-469a-bdfe-45e1a49d5348/location 200 62 ms - 88
[HTTP] 
[HTTP] --> GET /wd/hub/session/e52dbdd9-f9ca-46f1-b20e-86810114ab21/element/e56b881f-c4a6-469a-bdfe-45e1a49d5348/text
[HTTP] {}
[W3C] Driver proxy active, passing request on via HTTP proxy
[JSONWP Proxy] Replacing sessionId 1210e912-774b-4870-99d3-c8a2bd470e5b with e52dbdd9-f9ca-46f1-b20e-86810114ab21
[HTTP] <-- GET /wd/hub/session/e52dbdd9-f9ca-46f1-b20e-86810114ab21/element/e56b881f-c4a6-469a-bdfe-45e1a49d5348/text 200 81 ms - 116
[HTTP] 
[HTTP] --> GET /wd/hub/session/e52dbdd9-f9ca-46f1-b20e-86810114ab21/window/current/size
[HTTP] {}
[W3C] Driver proxy active, passing request on via HTTP proxy
[JSONWP Proxy] Replacing sessionId 1210e912-774b-4870-99d3-c8a2bd470e5b with e52dbdd9-f9ca-46f1-b20e-86810114ab21
[HTTP] <-- GET /wd/hub/session/e52dbdd9-f9ca-46f1-b20e-86810114ab21/window/current/size 200 25 ms - 100
[HTTP] 
[HTTP] --> POST /wd/hub/session/e52dbdd9-f9ca-46f1-b20e-86810114ab21/elements
[HTTP] {"using":"-android uiautomator","value":"new UiSelector().className(\"android.widget.ImageView\").resourceId(\"id.co.fundtastic.client:id/checklist\").instance(6)"}
[HTTP] <-- POST /wd/hub/session/e52dbdd9-f9ca-46f1-b20e-86810114ab21/elements 200 110 ms - 124
[HTTP] 
[HTTP] --> GET /wd/hub/session/e52dbdd9-f9ca-46f1-b20e-86810114ab21
[HTTP] {}
[HTTP] <-- GET /wd/hub/session/e52dbdd9-f9ca-46f1-b20e-86810114ab21 200 26 ms - 1167
[HTTP] 
[HTTP] --> GET /wd/hub/session/e52dbdd9-f9ca-46f1-b20e-86810114ab21
[HTTP] {}
[HTTP] <-- GET /wd/hub/session/e52dbdd9-f9ca-46f1-b20e-86810114ab21 200 24 ms - 1167
[HTTP] 
[HTTP] --> GET /wd/hub/session/e52dbdd9-f9ca-46f1-b20e-86810114ab21
[HTTP] {}
[HTTP] <-- GET /wd/hub/session/e52dbdd9-f9ca-46f1-b20e-86810114ab21 200 27 ms - 1167
[HTTP] 
[HTTP] --> GET /wd/hub/session/e52dbdd9-f9ca-46f1-b20e-86810114ab21
[HTTP] {}
[HTTP] <-- GET /wd/hub/session/e52dbdd9-f9ca-46f1-b20e-86810114ab21 200 16 ms - 1167
[HTTP] 
[HTTP] --> GET /wd/hub/session/e52dbdd9-f9ca-46f1-b20e-86810114ab21/element/6f6627fe-8cdb-427e-b2c3-810f89d3ffbd/location
[HTTP] {}
[W3C] Driver proxy active, passing request on via HTTP proxy
[JSONWP Proxy] Replacing sessionId 1210e912-774b-4870-99d3-c8a2bd470e5b with e52dbdd9-f9ca-46f1-b20e-86810114ab21
[HTTP] <-- GET /wd/hub/session/e52dbdd9-f9ca-46f1-b20e-86810114ab21/element/6f6627fe-8cdb-427e-b2c3-810f89d3ffbd/location 200 36 ms - 90
[HTTP] 
[HTTP] --> POST /wd/hub/session/e52dbdd9-f9ca-46f1-b20e-86810114ab21/touch/perform
[HTTP] {"actions":[{"action":"tap","options":{"element":"6f6627fe-8cdb-427e-b2c3-810f89d3ffbd","x":1,"y":1}}]}
[UiAutomator2] calling get location: 6f6627fe-8cdb-427e-b2c3-810f89d3ffbd
[HTTP] <-- POST /wd/hub/session/e52dbdd9-f9ca-46f1-b20e-86810114ab21/touch/perform 200 803 ms - 76
[HTTP] 
[HTTP] --> GET /wd/hub/session/e52dbdd9-f9ca-46f1-b20e-86810114ab21/window/current/size
[HTTP] {}
[W3C] Driver proxy active, passing request on via HTTP proxy
[JSONWP Proxy] Replacing sessionId 1210e912-774b-4870-99d3-c8a2bd470e5b with e52dbdd9-f9ca-46f1-b20e-86810114ab21
[HTTP] <-- GET /wd/hub/session/e52dbdd9-f9ca-46f1-b20e-86810114ab21/window/current/size 200 18 ms - 100
[HTTP] 
[HTTP] --> POST /wd/hub/session/e52dbdd9-f9ca-46f1-b20e-86810114ab21/elements
[HTTP] {"using":"-android uiautomator","value":"new UiSelector().className(\"android.widget.LinearLayout\").instance(4)"}
[HTTP] <-- POST /wd/hub/session/e52dbdd9-f9ca-46f1-b20e-86810114ab21/elements 200 58 ms - 124
[HTTP] 
[HTTP] --> GET /wd/hub/session/e52dbdd9-f9ca-46f1-b20e-86810114ab21
[HTTP] {}
[HTTP] <-- GET /wd/hub/session/e52dbdd9-f9ca-46f1-b20e-86810114ab21 200 19 ms - 1167
[HTTP] 
[HTTP] --> GET /wd/hub/session/e52dbdd9-f9ca-46f1-b20e-86810114ab21
[HTTP] {}
[HTTP] <-- GET /wd/hub/session/e52dbdd9-f9ca-46f1-b20e-86810114ab21 200 15 ms - 1167
[HTTP] 
[HTTP] --> GET /wd/hub/session/e52dbdd9-f9ca-46f1-b20e-86810114ab21
[HTTP] {}
[HTTP] <-- GET /wd/hub/session/e52dbdd9-f9ca-46f1-b20e-86810114ab21 200 18 ms - 1167
[HTTP] 
[HTTP] --> GET /wd/hub/session/e52dbdd9-f9ca-46f1-b20e-86810114ab21
[HTTP] {}
[HTTP] <-- GET /wd/hub/session/e52dbdd9-f9ca-46f1-b20e-86810114ab21 200 24 ms - 1167
[HTTP] 
[HTTP] --> GET /wd/hub/session/e52dbdd9-f9ca-46f1-b20e-86810114ab21/element/35c67abc-cbc9-4fdc-a7c2-517fd5cf36de/location
[HTTP] {}
[W3C] Driver proxy active, passing request on via HTTP proxy
[JSONWP Proxy] Replacing sessionId 1210e912-774b-4870-99d3-c8a2bd470e5b with e52dbdd9-f9ca-46f1-b20e-86810114ab21
[HTTP] <-- GET /wd/hub/session/e52dbdd9-f9ca-46f1-b20e-86810114ab21/element/35c67abc-cbc9-4fdc-a7c2-517fd5cf36de/location 200 27 ms - 87
[HTTP] 
[HTTP] --> POST /wd/hub/session/e52dbdd9-f9ca-46f1-b20e-86810114ab21/touch/perform
[HTTP] {"actions":[{"action":"tap","options":{"element":"35c67abc-cbc9-4fdc-a7c2-517fd5cf36de","x":1,"y":1}}]}
[UiAutomator2] calling get location: 35c67abc-cbc9-4fdc-a7c2-517fd5cf36de
[HTTP] <-- POST /wd/hub/session/e52dbdd9-f9ca-46f1-b20e-86810114ab21/touch/perform 200 798 ms - 76
[HTTP] 
[HTTP] --> GET /wd/hub/session/e52dbdd9-f9ca-46f1-b20e-86810114ab21/context
[HTTP] {}
[HTTP] <-- GET /wd/hub/session/e52dbdd9-f9ca-46f1-b20e-86810114ab21/context 200 5 ms - 84
[HTTP] 
[HTTP] --> GET /wd/hub/session/e52dbdd9-f9ca-46f1-b20e-86810114ab21/contexts
[HTTP] {}
[HTTP] <-- GET /wd/hub/session/e52dbdd9-f9ca-46f1-b20e-86810114ab21/contexts 200 279 ms - 164
[HTTP] 
[HTTP] --> POST /wd/hub/session/e52dbdd9-f9ca-46f1-b20e-86810114ab21/context
[HTTP] {"name":"NATIVE_APP"}
[HTTP] <-- POST /wd/hub/session/e52dbdd9-f9ca-46f1-b20e-86810114ab21/context 200 123 ms - 76
[HTTP] 
[HTTP] --> POST /wd/hub/session/e52dbdd9-f9ca-46f1-b20e-86810114ab21/touch/perform
[HTTP] {"actions":[{"action":"press","options":{"x":800,"y":1000}},{"action":"wait","options":{"ms":500}},{"action":"moveTo","options":{"x":10,"y":800}}]}
[HTTP] <-- POST /wd/hub/session/e52dbdd9-f9ca-46f1-b20e-86810114ab21/touch/perform 200 2072 ms - 76
[HTTP] 
[HTTP] --> POST /wd/hub/session/e52dbdd9-f9ca-46f1-b20e-86810114ab21/context
[HTTP] {"name":"NATIVE_APP"}
[HTTP] <-- POST /wd/hub/session/e52dbdd9-f9ca-46f1-b20e-86810114ab21/context 200 117 ms - 76
[HTTP] 
[HTTP] --> GET /wd/hub/session/e52dbdd9-f9ca-46f1-b20e-86810114ab21/window/current/size
[HTTP] {}
[W3C] Driver proxy active, passing request on via HTTP proxy
[JSONWP Proxy] Replacing sessionId 1210e912-774b-4870-99d3-c8a2bd470e5b with e52dbdd9-f9ca-46f1-b20e-86810114ab21
[HTTP] <-- GET /wd/hub/session/e52dbdd9-f9ca-46f1-b20e-86810114ab21/window/current/size 200 17 ms - 100
[HTTP] 
[HTTP] --> POST /wd/hub/session/e52dbdd9-f9ca-46f1-b20e-86810114ab21/elements
[HTTP] {"using":"-android uiautomator","value":"new UiSelector().className(\"android.widget.LinearLayout\").instance(4)"}
[HTTP] <-- POST /wd/hub/session/e52dbdd9-f9ca-46f1-b20e-86810114ab21/elements 200 44 ms - 124
[HTTP] 
[HTTP] --> GET /wd/hub/session/e52dbdd9-f9ca-46f1-b20e-86810114ab21
[HTTP] {}
[HTTP] <-- GET /wd/hub/session/e52dbdd9-f9ca-46f1-b20e-86810114ab21 200 22 ms - 1284
[HTTP] 
[HTTP] --> GET /wd/hub/session/e52dbdd9-f9ca-46f1-b20e-86810114ab21
[HTTP] {}
[HTTP] <-- GET /wd/hub/session/e52dbdd9-f9ca-46f1-b20e-86810114ab21 200 17 ms - 1284
[HTTP] 
[HTTP] --> GET /wd/hub/session/e52dbdd9-f9ca-46f1-b20e-86810114ab21
[HTTP] {}
[HTTP] <-- GET /wd/hub/session/e52dbdd9-f9ca-46f1-b20e-86810114ab21 200 14 ms - 1284
[HTTP] 
[HTTP] --> GET /wd/hub/session/e52dbdd9-f9ca-46f1-b20e-86810114ab21
[HTTP] {}
[HTTP] <-- GET /wd/hub/session/e52dbdd9-f9ca-46f1-b20e-86810114ab21 200 17 ms - 1284
[HTTP] 
[HTTP] --> GET /wd/hub/session/e52dbdd9-f9ca-46f1-b20e-86810114ab21/element/4458f459-e337-45e4-bf8d-f71afb2d6e63/location
[HTTP] {}
[W3C] Driver proxy active, passing request on via HTTP proxy
[JSONWP Proxy] Replacing sessionId 1210e912-774b-4870-99d3-c8a2bd470e5b with e52dbdd9-f9ca-46f1-b20e-86810114ab21
[HTTP] <-- GET /wd/hub/session/e52dbdd9-f9ca-46f1-b20e-86810114ab21/element/4458f459-e337-45e4-bf8d-f71afb2d6e63/location 200 29 ms - 87
[HTTP] 
[HTTP] --> POST /wd/hub/session/e52dbdd9-f9ca-46f1-b20e-86810114ab21/touch/perform
[HTTP] {"actions":[{"action":"tap","options":{"element":"4458f459-e337-45e4-bf8d-f71afb2d6e63","x":1,"y":1}}]}
[UiAutomator2] calling get location: 4458f459-e337-45e4-bf8d-f71afb2d6e63
[HTTP] <-- POST /wd/hub/session/e52dbdd9-f9ca-46f1-b20e-86810114ab21/touch/perform 200 1096 ms - 76
[HTTP] 
[HTTP] --> GET /wd/hub/session/e52dbdd9-f9ca-46f1-b20e-86810114ab21/context
[HTTP] {}
[HTTP] <-- GET /wd/hub/session/e52dbdd9-f9ca-46f1-b20e-86810114ab21/context 200 5 ms - 84
[HTTP] 
[HTTP] --> GET /wd/hub/session/e52dbdd9-f9ca-46f1-b20e-86810114ab21/contexts
[HTTP] {}
[HTTP] <-- GET /wd/hub/session/e52dbdd9-f9ca-46f1-b20e-86810114ab21/contexts 200 102 ms - 164
[HTTP] 
[HTTP] --> POST /wd/hub/session/e52dbdd9-f9ca-46f1-b20e-86810114ab21/context
[HTTP] {"name":"NATIVE_APP"}
[HTTP] <-- POST /wd/hub/session/e52dbdd9-f9ca-46f1-b20e-86810114ab21/context 200 107 ms - 76
[HTTP] 
[HTTP] --> POST /wd/hub/session/e52dbdd9-f9ca-46f1-b20e-86810114ab21/touch/perform
[HTTP] {"actions":[{"action":"press","options":{"x":800,"y":1000}},{"action":"wait","options":{"ms":500}},{"action":"moveTo","options":{"x":10,"y":800}}]}
[HTTP] <-- POST /wd/hub/session/e52dbdd9-f9ca-46f1-b20e-86810114ab21/touch/perform 200 2075 ms - 76
[HTTP] 
[HTTP] --> POST /wd/hub/session/e52dbdd9-f9ca-46f1-b20e-86810114ab21/context
[HTTP] {"name":"NATIVE_APP"}
[HTTP] <-- POST /wd/hub/session/e52dbdd9-f9ca-46f1-b20e-86810114ab21/context 200 92 ms - 76
[HTTP] 
[HTTP] --> GET /wd/hub/session/e52dbdd9-f9ca-46f1-b20e-86810114ab21/window/current/size
[HTTP] {}
[W3C] Driver proxy active, passing request on via HTTP proxy
[JSONWP Proxy] Replacing sessionId 1210e912-774b-4870-99d3-c8a2bd470e5b with e52dbdd9-f9ca-46f1-b20e-86810114ab21
[HTTP] <-- GET /wd/hub/session/e52dbdd9-f9ca-46f1-b20e-86810114ab21/window/current/size 200 26 ms - 100
[HTTP] 
[HTTP] --> POST /wd/hub/session/e52dbdd9-f9ca-46f1-b20e-86810114ab21/elements
[HTTP] {"using":"-android uiautomator","value":"new UiSelector().className(\"android.widget.LinearLayout\").instance(4)"}
[HTTP] <-- POST /wd/hub/session/e52dbdd9-f9ca-46f1-b20e-86810114ab21/elements 200 48 ms - 124
[HTTP] 
[HTTP] --> GET /wd/hub/session/e52dbdd9-f9ca-46f1-b20e-86810114ab21
[HTTP] {}
[HTTP] <-- GET /wd/hub/session/e52dbdd9-f9ca-46f1-b20e-86810114ab21 200 13 ms - 1284
[HTTP] 
[HTTP] --> GET /wd/hub/session/e52dbdd9-f9ca-46f1-b20e-86810114ab21
[HTTP] {}
[HTTP] <-- GET /wd/hub/session/e52dbdd9-f9ca-46f1-b20e-86810114ab21 200 14 ms - 1284
[HTTP] 
[HTTP] --> GET /wd/hub/session/e52dbdd9-f9ca-46f1-b20e-86810114ab21
[HTTP] {}
[HTTP] <-- GET /wd/hub/session/e52dbdd9-f9ca-46f1-b20e-86810114ab21 200 23 ms - 1284
[HTTP] 
[HTTP] --> GET /wd/hub/session/e52dbdd9-f9ca-46f1-b20e-86810114ab21
[HTTP] {}
[HTTP] <-- GET /wd/hub/session/e52dbdd9-f9ca-46f1-b20e-86810114ab21 200 18 ms - 1284
[HTTP] 
[HTTP] --> GET /wd/hub/session/e52dbdd9-f9ca-46f1-b20e-86810114ab21/element/5d47ae25-474e-45f6-bb27-6ce3e4da895c/location
[HTTP] {}
[W3C] Driver proxy active, passing request on via HTTP proxy
[JSONWP Proxy] Replacing sessionId 1210e912-774b-4870-99d3-c8a2bd470e5b with e52dbdd9-f9ca-46f1-b20e-86810114ab21
[HTTP] <-- GET /wd/hub/session/e52dbdd9-f9ca-46f1-b20e-86810114ab21/element/5d47ae25-474e-45f6-bb27-6ce3e4da895c/location 200 31 ms - 87
[HTTP] 
[HTTP] --> POST /wd/hub/session/e52dbdd9-f9ca-46f1-b20e-86810114ab21/touch/perform
[HTTP] {"actions":[{"action":"tap","options":{"element":"5d47ae25-474e-45f6-bb27-6ce3e4da895c","x":1,"y":1}}]}
[UiAutomator2] calling get location: 5d47ae25-474e-45f6-bb27-6ce3e4da895c
[HTTP] <-- POST /wd/hub/session/e52dbdd9-f9ca-46f1-b20e-86810114ab21/touch/perform 200 1175 ms - 76
[HTTP] 
[HTTP] --> GET /wd/hub/session/e52dbdd9-f9ca-46f1-b20e-86810114ab21/context
[HTTP] {}
[HTTP] <-- GET /wd/hub/session/e52dbdd9-f9ca-46f1-b20e-86810114ab21/context 200 2 ms - 84
[HTTP] 
[HTTP] --> GET /wd/hub/session/e52dbdd9-f9ca-46f1-b20e-86810114ab21/contexts
[HTTP] {}
[HTTP] <-- GET /wd/hub/session/e52dbdd9-f9ca-46f1-b20e-86810114ab21/contexts 200 126 ms - 164
[HTTP] 
[HTTP] --> POST /wd/hub/session/e52dbdd9-f9ca-46f1-b20e-86810114ab21/context
[HTTP] {"name":"NATIVE_APP"}
[HTTP] <-- POST /wd/hub/session/e52dbdd9-f9ca-46f1-b20e-86810114ab21/context 200 103 ms - 76
[HTTP] 
[HTTP] --> POST /wd/hub/session/e52dbdd9-f9ca-46f1-b20e-86810114ab21/touch/perform
[HTTP] {"actions":[{"action":"press","options":{"x":800,"y":1000}},{"action":"wait","options":{"ms":500}},{"action":"moveTo","options":{"x":10,"y":800}}]}
[HTTP] <-- POST /wd/hub/session/e52dbdd9-f9ca-46f1-b20e-86810114ab21/touch/perform 200 2052 ms - 76
[HTTP] 
[HTTP] --> POST /wd/hub/session/e52dbdd9-f9ca-46f1-b20e-86810114ab21/context
[HTTP] {"name":"NATIVE_APP"}
[HTTP] <-- POST /wd/hub/session/e52dbdd9-f9ca-46f1-b20e-86810114ab21/context 200 271 ms - 76
[HTTP] 
[HTTP] --> GET /wd/hub/session/e52dbdd9-f9ca-46f1-b20e-86810114ab21/window/current/size
[HTTP] {}
[W3C] Driver proxy active, passing request on via HTTP proxy
[JSONWP Proxy] Replacing sessionId 1210e912-774b-4870-99d3-c8a2bd470e5b with e52dbdd9-f9ca-46f1-b20e-86810114ab21
[HTTP] <-- GET /wd/hub/session/e52dbdd9-f9ca-46f1-b20e-86810114ab21/window/current/size 200 59 ms - 100
[HTTP] 
[HTTP] --> POST /wd/hub/session/e52dbdd9-f9ca-46f1-b20e-86810114ab21/elements
[HTTP] {"using":"-android uiautomator","value":"new UiSelector().className(\"android.widget.LinearLayout\").instance(4)"}
[HTTP] <-- POST /wd/hub/session/e52dbdd9-f9ca-46f1-b20e-86810114ab21/elements 200 173 ms - 124
[HTTP] 
[HTTP] --> GET /wd/hub/session/e52dbdd9-f9ca-46f1-b20e-86810114ab21
[HTTP] {}
[HTTP] <-- GET /wd/hub/session/e52dbdd9-f9ca-46f1-b20e-86810114ab21 200 54 ms - 1167
[HTTP] 
[HTTP] --> GET /wd/hub/session/e52dbdd9-f9ca-46f1-b20e-86810114ab21
[HTTP] {}
[HTTP] <-- GET /wd/hub/session/e52dbdd9-f9ca-46f1-b20e-86810114ab21 200 49 ms - 1167
[HTTP] 
[HTTP] --> GET /wd/hub/session/e52dbdd9-f9ca-46f1-b20e-86810114ab21
[HTTP] {}
[HTTP] <-- GET /wd/hub/session/e52dbdd9-f9ca-46f1-b20e-86810114ab21 200 44 ms - 1167
[HTTP] 
[HTTP] --> GET /wd/hub/session/e52dbdd9-f9ca-46f1-b20e-86810114ab21
[HTTP] {}
[HTTP] <-- GET /wd/hub/session/e52dbdd9-f9ca-46f1-b20e-86810114ab21 200 55 ms - 1167
[HTTP] 
[HTTP] --> GET /wd/hub/session/e52dbdd9-f9ca-46f1-b20e-86810114ab21/element/8a4e254f-9b68-467e-a1d1-382b19cc788a/location
[HTTP] {}
[W3C] Driver proxy active, passing request on via HTTP proxy
[JSONWP Proxy] Replacing sessionId 1210e912-774b-4870-99d3-c8a2bd470e5b with e52dbdd9-f9ca-46f1-b20e-86810114ab21
[HTTP] <-- GET /wd/hub/session/e52dbdd9-f9ca-46f1-b20e-86810114ab21/element/8a4e254f-9b68-467e-a1d1-382b19cc788a/location 200 83 ms - 88
[HTTP] 
[HTTP] --> POST /wd/hub/session/e52dbdd9-f9ca-46f1-b20e-86810114ab21/touch/perform
[HTTP] {"actions":[{"action":"tap","options":{"element":"8a4e254f-9b68-467e-a1d1-382b19cc788a","x":1,"y":1}}]}
[UiAutomator2] calling get location: 8a4e254f-9b68-467e-a1d1-382b19cc788a
[HTTP] <-- POST /wd/hub/session/e52dbdd9-f9ca-46f1-b20e-86810114ab21/touch/perform 200 3299 ms - 76
[HTTP] 
[HTTP] --> GET /wd/hub/session/e52dbdd9-f9ca-46f1-b20e-86810114ab21/context
[HTTP] {}
[HTTP] <-- GET /wd/hub/session/e52dbdd9-f9ca-46f1-b20e-86810114ab21/context 200 2 ms - 84
[HTTP] 
[HTTP] --> GET /wd/hub/session/e52dbdd9-f9ca-46f1-b20e-86810114ab21/contexts
[HTTP] {}
[HTTP] <-- GET /wd/hub/session/e52dbdd9-f9ca-46f1-b20e-86810114ab21/contexts 200 85 ms - 164
[HTTP] 
[HTTP] --> POST /wd/hub/session/e52dbdd9-f9ca-46f1-b20e-86810114ab21/context
[HTTP] {"name":"NATIVE_APP"}
[HTTP] <-- POST /wd/hub/session/e52dbdd9-f9ca-46f1-b20e-86810114ab21/context 200 77 ms - 76
[HTTP] 
[HTTP] --> POST /wd/hub/session/e52dbdd9-f9ca-46f1-b20e-86810114ab21/touch/perform
[HTTP] {"actions":[{"action":"press","options":{"x":800,"y":1000}},{"action":"wait","options":{"ms":500}},{"action":"moveTo","options":{"x":10,"y":800}}]}
[HTTP] <-- POST /wd/hub/session/e52dbdd9-f9ca-46f1-b20e-86810114ab21/touch/perform 200 2086 ms - 76
[HTTP] 
[HTTP] --> POST /wd/hub/session/e52dbdd9-f9ca-46f1-b20e-86810114ab21/context
[HTTP] {"name":"NATIVE_APP"}
[HTTP] <-- POST /wd/hub/session/e52dbdd9-f9ca-46f1-b20e-86810114ab21/context 200 169 ms - 76
[HTTP] 
[HTTP] --> GET /wd/hub/session/e52dbdd9-f9ca-46f1-b20e-86810114ab21/window/current/size
[HTTP] {}
[W3C] Driver proxy active, passing request on via HTTP proxy
[JSONWP Proxy] Replacing sessionId 1210e912-774b-4870-99d3-c8a2bd470e5b with e52dbdd9-f9ca-46f1-b20e-86810114ab21
[HTTP] <-- GET /wd/hub/session/e52dbdd9-f9ca-46f1-b20e-86810114ab21/window/current/size 200 73 ms - 100
[HTTP] 
[HTTP] --> POST /wd/hub/session/e52dbdd9-f9ca-46f1-b20e-86810114ab21/elements
[HTTP] {"using":"-android uiautomator","value":"new UiSelector().className(\"android.widget.EditText\").text(\"No Handphone\").resourceId(\"id.co.fundtastic.client:id/et_phone\").instance(0)"}
[HTTP] <-- POST /wd/hub/session/e52dbdd9-f9ca-46f1-b20e-86810114ab21/elements 200 251 ms - 124
[HTTP] 
[HTTP] --> GET /wd/hub/session/e52dbdd9-f9ca-46f1-b20e-86810114ab21
[HTTP] {}
[HTTP] <-- GET /wd/hub/session/e52dbdd9-f9ca-46f1-b20e-86810114ab21 200 29 ms - 1167
[HTTP] 
[HTTP] --> GET /wd/hub/session/e52dbdd9-f9ca-46f1-b20e-86810114ab21
[HTTP] {}
[HTTP] <-- GET /wd/hub/session/e52dbdd9-f9ca-46f1-b20e-86810114ab21 200 27 ms - 1167
[HTTP] 
[HTTP] --> GET /wd/hub/session/e52dbdd9-f9ca-46f1-b20e-86810114ab21
[HTTP] {}
[HTTP] <-- GET /wd/hub/session/e52dbdd9-f9ca-46f1-b20e-86810114ab21 200 57 ms - 1167
[HTTP] 
[HTTP] --> GET /wd/hub/session/e52dbdd9-f9ca-46f1-b20e-86810114ab21
[HTTP] {}
[HTTP] <-- GET /wd/hub/session/e52dbdd9-f9ca-46f1-b20e-86810114ab21 200 61 ms - 1167
[HTTP] 
[HTTP] --> GET /wd/hub/session/e52dbdd9-f9ca-46f1-b20e-86810114ab21/element/a25859e4-b00d-4da6-bf0f-7c12eaf24cd7/location
[HTTP] {}
[W3C] Driver proxy active, passing request on via HTTP proxy
[JSONWP Proxy] Replacing sessionId 1210e912-774b-4870-99d3-c8a2bd470e5b with e52dbdd9-f9ca-46f1-b20e-86810114ab21
[HTTP] <-- GET /wd/hub/session/e52dbdd9-f9ca-46f1-b20e-86810114ab21/element/a25859e4-b00d-4da6-bf0f-7c12eaf24cd7/location 200 93 ms - 88
[HTTP] 
[HTTP] --> POST /wd/hub/session/e52dbdd9-f9ca-46f1-b20e-86810114ab21/element/a25859e4-b00d-4da6-bf0f-7c12eaf24cd7/clear
[HTTP] {"id":"a25859e4-b00d-4da6-bf0f-7c12eaf24cd7"}
[HTTP] <-- POST /wd/hub/session/e52dbdd9-f9ca-46f1-b20e-86810114ab21/element/a25859e4-b00d-4da6-bf0f-7c12eaf24cd7/clear 200 107 ms - 89
[HTTP] 
[HTTP] --> POST /wd/hub/session/e52dbdd9-f9ca-46f1-b20e-86810114ab21/element/a25859e4-b00d-4da6-bf0f-7c12eaf24cd7/value
[HTTP] {"id":"a25859e4-b00d-4da6-bf0f-7c12eaf24cd7","value":["081215161452"]}
[HTTP] <-- POST /wd/hub/session/e52dbdd9-f9ca-46f1-b20e-86810114ab21/element/a25859e4-b00d-4da6-bf0f-7c12eaf24cd7/value 200 1115 ms - 74
[HTTP] 
[HTTP] --> GET /wd/hub/session/e52dbdd9-f9ca-46f1-b20e-86810114ab21/window/current/size
[HTTP] {}
[W3C] Driver proxy active, passing request on via HTTP proxy
[JSONWP Proxy] Replacing sessionId 1210e912-774b-4870-99d3-c8a2bd470e5b with e52dbdd9-f9ca-46f1-b20e-86810114ab21
[HTTP] <-- GET /wd/hub/session/e52dbdd9-f9ca-46f1-b20e-86810114ab21/window/current/size 200 28 ms - 100
[HTTP] 
[HTTP] --> POST /wd/hub/session/e52dbdd9-f9ca-46f1-b20e-86810114ab21/elements
[HTTP] {"using":"-android uiautomator","value":"new UiSelector().className(\"android.widget.Button\").text(\"MASUK\").resourceId(\"id.co.fundtastic.client:id/btnLogin\").instance(0)"}
[HTTP] <-- POST /wd/hub/session/e52dbdd9-f9ca-46f1-b20e-86810114ab21/elements 200 475 ms - 124
[HTTP] 
[HTTP] --> GET /wd/hub/session/e52dbdd9-f9ca-46f1-b20e-86810114ab21
[HTTP] {}
[HTTP] <-- GET /wd/hub/session/e52dbdd9-f9ca-46f1-b20e-86810114ab21 200 15 ms - 1167
[HTTP] 
[HTTP] --> GET /wd/hub/session/e52dbdd9-f9ca-46f1-b20e-86810114ab21
[HTTP] {}
[HTTP] <-- GET /wd/hub/session/e52dbdd9-f9ca-46f1-b20e-86810114ab21 200 16 ms - 1167
[HTTP] 
[HTTP] --> GET /wd/hub/session/e52dbdd9-f9ca-46f1-b20e-86810114ab21
[HTTP] {}
[HTTP] <-- GET /wd/hub/session/e52dbdd9-f9ca-46f1-b20e-86810114ab21 200 12 ms - 1167
[HTTP] 
[HTTP] --> GET /wd/hub/session/e52dbdd9-f9ca-46f1-b20e-86810114ab21
[HTTP] {}
[HTTP] <-- GET /wd/hub/session/e52dbdd9-f9ca-46f1-b20e-86810114ab21 200 18 ms - 1167
[HTTP] 
[HTTP] --> GET /wd/hub/session/e52dbdd9-f9ca-46f1-b20e-86810114ab21/element/0d97f3fd-17f7-49bd-bb9a-bf6e1eff2630/location
[HTTP] {}
[W3C] Driver proxy active, passing request on via HTTP proxy
[JSONWP Proxy] Replacing sessionId 1210e912-774b-4870-99d3-c8a2bd470e5b with e52dbdd9-f9ca-46f1-b20e-86810114ab21
[HTTP] <-- GET /wd/hub/session/e52dbdd9-f9ca-46f1-b20e-86810114ab21/element/0d97f3fd-17f7-49bd-bb9a-bf6e1eff2630/location 200 25 ms - 88
[HTTP] 
[HTTP] --> POST /wd/hub/session/e52dbdd9-f9ca-46f1-b20e-86810114ab21/touch/perform
[HTTP] {"actions":[{"action":"tap","options":{"element":"0d97f3fd-17f7-49bd-bb9a-bf6e1eff2630","x":1,"y":1}}]}
[UiAutomator2] calling get location: 0d97f3fd-17f7-49bd-bb9a-bf6e1eff2630
[HTTP] <-- POST /wd/hub/session/e52dbdd9-f9ca-46f1-b20e-86810114ab21/touch/perform 200 834 ms - 76
[HTTP] 
[HTTP] --> GET /wd/hub/session/e52dbdd9-f9ca-46f1-b20e-86810114ab21/window/current/size
[HTTP] {}
[W3C] Driver proxy active, passing request on via HTTP proxy
[JSONWP Proxy] Replacing sessionId 1210e912-774b-4870-99d3-c8a2bd470e5b with e52dbdd9-f9ca-46f1-b20e-86810114ab21
[HTTP] <-- GET /wd/hub/session/e52dbdd9-f9ca-46f1-b20e-86810114ab21/window/current/size 200 19 ms - 100
[HTTP] 
[HTTP] --> POST /wd/hub/session/e52dbdd9-f9ca-46f1-b20e-86810114ab21/elements
[HTTP] {"using":"-android uiautomator","value":"new UiSelector().className(\"android.widget.TextView\").text(\"Verifikasi Nomor HP\").instance(0)"}
[HTTP] <-- POST /wd/hub/session/e52dbdd9-f9ca-46f1-b20e-86810114ab21/elements 200 35 ms - 124
[HTTP] 
[HTTP] --> GET /wd/hub/session/e52dbdd9-f9ca-46f1-b20e-86810114ab21
[HTTP] {}
[HTTP] <-- GET /wd/hub/session/e52dbdd9-f9ca-46f1-b20e-86810114ab21 200 16 ms - 1167
[HTTP] 
[HTTP] --> GET /wd/hub/session/e52dbdd9-f9ca-46f1-b20e-86810114ab21
[HTTP] {}
[HTTP] <-- GET /wd/hub/session/e52dbdd9-f9ca-46f1-b20e-86810114ab21 200 13 ms - 1167
[HTTP] 
[HTTP] --> GET /wd/hub/session/e52dbdd9-f9ca-46f1-b20e-86810114ab21
[HTTP] {}
[HTTP] <-- GET /wd/hub/session/e52dbdd9-f9ca-46f1-b20e-86810114ab21 200 16 ms - 1167
[HTTP] 
[HTTP] --> GET /wd/hub/session/e52dbdd9-f9ca-46f1-b20e-86810114ab21
[HTTP] {}
[HTTP] <-- GET /wd/hub/session/e52dbdd9-f9ca-46f1-b20e-86810114ab21 200 11 ms - 1167
[HTTP] 
[HTTP] --> GET /wd/hub/session/e52dbdd9-f9ca-46f1-b20e-86810114ab21/element/0cde2d3b-78e8-4b57-bbc4-323abf62b7f0/location
[HTTP] {}
[W3C] Driver proxy active, passing request on via HTTP proxy
[JSONWP Proxy] Replacing sessionId 1210e912-774b-4870-99d3-c8a2bd470e5b with e52dbdd9-f9ca-46f1-b20e-86810114ab21
[HTTP] <-- GET /wd/hub/session/e52dbdd9-f9ca-46f1-b20e-86810114ab21/element/0cde2d3b-78e8-4b57-bbc4-323abf62b7f0/location 200 20 ms - 89
[HTTP] 
[HTTP] --> GET /wd/hub/session/e52dbdd9-f9ca-46f1-b20e-86810114ab21/element/0cde2d3b-78e8-4b57-bbc4-323abf62b7f0/text
[HTTP] {}
[W3C] Driver proxy active, passing request on via HTTP proxy
[JSONWP Proxy] Replacing sessionId 1210e912-774b-4870-99d3-c8a2bd470e5b with e52dbdd9-f9ca-46f1-b20e-86810114ab21
[HTTP] <-- GET /wd/hub/session/e52dbdd9-f9ca-46f1-b20e-86810114ab21/element/0cde2d3b-78e8-4b57-bbc4-323abf62b7f0/text 200 26 ms - 93
[HTTP] 
[HTTP] --> GET /wd/hub/session/e52dbdd9-f9ca-46f1-b20e-86810114ab21/window/current/size
[HTTP] {}
[W3C] Driver proxy active, passing request on via HTTP proxy
[JSONWP Proxy] Replacing sessionId 1210e912-774b-4870-99d3-c8a2bd470e5b with e52dbdd9-f9ca-46f1-b20e-86810114ab21
[HTTP] <-- GET /wd/hub/session/e52dbdd9-f9ca-46f1-b20e-86810114ab21/window/current/size 200 13 ms - 100
[HTTP] 
[HTTP] --> POST /wd/hub/session/e52dbdd9-f9ca-46f1-b20e-86810114ab21/elements
[HTTP] {"using":"-android uiautomator","value":"new UiSelector().className(\"android.widget.EditText\").resourceId(\"id.co.fundtastic.client:id/et_otp\").instance(0)"}
[HTTP] <-- POST /wd/hub/session/e52dbdd9-f9ca-46f1-b20e-86810114ab21/elements 200 288 ms - 124
[HTTP] 
[HTTP] --> GET /wd/hub/session/e52dbdd9-f9ca-46f1-b20e-86810114ab21
[HTTP] {}
[HTTP] <-- GET /wd/hub/session/e52dbdd9-f9ca-46f1-b20e-86810114ab21 200 15 ms - 1167
[HTTP] 
[HTTP] --> GET /wd/hub/session/e52dbdd9-f9ca-46f1-b20e-86810114ab21
[HTTP] {}
[HTTP] <-- GET /wd/hub/session/e52dbdd9-f9ca-46f1-b20e-86810114ab21 200 17 ms - 1167
[HTTP] 
[HTTP] --> GET /wd/hub/session/e52dbdd9-f9ca-46f1-b20e-86810114ab21
[HTTP] {}
[HTTP] <-- GET /wd/hub/session/e52dbdd9-f9ca-46f1-b20e-86810114ab21 200 38 ms - 1167
[HTTP] 
[HTTP] --> GET /wd/hub/session/e52dbdd9-f9ca-46f1-b20e-86810114ab21
[HTTP] {}
[HTTP] <-- GET /wd/hub/session/e52dbdd9-f9ca-46f1-b20e-86810114ab21 200 28 ms - 1167
[HTTP] 
[HTTP] --> GET /wd/hub/session/e52dbdd9-f9ca-46f1-b20e-86810114ab21/element/d6a3fcd7-6908-42ba-9bff-f688fabea699/location
[HTTP] {}
[W3C] Driver proxy active, passing request on via HTTP proxy
[JSONWP Proxy] Replacing sessionId 1210e912-774b-4870-99d3-c8a2bd470e5b with e52dbdd9-f9ca-46f1-b20e-86810114ab21
[HTTP] <-- GET /wd/hub/session/e52dbdd9-f9ca-46f1-b20e-86810114ab21/element/d6a3fcd7-6908-42ba-9bff-f688fabea699/location 200 26 ms - 89
[HTTP] 
[HTTP] --> POST /wd/hub/session/e52dbdd9-f9ca-46f1-b20e-86810114ab21/touch/perform
[HTTP] {"actions":[{"action":"tap","options":{"element":"d6a3fcd7-6908-42ba-9bff-f688fabea699","x":1,"y":1}}]}
[UiAutomator2] calling get location: d6a3fcd7-6908-42ba-9bff-f688fabea699
[HTTP] <-- POST /wd/hub/session/e52dbdd9-f9ca-46f1-b20e-86810114ab21/touch/perform 200 825 ms - 76
[HTTP] 
[HTTP] --> GET /wd/hub/session/e52dbdd9-f9ca-46f1-b20e-86810114ab21/window/current/size
[HTTP] {}
[W3C] Driver proxy active, passing request on via HTTP proxy
[JSONWP Proxy] Replacing sessionId 1210e912-774b-4870-99d3-c8a2bd470e5b with e52dbdd9-f9ca-46f1-b20e-86810114ab21
[HTTP] <-- GET /wd/hub/session/e52dbdd9-f9ca-46f1-b20e-86810114ab21/window/current/size 200 13 ms - 100
[HTTP] 
[HTTP] --> POST /wd/hub/session/e52dbdd9-f9ca-46f1-b20e-86810114ab21/elements
[HTTP] {"using":"-android uiautomator","value":"new UiSelector().className(\"android.widget.EditText\").resourceId(\"id.co.fundtastic.client:id/et_otp\").instance(0)"}
[HTTP] <-- POST /wd/hub/session/e52dbdd9-f9ca-46f1-b20e-86810114ab21/elements 200 38 ms - 124
[HTTP] 
[HTTP] --> GET /wd/hub/session/e52dbdd9-f9ca-46f1-b20e-86810114ab21
[HTTP] {}
[HTTP] <-- GET /wd/hub/session/e52dbdd9-f9ca-46f1-b20e-86810114ab21 200 26 ms - 1167
[HTTP] 
[HTTP] --> GET /wd/hub/session/e52dbdd9-f9ca-46f1-b20e-86810114ab21
[HTTP] {}
[HTTP] <-- GET /wd/hub/session/e52dbdd9-f9ca-46f1-b20e-86810114ab21 200 20 ms - 1167
[HTTP] 
[HTTP] --> GET /wd/hub/session/e52dbdd9-f9ca-46f1-b20e-86810114ab21
[HTTP] {}
[HTTP] <-- GET /wd/hub/session/e52dbdd9-f9ca-46f1-b20e-86810114ab21 200 11 ms - 1167
[HTTP] 
[HTTP] --> GET /wd/hub/session/e52dbdd9-f9ca-46f1-b20e-86810114ab21
[HTTP] {}
[HTTP] <-- GET /wd/hub/session/e52dbdd9-f9ca-46f1-b20e-86810114ab21 200 17 ms - 1167
[HTTP] 
[HTTP] --> GET /wd/hub/session/e52dbdd9-f9ca-46f1-b20e-86810114ab21/element/cd62c25e-8940-473d-b0ad-607d0ddf3293/location
[HTTP] {}
[W3C] Driver proxy active, passing request on via HTTP proxy
[JSONWP Proxy] Replacing sessionId 1210e912-774b-4870-99d3-c8a2bd470e5b with e52dbdd9-f9ca-46f1-b20e-86810114ab21
[HTTP] <-- GET /wd/hub/session/e52dbdd9-f9ca-46f1-b20e-86810114ab21/element/cd62c25e-8940-473d-b0ad-607d0ddf3293/location 200 22 ms - 89
[HTTP] 
[HTTP] --> POST /wd/hub/session/e52dbdd9-f9ca-46f1-b20e-86810114ab21/element/cd62c25e-8940-473d-b0ad-607d0ddf3293/clear
[HTTP] {"id":"cd62c25e-8940-473d-b0ad-607d0ddf3293"}
[HTTP] <-- POST /wd/hub/session/e52dbdd9-f9ca-46f1-b20e-86810114ab21/element/cd62c25e-8940-473d-b0ad-607d0ddf3293/clear 200 25 ms - 89
[HTTP] 
[HTTP] --> POST /wd/hub/session/e52dbdd9-f9ca-46f1-b20e-86810114ab21/element/cd62c25e-8940-473d-b0ad-607d0ddf3293/value
[HTTP] {"id":"cd62c25e-8940-473d-b0ad-607d0ddf3293","value":["8888"]}
[HTTP] <-- POST /wd/hub/session/e52dbdd9-f9ca-46f1-b20e-86810114ab21/element/cd62c25e-8940-473d-b0ad-607d0ddf3293/value 200 814 ms - 74
[HTTP] 
[HTTP] --> GET /wd/hub/session/e52dbdd9-f9ca-46f1-b20e-86810114ab21/window/current/size
[HTTP] {}
[W3C] Driver proxy active, passing request on via HTTP proxy
[JSONWP Proxy] Replacing sessionId 1210e912-774b-4870-99d3-c8a2bd470e5b with e52dbdd9-f9ca-46f1-b20e-86810114ab21
[HTTP] <-- GET /wd/hub/session/e52dbdd9-f9ca-46f1-b20e-86810114ab21/window/current/size 200 63 ms - 100
[HTTP] 
[HTTP] --> POST /wd/hub/session/e52dbdd9-f9ca-46f1-b20e-86810114ab21/elements
[HTTP] {"using":"-android uiautomator","value":"new UiSelector().className(\"android.widget.Button\").text(\"Verifikasi Sekarang\").resourceId(\"id.co.fundtastic.client:id/btnVerified\").instance(0)"}
[HTTP] <-- POST /wd/hub/session/e52dbdd9-f9ca-46f1-b20e-86810114ab21/elements 200 866 ms - 124
[HTTP] 
[HTTP] --> GET /wd/hub/session/e52dbdd9-f9ca-46f1-b20e-86810114ab21
[HTTP] {}
[HTTP] <-- GET /wd/hub/session/e52dbdd9-f9ca-46f1-b20e-86810114ab21 200 10 ms - 1167
[HTTP] 
[HTTP] --> GET /wd/hub/session/e52dbdd9-f9ca-46f1-b20e-86810114ab21
[HTTP] {}
[HTTP] <-- GET /wd/hub/session/e52dbdd9-f9ca-46f1-b20e-86810114ab21 200 11 ms - 1167
[HTTP] 
[HTTP] --> GET /wd/hub/session/e52dbdd9-f9ca-46f1-b20e-86810114ab21
[HTTP] {}
[HTTP] <-- GET /wd/hub/session/e52dbdd9-f9ca-46f1-b20e-86810114ab21 200 12 ms - 1167
[HTTP] 
[HTTP] --> GET /wd/hub/session/e52dbdd9-f9ca-46f1-b20e-86810114ab21
[HTTP] {}
[HTTP] <-- GET /wd/hub/session/e52dbdd9-f9ca-46f1-b20e-86810114ab21 200 12 ms - 1167
[HTTP] 
[HTTP] --> GET /wd/hub/session/e52dbdd9-f9ca-46f1-b20e-86810114ab21/element/4d0a715b-816f-4e5b-8c31-b2992bb2eb3a/location
[HTTP] {}
[W3C] Driver proxy active, passing request on via HTTP proxy
[JSONWP Proxy] Replacing sessionId 1210e912-774b-4870-99d3-c8a2bd470e5b with e52dbdd9-f9ca-46f1-b20e-86810114ab21
[HTTP] <-- GET /wd/hub/session/e52dbdd9-f9ca-46f1-b20e-86810114ab21/element/4d0a715b-816f-4e5b-8c31-b2992bb2eb3a/location 200 39 ms - 88
[HTTP] 
[HTTP] --> POST /wd/hub/session/e52dbdd9-f9ca-46f1-b20e-86810114ab21/touch/perform
[HTTP] {"actions":[{"action":"tap","options":{"element":"4d0a715b-816f-4e5b-8c31-b2992bb2eb3a","x":1,"y":1}}]}
[UiAutomator2] calling get location: 4d0a715b-816f-4e5b-8c31-b2992bb2eb3a
[HTTP] <-- POST /wd/hub/session/e52dbdd9-f9ca-46f1-b20e-86810114ab21/touch/perform 200 942 ms - 76
[HTTP] 
[HTTP] --> GET /wd/hub/session/e52dbdd9-f9ca-46f1-b20e-86810114ab21/window/current/size
[HTTP] {}
[W3C] Driver proxy active, passing request on via HTTP proxy
[JSONWP Proxy] Replacing sessionId 1210e912-774b-4870-99d3-c8a2bd470e5b with e52dbdd9-f9ca-46f1-b20e-86810114ab21
[HTTP] <-- GET /wd/hub/session/e52dbdd9-f9ca-46f1-b20e-86810114ab21/window/current/size 200 20 ms - 100
[HTTP] 
[HTTP] --> POST /wd/hub/session/e52dbdd9-f9ca-46f1-b20e-86810114ab21/elements
[HTTP] {"using":"-android uiautomator","value":"new UiSelector().className(\"android.widget.ImageView\").instance(9)"}
[HTTP] <-- POST /wd/hub/session/e52dbdd9-f9ca-46f1-b20e-86810114ab21/elements 200 462 ms - 124
[HTTP] 
[HTTP] --> GET /wd/hub/session/e52dbdd9-f9ca-46f1-b20e-86810114ab21
[HTTP] {}
[HTTP] <-- GET /wd/hub/session/e52dbdd9-f9ca-46f1-b20e-86810114ab21 200 22 ms - 1167
[HTTP] 
[HTTP] --> GET /wd/hub/session/e52dbdd9-f9ca-46f1-b20e-86810114ab21
[HTTP] {}
[HTTP] <-- GET /wd/hub/session/e52dbdd9-f9ca-46f1-b20e-86810114ab21 200 17 ms - 1167
[HTTP] 
[HTTP] --> GET /wd/hub/session/e52dbdd9-f9ca-46f1-b20e-86810114ab21
[HTTP] {}
[HTTP] <-- GET /wd/hub/session/e52dbdd9-f9ca-46f1-b20e-86810114ab21 200 12 ms - 1167
[HTTP] 
[HTTP] --> GET /wd/hub/session/e52dbdd9-f9ca-46f1-b20e-86810114ab21
[HTTP] {}
[HTTP] <-- GET /wd/hub/session/e52dbdd9-f9ca-46f1-b20e-86810114ab21 200 20 ms - 1167
[HTTP] 
[HTTP] --> GET /wd/hub/session/e52dbdd9-f9ca-46f1-b20e-86810114ab21/element/7d746c5b-ed89-4775-a002-522a06f95687/location
[HTTP] {}
[W3C] Driver proxy active, passing request on via HTTP proxy
[JSONWP Proxy] Replacing sessionId 1210e912-774b-4870-99d3-c8a2bd470e5b with e52dbdd9-f9ca-46f1-b20e-86810114ab21
[HTTP] <-- GET /wd/hub/session/e52dbdd9-f9ca-46f1-b20e-86810114ab21/element/7d746c5b-ed89-4775-a002-522a06f95687/location 200 32 ms - 90
[HTTP] 
[HTTP] --> POST /wd/hub/session/e52dbdd9-f9ca-46f1-b20e-86810114ab21/touch/perform
[HTTP] {"actions":[{"action":"longPress","options":{"element":"7d746c5b-ed89-4775-a002-522a06f95687"}},{"action":"release","options":{}}]}
[UiAutomator2] calling get location: 7d746c5b-ed89-4775-a002-522a06f95687
[HTTP] <-- POST /wd/hub/session/e52dbdd9-f9ca-46f1-b20e-86810114ab21/touch/perform 200 2596 ms - 76
[HTTP] 
[HTTP] --> GET /wd/hub/session/e52dbdd9-f9ca-46f1-b20e-86810114ab21/context
[HTTP] {}
[HTTP] <-- GET /wd/hub/session/e52dbdd9-f9ca-46f1-b20e-86810114ab21/context 200 3 ms - 84
[HTTP] 
[HTTP] --> GET /wd/hub/session/e52dbdd9-f9ca-46f1-b20e-86810114ab21/contexts
[HTTP] {}
[HTTP] <-- GET /wd/hub/session/e52dbdd9-f9ca-46f1-b20e-86810114ab21/contexts 200 115 ms - 164
[HTTP] 
[HTTP] --> POST /wd/hub/session/e52dbdd9-f9ca-46f1-b20e-86810114ab21/context
[HTTP] {"name":"NATIVE_APP"}
[HTTP] <-- POST /wd/hub/session/e52dbdd9-f9ca-46f1-b20e-86810114ab21/context 200 95 ms - 76
[HTTP] 
[HTTP] --> POST /wd/hub/session/e52dbdd9-f9ca-46f1-b20e-86810114ab21/touch/perform
[HTTP] {"actions":[{"action":"press","options":{"x":586,"y":1176}},{"action":"wait","options":{"ms":500}},{"action":"moveTo","options":{"x":582,"y":543}}]}
[HTTP] <-- POST /wd/hub/session/e52dbdd9-f9ca-46f1-b20e-86810114ab21/touch/perform 200 2063 ms - 76
[HTTP] 
[HTTP] --> POST /wd/hub/session/e52dbdd9-f9ca-46f1-b20e-86810114ab21/context
[HTTP] {"name":"NATIVE_APP"}
[HTTP] <-- POST /wd/hub/session/e52dbdd9-f9ca-46f1-b20e-86810114ab21/context 200 107 ms - 76
[HTTP] 
[HTTP] --> DELETE /wd/hub/session/e52dbdd9-f9ca-46f1-b20e-86810114ab21
[HTTP] {}
[Appium] Removing session e52dbdd9-f9ca-46f1-b20e-86810114ab21 from our master session list
[ADB] id.co.fundtastic.client was successfully uninstalled
[HTTP] <-- DELETE /wd/hub/session/e52dbdd9-f9ca-46f1-b20e-86810114ab21 200 1691 ms - 76
[HTTP] 
