[Appium] Welcome to Appium v1.8.1
[Appium] Non-default server args:
[Appium]   port: 49556
[Appium]   loglevel: info
[Appium]   chromeDriverPort: 49557
[Appium]   tmpDir: /var/folders/ts/p6rxgpw53_d96xw60slkng7m0000gn/T//Katalon/Appium/Temp1562576321535
[Appium] Appium REST http interface listener started on 0.0.0.0:49556
[HTTP] --> GET /wd/hub/status
[HTTP] {}
[HTTP] <-- GET /wd/hub/status 200 25 ms - 83
[HTTP] 
[HTTP] --> POST /wd/hub/session
[HTTP] {"desiredCapabilities":{"app":"/Users/ustore/Downloads/Development.apk","autoGrantPermissions":true,"automationName":"uiautomator2","deviceName":"emulator-5554 (Android SDK built for x86 - Android 9)","fullReset":true,"newCommandTimeout":1800,"noReset":false,"platform":"ANDROID","platformName":"Android","udid":"emulator-5554"},"capabilities":{"desiredCapabilities":{"app":"/Users/ustore/Downloads/Development.apk","autoGrantPermissions":true,"automationName":"uiautomator2","deviceName":"emulator-5554 (Android SDK built for x86 - Android 9)","fullReset":true,"newCommandTimeout":1800,"noReset":false,"platform":"ANDROID","platformName":"Android","udid":"emulator-5554"},"firstMatch":[{"platformName":"android"}]}}
[Appium] Could not parse W3C capabilities: 'deviceName' can't be blank. Falling back to JSONWP protocol.
[Appium] The following capabilities were provided in the JSONWP desired capabilities that are missing in W3C capabilities: ["app","autoGrantPermissions","automationName","deviceName","fullReset","newCommandTimeout","noReset","platform","platformName","udid"]. Falling back to JSONWP protocol.
[Appium] Creating new AndroidUiautomator2Driver (v1.12.0) session
[Appium] Capabilities:
[Appium]   app: /Users/ustore/Downloads/Development.apk
[Appium]   autoGrantPermissions: true
[Appium]   automationName: uiautomator2
[Appium]   deviceName: emulator-5554 (Android SDK built for x86 - Android 9)
[Appium]   fullReset: true
[Appium]   newCommandTimeout: 1800
[Appium]   noReset: false
[Appium]   platform: ANDROID
[Appium]   platformName: Android
[Appium]   udid: emulator-5554
[BaseDriver] The following capabilities were provided, but are not recognized by appium: platform.
[BaseDriver] Session created with session id: d8ff1ab7-eca2-4bc7-bcef-0730d480d145
[BaseDriver] Using local app '/Users/ustore/Downloads/Development.apk'
[AndroidDriver] Java version is: 1.8.0_181
[ADB] Checking whether adb is present
[ADB] Found 1 'build-tools' folders under '/Users/ustore/.katalon/tools/android_sdk' (newest first):
[ADB]     /Users/ustore/.katalon/tools/android_sdk/build-tools/28.0.3
[ADB] Using adb from /Users/ustore/.katalon/tools/android_sdk/platform-tools/adb
[AndroidDriver] Retrieving device list
[AndroidDriver] Using device: emulator-5554
[ADB] Using the alternative activity name detection method because of: Could not find apkanalyzer in /Users/ustore/.katalon/tools/android_sdk/platform-tools/apkanalyzer,/Users/ustore/.katalon/tools/android_sdk/emulator/apkanalyzer,/Users/ustore/.katalon/tools/android_sdk/tools/apkanalyzer,/Users/ustore/.katalon/tools/android_sdk/tools/bin/apkanalyzer,/Users/ustore/.katalon/tools/android_sdk/build-tools/28.0.3/apkanalyzer. Do you have the Android SDK installed at '/Users/ustore/.katalon/tools/android_sdk'?
[ADB] Checking whether aapt is present
[ADB] Using aapt from /Users/ustore/.katalon/tools/android_sdk/build-tools/28.0.3/aapt
[ADB] Extracting package and launch activity from manifest
[ADB] Package name: 'id.co.fundtastic.client'
[ADB] Main activity name: 'id.co.fundtastic.client.splash.presentation.SplashActivity'
[ADB] Getting device platform version
[ADB] Using apksigner from /Users/ustore/.katalon/tools/android_sdk/build-tools/28.0.3/apksigner
[ADB] Cannot read version codes of '/usr/local/lib/node_modules/appium/node_modules/appium-uiautomator2-server/apks/appium-uiautomator2-server-debug-androidTest.apk' and/or 'io.appium.uiautomator2.server.test'
[ADB] Cannot read version names of '/usr/local/lib/node_modules/appium/node_modules/appium-uiautomator2-server/apks/appium-uiautomator2-server-debug-androidTest.apk' and/or 'io.appium.uiautomator2.server.test'. Assuming correct app version is already installed
[AndroidDriver] setDeviceLanguageCountry requires language or country.
[AndroidDriver] Got language: 'null' and country: 'null'
[ADB] Successfully extracted 194 strings from '/Users/ustore/Downloads/Development.apk' resources for '(default)' configuration
[ADB] id.co.fundtastic.client was not uninstalled, because it was not present on the device
[UiAutomator2] Starting uiautomator2 server 1.12.0
[UiAutomator2] Using UIAutomator2 server from '/usr/local/lib/node_modules/appium/node_modules/appium-uiautomator2-server/apks/appium-uiautomator2-server-v1.12.0.apk' and test from '/usr/local/lib/node_modules/appium/node_modules/appium-uiautomator2-server/apks/appium-uiautomator2-server-debug-androidTest.apk'
[UiAutomator2] Running command: 'adb -s emulator-5554 shell am instrument -w io.appium.uiautomator2.server.test/android.support.test.runner.AndroidJUnitRunner'
[UiAutomator2] Waiting up to 20000ms for UiAutomator2 to be online...
[AndroidDriver] Screen already unlocked, doing nothing
[UiAutomator2] UiAutomator2 did not start the activity we were waiting for, 'id.co.fundtastic.client/id.co.fundtastic.client.splash.presentation.SplashActivity'. Starting it ourselves
[Appium] New AndroidUiautomator2Driver session created successfully, session d8ff1ab7-eca2-4bc7-bcef-0730d480d145 added to master session list
[HTTP] <-- POST /wd/hub/session 200 17929 ms - 1167
[HTTP] 
[HTTP] --> GET /wd/hub/status
[HTTP] {}
[HTTP] <-- GET /wd/hub/status 200 39 ms - 55
[HTTP] 
[HTTP] --> POST /wd/hub/session/d8ff1ab7-eca2-4bc7-bcef-0730d480d145/timeouts
[HTTP] {"type":"implicit","ms":30000}
[HTTP] <-- POST /wd/hub/session/d8ff1ab7-eca2-4bc7-bcef-0730d480d145/timeouts 400 22 ms - 4196
[HTTP] 
[HTTP] --> GET /wd/hub/session/d8ff1ab7-eca2-4bc7-bcef-0730d480d145/window/current/size
[HTTP] {}
[W3C] Driver proxy active, passing request on via HTTP proxy
[JSONWP Proxy] Replacing sessionId 4312b6cb-823d-4962-b087-5709027e7825 with d8ff1ab7-eca2-4bc7-bcef-0730d480d145
[HTTP] <-- GET /wd/hub/session/d8ff1ab7-eca2-4bc7-bcef-0730d480d145/window/current/size 200 100 ms - 100
[HTTP] 
[HTTP] --> POST /wd/hub/session/d8ff1ab7-eca2-4bc7-bcef-0730d480d145/elements
[HTTP] {"using":"-android uiautomator","value":"new UiSelector().className(\"android.widget.TextView\").text(\"Mulailah berinvestasi untuk meraih mimpimu\").instance(0)"}
[HTTP] <-- POST /wd/hub/session/d8ff1ab7-eca2-4bc7-bcef-0730d480d145/elements 200 1010 ms - 74
[HTTP] 
[HTTP] --> POST /wd/hub/session/d8ff1ab7-eca2-4bc7-bcef-0730d480d145/elements
[HTTP] {"using":"-android uiautomator","value":"new UiSelector().className(\"android.widget.TextView\").text(\"Mulailah berinvestasi untuk meraih mimpimu\").instance(0)"}
[HTTP] <-- POST /wd/hub/session/d8ff1ab7-eca2-4bc7-bcef-0730d480d145/elements 200 1008 ms - 74
[HTTP] 
[HTTP] --> POST /wd/hub/session/d8ff1ab7-eca2-4bc7-bcef-0730d480d145/elements
[HTTP] {"using":"-android uiautomator","value":"new UiSelector().className(\"android.widget.TextView\").text(\"Mulailah berinvestasi untuk meraih mimpimu\").instance(0)"}
[HTTP] <-- POST /wd/hub/session/d8ff1ab7-eca2-4bc7-bcef-0730d480d145/elements 200 2220 ms - 124
[HTTP] 
[HTTP] --> GET /wd/hub/session/d8ff1ab7-eca2-4bc7-bcef-0730d480d145
[HTTP] {}
[HTTP] <-- GET /wd/hub/session/d8ff1ab7-eca2-4bc7-bcef-0730d480d145 200 14 ms - 1167
[HTTP] 
[HTTP] --> GET /wd/hub/session/d8ff1ab7-eca2-4bc7-bcef-0730d480d145
[HTTP] {}
[HTTP] <-- GET /wd/hub/session/d8ff1ab7-eca2-4bc7-bcef-0730d480d145 200 18 ms - 1167
[HTTP] 
[HTTP] --> GET /wd/hub/session/d8ff1ab7-eca2-4bc7-bcef-0730d480d145
[HTTP] {}
[HTTP] <-- GET /wd/hub/session/d8ff1ab7-eca2-4bc7-bcef-0730d480d145 200 14 ms - 1167
[HTTP] 
[HTTP] --> GET /wd/hub/session/d8ff1ab7-eca2-4bc7-bcef-0730d480d145
[HTTP] {}
[HTTP] <-- GET /wd/hub/session/d8ff1ab7-eca2-4bc7-bcef-0730d480d145 200 21 ms - 1167
[HTTP] 
[HTTP] --> GET /wd/hub/session/d8ff1ab7-eca2-4bc7-bcef-0730d480d145/element/efc0bc82-e1b2-4c62-bacc-5e2f68d77abf/location
[HTTP] {}
[W3C] Driver proxy active, passing request on via HTTP proxy
[JSONWP Proxy] Replacing sessionId 4312b6cb-823d-4962-b087-5709027e7825 with d8ff1ab7-eca2-4bc7-bcef-0730d480d145
[HTTP] <-- GET /wd/hub/session/d8ff1ab7-eca2-4bc7-bcef-0730d480d145/element/efc0bc82-e1b2-4c62-bacc-5e2f68d77abf/location 200 1094 ms - 88
[HTTP] 
[HTTP] --> GET /wd/hub/session/d8ff1ab7-eca2-4bc7-bcef-0730d480d145/element/efc0bc82-e1b2-4c62-bacc-5e2f68d77abf/text
[HTTP] {}
[W3C] Driver proxy active, passing request on via HTTP proxy
[JSONWP Proxy] Replacing sessionId 4312b6cb-823d-4962-b087-5709027e7825 with d8ff1ab7-eca2-4bc7-bcef-0730d480d145
[HTTP] <-- GET /wd/hub/session/d8ff1ab7-eca2-4bc7-bcef-0730d480d145/element/efc0bc82-e1b2-4c62-bacc-5e2f68d77abf/text 200 903 ms - 116
[HTTP] 
[HTTP] --> GET /wd/hub/session/d8ff1ab7-eca2-4bc7-bcef-0730d480d145/window/current/size
[HTTP] {}
[W3C] Driver proxy active, passing request on via HTTP proxy
[JSONWP Proxy] Replacing sessionId 4312b6cb-823d-4962-b087-5709027e7825 with d8ff1ab7-eca2-4bc7-bcef-0730d480d145
[HTTP] <-- GET /wd/hub/session/d8ff1ab7-eca2-4bc7-bcef-0730d480d145/window/current/size 200 28 ms - 100
[HTTP] 
[HTTP] --> POST /wd/hub/session/d8ff1ab7-eca2-4bc7-bcef-0730d480d145/elements
[HTTP] {"using":"-android uiautomator","value":"new UiSelector().className(\"android.widget.ImageView\").resourceId(\"id.co.fundtastic.client:id/checklist\").instance(6)"}
[HTTP] <-- POST /wd/hub/session/d8ff1ab7-eca2-4bc7-bcef-0730d480d145/elements 200 1573 ms - 124
[HTTP] 
[HTTP] --> GET /wd/hub/session/d8ff1ab7-eca2-4bc7-bcef-0730d480d145
[HTTP] {}
[HTTP] <-- GET /wd/hub/session/d8ff1ab7-eca2-4bc7-bcef-0730d480d145 200 16 ms - 1167
[HTTP] 
[HTTP] --> GET /wd/hub/session/d8ff1ab7-eca2-4bc7-bcef-0730d480d145
[HTTP] {}
[HTTP] <-- GET /wd/hub/session/d8ff1ab7-eca2-4bc7-bcef-0730d480d145 200 15 ms - 1167
[HTTP] 
[HTTP] --> GET /wd/hub/session/d8ff1ab7-eca2-4bc7-bcef-0730d480d145
[HTTP] {}
[HTTP] <-- GET /wd/hub/session/d8ff1ab7-eca2-4bc7-bcef-0730d480d145 200 15 ms - 1167
[HTTP] 
[HTTP] --> GET /wd/hub/session/d8ff1ab7-eca2-4bc7-bcef-0730d480d145
[HTTP] {}
[HTTP] <-- GET /wd/hub/session/d8ff1ab7-eca2-4bc7-bcef-0730d480d145 200 12 ms - 1167
[HTTP] 
[HTTP] --> GET /wd/hub/session/d8ff1ab7-eca2-4bc7-bcef-0730d480d145/element/67096bcf-2ac4-4009-98f5-a936981ffff2/location
[HTTP] {}
[W3C] Driver proxy active, passing request on via HTTP proxy
[JSONWP Proxy] Replacing sessionId 4312b6cb-823d-4962-b087-5709027e7825 with d8ff1ab7-eca2-4bc7-bcef-0730d480d145
[HTTP] <-- GET /wd/hub/session/d8ff1ab7-eca2-4bc7-bcef-0730d480d145/element/67096bcf-2ac4-4009-98f5-a936981ffff2/location 200 31 ms - 90
[HTTP] 
[HTTP] --> POST /wd/hub/session/d8ff1ab7-eca2-4bc7-bcef-0730d480d145/touch/perform
[HTTP] {"actions":[{"action":"tap","options":{"element":"67096bcf-2ac4-4009-98f5-a936981ffff2","x":1,"y":1}}]}
[UiAutomator2] calling get location: 67096bcf-2ac4-4009-98f5-a936981ffff2
[HTTP] <-- POST /wd/hub/session/d8ff1ab7-eca2-4bc7-bcef-0730d480d145/touch/perform 200 913 ms - 76
[HTTP] 
[HTTP] --> GET /wd/hub/session/d8ff1ab7-eca2-4bc7-bcef-0730d480d145/window/current/size
[HTTP] {}
[W3C] Driver proxy active, passing request on via HTTP proxy
[JSONWP Proxy] Replacing sessionId 4312b6cb-823d-4962-b087-5709027e7825 with d8ff1ab7-eca2-4bc7-bcef-0730d480d145
[HTTP] <-- GET /wd/hub/session/d8ff1ab7-eca2-4bc7-bcef-0730d480d145/window/current/size 200 37 ms - 100
[HTTP] 
[HTTP] --> POST /wd/hub/session/d8ff1ab7-eca2-4bc7-bcef-0730d480d145/elements
[HTTP] {"using":"-android uiautomator","value":"new UiSelector().className(\"android.widget.LinearLayout\").instance(4)"}
[HTTP] <-- POST /wd/hub/session/d8ff1ab7-eca2-4bc7-bcef-0730d480d145/elements 200 107 ms - 124
[HTTP] 
[HTTP] --> GET /wd/hub/session/d8ff1ab7-eca2-4bc7-bcef-0730d480d145
[HTTP] {}
[HTTP] <-- GET /wd/hub/session/d8ff1ab7-eca2-4bc7-bcef-0730d480d145 200 23 ms - 1167
[HTTP] 
[HTTP] --> GET /wd/hub/session/d8ff1ab7-eca2-4bc7-bcef-0730d480d145
[HTTP] {}
[HTTP] <-- GET /wd/hub/session/d8ff1ab7-eca2-4bc7-bcef-0730d480d145 200 18 ms - 1167
[HTTP] 
[HTTP] --> GET /wd/hub/session/d8ff1ab7-eca2-4bc7-bcef-0730d480d145
[HTTP] {}
[HTTP] <-- GET /wd/hub/session/d8ff1ab7-eca2-4bc7-bcef-0730d480d145 200 20 ms - 1167
[HTTP] 
[HTTP] --> GET /wd/hub/session/d8ff1ab7-eca2-4bc7-bcef-0730d480d145
[HTTP] {}
[HTTP] <-- GET /wd/hub/session/d8ff1ab7-eca2-4bc7-bcef-0730d480d145 200 19 ms - 1167
[HTTP] 
[HTTP] --> GET /wd/hub/session/d8ff1ab7-eca2-4bc7-bcef-0730d480d145/element/b3e589b3-7ad9-442f-ab63-42870a27caed/location
[HTTP] {}
[W3C] Driver proxy active, passing request on via HTTP proxy
[JSONWP Proxy] Replacing sessionId 4312b6cb-823d-4962-b087-5709027e7825 with d8ff1ab7-eca2-4bc7-bcef-0730d480d145
[HTTP] <-- GET /wd/hub/session/d8ff1ab7-eca2-4bc7-bcef-0730d480d145/element/b3e589b3-7ad9-442f-ab63-42870a27caed/location 200 102 ms - 87
[HTTP] 
[HTTP] --> POST /wd/hub/session/d8ff1ab7-eca2-4bc7-bcef-0730d480d145/touch/perform
[HTTP] {"actions":[{"action":"tap","options":{"element":"b3e589b3-7ad9-442f-ab63-42870a27caed","x":1,"y":1}}]}
[UiAutomator2] calling get location: b3e589b3-7ad9-442f-ab63-42870a27caed
[HTTP] <-- POST /wd/hub/session/d8ff1ab7-eca2-4bc7-bcef-0730d480d145/touch/perform 200 1101 ms - 76
[HTTP] 
[HTTP] --> GET /wd/hub/session/d8ff1ab7-eca2-4bc7-bcef-0730d480d145/context
[HTTP] {}
[HTTP] <-- GET /wd/hub/session/d8ff1ab7-eca2-4bc7-bcef-0730d480d145/context 200 3 ms - 84
[HTTP] 
[HTTP] --> GET /wd/hub/session/d8ff1ab7-eca2-4bc7-bcef-0730d480d145/contexts
[HTTP] {}
[HTTP] <-- GET /wd/hub/session/d8ff1ab7-eca2-4bc7-bcef-0730d480d145/contexts 200 46 ms - 127
[HTTP] 
[HTTP] --> POST /wd/hub/session/d8ff1ab7-eca2-4bc7-bcef-0730d480d145/context
[HTTP] {"name":"NATIVE_APP"}
[HTTP] <-- POST /wd/hub/session/d8ff1ab7-eca2-4bc7-bcef-0730d480d145/context 200 35 ms - 76
[HTTP] 
[HTTP] --> POST /wd/hub/session/d8ff1ab7-eca2-4bc7-bcef-0730d480d145/touch/perform
[HTTP] {"actions":[{"action":"press","options":{"x":800,"y":1000}},{"action":"wait","options":{"ms":500}},{"action":"moveTo","options":{"x":10,"y":800}}]}
[HTTP] <-- POST /wd/hub/session/d8ff1ab7-eca2-4bc7-bcef-0730d480d145/touch/perform 200 2073 ms - 76
[HTTP] 
[HTTP] --> POST /wd/hub/session/d8ff1ab7-eca2-4bc7-bcef-0730d480d145/context
[HTTP] {"name":"NATIVE_APP"}
[HTTP] <-- POST /wd/hub/session/d8ff1ab7-eca2-4bc7-bcef-0730d480d145/context 200 32 ms - 76
[HTTP] 
[HTTP] --> GET /wd/hub/session/d8ff1ab7-eca2-4bc7-bcef-0730d480d145/window/current/size
[HTTP] {}
[W3C] Driver proxy active, passing request on via HTTP proxy
[JSONWP Proxy] Replacing sessionId 4312b6cb-823d-4962-b087-5709027e7825 with d8ff1ab7-eca2-4bc7-bcef-0730d480d145
[HTTP] <-- GET /wd/hub/session/d8ff1ab7-eca2-4bc7-bcef-0730d480d145/window/current/size 200 24 ms - 100
[HTTP] 
[HTTP] --> POST /wd/hub/session/d8ff1ab7-eca2-4bc7-bcef-0730d480d145/elements
[HTTP] {"using":"-android uiautomator","value":"new UiSelector().className(\"android.widget.LinearLayout\").instance(4)"}
[HTTP] <-- POST /wd/hub/session/d8ff1ab7-eca2-4bc7-bcef-0730d480d145/elements 200 68 ms - 124
[HTTP] 
[HTTP] --> GET /wd/hub/session/d8ff1ab7-eca2-4bc7-bcef-0730d480d145
[HTTP] {}
[HTTP] <-- GET /wd/hub/session/d8ff1ab7-eca2-4bc7-bcef-0730d480d145 200 24 ms - 1284
[HTTP] 
[HTTP] --> GET /wd/hub/session/d8ff1ab7-eca2-4bc7-bcef-0730d480d145
[HTTP] {}
[HTTP] <-- GET /wd/hub/session/d8ff1ab7-eca2-4bc7-bcef-0730d480d145 200 34 ms - 1284
[HTTP] 
[HTTP] --> GET /wd/hub/session/d8ff1ab7-eca2-4bc7-bcef-0730d480d145
[HTTP] {}
[HTTP] <-- GET /wd/hub/session/d8ff1ab7-eca2-4bc7-bcef-0730d480d145 200 20 ms - 1284
[HTTP] 
[HTTP] --> GET /wd/hub/session/d8ff1ab7-eca2-4bc7-bcef-0730d480d145
[HTTP] {}
[HTTP] <-- GET /wd/hub/session/d8ff1ab7-eca2-4bc7-bcef-0730d480d145 200 17 ms - 1284
[HTTP] 
[HTTP] --> GET /wd/hub/session/d8ff1ab7-eca2-4bc7-bcef-0730d480d145/element/e6d77206-4c8a-4a1a-aa2f-88ccbfbc75da/location
[HTTP] {}
[W3C] Driver proxy active, passing request on via HTTP proxy
[JSONWP Proxy] Replacing sessionId 4312b6cb-823d-4962-b087-5709027e7825 with d8ff1ab7-eca2-4bc7-bcef-0730d480d145
[HTTP] <-- GET /wd/hub/session/d8ff1ab7-eca2-4bc7-bcef-0730d480d145/element/e6d77206-4c8a-4a1a-aa2f-88ccbfbc75da/location 200 40 ms - 87
[HTTP] 
[HTTP] --> POST /wd/hub/session/d8ff1ab7-eca2-4bc7-bcef-0730d480d145/touch/perform
[HTTP] {"actions":[{"action":"tap","options":{"element":"e6d77206-4c8a-4a1a-aa2f-88ccbfbc75da","x":1,"y":1}}]}
[UiAutomator2] calling get location: e6d77206-4c8a-4a1a-aa2f-88ccbfbc75da
[HTTP] <-- POST /wd/hub/session/d8ff1ab7-eca2-4bc7-bcef-0730d480d145/touch/perform 200 1074 ms - 76
[HTTP] 
[HTTP] --> GET /wd/hub/session/d8ff1ab7-eca2-4bc7-bcef-0730d480d145/context
[HTTP] {}
[HTTP] <-- GET /wd/hub/session/d8ff1ab7-eca2-4bc7-bcef-0730d480d145/context 200 3 ms - 84
[HTTP] 
[HTTP] --> GET /wd/hub/session/d8ff1ab7-eca2-4bc7-bcef-0730d480d145/contexts
[HTTP] {}
[HTTP] <-- GET /wd/hub/session/d8ff1ab7-eca2-4bc7-bcef-0730d480d145/contexts 200 40 ms - 127
[HTTP] 
[HTTP] --> POST /wd/hub/session/d8ff1ab7-eca2-4bc7-bcef-0730d480d145/context
[HTTP] {"name":"NATIVE_APP"}
[HTTP] <-- POST /wd/hub/session/d8ff1ab7-eca2-4bc7-bcef-0730d480d145/context 200 120 ms - 76
[HTTP] 
[HTTP] --> POST /wd/hub/session/d8ff1ab7-eca2-4bc7-bcef-0730d480d145/touch/perform
[HTTP] {"actions":[{"action":"press","options":{"x":800,"y":1000}},{"action":"wait","options":{"ms":500}},{"action":"moveTo","options":{"x":10,"y":800}}]}
[HTTP] <-- POST /wd/hub/session/d8ff1ab7-eca2-4bc7-bcef-0730d480d145/touch/perform 200 2080 ms - 76
[HTTP] 
[HTTP] --> POST /wd/hub/session/d8ff1ab7-eca2-4bc7-bcef-0730d480d145/context
[HTTP] {"name":"NATIVE_APP"}
[HTTP] <-- POST /wd/hub/session/d8ff1ab7-eca2-4bc7-bcef-0730d480d145/context 200 30 ms - 76
[HTTP] 
[HTTP] --> GET /wd/hub/session/d8ff1ab7-eca2-4bc7-bcef-0730d480d145/window/current/size
[HTTP] {}
[W3C] Driver proxy active, passing request on via HTTP proxy
[JSONWP Proxy] Replacing sessionId 4312b6cb-823d-4962-b087-5709027e7825 with d8ff1ab7-eca2-4bc7-bcef-0730d480d145
[HTTP] <-- GET /wd/hub/session/d8ff1ab7-eca2-4bc7-bcef-0730d480d145/window/current/size 200 25 ms - 100
[HTTP] 
[HTTP] --> POST /wd/hub/session/d8ff1ab7-eca2-4bc7-bcef-0730d480d145/elements
[HTTP] {"using":"-android uiautomator","value":"new UiSelector().className(\"android.widget.LinearLayout\").instance(4)"}
[HTTP] <-- POST /wd/hub/session/d8ff1ab7-eca2-4bc7-bcef-0730d480d145/elements 200 113 ms - 124
[HTTP] 
[HTTP] --> GET /wd/hub/session/d8ff1ab7-eca2-4bc7-bcef-0730d480d145
[HTTP] {}
[HTTP] <-- GET /wd/hub/session/d8ff1ab7-eca2-4bc7-bcef-0730d480d145 200 17 ms - 1284
[HTTP] 
[HTTP] --> GET /wd/hub/session/d8ff1ab7-eca2-4bc7-bcef-0730d480d145
[HTTP] {}
[HTTP] <-- GET /wd/hub/session/d8ff1ab7-eca2-4bc7-bcef-0730d480d145 200 17 ms - 1284
[HTTP] 
[HTTP] --> GET /wd/hub/session/d8ff1ab7-eca2-4bc7-bcef-0730d480d145
[HTTP] {}
[HTTP] <-- GET /wd/hub/session/d8ff1ab7-eca2-4bc7-bcef-0730d480d145 200 15 ms - 1284
[HTTP] 
[HTTP] --> GET /wd/hub/session/d8ff1ab7-eca2-4bc7-bcef-0730d480d145
[HTTP] {}
[HTTP] <-- GET /wd/hub/session/d8ff1ab7-eca2-4bc7-bcef-0730d480d145 200 15 ms - 1284
[HTTP] 
[HTTP] --> GET /wd/hub/session/d8ff1ab7-eca2-4bc7-bcef-0730d480d145/element/228c6089-0158-4074-bf92-b29c1e0e21b9/location
[HTTP] {}
[W3C] Driver proxy active, passing request on via HTTP proxy
[JSONWP Proxy] Replacing sessionId 4312b6cb-823d-4962-b087-5709027e7825 with d8ff1ab7-eca2-4bc7-bcef-0730d480d145
[HTTP] <-- GET /wd/hub/session/d8ff1ab7-eca2-4bc7-bcef-0730d480d145/element/228c6089-0158-4074-bf92-b29c1e0e21b9/location 200 29 ms - 87
[HTTP] 
[HTTP] --> POST /wd/hub/session/d8ff1ab7-eca2-4bc7-bcef-0730d480d145/touch/perform
[HTTP] {"actions":[{"action":"tap","options":{"element":"228c6089-0158-4074-bf92-b29c1e0e21b9","x":1,"y":1}}]}
[UiAutomator2] calling get location: 228c6089-0158-4074-bf92-b29c1e0e21b9
[HTTP] <-- POST /wd/hub/session/d8ff1ab7-eca2-4bc7-bcef-0730d480d145/touch/perform 200 1073 ms - 76
[HTTP] 
[HTTP] --> GET /wd/hub/session/d8ff1ab7-eca2-4bc7-bcef-0730d480d145/context
[HTTP] {}
[HTTP] <-- GET /wd/hub/session/d8ff1ab7-eca2-4bc7-bcef-0730d480d145/context 200 2 ms - 84
[HTTP] 
[HTTP] --> GET /wd/hub/session/d8ff1ab7-eca2-4bc7-bcef-0730d480d145/contexts
[HTTP] {}
[HTTP] <-- GET /wd/hub/session/d8ff1ab7-eca2-4bc7-bcef-0730d480d145/contexts 200 32 ms - 127
[HTTP] 
[HTTP] --> POST /wd/hub/session/d8ff1ab7-eca2-4bc7-bcef-0730d480d145/context
[HTTP] {"name":"NATIVE_APP"}
[HTTP] <-- POST /wd/hub/session/d8ff1ab7-eca2-4bc7-bcef-0730d480d145/context 200 40 ms - 76
[HTTP] 
[HTTP] --> POST /wd/hub/session/d8ff1ab7-eca2-4bc7-bcef-0730d480d145/touch/perform
[HTTP] {"actions":[{"action":"press","options":{"x":800,"y":1000}},{"action":"wait","options":{"ms":500}},{"action":"moveTo","options":{"x":10,"y":800}}]}
[HTTP] <-- POST /wd/hub/session/d8ff1ab7-eca2-4bc7-bcef-0730d480d145/touch/perform 200 2058 ms - 76
[HTTP] 
[HTTP] --> POST /wd/hub/session/d8ff1ab7-eca2-4bc7-bcef-0730d480d145/context
[HTTP] {"name":"NATIVE_APP"}
[HTTP] <-- POST /wd/hub/session/d8ff1ab7-eca2-4bc7-bcef-0730d480d145/context 200 90 ms - 76
[HTTP] 
[HTTP] --> GET /wd/hub/session/d8ff1ab7-eca2-4bc7-bcef-0730d480d145/window/current/size
[HTTP] {}
[W3C] Driver proxy active, passing request on via HTTP proxy
[JSONWP Proxy] Replacing sessionId 4312b6cb-823d-4962-b087-5709027e7825 with d8ff1ab7-eca2-4bc7-bcef-0730d480d145
[HTTP] <-- GET /wd/hub/session/d8ff1ab7-eca2-4bc7-bcef-0730d480d145/window/current/size 200 58 ms - 100
[HTTP] 
[HTTP] --> POST /wd/hub/session/d8ff1ab7-eca2-4bc7-bcef-0730d480d145/elements
[HTTP] {"using":"-android uiautomator","value":"new UiSelector().className(\"android.widget.LinearLayout\").instance(4)"}
[HTTP] <-- POST /wd/hub/session/d8ff1ab7-eca2-4bc7-bcef-0730d480d145/elements 200 133 ms - 124
[HTTP] 
[HTTP] --> GET /wd/hub/session/d8ff1ab7-eca2-4bc7-bcef-0730d480d145
[HTTP] {}
[HTTP] <-- GET /wd/hub/session/d8ff1ab7-eca2-4bc7-bcef-0730d480d145 200 37 ms - 1167
[HTTP] 
[HTTP] --> GET /wd/hub/session/d8ff1ab7-eca2-4bc7-bcef-0730d480d145
[HTTP] {}
[HTTP] <-- GET /wd/hub/session/d8ff1ab7-eca2-4bc7-bcef-0730d480d145 200 50 ms - 1167
[HTTP] 
[HTTP] --> GET /wd/hub/session/d8ff1ab7-eca2-4bc7-bcef-0730d480d145
[HTTP] {}
[HTTP] <-- GET /wd/hub/session/d8ff1ab7-eca2-4bc7-bcef-0730d480d145 200 40 ms - 1167
[HTTP] 
[HTTP] --> GET /wd/hub/session/d8ff1ab7-eca2-4bc7-bcef-0730d480d145
[HTTP] {}
[HTTP] <-- GET /wd/hub/session/d8ff1ab7-eca2-4bc7-bcef-0730d480d145 200 43 ms - 1167
[HTTP] 
[HTTP] --> GET /wd/hub/session/d8ff1ab7-eca2-4bc7-bcef-0730d480d145/element/43f82dd4-b97d-41b9-937d-18d1fde108cb/location
[HTTP] {}
[W3C] Driver proxy active, passing request on via HTTP proxy
[JSONWP Proxy] Replacing sessionId 4312b6cb-823d-4962-b087-5709027e7825 with d8ff1ab7-eca2-4bc7-bcef-0730d480d145
[HTTP] <-- GET /wd/hub/session/d8ff1ab7-eca2-4bc7-bcef-0730d480d145/element/43f82dd4-b97d-41b9-937d-18d1fde108cb/location 200 109 ms - 88
[HTTP] 
[HTTP] --> POST /wd/hub/session/d8ff1ab7-eca2-4bc7-bcef-0730d480d145/touch/perform
[HTTP] {"actions":[{"action":"tap","options":{"element":"43f82dd4-b97d-41b9-937d-18d1fde108cb","x":1,"y":1}}]}
[UiAutomator2] calling get location: 43f82dd4-b97d-41b9-937d-18d1fde108cb
[HTTP] <-- POST /wd/hub/session/d8ff1ab7-eca2-4bc7-bcef-0730d480d145/touch/perform 200 3294 ms - 76
[HTTP] 
[HTTP] --> GET /wd/hub/session/d8ff1ab7-eca2-4bc7-bcef-0730d480d145/context
[HTTP] {}
[HTTP] <-- GET /wd/hub/session/d8ff1ab7-eca2-4bc7-bcef-0730d480d145/context 200 3 ms - 84
[HTTP] 
[HTTP] --> GET /wd/hub/session/d8ff1ab7-eca2-4bc7-bcef-0730d480d145/contexts
[HTTP] {}
[HTTP] <-- GET /wd/hub/session/d8ff1ab7-eca2-4bc7-bcef-0730d480d145/contexts 200 122 ms - 127
[HTTP] 
[HTTP] --> POST /wd/hub/session/d8ff1ab7-eca2-4bc7-bcef-0730d480d145/context
[HTTP] {"name":"NATIVE_APP"}
[HTTP] <-- POST /wd/hub/session/d8ff1ab7-eca2-4bc7-bcef-0730d480d145/context 200 71 ms - 76
[HTTP] 
[HTTP] --> POST /wd/hub/session/d8ff1ab7-eca2-4bc7-bcef-0730d480d145/touch/perform
[HTTP] {"actions":[{"action":"press","options":{"x":800,"y":1000}},{"action":"wait","options":{"ms":500}},{"action":"moveTo","options":{"x":10,"y":800}}]}
[HTTP] <-- POST /wd/hub/session/d8ff1ab7-eca2-4bc7-bcef-0730d480d145/touch/perform 200 2129 ms - 76
[HTTP] 
[HTTP] --> POST /wd/hub/session/d8ff1ab7-eca2-4bc7-bcef-0730d480d145/context
[HTTP] {"name":"NATIVE_APP"}
[HTTP] <-- POST /wd/hub/session/d8ff1ab7-eca2-4bc7-bcef-0730d480d145/context 200 248 ms - 76
[HTTP] 
[HTTP] --> GET /wd/hub/session/d8ff1ab7-eca2-4bc7-bcef-0730d480d145/window/current/size
[HTTP] {}
[W3C] Driver proxy active, passing request on via HTTP proxy
[JSONWP Proxy] Replacing sessionId 4312b6cb-823d-4962-b087-5709027e7825 with d8ff1ab7-eca2-4bc7-bcef-0730d480d145
[HTTP] <-- GET /wd/hub/session/d8ff1ab7-eca2-4bc7-bcef-0730d480d145/window/current/size 200 95 ms - 100
[HTTP] 
[HTTP] --> POST /wd/hub/session/d8ff1ab7-eca2-4bc7-bcef-0730d480d145/elements
[HTTP] {"using":"-android uiautomator","value":"new UiSelector().className(\"android.widget.EditText\").text(\"No Handphone\").resourceId(\"id.co.fundtastic.client:id/et_phone\").instance(0)"}
[HTTP] <-- POST /wd/hub/session/d8ff1ab7-eca2-4bc7-bcef-0730d480d145/elements 200 635 ms - 124
[HTTP] 
[HTTP] --> GET /wd/hub/session/d8ff1ab7-eca2-4bc7-bcef-0730d480d145
[HTTP] {}
[HTTP] <-- GET /wd/hub/session/d8ff1ab7-eca2-4bc7-bcef-0730d480d145 200 40 ms - 1167
[HTTP] 
[HTTP] --> GET /wd/hub/session/d8ff1ab7-eca2-4bc7-bcef-0730d480d145
[HTTP] {}
[HTTP] <-- GET /wd/hub/session/d8ff1ab7-eca2-4bc7-bcef-0730d480d145 200 51 ms - 1167
[HTTP] 
[HTTP] --> GET /wd/hub/session/d8ff1ab7-eca2-4bc7-bcef-0730d480d145
[HTTP] {}
[HTTP] <-- GET /wd/hub/session/d8ff1ab7-eca2-4bc7-bcef-0730d480d145 200 164 ms - 1167
[HTTP] 
[HTTP] --> GET /wd/hub/session/d8ff1ab7-eca2-4bc7-bcef-0730d480d145
[HTTP] {}
[HTTP] <-- GET /wd/hub/session/d8ff1ab7-eca2-4bc7-bcef-0730d480d145 200 135 ms - 1167
[HTTP] 
[HTTP] --> GET /wd/hub/session/d8ff1ab7-eca2-4bc7-bcef-0730d480d145/element/be330847-ecc4-44ec-8c66-f71dfd36fea1/location
[HTTP] {}
[W3C] Driver proxy active, passing request on via HTTP proxy
[JSONWP Proxy] Replacing sessionId 4312b6cb-823d-4962-b087-5709027e7825 with d8ff1ab7-eca2-4bc7-bcef-0730d480d145
[HTTP] <-- GET /wd/hub/session/d8ff1ab7-eca2-4bc7-bcef-0730d480d145/element/be330847-ecc4-44ec-8c66-f71dfd36fea1/location 200 115 ms - 88
[HTTP] 
[HTTP] --> POST /wd/hub/session/d8ff1ab7-eca2-4bc7-bcef-0730d480d145/element/be330847-ecc4-44ec-8c66-f71dfd36fea1/clear
[HTTP] {"id":"be330847-ecc4-44ec-8c66-f71dfd36fea1"}
[HTTP] <-- POST /wd/hub/session/d8ff1ab7-eca2-4bc7-bcef-0730d480d145/element/be330847-ecc4-44ec-8c66-f71dfd36fea1/clear 200 39 ms - 89
[HTTP] 
[HTTP] --> POST /wd/hub/session/d8ff1ab7-eca2-4bc7-bcef-0730d480d145/element/be330847-ecc4-44ec-8c66-f71dfd36fea1/value
[HTTP] {"id":"be330847-ecc4-44ec-8c66-f71dfd36fea1","value":["081215161452"]}
[HTTP] <-- POST /wd/hub/session/d8ff1ab7-eca2-4bc7-bcef-0730d480d145/element/be330847-ecc4-44ec-8c66-f71dfd36fea1/value 200 1161 ms - 74
[HTTP] 
[HTTP] --> GET /wd/hub/session/d8ff1ab7-eca2-4bc7-bcef-0730d480d145/window/current/size
[HTTP] {}
[W3C] Driver proxy active, passing request on via HTTP proxy
[JSONWP Proxy] Replacing sessionId 4312b6cb-823d-4962-b087-5709027e7825 with d8ff1ab7-eca2-4bc7-bcef-0730d480d145
[HTTP] <-- GET /wd/hub/session/d8ff1ab7-eca2-4bc7-bcef-0730d480d145/window/current/size 200 36 ms - 100
[HTTP] 
[HTTP] --> POST /wd/hub/session/d8ff1ab7-eca2-4bc7-bcef-0730d480d145/elements
[HTTP] {"using":"-android uiautomator","value":"new UiSelector().className(\"android.widget.Button\").text(\"MASUK\").resourceId(\"id.co.fundtastic.client:id/btnLogin\").instance(0)"}
[HTTP] <-- POST /wd/hub/session/d8ff1ab7-eca2-4bc7-bcef-0730d480d145/elements 200 434 ms - 124
[HTTP] 
[HTTP] --> GET /wd/hub/session/d8ff1ab7-eca2-4bc7-bcef-0730d480d145
[HTTP] {}
[HTTP] <-- GET /wd/hub/session/d8ff1ab7-eca2-4bc7-bcef-0730d480d145 200 14 ms - 1167
[HTTP] 
[HTTP] --> GET /wd/hub/session/d8ff1ab7-eca2-4bc7-bcef-0730d480d145
[HTTP] {}
[HTTP] <-- GET /wd/hub/session/d8ff1ab7-eca2-4bc7-bcef-0730d480d145 200 11 ms - 1167
[HTTP] 
[HTTP] --> GET /wd/hub/session/d8ff1ab7-eca2-4bc7-bcef-0730d480d145
[HTTP] {}
[HTTP] <-- GET /wd/hub/session/d8ff1ab7-eca2-4bc7-bcef-0730d480d145 200 12 ms - 1167
[HTTP] 
[HTTP] --> GET /wd/hub/session/d8ff1ab7-eca2-4bc7-bcef-0730d480d145
[HTTP] {}
[HTTP] <-- GET /wd/hub/session/d8ff1ab7-eca2-4bc7-bcef-0730d480d145 200 11 ms - 1167
[HTTP] 
[HTTP] --> GET /wd/hub/session/d8ff1ab7-eca2-4bc7-bcef-0730d480d145/element/ba203d0d-4ad0-4cea-9ff4-64874bbe8eb8/location
[HTTP] {}
[W3C] Driver proxy active, passing request on via HTTP proxy
[JSONWP Proxy] Replacing sessionId 4312b6cb-823d-4962-b087-5709027e7825 with d8ff1ab7-eca2-4bc7-bcef-0730d480d145
[HTTP] <-- GET /wd/hub/session/d8ff1ab7-eca2-4bc7-bcef-0730d480d145/element/ba203d0d-4ad0-4cea-9ff4-64874bbe8eb8/location 200 21 ms - 88
[HTTP] 
[HTTP] --> POST /wd/hub/session/d8ff1ab7-eca2-4bc7-bcef-0730d480d145/touch/perform
[HTTP] {"actions":[{"action":"tap","options":{"element":"ba203d0d-4ad0-4cea-9ff4-64874bbe8eb8","x":1,"y":1}}]}
[UiAutomator2] calling get location: ba203d0d-4ad0-4cea-9ff4-64874bbe8eb8
[HTTP] <-- POST /wd/hub/session/d8ff1ab7-eca2-4bc7-bcef-0730d480d145/touch/perform 200 786 ms - 76
[HTTP] 
[HTTP] --> GET /wd/hub/session/d8ff1ab7-eca2-4bc7-bcef-0730d480d145/window/current/size
[HTTP] {}
[W3C] Driver proxy active, passing request on via HTTP proxy
[JSONWP Proxy] Replacing sessionId 4312b6cb-823d-4962-b087-5709027e7825 with d8ff1ab7-eca2-4bc7-bcef-0730d480d145
[HTTP] <-- GET /wd/hub/session/d8ff1ab7-eca2-4bc7-bcef-0730d480d145/window/current/size 200 25 ms - 100
[HTTP] 
[HTTP] --> POST /wd/hub/session/d8ff1ab7-eca2-4bc7-bcef-0730d480d145/elements
[HTTP] {"using":"-android uiautomator","value":"new UiSelector().className(\"android.widget.TextView\").text(\"Verifikasi Nomor HP\").instance(0)"}
[HTTP] <-- POST /wd/hub/session/d8ff1ab7-eca2-4bc7-bcef-0730d480d145/elements 200 31 ms - 124
[HTTP] 
[HTTP] --> GET /wd/hub/session/d8ff1ab7-eca2-4bc7-bcef-0730d480d145
[HTTP] {}
[HTTP] <-- GET /wd/hub/session/d8ff1ab7-eca2-4bc7-bcef-0730d480d145 200 23 ms - 1167
[HTTP] 
[HTTP] --> GET /wd/hub/session/d8ff1ab7-eca2-4bc7-bcef-0730d480d145
[HTTP] {}
[HTTP] <-- GET /wd/hub/session/d8ff1ab7-eca2-4bc7-bcef-0730d480d145 200 13 ms - 1167
[HTTP] 
[HTTP] --> GET /wd/hub/session/d8ff1ab7-eca2-4bc7-bcef-0730d480d145
[HTTP] {}
[HTTP] <-- GET /wd/hub/session/d8ff1ab7-eca2-4bc7-bcef-0730d480d145 200 16 ms - 1167
[HTTP] 
[HTTP] --> GET /wd/hub/session/d8ff1ab7-eca2-4bc7-bcef-0730d480d145
[HTTP] {}
[HTTP] <-- GET /wd/hub/session/d8ff1ab7-eca2-4bc7-bcef-0730d480d145 200 14 ms - 1167
[HTTP] 
[HTTP] --> GET /wd/hub/session/d8ff1ab7-eca2-4bc7-bcef-0730d480d145/element/7988dd3d-22f8-4169-8038-8885d87d350c/location
[HTTP] {}
[W3C] Driver proxy active, passing request on via HTTP proxy
[JSONWP Proxy] Replacing sessionId 4312b6cb-823d-4962-b087-5709027e7825 with d8ff1ab7-eca2-4bc7-bcef-0730d480d145
[HTTP] <-- GET /wd/hub/session/d8ff1ab7-eca2-4bc7-bcef-0730d480d145/element/7988dd3d-22f8-4169-8038-8885d87d350c/location 200 23 ms - 89
[HTTP] 
[HTTP] --> GET /wd/hub/session/d8ff1ab7-eca2-4bc7-bcef-0730d480d145/element/7988dd3d-22f8-4169-8038-8885d87d350c/text
[HTTP] {}
[W3C] Driver proxy active, passing request on via HTTP proxy
[JSONWP Proxy] Replacing sessionId 4312b6cb-823d-4962-b087-5709027e7825 with d8ff1ab7-eca2-4bc7-bcef-0730d480d145
[HTTP] <-- GET /wd/hub/session/d8ff1ab7-eca2-4bc7-bcef-0730d480d145/element/7988dd3d-22f8-4169-8038-8885d87d350c/text 200 30 ms - 93
[HTTP] 
[HTTP] --> GET /wd/hub/session/d8ff1ab7-eca2-4bc7-bcef-0730d480d145/window/current/size
[HTTP] {}
[W3C] Driver proxy active, passing request on via HTTP proxy
[JSONWP Proxy] Replacing sessionId 4312b6cb-823d-4962-b087-5709027e7825 with d8ff1ab7-eca2-4bc7-bcef-0730d480d145
[HTTP] <-- GET /wd/hub/session/d8ff1ab7-eca2-4bc7-bcef-0730d480d145/window/current/size 200 24 ms - 100
[HTTP] 
[HTTP] --> POST /wd/hub/session/d8ff1ab7-eca2-4bc7-bcef-0730d480d145/elements
[HTTP] {"using":"-android uiautomator","value":"new UiSelector().className(\"android.widget.EditText\").resourceId(\"id.co.fundtastic.client:id/et_otp\").instance(0)"}
[HTTP] <-- POST /wd/hub/session/d8ff1ab7-eca2-4bc7-bcef-0730d480d145/elements 200 565 ms - 124
[HTTP] 
[HTTP] --> GET /wd/hub/session/d8ff1ab7-eca2-4bc7-bcef-0730d480d145
[HTTP] {}
[HTTP] <-- GET /wd/hub/session/d8ff1ab7-eca2-4bc7-bcef-0730d480d145 200 28 ms - 1167
[HTTP] 
[HTTP] --> GET /wd/hub/session/d8ff1ab7-eca2-4bc7-bcef-0730d480d145
[HTTP] {}
[HTTP] <-- GET /wd/hub/session/d8ff1ab7-eca2-4bc7-bcef-0730d480d145 200 72 ms - 1167
[HTTP] 
[HTTP] --> GET /wd/hub/session/d8ff1ab7-eca2-4bc7-bcef-0730d480d145
[HTTP] {}
[HTTP] <-- GET /wd/hub/session/d8ff1ab7-eca2-4bc7-bcef-0730d480d145 200 67 ms - 1167
[HTTP] 
[HTTP] --> GET /wd/hub/session/d8ff1ab7-eca2-4bc7-bcef-0730d480d145
[HTTP] {}
[HTTP] <-- GET /wd/hub/session/d8ff1ab7-eca2-4bc7-bcef-0730d480d145 200 27 ms - 1167
[HTTP] 
[HTTP] --> GET /wd/hub/session/d8ff1ab7-eca2-4bc7-bcef-0730d480d145/element/ad2f25cd-a528-4259-94a3-15658ab2fadc/location
[HTTP] {}
[W3C] Driver proxy active, passing request on via HTTP proxy
[JSONWP Proxy] Replacing sessionId 4312b6cb-823d-4962-b087-5709027e7825 with d8ff1ab7-eca2-4bc7-bcef-0730d480d145
[HTTP] <-- GET /wd/hub/session/d8ff1ab7-eca2-4bc7-bcef-0730d480d145/element/ad2f25cd-a528-4259-94a3-15658ab2fadc/location 200 49 ms - 89
[HTTP] 
[HTTP] --> POST /wd/hub/session/d8ff1ab7-eca2-4bc7-bcef-0730d480d145/touch/perform
[HTTP] {"actions":[{"action":"tap","options":{"element":"ad2f25cd-a528-4259-94a3-15658ab2fadc","x":1,"y":1}}]}
[UiAutomator2] calling get location: ad2f25cd-a528-4259-94a3-15658ab2fadc
[HTTP] <-- POST /wd/hub/session/d8ff1ab7-eca2-4bc7-bcef-0730d480d145/touch/perform 200 748 ms - 76
[HTTP] 
[HTTP] --> GET /wd/hub/session/d8ff1ab7-eca2-4bc7-bcef-0730d480d145/window/current/size
[HTTP] {}
[W3C] Driver proxy active, passing request on via HTTP proxy
[JSONWP Proxy] Replacing sessionId 4312b6cb-823d-4962-b087-5709027e7825 with d8ff1ab7-eca2-4bc7-bcef-0730d480d145
[HTTP] <-- GET /wd/hub/session/d8ff1ab7-eca2-4bc7-bcef-0730d480d145/window/current/size 200 66 ms - 100
[HTTP] 
[HTTP] --> POST /wd/hub/session/d8ff1ab7-eca2-4bc7-bcef-0730d480d145/elements
[HTTP] {"using":"-android uiautomator","value":"new UiSelector().className(\"android.widget.EditText\").resourceId(\"id.co.fundtastic.client:id/et_otp\").instance(0)"}
[HTTP] <-- POST /wd/hub/session/d8ff1ab7-eca2-4bc7-bcef-0730d480d145/elements 200 99 ms - 124
[HTTP] 
[HTTP] --> GET /wd/hub/session/d8ff1ab7-eca2-4bc7-bcef-0730d480d145
[HTTP] {}
[HTTP] <-- GET /wd/hub/session/d8ff1ab7-eca2-4bc7-bcef-0730d480d145 200 32 ms - 1167
[HTTP] 
[HTTP] --> GET /wd/hub/session/d8ff1ab7-eca2-4bc7-bcef-0730d480d145
[HTTP] {}
[HTTP] <-- GET /wd/hub/session/d8ff1ab7-eca2-4bc7-bcef-0730d480d145 200 49 ms - 1167
[HTTP] 
[HTTP] --> GET /wd/hub/session/d8ff1ab7-eca2-4bc7-bcef-0730d480d145
[HTTP] {}
[HTTP] <-- GET /wd/hub/session/d8ff1ab7-eca2-4bc7-bcef-0730d480d145 200 43 ms - 1167
[HTTP] 
[HTTP] --> GET /wd/hub/session/d8ff1ab7-eca2-4bc7-bcef-0730d480d145
[HTTP] {}
[HTTP] <-- GET /wd/hub/session/d8ff1ab7-eca2-4bc7-bcef-0730d480d145 200 96 ms - 1167
[HTTP] 
[HTTP] --> GET /wd/hub/session/d8ff1ab7-eca2-4bc7-bcef-0730d480d145/element/ce0d8863-2d88-4b44-bbc6-69072f0fab70/location
[HTTP] {}
[W3C] Driver proxy active, passing request on via HTTP proxy
[JSONWP Proxy] Replacing sessionId 4312b6cb-823d-4962-b087-5709027e7825 with d8ff1ab7-eca2-4bc7-bcef-0730d480d145
[HTTP] <-- GET /wd/hub/session/d8ff1ab7-eca2-4bc7-bcef-0730d480d145/element/ce0d8863-2d88-4b44-bbc6-69072f0fab70/location 200 121 ms - 89
[HTTP] 
[HTTP] --> POST /wd/hub/session/d8ff1ab7-eca2-4bc7-bcef-0730d480d145/element/ce0d8863-2d88-4b44-bbc6-69072f0fab70/clear
[HTTP] {"id":"ce0d8863-2d88-4b44-bbc6-69072f0fab70"}
[HTTP] <-- POST /wd/hub/session/d8ff1ab7-eca2-4bc7-bcef-0730d480d145/element/ce0d8863-2d88-4b44-bbc6-69072f0fab70/clear 200 456 ms - 89
[HTTP] 
[HTTP] --> POST /wd/hub/session/d8ff1ab7-eca2-4bc7-bcef-0730d480d145/element/ce0d8863-2d88-4b44-bbc6-69072f0fab70/value
[HTTP] {"id":"ce0d8863-2d88-4b44-bbc6-69072f0fab70","value":["8888"]}
[HTTP] <-- POST /wd/hub/session/d8ff1ab7-eca2-4bc7-bcef-0730d480d145/element/ce0d8863-2d88-4b44-bbc6-69072f0fab70/value 200 951 ms - 74
[HTTP] 
[HTTP] --> GET /wd/hub/session/d8ff1ab7-eca2-4bc7-bcef-0730d480d145/window/current/size
[HTTP] {}
[W3C] Driver proxy active, passing request on via HTTP proxy
[JSONWP Proxy] Replacing sessionId 4312b6cb-823d-4962-b087-5709027e7825 with d8ff1ab7-eca2-4bc7-bcef-0730d480d145
[HTTP] <-- GET /wd/hub/session/d8ff1ab7-eca2-4bc7-bcef-0730d480d145/window/current/size 200 39 ms - 100
[HTTP] 
[HTTP] --> POST /wd/hub/session/d8ff1ab7-eca2-4bc7-bcef-0730d480d145/elements
[HTTP] {"using":"-android uiautomator","value":"new UiSelector().className(\"android.widget.Button\").text(\"Verifikasi Sekarang\").resourceId(\"id.co.fundtastic.client:id/btnVerified\").instance(0)"}
[HTTP] <-- POST /wd/hub/session/d8ff1ab7-eca2-4bc7-bcef-0730d480d145/elements 200 907 ms - 124
[HTTP] 
[HTTP] --> GET /wd/hub/session/d8ff1ab7-eca2-4bc7-bcef-0730d480d145
[HTTP] {}
[HTTP] <-- GET /wd/hub/session/d8ff1ab7-eca2-4bc7-bcef-0730d480d145 200 12 ms - 1167
[HTTP] 
[HTTP] --> GET /wd/hub/session/d8ff1ab7-eca2-4bc7-bcef-0730d480d145
[HTTP] {}
[HTTP] <-- GET /wd/hub/session/d8ff1ab7-eca2-4bc7-bcef-0730d480d145 200 11 ms - 1167
[HTTP] 
[HTTP] --> GET /wd/hub/session/d8ff1ab7-eca2-4bc7-bcef-0730d480d145
[HTTP] {}
[HTTP] <-- GET /wd/hub/session/d8ff1ab7-eca2-4bc7-bcef-0730d480d145 200 11 ms - 1167
[HTTP] 
[HTTP] --> GET /wd/hub/session/d8ff1ab7-eca2-4bc7-bcef-0730d480d145
[HTTP] {}
[HTTP] <-- GET /wd/hub/session/d8ff1ab7-eca2-4bc7-bcef-0730d480d145 200 18 ms - 1167
[HTTP] 
[HTTP] --> GET /wd/hub/session/d8ff1ab7-eca2-4bc7-bcef-0730d480d145/element/8598d0ab-0bae-4b4c-a99b-393973b9aa27/location
[HTTP] {}
[W3C] Driver proxy active, passing request on via HTTP proxy
[JSONWP Proxy] Replacing sessionId 4312b6cb-823d-4962-b087-5709027e7825 with d8ff1ab7-eca2-4bc7-bcef-0730d480d145
[HTTP] <-- GET /wd/hub/session/d8ff1ab7-eca2-4bc7-bcef-0730d480d145/element/8598d0ab-0bae-4b4c-a99b-393973b9aa27/location 200 19 ms - 88
[HTTP] 
[HTTP] --> POST /wd/hub/session/d8ff1ab7-eca2-4bc7-bcef-0730d480d145/touch/perform
[HTTP] {"actions":[{"action":"tap","options":{"element":"8598d0ab-0bae-4b4c-a99b-393973b9aa27","x":1,"y":1}}]}
[UiAutomator2] calling get location: 8598d0ab-0bae-4b4c-a99b-393973b9aa27
[HTTP] <-- POST /wd/hub/session/d8ff1ab7-eca2-4bc7-bcef-0730d480d145/touch/perform 200 951 ms - 76
[HTTP] 
[HTTP] --> GET /wd/hub/session/d8ff1ab7-eca2-4bc7-bcef-0730d480d145/window/current/size
[HTTP] {}
[W3C] Driver proxy active, passing request on via HTTP proxy
[JSONWP Proxy] Replacing sessionId 4312b6cb-823d-4962-b087-5709027e7825 with d8ff1ab7-eca2-4bc7-bcef-0730d480d145
[HTTP] <-- GET /wd/hub/session/d8ff1ab7-eca2-4bc7-bcef-0730d480d145/window/current/size 200 173 ms - 100
[HTTP] 
[HTTP] --> POST /wd/hub/session/d8ff1ab7-eca2-4bc7-bcef-0730d480d145/elements
[HTTP] {"using":"-android uiautomator","value":"new UiSelector().className(\"android.widget.ImageView\").resourceId(\"id.co.fundtastic.client:id/icon\").instance(13)"}
[HTTP] <-- POST /wd/hub/session/d8ff1ab7-eca2-4bc7-bcef-0730d480d145/elements 200 1226 ms - 277
[HTTP] 
[HTTP] --> GET /wd/hub/session/d8ff1ab7-eca2-4bc7-bcef-0730d480d145
[HTTP] {}
[HTTP] <-- GET /wd/hub/session/d8ff1ab7-eca2-4bc7-bcef-0730d480d145 200 14 ms - 1167
[HTTP] 
[HTTP] --> GET /wd/hub/session/d8ff1ab7-eca2-4bc7-bcef-0730d480d145
[HTTP] {}
[HTTP] <-- GET /wd/hub/session/d8ff1ab7-eca2-4bc7-bcef-0730d480d145 200 13 ms - 1167
[HTTP] 
[HTTP] --> GET /wd/hub/session/d8ff1ab7-eca2-4bc7-bcef-0730d480d145
[HTTP] {}
[HTTP] <-- GET /wd/hub/session/d8ff1ab7-eca2-4bc7-bcef-0730d480d145 200 22 ms - 1167
[HTTP] 
[HTTP] --> GET /wd/hub/session/d8ff1ab7-eca2-4bc7-bcef-0730d480d145
[HTTP] {}
[HTTP] <-- GET /wd/hub/session/d8ff1ab7-eca2-4bc7-bcef-0730d480d145 200 29 ms - 1167
[HTTP] 
[HTTP] --> GET /wd/hub/session/d8ff1ab7-eca2-4bc7-bcef-0730d480d145
[HTTP] {}
[HTTP] <-- GET /wd/hub/session/d8ff1ab7-eca2-4bc7-bcef-0730d480d145 200 12 ms - 1167
[HTTP] 
[HTTP] --> GET /wd/hub/session/d8ff1ab7-eca2-4bc7-bcef-0730d480d145
[HTTP] {}
[HTTP] <-- GET /wd/hub/session/d8ff1ab7-eca2-4bc7-bcef-0730d480d145 200 12 ms - 1167
[HTTP] 
[HTTP] --> GET /wd/hub/session/d8ff1ab7-eca2-4bc7-bcef-0730d480d145
[HTTP] {}
[HTTP] <-- GET /wd/hub/session/d8ff1ab7-eca2-4bc7-bcef-0730d480d145 200 13 ms - 1167
[HTTP] 
[HTTP] --> GET /wd/hub/session/d8ff1ab7-eca2-4bc7-bcef-0730d480d145
[HTTP] {}
[HTTP] <-- GET /wd/hub/session/d8ff1ab7-eca2-4bc7-bcef-0730d480d145 200 13 ms - 1167
[HTTP] 
[HTTP] --> GET /wd/hub/session/d8ff1ab7-eca2-4bc7-bcef-0730d480d145
[HTTP] {}
[HTTP] <-- GET /wd/hub/session/d8ff1ab7-eca2-4bc7-bcef-0730d480d145 200 13 ms - 1167
[HTTP] 
[HTTP] --> GET /wd/hub/session/d8ff1ab7-eca2-4bc7-bcef-0730d480d145
[HTTP] {}
[HTTP] <-- GET /wd/hub/session/d8ff1ab7-eca2-4bc7-bcef-0730d480d145 200 16 ms - 1167
[HTTP] 
[HTTP] --> GET /wd/hub/session/d8ff1ab7-eca2-4bc7-bcef-0730d480d145
[HTTP] {}
[HTTP] <-- GET /wd/hub/session/d8ff1ab7-eca2-4bc7-bcef-0730d480d145 200 15 ms - 1167
[HTTP] 
[HTTP] --> GET /wd/hub/session/d8ff1ab7-eca2-4bc7-bcef-0730d480d145
[HTTP] {}
[HTTP] <-- GET /wd/hub/session/d8ff1ab7-eca2-4bc7-bcef-0730d480d145 200 11 ms - 1167
[HTTP] 
[HTTP] --> GET /wd/hub/session/d8ff1ab7-eca2-4bc7-bcef-0730d480d145
[HTTP] {}
[HTTP] <-- GET /wd/hub/session/d8ff1ab7-eca2-4bc7-bcef-0730d480d145 200 10 ms - 1167
[HTTP] 
[HTTP] --> GET /wd/hub/session/d8ff1ab7-eca2-4bc7-bcef-0730d480d145
[HTTP] {}
[HTTP] <-- GET /wd/hub/session/d8ff1ab7-eca2-4bc7-bcef-0730d480d145 200 10 ms - 1167
[HTTP] 
[HTTP] --> GET /wd/hub/session/d8ff1ab7-eca2-4bc7-bcef-0730d480d145
[HTTP] {}
[HTTP] <-- GET /wd/hub/session/d8ff1ab7-eca2-4bc7-bcef-0730d480d145 200 12 ms - 1167
[HTTP] 
[HTTP] --> GET /wd/hub/session/d8ff1ab7-eca2-4bc7-bcef-0730d480d145
[HTTP] {}
[HTTP] <-- GET /wd/hub/session/d8ff1ab7-eca2-4bc7-bcef-0730d480d145 200 12 ms - 1167
[HTTP] 
[HTTP] --> GET /wd/hub/session/d8ff1ab7-eca2-4bc7-bcef-0730d480d145/element/a080c560-368b-4617-8b29-774c96feb2f5/location
[HTTP] {}
[W3C] Driver proxy active, passing request on via HTTP proxy
[JSONWP Proxy] Replacing sessionId 4312b6cb-823d-4962-b087-5709027e7825 with d8ff1ab7-eca2-4bc7-bcef-0730d480d145
[HTTP] <-- GET /wd/hub/session/d8ff1ab7-eca2-4bc7-bcef-0730d480d145/element/a080c560-368b-4617-8b29-774c96feb2f5/location 200 349 ms - 90
[HTTP] 
[HTTP] --> POST /wd/hub/session/d8ff1ab7-eca2-4bc7-bcef-0730d480d145/touch/perform
[HTTP] {"actions":[{"action":"tap","options":{"element":"a080c560-368b-4617-8b29-774c96feb2f5","x":1,"y":1}}]}
[UiAutomator2] calling get location: a080c560-368b-4617-8b29-774c96feb2f5
[HTTP] <-- POST /wd/hub/session/d8ff1ab7-eca2-4bc7-bcef-0730d480d145/touch/perform 200 771 ms - 76
[HTTP] 
[HTTP] --> GET /wd/hub/session/d8ff1ab7-eca2-4bc7-bcef-0730d480d145/context
[HTTP] {}
[HTTP] <-- GET /wd/hub/session/d8ff1ab7-eca2-4bc7-bcef-0730d480d145/context 200 3 ms - 84
[HTTP] 
[HTTP] --> GET /wd/hub/session/d8ff1ab7-eca2-4bc7-bcef-0730d480d145/contexts
[HTTP] {}
[HTTP] <-- GET /wd/hub/session/d8ff1ab7-eca2-4bc7-bcef-0730d480d145/contexts 200 45 ms - 127
[HTTP] 
[HTTP] --> POST /wd/hub/session/d8ff1ab7-eca2-4bc7-bcef-0730d480d145/context
[HTTP] {"name":"NATIVE_APP"}
[HTTP] <-- POST /wd/hub/session/d8ff1ab7-eca2-4bc7-bcef-0730d480d145/context 200 49 ms - 76
[HTTP] 
[HTTP] --> GET /wd/hub/session/d8ff1ab7-eca2-4bc7-bcef-0730d480d145/screenshot
[HTTP] {}
[HTTP] <-- GET /wd/hub/session/d8ff1ab7-eca2-4bc7-bcef-0730d480d145/screenshot 200 498 ms - 422076
[HTTP] 
[HTTP] --> POST /wd/hub/session/d8ff1ab7-eca2-4bc7-bcef-0730d480d145/context
[HTTP] {"name":"NATIVE_APP"}
[HTTP] <-- POST /wd/hub/session/d8ff1ab7-eca2-4bc7-bcef-0730d480d145/context 200 28 ms - 76
[HTTP] 
[HTTP] --> DELETE /wd/hub/session/d8ff1ab7-eca2-4bc7-bcef-0730d480d145
[HTTP] {}
[Appium] Removing session d8ff1ab7-eca2-4bc7-bcef-0730d480d145 from our master session list
[ADB] id.co.fundtastic.client was successfully uninstalled
[HTTP] <-- DELETE /wd/hub/session/d8ff1ab7-eca2-4bc7-bcef-0730d480d145 200 1547 ms - 76
[HTTP] 
