[Appium] Welcome to Appium v1.8.1
[Appium] Non-default server args:
[Appium]   port: 54589
[Appium]   loglevel: info
[Appium]   chromeDriverPort: 54590
[Appium]   tmpDir: /var/folders/ts/p6rxgpw53_d96xw60slkng7m0000gn/T//Katalon/Appium/Temp1562126268543
[Appium] Appium REST http interface listener started on 0.0.0.0:54589
[HTTP] --> GET /wd/hub/status
[HTTP] {}
[HTTP] <-- GET /wd/hub/status 200 23 ms - 83
[HTTP] 
[HTTP] --> POST /wd/hub/session
[HTTP] {"desiredCapabilities":{"app":"/Users/ustore/Downloads/Development.apk","autoGrantPermissions":true,"automationName":"uiautomator2","deviceName":"emulator-5554 (Android SDK built for x86 - Android 9)","fullReset":true,"newCommandTimeout":1800,"noReset":false,"platform":"ANDROID","platformName":"Android","udid":"emulator-5554"},"capabilities":{"desiredCapabilities":{"app":"/Users/ustore/Downloads/Development.apk","autoGrantPermissions":true,"automationName":"uiautomator2","deviceName":"emulator-5554 (Android SDK built for x86 - Android 9)","fullReset":true,"newCommandTimeout":1800,"noReset":false,"platform":"ANDROID","platformName":"Android","udid":"emulator-5554"},"firstMatch":[{"platformName":"android"}]}}
[Appium] Could not parse W3C capabilities: 'deviceName' can't be blank. Falling back to JSONWP protocol.
[Appium] The following capabilities were provided in the JSONWP desired capabilities that are missing in W3C capabilities: ["app","autoGrantPermissions","automationName","deviceName","fullReset","newCommandTimeout","noReset","platform","platformName","udid"]. Falling back to JSONWP protocol.
[Appium] Creating new AndroidUiautomator2Driver (v1.12.0) session
[Appium] Capabilities:
[Appium]   app: /Users/ustore/Downloads/Development.apk
[Appium]   autoGrantPermissions: true
[Appium]   automationName: uiautomator2
[Appium]   deviceName: emulator-5554 (Android SDK built for x86 - Android 9)
[Appium]   fullReset: true
[Appium]   newCommandTimeout: 1800
[Appium]   noReset: false
[Appium]   platform: ANDROID
[Appium]   platformName: Android
[Appium]   udid: emulator-5554
[BaseDriver] The following capabilities were provided, but are not recognized by appium: platform.
[BaseDriver] Session created with session id: 3f1157a7-1a26-4d13-bf2c-7fd44eaac78c
[BaseDriver] Using local app '/Users/ustore/Downloads/Development.apk'
[AndroidDriver] Java version is: 1.8.0_181
[ADB] Checking whether adb is present
[ADB] Found 1 'build-tools' folders under '/Users/ustore/.katalon/tools/android_sdk' (newest first):
[ADB]     /Users/ustore/.katalon/tools/android_sdk/build-tools/28.0.3
[ADB] Using adb from /Users/ustore/.katalon/tools/android_sdk/platform-tools/adb
[AndroidDriver] Retrieving device list
[AndroidDriver] Using device: emulator-5554
[ADB] Using the alternative activity name detection method because of: Could not find apkanalyzer in /Users/ustore/.katalon/tools/android_sdk/platform-tools/apkanalyzer,/Users/ustore/.katalon/tools/android_sdk/emulator/apkanalyzer,/Users/ustore/.katalon/tools/android_sdk/tools/apkanalyzer,/Users/ustore/.katalon/tools/android_sdk/tools/bin/apkanalyzer,/Users/ustore/.katalon/tools/android_sdk/build-tools/28.0.3/apkanalyzer. Do you have the Android SDK installed at '/Users/ustore/.katalon/tools/android_sdk'?
[ADB] Checking whether aapt is present
[ADB] Using aapt from /Users/ustore/.katalon/tools/android_sdk/build-tools/28.0.3/aapt
[ADB] Extracting package and launch activity from manifest
[ADB] Package name: 'id.co.fundtastic.client'
[ADB] Main activity name: 'id.co.fundtastic.client.splash.presentation.SplashActivity'
[ADB] Getting device platform version
[ADB] Using apksigner from /Users/ustore/.katalon/tools/android_sdk/build-tools/28.0.3/apksigner
[ADB] Cannot read version codes of '/usr/local/lib/node_modules/appium/node_modules/appium-uiautomator2-server/apks/appium-uiautomator2-server-debug-androidTest.apk' and/or 'io.appium.uiautomator2.server.test'
[ADB] Cannot read version names of '/usr/local/lib/node_modules/appium/node_modules/appium-uiautomator2-server/apks/appium-uiautomator2-server-debug-androidTest.apk' and/or 'io.appium.uiautomator2.server.test'. Assuming correct app version is already installed
[AndroidDriver] setDeviceLanguageCountry requires language or country.
[AndroidDriver] Got language: 'null' and country: 'null'
[ADB] Successfully extracted 194 strings from '/Users/ustore/Downloads/Development.apk' resources for '(default)' configuration
[ADB] id.co.fundtastic.client was successfully uninstalled
[UiAutomator2] Starting uiautomator2 server 1.12.0
[UiAutomator2] Using UIAutomator2 server from '/usr/local/lib/node_modules/appium/node_modules/appium-uiautomator2-server/apks/appium-uiautomator2-server-v1.12.0.apk' and test from '/usr/local/lib/node_modules/appium/node_modules/appium-uiautomator2-server/apks/appium-uiautomator2-server-debug-androidTest.apk'
[UiAutomator2] Running command: 'adb -s emulator-5554 shell am instrument -w io.appium.uiautomator2.server.test/android.support.test.runner.AndroidJUnitRunner'
[UiAutomator2] Waiting up to 20000ms for UiAutomator2 to be online...
[AndroidDriver] Screen already unlocked, doing nothing
[UiAutomator2] UiAutomator2 did not start the activity we were waiting for, 'id.co.fundtastic.client/id.co.fundtastic.client.splash.presentation.SplashActivity'. Starting it ourselves
[Appium] New AndroidUiautomator2Driver session created successfully, session 3f1157a7-1a26-4d13-bf2c-7fd44eaac78c added to master session list
[HTTP] <-- POST /wd/hub/session 200 19330 ms - 1167
[HTTP] 
[HTTP] --> GET /wd/hub/status
[HTTP] {}
[HTTP] <-- GET /wd/hub/status 200 37 ms - 55
[HTTP] 
[HTTP] --> POST /wd/hub/session/3f1157a7-1a26-4d13-bf2c-7fd44eaac78c/timeouts
[HTTP] {"type":"implicit","ms":30000}
[HTTP] <-- POST /wd/hub/session/3f1157a7-1a26-4d13-bf2c-7fd44eaac78c/timeouts 400 35 ms - 4196
[HTTP] 
[HTTP] --> GET /wd/hub/session/3f1157a7-1a26-4d13-bf2c-7fd44eaac78c/window/current/size
[HTTP] {}
[W3C] Driver proxy active, passing request on via HTTP proxy
[JSONWP Proxy] Replacing sessionId 341be528-ecf3-46fb-8e4c-1b1986b05ef3 with 3f1157a7-1a26-4d13-bf2c-7fd44eaac78c
[HTTP] <-- GET /wd/hub/session/3f1157a7-1a26-4d13-bf2c-7fd44eaac78c/window/current/size 200 117 ms - 100
[HTTP] 
[HTTP] --> POST /wd/hub/session/3f1157a7-1a26-4d13-bf2c-7fd44eaac78c/elements
[HTTP] {"using":"-android uiautomator","value":"new UiSelector().className(\"android.widget.TextView\").text(\"Mulailah berinvestasi untuk meraih mimpimu\").instance(0)"}
[HTTP] <-- POST /wd/hub/session/3f1157a7-1a26-4d13-bf2c-7fd44eaac78c/elements 200 252 ms - 74
[HTTP] 
[HTTP] --> POST /wd/hub/session/3f1157a7-1a26-4d13-bf2c-7fd44eaac78c/elements
[HTTP] {"using":"-android uiautomator","value":"new UiSelector().className(\"android.widget.TextView\").text(\"Mulailah berinvestasi untuk meraih mimpimu\").instance(0)"}
[HTTP] <-- POST /wd/hub/session/3f1157a7-1a26-4d13-bf2c-7fd44eaac78c/elements 200 185 ms - 74
[HTTP] 
[HTTP] --> POST /wd/hub/session/3f1157a7-1a26-4d13-bf2c-7fd44eaac78c/elements
[HTTP] {"using":"-android uiautomator","value":"new UiSelector().className(\"android.widget.TextView\").text(\"Mulailah berinvestasi untuk meraih mimpimu\").instance(0)"}
[HTTP] <-- POST /wd/hub/session/3f1157a7-1a26-4d13-bf2c-7fd44eaac78c/elements 200 615 ms - 74
[HTTP] 
[HTTP] --> POST /wd/hub/session/3f1157a7-1a26-4d13-bf2c-7fd44eaac78c/elements
[HTTP] {"using":"-android uiautomator","value":"new UiSelector().className(\"android.widget.TextView\").text(\"Mulailah berinvestasi untuk meraih mimpimu\").instance(0)"}
[HTTP] <-- POST /wd/hub/session/3f1157a7-1a26-4d13-bf2c-7fd44eaac78c/elements 200 46 ms - 74
[HTTP] 
[HTTP] --> POST /wd/hub/session/3f1157a7-1a26-4d13-bf2c-7fd44eaac78c/elements
[HTTP] {"using":"-android uiautomator","value":"new UiSelector().className(\"android.widget.TextView\").text(\"Mulailah berinvestasi untuk meraih mimpimu\").instance(0)"}
[HTTP] <-- POST /wd/hub/session/3f1157a7-1a26-4d13-bf2c-7fd44eaac78c/elements 200 35 ms - 74
[HTTP] 
[HTTP] --> POST /wd/hub/session/3f1157a7-1a26-4d13-bf2c-7fd44eaac78c/elements
[HTTP] {"using":"-android uiautomator","value":"new UiSelector().className(\"android.widget.TextView\").text(\"Mulailah berinvestasi untuk meraih mimpimu\").instance(0)"}
[HTTP] <-- POST /wd/hub/session/3f1157a7-1a26-4d13-bf2c-7fd44eaac78c/elements 200 97 ms - 74
[HTTP] 
[HTTP] --> POST /wd/hub/session/3f1157a7-1a26-4d13-bf2c-7fd44eaac78c/elements
[HTTP] {"using":"-android uiautomator","value":"new UiSelector().className(\"android.widget.TextView\").text(\"Mulailah berinvestasi untuk meraih mimpimu\").instance(0)"}
[HTTP] <-- POST /wd/hub/session/3f1157a7-1a26-4d13-bf2c-7fd44eaac78c/elements 200 44 ms - 74
[HTTP] 
[HTTP] --> POST /wd/hub/session/3f1157a7-1a26-4d13-bf2c-7fd44eaac78c/elements
[HTTP] {"using":"-android uiautomator","value":"new UiSelector().className(\"android.widget.TextView\").text(\"Mulailah berinvestasi untuk meraih mimpimu\").instance(0)"}
[HTTP] <-- POST /wd/hub/session/3f1157a7-1a26-4d13-bf2c-7fd44eaac78c/elements 200 60 ms - 74
[HTTP] 
[HTTP] --> POST /wd/hub/session/3f1157a7-1a26-4d13-bf2c-7fd44eaac78c/elements
[HTTP] {"using":"-android uiautomator","value":"new UiSelector().className(\"android.widget.TextView\").text(\"Mulailah berinvestasi untuk meraih mimpimu\").instance(0)"}
[HTTP] <-- POST /wd/hub/session/3f1157a7-1a26-4d13-bf2c-7fd44eaac78c/elements 200 53 ms - 74
[HTTP] 
[HTTP] --> POST /wd/hub/session/3f1157a7-1a26-4d13-bf2c-7fd44eaac78c/elements
[HTTP] {"using":"-android uiautomator","value":"new UiSelector().className(\"android.widget.TextView\").text(\"Mulailah berinvestasi untuk meraih mimpimu\").instance(0)"}
[HTTP] <-- POST /wd/hub/session/3f1157a7-1a26-4d13-bf2c-7fd44eaac78c/elements 200 55 ms - 74
[HTTP] 
[HTTP] --> POST /wd/hub/session/3f1157a7-1a26-4d13-bf2c-7fd44eaac78c/elements
[HTTP] {"using":"-android uiautomator","value":"new UiSelector().className(\"android.widget.TextView\").text(\"Mulailah berinvestasi untuk meraih mimpimu\").instance(0)"}
[HTTP] <-- POST /wd/hub/session/3f1157a7-1a26-4d13-bf2c-7fd44eaac78c/elements 200 74 ms - 74
[HTTP] 
[HTTP] --> POST /wd/hub/session/3f1157a7-1a26-4d13-bf2c-7fd44eaac78c/elements
[HTTP] {"using":"-android uiautomator","value":"new UiSelector().className(\"android.widget.TextView\").text(\"Mulailah berinvestasi untuk meraih mimpimu\").instance(0)"}
[HTTP] <-- POST /wd/hub/session/3f1157a7-1a26-4d13-bf2c-7fd44eaac78c/elements 200 56 ms - 74
[HTTP] 
[HTTP] --> POST /wd/hub/session/3f1157a7-1a26-4d13-bf2c-7fd44eaac78c/elements
[HTTP] {"using":"-android uiautomator","value":"new UiSelector().className(\"android.widget.TextView\").text(\"Mulailah berinvestasi untuk meraih mimpimu\").instance(0)"}
[HTTP] <-- POST /wd/hub/session/3f1157a7-1a26-4d13-bf2c-7fd44eaac78c/elements 200 52 ms - 74
[HTTP] 
[HTTP] --> POST /wd/hub/session/3f1157a7-1a26-4d13-bf2c-7fd44eaac78c/elements
[HTTP] {"using":"-android uiautomator","value":"new UiSelector().className(\"android.widget.TextView\").text(\"Mulailah berinvestasi untuk meraih mimpimu\").instance(0)"}
[HTTP] <-- POST /wd/hub/session/3f1157a7-1a26-4d13-bf2c-7fd44eaac78c/elements 200 35 ms - 74
[HTTP] 
[HTTP] --> POST /wd/hub/session/3f1157a7-1a26-4d13-bf2c-7fd44eaac78c/elements
[HTTP] {"using":"-android uiautomator","value":"new UiSelector().className(\"android.widget.TextView\").text(\"Mulailah berinvestasi untuk meraih mimpimu\").instance(0)"}
[HTTP] <-- POST /wd/hub/session/3f1157a7-1a26-4d13-bf2c-7fd44eaac78c/elements 200 53 ms - 74
[HTTP] 
[HTTP] --> POST /wd/hub/session/3f1157a7-1a26-4d13-bf2c-7fd44eaac78c/elements
[HTTP] {"using":"-android uiautomator","value":"new UiSelector().className(\"android.widget.TextView\").text(\"Mulailah berinvestasi untuk meraih mimpimu\").instance(0)"}
[HTTP] <-- POST /wd/hub/session/3f1157a7-1a26-4d13-bf2c-7fd44eaac78c/elements 200 43 ms - 74
[HTTP] 
[HTTP] --> POST /wd/hub/session/3f1157a7-1a26-4d13-bf2c-7fd44eaac78c/elements
[HTTP] {"using":"-android uiautomator","value":"new UiSelector().className(\"android.widget.TextView\").text(\"Mulailah berinvestasi untuk meraih mimpimu\").instance(0)"}
[HTTP] <-- POST /wd/hub/session/3f1157a7-1a26-4d13-bf2c-7fd44eaac78c/elements 200 60 ms - 74
[HTTP] 
[HTTP] --> POST /wd/hub/session/3f1157a7-1a26-4d13-bf2c-7fd44eaac78c/elements
[HTTP] {"using":"-android uiautomator","value":"new UiSelector().className(\"android.widget.TextView\").text(\"Mulailah berinvestasi untuk meraih mimpimu\").instance(0)"}
[HTTP] <-- POST /wd/hub/session/3f1157a7-1a26-4d13-bf2c-7fd44eaac78c/elements 200 29 ms - 74
[HTTP] 
[HTTP] --> POST /wd/hub/session/3f1157a7-1a26-4d13-bf2c-7fd44eaac78c/elements
[HTTP] {"using":"-android uiautomator","value":"new UiSelector().className(\"android.widget.TextView\").text(\"Mulailah berinvestasi untuk meraih mimpimu\").instance(0)"}
[HTTP] <-- POST /wd/hub/session/3f1157a7-1a26-4d13-bf2c-7fd44eaac78c/elements 200 31 ms - 74
[HTTP] 
[HTTP] --> POST /wd/hub/session/3f1157a7-1a26-4d13-bf2c-7fd44eaac78c/elements
[HTTP] {"using":"-android uiautomator","value":"new UiSelector().className(\"android.widget.TextView\").text(\"Mulailah berinvestasi untuk meraih mimpimu\").instance(0)"}
[HTTP] <-- POST /wd/hub/session/3f1157a7-1a26-4d13-bf2c-7fd44eaac78c/elements 200 29 ms - 74
[HTTP] 
[HTTP] --> POST /wd/hub/session/3f1157a7-1a26-4d13-bf2c-7fd44eaac78c/elements
[HTTP] {"using":"-android uiautomator","value":"new UiSelector().className(\"android.widget.TextView\").text(\"Mulailah berinvestasi untuk meraih mimpimu\").instance(0)"}
[HTTP] <-- POST /wd/hub/session/3f1157a7-1a26-4d13-bf2c-7fd44eaac78c/elements 200 39 ms - 74
[HTTP] 
[HTTP] --> POST /wd/hub/session/3f1157a7-1a26-4d13-bf2c-7fd44eaac78c/elements
[HTTP] {"using":"-android uiautomator","value":"new UiSelector().className(\"android.widget.TextView\").text(\"Mulailah berinvestasi untuk meraih mimpimu\").instance(0)"}
[HTTP] <-- POST /wd/hub/session/3f1157a7-1a26-4d13-bf2c-7fd44eaac78c/elements 200 59 ms - 74
[HTTP] 
[HTTP] --> POST /wd/hub/session/3f1157a7-1a26-4d13-bf2c-7fd44eaac78c/elements
[HTTP] {"using":"-android uiautomator","value":"new UiSelector().className(\"android.widget.TextView\").text(\"Mulailah berinvestasi untuk meraih mimpimu\").instance(0)"}
[HTTP] <-- POST /wd/hub/session/3f1157a7-1a26-4d13-bf2c-7fd44eaac78c/elements 200 49 ms - 74
[HTTP] 
[HTTP] --> POST /wd/hub/session/3f1157a7-1a26-4d13-bf2c-7fd44eaac78c/elements
[HTTP] {"using":"-android uiautomator","value":"new UiSelector().className(\"android.widget.TextView\").text(\"Mulailah berinvestasi untuk meraih mimpimu\").instance(0)"}
[HTTP] <-- POST /wd/hub/session/3f1157a7-1a26-4d13-bf2c-7fd44eaac78c/elements 200 2228 ms - 124
[HTTP] 
[HTTP] --> GET /wd/hub/session/3f1157a7-1a26-4d13-bf2c-7fd44eaac78c
[HTTP] {}
[HTTP] <-- GET /wd/hub/session/3f1157a7-1a26-4d13-bf2c-7fd44eaac78c 200 25 ms - 1167
[HTTP] 
[HTTP] --> GET /wd/hub/session/3f1157a7-1a26-4d13-bf2c-7fd44eaac78c
[HTTP] {}
[HTTP] <-- GET /wd/hub/session/3f1157a7-1a26-4d13-bf2c-7fd44eaac78c 200 26 ms - 1167
[HTTP] 
[HTTP] --> GET /wd/hub/session/3f1157a7-1a26-4d13-bf2c-7fd44eaac78c
[HTTP] {}
[HTTP] <-- GET /wd/hub/session/3f1157a7-1a26-4d13-bf2c-7fd44eaac78c 200 40 ms - 1167
[HTTP] 
[HTTP] --> GET /wd/hub/session/3f1157a7-1a26-4d13-bf2c-7fd44eaac78c
[HTTP] {}
[HTTP] <-- GET /wd/hub/session/3f1157a7-1a26-4d13-bf2c-7fd44eaac78c 200 31 ms - 1167
[HTTP] 
[HTTP] --> GET /wd/hub/session/3f1157a7-1a26-4d13-bf2c-7fd44eaac78c/element/8094c077-46e4-4574-bc95-c5d4c21d8127/location
[HTTP] {}
[W3C] Driver proxy active, passing request on via HTTP proxy
[JSONWP Proxy] Replacing sessionId 341be528-ecf3-46fb-8e4c-1b1986b05ef3 with 3f1157a7-1a26-4d13-bf2c-7fd44eaac78c
[HTTP] <-- GET /wd/hub/session/3f1157a7-1a26-4d13-bf2c-7fd44eaac78c/element/8094c077-46e4-4574-bc95-c5d4c21d8127/location 200 91 ms - 88
[HTTP] 
[HTTP] --> GET /wd/hub/session/3f1157a7-1a26-4d13-bf2c-7fd44eaac78c/element/8094c077-46e4-4574-bc95-c5d4c21d8127/text
[HTTP] {}
[W3C] Driver proxy active, passing request on via HTTP proxy
[JSONWP Proxy] Replacing sessionId 341be528-ecf3-46fb-8e4c-1b1986b05ef3 with 3f1157a7-1a26-4d13-bf2c-7fd44eaac78c
[HTTP] <-- GET /wd/hub/session/3f1157a7-1a26-4d13-bf2c-7fd44eaac78c/element/8094c077-46e4-4574-bc95-c5d4c21d8127/text 200 1212 ms - 116
[HTTP] 
[HTTP] --> GET /wd/hub/session/3f1157a7-1a26-4d13-bf2c-7fd44eaac78c/window/current/size
[HTTP] {}
[W3C] Driver proxy active, passing request on via HTTP proxy
[JSONWP Proxy] Replacing sessionId 341be528-ecf3-46fb-8e4c-1b1986b05ef3 with 3f1157a7-1a26-4d13-bf2c-7fd44eaac78c
[HTTP] <-- GET /wd/hub/session/3f1157a7-1a26-4d13-bf2c-7fd44eaac78c/window/current/size 200 21 ms - 100
[HTTP] 
[HTTP] --> POST /wd/hub/session/3f1157a7-1a26-4d13-bf2c-7fd44eaac78c/elements
[HTTP] {"using":"-android uiautomator","value":"new UiSelector().className(\"android.widget.ImageView\").resourceId(\"id.co.fundtastic.client:id/checklist\").instance(6)"}
[HTTP] <-- POST /wd/hub/session/3f1157a7-1a26-4d13-bf2c-7fd44eaac78c/elements 200 100 ms - 124
[HTTP] 
[HTTP] --> GET /wd/hub/session/3f1157a7-1a26-4d13-bf2c-7fd44eaac78c
[HTTP] {}
[HTTP] <-- GET /wd/hub/session/3f1157a7-1a26-4d13-bf2c-7fd44eaac78c 200 19 ms - 1167
[HTTP] 
[HTTP] --> GET /wd/hub/session/3f1157a7-1a26-4d13-bf2c-7fd44eaac78c
[HTTP] {}
[HTTP] <-- GET /wd/hub/session/3f1157a7-1a26-4d13-bf2c-7fd44eaac78c 200 19 ms - 1167
[HTTP] 
[HTTP] --> GET /wd/hub/session/3f1157a7-1a26-4d13-bf2c-7fd44eaac78c
[HTTP] {}
[HTTP] <-- GET /wd/hub/session/3f1157a7-1a26-4d13-bf2c-7fd44eaac78c 200 24 ms - 1167
[HTTP] 
[HTTP] --> GET /wd/hub/session/3f1157a7-1a26-4d13-bf2c-7fd44eaac78c
[HTTP] {}
[HTTP] <-- GET /wd/hub/session/3f1157a7-1a26-4d13-bf2c-7fd44eaac78c 200 30 ms - 1167
[HTTP] 
[HTTP] --> GET /wd/hub/session/3f1157a7-1a26-4d13-bf2c-7fd44eaac78c/element/d7eeb5cd-0b33-4462-9e66-ad2ae18c6c9f/location
[HTTP] {}
[W3C] Driver proxy active, passing request on via HTTP proxy
[JSONWP Proxy] Replacing sessionId 341be528-ecf3-46fb-8e4c-1b1986b05ef3 with 3f1157a7-1a26-4d13-bf2c-7fd44eaac78c
[HTTP] <-- GET /wd/hub/session/3f1157a7-1a26-4d13-bf2c-7fd44eaac78c/element/d7eeb5cd-0b33-4462-9e66-ad2ae18c6c9f/location 200 58 ms - 90
[HTTP] 
[HTTP] --> POST /wd/hub/session/3f1157a7-1a26-4d13-bf2c-7fd44eaac78c/touch/perform
[HTTP] {"actions":[{"action":"tap","options":{"element":"d7eeb5cd-0b33-4462-9e66-ad2ae18c6c9f","x":1,"y":1}}]}
[UiAutomator2] calling get location: d7eeb5cd-0b33-4462-9e66-ad2ae18c6c9f
[HTTP] <-- POST /wd/hub/session/3f1157a7-1a26-4d13-bf2c-7fd44eaac78c/touch/perform 200 826 ms - 76
[HTTP] 
[HTTP] --> GET /wd/hub/session/3f1157a7-1a26-4d13-bf2c-7fd44eaac78c/window/current/size
[HTTP] {}
[W3C] Driver proxy active, passing request on via HTTP proxy
[JSONWP Proxy] Replacing sessionId 341be528-ecf3-46fb-8e4c-1b1986b05ef3 with 3f1157a7-1a26-4d13-bf2c-7fd44eaac78c
[HTTP] <-- GET /wd/hub/session/3f1157a7-1a26-4d13-bf2c-7fd44eaac78c/window/current/size 200 36 ms - 100
[HTTP] 
[HTTP] --> POST /wd/hub/session/3f1157a7-1a26-4d13-bf2c-7fd44eaac78c/elements
[HTTP] {"using":"-android uiautomator","value":"new UiSelector().className(\"android.widget.LinearLayout\").instance(4)"}
[HTTP] <-- POST /wd/hub/session/3f1157a7-1a26-4d13-bf2c-7fd44eaac78c/elements 200 169 ms - 124
[HTTP] 
[HTTP] --> GET /wd/hub/session/3f1157a7-1a26-4d13-bf2c-7fd44eaac78c
[HTTP] {}
[HTTP] <-- GET /wd/hub/session/3f1157a7-1a26-4d13-bf2c-7fd44eaac78c 200 38 ms - 1167
[HTTP] 
[HTTP] --> GET /wd/hub/session/3f1157a7-1a26-4d13-bf2c-7fd44eaac78c
[HTTP] {}
[HTTP] <-- GET /wd/hub/session/3f1157a7-1a26-4d13-bf2c-7fd44eaac78c 200 44 ms - 1167
[HTTP] 
[HTTP] --> GET /wd/hub/session/3f1157a7-1a26-4d13-bf2c-7fd44eaac78c
[HTTP] {}
[HTTP] <-- GET /wd/hub/session/3f1157a7-1a26-4d13-bf2c-7fd44eaac78c 200 153 ms - 1167
[HTTP] 
[HTTP] --> GET /wd/hub/session/3f1157a7-1a26-4d13-bf2c-7fd44eaac78c
[HTTP] {}
[HTTP] <-- GET /wd/hub/session/3f1157a7-1a26-4d13-bf2c-7fd44eaac78c 200 18 ms - 1167
[HTTP] 
[HTTP] --> GET /wd/hub/session/3f1157a7-1a26-4d13-bf2c-7fd44eaac78c/element/34202a57-23d2-4b8b-ba4b-aaf2615bceb8/location
[HTTP] {}
[W3C] Driver proxy active, passing request on via HTTP proxy
[JSONWP Proxy] Replacing sessionId 341be528-ecf3-46fb-8e4c-1b1986b05ef3 with 3f1157a7-1a26-4d13-bf2c-7fd44eaac78c
[HTTP] <-- GET /wd/hub/session/3f1157a7-1a26-4d13-bf2c-7fd44eaac78c/element/34202a57-23d2-4b8b-ba4b-aaf2615bceb8/location 200 86 ms - 87
[HTTP] 
[HTTP] --> POST /wd/hub/session/3f1157a7-1a26-4d13-bf2c-7fd44eaac78c/touch/perform
[HTTP] {"actions":[{"action":"tap","options":{"element":"34202a57-23d2-4b8b-ba4b-aaf2615bceb8","x":1,"y":1}}]}
[UiAutomator2] calling get location: 34202a57-23d2-4b8b-ba4b-aaf2615bceb8
[HTTP] <-- POST /wd/hub/session/3f1157a7-1a26-4d13-bf2c-7fd44eaac78c/touch/perform 200 2116 ms - 76
[HTTP] 
[HTTP] --> GET /wd/hub/session/3f1157a7-1a26-4d13-bf2c-7fd44eaac78c/context
[HTTP] {}
[HTTP] <-- GET /wd/hub/session/3f1157a7-1a26-4d13-bf2c-7fd44eaac78c/context 200 3 ms - 84
[HTTP] 
[HTTP] --> GET /wd/hub/session/3f1157a7-1a26-4d13-bf2c-7fd44eaac78c/contexts
[HTTP] {}
[HTTP] <-- GET /wd/hub/session/3f1157a7-1a26-4d13-bf2c-7fd44eaac78c/contexts 200 48 ms - 127
[HTTP] 
[HTTP] --> POST /wd/hub/session/3f1157a7-1a26-4d13-bf2c-7fd44eaac78c/context
[HTTP] {"name":"NATIVE_APP"}
[HTTP] <-- POST /wd/hub/session/3f1157a7-1a26-4d13-bf2c-7fd44eaac78c/context 200 53 ms - 76
[HTTP] 
[HTTP] --> POST /wd/hub/session/3f1157a7-1a26-4d13-bf2c-7fd44eaac78c/touch/perform
[HTTP] {"actions":[{"action":"press","options":{"x":800,"y":1000}},{"action":"wait","options":{"ms":500}},{"action":"moveTo","options":{"x":10,"y":800}}]}
[HTTP] <-- POST /wd/hub/session/3f1157a7-1a26-4d13-bf2c-7fd44eaac78c/touch/perform 200 2078 ms - 76
[HTTP] 
[HTTP] --> POST /wd/hub/session/3f1157a7-1a26-4d13-bf2c-7fd44eaac78c/context
[HTTP] {"name":"NATIVE_APP"}
[HTTP] <-- POST /wd/hub/session/3f1157a7-1a26-4d13-bf2c-7fd44eaac78c/context 200 32 ms - 76
[HTTP] 
[HTTP] --> GET /wd/hub/session/3f1157a7-1a26-4d13-bf2c-7fd44eaac78c/window/current/size
[HTTP] {}
[W3C] Driver proxy active, passing request on via HTTP proxy
[JSONWP Proxy] Replacing sessionId 341be528-ecf3-46fb-8e4c-1b1986b05ef3 with 3f1157a7-1a26-4d13-bf2c-7fd44eaac78c
[HTTP] <-- GET /wd/hub/session/3f1157a7-1a26-4d13-bf2c-7fd44eaac78c/window/current/size 200 23 ms - 100
[HTTP] 
[HTTP] --> POST /wd/hub/session/3f1157a7-1a26-4d13-bf2c-7fd44eaac78c/elements
[HTTP] {"using":"-android uiautomator","value":"new UiSelector().className(\"android.widget.LinearLayout\").instance(4)"}
[HTTP] <-- POST /wd/hub/session/3f1157a7-1a26-4d13-bf2c-7fd44eaac78c/elements 200 72 ms - 124
[HTTP] 
[HTTP] --> GET /wd/hub/session/3f1157a7-1a26-4d13-bf2c-7fd44eaac78c
[HTTP] {}
[HTTP] <-- GET /wd/hub/session/3f1157a7-1a26-4d13-bf2c-7fd44eaac78c 200 17 ms - 1284
[HTTP] 
[HTTP] --> GET /wd/hub/session/3f1157a7-1a26-4d13-bf2c-7fd44eaac78c
[HTTP] {}
[HTTP] <-- GET /wd/hub/session/3f1157a7-1a26-4d13-bf2c-7fd44eaac78c 200 18 ms - 1284
[HTTP] 
[HTTP] --> GET /wd/hub/session/3f1157a7-1a26-4d13-bf2c-7fd44eaac78c
[HTTP] {}
[HTTP] <-- GET /wd/hub/session/3f1157a7-1a26-4d13-bf2c-7fd44eaac78c 200 16 ms - 1284
[HTTP] 
[HTTP] --> GET /wd/hub/session/3f1157a7-1a26-4d13-bf2c-7fd44eaac78c
[HTTP] {}
[HTTP] <-- GET /wd/hub/session/3f1157a7-1a26-4d13-bf2c-7fd44eaac78c 200 15 ms - 1284
[HTTP] 
[HTTP] --> GET /wd/hub/session/3f1157a7-1a26-4d13-bf2c-7fd44eaac78c/element/aac041e8-ad22-4fef-b82b-d41d2e78076b/location
[HTTP] {}
[W3C] Driver proxy active, passing request on via HTTP proxy
[JSONWP Proxy] Replacing sessionId 341be528-ecf3-46fb-8e4c-1b1986b05ef3 with 3f1157a7-1a26-4d13-bf2c-7fd44eaac78c
[HTTP] <-- GET /wd/hub/session/3f1157a7-1a26-4d13-bf2c-7fd44eaac78c/element/aac041e8-ad22-4fef-b82b-d41d2e78076b/location 200 28 ms - 87
[HTTP] 
[HTTP] --> POST /wd/hub/session/3f1157a7-1a26-4d13-bf2c-7fd44eaac78c/touch/perform
[HTTP] {"actions":[{"action":"tap","options":{"element":"aac041e8-ad22-4fef-b82b-d41d2e78076b","x":1,"y":1}}]}
[UiAutomator2] calling get location: aac041e8-ad22-4fef-b82b-d41d2e78076b
[HTTP] <-- POST /wd/hub/session/3f1157a7-1a26-4d13-bf2c-7fd44eaac78c/touch/perform 200 1095 ms - 76
[HTTP] 
[HTTP] --> GET /wd/hub/session/3f1157a7-1a26-4d13-bf2c-7fd44eaac78c/context
[HTTP] {}
[HTTP] <-- GET /wd/hub/session/3f1157a7-1a26-4d13-bf2c-7fd44eaac78c/context 200 2 ms - 84
[HTTP] 
[HTTP] --> GET /wd/hub/session/3f1157a7-1a26-4d13-bf2c-7fd44eaac78c/contexts
[HTTP] {}
[HTTP] <-- GET /wd/hub/session/3f1157a7-1a26-4d13-bf2c-7fd44eaac78c/contexts 200 45 ms - 127
[HTTP] 
[HTTP] --> POST /wd/hub/session/3f1157a7-1a26-4d13-bf2c-7fd44eaac78c/context
[HTTP] {"name":"NATIVE_APP"}
[HTTP] <-- POST /wd/hub/session/3f1157a7-1a26-4d13-bf2c-7fd44eaac78c/context 200 63 ms - 76
[HTTP] 
[HTTP] --> POST /wd/hub/session/3f1157a7-1a26-4d13-bf2c-7fd44eaac78c/touch/perform
[HTTP] {"actions":[{"action":"press","options":{"x":800,"y":1000}},{"action":"wait","options":{"ms":500}},{"action":"moveTo","options":{"x":10,"y":800}}]}
[HTTP] <-- POST /wd/hub/session/3f1157a7-1a26-4d13-bf2c-7fd44eaac78c/touch/perform 200 2064 ms - 76
[HTTP] 
[HTTP] --> POST /wd/hub/session/3f1157a7-1a26-4d13-bf2c-7fd44eaac78c/context
[HTTP] {"name":"NATIVE_APP"}
[HTTP] <-- POST /wd/hub/session/3f1157a7-1a26-4d13-bf2c-7fd44eaac78c/context 200 41 ms - 76
[HTTP] 
[HTTP] --> GET /wd/hub/session/3f1157a7-1a26-4d13-bf2c-7fd44eaac78c/window/current/size
[HTTP] {}
[W3C] Driver proxy active, passing request on via HTTP proxy
[JSONWP Proxy] Replacing sessionId 341be528-ecf3-46fb-8e4c-1b1986b05ef3 with 3f1157a7-1a26-4d13-bf2c-7fd44eaac78c
[HTTP] <-- GET /wd/hub/session/3f1157a7-1a26-4d13-bf2c-7fd44eaac78c/window/current/size 200 23 ms - 100
[HTTP] 
[HTTP] --> POST /wd/hub/session/3f1157a7-1a26-4d13-bf2c-7fd44eaac78c/elements
[HTTP] {"using":"-android uiautomator","value":"new UiSelector().className(\"android.widget.LinearLayout\").instance(4)"}
[HTTP] <-- POST /wd/hub/session/3f1157a7-1a26-4d13-bf2c-7fd44eaac78c/elements 200 102 ms - 124
[HTTP] 
[HTTP] --> GET /wd/hub/session/3f1157a7-1a26-4d13-bf2c-7fd44eaac78c
[HTTP] {}
[HTTP] <-- GET /wd/hub/session/3f1157a7-1a26-4d13-bf2c-7fd44eaac78c 200 18 ms - 1284
[HTTP] 
[HTTP] --> GET /wd/hub/session/3f1157a7-1a26-4d13-bf2c-7fd44eaac78c
[HTTP] {}
[HTTP] <-- GET /wd/hub/session/3f1157a7-1a26-4d13-bf2c-7fd44eaac78c 200 15 ms - 1284
[HTTP] 
[HTTP] --> GET /wd/hub/session/3f1157a7-1a26-4d13-bf2c-7fd44eaac78c
[HTTP] {}
[HTTP] <-- GET /wd/hub/session/3f1157a7-1a26-4d13-bf2c-7fd44eaac78c 200 15 ms - 1284
[HTTP] 
[HTTP] --> GET /wd/hub/session/3f1157a7-1a26-4d13-bf2c-7fd44eaac78c
[HTTP] {}
[HTTP] <-- GET /wd/hub/session/3f1157a7-1a26-4d13-bf2c-7fd44eaac78c 200 20 ms - 1284
[HTTP] 
[HTTP] --> GET /wd/hub/session/3f1157a7-1a26-4d13-bf2c-7fd44eaac78c/element/9bd8cb01-19a9-44c7-b3c5-977f2902fdac/location
[HTTP] {}
[W3C] Driver proxy active, passing request on via HTTP proxy
[JSONWP Proxy] Replacing sessionId 341be528-ecf3-46fb-8e4c-1b1986b05ef3 with 3f1157a7-1a26-4d13-bf2c-7fd44eaac78c
[HTTP] <-- GET /wd/hub/session/3f1157a7-1a26-4d13-bf2c-7fd44eaac78c/element/9bd8cb01-19a9-44c7-b3c5-977f2902fdac/location 200 31 ms - 87
[HTTP] 
[HTTP] --> POST /wd/hub/session/3f1157a7-1a26-4d13-bf2c-7fd44eaac78c/touch/perform
[HTTP] {"actions":[{"action":"tap","options":{"element":"9bd8cb01-19a9-44c7-b3c5-977f2902fdac","x":1,"y":1}}]}
[UiAutomator2] calling get location: 9bd8cb01-19a9-44c7-b3c5-977f2902fdac
[HTTP] <-- POST /wd/hub/session/3f1157a7-1a26-4d13-bf2c-7fd44eaac78c/touch/perform 200 1122 ms - 76
[HTTP] 
[HTTP] --> GET /wd/hub/session/3f1157a7-1a26-4d13-bf2c-7fd44eaac78c/context
[HTTP] {}
[HTTP] <-- GET /wd/hub/session/3f1157a7-1a26-4d13-bf2c-7fd44eaac78c/context 200 3 ms - 84
[HTTP] 
[HTTP] --> GET /wd/hub/session/3f1157a7-1a26-4d13-bf2c-7fd44eaac78c/contexts
[HTTP] {}
[HTTP] <-- GET /wd/hub/session/3f1157a7-1a26-4d13-bf2c-7fd44eaac78c/contexts 200 73 ms - 127
[HTTP] 
[HTTP] --> POST /wd/hub/session/3f1157a7-1a26-4d13-bf2c-7fd44eaac78c/context
[HTTP] {"name":"NATIVE_APP"}
[HTTP] <-- POST /wd/hub/session/3f1157a7-1a26-4d13-bf2c-7fd44eaac78c/context 200 44 ms - 76
[HTTP] 
[HTTP] --> POST /wd/hub/session/3f1157a7-1a26-4d13-bf2c-7fd44eaac78c/touch/perform
[HTTP] {"actions":[{"action":"press","options":{"x":800,"y":1000}},{"action":"wait","options":{"ms":500}},{"action":"moveTo","options":{"x":10,"y":800}}]}
[HTTP] <-- POST /wd/hub/session/3f1157a7-1a26-4d13-bf2c-7fd44eaac78c/touch/perform 200 2069 ms - 76
[HTTP] 
[HTTP] --> POST /wd/hub/session/3f1157a7-1a26-4d13-bf2c-7fd44eaac78c/context
[HTTP] {"name":"NATIVE_APP"}
[HTTP] <-- POST /wd/hub/session/3f1157a7-1a26-4d13-bf2c-7fd44eaac78c/context 200 75 ms - 76
[HTTP] 
[HTTP] --> GET /wd/hub/session/3f1157a7-1a26-4d13-bf2c-7fd44eaac78c/window/current/size
[HTTP] {}
[W3C] Driver proxy active, passing request on via HTTP proxy
[JSONWP Proxy] Replacing sessionId 341be528-ecf3-46fb-8e4c-1b1986b05ef3 with 3f1157a7-1a26-4d13-bf2c-7fd44eaac78c
[HTTP] <-- GET /wd/hub/session/3f1157a7-1a26-4d13-bf2c-7fd44eaac78c/window/current/size 200 72 ms - 100
[HTTP] 
[HTTP] --> POST /wd/hub/session/3f1157a7-1a26-4d13-bf2c-7fd44eaac78c/elements
[HTTP] {"using":"-android uiautomator","value":"new UiSelector().className(\"android.widget.LinearLayout\").instance(4)"}
[HTTP] <-- POST /wd/hub/session/3f1157a7-1a26-4d13-bf2c-7fd44eaac78c/elements 200 164 ms - 124
[HTTP] 
[HTTP] --> GET /wd/hub/session/3f1157a7-1a26-4d13-bf2c-7fd44eaac78c
[HTTP] {}
[HTTP] <-- GET /wd/hub/session/3f1157a7-1a26-4d13-bf2c-7fd44eaac78c 200 66 ms - 1167
[HTTP] 
[HTTP] --> GET /wd/hub/session/3f1157a7-1a26-4d13-bf2c-7fd44eaac78c
[HTTP] {}
[HTTP] <-- GET /wd/hub/session/3f1157a7-1a26-4d13-bf2c-7fd44eaac78c 200 32 ms - 1167
[HTTP] 
[HTTP] --> GET /wd/hub/session/3f1157a7-1a26-4d13-bf2c-7fd44eaac78c
[HTTP] {}
[HTTP] <-- GET /wd/hub/session/3f1157a7-1a26-4d13-bf2c-7fd44eaac78c 200 19 ms - 1167
[HTTP] 
[HTTP] --> GET /wd/hub/session/3f1157a7-1a26-4d13-bf2c-7fd44eaac78c
[HTTP] {}
[HTTP] <-- GET /wd/hub/session/3f1157a7-1a26-4d13-bf2c-7fd44eaac78c 200 44 ms - 1167
[HTTP] 
[HTTP] --> GET /wd/hub/session/3f1157a7-1a26-4d13-bf2c-7fd44eaac78c/element/41ad87f5-c423-4bc8-a555-0c79947ca4e2/location
[HTTP] {}
[W3C] Driver proxy active, passing request on via HTTP proxy
[JSONWP Proxy] Replacing sessionId 341be528-ecf3-46fb-8e4c-1b1986b05ef3 with 3f1157a7-1a26-4d13-bf2c-7fd44eaac78c
[HTTP] <-- GET /wd/hub/session/3f1157a7-1a26-4d13-bf2c-7fd44eaac78c/element/41ad87f5-c423-4bc8-a555-0c79947ca4e2/location 200 116 ms - 88
[HTTP] 
[HTTP] --> POST /wd/hub/session/3f1157a7-1a26-4d13-bf2c-7fd44eaac78c/touch/perform
[HTTP] {"actions":[{"action":"tap","options":{"element":"41ad87f5-c423-4bc8-a555-0c79947ca4e2","x":1,"y":1}}]}
[UiAutomator2] calling get location: 41ad87f5-c423-4bc8-a555-0c79947ca4e2
[HTTP] <-- POST /wd/hub/session/3f1157a7-1a26-4d13-bf2c-7fd44eaac78c/touch/perform 200 3305 ms - 76
[HTTP] 
[HTTP] --> GET /wd/hub/session/3f1157a7-1a26-4d13-bf2c-7fd44eaac78c/context
[HTTP] {}
[HTTP] <-- GET /wd/hub/session/3f1157a7-1a26-4d13-bf2c-7fd44eaac78c/context 200 3 ms - 84
[HTTP] 
[HTTP] --> GET /wd/hub/session/3f1157a7-1a26-4d13-bf2c-7fd44eaac78c/contexts
[HTTP] {}
[HTTP] <-- GET /wd/hub/session/3f1157a7-1a26-4d13-bf2c-7fd44eaac78c/contexts 200 32 ms - 127
[HTTP] 
[HTTP] --> POST /wd/hub/session/3f1157a7-1a26-4d13-bf2c-7fd44eaac78c/context
[HTTP] {"name":"NATIVE_APP"}
[HTTP] <-- POST /wd/hub/session/3f1157a7-1a26-4d13-bf2c-7fd44eaac78c/context 200 43 ms - 76
[HTTP] 
[HTTP] --> POST /wd/hub/session/3f1157a7-1a26-4d13-bf2c-7fd44eaac78c/touch/perform
[HTTP] {"actions":[{"action":"press","options":{"x":800,"y":1000}},{"action":"wait","options":{"ms":500}},{"action":"moveTo","options":{"x":10,"y":800}}]}
[HTTP] <-- POST /wd/hub/session/3f1157a7-1a26-4d13-bf2c-7fd44eaac78c/touch/perform 200 2088 ms - 76
[HTTP] 
[HTTP] --> POST /wd/hub/session/3f1157a7-1a26-4d13-bf2c-7fd44eaac78c/context
[HTTP] {"name":"NATIVE_APP"}
[HTTP] <-- POST /wd/hub/session/3f1157a7-1a26-4d13-bf2c-7fd44eaac78c/context 200 122 ms - 76
[HTTP] 
[HTTP] --> GET /wd/hub/session/3f1157a7-1a26-4d13-bf2c-7fd44eaac78c/window/current/size
[HTTP] {}
[W3C] Driver proxy active, passing request on via HTTP proxy
[JSONWP Proxy] Replacing sessionId 341be528-ecf3-46fb-8e4c-1b1986b05ef3 with 3f1157a7-1a26-4d13-bf2c-7fd44eaac78c
[HTTP] <-- GET /wd/hub/session/3f1157a7-1a26-4d13-bf2c-7fd44eaac78c/window/current/size 200 63 ms - 100
[HTTP] 
[HTTP] --> POST /wd/hub/session/3f1157a7-1a26-4d13-bf2c-7fd44eaac78c/elements
[HTTP] {"using":"-android uiautomator","value":"new UiSelector().className(\"android.widget.EditText\").text(\"No Handphone\").resourceId(\"id.co.fundtastic.client:id/et_phone\").instance(0)"}
[HTTP] <-- POST /wd/hub/session/3f1157a7-1a26-4d13-bf2c-7fd44eaac78c/elements 200 171 ms - 124
[HTTP] 
[HTTP] --> GET /wd/hub/session/3f1157a7-1a26-4d13-bf2c-7fd44eaac78c
[HTTP] {}
[HTTP] <-- GET /wd/hub/session/3f1157a7-1a26-4d13-bf2c-7fd44eaac78c 200 42 ms - 1167
[HTTP] 
[HTTP] --> GET /wd/hub/session/3f1157a7-1a26-4d13-bf2c-7fd44eaac78c
[HTTP] {}
[HTTP] <-- GET /wd/hub/session/3f1157a7-1a26-4d13-bf2c-7fd44eaac78c 200 58 ms - 1167
[HTTP] 
[HTTP] --> GET /wd/hub/session/3f1157a7-1a26-4d13-bf2c-7fd44eaac78c
[HTTP] {}
[HTTP] <-- GET /wd/hub/session/3f1157a7-1a26-4d13-bf2c-7fd44eaac78c 200 61 ms - 1167
[HTTP] 
[HTTP] --> GET /wd/hub/session/3f1157a7-1a26-4d13-bf2c-7fd44eaac78c
[HTTP] {}
[HTTP] <-- GET /wd/hub/session/3f1157a7-1a26-4d13-bf2c-7fd44eaac78c 200 33 ms - 1167
[HTTP] 
[HTTP] --> GET /wd/hub/session/3f1157a7-1a26-4d13-bf2c-7fd44eaac78c/element/07aedb8c-2e0c-4b83-9243-49c09ee712b4/location
[HTTP] {}
[W3C] Driver proxy active, passing request on via HTTP proxy
[JSONWP Proxy] Replacing sessionId 341be528-ecf3-46fb-8e4c-1b1986b05ef3 with 3f1157a7-1a26-4d13-bf2c-7fd44eaac78c
[HTTP] <-- GET /wd/hub/session/3f1157a7-1a26-4d13-bf2c-7fd44eaac78c/element/07aedb8c-2e0c-4b83-9243-49c09ee712b4/location 200 88 ms - 88
[HTTP] 
[HTTP] --> POST /wd/hub/session/3f1157a7-1a26-4d13-bf2c-7fd44eaac78c/element/07aedb8c-2e0c-4b83-9243-49c09ee712b4/clear
[HTTP] {"id":"07aedb8c-2e0c-4b83-9243-49c09ee712b4"}
[HTTP] <-- POST /wd/hub/session/3f1157a7-1a26-4d13-bf2c-7fd44eaac78c/element/07aedb8c-2e0c-4b83-9243-49c09ee712b4/clear 200 163 ms - 89
[HTTP] 
[HTTP] --> POST /wd/hub/session/3f1157a7-1a26-4d13-bf2c-7fd44eaac78c/element/07aedb8c-2e0c-4b83-9243-49c09ee712b4/value
[HTTP] {"id":"07aedb8c-2e0c-4b83-9243-49c09ee712b4","value":["081215161452"]}
[HTTP] <-- POST /wd/hub/session/3f1157a7-1a26-4d13-bf2c-7fd44eaac78c/element/07aedb8c-2e0c-4b83-9243-49c09ee712b4/value 200 1158 ms - 74
[HTTP] 
[HTTP] --> GET /wd/hub/session/3f1157a7-1a26-4d13-bf2c-7fd44eaac78c/window/current/size
[HTTP] {}
[W3C] Driver proxy active, passing request on via HTTP proxy
[JSONWP Proxy] Replacing sessionId 341be528-ecf3-46fb-8e4c-1b1986b05ef3 with 3f1157a7-1a26-4d13-bf2c-7fd44eaac78c
[HTTP] <-- GET /wd/hub/session/3f1157a7-1a26-4d13-bf2c-7fd44eaac78c/window/current/size 200 21 ms - 100
[HTTP] 
[HTTP] --> POST /wd/hub/session/3f1157a7-1a26-4d13-bf2c-7fd44eaac78c/elements
[HTTP] {"using":"-android uiautomator","value":"new UiSelector().className(\"android.widget.Button\").text(\"MASUK\").resourceId(\"id.co.fundtastic.client:id/btnLogin\").instance(0)"}
[HTTP] <-- POST /wd/hub/session/3f1157a7-1a26-4d13-bf2c-7fd44eaac78c/elements 200 469 ms - 124
[HTTP] 
[HTTP] --> GET /wd/hub/session/3f1157a7-1a26-4d13-bf2c-7fd44eaac78c
[HTTP] {}
[HTTP] <-- GET /wd/hub/session/3f1157a7-1a26-4d13-bf2c-7fd44eaac78c 200 14 ms - 1167
[HTTP] 
[HTTP] --> GET /wd/hub/session/3f1157a7-1a26-4d13-bf2c-7fd44eaac78c
[HTTP] {}
[HTTP] <-- GET /wd/hub/session/3f1157a7-1a26-4d13-bf2c-7fd44eaac78c 200 15 ms - 1167
[HTTP] 
[HTTP] --> GET /wd/hub/session/3f1157a7-1a26-4d13-bf2c-7fd44eaac78c
[HTTP] {}
[HTTP] <-- GET /wd/hub/session/3f1157a7-1a26-4d13-bf2c-7fd44eaac78c 200 15 ms - 1167
[HTTP] 
[HTTP] --> GET /wd/hub/session/3f1157a7-1a26-4d13-bf2c-7fd44eaac78c
[HTTP] {}
[HTTP] <-- GET /wd/hub/session/3f1157a7-1a26-4d13-bf2c-7fd44eaac78c 200 14 ms - 1167
[HTTP] 
[HTTP] --> GET /wd/hub/session/3f1157a7-1a26-4d13-bf2c-7fd44eaac78c/element/83f7fb58-f295-4d10-8c0e-9eb0b46868e5/location
[HTTP] {}
[W3C] Driver proxy active, passing request on via HTTP proxy
[JSONWP Proxy] Replacing sessionId 341be528-ecf3-46fb-8e4c-1b1986b05ef3 with 3f1157a7-1a26-4d13-bf2c-7fd44eaac78c
[HTTP] <-- GET /wd/hub/session/3f1157a7-1a26-4d13-bf2c-7fd44eaac78c/element/83f7fb58-f295-4d10-8c0e-9eb0b46868e5/location 200 25 ms - 88
[HTTP] 
[HTTP] --> POST /wd/hub/session/3f1157a7-1a26-4d13-bf2c-7fd44eaac78c/touch/perform
[HTTP] {"actions":[{"action":"tap","options":{"element":"83f7fb58-f295-4d10-8c0e-9eb0b46868e5","x":1,"y":1}}]}
[UiAutomator2] calling get location: 83f7fb58-f295-4d10-8c0e-9eb0b46868e5
[HTTP] <-- POST /wd/hub/session/3f1157a7-1a26-4d13-bf2c-7fd44eaac78c/touch/perform 200 873 ms - 76
[HTTP] 
[HTTP] --> GET /wd/hub/session/3f1157a7-1a26-4d13-bf2c-7fd44eaac78c/window/current/size
[HTTP] {}
[W3C] Driver proxy active, passing request on via HTTP proxy
[JSONWP Proxy] Replacing sessionId 341be528-ecf3-46fb-8e4c-1b1986b05ef3 with 3f1157a7-1a26-4d13-bf2c-7fd44eaac78c
[HTTP] <-- GET /wd/hub/session/3f1157a7-1a26-4d13-bf2c-7fd44eaac78c/window/current/size 200 23 ms - 100
[HTTP] 
[HTTP] --> POST /wd/hub/session/3f1157a7-1a26-4d13-bf2c-7fd44eaac78c/elements
[HTTP] {"using":"-android uiautomator","value":"new UiSelector().className(\"android.widget.TextView\").text(\"Verifikasi Nomor HP\").instance(0)"}
[HTTP] <-- POST /wd/hub/session/3f1157a7-1a26-4d13-bf2c-7fd44eaac78c/elements 200 37 ms - 124
[HTTP] 
[HTTP] --> GET /wd/hub/session/3f1157a7-1a26-4d13-bf2c-7fd44eaac78c
[HTTP] {}
[HTTP] <-- GET /wd/hub/session/3f1157a7-1a26-4d13-bf2c-7fd44eaac78c 200 14 ms - 1167
[HTTP] 
[HTTP] --> GET /wd/hub/session/3f1157a7-1a26-4d13-bf2c-7fd44eaac78c
[HTTP] {}
[HTTP] <-- GET /wd/hub/session/3f1157a7-1a26-4d13-bf2c-7fd44eaac78c 200 13 ms - 1167
[HTTP] 
[HTTP] --> GET /wd/hub/session/3f1157a7-1a26-4d13-bf2c-7fd44eaac78c
[HTTP] {}
[HTTP] <-- GET /wd/hub/session/3f1157a7-1a26-4d13-bf2c-7fd44eaac78c 200 13 ms - 1167
[HTTP] 
[HTTP] --> GET /wd/hub/session/3f1157a7-1a26-4d13-bf2c-7fd44eaac78c
[HTTP] {}
[HTTP] <-- GET /wd/hub/session/3f1157a7-1a26-4d13-bf2c-7fd44eaac78c 200 13 ms - 1167
[HTTP] 
[HTTP] --> GET /wd/hub/session/3f1157a7-1a26-4d13-bf2c-7fd44eaac78c/element/b31e4461-75e1-4f59-b5a7-bc673f115ee8/location
[HTTP] {}
[W3C] Driver proxy active, passing request on via HTTP proxy
[JSONWP Proxy] Replacing sessionId 341be528-ecf3-46fb-8e4c-1b1986b05ef3 with 3f1157a7-1a26-4d13-bf2c-7fd44eaac78c
[HTTP] <-- GET /wd/hub/session/3f1157a7-1a26-4d13-bf2c-7fd44eaac78c/element/b31e4461-75e1-4f59-b5a7-bc673f115ee8/location 200 22 ms - 89
[HTTP] 
[HTTP] --> GET /wd/hub/session/3f1157a7-1a26-4d13-bf2c-7fd44eaac78c/element/b31e4461-75e1-4f59-b5a7-bc673f115ee8/text
[HTTP] {}
[W3C] Driver proxy active, passing request on via HTTP proxy
[JSONWP Proxy] Replacing sessionId 341be528-ecf3-46fb-8e4c-1b1986b05ef3 with 3f1157a7-1a26-4d13-bf2c-7fd44eaac78c
[HTTP] <-- GET /wd/hub/session/3f1157a7-1a26-4d13-bf2c-7fd44eaac78c/element/b31e4461-75e1-4f59-b5a7-bc673f115ee8/text 200 29 ms - 93
[HTTP] 
[HTTP] --> GET /wd/hub/session/3f1157a7-1a26-4d13-bf2c-7fd44eaac78c/window/current/size
[HTTP] {}
[W3C] Driver proxy active, passing request on via HTTP proxy
[JSONWP Proxy] Replacing sessionId 341be528-ecf3-46fb-8e4c-1b1986b05ef3 with 3f1157a7-1a26-4d13-bf2c-7fd44eaac78c
[HTTP] <-- GET /wd/hub/session/3f1157a7-1a26-4d13-bf2c-7fd44eaac78c/window/current/size 200 17 ms - 100
[HTTP] 
[HTTP] --> POST /wd/hub/session/3f1157a7-1a26-4d13-bf2c-7fd44eaac78c/elements
[HTTP] {"using":"-android uiautomator","value":"new UiSelector().className(\"android.widget.EditText\").resourceId(\"id.co.fundtastic.client:id/et_otp\").instance(0)"}
[HTTP] <-- POST /wd/hub/session/3f1157a7-1a26-4d13-bf2c-7fd44eaac78c/elements 200 354 ms - 124
[HTTP] 
[HTTP] --> GET /wd/hub/session/3f1157a7-1a26-4d13-bf2c-7fd44eaac78c
[HTTP] {}
[HTTP] <-- GET /wd/hub/session/3f1157a7-1a26-4d13-bf2c-7fd44eaac78c 200 21 ms - 1167
[HTTP] 
[HTTP] --> GET /wd/hub/session/3f1157a7-1a26-4d13-bf2c-7fd44eaac78c
[HTTP] {}
[HTTP] <-- GET /wd/hub/session/3f1157a7-1a26-4d13-bf2c-7fd44eaac78c 200 23 ms - 1167
[HTTP] 
[HTTP] --> GET /wd/hub/session/3f1157a7-1a26-4d13-bf2c-7fd44eaac78c
[HTTP] {}
[HTTP] <-- GET /wd/hub/session/3f1157a7-1a26-4d13-bf2c-7fd44eaac78c 200 18 ms - 1167
[HTTP] 
[HTTP] --> GET /wd/hub/session/3f1157a7-1a26-4d13-bf2c-7fd44eaac78c
[HTTP] {}
[HTTP] <-- GET /wd/hub/session/3f1157a7-1a26-4d13-bf2c-7fd44eaac78c 200 28 ms - 1167
[HTTP] 
[HTTP] --> GET /wd/hub/session/3f1157a7-1a26-4d13-bf2c-7fd44eaac78c/element/84fb906a-59de-4720-b9a5-2064268c772a/location
[HTTP] {}
[W3C] Driver proxy active, passing request on via HTTP proxy
[JSONWP Proxy] Replacing sessionId 341be528-ecf3-46fb-8e4c-1b1986b05ef3 with 3f1157a7-1a26-4d13-bf2c-7fd44eaac78c
[HTTP] <-- GET /wd/hub/session/3f1157a7-1a26-4d13-bf2c-7fd44eaac78c/element/84fb906a-59de-4720-b9a5-2064268c772a/location 200 29 ms - 89
[HTTP] 
[HTTP] --> POST /wd/hub/session/3f1157a7-1a26-4d13-bf2c-7fd44eaac78c/touch/perform
[HTTP] {"actions":[{"action":"tap","options":{"element":"84fb906a-59de-4720-b9a5-2064268c772a","x":1,"y":1}}]}
[UiAutomator2] calling get location: 84fb906a-59de-4720-b9a5-2064268c772a
[HTTP] <-- POST /wd/hub/session/3f1157a7-1a26-4d13-bf2c-7fd44eaac78c/touch/perform 200 811 ms - 76
[HTTP] 
[HTTP] --> GET /wd/hub/session/3f1157a7-1a26-4d13-bf2c-7fd44eaac78c/window/current/size
[HTTP] {}
[W3C] Driver proxy active, passing request on via HTTP proxy
[JSONWP Proxy] Replacing sessionId 341be528-ecf3-46fb-8e4c-1b1986b05ef3 with 3f1157a7-1a26-4d13-bf2c-7fd44eaac78c
[HTTP] <-- GET /wd/hub/session/3f1157a7-1a26-4d13-bf2c-7fd44eaac78c/window/current/size 200 15 ms - 100
[HTTP] 
[HTTP] --> POST /wd/hub/session/3f1157a7-1a26-4d13-bf2c-7fd44eaac78c/elements
[HTTP] {"using":"-android uiautomator","value":"new UiSelector().className(\"android.widget.EditText\").resourceId(\"id.co.fundtastic.client:id/et_otp\").instance(0)"}
[HTTP] <-- POST /wd/hub/session/3f1157a7-1a26-4d13-bf2c-7fd44eaac78c/elements 200 37 ms - 124
[HTTP] 
[HTTP] --> GET /wd/hub/session/3f1157a7-1a26-4d13-bf2c-7fd44eaac78c
[HTTP] {}
[HTTP] <-- GET /wd/hub/session/3f1157a7-1a26-4d13-bf2c-7fd44eaac78c 200 24 ms - 1167
[HTTP] 
[HTTP] --> GET /wd/hub/session/3f1157a7-1a26-4d13-bf2c-7fd44eaac78c
[HTTP] {}
[HTTP] <-- GET /wd/hub/session/3f1157a7-1a26-4d13-bf2c-7fd44eaac78c 200 24 ms - 1167
[HTTP] 
[HTTP] --> GET /wd/hub/session/3f1157a7-1a26-4d13-bf2c-7fd44eaac78c
[HTTP] {}
[HTTP] <-- GET /wd/hub/session/3f1157a7-1a26-4d13-bf2c-7fd44eaac78c 200 32 ms - 1167
[HTTP] 
[HTTP] --> GET /wd/hub/session/3f1157a7-1a26-4d13-bf2c-7fd44eaac78c
[HTTP] {}
[HTTP] <-- GET /wd/hub/session/3f1157a7-1a26-4d13-bf2c-7fd44eaac78c 200 20 ms - 1167
[HTTP] 
[HTTP] --> GET /wd/hub/session/3f1157a7-1a26-4d13-bf2c-7fd44eaac78c/element/2e86b4f5-ed7e-4c9d-a2bf-c4db70eb7d5e/location
[HTTP] {}
[W3C] Driver proxy active, passing request on via HTTP proxy
[JSONWP Proxy] Replacing sessionId 341be528-ecf3-46fb-8e4c-1b1986b05ef3 with 3f1157a7-1a26-4d13-bf2c-7fd44eaac78c
[HTTP] <-- GET /wd/hub/session/3f1157a7-1a26-4d13-bf2c-7fd44eaac78c/element/2e86b4f5-ed7e-4c9d-a2bf-c4db70eb7d5e/location 200 26 ms - 89
[HTTP] 
[HTTP] --> POST /wd/hub/session/3f1157a7-1a26-4d13-bf2c-7fd44eaac78c/element/2e86b4f5-ed7e-4c9d-a2bf-c4db70eb7d5e/clear
[HTTP] {"id":"2e86b4f5-ed7e-4c9d-a2bf-c4db70eb7d5e"}
[HTTP] <-- POST /wd/hub/session/3f1157a7-1a26-4d13-bf2c-7fd44eaac78c/element/2e86b4f5-ed7e-4c9d-a2bf-c4db70eb7d5e/clear 200 47 ms - 89
[HTTP] 
[HTTP] --> POST /wd/hub/session/3f1157a7-1a26-4d13-bf2c-7fd44eaac78c/element/2e86b4f5-ed7e-4c9d-a2bf-c4db70eb7d5e/value
[HTTP] {"id":"2e86b4f5-ed7e-4c9d-a2bf-c4db70eb7d5e","value":["8888"]}
[HTTP] <-- POST /wd/hub/session/3f1157a7-1a26-4d13-bf2c-7fd44eaac78c/element/2e86b4f5-ed7e-4c9d-a2bf-c4db70eb7d5e/value 200 792 ms - 74
[HTTP] 
[HTTP] --> GET /wd/hub/session/3f1157a7-1a26-4d13-bf2c-7fd44eaac78c/window/current/size
[HTTP] {}
[W3C] Driver proxy active, passing request on via HTTP proxy
[JSONWP Proxy] Replacing sessionId 341be528-ecf3-46fb-8e4c-1b1986b05ef3 with 3f1157a7-1a26-4d13-bf2c-7fd44eaac78c
[HTTP] <-- GET /wd/hub/session/3f1157a7-1a26-4d13-bf2c-7fd44eaac78c/window/current/size 200 57 ms - 100
[HTTP] 
[HTTP] --> POST /wd/hub/session/3f1157a7-1a26-4d13-bf2c-7fd44eaac78c/elements
[HTTP] {"using":"-android uiautomator","value":"new UiSelector().className(\"android.widget.Button\").text(\"Verifikasi Sekarang\").resourceId(\"id.co.fundtastic.client:id/btnVerified\").instance(0)"}
[HTTP] <-- POST /wd/hub/session/3f1157a7-1a26-4d13-bf2c-7fd44eaac78c/elements 200 851 ms - 124
[HTTP] 
[HTTP] --> GET /wd/hub/session/3f1157a7-1a26-4d13-bf2c-7fd44eaac78c
[HTTP] {}
[HTTP] <-- GET /wd/hub/session/3f1157a7-1a26-4d13-bf2c-7fd44eaac78c 200 13 ms - 1167
[HTTP] 
[HTTP] --> GET /wd/hub/session/3f1157a7-1a26-4d13-bf2c-7fd44eaac78c
[HTTP] {}
[HTTP] <-- GET /wd/hub/session/3f1157a7-1a26-4d13-bf2c-7fd44eaac78c 200 16 ms - 1167
[HTTP] 
[HTTP] --> GET /wd/hub/session/3f1157a7-1a26-4d13-bf2c-7fd44eaac78c
[HTTP] {}
[HTTP] <-- GET /wd/hub/session/3f1157a7-1a26-4d13-bf2c-7fd44eaac78c 200 15 ms - 1167
[HTTP] 
[HTTP] --> GET /wd/hub/session/3f1157a7-1a26-4d13-bf2c-7fd44eaac78c
[HTTP] {}
[HTTP] <-- GET /wd/hub/session/3f1157a7-1a26-4d13-bf2c-7fd44eaac78c 200 26 ms - 1167
[HTTP] 
[HTTP] --> GET /wd/hub/session/3f1157a7-1a26-4d13-bf2c-7fd44eaac78c/element/f84d46f2-8695-49a8-9a57-b1704a639f92/location
[HTTP] {}
[W3C] Driver proxy active, passing request on via HTTP proxy
[JSONWP Proxy] Replacing sessionId 341be528-ecf3-46fb-8e4c-1b1986b05ef3 with 3f1157a7-1a26-4d13-bf2c-7fd44eaac78c
[HTTP] <-- GET /wd/hub/session/3f1157a7-1a26-4d13-bf2c-7fd44eaac78c/element/f84d46f2-8695-49a8-9a57-b1704a639f92/location 200 26 ms - 88
[HTTP] 
[HTTP] --> POST /wd/hub/session/3f1157a7-1a26-4d13-bf2c-7fd44eaac78c/touch/perform
[HTTP] {"actions":[{"action":"tap","options":{"element":"f84d46f2-8695-49a8-9a57-b1704a639f92","x":1,"y":1}}]}
[UiAutomator2] calling get location: f84d46f2-8695-49a8-9a57-b1704a639f92
[HTTP] <-- POST /wd/hub/session/3f1157a7-1a26-4d13-bf2c-7fd44eaac78c/touch/perform 200 976 ms - 76
[HTTP] 
[HTTP] --> GET /wd/hub/session/3f1157a7-1a26-4d13-bf2c-7fd44eaac78c/context
[HTTP] {}
[HTTP] <-- GET /wd/hub/session/3f1157a7-1a26-4d13-bf2c-7fd44eaac78c/context 200 2 ms - 84
[HTTP] 
[HTTP] --> GET /wd/hub/session/3f1157a7-1a26-4d13-bf2c-7fd44eaac78c/contexts
[HTTP] {}
[HTTP] <-- GET /wd/hub/session/3f1157a7-1a26-4d13-bf2c-7fd44eaac78c/contexts 200 132 ms - 127
[HTTP] 
[HTTP] --> POST /wd/hub/session/3f1157a7-1a26-4d13-bf2c-7fd44eaac78c/context
[HTTP] {"name":"NATIVE_APP"}
[HTTP] <-- POST /wd/hub/session/3f1157a7-1a26-4d13-bf2c-7fd44eaac78c/context 200 181 ms - 76
[HTTP] 
[HTTP] --> GET /wd/hub/session/3f1157a7-1a26-4d13-bf2c-7fd44eaac78c/screenshot
[HTTP] {}
[HTTP] <-- GET /wd/hub/session/3f1157a7-1a26-4d13-bf2c-7fd44eaac78c/screenshot 200 543 ms - 135114
[HTTP] 
[HTTP] --> POST /wd/hub/session/3f1157a7-1a26-4d13-bf2c-7fd44eaac78c/context
[HTTP] {"name":"NATIVE_APP"}
[HTTP] <-- POST /wd/hub/session/3f1157a7-1a26-4d13-bf2c-7fd44eaac78c/context 200 44 ms - 76
[HTTP] 
[HTTP] --> DELETE /wd/hub/session/3f1157a7-1a26-4d13-bf2c-7fd44eaac78c
[HTTP] {}
[Appium] Removing session 3f1157a7-1a26-4d13-bf2c-7fd44eaac78c from our master session list
[ADB] id.co.fundtastic.client was successfully uninstalled
[HTTP] <-- DELETE /wd/hub/session/3f1157a7-1a26-4d13-bf2c-7fd44eaac78c 200 1474 ms - 76
[HTTP] 
