[Appium] Welcome to Appium v1.8.1
[Appium] Non-default server args:
[Appium]   port: 58926
[Appium]   loglevel: info
[Appium]   chromeDriverPort: 58928
[Appium]   tmpDir: /var/folders/ts/p6rxgpw53_d96xw60slkng7m0000gn/T//Katalon/Appium/Temp1562832587457
[Appium] Appium REST http interface listener started on 0.0.0.0:58926
[HTTP] --> GET /wd/hub/status
[HTTP] {}
[HTTP] <-- GET /wd/hub/status 200 24 ms - 83
[HTTP] 
[HTTP] --> POST /wd/hub/session
[HTTP] {"desiredCapabilities":{"app":"/Users/ustore/Downloads/Development.apk","autoGrantPermissions":true,"automationName":"uiautomator2","deviceName":"emulator-5554 (Android SDK built for x86 - Android 9)","fullReset":true,"newCommandTimeout":1800,"noReset":false,"platform":"ANDROID","platformName":"Android","udid":"emulator-5554"},"capabilities":{"desiredCapabilities":{"app":"/Users/ustore/Downloads/Development.apk","autoGrantPermissions":true,"automationName":"uiautomator2","deviceName":"emulator-5554 (Android SDK built for x86 - Android 9)","fullReset":true,"newCommandTimeout":1800,"noReset":false,"platform":"ANDROID","platformName":"Android","udid":"emulator-5554"},"firstMatch":[{"platformName":"android"}]}}
[Appium] Could not parse W3C capabilities: 'deviceName' can't be blank. Falling back to JSONWP protocol.
[Appium] The following capabilities were provided in the JSONWP desired capabilities that are missing in W3C capabilities: ["app","autoGrantPermissions","automationName","deviceName","fullReset","newCommandTimeout","noReset","platform","platformName","udid"]. Falling back to JSONWP protocol.
[Appium] Creating new AndroidUiautomator2Driver (v1.12.0) session
[Appium] Capabilities:
[Appium]   app: /Users/ustore/Downloads/Development.apk
[Appium]   autoGrantPermissions: true
[Appium]   automationName: uiautomator2
[Appium]   deviceName: emulator-5554 (Android SDK built for x86 - Android 9)
[Appium]   fullReset: true
[Appium]   newCommandTimeout: 1800
[Appium]   noReset: false
[Appium]   platform: ANDROID
[Appium]   platformName: Android
[Appium]   udid: emulator-5554
[BaseDriver] The following capabilities were provided, but are not recognized by appium: platform.
[BaseDriver] Session created with session id: 2b6c71cf-0d15-42eb-b836-2213d51ec9fd
[BaseDriver] Using local app '/Users/ustore/Downloads/Development.apk'
[AndroidDriver] Java version is: 1.8.0_181
[ADB] Checking whether adb is present
[ADB] Found 1 'build-tools' folders under '/Users/ustore/.katalon/tools/android_sdk' (newest first):
[ADB]     /Users/ustore/.katalon/tools/android_sdk/build-tools/28.0.3
[ADB] Using adb from /Users/ustore/.katalon/tools/android_sdk/platform-tools/adb
[AndroidDriver] Retrieving device list
[AndroidDriver] Using device: emulator-5554
[ADB] Using the alternative activity name detection method because of: Could not find apkanalyzer in /Users/ustore/.katalon/tools/android_sdk/platform-tools/apkanalyzer,/Users/ustore/.katalon/tools/android_sdk/emulator/apkanalyzer,/Users/ustore/.katalon/tools/android_sdk/tools/apkanalyzer,/Users/ustore/.katalon/tools/android_sdk/tools/bin/apkanalyzer,/Users/ustore/.katalon/tools/android_sdk/build-tools/28.0.3/apkanalyzer. Do you have the Android SDK installed at '/Users/ustore/.katalon/tools/android_sdk'?
[ADB] Checking whether aapt is present
[ADB] Using aapt from /Users/ustore/.katalon/tools/android_sdk/build-tools/28.0.3/aapt
[ADB] Extracting package and launch activity from manifest
[ADB] Package name: 'id.co.fundtastic.client'
[ADB] Main activity name: 'id.co.fundtastic.client.splash.presentation.SplashActivity'
[ADB] Getting device platform version
[ADB] Using apksigner from /Users/ustore/.katalon/tools/android_sdk/build-tools/28.0.3/apksigner
[ADB] Cannot read version codes of '/usr/local/lib/node_modules/appium/node_modules/appium-uiautomator2-server/apks/appium-uiautomator2-server-debug-androidTest.apk' and/or 'io.appium.uiautomator2.server.test'
[ADB] Cannot read version names of '/usr/local/lib/node_modules/appium/node_modules/appium-uiautomator2-server/apks/appium-uiautomator2-server-debug-androidTest.apk' and/or 'io.appium.uiautomator2.server.test'. Assuming correct app version is already installed
[AndroidDriver] setDeviceLanguageCountry requires language or country.
[AndroidDriver] Got language: 'null' and country: 'null'
[ADB] Successfully extracted 194 strings from '/Users/ustore/Downloads/Development.apk' resources for '(default)' configuration
[ADB] id.co.fundtastic.client was not uninstalled, because it was not present on the device
[UiAutomator2] Starting uiautomator2 server 1.12.0
[UiAutomator2] Using UIAutomator2 server from '/usr/local/lib/node_modules/appium/node_modules/appium-uiautomator2-server/apks/appium-uiautomator2-server-v1.12.0.apk' and test from '/usr/local/lib/node_modules/appium/node_modules/appium-uiautomator2-server/apks/appium-uiautomator2-server-debug-androidTest.apk'
[UiAutomator2] Running command: 'adb -s emulator-5554 shell am instrument -w io.appium.uiautomator2.server.test/android.support.test.runner.AndroidJUnitRunner'
[UiAutomator2] Waiting up to 20000ms for UiAutomator2 to be online...
[AndroidDriver] Screen already unlocked, doing nothing
[UiAutomator2] UiAutomator2 did not start the activity we were waiting for, 'id.co.fundtastic.client/id.co.fundtastic.client.splash.presentation.SplashActivity'. Starting it ourselves
[Appium] New AndroidUiautomator2Driver session created successfully, session 2b6c71cf-0d15-42eb-b836-2213d51ec9fd added to master session list
[HTTP] <-- POST /wd/hub/session 200 12417 ms - 1167
[HTTP] 
[HTTP] --> GET /wd/hub/status
[HTTP] {}
[HTTP] <-- GET /wd/hub/status 200 31 ms - 55
[HTTP] 
[HTTP] --> POST /wd/hub/session/2b6c71cf-0d15-42eb-b836-2213d51ec9fd/timeouts
[HTTP] {"type":"implicit","ms":30000}
[HTTP] <-- POST /wd/hub/session/2b6c71cf-0d15-42eb-b836-2213d51ec9fd/timeouts 400 29 ms - 4196
[HTTP] 
[HTTP] --> GET /wd/hub/session/2b6c71cf-0d15-42eb-b836-2213d51ec9fd/window/current/size
[HTTP] {}
[W3C] Driver proxy active, passing request on via HTTP proxy
[JSONWP Proxy] Replacing sessionId 6654aa90-74b8-42c0-8d85-e8357c8f5313 with 2b6c71cf-0d15-42eb-b836-2213d51ec9fd
[HTTP] <-- GET /wd/hub/session/2b6c71cf-0d15-42eb-b836-2213d51ec9fd/window/current/size 200 140 ms - 100
[HTTP] 
[HTTP] --> POST /wd/hub/session/2b6c71cf-0d15-42eb-b836-2213d51ec9fd/elements
[HTTP] {"using":"-android uiautomator","value":"new UiSelector().className(\"android.widget.TextView\").text(\"Mulailah berinvestasi untuk meraih mimpimu\").instance(0)"}
[HTTP] <-- POST /wd/hub/session/2b6c71cf-0d15-42eb-b836-2213d51ec9fd/elements 200 116 ms - 74
[HTTP] 
[HTTP] --> POST /wd/hub/session/2b6c71cf-0d15-42eb-b836-2213d51ec9fd/elements
[HTTP] {"using":"-android uiautomator","value":"new UiSelector().className(\"android.widget.TextView\").text(\"Mulailah berinvestasi untuk meraih mimpimu\").instance(0)"}
[HTTP] <-- POST /wd/hub/session/2b6c71cf-0d15-42eb-b836-2213d51ec9fd/elements 200 43 ms - 74
[HTTP] 
[HTTP] --> POST /wd/hub/session/2b6c71cf-0d15-42eb-b836-2213d51ec9fd/elements
[HTTP] {"using":"-android uiautomator","value":"new UiSelector().className(\"android.widget.TextView\").text(\"Mulailah berinvestasi untuk meraih mimpimu\").instance(0)"}
[HTTP] <-- POST /wd/hub/session/2b6c71cf-0d15-42eb-b836-2213d51ec9fd/elements 200 33 ms - 74
[HTTP] 
[HTTP] --> POST /wd/hub/session/2b6c71cf-0d15-42eb-b836-2213d51ec9fd/elements
[HTTP] {"using":"-android uiautomator","value":"new UiSelector().className(\"android.widget.TextView\").text(\"Mulailah berinvestasi untuk meraih mimpimu\").instance(0)"}
[HTTP] <-- POST /wd/hub/session/2b6c71cf-0d15-42eb-b836-2213d51ec9fd/elements 200 49 ms - 74
[HTTP] 
[HTTP] --> POST /wd/hub/session/2b6c71cf-0d15-42eb-b836-2213d51ec9fd/elements
[HTTP] {"using":"-android uiautomator","value":"new UiSelector().className(\"android.widget.TextView\").text(\"Mulailah berinvestasi untuk meraih mimpimu\").instance(0)"}
[HTTP] <-- POST /wd/hub/session/2b6c71cf-0d15-42eb-b836-2213d51ec9fd/elements 200 45 ms - 74
[HTTP] 
[HTTP] --> POST /wd/hub/session/2b6c71cf-0d15-42eb-b836-2213d51ec9fd/elements
[HTTP] {"using":"-android uiautomator","value":"new UiSelector().className(\"android.widget.TextView\").text(\"Mulailah berinvestasi untuk meraih mimpimu\").instance(0)"}
[HTTP] <-- POST /wd/hub/session/2b6c71cf-0d15-42eb-b836-2213d51ec9fd/elements 200 53 ms - 74
[HTTP] 
[HTTP] --> POST /wd/hub/session/2b6c71cf-0d15-42eb-b836-2213d51ec9fd/elements
[HTTP] {"using":"-android uiautomator","value":"new UiSelector().className(\"android.widget.TextView\").text(\"Mulailah berinvestasi untuk meraih mimpimu\").instance(0)"}
[HTTP] <-- POST /wd/hub/session/2b6c71cf-0d15-42eb-b836-2213d51ec9fd/elements 200 46 ms - 74
[HTTP] 
[HTTP] --> POST /wd/hub/session/2b6c71cf-0d15-42eb-b836-2213d51ec9fd/elements
[HTTP] {"using":"-android uiautomator","value":"new UiSelector().className(\"android.widget.TextView\").text(\"Mulailah berinvestasi untuk meraih mimpimu\").instance(0)"}
[HTTP] <-- POST /wd/hub/session/2b6c71cf-0d15-42eb-b836-2213d51ec9fd/elements 200 30 ms - 74
[HTTP] 
[HTTP] --> POST /wd/hub/session/2b6c71cf-0d15-42eb-b836-2213d51ec9fd/elements
[HTTP] {"using":"-android uiautomator","value":"new UiSelector().className(\"android.widget.TextView\").text(\"Mulailah berinvestasi untuk meraih mimpimu\").instance(0)"}
[HTTP] <-- POST /wd/hub/session/2b6c71cf-0d15-42eb-b836-2213d51ec9fd/elements 200 49 ms - 74
[HTTP] 
[HTTP] --> POST /wd/hub/session/2b6c71cf-0d15-42eb-b836-2213d51ec9fd/elements
[HTTP] {"using":"-android uiautomator","value":"new UiSelector().className(\"android.widget.TextView\").text(\"Mulailah berinvestasi untuk meraih mimpimu\").instance(0)"}
[HTTP] <-- POST /wd/hub/session/2b6c71cf-0d15-42eb-b836-2213d51ec9fd/elements 200 46 ms - 74
[HTTP] 
[HTTP] --> POST /wd/hub/session/2b6c71cf-0d15-42eb-b836-2213d51ec9fd/elements
[HTTP] {"using":"-android uiautomator","value":"new UiSelector().className(\"android.widget.TextView\").text(\"Mulailah berinvestasi untuk meraih mimpimu\").instance(0)"}
[HTTP] <-- POST /wd/hub/session/2b6c71cf-0d15-42eb-b836-2213d51ec9fd/elements 200 44 ms - 74
[HTTP] 
[HTTP] --> POST /wd/hub/session/2b6c71cf-0d15-42eb-b836-2213d51ec9fd/elements
[HTTP] {"using":"-android uiautomator","value":"new UiSelector().className(\"android.widget.TextView\").text(\"Mulailah berinvestasi untuk meraih mimpimu\").instance(0)"}
[HTTP] <-- POST /wd/hub/session/2b6c71cf-0d15-42eb-b836-2213d51ec9fd/elements 200 51 ms - 74
[HTTP] 
[HTTP] --> POST /wd/hub/session/2b6c71cf-0d15-42eb-b836-2213d51ec9fd/elements
[HTTP] {"using":"-android uiautomator","value":"new UiSelector().className(\"android.widget.TextView\").text(\"Mulailah berinvestasi untuk meraih mimpimu\").instance(0)"}
[HTTP] <-- POST /wd/hub/session/2b6c71cf-0d15-42eb-b836-2213d51ec9fd/elements 200 44 ms - 74
[HTTP] 
[HTTP] --> POST /wd/hub/session/2b6c71cf-0d15-42eb-b836-2213d51ec9fd/elements
[HTTP] {"using":"-android uiautomator","value":"new UiSelector().className(\"android.widget.TextView\").text(\"Mulailah berinvestasi untuk meraih mimpimu\").instance(0)"}
[HTTP] <-- POST /wd/hub/session/2b6c71cf-0d15-42eb-b836-2213d51ec9fd/elements 200 41 ms - 74
[HTTP] 
[HTTP] --> POST /wd/hub/session/2b6c71cf-0d15-42eb-b836-2213d51ec9fd/elements
[HTTP] {"using":"-android uiautomator","value":"new UiSelector().className(\"android.widget.TextView\").text(\"Mulailah berinvestasi untuk meraih mimpimu\").instance(0)"}
[HTTP] <-- POST /wd/hub/session/2b6c71cf-0d15-42eb-b836-2213d51ec9fd/elements 200 98 ms - 74
[HTTP] 
[HTTP] --> POST /wd/hub/session/2b6c71cf-0d15-42eb-b836-2213d51ec9fd/elements
[HTTP] {"using":"-android uiautomator","value":"new UiSelector().className(\"android.widget.TextView\").text(\"Mulailah berinvestasi untuk meraih mimpimu\").instance(0)"}
[HTTP] <-- POST /wd/hub/session/2b6c71cf-0d15-42eb-b836-2213d51ec9fd/elements 200 358 ms - 74
[HTTP] 
[HTTP] --> POST /wd/hub/session/2b6c71cf-0d15-42eb-b836-2213d51ec9fd/elements
[HTTP] {"using":"-android uiautomator","value":"new UiSelector().className(\"android.widget.TextView\").text(\"Mulailah berinvestasi untuk meraih mimpimu\").instance(0)"}
[HTTP] <-- POST /wd/hub/session/2b6c71cf-0d15-42eb-b836-2213d51ec9fd/elements 200 639 ms - 74
[HTTP] 
[HTTP] --> POST /wd/hub/session/2b6c71cf-0d15-42eb-b836-2213d51ec9fd/elements
[HTTP] {"using":"-android uiautomator","value":"new UiSelector().className(\"android.widget.TextView\").text(\"Mulailah berinvestasi untuk meraih mimpimu\").instance(0)"}
[HTTP] <-- POST /wd/hub/session/2b6c71cf-0d15-42eb-b836-2213d51ec9fd/elements 200 1748 ms - 124
[HTTP] 
[HTTP] --> GET /wd/hub/session/2b6c71cf-0d15-42eb-b836-2213d51ec9fd
[HTTP] {}
[HTTP] <-- GET /wd/hub/session/2b6c71cf-0d15-42eb-b836-2213d51ec9fd 200 45 ms - 1167
[HTTP] 
[HTTP] --> GET /wd/hub/session/2b6c71cf-0d15-42eb-b836-2213d51ec9fd
[HTTP] {}
[HTTP] <-- GET /wd/hub/session/2b6c71cf-0d15-42eb-b836-2213d51ec9fd 200 27 ms - 1167
[HTTP] 
[HTTP] --> GET /wd/hub/session/2b6c71cf-0d15-42eb-b836-2213d51ec9fd
[HTTP] {}
[HTTP] <-- GET /wd/hub/session/2b6c71cf-0d15-42eb-b836-2213d51ec9fd 200 50 ms - 1167
[HTTP] 
[HTTP] --> GET /wd/hub/session/2b6c71cf-0d15-42eb-b836-2213d51ec9fd
[HTTP] {}
[HTTP] <-- GET /wd/hub/session/2b6c71cf-0d15-42eb-b836-2213d51ec9fd 200 45 ms - 1167
[HTTP] 
[HTTP] --> GET /wd/hub/session/2b6c71cf-0d15-42eb-b836-2213d51ec9fd/element/34449e5a-d324-49d3-a247-5e3d58776e0c/location
[HTTP] {}
[W3C] Driver proxy active, passing request on via HTTP proxy
[JSONWP Proxy] Replacing sessionId 6654aa90-74b8-42c0-8d85-e8357c8f5313 with 2b6c71cf-0d15-42eb-b836-2213d51ec9fd
[HTTP] <-- GET /wd/hub/session/2b6c71cf-0d15-42eb-b836-2213d51ec9fd/element/34449e5a-d324-49d3-a247-5e3d58776e0c/location 200 83 ms - 88
[HTTP] 
[HTTP] --> GET /wd/hub/session/2b6c71cf-0d15-42eb-b836-2213d51ec9fd/element/34449e5a-d324-49d3-a247-5e3d58776e0c/text
[HTTP] {}
[W3C] Driver proxy active, passing request on via HTTP proxy
[JSONWP Proxy] Replacing sessionId 6654aa90-74b8-42c0-8d85-e8357c8f5313 with 2b6c71cf-0d15-42eb-b836-2213d51ec9fd
[HTTP] <-- GET /wd/hub/session/2b6c71cf-0d15-42eb-b836-2213d51ec9fd/element/34449e5a-d324-49d3-a247-5e3d58776e0c/text 200 109 ms - 116
[HTTP] 
[HTTP] --> GET /wd/hub/session/2b6c71cf-0d15-42eb-b836-2213d51ec9fd/window/current/size
[HTTP] {}
[W3C] Driver proxy active, passing request on via HTTP proxy
[JSONWP Proxy] Replacing sessionId 6654aa90-74b8-42c0-8d85-e8357c8f5313 with 2b6c71cf-0d15-42eb-b836-2213d51ec9fd
[HTTP] <-- GET /wd/hub/session/2b6c71cf-0d15-42eb-b836-2213d51ec9fd/window/current/size 200 28 ms - 100
[HTTP] 
[HTTP] --> POST /wd/hub/session/2b6c71cf-0d15-42eb-b836-2213d51ec9fd/elements
[HTTP] {"using":"-android uiautomator","value":"new UiSelector().className(\"android.widget.ImageView\").resourceId(\"id.co.fundtastic.client:id/checklist\").instance(6)"}
[HTTP] <-- POST /wd/hub/session/2b6c71cf-0d15-42eb-b836-2213d51ec9fd/elements 200 986 ms - 124
[HTTP] 
[HTTP] --> GET /wd/hub/session/2b6c71cf-0d15-42eb-b836-2213d51ec9fd
[HTTP] {}
[HTTP] <-- GET /wd/hub/session/2b6c71cf-0d15-42eb-b836-2213d51ec9fd 200 11 ms - 1167
[HTTP] 
[HTTP] --> GET /wd/hub/session/2b6c71cf-0d15-42eb-b836-2213d51ec9fd
[HTTP] {}
[HTTP] <-- GET /wd/hub/session/2b6c71cf-0d15-42eb-b836-2213d51ec9fd 200 20 ms - 1167
[HTTP] 
[HTTP] --> GET /wd/hub/session/2b6c71cf-0d15-42eb-b836-2213d51ec9fd
[HTTP] {}
[HTTP] <-- GET /wd/hub/session/2b6c71cf-0d15-42eb-b836-2213d51ec9fd 200 23 ms - 1167
[HTTP] 
[HTTP] --> GET /wd/hub/session/2b6c71cf-0d15-42eb-b836-2213d51ec9fd
[HTTP] {}
[HTTP] <-- GET /wd/hub/session/2b6c71cf-0d15-42eb-b836-2213d51ec9fd 200 23 ms - 1167
[HTTP] 
[HTTP] --> GET /wd/hub/session/2b6c71cf-0d15-42eb-b836-2213d51ec9fd/element/3076aaf0-1c87-45b1-a5e2-3971cbcab333/location
[HTTP] {}
[W3C] Driver proxy active, passing request on via HTTP proxy
[JSONWP Proxy] Replacing sessionId 6654aa90-74b8-42c0-8d85-e8357c8f5313 with 2b6c71cf-0d15-42eb-b836-2213d51ec9fd
[HTTP] <-- GET /wd/hub/session/2b6c71cf-0d15-42eb-b836-2213d51ec9fd/element/3076aaf0-1c87-45b1-a5e2-3971cbcab333/location 200 42 ms - 90
[HTTP] 
[HTTP] --> POST /wd/hub/session/2b6c71cf-0d15-42eb-b836-2213d51ec9fd/touch/perform
[HTTP] {"actions":[{"action":"tap","options":{"element":"3076aaf0-1c87-45b1-a5e2-3971cbcab333","x":1,"y":1}}]}
[UiAutomator2] calling get location: 3076aaf0-1c87-45b1-a5e2-3971cbcab333
[HTTP] <-- POST /wd/hub/session/2b6c71cf-0d15-42eb-b836-2213d51ec9fd/touch/perform 200 821 ms - 76
[HTTP] 
[HTTP] --> GET /wd/hub/session/2b6c71cf-0d15-42eb-b836-2213d51ec9fd/window/current/size
[HTTP] {}
[W3C] Driver proxy active, passing request on via HTTP proxy
[JSONWP Proxy] Replacing sessionId 6654aa90-74b8-42c0-8d85-e8357c8f5313 with 2b6c71cf-0d15-42eb-b836-2213d51ec9fd
[HTTP] <-- GET /wd/hub/session/2b6c71cf-0d15-42eb-b836-2213d51ec9fd/window/current/size 200 19 ms - 100
[HTTP] 
[HTTP] --> POST /wd/hub/session/2b6c71cf-0d15-42eb-b836-2213d51ec9fd/elements
[HTTP] {"using":"-android uiautomator","value":"new UiSelector().className(\"android.widget.LinearLayout\").instance(4)"}
[HTTP] <-- POST /wd/hub/session/2b6c71cf-0d15-42eb-b836-2213d51ec9fd/elements 200 48 ms - 124
[HTTP] 
[HTTP] --> GET /wd/hub/session/2b6c71cf-0d15-42eb-b836-2213d51ec9fd
[HTTP] {}
[HTTP] <-- GET /wd/hub/session/2b6c71cf-0d15-42eb-b836-2213d51ec9fd 200 21 ms - 1167
[HTTP] 
[HTTP] --> GET /wd/hub/session/2b6c71cf-0d15-42eb-b836-2213d51ec9fd
[HTTP] {}
[HTTP] <-- GET /wd/hub/session/2b6c71cf-0d15-42eb-b836-2213d51ec9fd 200 14 ms - 1167
[HTTP] 
[HTTP] --> GET /wd/hub/session/2b6c71cf-0d15-42eb-b836-2213d51ec9fd
[HTTP] {}
[HTTP] <-- GET /wd/hub/session/2b6c71cf-0d15-42eb-b836-2213d51ec9fd 200 16 ms - 1167
[HTTP] 
[HTTP] --> GET /wd/hub/session/2b6c71cf-0d15-42eb-b836-2213d51ec9fd
[HTTP] {}
[HTTP] <-- GET /wd/hub/session/2b6c71cf-0d15-42eb-b836-2213d51ec9fd 200 13 ms - 1167
[HTTP] 
[HTTP] --> GET /wd/hub/session/2b6c71cf-0d15-42eb-b836-2213d51ec9fd/element/c571edd7-21a3-4eb1-bacd-8cd4b197cc33/location
[HTTP] {}
[W3C] Driver proxy active, passing request on via HTTP proxy
[JSONWP Proxy] Replacing sessionId 6654aa90-74b8-42c0-8d85-e8357c8f5313 with 2b6c71cf-0d15-42eb-b836-2213d51ec9fd
[HTTP] <-- GET /wd/hub/session/2b6c71cf-0d15-42eb-b836-2213d51ec9fd/element/c571edd7-21a3-4eb1-bacd-8cd4b197cc33/location 200 39 ms - 87
[HTTP] 
[HTTP] --> POST /wd/hub/session/2b6c71cf-0d15-42eb-b836-2213d51ec9fd/touch/perform
[HTTP] {"actions":[{"action":"tap","options":{"element":"c571edd7-21a3-4eb1-bacd-8cd4b197cc33","x":1,"y":1}}]}
[UiAutomator2] calling get location: c571edd7-21a3-4eb1-bacd-8cd4b197cc33
[HTTP] <-- POST /wd/hub/session/2b6c71cf-0d15-42eb-b836-2213d51ec9fd/touch/perform 200 785 ms - 76
[HTTP] 
[HTTP] --> GET /wd/hub/session/2b6c71cf-0d15-42eb-b836-2213d51ec9fd/context
[HTTP] {}
[HTTP] <-- GET /wd/hub/session/2b6c71cf-0d15-42eb-b836-2213d51ec9fd/context 200 4 ms - 84
[HTTP] 
[HTTP] --> GET /wd/hub/session/2b6c71cf-0d15-42eb-b836-2213d51ec9fd/contexts
[HTTP] {}
[HTTP] <-- GET /wd/hub/session/2b6c71cf-0d15-42eb-b836-2213d51ec9fd/contexts 200 108 ms - 164
[HTTP] 
[HTTP] --> POST /wd/hub/session/2b6c71cf-0d15-42eb-b836-2213d51ec9fd/context
[HTTP] {"name":"NATIVE_APP"}
[HTTP] <-- POST /wd/hub/session/2b6c71cf-0d15-42eb-b836-2213d51ec9fd/context 200 101 ms - 76
[HTTP] 
[HTTP] --> POST /wd/hub/session/2b6c71cf-0d15-42eb-b836-2213d51ec9fd/touch/perform
[HTTP] {"actions":[{"action":"press","options":{"x":800,"y":1000}},{"action":"wait","options":{"ms":500}},{"action":"moveTo","options":{"x":10,"y":800}}]}
[HTTP] <-- POST /wd/hub/session/2b6c71cf-0d15-42eb-b836-2213d51ec9fd/touch/perform 200 2060 ms - 76
[HTTP] 
[HTTP] --> POST /wd/hub/session/2b6c71cf-0d15-42eb-b836-2213d51ec9fd/context
[HTTP] {"name":"NATIVE_APP"}
[HTTP] <-- POST /wd/hub/session/2b6c71cf-0d15-42eb-b836-2213d51ec9fd/context 200 83 ms - 76
[HTTP] 
[HTTP] --> GET /wd/hub/session/2b6c71cf-0d15-42eb-b836-2213d51ec9fd/window/current/size
[HTTP] {}
[W3C] Driver proxy active, passing request on via HTTP proxy
[JSONWP Proxy] Replacing sessionId 6654aa90-74b8-42c0-8d85-e8357c8f5313 with 2b6c71cf-0d15-42eb-b836-2213d51ec9fd
[HTTP] <-- GET /wd/hub/session/2b6c71cf-0d15-42eb-b836-2213d51ec9fd/window/current/size 200 16 ms - 100
[HTTP] 
[HTTP] --> POST /wd/hub/session/2b6c71cf-0d15-42eb-b836-2213d51ec9fd/elements
[HTTP] {"using":"-android uiautomator","value":"new UiSelector().className(\"android.widget.LinearLayout\").instance(4)"}
[HTTP] <-- POST /wd/hub/session/2b6c71cf-0d15-42eb-b836-2213d51ec9fd/elements 200 86 ms - 124
[HTTP] 
[HTTP] --> GET /wd/hub/session/2b6c71cf-0d15-42eb-b836-2213d51ec9fd
[HTTP] {}
[HTTP] <-- GET /wd/hub/session/2b6c71cf-0d15-42eb-b836-2213d51ec9fd 200 15 ms - 1284
[HTTP] 
[HTTP] --> GET /wd/hub/session/2b6c71cf-0d15-42eb-b836-2213d51ec9fd
[HTTP] {}
[HTTP] <-- GET /wd/hub/session/2b6c71cf-0d15-42eb-b836-2213d51ec9fd 200 16 ms - 1284
[HTTP] 
[HTTP] --> GET /wd/hub/session/2b6c71cf-0d15-42eb-b836-2213d51ec9fd
[HTTP] {}
[HTTP] <-- GET /wd/hub/session/2b6c71cf-0d15-42eb-b836-2213d51ec9fd 200 16 ms - 1284
[HTTP] 
[HTTP] --> GET /wd/hub/session/2b6c71cf-0d15-42eb-b836-2213d51ec9fd
[HTTP] {}
[HTTP] <-- GET /wd/hub/session/2b6c71cf-0d15-42eb-b836-2213d51ec9fd 200 20 ms - 1284
[HTTP] 
[HTTP] --> GET /wd/hub/session/2b6c71cf-0d15-42eb-b836-2213d51ec9fd/element/4e07a869-a260-4fd6-9576-e3dbad9d2670/location
[HTTP] {}
[W3C] Driver proxy active, passing request on via HTTP proxy
[JSONWP Proxy] Replacing sessionId 6654aa90-74b8-42c0-8d85-e8357c8f5313 with 2b6c71cf-0d15-42eb-b836-2213d51ec9fd
[HTTP] <-- GET /wd/hub/session/2b6c71cf-0d15-42eb-b836-2213d51ec9fd/element/4e07a869-a260-4fd6-9576-e3dbad9d2670/location 200 42 ms - 87
[HTTP] 
[HTTP] --> POST /wd/hub/session/2b6c71cf-0d15-42eb-b836-2213d51ec9fd/touch/perform
[HTTP] {"actions":[{"action":"tap","options":{"element":"4e07a869-a260-4fd6-9576-e3dbad9d2670","x":1,"y":1}}]}
[UiAutomator2] calling get location: 4e07a869-a260-4fd6-9576-e3dbad9d2670
[HTTP] <-- POST /wd/hub/session/2b6c71cf-0d15-42eb-b836-2213d51ec9fd/touch/perform 200 2183 ms - 76
[HTTP] 
[HTTP] --> GET /wd/hub/session/2b6c71cf-0d15-42eb-b836-2213d51ec9fd/context
[HTTP] {}
[HTTP] <-- GET /wd/hub/session/2b6c71cf-0d15-42eb-b836-2213d51ec9fd/context 200 5 ms - 84
[HTTP] 
[HTTP] --> GET /wd/hub/session/2b6c71cf-0d15-42eb-b836-2213d51ec9fd/contexts
[HTTP] {}
[HTTP] <-- GET /wd/hub/session/2b6c71cf-0d15-42eb-b836-2213d51ec9fd/contexts 200 100 ms - 164
[HTTP] 
[HTTP] --> POST /wd/hub/session/2b6c71cf-0d15-42eb-b836-2213d51ec9fd/context
[HTTP] {"name":"NATIVE_APP"}
[HTTP] <-- POST /wd/hub/session/2b6c71cf-0d15-42eb-b836-2213d51ec9fd/context 200 107 ms - 76
[HTTP] 
[HTTP] --> POST /wd/hub/session/2b6c71cf-0d15-42eb-b836-2213d51ec9fd/touch/perform
[HTTP] {"actions":[{"action":"press","options":{"x":800,"y":1000}},{"action":"wait","options":{"ms":500}},{"action":"moveTo","options":{"x":10,"y":800}}]}
[HTTP] <-- POST /wd/hub/session/2b6c71cf-0d15-42eb-b836-2213d51ec9fd/touch/perform 200 2062 ms - 76
[HTTP] 
[HTTP] --> POST /wd/hub/session/2b6c71cf-0d15-42eb-b836-2213d51ec9fd/context
[HTTP] {"name":"NATIVE_APP"}
[HTTP] <-- POST /wd/hub/session/2b6c71cf-0d15-42eb-b836-2213d51ec9fd/context 200 97 ms - 76
[HTTP] 
[HTTP] --> GET /wd/hub/session/2b6c71cf-0d15-42eb-b836-2213d51ec9fd/window/current/size
[HTTP] {}
[W3C] Driver proxy active, passing request on via HTTP proxy
[JSONWP Proxy] Replacing sessionId 6654aa90-74b8-42c0-8d85-e8357c8f5313 with 2b6c71cf-0d15-42eb-b836-2213d51ec9fd
[HTTP] <-- GET /wd/hub/session/2b6c71cf-0d15-42eb-b836-2213d51ec9fd/window/current/size 200 29 ms - 100
[HTTP] 
[HTTP] --> POST /wd/hub/session/2b6c71cf-0d15-42eb-b836-2213d51ec9fd/elements
[HTTP] {"using":"-android uiautomator","value":"new UiSelector().className(\"android.widget.LinearLayout\").instance(4)"}
[HTTP] <-- POST /wd/hub/session/2b6c71cf-0d15-42eb-b836-2213d51ec9fd/elements 200 65 ms - 124
[HTTP] 
[HTTP] --> GET /wd/hub/session/2b6c71cf-0d15-42eb-b836-2213d51ec9fd
[HTTP] {}
[HTTP] <-- GET /wd/hub/session/2b6c71cf-0d15-42eb-b836-2213d51ec9fd 200 27 ms - 1284
[HTTP] 
[HTTP] --> GET /wd/hub/session/2b6c71cf-0d15-42eb-b836-2213d51ec9fd
[HTTP] {}
[HTTP] <-- GET /wd/hub/session/2b6c71cf-0d15-42eb-b836-2213d51ec9fd 200 13 ms - 1284
[HTTP] 
[HTTP] --> GET /wd/hub/session/2b6c71cf-0d15-42eb-b836-2213d51ec9fd
[HTTP] {}
[HTTP] <-- GET /wd/hub/session/2b6c71cf-0d15-42eb-b836-2213d51ec9fd 200 20 ms - 1284
[HTTP] 
[HTTP] --> GET /wd/hub/session/2b6c71cf-0d15-42eb-b836-2213d51ec9fd
[HTTP] {}
[HTTP] <-- GET /wd/hub/session/2b6c71cf-0d15-42eb-b836-2213d51ec9fd 200 14 ms - 1284
[HTTP] 
[HTTP] --> GET /wd/hub/session/2b6c71cf-0d15-42eb-b836-2213d51ec9fd/element/c6de0abe-3e39-44fd-b616-348993e9782f/location
[HTTP] {}
[W3C] Driver proxy active, passing request on via HTTP proxy
[JSONWP Proxy] Replacing sessionId 6654aa90-74b8-42c0-8d85-e8357c8f5313 with 2b6c71cf-0d15-42eb-b836-2213d51ec9fd
[HTTP] <-- GET /wd/hub/session/2b6c71cf-0d15-42eb-b836-2213d51ec9fd/element/c6de0abe-3e39-44fd-b616-348993e9782f/location 200 22 ms - 87
[HTTP] 
[HTTP] --> POST /wd/hub/session/2b6c71cf-0d15-42eb-b836-2213d51ec9fd/touch/perform
[HTTP] {"actions":[{"action":"tap","options":{"element":"c6de0abe-3e39-44fd-b616-348993e9782f","x":1,"y":1}}]}
[UiAutomator2] calling get location: c6de0abe-3e39-44fd-b616-348993e9782f
[HTTP] <-- POST /wd/hub/session/2b6c71cf-0d15-42eb-b836-2213d51ec9fd/touch/perform 200 1229 ms - 76
[HTTP] 
[HTTP] --> GET /wd/hub/session/2b6c71cf-0d15-42eb-b836-2213d51ec9fd/context
[HTTP] {}
[HTTP] <-- GET /wd/hub/session/2b6c71cf-0d15-42eb-b836-2213d51ec9fd/context 200 3 ms - 84
[HTTP] 
[HTTP] --> GET /wd/hub/session/2b6c71cf-0d15-42eb-b836-2213d51ec9fd/contexts
[HTTP] {}
[HTTP] <-- GET /wd/hub/session/2b6c71cf-0d15-42eb-b836-2213d51ec9fd/contexts 200 85 ms - 164
[HTTP] 
[HTTP] --> POST /wd/hub/session/2b6c71cf-0d15-42eb-b836-2213d51ec9fd/context
[HTTP] {"name":"NATIVE_APP"}
[HTTP] <-- POST /wd/hub/session/2b6c71cf-0d15-42eb-b836-2213d51ec9fd/context 200 96 ms - 76
[HTTP] 
[HTTP] --> POST /wd/hub/session/2b6c71cf-0d15-42eb-b836-2213d51ec9fd/touch/perform
[HTTP] {"actions":[{"action":"press","options":{"x":800,"y":1000}},{"action":"wait","options":{"ms":500}},{"action":"moveTo","options":{"x":10,"y":800}}]}
[HTTP] <-- POST /wd/hub/session/2b6c71cf-0d15-42eb-b836-2213d51ec9fd/touch/perform 200 2068 ms - 76
[HTTP] 
[HTTP] --> POST /wd/hub/session/2b6c71cf-0d15-42eb-b836-2213d51ec9fd/context
[HTTP] {"name":"NATIVE_APP"}
[HTTP] <-- POST /wd/hub/session/2b6c71cf-0d15-42eb-b836-2213d51ec9fd/context 200 227 ms - 76
[HTTP] 
[HTTP] --> GET /wd/hub/session/2b6c71cf-0d15-42eb-b836-2213d51ec9fd/window/current/size
[HTTP] {}
[W3C] Driver proxy active, passing request on via HTTP proxy
[JSONWP Proxy] Replacing sessionId 6654aa90-74b8-42c0-8d85-e8357c8f5313 with 2b6c71cf-0d15-42eb-b836-2213d51ec9fd
[HTTP] <-- GET /wd/hub/session/2b6c71cf-0d15-42eb-b836-2213d51ec9fd/window/current/size 200 43 ms - 100
[HTTP] 
[HTTP] --> POST /wd/hub/session/2b6c71cf-0d15-42eb-b836-2213d51ec9fd/elements
[HTTP] {"using":"-android uiautomator","value":"new UiSelector().className(\"android.widget.LinearLayout\").instance(4)"}
[HTTP] <-- POST /wd/hub/session/2b6c71cf-0d15-42eb-b836-2213d51ec9fd/elements 200 172 ms - 124
[HTTP] 
[HTTP] --> GET /wd/hub/session/2b6c71cf-0d15-42eb-b836-2213d51ec9fd
[HTTP] {}
[HTTP] <-- GET /wd/hub/session/2b6c71cf-0d15-42eb-b836-2213d51ec9fd 200 33 ms - 1167
[HTTP] 
[HTTP] --> GET /wd/hub/session/2b6c71cf-0d15-42eb-b836-2213d51ec9fd
[HTTP] {}
[HTTP] <-- GET /wd/hub/session/2b6c71cf-0d15-42eb-b836-2213d51ec9fd 200 31 ms - 1167
[HTTP] 
[HTTP] --> GET /wd/hub/session/2b6c71cf-0d15-42eb-b836-2213d51ec9fd
[HTTP] {}
[HTTP] <-- GET /wd/hub/session/2b6c71cf-0d15-42eb-b836-2213d51ec9fd 200 66 ms - 1167
[HTTP] 
[HTTP] --> GET /wd/hub/session/2b6c71cf-0d15-42eb-b836-2213d51ec9fd
[HTTP] {}
[HTTP] <-- GET /wd/hub/session/2b6c71cf-0d15-42eb-b836-2213d51ec9fd 200 53 ms - 1167
[HTTP] 
[HTTP] --> GET /wd/hub/session/2b6c71cf-0d15-42eb-b836-2213d51ec9fd/element/8d5dd9d1-4f7d-413a-81ce-2f7c34fda8fb/location
[HTTP] {}
[W3C] Driver proxy active, passing request on via HTTP proxy
[JSONWP Proxy] Replacing sessionId 6654aa90-74b8-42c0-8d85-e8357c8f5313 with 2b6c71cf-0d15-42eb-b836-2213d51ec9fd
[HTTP] <-- GET /wd/hub/session/2b6c71cf-0d15-42eb-b836-2213d51ec9fd/element/8d5dd9d1-4f7d-413a-81ce-2f7c34fda8fb/location 200 78 ms - 88
[HTTP] 
[HTTP] --> POST /wd/hub/session/2b6c71cf-0d15-42eb-b836-2213d51ec9fd/touch/perform
[HTTP] {"actions":[{"action":"tap","options":{"element":"8d5dd9d1-4f7d-413a-81ce-2f7c34fda8fb","x":1,"y":1}}]}
[UiAutomator2] calling get location: 8d5dd9d1-4f7d-413a-81ce-2f7c34fda8fb
[HTTP] <-- POST /wd/hub/session/2b6c71cf-0d15-42eb-b836-2213d51ec9fd/touch/perform 200 3378 ms - 76
[HTTP] 
[HTTP] --> GET /wd/hub/session/2b6c71cf-0d15-42eb-b836-2213d51ec9fd/context
[HTTP] {}
[HTTP] <-- GET /wd/hub/session/2b6c71cf-0d15-42eb-b836-2213d51ec9fd/context 200 2 ms - 84
[HTTP] 
[HTTP] --> GET /wd/hub/session/2b6c71cf-0d15-42eb-b836-2213d51ec9fd/contexts
[HTTP] {}
[HTTP] <-- GET /wd/hub/session/2b6c71cf-0d15-42eb-b836-2213d51ec9fd/contexts 200 103 ms - 164
[HTTP] 
[HTTP] --> POST /wd/hub/session/2b6c71cf-0d15-42eb-b836-2213d51ec9fd/context
[HTTP] {"name":"NATIVE_APP"}
[HTTP] <-- POST /wd/hub/session/2b6c71cf-0d15-42eb-b836-2213d51ec9fd/context 200 83 ms - 76
[HTTP] 
[HTTP] --> POST /wd/hub/session/2b6c71cf-0d15-42eb-b836-2213d51ec9fd/touch/perform
[HTTP] {"actions":[{"action":"press","options":{"x":800,"y":1000}},{"action":"wait","options":{"ms":500}},{"action":"moveTo","options":{"x":10,"y":800}}]}
[HTTP] <-- POST /wd/hub/session/2b6c71cf-0d15-42eb-b836-2213d51ec9fd/touch/perform 200 2078 ms - 76
[HTTP] 
[HTTP] --> POST /wd/hub/session/2b6c71cf-0d15-42eb-b836-2213d51ec9fd/context
[HTTP] {"name":"NATIVE_APP"}
[HTTP] <-- POST /wd/hub/session/2b6c71cf-0d15-42eb-b836-2213d51ec9fd/context 200 304 ms - 76
[HTTP] 
[HTTP] --> GET /wd/hub/session/2b6c71cf-0d15-42eb-b836-2213d51ec9fd/window/current/size
[HTTP] {}
[W3C] Driver proxy active, passing request on via HTTP proxy
[JSONWP Proxy] Replacing sessionId 6654aa90-74b8-42c0-8d85-e8357c8f5313 with 2b6c71cf-0d15-42eb-b836-2213d51ec9fd
[HTTP] <-- GET /wd/hub/session/2b6c71cf-0d15-42eb-b836-2213d51ec9fd/window/current/size 200 60 ms - 100
[HTTP] 
[HTTP] --> POST /wd/hub/session/2b6c71cf-0d15-42eb-b836-2213d51ec9fd/elements
[HTTP] {"using":"-android uiautomator","value":"new UiSelector().className(\"android.widget.EditText\").text(\"No Handphone\").resourceId(\"id.co.fundtastic.client:id/et_phone\").instance(0)"}
[HTTP] <-- POST /wd/hub/session/2b6c71cf-0d15-42eb-b836-2213d51ec9fd/elements 200 201 ms - 124
[HTTP] 
[HTTP] --> GET /wd/hub/session/2b6c71cf-0d15-42eb-b836-2213d51ec9fd
[HTTP] {}
[HTTP] <-- GET /wd/hub/session/2b6c71cf-0d15-42eb-b836-2213d51ec9fd 200 27 ms - 1167
[HTTP] 
[HTTP] --> GET /wd/hub/session/2b6c71cf-0d15-42eb-b836-2213d51ec9fd
[HTTP] {}
[HTTP] <-- GET /wd/hub/session/2b6c71cf-0d15-42eb-b836-2213d51ec9fd 200 40 ms - 1167
[HTTP] 
[HTTP] --> GET /wd/hub/session/2b6c71cf-0d15-42eb-b836-2213d51ec9fd
[HTTP] {}
[HTTP] <-- GET /wd/hub/session/2b6c71cf-0d15-42eb-b836-2213d51ec9fd 200 30 ms - 1167
[HTTP] 
[HTTP] --> GET /wd/hub/session/2b6c71cf-0d15-42eb-b836-2213d51ec9fd
[HTTP] {}
[HTTP] <-- GET /wd/hub/session/2b6c71cf-0d15-42eb-b836-2213d51ec9fd 200 40 ms - 1167
[HTTP] 
[HTTP] --> GET /wd/hub/session/2b6c71cf-0d15-42eb-b836-2213d51ec9fd/element/2b1599eb-3b7e-4a6a-85b3-7ce2776c139f/location
[HTTP] {}
[W3C] Driver proxy active, passing request on via HTTP proxy
[JSONWP Proxy] Replacing sessionId 6654aa90-74b8-42c0-8d85-e8357c8f5313 with 2b6c71cf-0d15-42eb-b836-2213d51ec9fd
[HTTP] <-- GET /wd/hub/session/2b6c71cf-0d15-42eb-b836-2213d51ec9fd/element/2b1599eb-3b7e-4a6a-85b3-7ce2776c139f/location 200 120 ms - 88
[HTTP] 
[HTTP] --> POST /wd/hub/session/2b6c71cf-0d15-42eb-b836-2213d51ec9fd/element/2b1599eb-3b7e-4a6a-85b3-7ce2776c139f/clear
[HTTP] {"id":"2b1599eb-3b7e-4a6a-85b3-7ce2776c139f"}
[HTTP] <-- POST /wd/hub/session/2b6c71cf-0d15-42eb-b836-2213d51ec9fd/element/2b1599eb-3b7e-4a6a-85b3-7ce2776c139f/clear 200 123 ms - 89
[HTTP] 
[HTTP] --> POST /wd/hub/session/2b6c71cf-0d15-42eb-b836-2213d51ec9fd/element/2b1599eb-3b7e-4a6a-85b3-7ce2776c139f/value
[HTTP] {"id":"2b1599eb-3b7e-4a6a-85b3-7ce2776c139f","value":["081215161452"]}
[HTTP] <-- POST /wd/hub/session/2b6c71cf-0d15-42eb-b836-2213d51ec9fd/element/2b1599eb-3b7e-4a6a-85b3-7ce2776c139f/value 200 1071 ms - 74
[HTTP] 
[HTTP] --> GET /wd/hub/session/2b6c71cf-0d15-42eb-b836-2213d51ec9fd/window/current/size
[HTTP] {}
[W3C] Driver proxy active, passing request on via HTTP proxy
[JSONWP Proxy] Replacing sessionId 6654aa90-74b8-42c0-8d85-e8357c8f5313 with 2b6c71cf-0d15-42eb-b836-2213d51ec9fd
[HTTP] <-- GET /wd/hub/session/2b6c71cf-0d15-42eb-b836-2213d51ec9fd/window/current/size 200 18 ms - 100
[HTTP] 
[HTTP] --> POST /wd/hub/session/2b6c71cf-0d15-42eb-b836-2213d51ec9fd/elements
[HTTP] {"using":"-android uiautomator","value":"new UiSelector().className(\"android.widget.Button\").text(\"MASUK\").resourceId(\"id.co.fundtastic.client:id/btnLogin\").instance(0)"}
[HTTP] <-- POST /wd/hub/session/2b6c71cf-0d15-42eb-b836-2213d51ec9fd/elements 200 459 ms - 124
[HTTP] 
[HTTP] --> GET /wd/hub/session/2b6c71cf-0d15-42eb-b836-2213d51ec9fd
[HTTP] {}
[HTTP] <-- GET /wd/hub/session/2b6c71cf-0d15-42eb-b836-2213d51ec9fd 200 12 ms - 1167
[HTTP] 
[HTTP] --> GET /wd/hub/session/2b6c71cf-0d15-42eb-b836-2213d51ec9fd
[HTTP] {}
[HTTP] <-- GET /wd/hub/session/2b6c71cf-0d15-42eb-b836-2213d51ec9fd 200 12 ms - 1167
[HTTP] 
[HTTP] --> GET /wd/hub/session/2b6c71cf-0d15-42eb-b836-2213d51ec9fd
[HTTP] {}
[HTTP] <-- GET /wd/hub/session/2b6c71cf-0d15-42eb-b836-2213d51ec9fd 200 12 ms - 1167
[HTTP] 
[HTTP] --> GET /wd/hub/session/2b6c71cf-0d15-42eb-b836-2213d51ec9fd
[HTTP] {}
[HTTP] <-- GET /wd/hub/session/2b6c71cf-0d15-42eb-b836-2213d51ec9fd 200 14 ms - 1167
[HTTP] 
[HTTP] --> GET /wd/hub/session/2b6c71cf-0d15-42eb-b836-2213d51ec9fd/element/f5398162-f541-420c-979b-229ac7b5fd71/location
[HTTP] {}
[W3C] Driver proxy active, passing request on via HTTP proxy
[JSONWP Proxy] Replacing sessionId 6654aa90-74b8-42c0-8d85-e8357c8f5313 with 2b6c71cf-0d15-42eb-b836-2213d51ec9fd
[HTTP] <-- GET /wd/hub/session/2b6c71cf-0d15-42eb-b836-2213d51ec9fd/element/f5398162-f541-420c-979b-229ac7b5fd71/location 200 20 ms - 88
[HTTP] 
[HTTP] --> POST /wd/hub/session/2b6c71cf-0d15-42eb-b836-2213d51ec9fd/touch/perform
[HTTP] {"actions":[{"action":"tap","options":{"element":"f5398162-f541-420c-979b-229ac7b5fd71","x":1,"y":1}}]}
[UiAutomator2] calling get location: f5398162-f541-420c-979b-229ac7b5fd71
[HTTP] <-- POST /wd/hub/session/2b6c71cf-0d15-42eb-b836-2213d51ec9fd/touch/perform 200 806 ms - 76
[HTTP] 
[HTTP] --> GET /wd/hub/session/2b6c71cf-0d15-42eb-b836-2213d51ec9fd/window/current/size
[HTTP] {}
[W3C] Driver proxy active, passing request on via HTTP proxy
[JSONWP Proxy] Replacing sessionId 6654aa90-74b8-42c0-8d85-e8357c8f5313 with 2b6c71cf-0d15-42eb-b836-2213d51ec9fd
[HTTP] <-- GET /wd/hub/session/2b6c71cf-0d15-42eb-b836-2213d51ec9fd/window/current/size 200 21 ms - 100
[HTTP] 
[HTTP] --> POST /wd/hub/session/2b6c71cf-0d15-42eb-b836-2213d51ec9fd/elements
[HTTP] {"using":"-android uiautomator","value":"new UiSelector().className(\"android.widget.TextView\").text(\"Verifikasi Nomor HP\").instance(0)"}
[HTTP] <-- POST /wd/hub/session/2b6c71cf-0d15-42eb-b836-2213d51ec9fd/elements 200 51 ms - 124
[HTTP] 
[HTTP] --> GET /wd/hub/session/2b6c71cf-0d15-42eb-b836-2213d51ec9fd
[HTTP] {}
[HTTP] <-- GET /wd/hub/session/2b6c71cf-0d15-42eb-b836-2213d51ec9fd 200 27 ms - 1167
[HTTP] 
[HTTP] --> GET /wd/hub/session/2b6c71cf-0d15-42eb-b836-2213d51ec9fd
[HTTP] {}
[HTTP] <-- GET /wd/hub/session/2b6c71cf-0d15-42eb-b836-2213d51ec9fd 200 15 ms - 1167
[HTTP] 
[HTTP] --> GET /wd/hub/session/2b6c71cf-0d15-42eb-b836-2213d51ec9fd
[HTTP] {}
[HTTP] <-- GET /wd/hub/session/2b6c71cf-0d15-42eb-b836-2213d51ec9fd 200 12 ms - 1167
[HTTP] 
[HTTP] --> GET /wd/hub/session/2b6c71cf-0d15-42eb-b836-2213d51ec9fd
[HTTP] {}
[HTTP] <-- GET /wd/hub/session/2b6c71cf-0d15-42eb-b836-2213d51ec9fd 200 12 ms - 1167
[HTTP] 
[HTTP] --> GET /wd/hub/session/2b6c71cf-0d15-42eb-b836-2213d51ec9fd/element/f8d8a224-1dea-45be-85a6-dfde43b7cfe4/location
[HTTP] {}
[W3C] Driver proxy active, passing request on via HTTP proxy
[JSONWP Proxy] Replacing sessionId 6654aa90-74b8-42c0-8d85-e8357c8f5313 with 2b6c71cf-0d15-42eb-b836-2213d51ec9fd
[HTTP] <-- GET /wd/hub/session/2b6c71cf-0d15-42eb-b836-2213d51ec9fd/element/f8d8a224-1dea-45be-85a6-dfde43b7cfe4/location 200 20 ms - 89
[HTTP] 
[HTTP] --> GET /wd/hub/session/2b6c71cf-0d15-42eb-b836-2213d51ec9fd/element/f8d8a224-1dea-45be-85a6-dfde43b7cfe4/text
[HTTP] {}
[W3C] Driver proxy active, passing request on via HTTP proxy
[JSONWP Proxy] Replacing sessionId 6654aa90-74b8-42c0-8d85-e8357c8f5313 with 2b6c71cf-0d15-42eb-b836-2213d51ec9fd
[HTTP] <-- GET /wd/hub/session/2b6c71cf-0d15-42eb-b836-2213d51ec9fd/element/f8d8a224-1dea-45be-85a6-dfde43b7cfe4/text 200 22 ms - 93
[HTTP] 
[HTTP] --> GET /wd/hub/session/2b6c71cf-0d15-42eb-b836-2213d51ec9fd/window/current/size
[HTTP] {}
[W3C] Driver proxy active, passing request on via HTTP proxy
[JSONWP Proxy] Replacing sessionId 6654aa90-74b8-42c0-8d85-e8357c8f5313 with 2b6c71cf-0d15-42eb-b836-2213d51ec9fd
[HTTP] <-- GET /wd/hub/session/2b6c71cf-0d15-42eb-b836-2213d51ec9fd/window/current/size 200 16 ms - 100
[HTTP] 
[HTTP] --> POST /wd/hub/session/2b6c71cf-0d15-42eb-b836-2213d51ec9fd/elements
[HTTP] {"using":"-android uiautomator","value":"new UiSelector().className(\"android.widget.EditText\").resourceId(\"id.co.fundtastic.client:id/et_otp\").instance(0)"}
[HTTP] <-- POST /wd/hub/session/2b6c71cf-0d15-42eb-b836-2213d51ec9fd/elements 200 35 ms - 124
[HTTP] 
[HTTP] --> GET /wd/hub/session/2b6c71cf-0d15-42eb-b836-2213d51ec9fd
[HTTP] {}
[HTTP] <-- GET /wd/hub/session/2b6c71cf-0d15-42eb-b836-2213d51ec9fd 200 12 ms - 1167
[HTTP] 
[HTTP] --> GET /wd/hub/session/2b6c71cf-0d15-42eb-b836-2213d51ec9fd
[HTTP] {}
[HTTP] <-- GET /wd/hub/session/2b6c71cf-0d15-42eb-b836-2213d51ec9fd 200 12 ms - 1167
[HTTP] 
[HTTP] --> GET /wd/hub/session/2b6c71cf-0d15-42eb-b836-2213d51ec9fd
[HTTP] {}
[HTTP] <-- GET /wd/hub/session/2b6c71cf-0d15-42eb-b836-2213d51ec9fd 200 22 ms - 1167
[HTTP] 
[HTTP] --> GET /wd/hub/session/2b6c71cf-0d15-42eb-b836-2213d51ec9fd
[HTTP] {}
[HTTP] <-- GET /wd/hub/session/2b6c71cf-0d15-42eb-b836-2213d51ec9fd 200 26 ms - 1167
[HTTP] 
[HTTP] --> GET /wd/hub/session/2b6c71cf-0d15-42eb-b836-2213d51ec9fd/element/486dceb7-9f6d-4d13-9aaf-14fee122ecf5/location
[HTTP] {}
[W3C] Driver proxy active, passing request on via HTTP proxy
[JSONWP Proxy] Replacing sessionId 6654aa90-74b8-42c0-8d85-e8357c8f5313 with 2b6c71cf-0d15-42eb-b836-2213d51ec9fd
[HTTP] <-- GET /wd/hub/session/2b6c71cf-0d15-42eb-b836-2213d51ec9fd/element/486dceb7-9f6d-4d13-9aaf-14fee122ecf5/location 200 432 ms - 89
[HTTP] 
[HTTP] --> POST /wd/hub/session/2b6c71cf-0d15-42eb-b836-2213d51ec9fd/touch/perform
[HTTP] {"actions":[{"action":"tap","options":{"element":"486dceb7-9f6d-4d13-9aaf-14fee122ecf5","x":1,"y":1}}]}
[UiAutomator2] calling get location: 486dceb7-9f6d-4d13-9aaf-14fee122ecf5
[HTTP] <-- POST /wd/hub/session/2b6c71cf-0d15-42eb-b836-2213d51ec9fd/touch/perform 200 992 ms - 76
[HTTP] 
[HTTP] --> GET /wd/hub/session/2b6c71cf-0d15-42eb-b836-2213d51ec9fd/window/current/size
[HTTP] {}
[W3C] Driver proxy active, passing request on via HTTP proxy
[JSONWP Proxy] Replacing sessionId 6654aa90-74b8-42c0-8d85-e8357c8f5313 with 2b6c71cf-0d15-42eb-b836-2213d51ec9fd
[HTTP] <-- GET /wd/hub/session/2b6c71cf-0d15-42eb-b836-2213d51ec9fd/window/current/size 200 15 ms - 100
[HTTP] 
[HTTP] --> POST /wd/hub/session/2b6c71cf-0d15-42eb-b836-2213d51ec9fd/elements
[HTTP] {"using":"-android uiautomator","value":"new UiSelector().className(\"android.widget.EditText\").resourceId(\"id.co.fundtastic.client:id/et_otp\").instance(0)"}
[HTTP] <-- POST /wd/hub/session/2b6c71cf-0d15-42eb-b836-2213d51ec9fd/elements 200 52 ms - 124
[HTTP] 
[HTTP] --> GET /wd/hub/session/2b6c71cf-0d15-42eb-b836-2213d51ec9fd
[HTTP] {}
[HTTP] <-- GET /wd/hub/session/2b6c71cf-0d15-42eb-b836-2213d51ec9fd 200 14 ms - 1167
[HTTP] 
[HTTP] --> GET /wd/hub/session/2b6c71cf-0d15-42eb-b836-2213d51ec9fd
[HTTP] {}
[HTTP] <-- GET /wd/hub/session/2b6c71cf-0d15-42eb-b836-2213d51ec9fd 200 14 ms - 1167
[HTTP] 
[HTTP] --> GET /wd/hub/session/2b6c71cf-0d15-42eb-b836-2213d51ec9fd
[HTTP] {}
[HTTP] <-- GET /wd/hub/session/2b6c71cf-0d15-42eb-b836-2213d51ec9fd 200 14 ms - 1167
[HTTP] 
[HTTP] --> GET /wd/hub/session/2b6c71cf-0d15-42eb-b836-2213d51ec9fd
[HTTP] {}
[HTTP] <-- GET /wd/hub/session/2b6c71cf-0d15-42eb-b836-2213d51ec9fd 200 16 ms - 1167
[HTTP] 
[HTTP] --> GET /wd/hub/session/2b6c71cf-0d15-42eb-b836-2213d51ec9fd/element/abe060d4-b2c9-4f26-9445-c1cdecde5ab0/location
[HTTP] {}
[W3C] Driver proxy active, passing request on via HTTP proxy
[JSONWP Proxy] Replacing sessionId 6654aa90-74b8-42c0-8d85-e8357c8f5313 with 2b6c71cf-0d15-42eb-b836-2213d51ec9fd
[HTTP] <-- GET /wd/hub/session/2b6c71cf-0d15-42eb-b836-2213d51ec9fd/element/abe060d4-b2c9-4f26-9445-c1cdecde5ab0/location 200 34 ms - 89
[HTTP] 
[HTTP] --> POST /wd/hub/session/2b6c71cf-0d15-42eb-b836-2213d51ec9fd/element/abe060d4-b2c9-4f26-9445-c1cdecde5ab0/clear
[HTTP] {"id":"abe060d4-b2c9-4f26-9445-c1cdecde5ab0"}
[HTTP] <-- POST /wd/hub/session/2b6c71cf-0d15-42eb-b836-2213d51ec9fd/element/abe060d4-b2c9-4f26-9445-c1cdecde5ab0/clear 200 47 ms - 89
[HTTP] 
[HTTP] --> POST /wd/hub/session/2b6c71cf-0d15-42eb-b836-2213d51ec9fd/element/abe060d4-b2c9-4f26-9445-c1cdecde5ab0/value
[HTTP] {"id":"abe060d4-b2c9-4f26-9445-c1cdecde5ab0","value":["8888"]}
[HTTP] <-- POST /wd/hub/session/2b6c71cf-0d15-42eb-b836-2213d51ec9fd/element/abe060d4-b2c9-4f26-9445-c1cdecde5ab0/value 200 772 ms - 74
[HTTP] 
[HTTP] --> GET /wd/hub/session/2b6c71cf-0d15-42eb-b836-2213d51ec9fd/window/current/size
[HTTP] {}
[W3C] Driver proxy active, passing request on via HTTP proxy
[JSONWP Proxy] Replacing sessionId 6654aa90-74b8-42c0-8d85-e8357c8f5313 with 2b6c71cf-0d15-42eb-b836-2213d51ec9fd
[HTTP] <-- GET /wd/hub/session/2b6c71cf-0d15-42eb-b836-2213d51ec9fd/window/current/size 200 36 ms - 100
[HTTP] 
[HTTP] --> POST /wd/hub/session/2b6c71cf-0d15-42eb-b836-2213d51ec9fd/elements
[HTTP] {"using":"-android uiautomator","value":"new UiSelector().className(\"android.widget.Button\").text(\"Verifikasi Sekarang\").resourceId(\"id.co.fundtastic.client:id/btnVerified\").instance(0)"}
[HTTP] <-- POST /wd/hub/session/2b6c71cf-0d15-42eb-b836-2213d51ec9fd/elements 200 888 ms - 124
[HTTP] 
[HTTP] --> GET /wd/hub/session/2b6c71cf-0d15-42eb-b836-2213d51ec9fd
[HTTP] {}
[HTTP] <-- GET /wd/hub/session/2b6c71cf-0d15-42eb-b836-2213d51ec9fd 200 10 ms - 1167
[HTTP] 
[HTTP] --> GET /wd/hub/session/2b6c71cf-0d15-42eb-b836-2213d51ec9fd
[HTTP] {}
[HTTP] <-- GET /wd/hub/session/2b6c71cf-0d15-42eb-b836-2213d51ec9fd 200 12 ms - 1167
[HTTP] 
[HTTP] --> GET /wd/hub/session/2b6c71cf-0d15-42eb-b836-2213d51ec9fd
[HTTP] {}
[HTTP] <-- GET /wd/hub/session/2b6c71cf-0d15-42eb-b836-2213d51ec9fd 200 18 ms - 1167
[HTTP] 
[HTTP] --> GET /wd/hub/session/2b6c71cf-0d15-42eb-b836-2213d51ec9fd
[HTTP] {}
[HTTP] <-- GET /wd/hub/session/2b6c71cf-0d15-42eb-b836-2213d51ec9fd 200 18 ms - 1167
[HTTP] 
[HTTP] --> GET /wd/hub/session/2b6c71cf-0d15-42eb-b836-2213d51ec9fd/element/d28c3cb0-b6ef-4ad3-bf7a-f56bc619e165/location
[HTTP] {}
[W3C] Driver proxy active, passing request on via HTTP proxy
[JSONWP Proxy] Replacing sessionId 6654aa90-74b8-42c0-8d85-e8357c8f5313 with 2b6c71cf-0d15-42eb-b836-2213d51ec9fd
[HTTP] <-- GET /wd/hub/session/2b6c71cf-0d15-42eb-b836-2213d51ec9fd/element/d28c3cb0-b6ef-4ad3-bf7a-f56bc619e165/location 200 19 ms - 88
[HTTP] 
[HTTP] --> POST /wd/hub/session/2b6c71cf-0d15-42eb-b836-2213d51ec9fd/touch/perform
[HTTP] {"actions":[{"action":"tap","options":{"element":"d28c3cb0-b6ef-4ad3-bf7a-f56bc619e165","x":1,"y":1}}]}
[UiAutomator2] calling get location: d28c3cb0-b6ef-4ad3-bf7a-f56bc619e165
[HTTP] <-- POST /wd/hub/session/2b6c71cf-0d15-42eb-b836-2213d51ec9fd/touch/perform 200 926 ms - 76
[HTTP] 
[HTTP] --> GET /wd/hub/session/2b6c71cf-0d15-42eb-b836-2213d51ec9fd/window/current/size
[HTTP] {}
[W3C] Driver proxy active, passing request on via HTTP proxy
[JSONWP Proxy] Replacing sessionId 6654aa90-74b8-42c0-8d85-e8357c8f5313 with 2b6c71cf-0d15-42eb-b836-2213d51ec9fd
[HTTP] <-- GET /wd/hub/session/2b6c71cf-0d15-42eb-b836-2213d51ec9fd/window/current/size 200 86 ms - 100
[HTTP] 
[HTTP] --> POST /wd/hub/session/2b6c71cf-0d15-42eb-b836-2213d51ec9fd/elements
[HTTP] {"using":"-android uiautomator","value":"new UiSelector().className(\"android.widget.FrameLayout\").instance(0)"}
[HTTP] <-- POST /wd/hub/session/2b6c71cf-0d15-42eb-b836-2213d51ec9fd/elements 200 41 ms - 124
[HTTP] 
[HTTP] --> GET /wd/hub/session/2b6c71cf-0d15-42eb-b836-2213d51ec9fd
[HTTP] {}
[HTTP] <-- GET /wd/hub/session/2b6c71cf-0d15-42eb-b836-2213d51ec9fd 200 13 ms - 1167
[HTTP] 
[HTTP] --> GET /wd/hub/session/2b6c71cf-0d15-42eb-b836-2213d51ec9fd
[HTTP] {}
[HTTP] <-- GET /wd/hub/session/2b6c71cf-0d15-42eb-b836-2213d51ec9fd 200 23 ms - 1167
[HTTP] 
[HTTP] --> GET /wd/hub/session/2b6c71cf-0d15-42eb-b836-2213d51ec9fd
[HTTP] {}
[HTTP] <-- GET /wd/hub/session/2b6c71cf-0d15-42eb-b836-2213d51ec9fd 200 26 ms - 1167
[HTTP] 
[HTTP] --> GET /wd/hub/session/2b6c71cf-0d15-42eb-b836-2213d51ec9fd
[HTTP] {}
[HTTP] <-- GET /wd/hub/session/2b6c71cf-0d15-42eb-b836-2213d51ec9fd 200 12 ms - 1167
[HTTP] 
[HTTP] --> GET /wd/hub/session/2b6c71cf-0d15-42eb-b836-2213d51ec9fd/element/603fcea6-5f6c-4b3c-9713-e07f04b8c114/location
[HTTP] {}
[W3C] Driver proxy active, passing request on via HTTP proxy
[JSONWP Proxy] Replacing sessionId 6654aa90-74b8-42c0-8d85-e8357c8f5313 with 2b6c71cf-0d15-42eb-b836-2213d51ec9fd
[HTTP] <-- GET /wd/hub/session/2b6c71cf-0d15-42eb-b836-2213d51ec9fd/element/603fcea6-5f6c-4b3c-9713-e07f04b8c114/location 200 24 ms - 85
[HTTP] 
[HTTP] --> POST /wd/hub/session/2b6c71cf-0d15-42eb-b836-2213d51ec9fd/touch/perform
[HTTP] {"actions":[{"action":"tap","options":{"element":"603fcea6-5f6c-4b3c-9713-e07f04b8c114","x":1,"y":1}}]}
[UiAutomator2] calling get location: 603fcea6-5f6c-4b3c-9713-e07f04b8c114
[HTTP] <-- POST /wd/hub/session/2b6c71cf-0d15-42eb-b836-2213d51ec9fd/touch/perform 200 3209 ms - 76
[HTTP] 
[HTTP] --> GET /wd/hub/session/2b6c71cf-0d15-42eb-b836-2213d51ec9fd/context
[HTTP] {}
[HTTP] <-- GET /wd/hub/session/2b6c71cf-0d15-42eb-b836-2213d51ec9fd/context 200 2 ms - 84
[HTTP] 
[HTTP] --> GET /wd/hub/session/2b6c71cf-0d15-42eb-b836-2213d51ec9fd/contexts
[HTTP] {}
[HTTP] <-- GET /wd/hub/session/2b6c71cf-0d15-42eb-b836-2213d51ec9fd/contexts 200 111 ms - 164
[HTTP] 
[HTTP] --> POST /wd/hub/session/2b6c71cf-0d15-42eb-b836-2213d51ec9fd/context
[HTTP] {"name":"NATIVE_APP"}
[HTTP] <-- POST /wd/hub/session/2b6c71cf-0d15-42eb-b836-2213d51ec9fd/context 200 77 ms - 76
[HTTP] 
[HTTP] --> GET /wd/hub/session/2b6c71cf-0d15-42eb-b836-2213d51ec9fd/window/current/size
[HTTP] {}
[W3C] Driver proxy active, passing request on via HTTP proxy
[JSONWP Proxy] Replacing sessionId 6654aa90-74b8-42c0-8d85-e8357c8f5313 with 2b6c71cf-0d15-42eb-b836-2213d51ec9fd
[HTTP] <-- GET /wd/hub/session/2b6c71cf-0d15-42eb-b836-2213d51ec9fd/window/current/size 200 19 ms - 100
[HTTP] 
[HTTP] --> POST /wd/hub/session/2b6c71cf-0d15-42eb-b836-2213d51ec9fd/context
[HTTP] {"name":"NATIVE_APP"}
[HTTP] <-- POST /wd/hub/session/2b6c71cf-0d15-42eb-b836-2213d51ec9fd/context 200 79 ms - 76
[HTTP] 
[HTTP] --> GET /wd/hub/session/2b6c71cf-0d15-42eb-b836-2213d51ec9fd/context
[HTTP] {}
[HTTP] <-- GET /wd/hub/session/2b6c71cf-0d15-42eb-b836-2213d51ec9fd/context 200 5 ms - 84
[HTTP] 
[HTTP] --> GET /wd/hub/session/2b6c71cf-0d15-42eb-b836-2213d51ec9fd/contexts
[HTTP] {}
[HTTP] <-- GET /wd/hub/session/2b6c71cf-0d15-42eb-b836-2213d51ec9fd/contexts 200 86 ms - 164
[HTTP] 
[HTTP] --> POST /wd/hub/session/2b6c71cf-0d15-42eb-b836-2213d51ec9fd/context
[HTTP] {"name":"NATIVE_APP"}
[HTTP] <-- POST /wd/hub/session/2b6c71cf-0d15-42eb-b836-2213d51ec9fd/context 200 105 ms - 76
[HTTP] 
[HTTP] --> GET /wd/hub/session/2b6c71cf-0d15-42eb-b836-2213d51ec9fd/window/current/size
[HTTP] {}
[W3C] Driver proxy active, passing request on via HTTP proxy
[JSONWP Proxy] Replacing sessionId 6654aa90-74b8-42c0-8d85-e8357c8f5313 with 2b6c71cf-0d15-42eb-b836-2213d51ec9fd
[HTTP] <-- GET /wd/hub/session/2b6c71cf-0d15-42eb-b836-2213d51ec9fd/window/current/size 200 20 ms - 100
[HTTP] 
[HTTP] --> POST /wd/hub/session/2b6c71cf-0d15-42eb-b836-2213d51ec9fd/context
[HTTP] {"name":"NATIVE_APP"}
[HTTP] <-- POST /wd/hub/session/2b6c71cf-0d15-42eb-b836-2213d51ec9fd/context 200 91 ms - 76
[HTTP] 
[HTTP] --> GET /wd/hub/session/2b6c71cf-0d15-42eb-b836-2213d51ec9fd/context
[HTTP] {}
[HTTP] <-- GET /wd/hub/session/2b6c71cf-0d15-42eb-b836-2213d51ec9fd/context 200 3 ms - 84
[HTTP] 
[HTTP] --> GET /wd/hub/session/2b6c71cf-0d15-42eb-b836-2213d51ec9fd/contexts
[HTTP] {}
[HTTP] <-- GET /wd/hub/session/2b6c71cf-0d15-42eb-b836-2213d51ec9fd/contexts 200 109 ms - 164
[HTTP] 
[HTTP] --> POST /wd/hub/session/2b6c71cf-0d15-42eb-b836-2213d51ec9fd/context
[HTTP] {"name":"NATIVE_APP"}
[HTTP] <-- POST /wd/hub/session/2b6c71cf-0d15-42eb-b836-2213d51ec9fd/context 200 92 ms - 76
[HTTP] 
[HTTP] --> POST /wd/hub/session/2b6c71cf-0d15-42eb-b836-2213d51ec9fd/touch/perform
[HTTP] {"actions":[{"action":"press","options":{"x":540,"y":1255}},{"action":"wait","options":{"ms":500}},{"action":"moveTo","options":{"x":540,"y":538}}]}
[HTTP] <-- POST /wd/hub/session/2b6c71cf-0d15-42eb-b836-2213d51ec9fd/touch/perform 200 2048 ms - 76
[HTTP] 
[HTTP] --> POST /wd/hub/session/2b6c71cf-0d15-42eb-b836-2213d51ec9fd/context
[HTTP] {"name":"NATIVE_APP"}
[HTTP] <-- POST /wd/hub/session/2b6c71cf-0d15-42eb-b836-2213d51ec9fd/context 200 80 ms - 76
[HTTP] 
[HTTP] --> DELETE /wd/hub/session/2b6c71cf-0d15-42eb-b836-2213d51ec9fd
[HTTP] {}
[Appium] Removing session 2b6c71cf-0d15-42eb-b836-2213d51ec9fd from our master session list
[ADB] id.co.fundtastic.client was successfully uninstalled
[HTTP] <-- DELETE /wd/hub/session/2b6c71cf-0d15-42eb-b836-2213d51ec9fd 200 1536 ms - 76
[HTTP] 
