[Appium] Welcome to Appium v1.8.1
[Appium] Non-default server args:
[Appium]   port: 64621
[Appium]   loglevel: info
[Appium]   chromeDriverPort: 64622
[Appium]   tmpDir: /var/folders/ts/p6rxgpw53_d96xw60slkng7m0000gn/T//Katalon/Appium/Temp1562586786715
[Appium] Appium REST http interface listener started on 0.0.0.0:64621
[HTTP] --> GET /wd/hub/status
[HTTP] {}
[HTTP] <-- GET /wd/hub/status 200 23 ms - 83
[HTTP] 
[HTTP] --> POST /wd/hub/session
[HTTP] {"desiredCapabilities":{"app":"/Users/ustore/Downloads/Development.apk","autoGrantPermissions":true,"automationName":"uiautomator2","deviceName":"emulator-5554 (Android SDK built for x86 - Android 9)","fullReset":true,"newCommandTimeout":1800,"noReset":false,"platform":"ANDROID","platformName":"Android","udid":"emulator-5554"},"capabilities":{"desiredCapabilities":{"app":"/Users/ustore/Downloads/Development.apk","autoGrantPermissions":true,"automationName":"uiautomator2","deviceName":"emulator-5554 (Android SDK built for x86 - Android 9)","fullReset":true,"newCommandTimeout":1800,"noReset":false,"platform":"ANDROID","platformName":"Android","udid":"emulator-5554"},"firstMatch":[{"platformName":"android"}]}}
[Appium] Could not parse W3C capabilities: 'deviceName' can't be blank. Falling back to JSONWP protocol.
[Appium] The following capabilities were provided in the JSONWP desired capabilities that are missing in W3C capabilities: ["app","autoGrantPermissions","automationName","deviceName","fullReset","newCommandTimeout","noReset","platform","platformName","udid"]. Falling back to JSONWP protocol.
[Appium] Creating new AndroidUiautomator2Driver (v1.12.0) session
[Appium] Capabilities:
[Appium]   app: /Users/ustore/Downloads/Development.apk
[Appium]   autoGrantPermissions: true
[Appium]   automationName: uiautomator2
[Appium]   deviceName: emulator-5554 (Android SDK built for x86 - Android 9)
[Appium]   fullReset: true
[Appium]   newCommandTimeout: 1800
[Appium]   noReset: false
[Appium]   platform: ANDROID
[Appium]   platformName: Android
[Appium]   udid: emulator-5554
[BaseDriver] The following capabilities were provided, but are not recognized by appium: platform.
[BaseDriver] Session created with session id: 296fe366-b082-4047-bcf8-aa62df918abc
[BaseDriver] Using local app '/Users/ustore/Downloads/Development.apk'
[AndroidDriver] Java version is: 1.8.0_181
[ADB] Checking whether adb is present
[ADB] Found 1 'build-tools' folders under '/Users/ustore/.katalon/tools/android_sdk' (newest first):
[ADB]     /Users/ustore/.katalon/tools/android_sdk/build-tools/28.0.3
[ADB] Using adb from /Users/ustore/.katalon/tools/android_sdk/platform-tools/adb
[AndroidDriver] Retrieving device list
[AndroidDriver] Using device: emulator-5554
[ADB] Using the alternative activity name detection method because of: Could not find apkanalyzer in /Users/ustore/.katalon/tools/android_sdk/platform-tools/apkanalyzer,/Users/ustore/.katalon/tools/android_sdk/emulator/apkanalyzer,/Users/ustore/.katalon/tools/android_sdk/tools/apkanalyzer,/Users/ustore/.katalon/tools/android_sdk/tools/bin/apkanalyzer,/Users/ustore/.katalon/tools/android_sdk/build-tools/28.0.3/apkanalyzer. Do you have the Android SDK installed at '/Users/ustore/.katalon/tools/android_sdk'?
[ADB] Checking whether aapt is present
[ADB] Using aapt from /Users/ustore/.katalon/tools/android_sdk/build-tools/28.0.3/aapt
[ADB] Extracting package and launch activity from manifest
[ADB] Package name: 'id.co.fundtastic.client'
[ADB] Main activity name: 'id.co.fundtastic.client.splash.presentation.SplashActivity'
[ADB] Getting device platform version
[ADB] Using apksigner from /Users/ustore/.katalon/tools/android_sdk/build-tools/28.0.3/apksigner
[ADB] Cannot read version codes of '/usr/local/lib/node_modules/appium/node_modules/appium-uiautomator2-server/apks/appium-uiautomator2-server-debug-androidTest.apk' and/or 'io.appium.uiautomator2.server.test'
[ADB] Cannot read version names of '/usr/local/lib/node_modules/appium/node_modules/appium-uiautomator2-server/apks/appium-uiautomator2-server-debug-androidTest.apk' and/or 'io.appium.uiautomator2.server.test'. Assuming correct app version is already installed
[AndroidDriver] setDeviceLanguageCountry requires language or country.
[AndroidDriver] Got language: 'null' and country: 'null'
[ADB] Successfully extracted 194 strings from '/Users/ustore/Downloads/Development.apk' resources for '(default)' configuration
[ADB] id.co.fundtastic.client was not uninstalled, because it was not present on the device
[UiAutomator2] Starting uiautomator2 server 1.12.0
[UiAutomator2] Using UIAutomator2 server from '/usr/local/lib/node_modules/appium/node_modules/appium-uiautomator2-server/apks/appium-uiautomator2-server-v1.12.0.apk' and test from '/usr/local/lib/node_modules/appium/node_modules/appium-uiautomator2-server/apks/appium-uiautomator2-server-debug-androidTest.apk'
[UiAutomator2] Running command: 'adb -s emulator-5554 shell am instrument -w io.appium.uiautomator2.server.test/android.support.test.runner.AndroidJUnitRunner'
[UiAutomator2] Waiting up to 20000ms for UiAutomator2 to be online...
[AndroidDriver] Screen already unlocked, doing nothing
[UiAutomator2] UiAutomator2 did not start the activity we were waiting for, 'id.co.fundtastic.client/id.co.fundtastic.client.splash.presentation.SplashActivity'. Starting it ourselves
[Appium] New AndroidUiautomator2Driver session created successfully, session 296fe366-b082-4047-bcf8-aa62df918abc added to master session list
[HTTP] <-- POST /wd/hub/session 200 15707 ms - 1167
[HTTP] 
[HTTP] --> GET /wd/hub/status
[HTTP] {}
[HTTP] <-- GET /wd/hub/status 200 49 ms - 55
[HTTP] 
[HTTP] --> POST /wd/hub/session/296fe366-b082-4047-bcf8-aa62df918abc/timeouts
[HTTP] {"type":"implicit","ms":30000}
[HTTP] <-- POST /wd/hub/session/296fe366-b082-4047-bcf8-aa62df918abc/timeouts 400 28 ms - 4196
[HTTP] 
[HTTP] --> GET /wd/hub/session/296fe366-b082-4047-bcf8-aa62df918abc/window/current/size
[HTTP] {}
[W3C] Driver proxy active, passing request on via HTTP proxy
[JSONWP Proxy] Replacing sessionId 2073d596-f023-4141-864a-05518b1cbb60 with 296fe366-b082-4047-bcf8-aa62df918abc
[HTTP] <-- GET /wd/hub/session/296fe366-b082-4047-bcf8-aa62df918abc/window/current/size 200 58 ms - 100
[HTTP] 
[HTTP] --> POST /wd/hub/session/296fe366-b082-4047-bcf8-aa62df918abc/elements
[HTTP] {"using":"-android uiautomator","value":"new UiSelector().className(\"android.widget.TextView\").text(\"Mulailah berinvestasi untuk meraih mimpimu\").instance(0)"}
[HTTP] <-- POST /wd/hub/session/296fe366-b082-4047-bcf8-aa62df918abc/elements 200 95 ms - 74
[HTTP] 
[HTTP] --> POST /wd/hub/session/296fe366-b082-4047-bcf8-aa62df918abc/elements
[HTTP] {"using":"-android uiautomator","value":"new UiSelector().className(\"android.widget.TextView\").text(\"Mulailah berinvestasi untuk meraih mimpimu\").instance(0)"}
[HTTP] <-- POST /wd/hub/session/296fe366-b082-4047-bcf8-aa62df918abc/elements 200 52 ms - 74
[HTTP] 
[HTTP] --> POST /wd/hub/session/296fe366-b082-4047-bcf8-aa62df918abc/elements
[HTTP] {"using":"-android uiautomator","value":"new UiSelector().className(\"android.widget.TextView\").text(\"Mulailah berinvestasi untuk meraih mimpimu\").instance(0)"}
[HTTP] <-- POST /wd/hub/session/296fe366-b082-4047-bcf8-aa62df918abc/elements 200 62 ms - 74
[HTTP] 
[HTTP] --> POST /wd/hub/session/296fe366-b082-4047-bcf8-aa62df918abc/elements
[HTTP] {"using":"-android uiautomator","value":"new UiSelector().className(\"android.widget.TextView\").text(\"Mulailah berinvestasi untuk meraih mimpimu\").instance(0)"}
[HTTP] <-- POST /wd/hub/session/296fe366-b082-4047-bcf8-aa62df918abc/elements 200 53 ms - 74
[HTTP] 
[HTTP] --> POST /wd/hub/session/296fe366-b082-4047-bcf8-aa62df918abc/elements
[HTTP] {"using":"-android uiautomator","value":"new UiSelector().className(\"android.widget.TextView\").text(\"Mulailah berinvestasi untuk meraih mimpimu\").instance(0)"}
[HTTP] <-- POST /wd/hub/session/296fe366-b082-4047-bcf8-aa62df918abc/elements 200 62 ms - 74
[HTTP] 
[HTTP] --> POST /wd/hub/session/296fe366-b082-4047-bcf8-aa62df918abc/elements
[HTTP] {"using":"-android uiautomator","value":"new UiSelector().className(\"android.widget.TextView\").text(\"Mulailah berinvestasi untuk meraih mimpimu\").instance(0)"}
[HTTP] <-- POST /wd/hub/session/296fe366-b082-4047-bcf8-aa62df918abc/elements 200 52 ms - 74
[HTTP] 
[HTTP] --> POST /wd/hub/session/296fe366-b082-4047-bcf8-aa62df918abc/elements
[HTTP] {"using":"-android uiautomator","value":"new UiSelector().className(\"android.widget.TextView\").text(\"Mulailah berinvestasi untuk meraih mimpimu\").instance(0)"}
[HTTP] <-- POST /wd/hub/session/296fe366-b082-4047-bcf8-aa62df918abc/elements 200 101 ms - 74
[HTTP] 
[HTTP] --> POST /wd/hub/session/296fe366-b082-4047-bcf8-aa62df918abc/elements
[HTTP] {"using":"-android uiautomator","value":"new UiSelector().className(\"android.widget.TextView\").text(\"Mulailah berinvestasi untuk meraih mimpimu\").instance(0)"}
[HTTP] <-- POST /wd/hub/session/296fe366-b082-4047-bcf8-aa62df918abc/elements 200 62 ms - 74
[HTTP] 
[HTTP] --> POST /wd/hub/session/296fe366-b082-4047-bcf8-aa62df918abc/elements
[HTTP] {"using":"-android uiautomator","value":"new UiSelector().className(\"android.widget.TextView\").text(\"Mulailah berinvestasi untuk meraih mimpimu\").instance(0)"}
[HTTP] <-- POST /wd/hub/session/296fe366-b082-4047-bcf8-aa62df918abc/elements 200 34 ms - 74
[HTTP] 
[HTTP] --> POST /wd/hub/session/296fe366-b082-4047-bcf8-aa62df918abc/elements
[HTTP] {"using":"-android uiautomator","value":"new UiSelector().className(\"android.widget.TextView\").text(\"Mulailah berinvestasi untuk meraih mimpimu\").instance(0)"}
[HTTP] <-- POST /wd/hub/session/296fe366-b082-4047-bcf8-aa62df918abc/elements 200 55 ms - 74
[HTTP] 
[HTTP] --> POST /wd/hub/session/296fe366-b082-4047-bcf8-aa62df918abc/elements
[HTTP] {"using":"-android uiautomator","value":"new UiSelector().className(\"android.widget.TextView\").text(\"Mulailah berinvestasi untuk meraih mimpimu\").instance(0)"}
[HTTP] <-- POST /wd/hub/session/296fe366-b082-4047-bcf8-aa62df918abc/elements 200 39 ms - 74
[HTTP] 
[HTTP] --> POST /wd/hub/session/296fe366-b082-4047-bcf8-aa62df918abc/elements
[HTTP] {"using":"-android uiautomator","value":"new UiSelector().className(\"android.widget.TextView\").text(\"Mulailah berinvestasi untuk meraih mimpimu\").instance(0)"}
[HTTP] <-- POST /wd/hub/session/296fe366-b082-4047-bcf8-aa62df918abc/elements 200 132 ms - 74
[HTTP] 
[HTTP] --> POST /wd/hub/session/296fe366-b082-4047-bcf8-aa62df918abc/elements
[HTTP] {"using":"-android uiautomator","value":"new UiSelector().className(\"android.widget.TextView\").text(\"Mulailah berinvestasi untuk meraih mimpimu\").instance(0)"}
[HTTP] <-- POST /wd/hub/session/296fe366-b082-4047-bcf8-aa62df918abc/elements 200 338 ms - 74
[HTTP] 
[HTTP] --> POST /wd/hub/session/296fe366-b082-4047-bcf8-aa62df918abc/elements
[HTTP] {"using":"-android uiautomator","value":"new UiSelector().className(\"android.widget.TextView\").text(\"Mulailah berinvestasi untuk meraih mimpimu\").instance(0)"}
[HTTP] <-- POST /wd/hub/session/296fe366-b082-4047-bcf8-aa62df918abc/elements 200 595 ms - 74
[HTTP] 
[HTTP] --> POST /wd/hub/session/296fe366-b082-4047-bcf8-aa62df918abc/elements
[HTTP] {"using":"-android uiautomator","value":"new UiSelector().className(\"android.widget.TextView\").text(\"Mulailah berinvestasi untuk meraih mimpimu\").instance(0)"}
[HTTP] <-- POST /wd/hub/session/296fe366-b082-4047-bcf8-aa62df918abc/elements 200 2375 ms - 124
[HTTP] 
[HTTP] --> GET /wd/hub/session/296fe366-b082-4047-bcf8-aa62df918abc
[HTTP] {}
[HTTP] <-- GET /wd/hub/session/296fe366-b082-4047-bcf8-aa62df918abc 200 20 ms - 1167
[HTTP] 
[HTTP] --> GET /wd/hub/session/296fe366-b082-4047-bcf8-aa62df918abc
[HTTP] {}
[HTTP] <-- GET /wd/hub/session/296fe366-b082-4047-bcf8-aa62df918abc 200 57 ms - 1167
[HTTP] 
[HTTP] --> GET /wd/hub/session/296fe366-b082-4047-bcf8-aa62df918abc
[HTTP] {}
[HTTP] <-- GET /wd/hub/session/296fe366-b082-4047-bcf8-aa62df918abc 200 21 ms - 1167
[HTTP] 
[HTTP] --> GET /wd/hub/session/296fe366-b082-4047-bcf8-aa62df918abc
[HTTP] {}
[HTTP] <-- GET /wd/hub/session/296fe366-b082-4047-bcf8-aa62df918abc 200 76 ms - 1167
[HTTP] 
[HTTP] --> GET /wd/hub/session/296fe366-b082-4047-bcf8-aa62df918abc/element/6dd9d73f-c96d-4ee7-bc4a-75c88009583e/location
[HTTP] {}
[W3C] Driver proxy active, passing request on via HTTP proxy
[JSONWP Proxy] Replacing sessionId 2073d596-f023-4141-864a-05518b1cbb60 with 296fe366-b082-4047-bcf8-aa62df918abc
[HTTP] <-- GET /wd/hub/session/296fe366-b082-4047-bcf8-aa62df918abc/element/6dd9d73f-c96d-4ee7-bc4a-75c88009583e/location 200 688 ms - 88
[HTTP] 
[HTTP] --> GET /wd/hub/session/296fe366-b082-4047-bcf8-aa62df918abc/element/6dd9d73f-c96d-4ee7-bc4a-75c88009583e/text
[HTTP] {}
[W3C] Driver proxy active, passing request on via HTTP proxy
[JSONWP Proxy] Replacing sessionId 2073d596-f023-4141-864a-05518b1cbb60 with 296fe366-b082-4047-bcf8-aa62df918abc
[HTTP] <-- GET /wd/hub/session/296fe366-b082-4047-bcf8-aa62df918abc/element/6dd9d73f-c96d-4ee7-bc4a-75c88009583e/text 200 48 ms - 116
[HTTP] 
[HTTP] --> GET /wd/hub/session/296fe366-b082-4047-bcf8-aa62df918abc/window/current/size
[HTTP] {}
[W3C] Driver proxy active, passing request on via HTTP proxy
[JSONWP Proxy] Replacing sessionId 2073d596-f023-4141-864a-05518b1cbb60 with 296fe366-b082-4047-bcf8-aa62df918abc
[HTTP] <-- GET /wd/hub/session/296fe366-b082-4047-bcf8-aa62df918abc/window/current/size 200 26 ms - 100
[HTTP] 
[HTTP] --> POST /wd/hub/session/296fe366-b082-4047-bcf8-aa62df918abc/elements
[HTTP] {"using":"-android uiautomator","value":"new UiSelector().className(\"android.widget.ImageView\").resourceId(\"id.co.fundtastic.client:id/checklist\").instance(6)"}
[HTTP] <-- POST /wd/hub/session/296fe366-b082-4047-bcf8-aa62df918abc/elements 200 90 ms - 124
[HTTP] 
[HTTP] --> GET /wd/hub/session/296fe366-b082-4047-bcf8-aa62df918abc
[HTTP] {}
[HTTP] <-- GET /wd/hub/session/296fe366-b082-4047-bcf8-aa62df918abc 200 21 ms - 1167
[HTTP] 
[HTTP] --> GET /wd/hub/session/296fe366-b082-4047-bcf8-aa62df918abc
[HTTP] {}
[HTTP] <-- GET /wd/hub/session/296fe366-b082-4047-bcf8-aa62df918abc 200 31 ms - 1167
[HTTP] 
[HTTP] --> GET /wd/hub/session/296fe366-b082-4047-bcf8-aa62df918abc
[HTTP] {}
[HTTP] <-- GET /wd/hub/session/296fe366-b082-4047-bcf8-aa62df918abc 200 15 ms - 1167
[HTTP] 
[HTTP] --> GET /wd/hub/session/296fe366-b082-4047-bcf8-aa62df918abc
[HTTP] {}
[HTTP] <-- GET /wd/hub/session/296fe366-b082-4047-bcf8-aa62df918abc 200 28 ms - 1167
[HTTP] 
[HTTP] --> GET /wd/hub/session/296fe366-b082-4047-bcf8-aa62df918abc/element/1324cfd5-fed0-45df-8733-e445d21d59fc/location
[HTTP] {}
[W3C] Driver proxy active, passing request on via HTTP proxy
[JSONWP Proxy] Replacing sessionId 2073d596-f023-4141-864a-05518b1cbb60 with 296fe366-b082-4047-bcf8-aa62df918abc
[HTTP] <-- GET /wd/hub/session/296fe366-b082-4047-bcf8-aa62df918abc/element/1324cfd5-fed0-45df-8733-e445d21d59fc/location 200 34 ms - 90
[HTTP] 
[HTTP] --> POST /wd/hub/session/296fe366-b082-4047-bcf8-aa62df918abc/touch/perform
[HTTP] {"actions":[{"action":"tap","options":{"element":"1324cfd5-fed0-45df-8733-e445d21d59fc","x":1,"y":1}}]}
[UiAutomator2] calling get location: 1324cfd5-fed0-45df-8733-e445d21d59fc
[HTTP] <-- POST /wd/hub/session/296fe366-b082-4047-bcf8-aa62df918abc/touch/perform 200 798 ms - 76
[HTTP] 
[HTTP] --> GET /wd/hub/session/296fe366-b082-4047-bcf8-aa62df918abc/window/current/size
[HTTP] {}
[W3C] Driver proxy active, passing request on via HTTP proxy
[JSONWP Proxy] Replacing sessionId 2073d596-f023-4141-864a-05518b1cbb60 with 296fe366-b082-4047-bcf8-aa62df918abc
[HTTP] <-- GET /wd/hub/session/296fe366-b082-4047-bcf8-aa62df918abc/window/current/size 200 19 ms - 100
[HTTP] 
[HTTP] --> POST /wd/hub/session/296fe366-b082-4047-bcf8-aa62df918abc/elements
[HTTP] {"using":"-android uiautomator","value":"new UiSelector().className(\"android.widget.LinearLayout\").instance(4)"}
[HTTP] <-- POST /wd/hub/session/296fe366-b082-4047-bcf8-aa62df918abc/elements 200 52 ms - 124
[HTTP] 
[HTTP] --> GET /wd/hub/session/296fe366-b082-4047-bcf8-aa62df918abc
[HTTP] {}
[HTTP] <-- GET /wd/hub/session/296fe366-b082-4047-bcf8-aa62df918abc 200 14 ms - 1167
[HTTP] 
[HTTP] --> GET /wd/hub/session/296fe366-b082-4047-bcf8-aa62df918abc
[HTTP] {}
[HTTP] <-- GET /wd/hub/session/296fe366-b082-4047-bcf8-aa62df918abc 200 14 ms - 1167
[HTTP] 
[HTTP] --> GET /wd/hub/session/296fe366-b082-4047-bcf8-aa62df918abc
[HTTP] {}
[HTTP] <-- GET /wd/hub/session/296fe366-b082-4047-bcf8-aa62df918abc 200 22 ms - 1167
[HTTP] 
[HTTP] --> GET /wd/hub/session/296fe366-b082-4047-bcf8-aa62df918abc
[HTTP] {}
[HTTP] <-- GET /wd/hub/session/296fe366-b082-4047-bcf8-aa62df918abc 200 14 ms - 1167
[HTTP] 
[HTTP] --> GET /wd/hub/session/296fe366-b082-4047-bcf8-aa62df918abc/element/953321bf-c281-47ec-9fb6-6976f5d741ae/location
[HTTP] {}
[W3C] Driver proxy active, passing request on via HTTP proxy
[JSONWP Proxy] Replacing sessionId 2073d596-f023-4141-864a-05518b1cbb60 with 296fe366-b082-4047-bcf8-aa62df918abc
[HTTP] <-- GET /wd/hub/session/296fe366-b082-4047-bcf8-aa62df918abc/element/953321bf-c281-47ec-9fb6-6976f5d741ae/location 200 34 ms - 87
[HTTP] 
[HTTP] --> POST /wd/hub/session/296fe366-b082-4047-bcf8-aa62df918abc/touch/perform
[HTTP] {"actions":[{"action":"tap","options":{"element":"953321bf-c281-47ec-9fb6-6976f5d741ae","x":1,"y":1}}]}
[UiAutomator2] calling get location: 953321bf-c281-47ec-9fb6-6976f5d741ae
[HTTP] <-- POST /wd/hub/session/296fe366-b082-4047-bcf8-aa62df918abc/touch/perform 200 791 ms - 76
[HTTP] 
[HTTP] --> GET /wd/hub/session/296fe366-b082-4047-bcf8-aa62df918abc/context
[HTTP] {}
[HTTP] <-- GET /wd/hub/session/296fe366-b082-4047-bcf8-aa62df918abc/context 200 4 ms - 84
[HTTP] 
[HTTP] --> GET /wd/hub/session/296fe366-b082-4047-bcf8-aa62df918abc/contexts
[HTTP] {}
[HTTP] <-- GET /wd/hub/session/296fe366-b082-4047-bcf8-aa62df918abc/contexts 200 47 ms - 127
[HTTP] 
[HTTP] --> POST /wd/hub/session/296fe366-b082-4047-bcf8-aa62df918abc/context
[HTTP] {"name":"NATIVE_APP"}
[HTTP] <-- POST /wd/hub/session/296fe366-b082-4047-bcf8-aa62df918abc/context 200 52 ms - 76
[HTTP] 
[HTTP] --> POST /wd/hub/session/296fe366-b082-4047-bcf8-aa62df918abc/touch/perform
[HTTP] {"actions":[{"action":"press","options":{"x":800,"y":1000}},{"action":"wait","options":{"ms":500}},{"action":"moveTo","options":{"x":10,"y":800}}]}
[HTTP] <-- POST /wd/hub/session/296fe366-b082-4047-bcf8-aa62df918abc/touch/perform 200 2070 ms - 76
[HTTP] 
[HTTP] --> POST /wd/hub/session/296fe366-b082-4047-bcf8-aa62df918abc/context
[HTTP] {"name":"NATIVE_APP"}
[HTTP] <-- POST /wd/hub/session/296fe366-b082-4047-bcf8-aa62df918abc/context 200 33 ms - 76
[HTTP] 
[HTTP] --> GET /wd/hub/session/296fe366-b082-4047-bcf8-aa62df918abc/window/current/size
[HTTP] {}
[W3C] Driver proxy active, passing request on via HTTP proxy
[JSONWP Proxy] Replacing sessionId 2073d596-f023-4141-864a-05518b1cbb60 with 296fe366-b082-4047-bcf8-aa62df918abc
[HTTP] <-- GET /wd/hub/session/296fe366-b082-4047-bcf8-aa62df918abc/window/current/size 200 31 ms - 100
[HTTP] 
[HTTP] --> POST /wd/hub/session/296fe366-b082-4047-bcf8-aa62df918abc/elements
[HTTP] {"using":"-android uiautomator","value":"new UiSelector().className(\"android.widget.LinearLayout\").instance(4)"}
[HTTP] <-- POST /wd/hub/session/296fe366-b082-4047-bcf8-aa62df918abc/elements 200 105 ms - 124
[HTTP] 
[HTTP] --> GET /wd/hub/session/296fe366-b082-4047-bcf8-aa62df918abc
[HTTP] {}
[HTTP] <-- GET /wd/hub/session/296fe366-b082-4047-bcf8-aa62df918abc 200 21 ms - 1284
[HTTP] 
[HTTP] --> GET /wd/hub/session/296fe366-b082-4047-bcf8-aa62df918abc
[HTTP] {}
[HTTP] <-- GET /wd/hub/session/296fe366-b082-4047-bcf8-aa62df918abc 200 20 ms - 1284
[HTTP] 
[HTTP] --> GET /wd/hub/session/296fe366-b082-4047-bcf8-aa62df918abc
[HTTP] {}
[HTTP] <-- GET /wd/hub/session/296fe366-b082-4047-bcf8-aa62df918abc 200 16 ms - 1284
[HTTP] 
[HTTP] --> GET /wd/hub/session/296fe366-b082-4047-bcf8-aa62df918abc
[HTTP] {}
[HTTP] <-- GET /wd/hub/session/296fe366-b082-4047-bcf8-aa62df918abc 200 26 ms - 1284
[HTTP] 
[HTTP] --> GET /wd/hub/session/296fe366-b082-4047-bcf8-aa62df918abc/element/f63f3773-01a3-4b4e-90f9-516d63f7c309/location
[HTTP] {}
[W3C] Driver proxy active, passing request on via HTTP proxy
[JSONWP Proxy] Replacing sessionId 2073d596-f023-4141-864a-05518b1cbb60 with 296fe366-b082-4047-bcf8-aa62df918abc
[HTTP] <-- GET /wd/hub/session/296fe366-b082-4047-bcf8-aa62df918abc/element/f63f3773-01a3-4b4e-90f9-516d63f7c309/location 200 26 ms - 87
[HTTP] 
[HTTP] --> POST /wd/hub/session/296fe366-b082-4047-bcf8-aa62df918abc/touch/perform
[HTTP] {"actions":[{"action":"tap","options":{"element":"f63f3773-01a3-4b4e-90f9-516d63f7c309","x":1,"y":1}}]}
[UiAutomator2] calling get location: f63f3773-01a3-4b4e-90f9-516d63f7c309
[HTTP] <-- POST /wd/hub/session/296fe366-b082-4047-bcf8-aa62df918abc/touch/perform 200 1087 ms - 76
[HTTP] 
[HTTP] --> GET /wd/hub/session/296fe366-b082-4047-bcf8-aa62df918abc/context
[HTTP] {}
[HTTP] <-- GET /wd/hub/session/296fe366-b082-4047-bcf8-aa62df918abc/context 200 3 ms - 84
[HTTP] 
[HTTP] --> GET /wd/hub/session/296fe366-b082-4047-bcf8-aa62df918abc/contexts
[HTTP] {}
[HTTP] <-- GET /wd/hub/session/296fe366-b082-4047-bcf8-aa62df918abc/contexts 200 35 ms - 127
[HTTP] 
[HTTP] --> POST /wd/hub/session/296fe366-b082-4047-bcf8-aa62df918abc/context
[HTTP] {"name":"NATIVE_APP"}
[HTTP] <-- POST /wd/hub/session/296fe366-b082-4047-bcf8-aa62df918abc/context 200 36 ms - 76
[HTTP] 
[HTTP] --> POST /wd/hub/session/296fe366-b082-4047-bcf8-aa62df918abc/touch/perform
[HTTP] {"actions":[{"action":"press","options":{"x":800,"y":1000}},{"action":"wait","options":{"ms":500}},{"action":"moveTo","options":{"x":10,"y":800}}]}
[HTTP] <-- POST /wd/hub/session/296fe366-b082-4047-bcf8-aa62df918abc/touch/perform 200 2051 ms - 76
[HTTP] 
[HTTP] --> POST /wd/hub/session/296fe366-b082-4047-bcf8-aa62df918abc/context
[HTTP] {"name":"NATIVE_APP"}
[HTTP] <-- POST /wd/hub/session/296fe366-b082-4047-bcf8-aa62df918abc/context 200 31 ms - 76
[HTTP] 
[HTTP] --> GET /wd/hub/session/296fe366-b082-4047-bcf8-aa62df918abc/window/current/size
[HTTP] {}
[W3C] Driver proxy active, passing request on via HTTP proxy
[JSONWP Proxy] Replacing sessionId 2073d596-f023-4141-864a-05518b1cbb60 with 296fe366-b082-4047-bcf8-aa62df918abc
[HTTP] <-- GET /wd/hub/session/296fe366-b082-4047-bcf8-aa62df918abc/window/current/size 200 26 ms - 100
[HTTP] 
[HTTP] --> POST /wd/hub/session/296fe366-b082-4047-bcf8-aa62df918abc/elements
[HTTP] {"using":"-android uiautomator","value":"new UiSelector().className(\"android.widget.LinearLayout\").instance(4)"}
[HTTP] <-- POST /wd/hub/session/296fe366-b082-4047-bcf8-aa62df918abc/elements 200 100 ms - 124
[HTTP] 
[HTTP] --> GET /wd/hub/session/296fe366-b082-4047-bcf8-aa62df918abc
[HTTP] {}
[HTTP] <-- GET /wd/hub/session/296fe366-b082-4047-bcf8-aa62df918abc 200 13 ms - 1284
[HTTP] 
[HTTP] --> GET /wd/hub/session/296fe366-b082-4047-bcf8-aa62df918abc
[HTTP] {}
[HTTP] <-- GET /wd/hub/session/296fe366-b082-4047-bcf8-aa62df918abc 200 15 ms - 1284
[HTTP] 
[HTTP] --> GET /wd/hub/session/296fe366-b082-4047-bcf8-aa62df918abc
[HTTP] {}
[HTTP] <-- GET /wd/hub/session/296fe366-b082-4047-bcf8-aa62df918abc 200 17 ms - 1284
[HTTP] 
[HTTP] --> GET /wd/hub/session/296fe366-b082-4047-bcf8-aa62df918abc
[HTTP] {}
[HTTP] <-- GET /wd/hub/session/296fe366-b082-4047-bcf8-aa62df918abc 200 14 ms - 1284
[HTTP] 
[HTTP] --> GET /wd/hub/session/296fe366-b082-4047-bcf8-aa62df918abc/element/17a0f0a1-a58a-4f54-8607-9e0cb4f06484/location
[HTTP] {}
[W3C] Driver proxy active, passing request on via HTTP proxy
[JSONWP Proxy] Replacing sessionId 2073d596-f023-4141-864a-05518b1cbb60 with 296fe366-b082-4047-bcf8-aa62df918abc
[HTTP] <-- GET /wd/hub/session/296fe366-b082-4047-bcf8-aa62df918abc/element/17a0f0a1-a58a-4f54-8607-9e0cb4f06484/location 200 21 ms - 87
[HTTP] 
[HTTP] --> POST /wd/hub/session/296fe366-b082-4047-bcf8-aa62df918abc/touch/perform
[HTTP] {"actions":[{"action":"tap","options":{"element":"17a0f0a1-a58a-4f54-8607-9e0cb4f06484","x":1,"y":1}}]}
[UiAutomator2] calling get location: 17a0f0a1-a58a-4f54-8607-9e0cb4f06484
[HTTP] <-- POST /wd/hub/session/296fe366-b082-4047-bcf8-aa62df918abc/touch/perform 200 1197 ms - 76
[HTTP] 
[HTTP] --> GET /wd/hub/session/296fe366-b082-4047-bcf8-aa62df918abc/context
[HTTP] {}
[HTTP] <-- GET /wd/hub/session/296fe366-b082-4047-bcf8-aa62df918abc/context 200 5 ms - 84
[HTTP] 
[HTTP] --> GET /wd/hub/session/296fe366-b082-4047-bcf8-aa62df918abc/contexts
[HTTP] {}
[HTTP] <-- GET /wd/hub/session/296fe366-b082-4047-bcf8-aa62df918abc/contexts 200 49 ms - 127
[HTTP] 
[HTTP] --> POST /wd/hub/session/296fe366-b082-4047-bcf8-aa62df918abc/context
[HTTP] {"name":"NATIVE_APP"}
[HTTP] <-- POST /wd/hub/session/296fe366-b082-4047-bcf8-aa62df918abc/context 200 37 ms - 76
[HTTP] 
[HTTP] --> POST /wd/hub/session/296fe366-b082-4047-bcf8-aa62df918abc/touch/perform
[HTTP] {"actions":[{"action":"press","options":{"x":800,"y":1000}},{"action":"wait","options":{"ms":500}},{"action":"moveTo","options":{"x":10,"y":800}}]}
[HTTP] <-- POST /wd/hub/session/296fe366-b082-4047-bcf8-aa62df918abc/touch/perform 200 2067 ms - 76
[HTTP] 
[HTTP] --> POST /wd/hub/session/296fe366-b082-4047-bcf8-aa62df918abc/context
[HTTP] {"name":"NATIVE_APP"}
[HTTP] <-- POST /wd/hub/session/296fe366-b082-4047-bcf8-aa62df918abc/context 200 66 ms - 76
[HTTP] 
[HTTP] --> GET /wd/hub/session/296fe366-b082-4047-bcf8-aa62df918abc/window/current/size
[HTTP] {}
[W3C] Driver proxy active, passing request on via HTTP proxy
[JSONWP Proxy] Replacing sessionId 2073d596-f023-4141-864a-05518b1cbb60 with 296fe366-b082-4047-bcf8-aa62df918abc
[HTTP] <-- GET /wd/hub/session/296fe366-b082-4047-bcf8-aa62df918abc/window/current/size 200 77 ms - 100
[HTTP] 
[HTTP] --> POST /wd/hub/session/296fe366-b082-4047-bcf8-aa62df918abc/elements
[HTTP] {"using":"-android uiautomator","value":"new UiSelector().className(\"android.widget.LinearLayout\").instance(4)"}
[HTTP] <-- POST /wd/hub/session/296fe366-b082-4047-bcf8-aa62df918abc/elements 200 115 ms - 124
[HTTP] 
[HTTP] --> GET /wd/hub/session/296fe366-b082-4047-bcf8-aa62df918abc
[HTTP] {}
[HTTP] <-- GET /wd/hub/session/296fe366-b082-4047-bcf8-aa62df918abc 200 42 ms - 1167
[HTTP] 
[HTTP] --> GET /wd/hub/session/296fe366-b082-4047-bcf8-aa62df918abc
[HTTP] {}
[HTTP] <-- GET /wd/hub/session/296fe366-b082-4047-bcf8-aa62df918abc 200 33 ms - 1167
[HTTP] 
[HTTP] --> GET /wd/hub/session/296fe366-b082-4047-bcf8-aa62df918abc
[HTTP] {}
[HTTP] <-- GET /wd/hub/session/296fe366-b082-4047-bcf8-aa62df918abc 200 35 ms - 1167
[HTTP] 
[HTTP] --> GET /wd/hub/session/296fe366-b082-4047-bcf8-aa62df918abc
[HTTP] {}
[HTTP] <-- GET /wd/hub/session/296fe366-b082-4047-bcf8-aa62df918abc 200 41 ms - 1167
[HTTP] 
[HTTP] --> GET /wd/hub/session/296fe366-b082-4047-bcf8-aa62df918abc/element/e6e3ef83-13a0-4fe3-a415-e87b46ee73b5/location
[HTTP] {}
[W3C] Driver proxy active, passing request on via HTTP proxy
[JSONWP Proxy] Replacing sessionId 2073d596-f023-4141-864a-05518b1cbb60 with 296fe366-b082-4047-bcf8-aa62df918abc
[HTTP] <-- GET /wd/hub/session/296fe366-b082-4047-bcf8-aa62df918abc/element/e6e3ef83-13a0-4fe3-a415-e87b46ee73b5/location 200 83 ms - 88
[HTTP] 
[HTTP] --> POST /wd/hub/session/296fe366-b082-4047-bcf8-aa62df918abc/touch/perform
[HTTP] {"actions":[{"action":"tap","options":{"element":"e6e3ef83-13a0-4fe3-a415-e87b46ee73b5","x":1,"y":1}}]}
[UiAutomator2] calling get location: e6e3ef83-13a0-4fe3-a415-e87b46ee73b5
[HTTP] <-- POST /wd/hub/session/296fe366-b082-4047-bcf8-aa62df918abc/touch/perform 200 3256 ms - 76
[HTTP] 
[HTTP] --> GET /wd/hub/session/296fe366-b082-4047-bcf8-aa62df918abc/context
[HTTP] {}
[HTTP] <-- GET /wd/hub/session/296fe366-b082-4047-bcf8-aa62df918abc/context 200 2 ms - 84
[HTTP] 
[HTTP] --> GET /wd/hub/session/296fe366-b082-4047-bcf8-aa62df918abc/contexts
[HTTP] {}
[HTTP] <-- GET /wd/hub/session/296fe366-b082-4047-bcf8-aa62df918abc/contexts 200 35 ms - 127
[HTTP] 
[HTTP] --> POST /wd/hub/session/296fe366-b082-4047-bcf8-aa62df918abc/context
[HTTP] {"name":"NATIVE_APP"}
[HTTP] <-- POST /wd/hub/session/296fe366-b082-4047-bcf8-aa62df918abc/context 200 42 ms - 76
[HTTP] 
[HTTP] --> POST /wd/hub/session/296fe366-b082-4047-bcf8-aa62df918abc/touch/perform
[HTTP] {"actions":[{"action":"press","options":{"x":800,"y":1000}},{"action":"wait","options":{"ms":500}},{"action":"moveTo","options":{"x":10,"y":800}}]}
[HTTP] <-- POST /wd/hub/session/296fe366-b082-4047-bcf8-aa62df918abc/touch/perform 200 2051 ms - 76
[HTTP] 
[HTTP] --> POST /wd/hub/session/296fe366-b082-4047-bcf8-aa62df918abc/context
[HTTP] {"name":"NATIVE_APP"}
[HTTP] <-- POST /wd/hub/session/296fe366-b082-4047-bcf8-aa62df918abc/context 200 67 ms - 76
[HTTP] 
[HTTP] --> GET /wd/hub/session/296fe366-b082-4047-bcf8-aa62df918abc/window/current/size
[HTTP] {}
[W3C] Driver proxy active, passing request on via HTTP proxy
[JSONWP Proxy] Replacing sessionId 2073d596-f023-4141-864a-05518b1cbb60 with 296fe366-b082-4047-bcf8-aa62df918abc
[HTTP] <-- GET /wd/hub/session/296fe366-b082-4047-bcf8-aa62df918abc/window/current/size 200 75 ms - 100
[HTTP] 
[HTTP] --> POST /wd/hub/session/296fe366-b082-4047-bcf8-aa62df918abc/elements
[HTTP] {"using":"-android uiautomator","value":"new UiSelector().className(\"android.widget.EditText\").text(\"No Handphone\").resourceId(\"id.co.fundtastic.client:id/et_phone\").instance(0)"}
[HTTP] <-- POST /wd/hub/session/296fe366-b082-4047-bcf8-aa62df918abc/elements 200 213 ms - 124
[HTTP] 
[HTTP] --> GET /wd/hub/session/296fe366-b082-4047-bcf8-aa62df918abc
[HTTP] {}
[HTTP] <-- GET /wd/hub/session/296fe366-b082-4047-bcf8-aa62df918abc 200 60 ms - 1167
[HTTP] 
[HTTP] --> GET /wd/hub/session/296fe366-b082-4047-bcf8-aa62df918abc
[HTTP] {}
[HTTP] <-- GET /wd/hub/session/296fe366-b082-4047-bcf8-aa62df918abc 200 44 ms - 1167
[HTTP] 
[HTTP] --> GET /wd/hub/session/296fe366-b082-4047-bcf8-aa62df918abc
[HTTP] {}
[HTTP] <-- GET /wd/hub/session/296fe366-b082-4047-bcf8-aa62df918abc 200 56 ms - 1167
[HTTP] 
[HTTP] --> GET /wd/hub/session/296fe366-b082-4047-bcf8-aa62df918abc
[HTTP] {}
[HTTP] <-- GET /wd/hub/session/296fe366-b082-4047-bcf8-aa62df918abc 200 60 ms - 1167
[HTTP] 
[HTTP] --> GET /wd/hub/session/296fe366-b082-4047-bcf8-aa62df918abc/element/0b63abf6-fa77-4f21-ba7c-74ff76d81ae6/location
[HTTP] {}
[W3C] Driver proxy active, passing request on via HTTP proxy
[JSONWP Proxy] Replacing sessionId 2073d596-f023-4141-864a-05518b1cbb60 with 296fe366-b082-4047-bcf8-aa62df918abc
[HTTP] <-- GET /wd/hub/session/296fe366-b082-4047-bcf8-aa62df918abc/element/0b63abf6-fa77-4f21-ba7c-74ff76d81ae6/location 200 82 ms - 88
[HTTP] 
[HTTP] --> POST /wd/hub/session/296fe366-b082-4047-bcf8-aa62df918abc/element/0b63abf6-fa77-4f21-ba7c-74ff76d81ae6/clear
[HTTP] {"id":"0b63abf6-fa77-4f21-ba7c-74ff76d81ae6"}
[HTTP] <-- POST /wd/hub/session/296fe366-b082-4047-bcf8-aa62df918abc/element/0b63abf6-fa77-4f21-ba7c-74ff76d81ae6/clear 200 153 ms - 89
[HTTP] 
[HTTP] --> POST /wd/hub/session/296fe366-b082-4047-bcf8-aa62df918abc/element/0b63abf6-fa77-4f21-ba7c-74ff76d81ae6/value
[HTTP] {"id":"0b63abf6-fa77-4f21-ba7c-74ff76d81ae6","value":["081215161452"]}
[HTTP] <-- POST /wd/hub/session/296fe366-b082-4047-bcf8-aa62df918abc/element/0b63abf6-fa77-4f21-ba7c-74ff76d81ae6/value 200 1098 ms - 74
[HTTP] 
[HTTP] --> GET /wd/hub/session/296fe366-b082-4047-bcf8-aa62df918abc/window/current/size
[HTTP] {}
[W3C] Driver proxy active, passing request on via HTTP proxy
[JSONWP Proxy] Replacing sessionId 2073d596-f023-4141-864a-05518b1cbb60 with 296fe366-b082-4047-bcf8-aa62df918abc
[HTTP] <-- GET /wd/hub/session/296fe366-b082-4047-bcf8-aa62df918abc/window/current/size 200 16 ms - 100
[HTTP] 
[HTTP] --> POST /wd/hub/session/296fe366-b082-4047-bcf8-aa62df918abc/elements
[HTTP] {"using":"-android uiautomator","value":"new UiSelector().className(\"android.widget.Button\").text(\"MASUK\").resourceId(\"id.co.fundtastic.client:id/btnLogin\").instance(0)"}
[HTTP] <-- POST /wd/hub/session/296fe366-b082-4047-bcf8-aa62df918abc/elements 200 476 ms - 124
[HTTP] 
[HTTP] --> GET /wd/hub/session/296fe366-b082-4047-bcf8-aa62df918abc
[HTTP] {}
[HTTP] <-- GET /wd/hub/session/296fe366-b082-4047-bcf8-aa62df918abc 200 13 ms - 1167
[HTTP] 
[HTTP] --> GET /wd/hub/session/296fe366-b082-4047-bcf8-aa62df918abc
[HTTP] {}
[HTTP] <-- GET /wd/hub/session/296fe366-b082-4047-bcf8-aa62df918abc 200 12 ms - 1167
[HTTP] 
[HTTP] --> GET /wd/hub/session/296fe366-b082-4047-bcf8-aa62df918abc
[HTTP] {}
[HTTP] <-- GET /wd/hub/session/296fe366-b082-4047-bcf8-aa62df918abc 200 15 ms - 1167
[HTTP] 
[HTTP] --> GET /wd/hub/session/296fe366-b082-4047-bcf8-aa62df918abc
[HTTP] {}
[HTTP] <-- GET /wd/hub/session/296fe366-b082-4047-bcf8-aa62df918abc 200 12 ms - 1167
[HTTP] 
[HTTP] --> GET /wd/hub/session/296fe366-b082-4047-bcf8-aa62df918abc/element/1344c59c-c8fa-4fa1-95d0-72eb33d161a3/location
[HTTP] {}
[W3C] Driver proxy active, passing request on via HTTP proxy
[JSONWP Proxy] Replacing sessionId 2073d596-f023-4141-864a-05518b1cbb60 with 296fe366-b082-4047-bcf8-aa62df918abc
[HTTP] <-- GET /wd/hub/session/296fe366-b082-4047-bcf8-aa62df918abc/element/1344c59c-c8fa-4fa1-95d0-72eb33d161a3/location 200 18 ms - 88
[HTTP] 
[HTTP] --> POST /wd/hub/session/296fe366-b082-4047-bcf8-aa62df918abc/touch/perform
[HTTP] {"actions":[{"action":"tap","options":{"element":"1344c59c-c8fa-4fa1-95d0-72eb33d161a3","x":1,"y":1}}]}
[UiAutomator2] calling get location: 1344c59c-c8fa-4fa1-95d0-72eb33d161a3
[HTTP] <-- POST /wd/hub/session/296fe366-b082-4047-bcf8-aa62df918abc/touch/perform 200 816 ms - 76
[HTTP] 
[HTTP] --> GET /wd/hub/session/296fe366-b082-4047-bcf8-aa62df918abc/window/current/size
[HTTP] {}
[W3C] Driver proxy active, passing request on via HTTP proxy
[JSONWP Proxy] Replacing sessionId 2073d596-f023-4141-864a-05518b1cbb60 with 296fe366-b082-4047-bcf8-aa62df918abc
[HTTP] <-- GET /wd/hub/session/296fe366-b082-4047-bcf8-aa62df918abc/window/current/size 200 29 ms - 100
[HTTP] 
[HTTP] --> POST /wd/hub/session/296fe366-b082-4047-bcf8-aa62df918abc/elements
[HTTP] {"using":"-android uiautomator","value":"new UiSelector().className(\"android.widget.TextView\").text(\"Verifikasi Nomor HP\").instance(0)"}
[HTTP] <-- POST /wd/hub/session/296fe366-b082-4047-bcf8-aa62df918abc/elements 200 34 ms - 124
[HTTP] 
[HTTP] --> GET /wd/hub/session/296fe366-b082-4047-bcf8-aa62df918abc
[HTTP] {}
[HTTP] <-- GET /wd/hub/session/296fe366-b082-4047-bcf8-aa62df918abc 200 13 ms - 1167
[HTTP] 
[HTTP] --> GET /wd/hub/session/296fe366-b082-4047-bcf8-aa62df918abc
[HTTP] {}
[HTTP] <-- GET /wd/hub/session/296fe366-b082-4047-bcf8-aa62df918abc 200 17 ms - 1167
[HTTP] 
[HTTP] --> GET /wd/hub/session/296fe366-b082-4047-bcf8-aa62df918abc
[HTTP] {}
[HTTP] <-- GET /wd/hub/session/296fe366-b082-4047-bcf8-aa62df918abc 200 13 ms - 1167
[HTTP] 
[HTTP] --> GET /wd/hub/session/296fe366-b082-4047-bcf8-aa62df918abc
[HTTP] {}
[HTTP] <-- GET /wd/hub/session/296fe366-b082-4047-bcf8-aa62df918abc 200 13 ms - 1167
[HTTP] 
[HTTP] --> GET /wd/hub/session/296fe366-b082-4047-bcf8-aa62df918abc/element/0a93807b-a8d8-4967-9a8b-867082fded72/location
[HTTP] {}
[W3C] Driver proxy active, passing request on via HTTP proxy
[JSONWP Proxy] Replacing sessionId 2073d596-f023-4141-864a-05518b1cbb60 with 296fe366-b082-4047-bcf8-aa62df918abc
[HTTP] <-- GET /wd/hub/session/296fe366-b082-4047-bcf8-aa62df918abc/element/0a93807b-a8d8-4967-9a8b-867082fded72/location 200 504 ms - 89
[HTTP] 
[HTTP] --> GET /wd/hub/session/296fe366-b082-4047-bcf8-aa62df918abc/element/0a93807b-a8d8-4967-9a8b-867082fded72/text
[HTTP] {}
[W3C] Driver proxy active, passing request on via HTTP proxy
[JSONWP Proxy] Replacing sessionId 2073d596-f023-4141-864a-05518b1cbb60 with 296fe366-b082-4047-bcf8-aa62df918abc
[HTTP] <-- GET /wd/hub/session/296fe366-b082-4047-bcf8-aa62df918abc/element/0a93807b-a8d8-4967-9a8b-867082fded72/text 200 38 ms - 93
[HTTP] 
[HTTP] --> GET /wd/hub/session/296fe366-b082-4047-bcf8-aa62df918abc/window/current/size
[HTTP] {}
[W3C] Driver proxy active, passing request on via HTTP proxy
[JSONWP Proxy] Replacing sessionId 2073d596-f023-4141-864a-05518b1cbb60 with 296fe366-b082-4047-bcf8-aa62df918abc
[HTTP] <-- GET /wd/hub/session/296fe366-b082-4047-bcf8-aa62df918abc/window/current/size 200 15 ms - 100
[HTTP] 
[HTTP] --> POST /wd/hub/session/296fe366-b082-4047-bcf8-aa62df918abc/elements
[HTTP] {"using":"-android uiautomator","value":"new UiSelector().className(\"android.widget.EditText\").resourceId(\"id.co.fundtastic.client:id/et_otp\").instance(0)"}
[HTTP] <-- POST /wd/hub/session/296fe366-b082-4047-bcf8-aa62df918abc/elements 200 92 ms - 124
[HTTP] 
[HTTP] --> GET /wd/hub/session/296fe366-b082-4047-bcf8-aa62df918abc
[HTTP] {}
[HTTP] <-- GET /wd/hub/session/296fe366-b082-4047-bcf8-aa62df918abc 200 16 ms - 1167
[HTTP] 
[HTTP] --> GET /wd/hub/session/296fe366-b082-4047-bcf8-aa62df918abc
[HTTP] {}
[HTTP] <-- GET /wd/hub/session/296fe366-b082-4047-bcf8-aa62df918abc 200 25 ms - 1167
[HTTP] 
[HTTP] --> GET /wd/hub/session/296fe366-b082-4047-bcf8-aa62df918abc
[HTTP] {}
[HTTP] <-- GET /wd/hub/session/296fe366-b082-4047-bcf8-aa62df918abc 200 14 ms - 1167
[HTTP] 
[HTTP] --> GET /wd/hub/session/296fe366-b082-4047-bcf8-aa62df918abc
[HTTP] {}
[HTTP] <-- GET /wd/hub/session/296fe366-b082-4047-bcf8-aa62df918abc 200 15 ms - 1167
[HTTP] 
[HTTP] --> GET /wd/hub/session/296fe366-b082-4047-bcf8-aa62df918abc/element/714dc5cd-b861-4fe2-bcea-8a9653081b07/location
[HTTP] {}
[W3C] Driver proxy active, passing request on via HTTP proxy
[JSONWP Proxy] Replacing sessionId 2073d596-f023-4141-864a-05518b1cbb60 with 296fe366-b082-4047-bcf8-aa62df918abc
[HTTP] <-- GET /wd/hub/session/296fe366-b082-4047-bcf8-aa62df918abc/element/714dc5cd-b861-4fe2-bcea-8a9653081b07/location 200 88 ms - 89
[HTTP] 
[HTTP] --> POST /wd/hub/session/296fe366-b082-4047-bcf8-aa62df918abc/touch/perform
[HTTP] {"actions":[{"action":"tap","options":{"element":"714dc5cd-b861-4fe2-bcea-8a9653081b07","x":1,"y":1}}]}
[UiAutomator2] calling get location: 714dc5cd-b861-4fe2-bcea-8a9653081b07
[HTTP] <-- POST /wd/hub/session/296fe366-b082-4047-bcf8-aa62df918abc/touch/perform 200 1425 ms - 76
[HTTP] 
[HTTP] --> GET /wd/hub/session/296fe366-b082-4047-bcf8-aa62df918abc/window/current/size
[HTTP] {}
[W3C] Driver proxy active, passing request on via HTTP proxy
[JSONWP Proxy] Replacing sessionId 2073d596-f023-4141-864a-05518b1cbb60 with 296fe366-b082-4047-bcf8-aa62df918abc
[HTTP] <-- GET /wd/hub/session/296fe366-b082-4047-bcf8-aa62df918abc/window/current/size 200 35 ms - 100
[HTTP] 
[HTTP] --> POST /wd/hub/session/296fe366-b082-4047-bcf8-aa62df918abc/elements
[HTTP] {"using":"-android uiautomator","value":"new UiSelector().className(\"android.widget.EditText\").resourceId(\"id.co.fundtastic.client:id/et_otp\").instance(0)"}
[HTTP] <-- POST /wd/hub/session/296fe366-b082-4047-bcf8-aa62df918abc/elements 200 62 ms - 124
[HTTP] 
[HTTP] --> GET /wd/hub/session/296fe366-b082-4047-bcf8-aa62df918abc
[HTTP] {}
[HTTP] <-- GET /wd/hub/session/296fe366-b082-4047-bcf8-aa62df918abc 200 15 ms - 1167
[HTTP] 
[HTTP] --> GET /wd/hub/session/296fe366-b082-4047-bcf8-aa62df918abc
[HTTP] {}
[HTTP] <-- GET /wd/hub/session/296fe366-b082-4047-bcf8-aa62df918abc 200 13 ms - 1167
[HTTP] 
[HTTP] --> GET /wd/hub/session/296fe366-b082-4047-bcf8-aa62df918abc
[HTTP] {}
[HTTP] <-- GET /wd/hub/session/296fe366-b082-4047-bcf8-aa62df918abc 200 13 ms - 1167
[HTTP] 
[HTTP] --> GET /wd/hub/session/296fe366-b082-4047-bcf8-aa62df918abc
[HTTP] {}
[HTTP] <-- GET /wd/hub/session/296fe366-b082-4047-bcf8-aa62df918abc 200 18 ms - 1167
[HTTP] 
[HTTP] --> GET /wd/hub/session/296fe366-b082-4047-bcf8-aa62df918abc/element/aecb4280-a2b0-48e5-b82d-53cfde9c211b/location
[HTTP] {}
[W3C] Driver proxy active, passing request on via HTTP proxy
[JSONWP Proxy] Replacing sessionId 2073d596-f023-4141-864a-05518b1cbb60 with 296fe366-b082-4047-bcf8-aa62df918abc
[HTTP] <-- GET /wd/hub/session/296fe366-b082-4047-bcf8-aa62df918abc/element/aecb4280-a2b0-48e5-b82d-53cfde9c211b/location 200 34 ms - 89
[HTTP] 
[HTTP] --> POST /wd/hub/session/296fe366-b082-4047-bcf8-aa62df918abc/element/aecb4280-a2b0-48e5-b82d-53cfde9c211b/clear
[HTTP] {"id":"aecb4280-a2b0-48e5-b82d-53cfde9c211b"}
[HTTP] <-- POST /wd/hub/session/296fe366-b082-4047-bcf8-aa62df918abc/element/aecb4280-a2b0-48e5-b82d-53cfde9c211b/clear 200 51 ms - 89
[HTTP] 
[HTTP] --> POST /wd/hub/session/296fe366-b082-4047-bcf8-aa62df918abc/element/aecb4280-a2b0-48e5-b82d-53cfde9c211b/value
[HTTP] {"id":"aecb4280-a2b0-48e5-b82d-53cfde9c211b","value":["8888"]}
[HTTP] <-- POST /wd/hub/session/296fe366-b082-4047-bcf8-aa62df918abc/element/aecb4280-a2b0-48e5-b82d-53cfde9c211b/value 200 746 ms - 74
[HTTP] 
[HTTP] --> GET /wd/hub/session/296fe366-b082-4047-bcf8-aa62df918abc/window/current/size
[HTTP] {}
[W3C] Driver proxy active, passing request on via HTTP proxy
[JSONWP Proxy] Replacing sessionId 2073d596-f023-4141-864a-05518b1cbb60 with 296fe366-b082-4047-bcf8-aa62df918abc
[HTTP] <-- GET /wd/hub/session/296fe366-b082-4047-bcf8-aa62df918abc/window/current/size 200 41 ms - 100
[HTTP] 
[HTTP] --> POST /wd/hub/session/296fe366-b082-4047-bcf8-aa62df918abc/elements
[HTTP] {"using":"-android uiautomator","value":"new UiSelector().className(\"android.widget.Button\").text(\"Verifikasi Sekarang\").resourceId(\"id.co.fundtastic.client:id/btnVerified\").instance(0)"}
[HTTP] <-- POST /wd/hub/session/296fe366-b082-4047-bcf8-aa62df918abc/elements 200 903 ms - 124
[HTTP] 
[HTTP] --> GET /wd/hub/session/296fe366-b082-4047-bcf8-aa62df918abc
[HTTP] {}
[HTTP] <-- GET /wd/hub/session/296fe366-b082-4047-bcf8-aa62df918abc 200 10 ms - 1167
[HTTP] 
[HTTP] --> GET /wd/hub/session/296fe366-b082-4047-bcf8-aa62df918abc
[HTTP] {}
[HTTP] <-- GET /wd/hub/session/296fe366-b082-4047-bcf8-aa62df918abc 200 11 ms - 1167
[HTTP] 
[HTTP] --> GET /wd/hub/session/296fe366-b082-4047-bcf8-aa62df918abc
[HTTP] {}
[HTTP] <-- GET /wd/hub/session/296fe366-b082-4047-bcf8-aa62df918abc 200 13 ms - 1167
[HTTP] 
[HTTP] --> GET /wd/hub/session/296fe366-b082-4047-bcf8-aa62df918abc
[HTTP] {}
[HTTP] <-- GET /wd/hub/session/296fe366-b082-4047-bcf8-aa62df918abc 200 21 ms - 1167
[HTTP] 
[HTTP] --> GET /wd/hub/session/296fe366-b082-4047-bcf8-aa62df918abc/element/b22deff0-3258-4ebc-bc01-704b665d3955/location
[HTTP] {}
[W3C] Driver proxy active, passing request on via HTTP proxy
[JSONWP Proxy] Replacing sessionId 2073d596-f023-4141-864a-05518b1cbb60 with 296fe366-b082-4047-bcf8-aa62df918abc
[HTTP] <-- GET /wd/hub/session/296fe366-b082-4047-bcf8-aa62df918abc/element/b22deff0-3258-4ebc-bc01-704b665d3955/location 200 19 ms - 88
[HTTP] 
[HTTP] --> POST /wd/hub/session/296fe366-b082-4047-bcf8-aa62df918abc/touch/perform
[HTTP] {"actions":[{"action":"tap","options":{"element":"b22deff0-3258-4ebc-bc01-704b665d3955","x":1,"y":1}}]}
[UiAutomator2] calling get location: b22deff0-3258-4ebc-bc01-704b665d3955
[HTTP] <-- POST /wd/hub/session/296fe366-b082-4047-bcf8-aa62df918abc/touch/perform 200 950 ms - 76
[HTTP] 
[HTTP] --> GET /wd/hub/session/296fe366-b082-4047-bcf8-aa62df918abc/window/current/size
[HTTP] {}
[W3C] Driver proxy active, passing request on via HTTP proxy
[JSONWP Proxy] Replacing sessionId 2073d596-f023-4141-864a-05518b1cbb60 with 296fe366-b082-4047-bcf8-aa62df918abc
[HTTP] <-- GET /wd/hub/session/296fe366-b082-4047-bcf8-aa62df918abc/window/current/size 200 20 ms - 100
[HTTP] 
[HTTP] --> POST /wd/hub/session/296fe366-b082-4047-bcf8-aa62df918abc/elements
[HTTP] {"using":"-android uiautomator","value":"new UiSelector().className(\"android.widget.FrameLayout\").resourceId(\"id.co.fundtastic.client:id/navigation_portofolio\").instance(11)"}
[HTTP] <-- POST /wd/hub/session/296fe366-b082-4047-bcf8-aa62df918abc/elements 200 1894 ms - 124
[HTTP] 
[HTTP] --> GET /wd/hub/session/296fe366-b082-4047-bcf8-aa62df918abc
[HTTP] {}
[HTTP] <-- GET /wd/hub/session/296fe366-b082-4047-bcf8-aa62df918abc 200 12 ms - 1167
[HTTP] 
[HTTP] --> GET /wd/hub/session/296fe366-b082-4047-bcf8-aa62df918abc
[HTTP] {}
[HTTP] <-- GET /wd/hub/session/296fe366-b082-4047-bcf8-aa62df918abc 200 11 ms - 1167
[HTTP] 
[HTTP] --> GET /wd/hub/session/296fe366-b082-4047-bcf8-aa62df918abc
[HTTP] {}
[HTTP] <-- GET /wd/hub/session/296fe366-b082-4047-bcf8-aa62df918abc 200 9 ms - 1167
[HTTP] 
[HTTP] --> GET /wd/hub/session/296fe366-b082-4047-bcf8-aa62df918abc
[HTTP] {}
[HTTP] <-- GET /wd/hub/session/296fe366-b082-4047-bcf8-aa62df918abc 200 10 ms - 1167
[HTTP] 
[HTTP] --> GET /wd/hub/session/296fe366-b082-4047-bcf8-aa62df918abc/element/ef6c52f7-b168-4176-a9d4-0019842d2a0d/location
[HTTP] {}
[W3C] Driver proxy active, passing request on via HTTP proxy
[JSONWP Proxy] Replacing sessionId 2073d596-f023-4141-864a-05518b1cbb60 with 296fe366-b082-4047-bcf8-aa62df918abc
[HTTP] <-- GET /wd/hub/session/296fe366-b082-4047-bcf8-aa62df918abc/element/ef6c52f7-b168-4176-a9d4-0019842d2a0d/location 200 18 ms - 90
[HTTP] 
[HTTP] --> POST /wd/hub/session/296fe366-b082-4047-bcf8-aa62df918abc/touch/perform
[HTTP] {"actions":[{"action":"tap","options":{"element":"ef6c52f7-b168-4176-a9d4-0019842d2a0d","x":1,"y":1}}]}
[UiAutomator2] calling get location: ef6c52f7-b168-4176-a9d4-0019842d2a0d
[HTTP] <-- POST /wd/hub/session/296fe366-b082-4047-bcf8-aa62df918abc/touch/perform 200 2232 ms - 76
[HTTP] 
[HTTP] --> GET /wd/hub/session/296fe366-b082-4047-bcf8-aa62df918abc/window/current/size
[HTTP] {}
[W3C] Driver proxy active, passing request on via HTTP proxy
[JSONWP Proxy] Replacing sessionId 2073d596-f023-4141-864a-05518b1cbb60 with 296fe366-b082-4047-bcf8-aa62df918abc
[HTTP] <-- GET /wd/hub/session/296fe366-b082-4047-bcf8-aa62df918abc/window/current/size 200 28 ms - 100
[HTTP] 
[HTTP] --> POST /wd/hub/session/296fe366-b082-4047-bcf8-aa62df918abc/elements
[HTTP] {"using":"-android uiautomator","value":"new UiSelector().className(\"android.widget.LinearLayout\").resourceId(\"id.co.fundtastic.client:id/llcard\").instance(10)"}
[HTTP] <-- POST /wd/hub/session/296fe366-b082-4047-bcf8-aa62df918abc/elements 200 955 ms - 226
[HTTP] 
[HTTP] --> GET /wd/hub/session/296fe366-b082-4047-bcf8-aa62df918abc
[HTTP] {}
[HTTP] <-- GET /wd/hub/session/296fe366-b082-4047-bcf8-aa62df918abc 200 14 ms - 1167
[HTTP] 
[HTTP] --> GET /wd/hub/session/296fe366-b082-4047-bcf8-aa62df918abc
[HTTP] {}
[HTTP] <-- GET /wd/hub/session/296fe366-b082-4047-bcf8-aa62df918abc 200 11 ms - 1167
[HTTP] 
[HTTP] --> GET /wd/hub/session/296fe366-b082-4047-bcf8-aa62df918abc
[HTTP] {}
[HTTP] <-- GET /wd/hub/session/296fe366-b082-4047-bcf8-aa62df918abc 200 11 ms - 1167
[HTTP] 
[HTTP] --> GET /wd/hub/session/296fe366-b082-4047-bcf8-aa62df918abc
[HTTP] {}
[HTTP] <-- GET /wd/hub/session/296fe366-b082-4047-bcf8-aa62df918abc 200 11 ms - 1167
[HTTP] 
[HTTP] --> GET /wd/hub/session/296fe366-b082-4047-bcf8-aa62df918abc
[HTTP] {}
[HTTP] <-- GET /wd/hub/session/296fe366-b082-4047-bcf8-aa62df918abc 200 12 ms - 1167
[HTTP] 
[HTTP] --> GET /wd/hub/session/296fe366-b082-4047-bcf8-aa62df918abc
[HTTP] {}
[HTTP] <-- GET /wd/hub/session/296fe366-b082-4047-bcf8-aa62df918abc 200 10 ms - 1167
[HTTP] 
[HTTP] --> GET /wd/hub/session/296fe366-b082-4047-bcf8-aa62df918abc
[HTTP] {}
[HTTP] <-- GET /wd/hub/session/296fe366-b082-4047-bcf8-aa62df918abc 200 11 ms - 1167
[HTTP] 
[HTTP] --> GET /wd/hub/session/296fe366-b082-4047-bcf8-aa62df918abc
[HTTP] {}
[HTTP] <-- GET /wd/hub/session/296fe366-b082-4047-bcf8-aa62df918abc 200 13 ms - 1167
[HTTP] 
[HTTP] --> GET /wd/hub/session/296fe366-b082-4047-bcf8-aa62df918abc
[HTTP] {}
[HTTP] <-- GET /wd/hub/session/296fe366-b082-4047-bcf8-aa62df918abc 200 11 ms - 1167
[HTTP] 
[HTTP] --> GET /wd/hub/session/296fe366-b082-4047-bcf8-aa62df918abc
[HTTP] {}
[HTTP] <-- GET /wd/hub/session/296fe366-b082-4047-bcf8-aa62df918abc 200 12 ms - 1167
[HTTP] 
[HTTP] --> GET /wd/hub/session/296fe366-b082-4047-bcf8-aa62df918abc
[HTTP] {}
[HTTP] <-- GET /wd/hub/session/296fe366-b082-4047-bcf8-aa62df918abc 200 10 ms - 1167
[HTTP] 
[HTTP] --> GET /wd/hub/session/296fe366-b082-4047-bcf8-aa62df918abc
[HTTP] {}
[HTTP] <-- GET /wd/hub/session/296fe366-b082-4047-bcf8-aa62df918abc 200 15 ms - 1167
[HTTP] 
[HTTP] --> GET /wd/hub/session/296fe366-b082-4047-bcf8-aa62df918abc/element/d5f12564-cbf1-440c-a473-4d5b4a31df96/location
[HTTP] {}
[W3C] Driver proxy active, passing request on via HTTP proxy
[JSONWP Proxy] Replacing sessionId 2073d596-f023-4141-864a-05518b1cbb60 with 296fe366-b082-4047-bcf8-aa62df918abc
[HTTP] <-- GET /wd/hub/session/296fe366-b082-4047-bcf8-aa62df918abc/element/d5f12564-cbf1-440c-a473-4d5b4a31df96/location 200 23 ms - 88
[HTTP] 
[HTTP] --> POST /wd/hub/session/296fe366-b082-4047-bcf8-aa62df918abc/touch/perform
[HTTP] {"actions":[{"action":"tap","options":{"element":"d5f12564-cbf1-440c-a473-4d5b4a31df96","x":1,"y":1}}]}
[UiAutomator2] calling get location: d5f12564-cbf1-440c-a473-4d5b4a31df96
[HTTP] <-- POST /wd/hub/session/296fe366-b082-4047-bcf8-aa62df918abc/touch/perform 200 3153 ms - 76
[HTTP] 
[HTTP] --> GET /wd/hub/session/296fe366-b082-4047-bcf8-aa62df918abc/window/current/size
[HTTP] {}
[W3C] Driver proxy active, passing request on via HTTP proxy
[JSONWP Proxy] Replacing sessionId 2073d596-f023-4141-864a-05518b1cbb60 with 296fe366-b082-4047-bcf8-aa62df918abc
[HTTP] <-- GET /wd/hub/session/296fe366-b082-4047-bcf8-aa62df918abc/window/current/size 200 27 ms - 100
[HTTP] 
[HTTP] --> POST /wd/hub/session/296fe366-b082-4047-bcf8-aa62df918abc/elements
[HTTP] {"using":"-android uiautomator","value":"new UiSelector().className(\"android.widget.TextView\").text(\"Reksadana\").resourceId(\"id.co.fundtastic.client:id/name\").instance(0)"}
[HTTP] <-- POST /wd/hub/session/296fe366-b082-4047-bcf8-aa62df918abc/elements 200 54 ms - 124
[HTTP] 
[HTTP] --> GET /wd/hub/session/296fe366-b082-4047-bcf8-aa62df918abc
[HTTP] {}
[HTTP] <-- GET /wd/hub/session/296fe366-b082-4047-bcf8-aa62df918abc 200 16 ms - 1167
[HTTP] 
[HTTP] --> GET /wd/hub/session/296fe366-b082-4047-bcf8-aa62df918abc
[HTTP] {}
[HTTP] <-- GET /wd/hub/session/296fe366-b082-4047-bcf8-aa62df918abc 200 15 ms - 1167
[HTTP] 
[HTTP] --> GET /wd/hub/session/296fe366-b082-4047-bcf8-aa62df918abc
[HTTP] {}
[HTTP] <-- GET /wd/hub/session/296fe366-b082-4047-bcf8-aa62df918abc 200 11 ms - 1167
[HTTP] 
[HTTP] --> GET /wd/hub/session/296fe366-b082-4047-bcf8-aa62df918abc
[HTTP] {}
[HTTP] <-- GET /wd/hub/session/296fe366-b082-4047-bcf8-aa62df918abc 200 16 ms - 1167
[HTTP] 
[HTTP] --> GET /wd/hub/session/296fe366-b082-4047-bcf8-aa62df918abc/element/4ab605c8-b98b-43ee-94a9-1848b748c127/location
[HTTP] {}
[W3C] Driver proxy active, passing request on via HTTP proxy
[JSONWP Proxy] Replacing sessionId 2073d596-f023-4141-864a-05518b1cbb60 with 296fe366-b082-4047-bcf8-aa62df918abc
[HTTP] <-- GET /wd/hub/session/296fe366-b082-4047-bcf8-aa62df918abc/element/4ab605c8-b98b-43ee-94a9-1848b748c127/location 200 30 ms - 89
[HTTP] 
[HTTP] --> GET /wd/hub/session/296fe366-b082-4047-bcf8-aa62df918abc/element/4ab605c8-b98b-43ee-94a9-1848b748c127/text
[HTTP] {}
[W3C] Driver proxy active, passing request on via HTTP proxy
[JSONWP Proxy] Replacing sessionId 2073d596-f023-4141-864a-05518b1cbb60 with 296fe366-b082-4047-bcf8-aa62df918abc
[HTTP] <-- GET /wd/hub/session/296fe366-b082-4047-bcf8-aa62df918abc/element/4ab605c8-b98b-43ee-94a9-1848b748c127/text 200 34 ms - 83
[HTTP] 
[HTTP] --> DELETE /wd/hub/session/296fe366-b082-4047-bcf8-aa62df918abc
[HTTP] {}
[Appium] Removing session 296fe366-b082-4047-bcf8-aa62df918abc from our master session list
[ADB] id.co.fundtastic.client was successfully uninstalled
[HTTP] <-- DELETE /wd/hub/session/296fe366-b082-4047-bcf8-aa62df918abc 200 1416 ms - 76
[HTTP] 
