[Appium] Welcome to Appium v1.8.1
[Appium] Non-default server args:
[Appium]   port: 49269
[Appium]   loglevel: info
[Appium]   chromeDriverPort: 49270
[Appium]   tmpDir: /var/folders/ts/p6rxgpw53_d96xw60slkng7m0000gn/T//Katalon/Appium/Temp1566285885640
[Appium] Appium REST http interface listener started on 0.0.0.0:49269
[HTTP] --> GET /wd/hub/status
[HTTP] {}
[HTTP] <-- GET /wd/hub/status 200 20 ms - 83
[HTTP] 
[HTTP] --> POST /wd/hub/session
[HTTP] {"desiredCapabilities":{"app":"/Users/ustore/Downloads/mobile-debug (2).apk","autoGrantPermissions":true,"automationName":"uiautomator2","deviceName":"emulator-5554 (Android SDK built for x86 - Android 8.1.0)","fullReset":true,"newCommandTimeout":1800,"noReset":false,"platform":"ANDROID","platformName":"Android","udid":"emulator-5554"},"capabilities":{"desiredCapabilities":{"app":"/Users/ustore/Downloads/mobile-debug (2).apk","autoGrantPermissions":true,"automationName":"uiautomator2","deviceName":"emulator-5554 (Android SDK built for x86 - Android 8.1.0)","fullReset":true,"newCommandTimeout":1800,"noReset":false,"platform":"ANDROID","platformName":"Android","udid":"emulator-5554"},"firstMatch":[{"platformName":"android"}]}}
[Appium] Could not parse W3C capabilities: 'deviceName' can't be blank. Falling back to JSONWP protocol.
[Appium] The following capabilities were provided in the JSONWP desired capabilities that are missing in W3C capabilities: ["app","autoGrantPermissions","automationName","deviceName","fullReset","newCommandTimeout","noReset","platform","platformName","udid"]. Falling back to JSONWP protocol.
[Appium] Creating new AndroidUiautomator2Driver (v1.12.0) session
[Appium] Capabilities:
[Appium]   app: /Users/ustore/Downloads/mobile-debug (2).apk
[Appium]   autoGrantPermissions: true
[Appium]   automationName: uiautomator2
[Appium]   deviceName: emulator-5554 (Android SDK built for x86 - Android 8.1.0)
[Appium]   fullReset: true
[Appium]   newCommandTimeout: 1800
[Appium]   noReset: false
[Appium]   platform: ANDROID
[Appium]   platformName: Android
[Appium]   udid: emulator-5554
[BaseDriver] The following capabilities were provided, but are not recognized by appium: platform.
[BaseDriver] Session created with session id: 3f646c56-0622-4e1a-b260-5f60ab6283ec
[BaseDriver] Using local app '/Users/ustore/Downloads/mobile-debug (2).apk'
[AndroidDriver] Java version is: 1.8.0_181
[ADB] Checking whether adb is present
[ADB] Found 1 'build-tools' folders under '/Users/ustore/.katalon/tools/android_sdk' (newest first):
[ADB]     /Users/ustore/.katalon/tools/android_sdk/build-tools/28.0.3
[ADB] Using adb from /Users/ustore/.katalon/tools/android_sdk/platform-tools/adb
[AndroidDriver] Retrieving device list
[AndroidDriver] Using device: emulator-5554
[ADB] Using the alternative activity name detection method because of: Could not find apkanalyzer in /Users/ustore/.katalon/tools/android_sdk/platform-tools/apkanalyzer,/Users/ustore/.katalon/tools/android_sdk/emulator/apkanalyzer,/Users/ustore/.katalon/tools/android_sdk/tools/apkanalyzer,/Users/ustore/.katalon/tools/android_sdk/tools/bin/apkanalyzer,/Users/ustore/.katalon/tools/android_sdk/build-tools/28.0.3/apkanalyzer. Do you have the Android SDK installed at '/Users/ustore/.katalon/tools/android_sdk'?
[ADB] Checking whether aapt is present
[ADB] Using aapt from /Users/ustore/.katalon/tools/android_sdk/build-tools/28.0.3/aapt
[ADB] Extracting package and launch activity from manifest
[ADB] Package name: 'id.co.fundtastic.client'
[ADB] Main activity name: 'id.co.fundtastic.client.splash.presentation.SplashActivity'
[ADB] Getting device platform version
[ADB] Using apksigner from /Users/ustore/.katalon/tools/android_sdk/build-tools/28.0.3/apksigner
[ADB] Cannot read version codes of '/usr/local/lib/node_modules/appium/node_modules/appium-uiautomator2-server/apks/appium-uiautomator2-server-debug-androidTest.apk' and/or 'io.appium.uiautomator2.server.test'
[ADB] Cannot read version names of '/usr/local/lib/node_modules/appium/node_modules/appium-uiautomator2-server/apks/appium-uiautomator2-server-debug-androidTest.apk' and/or 'io.appium.uiautomator2.server.test'. Assuming correct app version is already installed
[AndroidDriver] setDeviceLanguageCountry requires language or country.
[AndroidDriver] Got language: 'null' and country: 'null'
[ADB] Successfully extracted 263 strings from '/Users/ustore/Downloads/mobile-debug (2).apk' resources for '(default)' configuration
[ADB] id.co.fundtastic.client was not uninstalled, because it was not present on the device
[UiAutomator2] Starting uiautomator2 server 1.12.0
[UiAutomator2] Using UIAutomator2 server from '/usr/local/lib/node_modules/appium/node_modules/appium-uiautomator2-server/apks/appium-uiautomator2-server-v1.12.0.apk' and test from '/usr/local/lib/node_modules/appium/node_modules/appium-uiautomator2-server/apks/appium-uiautomator2-server-debug-androidTest.apk'
[UiAutomator2] Running command: 'adb -s emulator-5554 shell am instrument -w io.appium.uiautomator2.server.test/android.support.test.runner.AndroidJUnitRunner'
[UiAutomator2] Waiting up to 20000ms for UiAutomator2 to be online...
[AndroidDriver] Screen already unlocked, doing nothing
[UiAutomator2] UiAutomator2 did not start the activity we were waiting for, 'id.co.fundtastic.client/id.co.fundtastic.client.splash.presentation.SplashActivity'. Starting it ourselves
[Appium] New AndroidUiautomator2Driver session created successfully, session 3f646c56-0622-4e1a-b260-5f60ab6283ec added to master session list
[HTTP] <-- POST /wd/hub/session 200 25403 ms - 1185
[HTTP] 
[HTTP] --> GET /wd/hub/status
[HTTP] {}
[HTTP] <-- GET /wd/hub/status 200 13 ms - 55
[HTTP] 
[HTTP] --> POST /wd/hub/session/3f646c56-0622-4e1a-b260-5f60ab6283ec/timeouts
[HTTP] {"type":"implicit","ms":30000}
[HTTP] <-- POST /wd/hub/session/3f646c56-0622-4e1a-b260-5f60ab6283ec/timeouts 400 31 ms - 4196
[HTTP] 
[HTTP] --> GET /wd/hub/session/3f646c56-0622-4e1a-b260-5f60ab6283ec/window/current/size
[HTTP] {}
[W3C] Driver proxy active, passing request on via HTTP proxy
[JSONWP Proxy] Replacing sessionId 776e33b3-e438-4592-a517-6d18c288cf4d with 3f646c56-0622-4e1a-b260-5f60ab6283ec
[HTTP] <-- GET /wd/hub/session/3f646c56-0622-4e1a-b260-5f60ab6283ec/window/current/size 200 77 ms - 100
[HTTP] 
[HTTP] --> POST /wd/hub/session/3f646c56-0622-4e1a-b260-5f60ab6283ec/elements
[HTTP] {"using":"-android uiautomator","value":"new UiSelector().className(\"android.widget.TextView\").text(\"Mulailah berinvestasi untuk meraih mimpimu\").instance(0)"}
[HTTP] <-- POST /wd/hub/session/3f646c56-0622-4e1a-b260-5f60ab6283ec/elements 200 166 ms - 74
[HTTP] 
[HTTP] --> POST /wd/hub/session/3f646c56-0622-4e1a-b260-5f60ab6283ec/elements
[HTTP] {"using":"-android uiautomator","value":"new UiSelector().className(\"android.widget.TextView\").text(\"Mulailah berinvestasi untuk meraih mimpimu\").instance(0)"}
[HTTP] <-- POST /wd/hub/session/3f646c56-0622-4e1a-b260-5f60ab6283ec/elements 200 985 ms - 74
[HTTP] 
[HTTP] --> POST /wd/hub/session/3f646c56-0622-4e1a-b260-5f60ab6283ec/elements
[HTTP] {"using":"-android uiautomator","value":"new UiSelector().className(\"android.widget.TextView\").text(\"Mulailah berinvestasi untuk meraih mimpimu\").instance(0)"}
[HTTP] <-- POST /wd/hub/session/3f646c56-0622-4e1a-b260-5f60ab6283ec/elements 200 30 ms - 74
[HTTP] 
[HTTP] --> POST /wd/hub/session/3f646c56-0622-4e1a-b260-5f60ab6283ec/elements
[HTTP] {"using":"-android uiautomator","value":"new UiSelector().className(\"android.widget.TextView\").text(\"Mulailah berinvestasi untuk meraih mimpimu\").instance(0)"}
[HTTP] <-- POST /wd/hub/session/3f646c56-0622-4e1a-b260-5f60ab6283ec/elements 200 26 ms - 74
[HTTP] 
[HTTP] --> POST /wd/hub/session/3f646c56-0622-4e1a-b260-5f60ab6283ec/elements
[HTTP] {"using":"-android uiautomator","value":"new UiSelector().className(\"android.widget.TextView\").text(\"Mulailah berinvestasi untuk meraih mimpimu\").instance(0)"}
[HTTP] <-- POST /wd/hub/session/3f646c56-0622-4e1a-b260-5f60ab6283ec/elements 200 55 ms - 74
[HTTP] 
[HTTP] --> POST /wd/hub/session/3f646c56-0622-4e1a-b260-5f60ab6283ec/elements
[HTTP] {"using":"-android uiautomator","value":"new UiSelector().className(\"android.widget.TextView\").text(\"Mulailah berinvestasi untuk meraih mimpimu\").instance(0)"}
[HTTP] <-- POST /wd/hub/session/3f646c56-0622-4e1a-b260-5f60ab6283ec/elements 200 30 ms - 74
[HTTP] 
[HTTP] --> POST /wd/hub/session/3f646c56-0622-4e1a-b260-5f60ab6283ec/elements
[HTTP] {"using":"-android uiautomator","value":"new UiSelector().className(\"android.widget.TextView\").text(\"Mulailah berinvestasi untuk meraih mimpimu\").instance(0)"}
[HTTP] <-- POST /wd/hub/session/3f646c56-0622-4e1a-b260-5f60ab6283ec/elements 200 27 ms - 74
[HTTP] 
[HTTP] --> POST /wd/hub/session/3f646c56-0622-4e1a-b260-5f60ab6283ec/elements
[HTTP] {"using":"-android uiautomator","value":"new UiSelector().className(\"android.widget.TextView\").text(\"Mulailah berinvestasi untuk meraih mimpimu\").instance(0)"}
[HTTP] <-- POST /wd/hub/session/3f646c56-0622-4e1a-b260-5f60ab6283ec/elements 200 236 ms - 74
[HTTP] 
[HTTP] --> POST /wd/hub/session/3f646c56-0622-4e1a-b260-5f60ab6283ec/elements
[HTTP] {"using":"-android uiautomator","value":"new UiSelector().className(\"android.widget.TextView\").text(\"Mulailah berinvestasi untuk meraih mimpimu\").instance(0)"}
[HTTP] <-- POST /wd/hub/session/3f646c56-0622-4e1a-b260-5f60ab6283ec/elements 200 340 ms - 74
[HTTP] 
[HTTP] --> POST /wd/hub/session/3f646c56-0622-4e1a-b260-5f60ab6283ec/elements
[HTTP] {"using":"-android uiautomator","value":"new UiSelector().className(\"android.widget.TextView\").text(\"Mulailah berinvestasi untuk meraih mimpimu\").instance(0)"}
[HTTP] <-- POST /wd/hub/session/3f646c56-0622-4e1a-b260-5f60ab6283ec/elements 200 3764 ms - 124
[HTTP] 
[HTTP] --> GET /wd/hub/session/3f646c56-0622-4e1a-b260-5f60ab6283ec
[HTTP] {}
[HTTP] <-- GET /wd/hub/session/3f646c56-0622-4e1a-b260-5f60ab6283ec 200 17 ms - 1185
[HTTP] 
[HTTP] --> GET /wd/hub/session/3f646c56-0622-4e1a-b260-5f60ab6283ec
[HTTP] {}
[HTTP] <-- GET /wd/hub/session/3f646c56-0622-4e1a-b260-5f60ab6283ec 200 15 ms - 1185
[HTTP] 
[HTTP] --> GET /wd/hub/session/3f646c56-0622-4e1a-b260-5f60ab6283ec
[HTTP] {}
[HTTP] <-- GET /wd/hub/session/3f646c56-0622-4e1a-b260-5f60ab6283ec 200 15 ms - 1185
[HTTP] 
[HTTP] --> GET /wd/hub/session/3f646c56-0622-4e1a-b260-5f60ab6283ec
[HTTP] {}
[HTTP] <-- GET /wd/hub/session/3f646c56-0622-4e1a-b260-5f60ab6283ec 200 14 ms - 1185
[HTTP] 
[HTTP] --> GET /wd/hub/session/3f646c56-0622-4e1a-b260-5f60ab6283ec/element/0c50354f-9a95-49d7-a1f1-d010a2aeefd5/location
[HTTP] {}
[W3C] Driver proxy active, passing request on via HTTP proxy
[JSONWP Proxy] Replacing sessionId 776e33b3-e438-4592-a517-6d18c288cf4d with 3f646c56-0622-4e1a-b260-5f60ab6283ec
[HTTP] <-- GET /wd/hub/session/3f646c56-0622-4e1a-b260-5f60ab6283ec/element/0c50354f-9a95-49d7-a1f1-d010a2aeefd5/location 200 60 ms - 88
[HTTP] 
[HTTP] --> GET /wd/hub/session/3f646c56-0622-4e1a-b260-5f60ab6283ec/element/0c50354f-9a95-49d7-a1f1-d010a2aeefd5/text
[HTTP] {}
[W3C] Driver proxy active, passing request on via HTTP proxy
[JSONWP Proxy] Replacing sessionId 776e33b3-e438-4592-a517-6d18c288cf4d with 3f646c56-0622-4e1a-b260-5f60ab6283ec
[HTTP] <-- GET /wd/hub/session/3f646c56-0622-4e1a-b260-5f60ab6283ec/element/0c50354f-9a95-49d7-a1f1-d010a2aeefd5/text 200 72 ms - 116
[HTTP] 
[HTTP] --> GET /wd/hub/session/3f646c56-0622-4e1a-b260-5f60ab6283ec/window/current/size
[HTTP] {}
[W3C] Driver proxy active, passing request on via HTTP proxy
[JSONWP Proxy] Replacing sessionId 776e33b3-e438-4592-a517-6d18c288cf4d with 3f646c56-0622-4e1a-b260-5f60ab6283ec
[HTTP] <-- GET /wd/hub/session/3f646c56-0622-4e1a-b260-5f60ab6283ec/window/current/size 200 19 ms - 100
[HTTP] 
[HTTP] --> POST /wd/hub/session/3f646c56-0622-4e1a-b260-5f60ab6283ec/elements
[HTTP] {"using":"-android uiautomator","value":"new UiSelector().className(\"android.widget.LinearLayout\").instance(4)"}
[HTTP] <-- POST /wd/hub/session/3f646c56-0622-4e1a-b260-5f60ab6283ec/elements 200 65 ms - 124
[HTTP] 
[HTTP] --> GET /wd/hub/session/3f646c56-0622-4e1a-b260-5f60ab6283ec
[HTTP] {}
[HTTP] <-- GET /wd/hub/session/3f646c56-0622-4e1a-b260-5f60ab6283ec 200 20 ms - 1185
[HTTP] 
[HTTP] --> GET /wd/hub/session/3f646c56-0622-4e1a-b260-5f60ab6283ec
[HTTP] {}
[HTTP] <-- GET /wd/hub/session/3f646c56-0622-4e1a-b260-5f60ab6283ec 200 46 ms - 1185
[HTTP] 
[HTTP] --> GET /wd/hub/session/3f646c56-0622-4e1a-b260-5f60ab6283ec
[HTTP] {}
[HTTP] <-- GET /wd/hub/session/3f646c56-0622-4e1a-b260-5f60ab6283ec 200 23 ms - 1185
[HTTP] 
[HTTP] --> GET /wd/hub/session/3f646c56-0622-4e1a-b260-5f60ab6283ec
[HTTP] {}
[HTTP] <-- GET /wd/hub/session/3f646c56-0622-4e1a-b260-5f60ab6283ec 200 40 ms - 1185
[HTTP] 
[HTTP] --> GET /wd/hub/session/3f646c56-0622-4e1a-b260-5f60ab6283ec/element/6f58e221-95cf-420b-8c43-d2ab48986c12/location
[HTTP] {}
[W3C] Driver proxy active, passing request on via HTTP proxy
[JSONWP Proxy] Replacing sessionId 776e33b3-e438-4592-a517-6d18c288cf4d with 3f646c56-0622-4e1a-b260-5f60ab6283ec
[HTTP] <-- GET /wd/hub/session/3f646c56-0622-4e1a-b260-5f60ab6283ec/element/6f58e221-95cf-420b-8c43-d2ab48986c12/location 200 41 ms - 88
[HTTP] 
[HTTP] --> POST /wd/hub/session/3f646c56-0622-4e1a-b260-5f60ab6283ec/touch/perform
[HTTP] {"actions":[{"action":"tap","options":{"element":"6f58e221-95cf-420b-8c43-d2ab48986c12","x":1,"y":1}}]}
[UiAutomator2] calling get location: 6f58e221-95cf-420b-8c43-d2ab48986c12
[HTTP] <-- POST /wd/hub/session/3f646c56-0622-4e1a-b260-5f60ab6283ec/touch/perform 200 3242 ms - 76
[HTTP] 
[HTTP] --> GET /wd/hub/session/3f646c56-0622-4e1a-b260-5f60ab6283ec/context
[HTTP] {}
[HTTP] <-- GET /wd/hub/session/3f646c56-0622-4e1a-b260-5f60ab6283ec/context 200 3 ms - 84
[HTTP] 
[HTTP] --> GET /wd/hub/session/3f646c56-0622-4e1a-b260-5f60ab6283ec/contexts
[HTTP] {}
[HTTP] <-- GET /wd/hub/session/3f646c56-0622-4e1a-b260-5f60ab6283ec/contexts 200 31 ms - 127
[HTTP] 
[HTTP] --> POST /wd/hub/session/3f646c56-0622-4e1a-b260-5f60ab6283ec/context
[HTTP] {"name":"NATIVE_APP"}
[HTTP] <-- POST /wd/hub/session/3f646c56-0622-4e1a-b260-5f60ab6283ec/context 200 34 ms - 76
[HTTP] 
[HTTP] --> POST /wd/hub/session/3f646c56-0622-4e1a-b260-5f60ab6283ec/touch/perform
[HTTP] {"actions":[{"action":"press","options":{"x":800,"y":1000}},{"action":"wait","options":{"ms":500}},{"action":"moveTo","options":{"x":10,"y":800}}]}
[HTTP] <-- POST /wd/hub/session/3f646c56-0622-4e1a-b260-5f60ab6283ec/touch/perform 200 2276 ms - 76
[HTTP] 
[HTTP] --> POST /wd/hub/session/3f646c56-0622-4e1a-b260-5f60ab6283ec/context
[HTTP] {"name":"NATIVE_APP"}
[HTTP] <-- POST /wd/hub/session/3f646c56-0622-4e1a-b260-5f60ab6283ec/context 200 29 ms - 76
[HTTP] 
[HTTP] --> GET /wd/hub/session/3f646c56-0622-4e1a-b260-5f60ab6283ec/window/current/size
[HTTP] {}
[W3C] Driver proxy active, passing request on via HTTP proxy
[JSONWP Proxy] Replacing sessionId 776e33b3-e438-4592-a517-6d18c288cf4d with 3f646c56-0622-4e1a-b260-5f60ab6283ec
[HTTP] <-- GET /wd/hub/session/3f646c56-0622-4e1a-b260-5f60ab6283ec/window/current/size 200 18 ms - 100
[HTTP] 
[HTTP] --> POST /wd/hub/session/3f646c56-0622-4e1a-b260-5f60ab6283ec/elements
[HTTP] {"using":"-android uiautomator","value":"new UiSelector().className(\"android.widget.LinearLayout\").instance(4)"}
[HTTP] <-- POST /wd/hub/session/3f646c56-0622-4e1a-b260-5f60ab6283ec/elements 200 415 ms - 124
[HTTP] 
[HTTP] --> GET /wd/hub/session/3f646c56-0622-4e1a-b260-5f60ab6283ec
[HTTP] {}
[HTTP] <-- GET /wd/hub/session/3f646c56-0622-4e1a-b260-5f60ab6283ec 200 13 ms - 1302
[HTTP] 
[HTTP] --> GET /wd/hub/session/3f646c56-0622-4e1a-b260-5f60ab6283ec
[HTTP] {}
[HTTP] <-- GET /wd/hub/session/3f646c56-0622-4e1a-b260-5f60ab6283ec 200 16 ms - 1302
[HTTP] 
[HTTP] --> GET /wd/hub/session/3f646c56-0622-4e1a-b260-5f60ab6283ec
[HTTP] {}
[HTTP] <-- GET /wd/hub/session/3f646c56-0622-4e1a-b260-5f60ab6283ec 200 19 ms - 1302
[HTTP] 
[HTTP] --> GET /wd/hub/session/3f646c56-0622-4e1a-b260-5f60ab6283ec
[HTTP] {}
[HTTP] <-- GET /wd/hub/session/3f646c56-0622-4e1a-b260-5f60ab6283ec 200 15 ms - 1302
[HTTP] 
[HTTP] --> GET /wd/hub/session/3f646c56-0622-4e1a-b260-5f60ab6283ec/element/ee40fe57-3556-4173-8019-f248a3dec390/location
[HTTP] {}
[W3C] Driver proxy active, passing request on via HTTP proxy
[JSONWP Proxy] Replacing sessionId 776e33b3-e438-4592-a517-6d18c288cf4d with 3f646c56-0622-4e1a-b260-5f60ab6283ec
[HTTP] <-- GET /wd/hub/session/3f646c56-0622-4e1a-b260-5f60ab6283ec/element/ee40fe57-3556-4173-8019-f248a3dec390/location 200 30 ms - 87
[HTTP] 
[HTTP] --> POST /wd/hub/session/3f646c56-0622-4e1a-b260-5f60ab6283ec/touch/perform
[HTTP] {"actions":[{"action":"tap","options":{"element":"ee40fe57-3556-4173-8019-f248a3dec390","x":1,"y":1}}]}
[UiAutomator2] calling get location: ee40fe57-3556-4173-8019-f248a3dec390
[HTTP] <-- POST /wd/hub/session/3f646c56-0622-4e1a-b260-5f60ab6283ec/touch/perform 200 1556 ms - 76
[HTTP] 
[HTTP] --> GET /wd/hub/session/3f646c56-0622-4e1a-b260-5f60ab6283ec/context
[HTTP] {}
[HTTP] <-- GET /wd/hub/session/3f646c56-0622-4e1a-b260-5f60ab6283ec/context 200 3 ms - 84
[HTTP] 
[HTTP] --> GET /wd/hub/session/3f646c56-0622-4e1a-b260-5f60ab6283ec/contexts
[HTTP] {}
[HTTP] <-- GET /wd/hub/session/3f646c56-0622-4e1a-b260-5f60ab6283ec/contexts 200 31 ms - 127
[HTTP] 
[HTTP] --> POST /wd/hub/session/3f646c56-0622-4e1a-b260-5f60ab6283ec/context
[HTTP] {"name":"NATIVE_APP"}
[HTTP] <-- POST /wd/hub/session/3f646c56-0622-4e1a-b260-5f60ab6283ec/context 200 29 ms - 76
[HTTP] 
[HTTP] --> POST /wd/hub/session/3f646c56-0622-4e1a-b260-5f60ab6283ec/touch/perform
[HTTP] {"actions":[{"action":"press","options":{"x":800,"y":1000}},{"action":"wait","options":{"ms":500}},{"action":"moveTo","options":{"x":10,"y":800}}]}
[HTTP] <-- POST /wd/hub/session/3f646c56-0622-4e1a-b260-5f60ab6283ec/touch/perform 200 2259 ms - 76
[HTTP] 
[HTTP] --> POST /wd/hub/session/3f646c56-0622-4e1a-b260-5f60ab6283ec/context
[HTTP] {"name":"NATIVE_APP"}
[HTTP] <-- POST /wd/hub/session/3f646c56-0622-4e1a-b260-5f60ab6283ec/context 200 31 ms - 76
[HTTP] 
[HTTP] --> GET /wd/hub/session/3f646c56-0622-4e1a-b260-5f60ab6283ec/window/current/size
[HTTP] {}
[W3C] Driver proxy active, passing request on via HTTP proxy
[JSONWP Proxy] Replacing sessionId 776e33b3-e438-4592-a517-6d18c288cf4d with 3f646c56-0622-4e1a-b260-5f60ab6283ec
[HTTP] <-- GET /wd/hub/session/3f646c56-0622-4e1a-b260-5f60ab6283ec/window/current/size 200 30 ms - 100
[HTTP] 
[HTTP] --> POST /wd/hub/session/3f646c56-0622-4e1a-b260-5f60ab6283ec/elements
[HTTP] {"using":"-android uiautomator","value":"new UiSelector().className(\"android.widget.LinearLayout\").instance(4)"}
[HTTP] <-- POST /wd/hub/session/3f646c56-0622-4e1a-b260-5f60ab6283ec/elements 200 403 ms - 124
[HTTP] 
[HTTP] --> GET /wd/hub/session/3f646c56-0622-4e1a-b260-5f60ab6283ec
[HTTP] {}
[HTTP] <-- GET /wd/hub/session/3f646c56-0622-4e1a-b260-5f60ab6283ec 200 15 ms - 1302
[HTTP] 
[HTTP] --> GET /wd/hub/session/3f646c56-0622-4e1a-b260-5f60ab6283ec
[HTTP] {}
[HTTP] <-- GET /wd/hub/session/3f646c56-0622-4e1a-b260-5f60ab6283ec 200 20 ms - 1302
[HTTP] 
[HTTP] --> GET /wd/hub/session/3f646c56-0622-4e1a-b260-5f60ab6283ec
[HTTP] {}
[HTTP] <-- GET /wd/hub/session/3f646c56-0622-4e1a-b260-5f60ab6283ec 200 14 ms - 1302
[HTTP] 
[HTTP] --> GET /wd/hub/session/3f646c56-0622-4e1a-b260-5f60ab6283ec
[HTTP] {}
[HTTP] <-- GET /wd/hub/session/3f646c56-0622-4e1a-b260-5f60ab6283ec 200 17 ms - 1302
[HTTP] 
[HTTP] --> GET /wd/hub/session/3f646c56-0622-4e1a-b260-5f60ab6283ec/element/b0aa55ef-a523-4864-9fbf-53bcf286e255/location
[HTTP] {}
[W3C] Driver proxy active, passing request on via HTTP proxy
[JSONWP Proxy] Replacing sessionId 776e33b3-e438-4592-a517-6d18c288cf4d with 3f646c56-0622-4e1a-b260-5f60ab6283ec
[HTTP] <-- GET /wd/hub/session/3f646c56-0622-4e1a-b260-5f60ab6283ec/element/b0aa55ef-a523-4864-9fbf-53bcf286e255/location 200 22 ms - 87
[HTTP] 
[HTTP] --> POST /wd/hub/session/3f646c56-0622-4e1a-b260-5f60ab6283ec/touch/perform
[HTTP] {"actions":[{"action":"tap","options":{"element":"b0aa55ef-a523-4864-9fbf-53bcf286e255","x":1,"y":1}}]}
[UiAutomator2] calling get location: b0aa55ef-a523-4864-9fbf-53bcf286e255
[HTTP] <-- POST /wd/hub/session/3f646c56-0622-4e1a-b260-5f60ab6283ec/touch/perform 200 1519 ms - 76
[HTTP] 
[HTTP] --> GET /wd/hub/session/3f646c56-0622-4e1a-b260-5f60ab6283ec/context
[HTTP] {}
[HTTP] <-- GET /wd/hub/session/3f646c56-0622-4e1a-b260-5f60ab6283ec/context 200 5 ms - 84
[HTTP] 
[HTTP] --> GET /wd/hub/session/3f646c56-0622-4e1a-b260-5f60ab6283ec/contexts
[HTTP] {}
[HTTP] <-- GET /wd/hub/session/3f646c56-0622-4e1a-b260-5f60ab6283ec/contexts 200 34 ms - 127
[HTTP] 
[HTTP] --> POST /wd/hub/session/3f646c56-0622-4e1a-b260-5f60ab6283ec/context
[HTTP] {"name":"NATIVE_APP"}
[HTTP] <-- POST /wd/hub/session/3f646c56-0622-4e1a-b260-5f60ab6283ec/context 200 37 ms - 76
[HTTP] 
[HTTP] --> POST /wd/hub/session/3f646c56-0622-4e1a-b260-5f60ab6283ec/touch/perform
[HTTP] {"actions":[{"action":"press","options":{"x":800,"y":1000}},{"action":"wait","options":{"ms":500}},{"action":"moveTo","options":{"x":10,"y":800}}]}
[HTTP] <-- POST /wd/hub/session/3f646c56-0622-4e1a-b260-5f60ab6283ec/touch/perform 200 2051 ms - 76
[HTTP] 
[HTTP] --> POST /wd/hub/session/3f646c56-0622-4e1a-b260-5f60ab6283ec/context
[HTTP] {"name":"NATIVE_APP"}
[HTTP] <-- POST /wd/hub/session/3f646c56-0622-4e1a-b260-5f60ab6283ec/context 200 31 ms - 76
[HTTP] 
[HTTP] --> GET /wd/hub/session/3f646c56-0622-4e1a-b260-5f60ab6283ec/window/current/size
[HTTP] {}
[W3C] Driver proxy active, passing request on via HTTP proxy
[JSONWP Proxy] Replacing sessionId 776e33b3-e438-4592-a517-6d18c288cf4d with 3f646c56-0622-4e1a-b260-5f60ab6283ec
[HTTP] <-- GET /wd/hub/session/3f646c56-0622-4e1a-b260-5f60ab6283ec/window/current/size 200 17 ms - 100
[HTTP] 
[HTTP] --> POST /wd/hub/session/3f646c56-0622-4e1a-b260-5f60ab6283ec/elements
[HTTP] {"using":"-android uiautomator","value":"new UiSelector().className(\"android.widget.LinearLayout\").instance(4)"}
[HTTP] <-- POST /wd/hub/session/3f646c56-0622-4e1a-b260-5f60ab6283ec/elements 200 44 ms - 124
[HTTP] 
[HTTP] --> GET /wd/hub/session/3f646c56-0622-4e1a-b260-5f60ab6283ec
[HTTP] {}
[HTTP] <-- GET /wd/hub/session/3f646c56-0622-4e1a-b260-5f60ab6283ec 200 13 ms - 1185
[HTTP] 
[HTTP] --> GET /wd/hub/session/3f646c56-0622-4e1a-b260-5f60ab6283ec
[HTTP] {}
[HTTP] <-- GET /wd/hub/session/3f646c56-0622-4e1a-b260-5f60ab6283ec 200 12 ms - 1185
[HTTP] 
[HTTP] --> GET /wd/hub/session/3f646c56-0622-4e1a-b260-5f60ab6283ec
[HTTP] {}
[HTTP] <-- GET /wd/hub/session/3f646c56-0622-4e1a-b260-5f60ab6283ec 200 13 ms - 1185
[HTTP] 
[HTTP] --> GET /wd/hub/session/3f646c56-0622-4e1a-b260-5f60ab6283ec
[HTTP] {}
[HTTP] <-- GET /wd/hub/session/3f646c56-0622-4e1a-b260-5f60ab6283ec 200 22 ms - 1185
[HTTP] 
[HTTP] --> GET /wd/hub/session/3f646c56-0622-4e1a-b260-5f60ab6283ec/element/107e6d65-7475-4170-82c6-4bb07f97f724/location
[HTTP] {}
[W3C] Driver proxy active, passing request on via HTTP proxy
[JSONWP Proxy] Replacing sessionId 776e33b3-e438-4592-a517-6d18c288cf4d with 3f646c56-0622-4e1a-b260-5f60ab6283ec
[HTTP] <-- GET /wd/hub/session/3f646c56-0622-4e1a-b260-5f60ab6283ec/element/107e6d65-7475-4170-82c6-4bb07f97f724/location 200 33 ms - 88
[HTTP] 
[HTTP] --> POST /wd/hub/session/3f646c56-0622-4e1a-b260-5f60ab6283ec/touch/perform
[HTTP] {"actions":[{"action":"tap","options":{"element":"107e6d65-7475-4170-82c6-4bb07f97f724","x":1,"y":1}}]}
[UiAutomator2] calling get location: 107e6d65-7475-4170-82c6-4bb07f97f724
[HTTP] <-- POST /wd/hub/session/3f646c56-0622-4e1a-b260-5f60ab6283ec/touch/perform 200 955 ms - 76
[HTTP] 
[HTTP] --> GET /wd/hub/session/3f646c56-0622-4e1a-b260-5f60ab6283ec/context
[HTTP] {}
[HTTP] <-- GET /wd/hub/session/3f646c56-0622-4e1a-b260-5f60ab6283ec/context 200 2 ms - 84
[HTTP] 
[HTTP] --> GET /wd/hub/session/3f646c56-0622-4e1a-b260-5f60ab6283ec/contexts
[HTTP] {}
[HTTP] <-- GET /wd/hub/session/3f646c56-0622-4e1a-b260-5f60ab6283ec/contexts 200 25 ms - 127
[HTTP] 
[HTTP] --> POST /wd/hub/session/3f646c56-0622-4e1a-b260-5f60ab6283ec/context
[HTTP] {"name":"NATIVE_APP"}
[HTTP] <-- POST /wd/hub/session/3f646c56-0622-4e1a-b260-5f60ab6283ec/context 200 30 ms - 76
[HTTP] 
[HTTP] --> POST /wd/hub/session/3f646c56-0622-4e1a-b260-5f60ab6283ec/touch/perform
[HTTP] {"actions":[{"action":"press","options":{"x":800,"y":1000}},{"action":"wait","options":{"ms":500}},{"action":"moveTo","options":{"x":10,"y":800}}]}
[HTTP] <-- POST /wd/hub/session/3f646c56-0622-4e1a-b260-5f60ab6283ec/touch/perform 200 2068 ms - 76
[HTTP] 
[HTTP] --> POST /wd/hub/session/3f646c56-0622-4e1a-b260-5f60ab6283ec/context
[HTTP] {"name":"NATIVE_APP"}
[HTTP] <-- POST /wd/hub/session/3f646c56-0622-4e1a-b260-5f60ab6283ec/context 200 27 ms - 76
[HTTP] 
[HTTP] --> GET /wd/hub/session/3f646c56-0622-4e1a-b260-5f60ab6283ec/window/current/size
[HTTP] {}
[W3C] Driver proxy active, passing request on via HTTP proxy
[JSONWP Proxy] Replacing sessionId 776e33b3-e438-4592-a517-6d18c288cf4d with 3f646c56-0622-4e1a-b260-5f60ab6283ec
[HTTP] <-- GET /wd/hub/session/3f646c56-0622-4e1a-b260-5f60ab6283ec/window/current/size 200 16 ms - 100
[HTTP] 
[HTTP] --> POST /wd/hub/session/3f646c56-0622-4e1a-b260-5f60ab6283ec/elements
[HTTP] {"using":"-android uiautomator","value":"new UiSelector().className(\"android.widget.EditText\").text(\"No Handphone\").resourceId(\"id.co.fundtastic.client:id/et_phone\").instance(0)"}
[HTTP] <-- POST /wd/hub/session/3f646c56-0622-4e1a-b260-5f60ab6283ec/elements 200 57 ms - 124
[HTTP] 
[HTTP] --> GET /wd/hub/session/3f646c56-0622-4e1a-b260-5f60ab6283ec
[HTTP] {}
[HTTP] <-- GET /wd/hub/session/3f646c56-0622-4e1a-b260-5f60ab6283ec 200 13 ms - 1185
[HTTP] 
[HTTP] --> GET /wd/hub/session/3f646c56-0622-4e1a-b260-5f60ab6283ec
[HTTP] {}
[HTTP] <-- GET /wd/hub/session/3f646c56-0622-4e1a-b260-5f60ab6283ec 200 43 ms - 1185
[HTTP] 
[HTTP] --> GET /wd/hub/session/3f646c56-0622-4e1a-b260-5f60ab6283ec
[HTTP] {}
[HTTP] <-- GET /wd/hub/session/3f646c56-0622-4e1a-b260-5f60ab6283ec 200 16 ms - 1185
[HTTP] 
[HTTP] --> GET /wd/hub/session/3f646c56-0622-4e1a-b260-5f60ab6283ec
[HTTP] {}
[HTTP] <-- GET /wd/hub/session/3f646c56-0622-4e1a-b260-5f60ab6283ec 200 22 ms - 1185
[HTTP] 
[HTTP] --> GET /wd/hub/session/3f646c56-0622-4e1a-b260-5f60ab6283ec/element/53aef98b-f13f-47eb-b437-f9e9dad73629/location
[HTTP] {}
[W3C] Driver proxy active, passing request on via HTTP proxy
[JSONWP Proxy] Replacing sessionId 776e33b3-e438-4592-a517-6d18c288cf4d with 3f646c56-0622-4e1a-b260-5f60ab6283ec
[HTTP] <-- GET /wd/hub/session/3f646c56-0622-4e1a-b260-5f60ab6283ec/element/53aef98b-f13f-47eb-b437-f9e9dad73629/location 200 24 ms - 88
[HTTP] 
[HTTP] --> POST /wd/hub/session/3f646c56-0622-4e1a-b260-5f60ab6283ec/element/53aef98b-f13f-47eb-b437-f9e9dad73629/clear
[HTTP] {"id":"53aef98b-f13f-47eb-b437-f9e9dad73629"}
[HTTP] <-- POST /wd/hub/session/3f646c56-0622-4e1a-b260-5f60ab6283ec/element/53aef98b-f13f-47eb-b437-f9e9dad73629/clear 200 172 ms - 89
[HTTP] 
[HTTP] --> POST /wd/hub/session/3f646c56-0622-4e1a-b260-5f60ab6283ec/element/53aef98b-f13f-47eb-b437-f9e9dad73629/value
[HTTP] {"id":"53aef98b-f13f-47eb-b437-f9e9dad73629","value":["08777111777"]}
[HTTP] <-- POST /wd/hub/session/3f646c56-0622-4e1a-b260-5f60ab6283ec/element/53aef98b-f13f-47eb-b437-f9e9dad73629/value 200 1438 ms - 74
[HTTP] 
[HTTP] --> GET /wd/hub/session/3f646c56-0622-4e1a-b260-5f60ab6283ec/window/current/size
[HTTP] {}
[W3C] Driver proxy active, passing request on via HTTP proxy
[JSONWP Proxy] Replacing sessionId 776e33b3-e438-4592-a517-6d18c288cf4d with 3f646c56-0622-4e1a-b260-5f60ab6283ec
[HTTP] <-- GET /wd/hub/session/3f646c56-0622-4e1a-b260-5f60ab6283ec/window/current/size 200 18 ms - 100
[HTTP] 
[HTTP] --> POST /wd/hub/session/3f646c56-0622-4e1a-b260-5f60ab6283ec/elements
[HTTP] {"using":"-android uiautomator","value":"new UiSelector().className(\"android.widget.Button\").text(\"MASUK\").resourceId(\"id.co.fundtastic.client:id/btnLogin\").instance(0)"}
[HTTP] <-- POST /wd/hub/session/3f646c56-0622-4e1a-b260-5f60ab6283ec/elements 200 631 ms - 124
[HTTP] 
[HTTP] --> GET /wd/hub/session/3f646c56-0622-4e1a-b260-5f60ab6283ec
[HTTP] {}
[HTTP] <-- GET /wd/hub/session/3f646c56-0622-4e1a-b260-5f60ab6283ec 200 14 ms - 1185
[HTTP] 
[HTTP] --> GET /wd/hub/session/3f646c56-0622-4e1a-b260-5f60ab6283ec
[HTTP] {}
[HTTP] <-- GET /wd/hub/session/3f646c56-0622-4e1a-b260-5f60ab6283ec 200 11 ms - 1185
[HTTP] 
[HTTP] --> GET /wd/hub/session/3f646c56-0622-4e1a-b260-5f60ab6283ec
[HTTP] {}
[HTTP] <-- GET /wd/hub/session/3f646c56-0622-4e1a-b260-5f60ab6283ec 200 12 ms - 1185
[HTTP] 
[HTTP] --> GET /wd/hub/session/3f646c56-0622-4e1a-b260-5f60ab6283ec
[HTTP] {}
[HTTP] <-- GET /wd/hub/session/3f646c56-0622-4e1a-b260-5f60ab6283ec 200 12 ms - 1185
[HTTP] 
[HTTP] --> GET /wd/hub/session/3f646c56-0622-4e1a-b260-5f60ab6283ec/element/d9646c41-ca49-41c8-9f07-14ff4744ea3c/location
[HTTP] {}
[W3C] Driver proxy active, passing request on via HTTP proxy
[JSONWP Proxy] Replacing sessionId 776e33b3-e438-4592-a517-6d18c288cf4d with 3f646c56-0622-4e1a-b260-5f60ab6283ec
[HTTP] <-- GET /wd/hub/session/3f646c56-0622-4e1a-b260-5f60ab6283ec/element/d9646c41-ca49-41c8-9f07-14ff4744ea3c/location 200 20 ms - 88
[HTTP] 
[HTTP] --> POST /wd/hub/session/3f646c56-0622-4e1a-b260-5f60ab6283ec/touch/perform
[HTTP] {"actions":[{"action":"tap","options":{"element":"d9646c41-ca49-41c8-9f07-14ff4744ea3c","x":1,"y":1}}]}
[UiAutomator2] calling get location: d9646c41-ca49-41c8-9f07-14ff4744ea3c
[HTTP] <-- POST /wd/hub/session/3f646c56-0622-4e1a-b260-5f60ab6283ec/touch/perform 200 1106 ms - 76
[HTTP] 
[HTTP] --> GET /wd/hub/session/3f646c56-0622-4e1a-b260-5f60ab6283ec/window/current/size
[HTTP] {}
[W3C] Driver proxy active, passing request on via HTTP proxy
[JSONWP Proxy] Replacing sessionId 776e33b3-e438-4592-a517-6d18c288cf4d with 3f646c56-0622-4e1a-b260-5f60ab6283ec
[HTTP] <-- GET /wd/hub/session/3f646c56-0622-4e1a-b260-5f60ab6283ec/window/current/size 200 28 ms - 100
[HTTP] 
[HTTP] --> POST /wd/hub/session/3f646c56-0622-4e1a-b260-5f60ab6283ec/elements
[HTTP] {"using":"-android uiautomator","value":"new UiSelector().className(\"android.widget.TextView\").text(\"Verifikasi Nomor HP\").instance(0)"}
[HTTP] <-- POST /wd/hub/session/3f646c56-0622-4e1a-b260-5f60ab6283ec/elements 200 29 ms - 124
[HTTP] 
[HTTP] --> GET /wd/hub/session/3f646c56-0622-4e1a-b260-5f60ab6283ec
[HTTP] {}
[HTTP] <-- GET /wd/hub/session/3f646c56-0622-4e1a-b260-5f60ab6283ec 200 14 ms - 1185
[HTTP] 
[HTTP] --> GET /wd/hub/session/3f646c56-0622-4e1a-b260-5f60ab6283ec
[HTTP] {}
[HTTP] <-- GET /wd/hub/session/3f646c56-0622-4e1a-b260-5f60ab6283ec 200 14 ms - 1185
[HTTP] 
[HTTP] --> GET /wd/hub/session/3f646c56-0622-4e1a-b260-5f60ab6283ec
[HTTP] {}
[HTTP] <-- GET /wd/hub/session/3f646c56-0622-4e1a-b260-5f60ab6283ec 200 15 ms - 1185
[HTTP] 
[HTTP] --> GET /wd/hub/session/3f646c56-0622-4e1a-b260-5f60ab6283ec
[HTTP] {}
[HTTP] <-- GET /wd/hub/session/3f646c56-0622-4e1a-b260-5f60ab6283ec 200 19 ms - 1185
[HTTP] 
[HTTP] --> GET /wd/hub/session/3f646c56-0622-4e1a-b260-5f60ab6283ec/element/3f0a7234-eef8-4a26-ab8a-afb3c038fb4e/location
[HTTP] {}
[W3C] Driver proxy active, passing request on via HTTP proxy
[JSONWP Proxy] Replacing sessionId 776e33b3-e438-4592-a517-6d18c288cf4d with 3f646c56-0622-4e1a-b260-5f60ab6283ec
[HTTP] <-- GET /wd/hub/session/3f646c56-0622-4e1a-b260-5f60ab6283ec/element/3f0a7234-eef8-4a26-ab8a-afb3c038fb4e/location 200 27 ms - 89
[HTTP] 
[HTTP] --> GET /wd/hub/session/3f646c56-0622-4e1a-b260-5f60ab6283ec/element/3f0a7234-eef8-4a26-ab8a-afb3c038fb4e/text
[HTTP] {}
[W3C] Driver proxy active, passing request on via HTTP proxy
[JSONWP Proxy] Replacing sessionId 776e33b3-e438-4592-a517-6d18c288cf4d with 3f646c56-0622-4e1a-b260-5f60ab6283ec
[HTTP] <-- GET /wd/hub/session/3f646c56-0622-4e1a-b260-5f60ab6283ec/element/3f0a7234-eef8-4a26-ab8a-afb3c038fb4e/text 200 28 ms - 93
[HTTP] 
[HTTP] --> GET /wd/hub/session/3f646c56-0622-4e1a-b260-5f60ab6283ec/window/current/size
[HTTP] {}
[W3C] Driver proxy active, passing request on via HTTP proxy
[JSONWP Proxy] Replacing sessionId 776e33b3-e438-4592-a517-6d18c288cf4d with 3f646c56-0622-4e1a-b260-5f60ab6283ec
[HTTP] <-- GET /wd/hub/session/3f646c56-0622-4e1a-b260-5f60ab6283ec/window/current/size 200 14 ms - 100
[HTTP] 
[HTTP] --> POST /wd/hub/session/3f646c56-0622-4e1a-b260-5f60ab6283ec/elements
[HTTP] {"using":"-android uiautomator","value":"new UiSelector().className(\"android.widget.EditText\").resourceId(\"id.co.fundtastic.client:id/et_otp\").instance(0)"}
[HTTP] <-- POST /wd/hub/session/3f646c56-0622-4e1a-b260-5f60ab6283ec/elements 200 46 ms - 124
[HTTP] 
[HTTP] --> GET /wd/hub/session/3f646c56-0622-4e1a-b260-5f60ab6283ec
[HTTP] {}
[HTTP] <-- GET /wd/hub/session/3f646c56-0622-4e1a-b260-5f60ab6283ec 200 24 ms - 1185
[HTTP] 
[HTTP] --> GET /wd/hub/session/3f646c56-0622-4e1a-b260-5f60ab6283ec
[HTTP] {}
[HTTP] <-- GET /wd/hub/session/3f646c56-0622-4e1a-b260-5f60ab6283ec 200 17 ms - 1185
[HTTP] 
[HTTP] --> GET /wd/hub/session/3f646c56-0622-4e1a-b260-5f60ab6283ec
[HTTP] {}
[HTTP] <-- GET /wd/hub/session/3f646c56-0622-4e1a-b260-5f60ab6283ec 200 16 ms - 1185
[HTTP] 
[HTTP] --> GET /wd/hub/session/3f646c56-0622-4e1a-b260-5f60ab6283ec
[HTTP] {}
[HTTP] <-- GET /wd/hub/session/3f646c56-0622-4e1a-b260-5f60ab6283ec 200 14 ms - 1185
[HTTP] 
[HTTP] --> GET /wd/hub/session/3f646c56-0622-4e1a-b260-5f60ab6283ec/element/942276bc-b7ae-4904-8a21-edf3e3ab6a9f/location
[HTTP] {}
[W3C] Driver proxy active, passing request on via HTTP proxy
[JSONWP Proxy] Replacing sessionId 776e33b3-e438-4592-a517-6d18c288cf4d with 3f646c56-0622-4e1a-b260-5f60ab6283ec
[HTTP] <-- GET /wd/hub/session/3f646c56-0622-4e1a-b260-5f60ab6283ec/element/942276bc-b7ae-4904-8a21-edf3e3ab6a9f/location 200 143 ms - 89
[HTTP] 
[HTTP] --> POST /wd/hub/session/3f646c56-0622-4e1a-b260-5f60ab6283ec/touch/perform
[HTTP] {"actions":[{"action":"tap","options":{"element":"942276bc-b7ae-4904-8a21-edf3e3ab6a9f","x":1,"y":1}}]}
[UiAutomator2] calling get location: 942276bc-b7ae-4904-8a21-edf3e3ab6a9f
[HTTP] <-- POST /wd/hub/session/3f646c56-0622-4e1a-b260-5f60ab6283ec/touch/perform 200 1439 ms - 76
[HTTP] 
[HTTP] --> GET /wd/hub/session/3f646c56-0622-4e1a-b260-5f60ab6283ec/window/current/size
[HTTP] {}
[W3C] Driver proxy active, passing request on via HTTP proxy
[JSONWP Proxy] Replacing sessionId 776e33b3-e438-4592-a517-6d18c288cf4d with 3f646c56-0622-4e1a-b260-5f60ab6283ec
[HTTP] <-- GET /wd/hub/session/3f646c56-0622-4e1a-b260-5f60ab6283ec/window/current/size 200 16 ms - 100
[HTTP] 
[HTTP] --> POST /wd/hub/session/3f646c56-0622-4e1a-b260-5f60ab6283ec/elements
[HTTP] {"using":"-android uiautomator","value":"new UiSelector().className(\"android.widget.EditText\").resourceId(\"id.co.fundtastic.client:id/et_otp\").instance(0)"}
[HTTP] <-- POST /wd/hub/session/3f646c56-0622-4e1a-b260-5f60ab6283ec/elements 200 43 ms - 124
[HTTP] 
[HTTP] --> GET /wd/hub/session/3f646c56-0622-4e1a-b260-5f60ab6283ec
[HTTP] {}
[HTTP] <-- GET /wd/hub/session/3f646c56-0622-4e1a-b260-5f60ab6283ec 200 12 ms - 1185
[HTTP] 
[HTTP] --> GET /wd/hub/session/3f646c56-0622-4e1a-b260-5f60ab6283ec
[HTTP] {}
[HTTP] <-- GET /wd/hub/session/3f646c56-0622-4e1a-b260-5f60ab6283ec 200 12 ms - 1185
[HTTP] 
[HTTP] --> GET /wd/hub/session/3f646c56-0622-4e1a-b260-5f60ab6283ec
[HTTP] {}
[HTTP] <-- GET /wd/hub/session/3f646c56-0622-4e1a-b260-5f60ab6283ec 200 16 ms - 1185
[HTTP] 
[HTTP] --> GET /wd/hub/session/3f646c56-0622-4e1a-b260-5f60ab6283ec
[HTTP] {}
[HTTP] <-- GET /wd/hub/session/3f646c56-0622-4e1a-b260-5f60ab6283ec 200 18 ms - 1185
[HTTP] 
[HTTP] --> GET /wd/hub/session/3f646c56-0622-4e1a-b260-5f60ab6283ec/element/3b2a1553-2b25-4f7d-9807-2cc609ef3d14/location
[HTTP] {}
[W3C] Driver proxy active, passing request on via HTTP proxy
[JSONWP Proxy] Replacing sessionId 776e33b3-e438-4592-a517-6d18c288cf4d with 3f646c56-0622-4e1a-b260-5f60ab6283ec
[HTTP] <-- GET /wd/hub/session/3f646c56-0622-4e1a-b260-5f60ab6283ec/element/3b2a1553-2b25-4f7d-9807-2cc609ef3d14/location 200 23 ms - 89
[HTTP] 
[HTTP] --> POST /wd/hub/session/3f646c56-0622-4e1a-b260-5f60ab6283ec/element/3b2a1553-2b25-4f7d-9807-2cc609ef3d14/clear
[HTTP] {"id":"3b2a1553-2b25-4f7d-9807-2cc609ef3d14"}
[HTTP] <-- POST /wd/hub/session/3f646c56-0622-4e1a-b260-5f60ab6283ec/element/3b2a1553-2b25-4f7d-9807-2cc609ef3d14/clear 200 49 ms - 89
[HTTP] 
[HTTP] --> POST /wd/hub/session/3f646c56-0622-4e1a-b260-5f60ab6283ec/element/3b2a1553-2b25-4f7d-9807-2cc609ef3d14/value
[HTTP] {"id":"3b2a1553-2b25-4f7d-9807-2cc609ef3d14","value":["8888"]}
[HTTP] <-- POST /wd/hub/session/3f646c56-0622-4e1a-b260-5f60ab6283ec/element/3b2a1553-2b25-4f7d-9807-2cc609ef3d14/value 200 818 ms - 74
[HTTP] 
[HTTP] --> GET /wd/hub/session/3f646c56-0622-4e1a-b260-5f60ab6283ec/window/current/size
[HTTP] {}
[W3C] Driver proxy active, passing request on via HTTP proxy
[JSONWP Proxy] Replacing sessionId 776e33b3-e438-4592-a517-6d18c288cf4d with 3f646c56-0622-4e1a-b260-5f60ab6283ec
[HTTP] <-- GET /wd/hub/session/3f646c56-0622-4e1a-b260-5f60ab6283ec/window/current/size 200 16 ms - 100
[HTTP] 
[HTTP] --> POST /wd/hub/session/3f646c56-0622-4e1a-b260-5f60ab6283ec/elements
[HTTP] {"using":"-android uiautomator","value":"new UiSelector().className(\"android.widget.Button\").text(\"VERIFIKASI SEKARANG\").resourceId(\"id.co.fundtastic.client:id/btnVerified\").instance(0)"}
[HTTP] <-- POST /wd/hub/session/3f646c56-0622-4e1a-b260-5f60ab6283ec/elements 200 34 ms - 124
[HTTP] 
[HTTP] --> GET /wd/hub/session/3f646c56-0622-4e1a-b260-5f60ab6283ec
[HTTP] {}
[HTTP] <-- GET /wd/hub/session/3f646c56-0622-4e1a-b260-5f60ab6283ec 200 13 ms - 1185
[HTTP] 
[HTTP] --> GET /wd/hub/session/3f646c56-0622-4e1a-b260-5f60ab6283ec
[HTTP] {}
[HTTP] <-- GET /wd/hub/session/3f646c56-0622-4e1a-b260-5f60ab6283ec 200 12 ms - 1185
[HTTP] 
[HTTP] --> GET /wd/hub/session/3f646c56-0622-4e1a-b260-5f60ab6283ec
[HTTP] {}
[HTTP] <-- GET /wd/hub/session/3f646c56-0622-4e1a-b260-5f60ab6283ec 200 17 ms - 1185
[HTTP] 
[HTTP] --> GET /wd/hub/session/3f646c56-0622-4e1a-b260-5f60ab6283ec
[HTTP] {}
[HTTP] <-- GET /wd/hub/session/3f646c56-0622-4e1a-b260-5f60ab6283ec 200 15 ms - 1185
[HTTP] 
[HTTP] --> GET /wd/hub/session/3f646c56-0622-4e1a-b260-5f60ab6283ec/element/c5870938-aa33-4621-9200-f990037311bf/location
[HTTP] {}
[W3C] Driver proxy active, passing request on via HTTP proxy
[JSONWP Proxy] Replacing sessionId 776e33b3-e438-4592-a517-6d18c288cf4d with 3f646c56-0622-4e1a-b260-5f60ab6283ec
[HTTP] <-- GET /wd/hub/session/3f646c56-0622-4e1a-b260-5f60ab6283ec/element/c5870938-aa33-4621-9200-f990037311bf/location 200 85 ms - 88
[HTTP] 
[HTTP] --> POST /wd/hub/session/3f646c56-0622-4e1a-b260-5f60ab6283ec/touch/perform
[HTTP] {"actions":[{"action":"tap","options":{"element":"c5870938-aa33-4621-9200-f990037311bf","x":1,"y":1}}]}
[UiAutomator2] calling get location: c5870938-aa33-4621-9200-f990037311bf
[HTTP] <-- POST /wd/hub/session/3f646c56-0622-4e1a-b260-5f60ab6283ec/touch/perform 200 1688 ms - 76
[HTTP] 
[HTTP] --> GET /wd/hub/session/3f646c56-0622-4e1a-b260-5f60ab6283ec/window/current/size
[HTTP] {}
[W3C] Driver proxy active, passing request on via HTTP proxy
[JSONWP Proxy] Replacing sessionId 776e33b3-e438-4592-a517-6d18c288cf4d with 3f646c56-0622-4e1a-b260-5f60ab6283ec
[HTTP] <-- GET /wd/hub/session/3f646c56-0622-4e1a-b260-5f60ab6283ec/window/current/size 200 18 ms - 100
[HTTP] 
[HTTP] --> POST /wd/hub/session/3f646c56-0622-4e1a-b260-5f60ab6283ec/elements
[HTTP] {"using":"-android uiautomator","value":"new UiSelector().className(\"android.widget.FrameLayout\").resourceId(\"id.co.fundtastic.client:id/navigation_profile\").instance(14)"}
[HTTP] <-- POST /wd/hub/session/3f646c56-0622-4e1a-b260-5f60ab6283ec/elements 200 408 ms - 124
[HTTP] 
[HTTP] --> GET /wd/hub/session/3f646c56-0622-4e1a-b260-5f60ab6283ec
[HTTP] {}
[HTTP] <-- GET /wd/hub/session/3f646c56-0622-4e1a-b260-5f60ab6283ec 200 12 ms - 1185
[HTTP] 
[HTTP] --> GET /wd/hub/session/3f646c56-0622-4e1a-b260-5f60ab6283ec
[HTTP] {}
[HTTP] <-- GET /wd/hub/session/3f646c56-0622-4e1a-b260-5f60ab6283ec 200 14 ms - 1185
[HTTP] 
[HTTP] --> GET /wd/hub/session/3f646c56-0622-4e1a-b260-5f60ab6283ec
[HTTP] {}
[HTTP] <-- GET /wd/hub/session/3f646c56-0622-4e1a-b260-5f60ab6283ec 200 14 ms - 1185
[HTTP] 
[HTTP] --> GET /wd/hub/session/3f646c56-0622-4e1a-b260-5f60ab6283ec
[HTTP] {}
[HTTP] <-- GET /wd/hub/session/3f646c56-0622-4e1a-b260-5f60ab6283ec 200 18 ms - 1185
[HTTP] 
[HTTP] --> GET /wd/hub/session/3f646c56-0622-4e1a-b260-5f60ab6283ec/element/a22061ae-8a86-4dc4-a08c-76f9943c4ed8/location
[HTTP] {}
[W3C] Driver proxy active, passing request on via HTTP proxy
[JSONWP Proxy] Replacing sessionId 776e33b3-e438-4592-a517-6d18c288cf4d with 3f646c56-0622-4e1a-b260-5f60ab6283ec
[HTTP] <-- GET /wd/hub/session/3f646c56-0622-4e1a-b260-5f60ab6283ec/element/a22061ae-8a86-4dc4-a08c-76f9943c4ed8/location 200 23 ms - 90
[HTTP] 
[HTTP] --> POST /wd/hub/session/3f646c56-0622-4e1a-b260-5f60ab6283ec/touch/perform
[HTTP] {"actions":[{"action":"tap","options":{"element":"a22061ae-8a86-4dc4-a08c-76f9943c4ed8","x":1,"y":1}}]}
[UiAutomator2] calling get location: a22061ae-8a86-4dc4-a08c-76f9943c4ed8
[HTTP] <-- POST /wd/hub/session/3f646c56-0622-4e1a-b260-5f60ab6283ec/touch/perform 200 1042 ms - 76
[HTTP] 
[HTTP] --> GET /wd/hub/session/3f646c56-0622-4e1a-b260-5f60ab6283ec/window/current/size
[HTTP] {}
[W3C] Driver proxy active, passing request on via HTTP proxy
[JSONWP Proxy] Replacing sessionId 776e33b3-e438-4592-a517-6d18c288cf4d with 3f646c56-0622-4e1a-b260-5f60ab6283ec
[HTTP] <-- GET /wd/hub/session/3f646c56-0622-4e1a-b260-5f60ab6283ec/window/current/size 200 14 ms - 100
[HTTP] 
[HTTP] --> POST /wd/hub/session/3f646c56-0622-4e1a-b260-5f60ab6283ec/elements
[HTTP] {"using":"-android uiautomator","value":"new UiSelector().className(\"android.widget.LinearLayout\").resourceId(\"id.co.fundtastic.client:id/ll_cs\").instance(8)"}
[HTTP] <-- POST /wd/hub/session/3f646c56-0622-4e1a-b260-5f60ab6283ec/elements 200 45 ms - 124
[HTTP] 
[HTTP] --> GET /wd/hub/session/3f646c56-0622-4e1a-b260-5f60ab6283ec
[HTTP] {}
[HTTP] <-- GET /wd/hub/session/3f646c56-0622-4e1a-b260-5f60ab6283ec 200 21 ms - 1185
[HTTP] 
[HTTP] --> GET /wd/hub/session/3f646c56-0622-4e1a-b260-5f60ab6283ec
[HTTP] {}
[HTTP] <-- GET /wd/hub/session/3f646c56-0622-4e1a-b260-5f60ab6283ec 200 14 ms - 1185
[HTTP] 
[HTTP] --> GET /wd/hub/session/3f646c56-0622-4e1a-b260-5f60ab6283ec
[HTTP] {}
[HTTP] <-- GET /wd/hub/session/3f646c56-0622-4e1a-b260-5f60ab6283ec 200 17 ms - 1185
[HTTP] 
[HTTP] --> GET /wd/hub/session/3f646c56-0622-4e1a-b260-5f60ab6283ec
[HTTP] {}
[HTTP] <-- GET /wd/hub/session/3f646c56-0622-4e1a-b260-5f60ab6283ec 200 13 ms - 1185
[HTTP] 
[HTTP] --> GET /wd/hub/session/3f646c56-0622-4e1a-b260-5f60ab6283ec/element/95db4c3d-8c54-414e-89d2-bb72d8e5bd33/location
[HTTP] {}
[W3C] Driver proxy active, passing request on via HTTP proxy
[JSONWP Proxy] Replacing sessionId 776e33b3-e438-4592-a517-6d18c288cf4d with 3f646c56-0622-4e1a-b260-5f60ab6283ec
[HTTP] <-- GET /wd/hub/session/3f646c56-0622-4e1a-b260-5f60ab6283ec/element/95db4c3d-8c54-414e-89d2-bb72d8e5bd33/location 200 18 ms - 87
[HTTP] 
[HTTP] --> POST /wd/hub/session/3f646c56-0622-4e1a-b260-5f60ab6283ec/touch/perform
[HTTP] {"actions":[{"action":"tap","options":{"element":"95db4c3d-8c54-414e-89d2-bb72d8e5bd33","x":1,"y":1}}]}
[UiAutomator2] calling get location: 95db4c3d-8c54-414e-89d2-bb72d8e5bd33
[HTTP] <-- POST /wd/hub/session/3f646c56-0622-4e1a-b260-5f60ab6283ec/touch/perform 200 1102 ms - 76
[HTTP] 
[HTTP] --> GET /wd/hub/session/3f646c56-0622-4e1a-b260-5f60ab6283ec/window/current/size
[HTTP] {}
[W3C] Driver proxy active, passing request on via HTTP proxy
[JSONWP Proxy] Replacing sessionId 776e33b3-e438-4592-a517-6d18c288cf4d with 3f646c56-0622-4e1a-b260-5f60ab6283ec
[HTTP] <-- GET /wd/hub/session/3f646c56-0622-4e1a-b260-5f60ab6283ec/window/current/size 200 13 ms - 100
[HTTP] 
[HTTP] --> POST /wd/hub/session/3f646c56-0622-4e1a-b260-5f60ab6283ec/elements
[HTTP] {"using":"-android uiautomator","value":"new UiSelector().className(\"android.widget.EditText\").text(\"Nama Lengkap\").resourceId(\"id.co.fundtastic.client:id/et_name\").instance(0)"}
[HTTP] <-- POST /wd/hub/session/3f646c56-0622-4e1a-b260-5f60ab6283ec/elements 200 42 ms - 124
[HTTP] 
[HTTP] --> GET /wd/hub/session/3f646c56-0622-4e1a-b260-5f60ab6283ec
[HTTP] {}
[HTTP] <-- GET /wd/hub/session/3f646c56-0622-4e1a-b260-5f60ab6283ec 200 18 ms - 1185
[HTTP] 
[HTTP] --> GET /wd/hub/session/3f646c56-0622-4e1a-b260-5f60ab6283ec
[HTTP] {}
[HTTP] <-- GET /wd/hub/session/3f646c56-0622-4e1a-b260-5f60ab6283ec 200 13 ms - 1185
[HTTP] 
[HTTP] --> GET /wd/hub/session/3f646c56-0622-4e1a-b260-5f60ab6283ec
[HTTP] {}
[HTTP] <-- GET /wd/hub/session/3f646c56-0622-4e1a-b260-5f60ab6283ec 200 13 ms - 1185
[HTTP] 
[HTTP] --> GET /wd/hub/session/3f646c56-0622-4e1a-b260-5f60ab6283ec
[HTTP] {}
[HTTP] <-- GET /wd/hub/session/3f646c56-0622-4e1a-b260-5f60ab6283ec 200 12 ms - 1185
[HTTP] 
[HTTP] --> GET /wd/hub/session/3f646c56-0622-4e1a-b260-5f60ab6283ec/element/a421b7e0-5185-4e22-8a8b-7bfd7e4e775d/location
[HTTP] {}
[W3C] Driver proxy active, passing request on via HTTP proxy
[JSONWP Proxy] Replacing sessionId 776e33b3-e438-4592-a517-6d18c288cf4d with 3f646c56-0622-4e1a-b260-5f60ab6283ec
[HTTP] <-- GET /wd/hub/session/3f646c56-0622-4e1a-b260-5f60ab6283ec/element/a421b7e0-5185-4e22-8a8b-7bfd7e4e775d/location 200 20 ms - 88
[HTTP] 
[HTTP] --> POST /wd/hub/session/3f646c56-0622-4e1a-b260-5f60ab6283ec/element/a421b7e0-5185-4e22-8a8b-7bfd7e4e775d/clear
[HTTP] {"id":"a421b7e0-5185-4e22-8a8b-7bfd7e4e775d"}
[HTTP] <-- POST /wd/hub/session/3f646c56-0622-4e1a-b260-5f60ab6283ec/element/a421b7e0-5185-4e22-8a8b-7bfd7e4e775d/clear 200 58 ms - 89
[HTTP] 
[HTTP] --> POST /wd/hub/session/3f646c56-0622-4e1a-b260-5f60ab6283ec/element/a421b7e0-5185-4e22-8a8b-7bfd7e4e775d/value
[HTTP] {"id":"a421b7e0-5185-4e22-8a8b-7bfd7e4e775d","value":["Aji Kurnia Putra"]}
[HTTP] <-- POST /wd/hub/session/3f646c56-0622-4e1a-b260-5f60ab6283ec/element/a421b7e0-5185-4e22-8a8b-7bfd7e4e775d/value 200 1440 ms - 74
[HTTP] 
[HTTP] --> GET /wd/hub/session/3f646c56-0622-4e1a-b260-5f60ab6283ec/window/current/size
[HTTP] {}
[W3C] Driver proxy active, passing request on via HTTP proxy
[JSONWP Proxy] Replacing sessionId 776e33b3-e438-4592-a517-6d18c288cf4d with 3f646c56-0622-4e1a-b260-5f60ab6283ec
[HTTP] <-- GET /wd/hub/session/3f646c56-0622-4e1a-b260-5f60ab6283ec/window/current/size 200 11 ms - 100
[HTTP] 
[HTTP] --> POST /wd/hub/session/3f646c56-0622-4e1a-b260-5f60ab6283ec/elements
[HTTP] {"using":"-android uiautomator","value":"new UiSelector().className(\"android.widget.EditText\").text(\"Email\").resourceId(\"id.co.fundtastic.client:id/et_email\").instance(1)"}
[HTTP] <-- POST /wd/hub/session/3f646c56-0622-4e1a-b260-5f60ab6283ec/elements 200 45 ms - 124
[HTTP] 
[HTTP] --> GET /wd/hub/session/3f646c56-0622-4e1a-b260-5f60ab6283ec
[HTTP] {}
[HTTP] <-- GET /wd/hub/session/3f646c56-0622-4e1a-b260-5f60ab6283ec 200 14 ms - 1185
[HTTP] 
[HTTP] --> GET /wd/hub/session/3f646c56-0622-4e1a-b260-5f60ab6283ec
[HTTP] {}
[HTTP] <-- GET /wd/hub/session/3f646c56-0622-4e1a-b260-5f60ab6283ec 200 15 ms - 1185
[HTTP] 
[HTTP] --> GET /wd/hub/session/3f646c56-0622-4e1a-b260-5f60ab6283ec
[HTTP] {}
[HTTP] <-- GET /wd/hub/session/3f646c56-0622-4e1a-b260-5f60ab6283ec 200 13 ms - 1185
[HTTP] 
[HTTP] --> GET /wd/hub/session/3f646c56-0622-4e1a-b260-5f60ab6283ec
[HTTP] {}
[HTTP] <-- GET /wd/hub/session/3f646c56-0622-4e1a-b260-5f60ab6283ec 200 16 ms - 1185
[HTTP] 
[HTTP] --> GET /wd/hub/session/3f646c56-0622-4e1a-b260-5f60ab6283ec/element/77e831d4-d326-411a-8908-41e49eab0662/location
[HTTP] {}
[W3C] Driver proxy active, passing request on via HTTP proxy
[JSONWP Proxy] Replacing sessionId 776e33b3-e438-4592-a517-6d18c288cf4d with 3f646c56-0622-4e1a-b260-5f60ab6283ec
[HTTP] <-- GET /wd/hub/session/3f646c56-0622-4e1a-b260-5f60ab6283ec/element/77e831d4-d326-411a-8908-41e49eab0662/location 200 18 ms - 88
[HTTP] 
[HTTP] --> POST /wd/hub/session/3f646c56-0622-4e1a-b260-5f60ab6283ec/element/77e831d4-d326-411a-8908-41e49eab0662/clear
[HTTP] {"id":"77e831d4-d326-411a-8908-41e49eab0662"}
[HTTP] <-- POST /wd/hub/session/3f646c56-0622-4e1a-b260-5f60ab6283ec/element/77e831d4-d326-411a-8908-41e49eab0662/clear 200 26 ms - 89
[HTTP] 
[HTTP] --> POST /wd/hub/session/3f646c56-0622-4e1a-b260-5f60ab6283ec/element/77e831d4-d326-411a-8908-41e49eab0662/value
[HTTP] {"id":"77e831d4-d326-411a-8908-41e49eab0662","value":["ajikurniaputra84@gmail.com"]}
[HTTP] <-- POST /wd/hub/session/3f646c56-0622-4e1a-b260-5f60ab6283ec/element/77e831d4-d326-411a-8908-41e49eab0662/value 200 1093 ms - 74
[HTTP] 
[HTTP] --> GET /wd/hub/session/3f646c56-0622-4e1a-b260-5f60ab6283ec/window/current/size
[HTTP] {}
[W3C] Driver proxy active, passing request on via HTTP proxy
[JSONWP Proxy] Replacing sessionId 776e33b3-e438-4592-a517-6d18c288cf4d with 3f646c56-0622-4e1a-b260-5f60ab6283ec
[HTTP] <-- GET /wd/hub/session/3f646c56-0622-4e1a-b260-5f60ab6283ec/window/current/size 200 32 ms - 100
[HTTP] 
[HTTP] --> POST /wd/hub/session/3f646c56-0622-4e1a-b260-5f60ab6283ec/elements
[HTTP] {"using":"-android uiautomator","value":"new UiSelector().className(\"android.widget.EditText\").text(\"Masukan Pesan Anda\").resourceId(\"id.co.fundtastic.client:id/et_message\").instance(2)"}
[HTTP] <-- POST /wd/hub/session/3f646c56-0622-4e1a-b260-5f60ab6283ec/elements 200 37 ms - 124
[HTTP] 
[HTTP] --> GET /wd/hub/session/3f646c56-0622-4e1a-b260-5f60ab6283ec
[HTTP] {}
[HTTP] <-- GET /wd/hub/session/3f646c56-0622-4e1a-b260-5f60ab6283ec 200 12 ms - 1185
[HTTP] 
[HTTP] --> GET /wd/hub/session/3f646c56-0622-4e1a-b260-5f60ab6283ec
[HTTP] {}
[HTTP] <-- GET /wd/hub/session/3f646c56-0622-4e1a-b260-5f60ab6283ec 200 13 ms - 1185
[HTTP] 
[HTTP] --> GET /wd/hub/session/3f646c56-0622-4e1a-b260-5f60ab6283ec
[HTTP] {}
[HTTP] <-- GET /wd/hub/session/3f646c56-0622-4e1a-b260-5f60ab6283ec 200 12 ms - 1185
[HTTP] 
[HTTP] --> GET /wd/hub/session/3f646c56-0622-4e1a-b260-5f60ab6283ec
[HTTP] {}
[HTTP] <-- GET /wd/hub/session/3f646c56-0622-4e1a-b260-5f60ab6283ec 200 21 ms - 1185
[HTTP] 
[HTTP] --> GET /wd/hub/session/3f646c56-0622-4e1a-b260-5f60ab6283ec/element/c61c7b6a-044d-451b-ac73-1d379caefbe8/location
[HTTP] {}
[W3C] Driver proxy active, passing request on via HTTP proxy
[JSONWP Proxy] Replacing sessionId 776e33b3-e438-4592-a517-6d18c288cf4d with 3f646c56-0622-4e1a-b260-5f60ab6283ec
[HTTP] <-- GET /wd/hub/session/3f646c56-0622-4e1a-b260-5f60ab6283ec/element/c61c7b6a-044d-451b-ac73-1d379caefbe8/location 200 19 ms - 88
[HTTP] 
[HTTP] --> POST /wd/hub/session/3f646c56-0622-4e1a-b260-5f60ab6283ec/element/c61c7b6a-044d-451b-ac73-1d379caefbe8/clear
[HTTP] {"id":"c61c7b6a-044d-451b-ac73-1d379caefbe8"}
[HTTP] <-- POST /wd/hub/session/3f646c56-0622-4e1a-b260-5f60ab6283ec/element/c61c7b6a-044d-451b-ac73-1d379caefbe8/clear 200 73 ms - 89
[HTTP] 
[HTTP] --> POST /wd/hub/session/3f646c56-0622-4e1a-b260-5f60ab6283ec/element/c61c7b6a-044d-451b-ac73-1d379caefbe8/value
[HTTP] {"id":"c61c7b6a-044d-451b-ac73-1d379caefbe8","value":["tes "]}
[HTTP] <-- POST /wd/hub/session/3f646c56-0622-4e1a-b260-5f60ab6283ec/element/c61c7b6a-044d-451b-ac73-1d379caefbe8/value 200 1200 ms - 74
[HTTP] 
[HTTP] --> GET /wd/hub/session/3f646c56-0622-4e1a-b260-5f60ab6283ec/window/current/size
[HTTP] {}
[W3C] Driver proxy active, passing request on via HTTP proxy
[JSONWP Proxy] Replacing sessionId 776e33b3-e438-4592-a517-6d18c288cf4d with 3f646c56-0622-4e1a-b260-5f60ab6283ec
[HTTP] <-- GET /wd/hub/session/3f646c56-0622-4e1a-b260-5f60ab6283ec/window/current/size 200 19 ms - 100
[HTTP] 
[HTTP] --> POST /wd/hub/session/3f646c56-0622-4e1a-b260-5f60ab6283ec/elements
[HTTP] {"using":"-android uiautomator","value":"new UiSelector().className(\"android.widget.Button\").text(\"KIRIM\").resourceId(\"id.co.fundtastic.client:id/btnSend\").instance(0)"}
[HTTP] <-- POST /wd/hub/session/3f646c56-0622-4e1a-b260-5f60ab6283ec/elements 200 47 ms - 124
[HTTP] 
[HTTP] --> GET /wd/hub/session/3f646c56-0622-4e1a-b260-5f60ab6283ec
[HTTP] {}
[HTTP] <-- GET /wd/hub/session/3f646c56-0622-4e1a-b260-5f60ab6283ec 200 13 ms - 1185
[HTTP] 
[HTTP] --> GET /wd/hub/session/3f646c56-0622-4e1a-b260-5f60ab6283ec
[HTTP] {}
[HTTP] <-- GET /wd/hub/session/3f646c56-0622-4e1a-b260-5f60ab6283ec 200 13 ms - 1185
[HTTP] 
[HTTP] --> GET /wd/hub/session/3f646c56-0622-4e1a-b260-5f60ab6283ec
[HTTP] {}
[HTTP] <-- GET /wd/hub/session/3f646c56-0622-4e1a-b260-5f60ab6283ec 200 12 ms - 1185
[HTTP] 
[HTTP] --> GET /wd/hub/session/3f646c56-0622-4e1a-b260-5f60ab6283ec
[HTTP] {}
[HTTP] <-- GET /wd/hub/session/3f646c56-0622-4e1a-b260-5f60ab6283ec 200 15 ms - 1185
[HTTP] 
[HTTP] --> GET /wd/hub/session/3f646c56-0622-4e1a-b260-5f60ab6283ec/element/c98e452c-8690-44a8-af78-8a8785be8ddf/location
[HTTP] {}
[W3C] Driver proxy active, passing request on via HTTP proxy
[JSONWP Proxy] Replacing sessionId 776e33b3-e438-4592-a517-6d18c288cf4d with 3f646c56-0622-4e1a-b260-5f60ab6283ec
[HTTP] <-- GET /wd/hub/session/3f646c56-0622-4e1a-b260-5f60ab6283ec/element/c98e452c-8690-44a8-af78-8a8785be8ddf/location 200 27 ms - 88
[HTTP] 
[HTTP] --> POST /wd/hub/session/3f646c56-0622-4e1a-b260-5f60ab6283ec/touch/perform
[HTTP] {"actions":[{"action":"tap","options":{"element":"c98e452c-8690-44a8-af78-8a8785be8ddf","x":1,"y":1}}]}
[UiAutomator2] calling get location: c98e452c-8690-44a8-af78-8a8785be8ddf
[HTTP] <-- POST /wd/hub/session/3f646c56-0622-4e1a-b260-5f60ab6283ec/touch/perform 200 1804 ms - 76
[HTTP] 
[HTTP] --> DELETE /wd/hub/session/3f646c56-0622-4e1a-b260-5f60ab6283ec
[HTTP] {}
[Appium] Removing session 3f646c56-0622-4e1a-b260-5f60ab6283ec from our master session list
[ADB] id.co.fundtastic.client was successfully uninstalled
[HTTP] <-- DELETE /wd/hub/session/3f646c56-0622-4e1a-b260-5f60ab6283ec 200 1375 ms - 76
[HTTP] 
