[Appium] Welcome to Appium v1.8.1
[Appium] Non-default server args:
[Appium]   port: 56323
[Appium]   loglevel: info
[Appium]   chromeDriverPort: 56324
[Appium]   tmpDir: /var/folders/ts/p6rxgpw53_d96xw60slkng7m0000gn/T//Katalon/Appium/Temp1562648408683
[Appium] Appium REST http interface listener started on 0.0.0.0:56323
[HTTP] --> GET /wd/hub/status
[HTTP] {}
[HTTP] <-- GET /wd/hub/status 200 19 ms - 83
[HTTP] 
[HTTP] --> POST /wd/hub/session
[HTTP] {"desiredCapabilities":{"app":"/Users/ustore/Downloads/Development.apk","autoGrantPermissions":true,"automationName":"uiautomator2","deviceName":"emulator-5554 (Android SDK built for x86 - Android 9)","fullReset":true,"newCommandTimeout":1800,"noReset":false,"platform":"ANDROID","platformName":"Android","udid":"emulator-5554"},"capabilities":{"desiredCapabilities":{"app":"/Users/ustore/Downloads/Development.apk","autoGrantPermissions":true,"automationName":"uiautomator2","deviceName":"emulator-5554 (Android SDK built for x86 - Android 9)","fullReset":true,"newCommandTimeout":1800,"noReset":false,"platform":"ANDROID","platformName":"Android","udid":"emulator-5554"},"firstMatch":[{"platformName":"android"}]}}
[Appium] Could not parse W3C capabilities: 'deviceName' can't be blank. Falling back to JSONWP protocol.
[Appium] The following capabilities were provided in the JSONWP desired capabilities that are missing in W3C capabilities: ["app","autoGrantPermissions","automationName","deviceName","fullReset","newCommandTimeout","noReset","platform","platformName","udid"]. Falling back to JSONWP protocol.
[Appium] Creating new AndroidUiautomator2Driver (v1.12.0) session
[Appium] Capabilities:
[Appium]   app: /Users/ustore/Downloads/Development.apk
[Appium]   autoGrantPermissions: true
[Appium]   automationName: uiautomator2
[Appium]   deviceName: emulator-5554 (Android SDK built for x86 - Android 9)
[Appium]   fullReset: true
[Appium]   newCommandTimeout: 1800
[Appium]   noReset: false
[Appium]   platform: ANDROID
[Appium]   platformName: Android
[Appium]   udid: emulator-5554
[BaseDriver] The following capabilities were provided, but are not recognized by appium: platform.
[BaseDriver] Session created with session id: 4c1ccd9e-dee6-4aea-ad8c-51c3deb15d9f
[BaseDriver] Using local app '/Users/ustore/Downloads/Development.apk'
[AndroidDriver] Java version is: 1.8.0_181
[ADB] Checking whether adb is present
[ADB] Found 1 'build-tools' folders under '/Users/ustore/.katalon/tools/android_sdk' (newest first):
[ADB]     /Users/ustore/.katalon/tools/android_sdk/build-tools/28.0.3
[ADB] Using adb from /Users/ustore/.katalon/tools/android_sdk/platform-tools/adb
[AndroidDriver] Retrieving device list
[AndroidDriver] Using device: emulator-5554
[ADB] Using the alternative activity name detection method because of: Could not find apkanalyzer in /Users/ustore/.katalon/tools/android_sdk/platform-tools/apkanalyzer,/Users/ustore/.katalon/tools/android_sdk/emulator/apkanalyzer,/Users/ustore/.katalon/tools/android_sdk/tools/apkanalyzer,/Users/ustore/.katalon/tools/android_sdk/tools/bin/apkanalyzer,/Users/ustore/.katalon/tools/android_sdk/build-tools/28.0.3/apkanalyzer. Do you have the Android SDK installed at '/Users/ustore/.katalon/tools/android_sdk'?
[ADB] Checking whether aapt is present
[ADB] Using aapt from /Users/ustore/.katalon/tools/android_sdk/build-tools/28.0.3/aapt
[ADB] Extracting package and launch activity from manifest
[ADB] Package name: 'id.co.fundtastic.client'
[ADB] Main activity name: 'id.co.fundtastic.client.splash.presentation.SplashActivity'
[ADB] Getting device platform version
[ADB] Using apksigner from /Users/ustore/.katalon/tools/android_sdk/build-tools/28.0.3/apksigner
[ADB] Cannot read version codes of '/usr/local/lib/node_modules/appium/node_modules/appium-uiautomator2-server/apks/appium-uiautomator2-server-debug-androidTest.apk' and/or 'io.appium.uiautomator2.server.test'
[ADB] Cannot read version names of '/usr/local/lib/node_modules/appium/node_modules/appium-uiautomator2-server/apks/appium-uiautomator2-server-debug-androidTest.apk' and/or 'io.appium.uiautomator2.server.test'. Assuming correct app version is already installed
[AndroidDriver] setDeviceLanguageCountry requires language or country.
[AndroidDriver] Got language: 'null' and country: 'null'
[ADB] Successfully extracted 194 strings from '/Users/ustore/Downloads/Development.apk' resources for '(default)' configuration
[ADB] id.co.fundtastic.client was not uninstalled, because it was not present on the device
[UiAutomator2] Starting uiautomator2 server 1.12.0
[UiAutomator2] Using UIAutomator2 server from '/usr/local/lib/node_modules/appium/node_modules/appium-uiautomator2-server/apks/appium-uiautomator2-server-v1.12.0.apk' and test from '/usr/local/lib/node_modules/appium/node_modules/appium-uiautomator2-server/apks/appium-uiautomator2-server-debug-androidTest.apk'
[UiAutomator2] Running command: 'adb -s emulator-5554 shell am instrument -w io.appium.uiautomator2.server.test/android.support.test.runner.AndroidJUnitRunner'
[UiAutomator2] Waiting up to 20000ms for UiAutomator2 to be online...
[AndroidDriver] Screen already unlocked, doing nothing
[UiAutomator2] UiAutomator2 did not start the activity we were waiting for, 'id.co.fundtastic.client/id.co.fundtastic.client.splash.presentation.SplashActivity'. Starting it ourselves
[Appium] New AndroidUiautomator2Driver session created successfully, session 4c1ccd9e-dee6-4aea-ad8c-51c3deb15d9f added to master session list
[HTTP] <-- POST /wd/hub/session 200 10958 ms - 1167
[HTTP] 
[HTTP] --> GET /wd/hub/status
[HTTP] {}
[HTTP] <-- GET /wd/hub/status 200 21 ms - 55
[HTTP] 
[HTTP] --> POST /wd/hub/session/4c1ccd9e-dee6-4aea-ad8c-51c3deb15d9f/timeouts
[HTTP] {"type":"implicit","ms":30000}
[HTTP] <-- POST /wd/hub/session/4c1ccd9e-dee6-4aea-ad8c-51c3deb15d9f/timeouts 400 33 ms - 4196
[HTTP] 
[HTTP] --> GET /wd/hub/session/4c1ccd9e-dee6-4aea-ad8c-51c3deb15d9f/window/current/size
[HTTP] {}
[W3C] Driver proxy active, passing request on via HTTP proxy
[JSONWP Proxy] Replacing sessionId b93a5def-ec3a-4be1-b7c5-0aa7712d5ea8 with 4c1ccd9e-dee6-4aea-ad8c-51c3deb15d9f
[HTTP] <-- GET /wd/hub/session/4c1ccd9e-dee6-4aea-ad8c-51c3deb15d9f/window/current/size 200 119 ms - 100
[HTTP] 
[HTTP] --> POST /wd/hub/session/4c1ccd9e-dee6-4aea-ad8c-51c3deb15d9f/elements
[HTTP] {"using":"-android uiautomator","value":"new UiSelector().className(\"android.widget.TextView\").text(\"Mulailah berinvestasi untuk meraih mimpimu\").instance(0)"}
[HTTP] <-- POST /wd/hub/session/4c1ccd9e-dee6-4aea-ad8c-51c3deb15d9f/elements 200 122 ms - 74
[HTTP] 
[HTTP] --> POST /wd/hub/session/4c1ccd9e-dee6-4aea-ad8c-51c3deb15d9f/elements
[HTTP] {"using":"-android uiautomator","value":"new UiSelector().className(\"android.widget.TextView\").text(\"Mulailah berinvestasi untuk meraih mimpimu\").instance(0)"}
[HTTP] <-- POST /wd/hub/session/4c1ccd9e-dee6-4aea-ad8c-51c3deb15d9f/elements 200 73 ms - 74
[HTTP] 
[HTTP] --> POST /wd/hub/session/4c1ccd9e-dee6-4aea-ad8c-51c3deb15d9f/elements
[HTTP] {"using":"-android uiautomator","value":"new UiSelector().className(\"android.widget.TextView\").text(\"Mulailah berinvestasi untuk meraih mimpimu\").instance(0)"}
[HTTP] <-- POST /wd/hub/session/4c1ccd9e-dee6-4aea-ad8c-51c3deb15d9f/elements 200 54 ms - 74
[HTTP] 
[HTTP] --> POST /wd/hub/session/4c1ccd9e-dee6-4aea-ad8c-51c3deb15d9f/elements
[HTTP] {"using":"-android uiautomator","value":"new UiSelector().className(\"android.widget.TextView\").text(\"Mulailah berinvestasi untuk meraih mimpimu\").instance(0)"}
[HTTP] <-- POST /wd/hub/session/4c1ccd9e-dee6-4aea-ad8c-51c3deb15d9f/elements 200 44 ms - 74
[HTTP] 
[HTTP] --> POST /wd/hub/session/4c1ccd9e-dee6-4aea-ad8c-51c3deb15d9f/elements
[HTTP] {"using":"-android uiautomator","value":"new UiSelector().className(\"android.widget.TextView\").text(\"Mulailah berinvestasi untuk meraih mimpimu\").instance(0)"}
[HTTP] <-- POST /wd/hub/session/4c1ccd9e-dee6-4aea-ad8c-51c3deb15d9f/elements 200 36 ms - 74
[HTTP] 
[HTTP] --> POST /wd/hub/session/4c1ccd9e-dee6-4aea-ad8c-51c3deb15d9f/elements
[HTTP] {"using":"-android uiautomator","value":"new UiSelector().className(\"android.widget.TextView\").text(\"Mulailah berinvestasi untuk meraih mimpimu\").instance(0)"}
[HTTP] <-- POST /wd/hub/session/4c1ccd9e-dee6-4aea-ad8c-51c3deb15d9f/elements 200 46 ms - 74
[HTTP] 
[HTTP] --> POST /wd/hub/session/4c1ccd9e-dee6-4aea-ad8c-51c3deb15d9f/elements
[HTTP] {"using":"-android uiautomator","value":"new UiSelector().className(\"android.widget.TextView\").text(\"Mulailah berinvestasi untuk meraih mimpimu\").instance(0)"}
[HTTP] <-- POST /wd/hub/session/4c1ccd9e-dee6-4aea-ad8c-51c3deb15d9f/elements 200 37 ms - 74
[HTTP] 
[HTTP] --> POST /wd/hub/session/4c1ccd9e-dee6-4aea-ad8c-51c3deb15d9f/elements
[HTTP] {"using":"-android uiautomator","value":"new UiSelector().className(\"android.widget.TextView\").text(\"Mulailah berinvestasi untuk meraih mimpimu\").instance(0)"}
[HTTP] <-- POST /wd/hub/session/4c1ccd9e-dee6-4aea-ad8c-51c3deb15d9f/elements 200 31 ms - 74
[HTTP] 
[HTTP] --> POST /wd/hub/session/4c1ccd9e-dee6-4aea-ad8c-51c3deb15d9f/elements
[HTTP] {"using":"-android uiautomator","value":"new UiSelector().className(\"android.widget.TextView\").text(\"Mulailah berinvestasi untuk meraih mimpimu\").instance(0)"}
[HTTP] <-- POST /wd/hub/session/4c1ccd9e-dee6-4aea-ad8c-51c3deb15d9f/elements 200 24 ms - 74
[HTTP] 
[HTTP] --> POST /wd/hub/session/4c1ccd9e-dee6-4aea-ad8c-51c3deb15d9f/elements
[HTTP] {"using":"-android uiautomator","value":"new UiSelector().className(\"android.widget.TextView\").text(\"Mulailah berinvestasi untuk meraih mimpimu\").instance(0)"}
[HTTP] <-- POST /wd/hub/session/4c1ccd9e-dee6-4aea-ad8c-51c3deb15d9f/elements 200 23 ms - 74
[HTTP] 
[HTTP] --> POST /wd/hub/session/4c1ccd9e-dee6-4aea-ad8c-51c3deb15d9f/elements
[HTTP] {"using":"-android uiautomator","value":"new UiSelector().className(\"android.widget.TextView\").text(\"Mulailah berinvestasi untuk meraih mimpimu\").instance(0)"}
[HTTP] <-- POST /wd/hub/session/4c1ccd9e-dee6-4aea-ad8c-51c3deb15d9f/elements 200 31 ms - 74
[HTTP] 
[HTTP] --> POST /wd/hub/session/4c1ccd9e-dee6-4aea-ad8c-51c3deb15d9f/elements
[HTTP] {"using":"-android uiautomator","value":"new UiSelector().className(\"android.widget.TextView\").text(\"Mulailah berinvestasi untuk meraih mimpimu\").instance(0)"}
[HTTP] <-- POST /wd/hub/session/4c1ccd9e-dee6-4aea-ad8c-51c3deb15d9f/elements 200 26 ms - 74
[HTTP] 
[HTTP] --> POST /wd/hub/session/4c1ccd9e-dee6-4aea-ad8c-51c3deb15d9f/elements
[HTTP] {"using":"-android uiautomator","value":"new UiSelector().className(\"android.widget.TextView\").text(\"Mulailah berinvestasi untuk meraih mimpimu\").instance(0)"}
[HTTP] <-- POST /wd/hub/session/4c1ccd9e-dee6-4aea-ad8c-51c3deb15d9f/elements 200 31 ms - 74
[HTTP] 
[HTTP] --> POST /wd/hub/session/4c1ccd9e-dee6-4aea-ad8c-51c3deb15d9f/elements
[HTTP] {"using":"-android uiautomator","value":"new UiSelector().className(\"android.widget.TextView\").text(\"Mulailah berinvestasi untuk meraih mimpimu\").instance(0)"}
[HTTP] <-- POST /wd/hub/session/4c1ccd9e-dee6-4aea-ad8c-51c3deb15d9f/elements 200 30 ms - 74
[HTTP] 
[HTTP] --> POST /wd/hub/session/4c1ccd9e-dee6-4aea-ad8c-51c3deb15d9f/elements
[HTTP] {"using":"-android uiautomator","value":"new UiSelector().className(\"android.widget.TextView\").text(\"Mulailah berinvestasi untuk meraih mimpimu\").instance(0)"}
[HTTP] <-- POST /wd/hub/session/4c1ccd9e-dee6-4aea-ad8c-51c3deb15d9f/elements 200 27 ms - 74
[HTTP] 
[HTTP] --> POST /wd/hub/session/4c1ccd9e-dee6-4aea-ad8c-51c3deb15d9f/elements
[HTTP] {"using":"-android uiautomator","value":"new UiSelector().className(\"android.widget.TextView\").text(\"Mulailah berinvestasi untuk meraih mimpimu\").instance(0)"}
[HTTP] <-- POST /wd/hub/session/4c1ccd9e-dee6-4aea-ad8c-51c3deb15d9f/elements 200 20 ms - 74
[HTTP] 
[HTTP] --> POST /wd/hub/session/4c1ccd9e-dee6-4aea-ad8c-51c3deb15d9f/elements
[HTTP] {"using":"-android uiautomator","value":"new UiSelector().className(\"android.widget.TextView\").text(\"Mulailah berinvestasi untuk meraih mimpimu\").instance(0)"}
[HTTP] <-- POST /wd/hub/session/4c1ccd9e-dee6-4aea-ad8c-51c3deb15d9f/elements 200 64 ms - 74
[HTTP] 
[HTTP] --> POST /wd/hub/session/4c1ccd9e-dee6-4aea-ad8c-51c3deb15d9f/elements
[HTTP] {"using":"-android uiautomator","value":"new UiSelector().className(\"android.widget.TextView\").text(\"Mulailah berinvestasi untuk meraih mimpimu\").instance(0)"}
[HTTP] <-- POST /wd/hub/session/4c1ccd9e-dee6-4aea-ad8c-51c3deb15d9f/elements 200 231 ms - 74
[HTTP] 
[HTTP] --> POST /wd/hub/session/4c1ccd9e-dee6-4aea-ad8c-51c3deb15d9f/elements
[HTTP] {"using":"-android uiautomator","value":"new UiSelector().className(\"android.widget.TextView\").text(\"Mulailah berinvestasi untuk meraih mimpimu\").instance(0)"}
[HTTP] <-- POST /wd/hub/session/4c1ccd9e-dee6-4aea-ad8c-51c3deb15d9f/elements 200 817 ms - 74
[HTTP] 
[HTTP] --> POST /wd/hub/session/4c1ccd9e-dee6-4aea-ad8c-51c3deb15d9f/elements
[HTTP] {"using":"-android uiautomator","value":"new UiSelector().className(\"android.widget.TextView\").text(\"Mulailah berinvestasi untuk meraih mimpimu\").instance(0)"}
[HTTP] <-- POST /wd/hub/session/4c1ccd9e-dee6-4aea-ad8c-51c3deb15d9f/elements 200 1663 ms - 124
[HTTP] 
[HTTP] --> GET /wd/hub/session/4c1ccd9e-dee6-4aea-ad8c-51c3deb15d9f
[HTTP] {}
[HTTP] <-- GET /wd/hub/session/4c1ccd9e-dee6-4aea-ad8c-51c3deb15d9f 200 41 ms - 1167
[HTTP] 
[HTTP] --> GET /wd/hub/session/4c1ccd9e-dee6-4aea-ad8c-51c3deb15d9f
[HTTP] {}
[HTTP] <-- GET /wd/hub/session/4c1ccd9e-dee6-4aea-ad8c-51c3deb15d9f 200 37 ms - 1167
[HTTP] 
[HTTP] --> GET /wd/hub/session/4c1ccd9e-dee6-4aea-ad8c-51c3deb15d9f
[HTTP] {}
[HTTP] <-- GET /wd/hub/session/4c1ccd9e-dee6-4aea-ad8c-51c3deb15d9f 200 61 ms - 1167
[HTTP] 
[HTTP] --> GET /wd/hub/session/4c1ccd9e-dee6-4aea-ad8c-51c3deb15d9f
[HTTP] {}
[HTTP] <-- GET /wd/hub/session/4c1ccd9e-dee6-4aea-ad8c-51c3deb15d9f 200 56 ms - 1167
[HTTP] 
[HTTP] --> GET /wd/hub/session/4c1ccd9e-dee6-4aea-ad8c-51c3deb15d9f/element/1d26abcd-de5b-4c6b-954d-e2740eda16b5/location
[HTTP] {}
[W3C] Driver proxy active, passing request on via HTTP proxy
[JSONWP Proxy] Replacing sessionId b93a5def-ec3a-4be1-b7c5-0aa7712d5ea8 with 4c1ccd9e-dee6-4aea-ad8c-51c3deb15d9f
[HTTP] <-- GET /wd/hub/session/4c1ccd9e-dee6-4aea-ad8c-51c3deb15d9f/element/1d26abcd-de5b-4c6b-954d-e2740eda16b5/location 200 694 ms - 88
[HTTP] 
[HTTP] --> GET /wd/hub/session/4c1ccd9e-dee6-4aea-ad8c-51c3deb15d9f/element/1d26abcd-de5b-4c6b-954d-e2740eda16b5/text
[HTTP] {}
[W3C] Driver proxy active, passing request on via HTTP proxy
[JSONWP Proxy] Replacing sessionId b93a5def-ec3a-4be1-b7c5-0aa7712d5ea8 with 4c1ccd9e-dee6-4aea-ad8c-51c3deb15d9f
[HTTP] <-- GET /wd/hub/session/4c1ccd9e-dee6-4aea-ad8c-51c3deb15d9f/element/1d26abcd-de5b-4c6b-954d-e2740eda16b5/text 200 55 ms - 116
[HTTP] 
[HTTP] --> GET /wd/hub/session/4c1ccd9e-dee6-4aea-ad8c-51c3deb15d9f/window/current/size
[HTTP] {}
[W3C] Driver proxy active, passing request on via HTTP proxy
[JSONWP Proxy] Replacing sessionId b93a5def-ec3a-4be1-b7c5-0aa7712d5ea8 with 4c1ccd9e-dee6-4aea-ad8c-51c3deb15d9f
[HTTP] <-- GET /wd/hub/session/4c1ccd9e-dee6-4aea-ad8c-51c3deb15d9f/window/current/size 200 37 ms - 100
[HTTP] 
[HTTP] --> POST /wd/hub/session/4c1ccd9e-dee6-4aea-ad8c-51c3deb15d9f/elements
[HTTP] {"using":"-android uiautomator","value":"new UiSelector().className(\"android.widget.ImageView\").resourceId(\"id.co.fundtastic.client:id/checklist\").instance(6)"}
[HTTP] <-- POST /wd/hub/session/4c1ccd9e-dee6-4aea-ad8c-51c3deb15d9f/elements 200 164 ms - 124
[HTTP] 
[HTTP] --> GET /wd/hub/session/4c1ccd9e-dee6-4aea-ad8c-51c3deb15d9f
[HTTP] {}
[HTTP] <-- GET /wd/hub/session/4c1ccd9e-dee6-4aea-ad8c-51c3deb15d9f 200 21 ms - 1167
[HTTP] 
[HTTP] --> GET /wd/hub/session/4c1ccd9e-dee6-4aea-ad8c-51c3deb15d9f
[HTTP] {}
[HTTP] <-- GET /wd/hub/session/4c1ccd9e-dee6-4aea-ad8c-51c3deb15d9f 200 18 ms - 1167
[HTTP] 
[HTTP] --> GET /wd/hub/session/4c1ccd9e-dee6-4aea-ad8c-51c3deb15d9f
[HTTP] {}
[HTTP] <-- GET /wd/hub/session/4c1ccd9e-dee6-4aea-ad8c-51c3deb15d9f 200 18 ms - 1167
[HTTP] 
[HTTP] --> GET /wd/hub/session/4c1ccd9e-dee6-4aea-ad8c-51c3deb15d9f
[HTTP] {}
[HTTP] <-- GET /wd/hub/session/4c1ccd9e-dee6-4aea-ad8c-51c3deb15d9f 200 18 ms - 1167
[HTTP] 
[HTTP] --> GET /wd/hub/session/4c1ccd9e-dee6-4aea-ad8c-51c3deb15d9f/element/5287db80-45e6-4413-938a-94eb094d22c4/location
[HTTP] {}
[W3C] Driver proxy active, passing request on via HTTP proxy
[JSONWP Proxy] Replacing sessionId b93a5def-ec3a-4be1-b7c5-0aa7712d5ea8 with 4c1ccd9e-dee6-4aea-ad8c-51c3deb15d9f
[HTTP] <-- GET /wd/hub/session/4c1ccd9e-dee6-4aea-ad8c-51c3deb15d9f/element/5287db80-45e6-4413-938a-94eb094d22c4/location 200 37 ms - 90
[HTTP] 
[HTTP] --> POST /wd/hub/session/4c1ccd9e-dee6-4aea-ad8c-51c3deb15d9f/touch/perform
[HTTP] {"actions":[{"action":"tap","options":{"element":"5287db80-45e6-4413-938a-94eb094d22c4","x":1,"y":1}}]}
[UiAutomator2] calling get location: 5287db80-45e6-4413-938a-94eb094d22c4
[HTTP] <-- POST /wd/hub/session/4c1ccd9e-dee6-4aea-ad8c-51c3deb15d9f/touch/perform 200 836 ms - 76
[HTTP] 
[HTTP] --> GET /wd/hub/session/4c1ccd9e-dee6-4aea-ad8c-51c3deb15d9f/window/current/size
[HTTP] {}
[W3C] Driver proxy active, passing request on via HTTP proxy
[JSONWP Proxy] Replacing sessionId b93a5def-ec3a-4be1-b7c5-0aa7712d5ea8 with 4c1ccd9e-dee6-4aea-ad8c-51c3deb15d9f
[HTTP] <-- GET /wd/hub/session/4c1ccd9e-dee6-4aea-ad8c-51c3deb15d9f/window/current/size 200 22 ms - 100
[HTTP] 
[HTTP] --> POST /wd/hub/session/4c1ccd9e-dee6-4aea-ad8c-51c3deb15d9f/elements
[HTTP] {"using":"-android uiautomator","value":"new UiSelector().className(\"android.widget.LinearLayout\").instance(4)"}
[HTTP] <-- POST /wd/hub/session/4c1ccd9e-dee6-4aea-ad8c-51c3deb15d9f/elements 200 72 ms - 124
[HTTP] 
[HTTP] --> GET /wd/hub/session/4c1ccd9e-dee6-4aea-ad8c-51c3deb15d9f
[HTTP] {}
[HTTP] <-- GET /wd/hub/session/4c1ccd9e-dee6-4aea-ad8c-51c3deb15d9f 200 19 ms - 1167
[HTTP] 
[HTTP] --> GET /wd/hub/session/4c1ccd9e-dee6-4aea-ad8c-51c3deb15d9f
[HTTP] {}
[HTTP] <-- GET /wd/hub/session/4c1ccd9e-dee6-4aea-ad8c-51c3deb15d9f 200 25 ms - 1167
[HTTP] 
[HTTP] --> GET /wd/hub/session/4c1ccd9e-dee6-4aea-ad8c-51c3deb15d9f
[HTTP] {}
[HTTP] <-- GET /wd/hub/session/4c1ccd9e-dee6-4aea-ad8c-51c3deb15d9f 200 18 ms - 1167
[HTTP] 
[HTTP] --> GET /wd/hub/session/4c1ccd9e-dee6-4aea-ad8c-51c3deb15d9f
[HTTP] {}
[HTTP] <-- GET /wd/hub/session/4c1ccd9e-dee6-4aea-ad8c-51c3deb15d9f 200 14 ms - 1167
[HTTP] 
[HTTP] --> GET /wd/hub/session/4c1ccd9e-dee6-4aea-ad8c-51c3deb15d9f/element/1fb2159b-04eb-4c29-8276-3c8cabe37bc8/location
[HTTP] {}
[W3C] Driver proxy active, passing request on via HTTP proxy
[JSONWP Proxy] Replacing sessionId b93a5def-ec3a-4be1-b7c5-0aa7712d5ea8 with 4c1ccd9e-dee6-4aea-ad8c-51c3deb15d9f
[HTTP] <-- GET /wd/hub/session/4c1ccd9e-dee6-4aea-ad8c-51c3deb15d9f/element/1fb2159b-04eb-4c29-8276-3c8cabe37bc8/location 200 42 ms - 87
[HTTP] 
[HTTP] --> POST /wd/hub/session/4c1ccd9e-dee6-4aea-ad8c-51c3deb15d9f/touch/perform
[HTTP] {"actions":[{"action":"tap","options":{"element":"1fb2159b-04eb-4c29-8276-3c8cabe37bc8","x":1,"y":1}}]}
[UiAutomator2] calling get location: 1fb2159b-04eb-4c29-8276-3c8cabe37bc8
[HTTP] <-- POST /wd/hub/session/4c1ccd9e-dee6-4aea-ad8c-51c3deb15d9f/touch/perform 200 795 ms - 76
[HTTP] 
[HTTP] --> GET /wd/hub/session/4c1ccd9e-dee6-4aea-ad8c-51c3deb15d9f/context
[HTTP] {}
[HTTP] <-- GET /wd/hub/session/4c1ccd9e-dee6-4aea-ad8c-51c3deb15d9f/context 200 4 ms - 84
[HTTP] 
[HTTP] --> GET /wd/hub/session/4c1ccd9e-dee6-4aea-ad8c-51c3deb15d9f/contexts
[HTTP] {}
[HTTP] <-- GET /wd/hub/session/4c1ccd9e-dee6-4aea-ad8c-51c3deb15d9f/contexts 200 42 ms - 127
[HTTP] 
[HTTP] --> POST /wd/hub/session/4c1ccd9e-dee6-4aea-ad8c-51c3deb15d9f/context
[HTTP] {"name":"NATIVE_APP"}
[HTTP] <-- POST /wd/hub/session/4c1ccd9e-dee6-4aea-ad8c-51c3deb15d9f/context 200 35 ms - 76
[HTTP] 
[HTTP] --> POST /wd/hub/session/4c1ccd9e-dee6-4aea-ad8c-51c3deb15d9f/touch/perform
[HTTP] {"actions":[{"action":"press","options":{"x":800,"y":1000}},{"action":"wait","options":{"ms":500}},{"action":"moveTo","options":{"x":10,"y":800}}]}
[HTTP] <-- POST /wd/hub/session/4c1ccd9e-dee6-4aea-ad8c-51c3deb15d9f/touch/perform 200 2076 ms - 76
[HTTP] 
[HTTP] --> POST /wd/hub/session/4c1ccd9e-dee6-4aea-ad8c-51c3deb15d9f/context
[HTTP] {"name":"NATIVE_APP"}
[HTTP] <-- POST /wd/hub/session/4c1ccd9e-dee6-4aea-ad8c-51c3deb15d9f/context 200 46 ms - 76
[HTTP] 
[HTTP] --> GET /wd/hub/session/4c1ccd9e-dee6-4aea-ad8c-51c3deb15d9f/window/current/size
[HTTP] {}
[W3C] Driver proxy active, passing request on via HTTP proxy
[JSONWP Proxy] Replacing sessionId b93a5def-ec3a-4be1-b7c5-0aa7712d5ea8 with 4c1ccd9e-dee6-4aea-ad8c-51c3deb15d9f
[HTTP] <-- GET /wd/hub/session/4c1ccd9e-dee6-4aea-ad8c-51c3deb15d9f/window/current/size 200 32 ms - 100
[HTTP] 
[HTTP] --> POST /wd/hub/session/4c1ccd9e-dee6-4aea-ad8c-51c3deb15d9f/elements
[HTTP] {"using":"-android uiautomator","value":"new UiSelector().className(\"android.widget.LinearLayout\").instance(4)"}
[HTTP] <-- POST /wd/hub/session/4c1ccd9e-dee6-4aea-ad8c-51c3deb15d9f/elements 200 88 ms - 124
[HTTP] 
[HTTP] --> GET /wd/hub/session/4c1ccd9e-dee6-4aea-ad8c-51c3deb15d9f
[HTTP] {}
[HTTP] <-- GET /wd/hub/session/4c1ccd9e-dee6-4aea-ad8c-51c3deb15d9f 200 20 ms - 1284
[HTTP] 
[HTTP] --> GET /wd/hub/session/4c1ccd9e-dee6-4aea-ad8c-51c3deb15d9f
[HTTP] {}
[HTTP] <-- GET /wd/hub/session/4c1ccd9e-dee6-4aea-ad8c-51c3deb15d9f 200 21 ms - 1284
[HTTP] 
[HTTP] --> GET /wd/hub/session/4c1ccd9e-dee6-4aea-ad8c-51c3deb15d9f
[HTTP] {}
[HTTP] <-- GET /wd/hub/session/4c1ccd9e-dee6-4aea-ad8c-51c3deb15d9f 200 20 ms - 1284
[HTTP] 
[HTTP] --> GET /wd/hub/session/4c1ccd9e-dee6-4aea-ad8c-51c3deb15d9f
[HTTP] {}
[HTTP] <-- GET /wd/hub/session/4c1ccd9e-dee6-4aea-ad8c-51c3deb15d9f 200 17 ms - 1284
[HTTP] 
[HTTP] --> GET /wd/hub/session/4c1ccd9e-dee6-4aea-ad8c-51c3deb15d9f/element/b58de935-947b-44b6-87e9-c079cb212286/location
[HTTP] {}
[W3C] Driver proxy active, passing request on via HTTP proxy
[JSONWP Proxy] Replacing sessionId b93a5def-ec3a-4be1-b7c5-0aa7712d5ea8 with 4c1ccd9e-dee6-4aea-ad8c-51c3deb15d9f
[HTTP] <-- GET /wd/hub/session/4c1ccd9e-dee6-4aea-ad8c-51c3deb15d9f/element/b58de935-947b-44b6-87e9-c079cb212286/location 200 23 ms - 87
[HTTP] 
[HTTP] --> POST /wd/hub/session/4c1ccd9e-dee6-4aea-ad8c-51c3deb15d9f/touch/perform
[HTTP] {"actions":[{"action":"tap","options":{"element":"b58de935-947b-44b6-87e9-c079cb212286","x":1,"y":1}}]}
[UiAutomator2] calling get location: b58de935-947b-44b6-87e9-c079cb212286
[HTTP] <-- POST /wd/hub/session/4c1ccd9e-dee6-4aea-ad8c-51c3deb15d9f/touch/perform 200 1022 ms - 76
[HTTP] 
[HTTP] --> GET /wd/hub/session/4c1ccd9e-dee6-4aea-ad8c-51c3deb15d9f/context
[HTTP] {}
[HTTP] <-- GET /wd/hub/session/4c1ccd9e-dee6-4aea-ad8c-51c3deb15d9f/context 200 3 ms - 84
[HTTP] 
[HTTP] --> GET /wd/hub/session/4c1ccd9e-dee6-4aea-ad8c-51c3deb15d9f/contexts
[HTTP] {}
[HTTP] <-- GET /wd/hub/session/4c1ccd9e-dee6-4aea-ad8c-51c3deb15d9f/contexts 200 34 ms - 127
[HTTP] 
[HTTP] --> POST /wd/hub/session/4c1ccd9e-dee6-4aea-ad8c-51c3deb15d9f/context
[HTTP] {"name":"NATIVE_APP"}
[HTTP] <-- POST /wd/hub/session/4c1ccd9e-dee6-4aea-ad8c-51c3deb15d9f/context 200 40 ms - 76
[HTTP] 
[HTTP] --> POST /wd/hub/session/4c1ccd9e-dee6-4aea-ad8c-51c3deb15d9f/touch/perform
[HTTP] {"actions":[{"action":"press","options":{"x":800,"y":1000}},{"action":"wait","options":{"ms":500}},{"action":"moveTo","options":{"x":10,"y":800}}]}
[HTTP] <-- POST /wd/hub/session/4c1ccd9e-dee6-4aea-ad8c-51c3deb15d9f/touch/perform 200 2063 ms - 76
[HTTP] 
[HTTP] --> POST /wd/hub/session/4c1ccd9e-dee6-4aea-ad8c-51c3deb15d9f/context
[HTTP] {"name":"NATIVE_APP"}
[HTTP] <-- POST /wd/hub/session/4c1ccd9e-dee6-4aea-ad8c-51c3deb15d9f/context 200 32 ms - 76
[HTTP] 
[HTTP] --> GET /wd/hub/session/4c1ccd9e-dee6-4aea-ad8c-51c3deb15d9f/window/current/size
[HTTP] {}
[W3C] Driver proxy active, passing request on via HTTP proxy
[JSONWP Proxy] Replacing sessionId b93a5def-ec3a-4be1-b7c5-0aa7712d5ea8 with 4c1ccd9e-dee6-4aea-ad8c-51c3deb15d9f
[HTTP] <-- GET /wd/hub/session/4c1ccd9e-dee6-4aea-ad8c-51c3deb15d9f/window/current/size 200 27 ms - 100
[HTTP] 
[HTTP] --> POST /wd/hub/session/4c1ccd9e-dee6-4aea-ad8c-51c3deb15d9f/elements
[HTTP] {"using":"-android uiautomator","value":"new UiSelector().className(\"android.widget.LinearLayout\").instance(4)"}
[HTTP] <-- POST /wd/hub/session/4c1ccd9e-dee6-4aea-ad8c-51c3deb15d9f/elements 200 100 ms - 124
[HTTP] 
[HTTP] --> GET /wd/hub/session/4c1ccd9e-dee6-4aea-ad8c-51c3deb15d9f
[HTTP] {}
[HTTP] <-- GET /wd/hub/session/4c1ccd9e-dee6-4aea-ad8c-51c3deb15d9f 200 19 ms - 1284
[HTTP] 
[HTTP] --> GET /wd/hub/session/4c1ccd9e-dee6-4aea-ad8c-51c3deb15d9f
[HTTP] {}
[HTTP] <-- GET /wd/hub/session/4c1ccd9e-dee6-4aea-ad8c-51c3deb15d9f 200 25 ms - 1284
[HTTP] 
[HTTP] --> GET /wd/hub/session/4c1ccd9e-dee6-4aea-ad8c-51c3deb15d9f
[HTTP] {}
[HTTP] <-- GET /wd/hub/session/4c1ccd9e-dee6-4aea-ad8c-51c3deb15d9f 200 18 ms - 1284
[HTTP] 
[HTTP] --> GET /wd/hub/session/4c1ccd9e-dee6-4aea-ad8c-51c3deb15d9f
[HTTP] {}
[HTTP] <-- GET /wd/hub/session/4c1ccd9e-dee6-4aea-ad8c-51c3deb15d9f 200 18 ms - 1284
[HTTP] 
[HTTP] --> GET /wd/hub/session/4c1ccd9e-dee6-4aea-ad8c-51c3deb15d9f/element/19a9e67f-6156-4ee4-93ba-5bf9ba07929b/location
[HTTP] {}
[W3C] Driver proxy active, passing request on via HTTP proxy
[JSONWP Proxy] Replacing sessionId b93a5def-ec3a-4be1-b7c5-0aa7712d5ea8 with 4c1ccd9e-dee6-4aea-ad8c-51c3deb15d9f
[HTTP] <-- GET /wd/hub/session/4c1ccd9e-dee6-4aea-ad8c-51c3deb15d9f/element/19a9e67f-6156-4ee4-93ba-5bf9ba07929b/location 200 28 ms - 87
[HTTP] 
[HTTP] --> POST /wd/hub/session/4c1ccd9e-dee6-4aea-ad8c-51c3deb15d9f/touch/perform
[HTTP] {"actions":[{"action":"tap","options":{"element":"19a9e67f-6156-4ee4-93ba-5bf9ba07929b","x":1,"y":1}}]}
[UiAutomator2] calling get location: 19a9e67f-6156-4ee4-93ba-5bf9ba07929b
[HTTP] <-- POST /wd/hub/session/4c1ccd9e-dee6-4aea-ad8c-51c3deb15d9f/touch/perform 200 1115 ms - 76
[HTTP] 
[HTTP] --> GET /wd/hub/session/4c1ccd9e-dee6-4aea-ad8c-51c3deb15d9f/context
[HTTP] {}
[HTTP] <-- GET /wd/hub/session/4c1ccd9e-dee6-4aea-ad8c-51c3deb15d9f/context 200 2 ms - 84
[HTTP] 
[HTTP] --> GET /wd/hub/session/4c1ccd9e-dee6-4aea-ad8c-51c3deb15d9f/contexts
[HTTP] {}
[HTTP] <-- GET /wd/hub/session/4c1ccd9e-dee6-4aea-ad8c-51c3deb15d9f/contexts 200 47 ms - 127
[HTTP] 
[HTTP] --> POST /wd/hub/session/4c1ccd9e-dee6-4aea-ad8c-51c3deb15d9f/context
[HTTP] {"name":"NATIVE_APP"}
[HTTP] <-- POST /wd/hub/session/4c1ccd9e-dee6-4aea-ad8c-51c3deb15d9f/context 200 38 ms - 76
[HTTP] 
[HTTP] --> POST /wd/hub/session/4c1ccd9e-dee6-4aea-ad8c-51c3deb15d9f/touch/perform
[HTTP] {"actions":[{"action":"press","options":{"x":800,"y":1000}},{"action":"wait","options":{"ms":500}},{"action":"moveTo","options":{"x":10,"y":800}}]}
[HTTP] <-- POST /wd/hub/session/4c1ccd9e-dee6-4aea-ad8c-51c3deb15d9f/touch/perform 200 2057 ms - 76
[HTTP] 
[HTTP] --> POST /wd/hub/session/4c1ccd9e-dee6-4aea-ad8c-51c3deb15d9f/context
[HTTP] {"name":"NATIVE_APP"}
[HTTP] <-- POST /wd/hub/session/4c1ccd9e-dee6-4aea-ad8c-51c3deb15d9f/context 200 70 ms - 76
[HTTP] 
[HTTP] --> GET /wd/hub/session/4c1ccd9e-dee6-4aea-ad8c-51c3deb15d9f/window/current/size
[HTTP] {}
[W3C] Driver proxy active, passing request on via HTTP proxy
[JSONWP Proxy] Replacing sessionId b93a5def-ec3a-4be1-b7c5-0aa7712d5ea8 with 4c1ccd9e-dee6-4aea-ad8c-51c3deb15d9f
[HTTP] <-- GET /wd/hub/session/4c1ccd9e-dee6-4aea-ad8c-51c3deb15d9f/window/current/size 200 50 ms - 100
[HTTP] 
[HTTP] --> POST /wd/hub/session/4c1ccd9e-dee6-4aea-ad8c-51c3deb15d9f/elements
[HTTP] {"using":"-android uiautomator","value":"new UiSelector().className(\"android.widget.LinearLayout\").instance(4)"}
[HTTP] <-- POST /wd/hub/session/4c1ccd9e-dee6-4aea-ad8c-51c3deb15d9f/elements 200 117 ms - 124
[HTTP] 
[HTTP] --> GET /wd/hub/session/4c1ccd9e-dee6-4aea-ad8c-51c3deb15d9f
[HTTP] {}
[HTTP] <-- GET /wd/hub/session/4c1ccd9e-dee6-4aea-ad8c-51c3deb15d9f 200 56 ms - 1167
[HTTP] 
[HTTP] --> GET /wd/hub/session/4c1ccd9e-dee6-4aea-ad8c-51c3deb15d9f
[HTTP] {}
[HTTP] <-- GET /wd/hub/session/4c1ccd9e-dee6-4aea-ad8c-51c3deb15d9f 200 39 ms - 1167
[HTTP] 
[HTTP] --> GET /wd/hub/session/4c1ccd9e-dee6-4aea-ad8c-51c3deb15d9f
[HTTP] {}
[HTTP] <-- GET /wd/hub/session/4c1ccd9e-dee6-4aea-ad8c-51c3deb15d9f 200 44 ms - 1167
[HTTP] 
[HTTP] --> GET /wd/hub/session/4c1ccd9e-dee6-4aea-ad8c-51c3deb15d9f
[HTTP] {}
[HTTP] <-- GET /wd/hub/session/4c1ccd9e-dee6-4aea-ad8c-51c3deb15d9f 200 26 ms - 1167
[HTTP] 
[HTTP] --> GET /wd/hub/session/4c1ccd9e-dee6-4aea-ad8c-51c3deb15d9f/element/fa002c5a-88c0-4a08-bc64-700aad52aa72/location
[HTTP] {}
[W3C] Driver proxy active, passing request on via HTTP proxy
[JSONWP Proxy] Replacing sessionId b93a5def-ec3a-4be1-b7c5-0aa7712d5ea8 with 4c1ccd9e-dee6-4aea-ad8c-51c3deb15d9f
[HTTP] <-- GET /wd/hub/session/4c1ccd9e-dee6-4aea-ad8c-51c3deb15d9f/element/fa002c5a-88c0-4a08-bc64-700aad52aa72/location 200 40 ms - 88
[HTTP] 
[HTTP] --> POST /wd/hub/session/4c1ccd9e-dee6-4aea-ad8c-51c3deb15d9f/touch/perform
[HTTP] {"actions":[{"action":"tap","options":{"element":"fa002c5a-88c0-4a08-bc64-700aad52aa72","x":1,"y":1}}]}
[UiAutomator2] calling get location: fa002c5a-88c0-4a08-bc64-700aad52aa72
[HTTP] <-- POST /wd/hub/session/4c1ccd9e-dee6-4aea-ad8c-51c3deb15d9f/touch/perform 200 3208 ms - 76
[HTTP] 
[HTTP] --> GET /wd/hub/session/4c1ccd9e-dee6-4aea-ad8c-51c3deb15d9f/context
[HTTP] {}
[HTTP] <-- GET /wd/hub/session/4c1ccd9e-dee6-4aea-ad8c-51c3deb15d9f/context 200 2 ms - 84
[HTTP] 
[HTTP] --> GET /wd/hub/session/4c1ccd9e-dee6-4aea-ad8c-51c3deb15d9f/contexts
[HTTP] {}
[HTTP] <-- GET /wd/hub/session/4c1ccd9e-dee6-4aea-ad8c-51c3deb15d9f/contexts 200 33 ms - 127
[HTTP] 
[HTTP] --> POST /wd/hub/session/4c1ccd9e-dee6-4aea-ad8c-51c3deb15d9f/context
[HTTP] {"name":"NATIVE_APP"}
[HTTP] <-- POST /wd/hub/session/4c1ccd9e-dee6-4aea-ad8c-51c3deb15d9f/context 200 32 ms - 76
[HTTP] 
[HTTP] --> POST /wd/hub/session/4c1ccd9e-dee6-4aea-ad8c-51c3deb15d9f/touch/perform
[HTTP] {"actions":[{"action":"press","options":{"x":800,"y":1000}},{"action":"wait","options":{"ms":500}},{"action":"moveTo","options":{"x":10,"y":800}}]}
[HTTP] <-- POST /wd/hub/session/4c1ccd9e-dee6-4aea-ad8c-51c3deb15d9f/touch/perform 200 2051 ms - 76
[HTTP] 
[HTTP] --> POST /wd/hub/session/4c1ccd9e-dee6-4aea-ad8c-51c3deb15d9f/context
[HTTP] {"name":"NATIVE_APP"}
[HTTP] <-- POST /wd/hub/session/4c1ccd9e-dee6-4aea-ad8c-51c3deb15d9f/context 200 63 ms - 76
[HTTP] 
[HTTP] --> GET /wd/hub/session/4c1ccd9e-dee6-4aea-ad8c-51c3deb15d9f/window/current/size
[HTTP] {}
[W3C] Driver proxy active, passing request on via HTTP proxy
[JSONWP Proxy] Replacing sessionId b93a5def-ec3a-4be1-b7c5-0aa7712d5ea8 with 4c1ccd9e-dee6-4aea-ad8c-51c3deb15d9f
[HTTP] <-- GET /wd/hub/session/4c1ccd9e-dee6-4aea-ad8c-51c3deb15d9f/window/current/size 200 60 ms - 100
[HTTP] 
[HTTP] --> POST /wd/hub/session/4c1ccd9e-dee6-4aea-ad8c-51c3deb15d9f/elements
[HTTP] {"using":"-android uiautomator","value":"new UiSelector().className(\"android.widget.EditText\").text(\"No Handphone\").resourceId(\"id.co.fundtastic.client:id/et_phone\").instance(0)"}
[HTTP] <-- POST /wd/hub/session/4c1ccd9e-dee6-4aea-ad8c-51c3deb15d9f/elements 200 198 ms - 124
[HTTP] 
[HTTP] --> GET /wd/hub/session/4c1ccd9e-dee6-4aea-ad8c-51c3deb15d9f
[HTTP] {}
[HTTP] <-- GET /wd/hub/session/4c1ccd9e-dee6-4aea-ad8c-51c3deb15d9f 200 37 ms - 1167
[HTTP] 
[HTTP] --> GET /wd/hub/session/4c1ccd9e-dee6-4aea-ad8c-51c3deb15d9f
[HTTP] {}
[HTTP] <-- GET /wd/hub/session/4c1ccd9e-dee6-4aea-ad8c-51c3deb15d9f 200 36 ms - 1167
[HTTP] 
[HTTP] --> GET /wd/hub/session/4c1ccd9e-dee6-4aea-ad8c-51c3deb15d9f
[HTTP] {}
[HTTP] <-- GET /wd/hub/session/4c1ccd9e-dee6-4aea-ad8c-51c3deb15d9f 200 51 ms - 1167
[HTTP] 
[HTTP] --> GET /wd/hub/session/4c1ccd9e-dee6-4aea-ad8c-51c3deb15d9f
[HTTP] {}
[HTTP] <-- GET /wd/hub/session/4c1ccd9e-dee6-4aea-ad8c-51c3deb15d9f 200 25 ms - 1167
[HTTP] 
[HTTP] --> GET /wd/hub/session/4c1ccd9e-dee6-4aea-ad8c-51c3deb15d9f/element/fd9a9208-1f7b-4423-95e3-cecc371f6fb0/location
[HTTP] {}
[W3C] Driver proxy active, passing request on via HTTP proxy
[JSONWP Proxy] Replacing sessionId b93a5def-ec3a-4be1-b7c5-0aa7712d5ea8 with 4c1ccd9e-dee6-4aea-ad8c-51c3deb15d9f
[HTTP] <-- GET /wd/hub/session/4c1ccd9e-dee6-4aea-ad8c-51c3deb15d9f/element/fd9a9208-1f7b-4423-95e3-cecc371f6fb0/location 200 42 ms - 88
[HTTP] 
[HTTP] --> POST /wd/hub/session/4c1ccd9e-dee6-4aea-ad8c-51c3deb15d9f/element/fd9a9208-1f7b-4423-95e3-cecc371f6fb0/clear
[HTTP] {"id":"fd9a9208-1f7b-4423-95e3-cecc371f6fb0"}
[HTTP] <-- POST /wd/hub/session/4c1ccd9e-dee6-4aea-ad8c-51c3deb15d9f/element/fd9a9208-1f7b-4423-95e3-cecc371f6fb0/clear 200 57 ms - 89
[HTTP] 
[HTTP] --> POST /wd/hub/session/4c1ccd9e-dee6-4aea-ad8c-51c3deb15d9f/element/fd9a9208-1f7b-4423-95e3-cecc371f6fb0/value
[HTTP] {"id":"fd9a9208-1f7b-4423-95e3-cecc371f6fb0","value":["081215161452"]}
[HTTP] <-- POST /wd/hub/session/4c1ccd9e-dee6-4aea-ad8c-51c3deb15d9f/element/fd9a9208-1f7b-4423-95e3-cecc371f6fb0/value 200 1149 ms - 74
[HTTP] 
[HTTP] --> GET /wd/hub/session/4c1ccd9e-dee6-4aea-ad8c-51c3deb15d9f/window/current/size
[HTTP] {}
[W3C] Driver proxy active, passing request on via HTTP proxy
[JSONWP Proxy] Replacing sessionId b93a5def-ec3a-4be1-b7c5-0aa7712d5ea8 with 4c1ccd9e-dee6-4aea-ad8c-51c3deb15d9f
[HTTP] <-- GET /wd/hub/session/4c1ccd9e-dee6-4aea-ad8c-51c3deb15d9f/window/current/size 200 24 ms - 100
[HTTP] 
[HTTP] --> POST /wd/hub/session/4c1ccd9e-dee6-4aea-ad8c-51c3deb15d9f/elements
[HTTP] {"using":"-android uiautomator","value":"new UiSelector().className(\"android.widget.Button\").text(\"MASUK\").resourceId(\"id.co.fundtastic.client:id/btnLogin\").instance(0)"}
[HTTP] <-- POST /wd/hub/session/4c1ccd9e-dee6-4aea-ad8c-51c3deb15d9f/elements 200 463 ms - 124
[HTTP] 
[HTTP] --> GET /wd/hub/session/4c1ccd9e-dee6-4aea-ad8c-51c3deb15d9f
[HTTP] {}
[HTTP] <-- GET /wd/hub/session/4c1ccd9e-dee6-4aea-ad8c-51c3deb15d9f 200 10 ms - 1167
[HTTP] 
[HTTP] --> GET /wd/hub/session/4c1ccd9e-dee6-4aea-ad8c-51c3deb15d9f
[HTTP] {}
[HTTP] <-- GET /wd/hub/session/4c1ccd9e-dee6-4aea-ad8c-51c3deb15d9f 200 12 ms - 1167
[HTTP] 
[HTTP] --> GET /wd/hub/session/4c1ccd9e-dee6-4aea-ad8c-51c3deb15d9f
[HTTP] {}
[HTTP] <-- GET /wd/hub/session/4c1ccd9e-dee6-4aea-ad8c-51c3deb15d9f 200 13 ms - 1167
[HTTP] 
[HTTP] --> GET /wd/hub/session/4c1ccd9e-dee6-4aea-ad8c-51c3deb15d9f
[HTTP] {}
[HTTP] <-- GET /wd/hub/session/4c1ccd9e-dee6-4aea-ad8c-51c3deb15d9f 200 12 ms - 1167
[HTTP] 
[HTTP] --> GET /wd/hub/session/4c1ccd9e-dee6-4aea-ad8c-51c3deb15d9f/element/6685f7f4-f25a-4221-854e-00022693b799/location
[HTTP] {}
[W3C] Driver proxy active, passing request on via HTTP proxy
[JSONWP Proxy] Replacing sessionId b93a5def-ec3a-4be1-b7c5-0aa7712d5ea8 with 4c1ccd9e-dee6-4aea-ad8c-51c3deb15d9f
[HTTP] <-- GET /wd/hub/session/4c1ccd9e-dee6-4aea-ad8c-51c3deb15d9f/element/6685f7f4-f25a-4221-854e-00022693b799/location 200 20 ms - 88
[HTTP] 
[HTTP] --> POST /wd/hub/session/4c1ccd9e-dee6-4aea-ad8c-51c3deb15d9f/touch/perform
[HTTP] {"actions":[{"action":"tap","options":{"element":"6685f7f4-f25a-4221-854e-00022693b799","x":1,"y":1}}]}
[UiAutomator2] calling get location: 6685f7f4-f25a-4221-854e-00022693b799
[HTTP] <-- POST /wd/hub/session/4c1ccd9e-dee6-4aea-ad8c-51c3deb15d9f/touch/perform 200 782 ms - 76
[HTTP] 
[HTTP] --> GET /wd/hub/session/4c1ccd9e-dee6-4aea-ad8c-51c3deb15d9f/window/current/size
[HTTP] {}
[W3C] Driver proxy active, passing request on via HTTP proxy
[JSONWP Proxy] Replacing sessionId b93a5def-ec3a-4be1-b7c5-0aa7712d5ea8 with 4c1ccd9e-dee6-4aea-ad8c-51c3deb15d9f
[HTTP] <-- GET /wd/hub/session/4c1ccd9e-dee6-4aea-ad8c-51c3deb15d9f/window/current/size 200 23 ms - 100
[HTTP] 
[HTTP] --> POST /wd/hub/session/4c1ccd9e-dee6-4aea-ad8c-51c3deb15d9f/elements
[HTTP] {"using":"-android uiautomator","value":"new UiSelector().className(\"android.widget.TextView\").text(\"Verifikasi Nomor HP\").instance(0)"}
[HTTP] <-- POST /wd/hub/session/4c1ccd9e-dee6-4aea-ad8c-51c3deb15d9f/elements 200 41 ms - 124
[HTTP] 
[HTTP] --> GET /wd/hub/session/4c1ccd9e-dee6-4aea-ad8c-51c3deb15d9f
[HTTP] {}
[HTTP] <-- GET /wd/hub/session/4c1ccd9e-dee6-4aea-ad8c-51c3deb15d9f 200 16 ms - 1167
[HTTP] 
[HTTP] --> GET /wd/hub/session/4c1ccd9e-dee6-4aea-ad8c-51c3deb15d9f
[HTTP] {}
[HTTP] <-- GET /wd/hub/session/4c1ccd9e-dee6-4aea-ad8c-51c3deb15d9f 200 17 ms - 1167
[HTTP] 
[HTTP] --> GET /wd/hub/session/4c1ccd9e-dee6-4aea-ad8c-51c3deb15d9f
[HTTP] {}
[HTTP] <-- GET /wd/hub/session/4c1ccd9e-dee6-4aea-ad8c-51c3deb15d9f 200 19 ms - 1167
[HTTP] 
[HTTP] --> GET /wd/hub/session/4c1ccd9e-dee6-4aea-ad8c-51c3deb15d9f
[HTTP] {}
[HTTP] <-- GET /wd/hub/session/4c1ccd9e-dee6-4aea-ad8c-51c3deb15d9f 200 16 ms - 1167
[HTTP] 
[HTTP] --> GET /wd/hub/session/4c1ccd9e-dee6-4aea-ad8c-51c3deb15d9f/element/ba1047a1-7719-4331-9ec1-a9c5b4b0a45a/location
[HTTP] {}
[W3C] Driver proxy active, passing request on via HTTP proxy
[JSONWP Proxy] Replacing sessionId b93a5def-ec3a-4be1-b7c5-0aa7712d5ea8 with 4c1ccd9e-dee6-4aea-ad8c-51c3deb15d9f
[HTTP] <-- GET /wd/hub/session/4c1ccd9e-dee6-4aea-ad8c-51c3deb15d9f/element/ba1047a1-7719-4331-9ec1-a9c5b4b0a45a/location 200 30 ms - 89
[HTTP] 
[HTTP] --> GET /wd/hub/session/4c1ccd9e-dee6-4aea-ad8c-51c3deb15d9f/element/ba1047a1-7719-4331-9ec1-a9c5b4b0a45a/text
[HTTP] {}
[W3C] Driver proxy active, passing request on via HTTP proxy
[JSONWP Proxy] Replacing sessionId b93a5def-ec3a-4be1-b7c5-0aa7712d5ea8 with 4c1ccd9e-dee6-4aea-ad8c-51c3deb15d9f
[HTTP] <-- GET /wd/hub/session/4c1ccd9e-dee6-4aea-ad8c-51c3deb15d9f/element/ba1047a1-7719-4331-9ec1-a9c5b4b0a45a/text 200 23 ms - 93
[HTTP] 
[HTTP] --> GET /wd/hub/session/4c1ccd9e-dee6-4aea-ad8c-51c3deb15d9f/window/current/size
[HTTP] {}
[W3C] Driver proxy active, passing request on via HTTP proxy
[JSONWP Proxy] Replacing sessionId b93a5def-ec3a-4be1-b7c5-0aa7712d5ea8 with 4c1ccd9e-dee6-4aea-ad8c-51c3deb15d9f
[HTTP] <-- GET /wd/hub/session/4c1ccd9e-dee6-4aea-ad8c-51c3deb15d9f/window/current/size 200 23 ms - 100
[HTTP] 
[HTTP] --> POST /wd/hub/session/4c1ccd9e-dee6-4aea-ad8c-51c3deb15d9f/elements
[HTTP] {"using":"-android uiautomator","value":"new UiSelector().className(\"android.widget.EditText\").resourceId(\"id.co.fundtastic.client:id/et_otp\").instance(0)"}
[HTTP] <-- POST /wd/hub/session/4c1ccd9e-dee6-4aea-ad8c-51c3deb15d9f/elements 200 394 ms - 124
[HTTP] 
[HTTP] --> GET /wd/hub/session/4c1ccd9e-dee6-4aea-ad8c-51c3deb15d9f
[HTTP] {}
[HTTP] <-- GET /wd/hub/session/4c1ccd9e-dee6-4aea-ad8c-51c3deb15d9f 200 11 ms - 1167
[HTTP] 
[HTTP] --> GET /wd/hub/session/4c1ccd9e-dee6-4aea-ad8c-51c3deb15d9f
[HTTP] {}
[HTTP] <-- GET /wd/hub/session/4c1ccd9e-dee6-4aea-ad8c-51c3deb15d9f 200 11 ms - 1167
[HTTP] 
[HTTP] --> GET /wd/hub/session/4c1ccd9e-dee6-4aea-ad8c-51c3deb15d9f
[HTTP] {}
[HTTP] <-- GET /wd/hub/session/4c1ccd9e-dee6-4aea-ad8c-51c3deb15d9f 200 12 ms - 1167
[HTTP] 
[HTTP] --> GET /wd/hub/session/4c1ccd9e-dee6-4aea-ad8c-51c3deb15d9f
[HTTP] {}
[HTTP] <-- GET /wd/hub/session/4c1ccd9e-dee6-4aea-ad8c-51c3deb15d9f 200 14 ms - 1167
[HTTP] 
[HTTP] --> GET /wd/hub/session/4c1ccd9e-dee6-4aea-ad8c-51c3deb15d9f/element/e3cadbc9-d28a-4cae-8364-8d781df47891/location
[HTTP] {}
[W3C] Driver proxy active, passing request on via HTTP proxy
[JSONWP Proxy] Replacing sessionId b93a5def-ec3a-4be1-b7c5-0aa7712d5ea8 with 4c1ccd9e-dee6-4aea-ad8c-51c3deb15d9f
[HTTP] <-- GET /wd/hub/session/4c1ccd9e-dee6-4aea-ad8c-51c3deb15d9f/element/e3cadbc9-d28a-4cae-8364-8d781df47891/location 200 18 ms - 89
[HTTP] 
[HTTP] --> POST /wd/hub/session/4c1ccd9e-dee6-4aea-ad8c-51c3deb15d9f/touch/perform
[HTTP] {"actions":[{"action":"tap","options":{"element":"e3cadbc9-d28a-4cae-8364-8d781df47891","x":1,"y":1}}]}
[UiAutomator2] calling get location: e3cadbc9-d28a-4cae-8364-8d781df47891
[HTTP] <-- POST /wd/hub/session/4c1ccd9e-dee6-4aea-ad8c-51c3deb15d9f/touch/perform 200 893 ms - 76
[HTTP] 
[HTTP] --> GET /wd/hub/session/4c1ccd9e-dee6-4aea-ad8c-51c3deb15d9f/window/current/size
[HTTP] {}
[W3C] Driver proxy active, passing request on via HTTP proxy
[JSONWP Proxy] Replacing sessionId b93a5def-ec3a-4be1-b7c5-0aa7712d5ea8 with 4c1ccd9e-dee6-4aea-ad8c-51c3deb15d9f
[HTTP] <-- GET /wd/hub/session/4c1ccd9e-dee6-4aea-ad8c-51c3deb15d9f/window/current/size 200 18 ms - 100
[HTTP] 
[HTTP] --> POST /wd/hub/session/4c1ccd9e-dee6-4aea-ad8c-51c3deb15d9f/elements
[HTTP] {"using":"-android uiautomator","value":"new UiSelector().className(\"android.widget.EditText\").resourceId(\"id.co.fundtastic.client:id/et_otp\").instance(0)"}
[HTTP] <-- POST /wd/hub/session/4c1ccd9e-dee6-4aea-ad8c-51c3deb15d9f/elements 200 40 ms - 124
[HTTP] 
[HTTP] --> GET /wd/hub/session/4c1ccd9e-dee6-4aea-ad8c-51c3deb15d9f
[HTTP] {}
[HTTP] <-- GET /wd/hub/session/4c1ccd9e-dee6-4aea-ad8c-51c3deb15d9f 200 17 ms - 1167
[HTTP] 
[HTTP] --> GET /wd/hub/session/4c1ccd9e-dee6-4aea-ad8c-51c3deb15d9f
[HTTP] {}
[HTTP] <-- GET /wd/hub/session/4c1ccd9e-dee6-4aea-ad8c-51c3deb15d9f 200 19 ms - 1167
[HTTP] 
[HTTP] --> GET /wd/hub/session/4c1ccd9e-dee6-4aea-ad8c-51c3deb15d9f
[HTTP] {}
[HTTP] <-- GET /wd/hub/session/4c1ccd9e-dee6-4aea-ad8c-51c3deb15d9f 200 19 ms - 1167
[HTTP] 
[HTTP] --> GET /wd/hub/session/4c1ccd9e-dee6-4aea-ad8c-51c3deb15d9f
[HTTP] {}
[HTTP] <-- GET /wd/hub/session/4c1ccd9e-dee6-4aea-ad8c-51c3deb15d9f 200 23 ms - 1167
[HTTP] 
[HTTP] --> GET /wd/hub/session/4c1ccd9e-dee6-4aea-ad8c-51c3deb15d9f/element/16210288-98f8-4491-b2b0-2dd19a82b338/location
[HTTP] {}
[W3C] Driver proxy active, passing request on via HTTP proxy
[JSONWP Proxy] Replacing sessionId b93a5def-ec3a-4be1-b7c5-0aa7712d5ea8 with 4c1ccd9e-dee6-4aea-ad8c-51c3deb15d9f
[HTTP] <-- GET /wd/hub/session/4c1ccd9e-dee6-4aea-ad8c-51c3deb15d9f/element/16210288-98f8-4491-b2b0-2dd19a82b338/location 200 40 ms - 89
[HTTP] 
[HTTP] --> POST /wd/hub/session/4c1ccd9e-dee6-4aea-ad8c-51c3deb15d9f/element/16210288-98f8-4491-b2b0-2dd19a82b338/clear
[HTTP] {"id":"16210288-98f8-4491-b2b0-2dd19a82b338"}
[HTTP] <-- POST /wd/hub/session/4c1ccd9e-dee6-4aea-ad8c-51c3deb15d9f/element/16210288-98f8-4491-b2b0-2dd19a82b338/clear 200 28 ms - 89
[HTTP] 
[HTTP] --> POST /wd/hub/session/4c1ccd9e-dee6-4aea-ad8c-51c3deb15d9f/element/16210288-98f8-4491-b2b0-2dd19a82b338/value
[HTTP] {"id":"16210288-98f8-4491-b2b0-2dd19a82b338","value":["8888"]}
[HTTP] <-- POST /wd/hub/session/4c1ccd9e-dee6-4aea-ad8c-51c3deb15d9f/element/16210288-98f8-4491-b2b0-2dd19a82b338/value 200 798 ms - 74
[HTTP] 
[HTTP] --> GET /wd/hub/session/4c1ccd9e-dee6-4aea-ad8c-51c3deb15d9f/window/current/size
[HTTP] {}
[W3C] Driver proxy active, passing request on via HTTP proxy
[JSONWP Proxy] Replacing sessionId b93a5def-ec3a-4be1-b7c5-0aa7712d5ea8 with 4c1ccd9e-dee6-4aea-ad8c-51c3deb15d9f
[HTTP] <-- GET /wd/hub/session/4c1ccd9e-dee6-4aea-ad8c-51c3deb15d9f/window/current/size 200 48 ms - 100
[HTTP] 
[HTTP] --> POST /wd/hub/session/4c1ccd9e-dee6-4aea-ad8c-51c3deb15d9f/elements
[HTTP] {"using":"-android uiautomator","value":"new UiSelector().className(\"android.widget.Button\").text(\"Verifikasi Sekarang\").resourceId(\"id.co.fundtastic.client:id/btnVerified\").instance(0)"}
[HTTP] <-- POST /wd/hub/session/4c1ccd9e-dee6-4aea-ad8c-51c3deb15d9f/elements 200 878 ms - 124
[HTTP] 
[HTTP] --> GET /wd/hub/session/4c1ccd9e-dee6-4aea-ad8c-51c3deb15d9f
[HTTP] {}
[HTTP] <-- GET /wd/hub/session/4c1ccd9e-dee6-4aea-ad8c-51c3deb15d9f 200 12 ms - 1167
[HTTP] 
[HTTP] --> GET /wd/hub/session/4c1ccd9e-dee6-4aea-ad8c-51c3deb15d9f
[HTTP] {}
[HTTP] <-- GET /wd/hub/session/4c1ccd9e-dee6-4aea-ad8c-51c3deb15d9f 200 11 ms - 1167
[HTTP] 
[HTTP] --> GET /wd/hub/session/4c1ccd9e-dee6-4aea-ad8c-51c3deb15d9f
[HTTP] {}
[HTTP] <-- GET /wd/hub/session/4c1ccd9e-dee6-4aea-ad8c-51c3deb15d9f 200 16 ms - 1167
[HTTP] 
[HTTP] --> GET /wd/hub/session/4c1ccd9e-dee6-4aea-ad8c-51c3deb15d9f
[HTTP] {}
[HTTP] <-- GET /wd/hub/session/4c1ccd9e-dee6-4aea-ad8c-51c3deb15d9f 200 19 ms - 1167
[HTTP] 
[HTTP] --> GET /wd/hub/session/4c1ccd9e-dee6-4aea-ad8c-51c3deb15d9f/element/de2c533b-15f2-4a85-a521-d16a1582e4cd/location
[HTTP] {}
[W3C] Driver proxy active, passing request on via HTTP proxy
[JSONWP Proxy] Replacing sessionId b93a5def-ec3a-4be1-b7c5-0aa7712d5ea8 with 4c1ccd9e-dee6-4aea-ad8c-51c3deb15d9f
[HTTP] <-- GET /wd/hub/session/4c1ccd9e-dee6-4aea-ad8c-51c3deb15d9f/element/de2c533b-15f2-4a85-a521-d16a1582e4cd/location 200 17 ms - 88
[HTTP] 
[HTTP] --> POST /wd/hub/session/4c1ccd9e-dee6-4aea-ad8c-51c3deb15d9f/touch/perform
[HTTP] {"actions":[{"action":"tap","options":{"element":"de2c533b-15f2-4a85-a521-d16a1582e4cd","x":1,"y":1}}]}
[UiAutomator2] calling get location: de2c533b-15f2-4a85-a521-d16a1582e4cd
[HTTP] <-- POST /wd/hub/session/4c1ccd9e-dee6-4aea-ad8c-51c3deb15d9f/touch/perform 200 938 ms - 76
[HTTP] 
[HTTP] --> GET /wd/hub/session/4c1ccd9e-dee6-4aea-ad8c-51c3deb15d9f/window/current/size
[HTTP] {}
[W3C] Driver proxy active, passing request on via HTTP proxy
[JSONWP Proxy] Replacing sessionId b93a5def-ec3a-4be1-b7c5-0aa7712d5ea8 with 4c1ccd9e-dee6-4aea-ad8c-51c3deb15d9f
[HTTP] <-- GET /wd/hub/session/4c1ccd9e-dee6-4aea-ad8c-51c3deb15d9f/window/current/size 200 110 ms - 100
[HTTP] 
[HTTP] --> POST /wd/hub/session/4c1ccd9e-dee6-4aea-ad8c-51c3deb15d9f/elements
[HTTP] {"using":"-android uiautomator","value":"new UiSelector().className(\"android.widget.TextView\").text(\"Portofolio\").resourceId(\"id.co.fundtastic.client:id/smallLabel\").instance(11)"}
[HTTP] <-- POST /wd/hub/session/4c1ccd9e-dee6-4aea-ad8c-51c3deb15d9f/elements 200 471 ms - 124
[HTTP] 
[HTTP] --> GET /wd/hub/session/4c1ccd9e-dee6-4aea-ad8c-51c3deb15d9f
[HTTP] {}
[HTTP] <-- GET /wd/hub/session/4c1ccd9e-dee6-4aea-ad8c-51c3deb15d9f 200 13 ms - 1167
[HTTP] 
[HTTP] --> GET /wd/hub/session/4c1ccd9e-dee6-4aea-ad8c-51c3deb15d9f
[HTTP] {}
[HTTP] <-- GET /wd/hub/session/4c1ccd9e-dee6-4aea-ad8c-51c3deb15d9f 200 11 ms - 1167
[HTTP] 
[HTTP] --> GET /wd/hub/session/4c1ccd9e-dee6-4aea-ad8c-51c3deb15d9f
[HTTP] {}
[HTTP] <-- GET /wd/hub/session/4c1ccd9e-dee6-4aea-ad8c-51c3deb15d9f 200 11 ms - 1167
[HTTP] 
[HTTP] --> GET /wd/hub/session/4c1ccd9e-dee6-4aea-ad8c-51c3deb15d9f
[HTTP] {}
[HTTP] <-- GET /wd/hub/session/4c1ccd9e-dee6-4aea-ad8c-51c3deb15d9f 200 12 ms - 1167
[HTTP] 
[HTTP] --> GET /wd/hub/session/4c1ccd9e-dee6-4aea-ad8c-51c3deb15d9f/element/03c929a7-fa95-4494-ba80-02e43621884c/location
[HTTP] {}
[W3C] Driver proxy active, passing request on via HTTP proxy
[JSONWP Proxy] Replacing sessionId b93a5def-ec3a-4be1-b7c5-0aa7712d5ea8 with 4c1ccd9e-dee6-4aea-ad8c-51c3deb15d9f
[HTTP] <-- GET /wd/hub/session/4c1ccd9e-dee6-4aea-ad8c-51c3deb15d9f/element/03c929a7-fa95-4494-ba80-02e43621884c/location 200 19 ms - 90
[HTTP] 
[HTTP] --> POST /wd/hub/session/4c1ccd9e-dee6-4aea-ad8c-51c3deb15d9f/touch/perform
[HTTP] {"actions":[{"action":"tap","options":{"element":"03c929a7-fa95-4494-ba80-02e43621884c","x":1,"y":1}}]}
[UiAutomator2] calling get location: 03c929a7-fa95-4494-ba80-02e43621884c
[HTTP] <-- POST /wd/hub/session/4c1ccd9e-dee6-4aea-ad8c-51c3deb15d9f/touch/perform 200 1526 ms - 76
[HTTP] 
[HTTP] --> GET /wd/hub/session/4c1ccd9e-dee6-4aea-ad8c-51c3deb15d9f/window/current/size
[HTTP] {}
[W3C] Driver proxy active, passing request on via HTTP proxy
[JSONWP Proxy] Replacing sessionId b93a5def-ec3a-4be1-b7c5-0aa7712d5ea8 with 4c1ccd9e-dee6-4aea-ad8c-51c3deb15d9f
[HTTP] <-- GET /wd/hub/session/4c1ccd9e-dee6-4aea-ad8c-51c3deb15d9f/window/current/size 200 58 ms - 100
[HTTP] 
[HTTP] --> POST /wd/hub/session/4c1ccd9e-dee6-4aea-ad8c-51c3deb15d9f/elements
[HTTP] {"using":"-android uiautomator","value":"new UiSelector().className(\"android.widget.FrameLayout\").instance(6)"}
[HTTP] <-- POST /wd/hub/session/4c1ccd9e-dee6-4aea-ad8c-51c3deb15d9f/elements 200 183 ms - 124
[HTTP] 
[HTTP] --> GET /wd/hub/session/4c1ccd9e-dee6-4aea-ad8c-51c3deb15d9f
[HTTP] {}
[HTTP] <-- GET /wd/hub/session/4c1ccd9e-dee6-4aea-ad8c-51c3deb15d9f 200 53 ms - 1167
[HTTP] 
[HTTP] --> GET /wd/hub/session/4c1ccd9e-dee6-4aea-ad8c-51c3deb15d9f
[HTTP] {}
[HTTP] <-- GET /wd/hub/session/4c1ccd9e-dee6-4aea-ad8c-51c3deb15d9f 200 38 ms - 1167
[HTTP] 
[HTTP] --> GET /wd/hub/session/4c1ccd9e-dee6-4aea-ad8c-51c3deb15d9f
[HTTP] {}
[HTTP] <-- GET /wd/hub/session/4c1ccd9e-dee6-4aea-ad8c-51c3deb15d9f 200 29 ms - 1167
[HTTP] 
[HTTP] --> GET /wd/hub/session/4c1ccd9e-dee6-4aea-ad8c-51c3deb15d9f
[HTTP] {}
[HTTP] <-- GET /wd/hub/session/4c1ccd9e-dee6-4aea-ad8c-51c3deb15d9f 200 38 ms - 1167
[HTTP] 
[HTTP] --> GET /wd/hub/session/4c1ccd9e-dee6-4aea-ad8c-51c3deb15d9f/element/6aba6b00-af03-43bd-a17d-219fb5490ad3/location
[HTTP] {}
[W3C] Driver proxy active, passing request on via HTTP proxy
[JSONWP Proxy] Replacing sessionId b93a5def-ec3a-4be1-b7c5-0aa7712d5ea8 with 4c1ccd9e-dee6-4aea-ad8c-51c3deb15d9f
[HTTP] <-- GET /wd/hub/session/4c1ccd9e-dee6-4aea-ad8c-51c3deb15d9f/element/6aba6b00-af03-43bd-a17d-219fb5490ad3/location 200 46 ms - 87
[HTTP] 
[HTTP] --> POST /wd/hub/session/4c1ccd9e-dee6-4aea-ad8c-51c3deb15d9f/touch/perform
[HTTP] {"actions":[{"action":"tap","options":{"element":"6aba6b00-af03-43bd-a17d-219fb5490ad3","x":1,"y":1}}]}
[UiAutomator2] calling get location: 6aba6b00-af03-43bd-a17d-219fb5490ad3
[HTTP] <-- POST /wd/hub/session/4c1ccd9e-dee6-4aea-ad8c-51c3deb15d9f/touch/perform 200 1045 ms - 76
[HTTP] 
[HTTP] --> GET /wd/hub/session/4c1ccd9e-dee6-4aea-ad8c-51c3deb15d9f/window/current/size
[HTTP] {}
[W3C] Driver proxy active, passing request on via HTTP proxy
[JSONWP Proxy] Replacing sessionId b93a5def-ec3a-4be1-b7c5-0aa7712d5ea8 with 4c1ccd9e-dee6-4aea-ad8c-51c3deb15d9f
[HTTP] <-- GET /wd/hub/session/4c1ccd9e-dee6-4aea-ad8c-51c3deb15d9f/window/current/size 200 19 ms - 100
[HTTP] 
[HTTP] --> POST /wd/hub/session/4c1ccd9e-dee6-4aea-ad8c-51c3deb15d9f/elements
[HTTP] {"using":"-android uiautomator","value":"new UiSelector().className(\"android.widget.TextView\").text(\"TOP UP\").resourceId(\"id.co.fundtastic.client:id/topUp\").instance(10)"}
[HTTP] <-- POST /wd/hub/session/4c1ccd9e-dee6-4aea-ad8c-51c3deb15d9f/elements 200 95 ms - 124
[HTTP] 
[HTTP] --> GET /wd/hub/session/4c1ccd9e-dee6-4aea-ad8c-51c3deb15d9f
[HTTP] {}
[HTTP] <-- GET /wd/hub/session/4c1ccd9e-dee6-4aea-ad8c-51c3deb15d9f 200 17 ms - 1167
[HTTP] 
[HTTP] --> GET /wd/hub/session/4c1ccd9e-dee6-4aea-ad8c-51c3deb15d9f
[HTTP] {}
[HTTP] <-- GET /wd/hub/session/4c1ccd9e-dee6-4aea-ad8c-51c3deb15d9f 200 32 ms - 1167
[HTTP] 
[HTTP] --> GET /wd/hub/session/4c1ccd9e-dee6-4aea-ad8c-51c3deb15d9f
[HTTP] {}
[HTTP] <-- GET /wd/hub/session/4c1ccd9e-dee6-4aea-ad8c-51c3deb15d9f 200 19 ms - 1167
[HTTP] 
[HTTP] --> GET /wd/hub/session/4c1ccd9e-dee6-4aea-ad8c-51c3deb15d9f
[HTTP] {}
[HTTP] <-- GET /wd/hub/session/4c1ccd9e-dee6-4aea-ad8c-51c3deb15d9f 200 15 ms - 1167
[HTTP] 
[HTTP] --> GET /wd/hub/session/4c1ccd9e-dee6-4aea-ad8c-51c3deb15d9f/element/ec18d93e-7095-4a7d-bff4-cd1e2c565819/location
[HTTP] {}
[W3C] Driver proxy active, passing request on via HTTP proxy
[JSONWP Proxy] Replacing sessionId b93a5def-ec3a-4be1-b7c5-0aa7712d5ea8 with 4c1ccd9e-dee6-4aea-ad8c-51c3deb15d9f
[HTTP] <-- GET /wd/hub/session/4c1ccd9e-dee6-4aea-ad8c-51c3deb15d9f/element/ec18d93e-7095-4a7d-bff4-cd1e2c565819/location 200 19 ms - 90
[HTTP] 
[HTTP] --> POST /wd/hub/session/4c1ccd9e-dee6-4aea-ad8c-51c3deb15d9f/touch/perform
[HTTP] {"actions":[{"action":"tap","options":{"element":"ec18d93e-7095-4a7d-bff4-cd1e2c565819","x":1,"y":1}}]}
[UiAutomator2] calling get location: ec18d93e-7095-4a7d-bff4-cd1e2c565819
[HTTP] <-- POST /wd/hub/session/4c1ccd9e-dee6-4aea-ad8c-51c3deb15d9f/touch/perform 200 3152 ms - 76
[HTTP] 
[HTTP] --> GET /wd/hub/session/4c1ccd9e-dee6-4aea-ad8c-51c3deb15d9f/window/current/size
[HTTP] {}
[W3C] Driver proxy active, passing request on via HTTP proxy
[JSONWP Proxy] Replacing sessionId b93a5def-ec3a-4be1-b7c5-0aa7712d5ea8 with 4c1ccd9e-dee6-4aea-ad8c-51c3deb15d9f
[HTTP] <-- GET /wd/hub/session/4c1ccd9e-dee6-4aea-ad8c-51c3deb15d9f/window/current/size 200 25 ms - 100
[HTTP] 
[HTTP] --> POST /wd/hub/session/4c1ccd9e-dee6-4aea-ad8c-51c3deb15d9f/elements
[HTTP] {"using":"-android uiautomator","value":"new UiSelector().className(\"android.widget.CheckBox\").text(\"Saya telah memahami dan menyetujui isi dari Ketentuan, Prospektus dan Fund Sheet produk ini\").resourceId(\"id.co.fundtastic.client:id/tncCheck\").instance(0)"}
[HTTP] <-- POST /wd/hub/session/4c1ccd9e-dee6-4aea-ad8c-51c3deb15d9f/elements 200 36 ms - 124
[HTTP] 
[HTTP] --> GET /wd/hub/session/4c1ccd9e-dee6-4aea-ad8c-51c3deb15d9f
[HTTP] {}
[HTTP] <-- GET /wd/hub/session/4c1ccd9e-dee6-4aea-ad8c-51c3deb15d9f 200 18 ms - 1167
[HTTP] 
[HTTP] --> GET /wd/hub/session/4c1ccd9e-dee6-4aea-ad8c-51c3deb15d9f
[HTTP] {}
[HTTP] <-- GET /wd/hub/session/4c1ccd9e-dee6-4aea-ad8c-51c3deb15d9f 200 20 ms - 1167
[HTTP] 
[HTTP] --> GET /wd/hub/session/4c1ccd9e-dee6-4aea-ad8c-51c3deb15d9f
[HTTP] {}
[HTTP] <-- GET /wd/hub/session/4c1ccd9e-dee6-4aea-ad8c-51c3deb15d9f 200 17 ms - 1167
[HTTP] 
[HTTP] --> GET /wd/hub/session/4c1ccd9e-dee6-4aea-ad8c-51c3deb15d9f
[HTTP] {}
[HTTP] <-- GET /wd/hub/session/4c1ccd9e-dee6-4aea-ad8c-51c3deb15d9f 200 19 ms - 1167
[HTTP] 
[HTTP] --> GET /wd/hub/session/4c1ccd9e-dee6-4aea-ad8c-51c3deb15d9f/element/cc65917a-3c4d-4392-a822-f3b4ca6d3849/location
[HTTP] {}
[W3C] Driver proxy active, passing request on via HTTP proxy
[JSONWP Proxy] Replacing sessionId b93a5def-ec3a-4be1-b7c5-0aa7712d5ea8 with 4c1ccd9e-dee6-4aea-ad8c-51c3deb15d9f
[HTTP] <-- GET /wd/hub/session/4c1ccd9e-dee6-4aea-ad8c-51c3deb15d9f/element/cc65917a-3c4d-4392-a822-f3b4ca6d3849/location 200 20 ms - 88
[HTTP] 
[HTTP] --> POST /wd/hub/session/4c1ccd9e-dee6-4aea-ad8c-51c3deb15d9f/touch/perform
[HTTP] {"actions":[{"action":"tap","options":{"element":"cc65917a-3c4d-4392-a822-f3b4ca6d3849","x":1,"y":1}}]}
[UiAutomator2] calling get location: cc65917a-3c4d-4392-a822-f3b4ca6d3849
[HTTP] <-- POST /wd/hub/session/4c1ccd9e-dee6-4aea-ad8c-51c3deb15d9f/touch/perform 200 679 ms - 76
[HTTP] 
[HTTP] --> DELETE /wd/hub/session/4c1ccd9e-dee6-4aea-ad8c-51c3deb15d9f
[HTTP] {}
[Appium] Removing session 4c1ccd9e-dee6-4aea-ad8c-51c3deb15d9f from our master session list
[ADB] id.co.fundtastic.client was successfully uninstalled
[HTTP] <-- DELETE /wd/hub/session/4c1ccd9e-dee6-4aea-ad8c-51c3deb15d9f 200 1778 ms - 76
[HTTP] 
